

================================================================
== Vivado HLS Report for 'jedi'
================================================================
* Date:           Sun Jul 18 14:03:45 2021

* Version:        2019.2 (Build 2704478 on Wed Nov 06 22:10:23 MST 2019)
* Project:        myproject_prj
* Solution:       solution1
* Product family: virtexuplus
* Target device:  xcu250-figd2104-2L-e


================================================================
== Performance Estimates
================================================================
+ Timing: 
    * Summary: 
    +--------+---------+----------+------------+
    |  Clock |  Target | Estimated| Uncertainty|
    +--------+---------+----------+------------+
    |ap_clk  | 5.00 ns | 5.845 ns |   0.62 ns  |
    +--------+---------+----------+------------+

+ Latency: 
    * Summary: 
    +---------+---------+-----------+-----------+---------+---------+---------+
    |  Latency (cycles) |   Latency (absolute)  |      Interval     | Pipeline|
    |   min   |   max   |    min    |    max    |   min   |   max   |   Type  |
    +---------+---------+-----------+-----------+---------+---------+---------+
    |  7966730|  7966730| 46.566 ms | 46.566 ms |  7966730|  7966730|   none  |
    +---------+---------+-----------+-----------+---------+---------+---------+

    + Detail: 
        * Instance: 
        +-----------------------------------------------------+-------------------------------------------+---------+---------+-----------+-----------+---------+---------+---------+
        |                                                     |                                           |  Latency (cycles) |   Latency (absolute)  |      Interval     | Pipeline|
        |                       Instance                      |                   Module                  |   min   |   max   |    min    |    max    |   min   |   max   |   Type  |
        +-----------------------------------------------------+-------------------------------------------+---------+---------+-----------+-----------+---------+---------+---------+
        |grp_jedi_dnn1_float_float_dense1_config_s_fu_48      |jedi_dnn1_float_float_dense1_config_s      |   338431|   338431|  1.978 ms |  1.978 ms |   338431|   338431|   none  |
        |grp_jedi_multiply_float_float_mult_1_struct_s_fu_60  |jedi_multiply_float_float_mult_1_struct_s  |  3786273|  3786273| 22.131 ms | 22.131 ms |  3786273|  3786273|   none  |
        |grp_jedi_multiply_float_float_mult_2_struct_s_fu_70  |jedi_multiply_float_float_mult_2_struct_s  |  3786273|  3786273| 22.131 ms | 22.131 ms |  3786273|  3786273|   none  |
        |grp_jedi_concat_float_float_concat_1_struct_s_fu_79  |jedi_concat_float_float_concat_1_struct_s  |    55746|    55746|  0.326 ms |  0.326 ms |    55746|    55746|   none  |
        +-----------------------------------------------------+-------------------------------------------+---------+---------+-----------+-----------+---------+---------+---------+

        * Loop: 
        N/A



================================================================
== Utilization Estimates
================================================================
* Summary: 
+---------------------+---------+-------+---------+---------+------+
|         Name        | BRAM_18K| DSP48E|    FF   |   LUT   | URAM |
+---------------------+---------+-------+---------+---------+------+
|DSP                  |        -|      -|        -|        -|     -|
|Expression           |        -|      -|        -|        -|     -|
|FIFO                 |        -|      -|        -|        -|     -|
|Instance             |       36|   1803|   225131|   152591|     0|
|Memory               |      117|      -|        0|        0|     0|
|Multiplexer          |        -|      -|        -|      191|     -|
|Register             |        -|      -|       12|        -|     -|
+---------------------+---------+-------+---------+---------+------+
|Total                |      153|   1803|   225143|   152782|     0|
+---------------------+---------+-------+---------+---------+------+
|Available SLR        |     1344|   3072|   864000|   432000|   320|
+---------------------+---------+-------+---------+---------+------+
|Utilization SLR (%)  |       11|     58|       26|       35|     0|
+---------------------+---------+-------+---------+---------+------+
|Available            |     5376|  12288|  3456000|  1728000|  1280|
+---------------------+---------+-------+---------+---------+------+
|Utilization (%)      |        2|     14|        6|        8|     0|
+---------------------+---------+-------+---------+---------+------+

+ Detail: 
    * Instance: 
    +-----------------------------------------------------+-------------------------------------------+---------+-------+--------+--------+-----+
    |                       Instance                      |                   Module                  | BRAM_18K| DSP48E|   FF   |   LUT  | URAM|
    +-----------------------------------------------------+-------------------------------------------+---------+-------+--------+--------+-----+
    |grp_jedi_concat_float_float_concat_1_struct_s_fu_79  |jedi_concat_float_float_concat_1_struct_s  |        0|      1|     167|     282|    0|
    |grp_jedi_dnn1_float_float_dense1_config_s_fu_48      |jedi_dnn1_float_float_dense1_config_s      |       36|   1792|  223702|  151211|    0|
    |grp_jedi_multiply_float_float_mult_1_struct_s_fu_60  |jedi_multiply_float_float_mult_1_struct_s  |        0|      5|     631|     549|    0|
    |grp_jedi_multiply_float_float_mult_2_struct_s_fu_70  |jedi_multiply_float_float_mult_2_struct_s  |        0|      5|     631|     549|    0|
    +-----------------------------------------------------+-------------------------------------------+---------+-------+--------+--------+-----+
    |Total                                                |                                           |       36|   1803|  225131|  152591|    0|
    +-----------------------------------------------------+-------------------------------------------+---------+-------+--------+--------+-----+

    * DSP48E: 
    N/A

    * Memory: 
    +---------+------------+---------+---+----+-----+-------+-----+------+-------------+
    |  Memory |   Module   | BRAM_18K| FF| LUT| URAM| Words | Bits| Banks| W*Bits*Banks|
    +---------+------------+---------+---+----+-----+-------+-----+------+-------------+
    |B_U      |jedi_B      |       51|  0|   0|    0|  27840|   32|     1|       890880|
    |B_top_U  |jedi_B_top  |       26|  0|   0|    0|  13920|   32|     1|       445440|
    |B_bot_U  |jedi_B_top  |       26|  0|   0|    0|  13920|   32|     1|       445440|
    |E_U      |jedi_E      |       14|  0|   0|    0|   6960|   32|     1|       222720|
    +---------+------------+---------+---+----+-----+-------+-----+------+-------------+
    |Total    |            |      117|  0|   0|    0|  62640|  128|     4|      2004480|
    +---------+------------+---------+---+----+-----+-------+-----+------+-------------+

    * FIFO: 
    N/A

    * Expression: 
    N/A

    * Multiplexer: 
    +----------------+----+-----------+-----+-----------+
    |      Name      | LUT| Input Size| Bits| Total Bits|
    +----------------+----+-----------+-----+-----------+
    |B_address0      |  15|          3|   15|         45|
    |B_bot_address0  |  15|          3|   14|         42|
    |B_bot_ce0       |  15|          3|    1|          3|
    |B_bot_we0       |   9|          2|    1|          2|
    |B_ce0           |  15|          3|    1|          3|
    |B_top_address0  |  15|          3|   14|         42|
    |B_top_ce0       |  15|          3|    1|          3|
    |B_top_we0       |   9|          2|    1|          2|
    |B_we0           |   9|          2|    1|          2|
    |I_address0      |  15|          3|   10|         30|
    |I_ce0           |  15|          3|    1|          3|
    |ap_NS_fsm       |  44|          9|    1|          9|
    +----------------+----+-----------+-----+-----------+
    |Total           | 191|         39|   61|        186|
    +----------------+----+-----------+-----+-----------+

    * Register: 
    +------------------------------------------------------------------+---+----+-----+-----------+
    |                               Name                               | FF| LUT| Bits| Const Bits|
    +------------------------------------------------------------------+---+----+-----+-----------+
    |ap_CS_fsm                                                         |  8|   0|    8|          0|
    |grp_jedi_concat_float_float_concat_1_struct_s_fu_79_ap_start_reg  |  1|   0|    1|          0|
    |grp_jedi_dnn1_float_float_dense1_config_s_fu_48_ap_start_reg      |  1|   0|    1|          0|
    |grp_jedi_multiply_float_float_mult_1_struct_s_fu_60_ap_start_reg  |  1|   0|    1|          0|
    |grp_jedi_multiply_float_float_mult_2_struct_s_fu_70_ap_start_reg  |  1|   0|    1|          0|
    +------------------------------------------------------------------+---+----+-----+-----------+
    |Total                                                             | 12|   0|   12|          0|
    +------------------------------------------------------------------+---+----+-----+-----------+



================================================================
== Interface
================================================================
* Summary: 
+-----------------+-----+-----+------------+--------------+--------------+
|    RTL Ports    | Dir | Bits|  Protocol  | Source Object|    C Type    |
+-----------------+-----+-----+------------+--------------+--------------+
|ap_clk           |  in |    1| ap_ctrl_hs |     jedi     | return value |
|ap_rst           |  in |    1| ap_ctrl_hs |     jedi     | return value |
|ap_start         |  in |    1| ap_ctrl_hs |     jedi     | return value |
|ap_done          | out |    1| ap_ctrl_hs |     jedi     | return value |
|ap_idle          | out |    1| ap_ctrl_hs |     jedi     | return value |
|ap_ready         | out |    1| ap_ctrl_hs |     jedi     | return value |
|I_address0       | out |   10|  ap_memory |       I      |     array    |
|I_ce0            | out |    1|  ap_memory |       I      |     array    |
|I_q0             |  in |   32|  ap_memory |       I      |     array    |
|Rr_address0      | out |   15|  ap_memory |      Rr      |     array    |
|Rr_ce0           | out |    1|  ap_memory |      Rr      |     array    |
|Rr_q0            |  in |   32|  ap_memory |      Rr      |     array    |
|Rr_T_address0    | out |   15|  ap_memory |     Rr_T     |     array    |
|Rr_T_ce0         | out |    1|  ap_memory |     Rr_T     |     array    |
|Rr_T_we0         | out |    1|  ap_memory |     Rr_T     |     array    |
|Rr_T_d0          | out |   32|  ap_memory |     Rr_T     |     array    |
|Rr_T_q0          |  in |   32|  ap_memory |     Rr_T     |     array    |
|Rr_T_address1    | out |   15|  ap_memory |     Rr_T     |     array    |
|Rr_T_ce1         | out |    1|  ap_memory |     Rr_T     |     array    |
|Rr_T_we1         | out |    1|  ap_memory |     Rr_T     |     array    |
|Rr_T_d1          | out |   32|  ap_memory |     Rr_T     |     array    |
|Rr_T_q1          |  in |   32|  ap_memory |     Rr_T     |     array    |
|Rs_address0      | out |   15|  ap_memory |      Rs      |     array    |
|Rs_ce0           | out |    1|  ap_memory |      Rs      |     array    |
|Rs_q0            |  in |   32|  ap_memory |      Rs      |     array    |
|result_address0  | out |    3|  ap_memory |    result    |     array    |
|result_ce0       | out |    1|  ap_memory |    result    |     array    |
|result_we0       | out |    1|  ap_memory |    result    |     array    |
|result_d0        | out |   32|  ap_memory |    result    |     array    |
|result_q0        |  in |   32|  ap_memory |    result    |     array    |
|result_address1  | out |    3|  ap_memory |    result    |     array    |
|result_ce1       | out |    1|  ap_memory |    result    |     array    |
|result_we1       | out |    1|  ap_memory |    result    |     array    |
|result_d1        | out |   32|  ap_memory |    result    |     array    |
|result_q1        |  in |   32|  ap_memory |    result    |     array    |
+-----------------+-----+-----+------------+--------------+--------------+

============================================================
+ Verbose Summary: Synthesis Manager
============================================================
InlineROM: 1
ExposeGlobal: 0
============================================================
+ Verbose Summary: CDFG Model
============================================================
IsTopModel: 1
ResetActiveHigh: 1
IsCombinational: 2
IsDatapathOnly: 2
HasWiredReturn: 1
HasMFsm: 0
HasVarLatency: 1
IsPipeline: 0
IsRtlPipelined: 0
IsInstanceOverlapped: 0
IsDontTouch: 0
HasImplIP: 0
IsGatedGlobalClock: 0


============================================================
+ Verbose Summary: Schedule
============================================================
* Number of FSM states : 8
* Pipeline : 0
* Dataflow Pipeline: 0

* FSM state transitions: 
1 --> 2 
2 --> 3 
3 --> 4 
4 --> 5 
5 --> 6 
6 --> 7 
7 --> 8 
8 --> 

* FSM state operations: 

State 1 <SV = 0> <Delay = 1.15>
ST_1 : Operation 9 [1/1] (1.15ns)   --->   "%B_top = alloca [13920 x float], align 4" [../../nnet_utils/nnet_jedi.h:262->../jedi.cpp:58]   --->   Operation 9 'alloca' 'B_top' <Predicate = true> <Delay = 1.15>
ST_1 : Operation 10 [1/1] (1.15ns)   --->   "%B_bot = alloca [13920 x float], align 4" [../../nnet_utils/nnet_jedi.h:263->../jedi.cpp:58]   --->   Operation 10 'alloca' 'B_bot' <Predicate = true> <Delay = 1.15>
ST_1 : Operation 11 [1/1] (1.15ns)   --->   "%B = alloca [27840 x float], align 4" [../jedi.cpp:57]   --->   Operation 11 'alloca' 'B' <Predicate = true> <Delay = 1.15>
ST_1 : Operation 12 [1/1] (1.15ns)   --->   "%E = alloca [6960 x float], align 4"   --->   Operation 12 'alloca' 'E' <Predicate = true> <Delay = 1.15>
ST_1 : Operation 13 [2/2] (0.00ns)   --->   "call fastcc void @"jedi_multiply<float, float, mult_1_struct>"([900 x float]* %I, [26100 x float]* %Rr, [13920 x float]* %B_top) nounwind" [../../nnet_utils/nnet_jedi.h:269->../jedi.cpp:58]   --->   Operation 13 'call' <Predicate = true> <Delay = 0.00> <CoreType = "Generic">   --->   Core 0 '' <Latency = 0> <II = 1> <Delay = 1.00> <Generic> <Opcode : >

State 2 <SV = 1> <Delay = 0.00>
ST_2 : Operation 14 [1/2] (0.00ns)   --->   "call fastcc void @"jedi_multiply<float, float, mult_1_struct>"([900 x float]* %I, [26100 x float]* %Rr, [13920 x float]* %B_top) nounwind" [../../nnet_utils/nnet_jedi.h:269->../jedi.cpp:58]   --->   Operation 14 'call' <Predicate = true> <Delay = 0.00> <CoreType = "Generic">   --->   Core 0 '' <Latency = 0> <II = 1> <Delay = 1.00> <Generic> <Opcode : >

State 3 <SV = 2> <Delay = 0.00>
ST_3 : Operation 15 [2/2] (0.00ns)   --->   "call fastcc void @"jedi_multiply<float, float, mult_2_struct>"([900 x float]* %I, [26100 x float]* %Rs, [13920 x float]* %B_bot) nounwind" [../../nnet_utils/nnet_jedi.h:270->../jedi.cpp:58]   --->   Operation 15 'call' <Predicate = true> <Delay = 0.00> <CoreType = "Generic">   --->   Core 0 '' <Latency = 0> <II = 1> <Delay = 1.00> <Generic> <Opcode : >

State 4 <SV = 3> <Delay = 0.00>
ST_4 : Operation 16 [1/2] (0.00ns)   --->   "call fastcc void @"jedi_multiply<float, float, mult_2_struct>"([900 x float]* %I, [26100 x float]* %Rs, [13920 x float]* %B_bot) nounwind" [../../nnet_utils/nnet_jedi.h:270->../jedi.cpp:58]   --->   Operation 16 'call' <Predicate = true> <Delay = 0.00> <CoreType = "Generic">   --->   Core 0 '' <Latency = 0> <II = 1> <Delay = 1.00> <Generic> <Opcode : >

State 5 <SV = 4> <Delay = 0.00>
ST_5 : Operation 17 [2/2] (0.00ns)   --->   "call fastcc void @"jedi_concat<float, float, concat_1_struct>"([13920 x float]* %B_top, [13920 x float]* %B_bot, [27840 x float]* %B) nounwind" [../../nnet_utils/nnet_jedi.h:271->../jedi.cpp:58]   --->   Operation 17 'call' <Predicate = true> <Delay = 0.00> <CoreType = "Generic">   --->   Core 0 '' <Latency = 0> <II = 1> <Delay = 1.00> <Generic> <Opcode : >

State 6 <SV = 5> <Delay = 0.00>
ST_6 : Operation 18 [1/2] (0.00ns)   --->   "call fastcc void @"jedi_concat<float, float, concat_1_struct>"([13920 x float]* %B_top, [13920 x float]* %B_bot, [27840 x float]* %B) nounwind" [../../nnet_utils/nnet_jedi.h:271->../jedi.cpp:58]   --->   Operation 18 'call' <Predicate = true> <Delay = 0.00> <CoreType = "Generic">   --->   Core 0 '' <Latency = 0> <II = 1> <Delay = 1.00> <Generic> <Opcode : >

State 7 <SV = 6> <Delay = 0.00>
ST_7 : Operation 19 [2/2] (0.00ns)   --->   "call fastcc void @"jedi_dnn1<float, float, dense1_config>"([27840 x float]* %B, [6960 x float]* %E) nounwind" [../jedi.cpp:62]   --->   Operation 19 'call' <Predicate = true> <Delay = 0.00> <CoreType = "Generic">   --->   Core 0 '' <Latency = 0> <II = 1> <Delay = 1.00> <Generic> <Opcode : >

State 8 <SV = 7> <Delay = 0.00>
ST_8 : Operation 20 [1/1] (0.00ns)   --->   "call void (...)* @_ssdm_op_SpecBitsMap([900 x float]* %I) nounwind, !map !158"   --->   Operation 20 'specbitsmap' <Predicate = true> <Delay = 0.00>
ST_8 : Operation 21 [1/1] (0.00ns)   --->   "call void (...)* @_ssdm_op_SpecBitsMap([26100 x float]* %Rr) nounwind, !map !164"   --->   Operation 21 'specbitsmap' <Predicate = true> <Delay = 0.00>
ST_8 : Operation 22 [1/1] (0.00ns)   --->   "call void (...)* @_ssdm_op_SpecBitsMap([26100 x float]* %Rr_T) nounwind, !map !170"   --->   Operation 22 'specbitsmap' <Predicate = true> <Delay = 0.00>
ST_8 : Operation 23 [1/1] (0.00ns)   --->   "call void (...)* @_ssdm_op_SpecBitsMap([26100 x float]* %Rs) nounwind, !map !175"   --->   Operation 23 'specbitsmap' <Predicate = true> <Delay = 0.00>
ST_8 : Operation 24 [1/1] (0.00ns)   --->   "call void (...)* @_ssdm_op_SpecBitsMap([5 x float]* %result) nounwind, !map !179"   --->   Operation 24 'specbitsmap' <Predicate = true> <Delay = 0.00>
ST_8 : Operation 25 [1/1] (0.00ns)   --->   "call void (...)* @_ssdm_op_SpecTopModule([5 x i8]* @jedi_str) nounwind"   --->   Operation 25 'spectopmodule' <Predicate = true> <Delay = 0.00>
ST_8 : Operation 26 [1/2] (0.00ns)   --->   "call fastcc void @"jedi_dnn1<float, float, dense1_config>"([27840 x float]* %B, [6960 x float]* %E) nounwind" [../jedi.cpp:62]   --->   Operation 26 'call' <Predicate = true> <Delay = 0.00> <CoreType = "Generic">   --->   Core 0 '' <Latency = 0> <II = 1> <Delay = 1.00> <Generic> <Opcode : >
ST_8 : Operation 27 [1/1] (0.00ns)   --->   "ret void" [../jedi.cpp:73]   --->   Operation 27 'ret' <Predicate = true> <Delay = 0.00>


============================================================
+ Verbose Summary: Binding
============================================================
STG Binding: 
---------------- STG Properties BEGIN ----------------
- Is combinational: 0
- Is one-state seq: 0
- Is datapath-only: 0
- Is pipelined: 0
- Is top level: 1
Port [ Return ] is wired: 1; IO mode=ap_ctrl_hs:ce=0
Port [ I]:  wired=1; compound=1; hidden=0; nouse=0; global=0; static=0; extern=0; dir=0; type=1; pingpong=0; private_global=0; MemPort=[13]; IO mode=ap_memory:ce=0
Port [ Rr]:  wired=1; compound=1; hidden=0; nouse=0; global=0; static=0; extern=0; dir=0; type=1; pingpong=0; private_global=0; MemPort=[13]; IO mode=ap_memory:ce=0
Port [ Rr_T]:  wired=1; compound=1; hidden=0; nouse=1; global=0; static=0; extern=0; dir=3; type=1; pingpong=0; private_global=0; MemPort=[]; IO mode=ap_memory:ce=0
Port [ Rs]:  wired=1; compound=1; hidden=0; nouse=0; global=0; static=0; extern=0; dir=0; type=1; pingpong=0; private_global=0; MemPort=[13]; IO mode=ap_memory:ce=0
Port [ result]:  wired=1; compound=1; hidden=0; nouse=1; global=0; static=0; extern=0; dir=3; type=1; pingpong=0; private_global=0; MemPort=[]; IO mode=ap_memory:ce=0
Port [ selu_table1]:  wired=0; compound=1; hidden=1; nouse=1; global=1; static=1; extern=0; dir=0; type=1; pingpong=0; private_global=0; linkage=7; visibility=0; MemPort=[11111111111111111111]; IO mode=ap_memory:ce=0
Port [ selu_table3]:  wired=0; compound=1; hidden=1; nouse=1; global=1; static=1; extern=0; dir=0; type=1; pingpong=0; private_global=0; linkage=7; visibility=0; MemPort=[1111111111]; IO mode=ap_memory:ce=0
Port [ selu_table5]:  wired=0; compound=1; hidden=1; nouse=1; global=1; static=1; extern=0; dir=0; type=1; pingpong=0; private_global=0; linkage=7; visibility=0; MemPort=[11]; IO mode=ap_memory:ce=0
---------------- STG Properties END ------------------

---------------- Datapath Model BEGIN ----------------

<LifeTime>
<method=bitvector/>
B_top             (alloca       ) [ 001111100]
B_bot             (alloca       ) [ 001111100]
B                 (alloca       ) [ 001111111]
E                 (alloca       ) [ 001111111]
call_ln269        (call         ) [ 000000000]
call_ln270        (call         ) [ 000000000]
call_ln271        (call         ) [ 000000000]
specbitsmap_ln0   (specbitsmap  ) [ 000000000]
specbitsmap_ln0   (specbitsmap  ) [ 000000000]
specbitsmap_ln0   (specbitsmap  ) [ 000000000]
specbitsmap_ln0   (specbitsmap  ) [ 000000000]
specbitsmap_ln0   (specbitsmap  ) [ 000000000]
spectopmodule_ln0 (spectopmodule) [ 000000000]
call_ln62         (call         ) [ 000000000]
ret_ln73          (ret          ) [ 000000000]
</LifeTime>

<model>

<comp_list>
<comp id="0" class="1000" name="I">
<pin_list>
<pin id="1" dir="1" index="0" bw="1" slack="0"/>
</pin_list>
<bind>
<StgValue><ssdm name="I"/><MemPortTyVec>1 3 </MemPortTyVec>
</StgValue>
</bind>
</comp>

<comp id="2" class="1000" name="Rr">
<pin_list>
<pin id="3" dir="1" index="0" bw="1" slack="0"/>
</pin_list>
<bind>
<StgValue><ssdm name="Rr"/><MemPortTyVec>1 3 </MemPortTyVec>
</StgValue>
</bind>
</comp>

<comp id="4" class="1000" name="Rr_T">
<pin_list>
<pin id="5" dir="1" index="0" bw="1" slack="2147483647"/>
</pin_list>
<bind>
<StgValue><ssdm name="Rr_T"/></StgValue>
</bind>
</comp>

<comp id="6" class="1000" name="Rs">
<pin_list>
<pin id="7" dir="1" index="0" bw="1" slack="0"/>
</pin_list>
<bind>
<StgValue><ssdm name="Rs"/><MemPortTyVec>1 3 </MemPortTyVec>
</StgValue>
</bind>
</comp>

<comp id="8" class="1000" name="result">
<pin_list>
<pin id="9" dir="1" index="0" bw="1" slack="2147483647"/>
</pin_list>
<bind>
<StgValue><ssdm name="result"/></StgValue>
</bind>
</comp>

<comp id="10" class="1000" name="selu_table1">
<pin_list>
<pin id="11" dir="1" index="0" bw="1" slack="0"/>
</pin_list>
<bind>
<StgValue><ssdm name="selu_table1"/><MemPortTyVec>1 1 1 1 1 1 1 1 1 1 1 1 1 1 1 1 1 1 1 1 </MemPortTyVec>
</StgValue>
</bind>
</comp>

<comp id="12" class="1000" name="selu_table3">
<pin_list>
<pin id="13" dir="1" index="0" bw="1" slack="0"/>
</pin_list>
<bind>
<StgValue><ssdm name="selu_table3"/><MemPortTyVec>1 1 1 1 1 1 1 1 1 1 </MemPortTyVec>
</StgValue>
</bind>
</comp>

<comp id="14" class="1000" name="selu_table5">
<pin_list>
<pin id="15" dir="1" index="0" bw="1" slack="0"/>
</pin_list>
<bind>
<StgValue><ssdm name="selu_table5"/><MemPortTyVec>1 1 </MemPortTyVec>
</StgValue>
</bind>
</comp>

<comp id="16" class="1001" name="const_16">
<pin_list>
<pin id="17" dir="1" index="0" bw="1" slack="0"/>
</pin_list>
<bind>
<StgValue><ssdm name=""/></StgValue>
</bind>
</comp>

<comp id="18" class="1001" name="const_18">
<pin_list>
<pin id="19" dir="1" index="0" bw="1" slack="0"/>
</pin_list>
<bind>
<StgValue><ssdm name="jedi_multiply<float, float, mult_1_struct>"/></StgValue>
</bind>
</comp>

<comp id="20" class="1001" name="const_20">
<pin_list>
<pin id="21" dir="1" index="0" bw="1" slack="0"/>
</pin_list>
<bind>
<StgValue><ssdm name="jedi_multiply<float, float, mult_2_struct>"/></StgValue>
</bind>
</comp>

<comp id="22" class="1001" name="const_22">
<pin_list>
<pin id="23" dir="1" index="0" bw="1" slack="0"/>
</pin_list>
<bind>
<StgValue><ssdm name="jedi_concat<float, float, concat_1_struct>"/></StgValue>
</bind>
</comp>

<comp id="24" class="1001" name="const_24">
<pin_list>
<pin id="25" dir="1" index="0" bw="1" slack="0"/>
</pin_list>
<bind>
<StgValue><ssdm name="jedi_dnn1<float, float, dense1_config>"/></StgValue>
</bind>
</comp>

<comp id="26" class="1001" name="const_26">
<pin_list>
<pin id="27" dir="1" index="0" bw="1" slack="2147483647"/>
</pin_list>
<bind>
<StgValue><ssdm name="_ssdm_op_SpecBitsMap"/></StgValue>
</bind>
</comp>

<comp id="28" class="1001" name="const_28">
<pin_list>
<pin id="29" dir="1" index="0" bw="1" slack="2147483647"/>
</pin_list>
<bind>
<StgValue><ssdm name="_ssdm_op_SpecTopModule"/></StgValue>
</bind>
</comp>

<comp id="30" class="1001" name="const_30">
<pin_list>
<pin id="31" dir="1" index="0" bw="1" slack="2147483647"/>
</pin_list>
<bind>
<StgValue><ssdm name="jedi_str"/></StgValue>
</bind>
</comp>

<comp id="32" class="1004" name="B_top_alloca_fu_32">
<pin_list>
<pin id="33" dir="0" index="0" bw="1" slack="0"/>
<pin id="34" dir="1" index="1" bw="32" slack="0"/>
</pin_list>
<bind>
<opcode="alloca(26) " fcode="alloca"/>
<opset="B_top/1 "/>
</bind>
</comp>

<comp id="36" class="1004" name="B_bot_alloca_fu_36">
<pin_list>
<pin id="37" dir="0" index="0" bw="1" slack="0"/>
<pin id="38" dir="1" index="1" bw="32" slack="2147483647"/>
</pin_list>
<bind>
<opcode="alloca(26) " fcode="alloca"/>
<opset="B_bot/1 "/>
</bind>
</comp>

<comp id="40" class="1004" name="B_alloca_fu_40">
<pin_list>
<pin id="41" dir="0" index="0" bw="1" slack="0"/>
<pin id="42" dir="1" index="1" bw="32" slack="2147483647"/>
</pin_list>
<bind>
<opcode="alloca(26) " fcode="alloca"/>
<opset="B/1 "/>
</bind>
</comp>

<comp id="44" class="1004" name="E_alloca_fu_44">
<pin_list>
<pin id="45" dir="0" index="0" bw="1" slack="0"/>
<pin id="46" dir="1" index="1" bw="32" slack="2147483647"/>
</pin_list>
<bind>
<opcode="alloca(26) " fcode="alloca"/>
<opset="E/1 "/>
</bind>
</comp>

<comp id="48" class="1004" name="grp_jedi_dnn1_float_float_dense1_config_s_fu_48">
<pin_list>
<pin id="49" dir="0" index="0" bw="0" slack="0"/>
<pin id="50" dir="0" index="1" bw="32" slack="2147483647"/>
<pin id="51" dir="0" index="2" bw="32" slack="2147483647"/>
<pin id="52" dir="0" index="3" bw="32" slack="0"/>
<pin id="53" dir="0" index="4" bw="32" slack="0"/>
<pin id="54" dir="0" index="5" bw="32" slack="0"/>
<pin id="55" dir="1" index="6" bw="0" slack="2147483647"/>
</pin_list>
<bind>
<opcode="call(48) " fcode="call"/>
<opset="call_ln62/7 "/>
</bind>
</comp>

<comp id="60" class="1004" name="grp_jedi_multiply_float_float_mult_1_struct_s_fu_60">
<pin_list>
<pin id="61" dir="0" index="0" bw="0" slack="0"/>
<pin id="62" dir="0" index="1" bw="32" slack="0"/>
<pin id="63" dir="0" index="2" bw="32" slack="0"/>
<pin id="64" dir="0" index="3" bw="32" slack="0"/>
<pin id="65" dir="1" index="4" bw="0" slack="2147483647"/>
</pin_list>
<bind>
<opcode="call(48) " fcode="call"/>
<opset="call_ln269/1 "/>
</bind>
</comp>

<comp id="70" class="1004" name="grp_jedi_multiply_float_float_mult_2_struct_s_fu_70">
<pin_list>
<pin id="71" dir="0" index="0" bw="0" slack="0"/>
<pin id="72" dir="0" index="1" bw="32" slack="0"/>
<pin id="73" dir="0" index="2" bw="32" slack="0"/>
<pin id="74" dir="0" index="3" bw="32" slack="2147483647"/>
<pin id="75" dir="1" index="4" bw="0" slack="2147483647"/>
</pin_list>
<bind>
<opcode="call(48) " fcode="call"/>
<opset="call_ln270/3 "/>
</bind>
</comp>

<comp id="79" class="1004" name="grp_jedi_concat_float_float_concat_1_struct_s_fu_79">
<pin_list>
<pin id="80" dir="0" index="0" bw="0" slack="0"/>
<pin id="81" dir="0" index="1" bw="32" slack="2147483647"/>
<pin id="82" dir="0" index="2" bw="32" slack="2147483647"/>
<pin id="83" dir="0" index="3" bw="32" slack="2147483647"/>
<pin id="84" dir="1" index="4" bw="0" slack="2147483647"/>
</pin_list>
<bind>
<opcode="call(48) " fcode="call"/>
<opset="call_ln271/5 "/>
</bind>
</comp>

</comp_list>

<net_list>
<net id="35"><net_src comp="16" pin="0"/><net_sink comp="32" pin=0"/></net>

<net id="39"><net_src comp="16" pin="0"/><net_sink comp="36" pin=0"/></net>

<net id="43"><net_src comp="16" pin="0"/><net_sink comp="40" pin=0"/></net>

<net id="47"><net_src comp="16" pin="0"/><net_sink comp="44" pin=0"/></net>

<net id="56"><net_src comp="24" pin="0"/><net_sink comp="48" pin=0"/></net>

<net id="57"><net_src comp="10" pin="0"/><net_sink comp="48" pin=3"/></net>

<net id="58"><net_src comp="12" pin="0"/><net_sink comp="48" pin=4"/></net>

<net id="59"><net_src comp="14" pin="0"/><net_sink comp="48" pin=5"/></net>

<net id="66"><net_src comp="18" pin="0"/><net_sink comp="60" pin=0"/></net>

<net id="67"><net_src comp="0" pin="0"/><net_sink comp="60" pin=1"/></net>

<net id="68"><net_src comp="2" pin="0"/><net_sink comp="60" pin=2"/></net>

<net id="69"><net_src comp="32" pin="1"/><net_sink comp="60" pin=3"/></net>

<net id="76"><net_src comp="20" pin="0"/><net_sink comp="70" pin=0"/></net>

<net id="77"><net_src comp="0" pin="0"/><net_sink comp="70" pin=1"/></net>

<net id="78"><net_src comp="6" pin="0"/><net_sink comp="70" pin=2"/></net>

<net id="85"><net_src comp="22" pin="0"/><net_sink comp="79" pin=0"/></net>

</net_list>

</model> 
---------------- Datapath Model END ------------------

* FSMD analyzer results:
  - Output states:
 - Input state : 
	Port: jedi : I | {1 2 3 4 }
	Port: jedi : Rr | {1 2 }
	Port: jedi : Rs | {3 4 }
	Port: jedi : selu_table1 | {7 8 }
	Port: jedi : selu_table3 | {7 8 }
	Port: jedi : selu_table5 | {7 8 }
  - Chain level:
	State 1
		call_ln269 : 1
	State 2
	State 3
	State 4
	State 5
	State 6
	State 7
	State 8


============================================================
+ Verbose Summary: Datapath Resource usage 
============================================================

* Functional unit list:
|----------|-----------------------------------------------------|---------|---------|---------|---------|---------|---------|
| Operation|                   Functional Unit                   |   BRAM  |  DSP48E |  Delay  |    FF   |   LUT   |   URAM  |
|----------|-----------------------------------------------------|---------|---------|---------|---------|---------|---------|
|          |   grp_jedi_dnn1_float_float_dense1_config_s_fu_48   |    4    |   1792  | 229.794 |  177369 |  122634 |    0    |
|   call   | grp_jedi_multiply_float_float_mult_1_struct_s_fu_60 |    0    |    5    |  2.412  |   682   |   474   |    0    |
|          | grp_jedi_multiply_float_float_mult_2_struct_s_fu_70 |    0    |    5    |  2.412  |   682   |   474   |    0    |
|          | grp_jedi_concat_float_float_concat_1_struct_s_fu_79 |    0    |    1    |  3.618  |   238   |   210   |    0    |
|----------|-----------------------------------------------------|---------|---------|---------|---------|---------|---------|
|   Total  |                                                     |    4    |   1803  | 238.236 |  178971 |  123792 |    0    |
|----------|-----------------------------------------------------|---------|---------|---------|---------|---------|---------|

Memories:
+-----------+--------+--------+--------+--------+
|           |  BRAM  |   FF   |   LUT  |  URAM  |
+-----------+--------+--------+--------+--------+
|     B     |   51   |    0   |    0   |    0   |
|   B_bot   |   26   |    0   |    0   |    0   |
|   B_top   |   26   |    0   |    0   |    0   |
|     E     |   14   |    0   |    0   |    0   |
|selu_table1|   20   |    0   |    0   |    -   |
|selu_table3|   10   |    0   |    0   |    -   |
|selu_table5|    2   |    0   |    0   |    -   |
+-----------+--------+--------+--------+--------+
|   Total   |   149  |    0   |    0   |    0   |
+-----------+--------+--------+--------+--------+

* Register list:
N/A

* Multiplexer (MUX) list: 
|--------|------|------|------|--------|
|  Comp  |  Pin | Size |  BW  | S x BW |
|--------|------|------|------|--------|
|  Total |      |      |      |    0   |
|--------|------|------|------|--------|



* Summary:
+-----------+--------+--------+--------+--------+--------+--------+
|           |  BRAM  | DSP48E |  Delay |   FF   |   LUT  |  URAM  |
+-----------+--------+--------+--------+--------+--------+--------+
|  Function |    4   |  1803  |   238  | 178971 | 123792 |    0   |
|   Memory  |   149  |    -   |    -   |    0   |    0   |    0   |
|Multiplexer|    -   |    -   |    -   |    -   |    -   |    -   |
|  Register |    -   |    -   |    -   |    -   |    -   |    -   |
+-----------+--------+--------+--------+--------+--------+--------+
|   Total   |   153  |  1803  |   238  | 178971 | 123792 |    0   |
+-----------+--------+--------+--------+--------+--------+--------+
