0.824578583240509 0.7205421924591064
0.7148144245147705 0.6865779757499695
0.6919041872024536 0.6774871945381165
0.6815131902694702 0.6659714579582214
0.6752514243125916 0.6630089282989502
0.6707093119621277 0.6596076488494873
0.6676844954490662 0.6575472950935364
0.6650845408439636 0.6558570861816406
0.6626110076904297 0.6549964547157288
0.6576297879219055 0.6494218707084656
0.6566054224967957 0.6489487290382385
0.656143069267273 0.6490055322647095
0.6547136306762695 0.6482946872711182
0.6540926098823547 0.6489879488945007
0.6515410542488098 0.6461498737335205
0.6507917642593384 0.6462180614471436
0.6501649022102356 0.6446650624275208
0.6501083970069885 0.6447874903678894
0.6484636664390564 0.6439429521560669
0.6479816436767578 0.6438862681388855
0.6480855941772461 0.6433753967285156
0.6478628516197205 0.6434529423713684
0.6475064754486084 0.6430116295814514
0.6469492316246033 0.6425359845161438
0.6468018293380737 0.6426023840904236
0.6469469666481018 0.6427091956138611
0.6464639902114868 0.6423870921134949
0.6462299823760986 0.6423331499099731
0.6462758779525757 0.6421919465065002
0.6461617350578308 0.6421570181846619
