

================================================================
== Vivado HLS Report for 'dense_latency_ap_fixed_ap_fixed_config11_0_0_0_0_0_0'
================================================================
* Date:           Mon Jun  7 17:21:49 2021

* Version:        2019.2 (Build 2704478 on Wed Nov 06 22:10:23 MST 2019)
* Project:        myproject_prj
* Solution:       solution1
* Product family: virtexuplus
* Target device:  xcu250-figd2104-2L-e


================================================================
== Performance Estimates
================================================================
+ Timing: 
    * Summary: 
    +--------+---------+----------+------------+
    |  Clock |  Target | Estimated| Uncertainty|
    +--------+---------+----------+------------+
    |ap_clk  | 5.00 ns | 2.162 ns |   0.62 ns  |
    +--------+---------+----------+------------+

+ Latency: 
    * Summary: 
    +---------+---------+----------+----------+-----+-----+----------+
    |  Latency (cycles) |  Latency (absolute) |  Interval | Pipeline |
    |   min   |   max   |    min   |    max   | min | max |   Type   |
    +---------+---------+----------+----------+-----+-----+----------+
    |        0|        0|   0 ns   |   0 ns   |    1|    1| function |
    +---------+---------+----------+----------+-----+-----+----------+

    + Detail: 
        * Instance: 
        N/A

        * Loop: 
        N/A

============================================================
+ Verbose Summary: Synthesis Manager
============================================================
InlineROM: 1
ExposeGlobal: 0
============================================================
+ Verbose Summary: CDFG Model
============================================================
IsTopModel: 0
ResetActiveHigh: 1
IsCombinational: 0
IsDatapathOnly: 0
HasWiredReturn: 1
HasMFsm: 2
HasVarLatency: 0
IsPipeline: 1
IsRtlPipelined: 0
IsInstanceOverlapped: 0
IsDontTouch: 0
HasImplIP: 0
IsGatedGlobalClock: 0

+ Individual pipeline summary: 
  * Pipeline-0: initiation interval (II) = 1, depth = 1


============================================================
+ Verbose Summary: Schedule
============================================================
* Number of FSM states : 1
* Pipeline : 1
  Pipeline-0 : II = 1, D = 1, States = { 1 }
* Dataflow Pipeline: 0

* FSM state transitions: 
1 --> 

* FSM state operations: 

State 1 <SV = 0> <Delay = 2.16>
ST_1 : Operation 2 [1/1] (0.00ns)   --->   "%data_15_V_read13 = call i7 @_ssdm_op_Read.ap_auto.i7(i7 %data_15_V_read)" [firmware/nnet_utils/nnet_dense_latency.h:33]   --->   Operation 2 'read' 'data_15_V_read13' <Predicate = true> <Delay = 0.00>
ST_1 : Operation 3 [1/1] (0.00ns)   --->   "%data_14_V_read12 = call i7 @_ssdm_op_Read.ap_auto.i7(i7 %data_14_V_read)" [firmware/nnet_utils/nnet_dense_latency.h:33]   --->   Operation 3 'read' 'data_14_V_read12' <Predicate = true> <Delay = 0.00>
ST_1 : Operation 4 [1/1] (0.00ns)   --->   "%data_12_V_read11 = call i7 @_ssdm_op_Read.ap_auto.i7(i7 %data_12_V_read)" [firmware/nnet_utils/nnet_dense_latency.h:33]   --->   Operation 4 'read' 'data_12_V_read11' <Predicate = true> <Delay = 0.00>
ST_1 : Operation 5 [1/1] (0.00ns)   --->   "%data_11_V_read_3 = call i7 @_ssdm_op_Read.ap_auto.i7(i7 %data_11_V_read)" [firmware/nnet_utils/nnet_dense_latency.h:33]   --->   Operation 5 'read' 'data_11_V_read_3' <Predicate = true> <Delay = 0.00>
ST_1 : Operation 6 [1/1] (0.00ns)   --->   "%data_10_V_read_4 = call i7 @_ssdm_op_Read.ap_auto.i7(i7 %data_10_V_read)" [firmware/nnet_utils/nnet_dense_latency.h:33]   --->   Operation 6 'read' 'data_10_V_read_4' <Predicate = true> <Delay = 0.00>
ST_1 : Operation 7 [1/1] (0.00ns)   --->   "%data_9_V_read_4 = call i7 @_ssdm_op_Read.ap_auto.i7(i7 %data_9_V_read)" [firmware/nnet_utils/nnet_dense_latency.h:33]   --->   Operation 7 'read' 'data_9_V_read_4' <Predicate = true> <Delay = 0.00>
ST_1 : Operation 8 [1/1] (0.00ns)   --->   "%data_8_V_read_4 = call i7 @_ssdm_op_Read.ap_auto.i7(i7 %data_8_V_read)" [firmware/nnet_utils/nnet_dense_latency.h:33]   --->   Operation 8 'read' 'data_8_V_read_4' <Predicate = true> <Delay = 0.00>
ST_1 : Operation 9 [1/1] (0.00ns)   --->   "%data_7_V_read_4 = call i7 @_ssdm_op_Read.ap_auto.i7(i7 %data_7_V_read)" [firmware/nnet_utils/nnet_dense_latency.h:33]   --->   Operation 9 'read' 'data_7_V_read_4' <Predicate = true> <Delay = 0.00>
ST_1 : Operation 10 [1/1] (0.00ns)   --->   "%data_6_V_read_4 = call i7 @_ssdm_op_Read.ap_auto.i7(i7 %data_6_V_read)" [firmware/nnet_utils/nnet_dense_latency.h:33]   --->   Operation 10 'read' 'data_6_V_read_4' <Predicate = true> <Delay = 0.00>
ST_1 : Operation 11 [1/1] (0.00ns)   --->   "%data_3_V_read_5 = call i7 @_ssdm_op_Read.ap_auto.i7(i7 %data_3_V_read)" [firmware/nnet_utils/nnet_dense_latency.h:33]   --->   Operation 11 'read' 'data_3_V_read_5' <Predicate = true> <Delay = 0.00>
ST_1 : Operation 12 [1/1] (0.00ns)   --->   "%data_2_V_read_5 = call i7 @_ssdm_op_Read.ap_auto.i7(i7 %data_2_V_read)" [firmware/nnet_utils/nnet_dense_latency.h:33]   --->   Operation 12 'read' 'data_2_V_read_5' <Predicate = true> <Delay = 0.00>
ST_1 : Operation 13 [1/1] (0.00ns)   --->   "%data_1_V_read_5 = call i7 @_ssdm_op_Read.ap_auto.i7(i7 %data_1_V_read)" [firmware/nnet_utils/nnet_dense_latency.h:33]   --->   Operation 13 'read' 'data_1_V_read_5' <Predicate = true> <Delay = 0.00>
ST_1 : Operation 14 [1/1] (0.00ns)   --->   "%data_0_V_read_5 = call i7 @_ssdm_op_Read.ap_auto.i7(i7 %data_0_V_read)" [firmware/nnet_utils/nnet_dense_latency.h:33]   --->   Operation 14 'read' 'data_0_V_read_5' <Predicate = true> <Delay = 0.00>
ST_1 : Operation 15 [1/1] (0.00ns)   --->   "%tmp = call i32 (...)* @_ssdm_op_SpecRegionBegin([13 x i8]* @p_str15)" [firmware/nnet_utils/nnet_dense_latency.h:45]   --->   Operation 15 'specregionbegin' 'tmp' <Predicate = true> <Delay = 0.00>
ST_1 : Operation 16 [1/1] (0.00ns)   --->   "call void (...)* @_ssdm_op_SpecPipeline(i32 1, i32 1, i32 1, i32 0, [1 x i8]* @p_str9) nounwind" [firmware/nnet_utils/nnet_dense_latency.h:49]   --->   Operation 16 'specpipeline' <Predicate = true> <Delay = 0.00>
ST_1 : Operation 17 [1/1] (0.00ns)   --->   "call void (...)* @_ssdm_op_SpecResourceLimit(i32 20, [4 x i8]* @p_str22, [1 x i8]* @p_str9, [1 x i8]* @p_str9, [1 x i8]* @p_str9) nounwind" [firmware/nnet_utils/nnet_mult.h:71->firmware/nnet_utils/nnet_dense_latency.h:57]   --->   Operation 17 'specresourcelimit' <Predicate = true> <Delay = 0.00>
ST_1 : Operation 18 [1/1] (0.00ns)   --->   "%empty = call i32 (...)* @_ssdm_op_SpecRegionEnd([13 x i8]* @p_str15, i32 %tmp)" [firmware/nnet_utils/nnet_dense_latency.h:59]   --->   Operation 18 'specregionend' 'empty' <Predicate = true> <Delay = 0.00>
ST_1 : Operation 19 [1/1] (0.00ns)   --->   "%shl_ln = call i13 @_ssdm_op_BitConcatenate.i13.i7.i6(i7 %data_0_V_read_5, i6 0)" [firmware/nnet_utils/nnet_mult.h:67->firmware/nnet_utils/nnet_dense_latency.h:96]   --->   Operation 19 'bitconcatenate' 'shl_ln' <Predicate = true> <Delay = 0.00>
ST_1 : Operation 20 [1/1] (0.00ns)   --->   "%sext_ln1118 = sext i13 %shl_ln to i14" [firmware/nnet_utils/nnet_mult.h:67->firmware/nnet_utils/nnet_dense_latency.h:96]   --->   Operation 20 'sext' 'sext_ln1118' <Predicate = true> <Delay = 0.00>
ST_1 : Operation 21 [1/1] (0.00ns)   --->   "%shl_ln1118_s = call i8 @_ssdm_op_BitConcatenate.i8.i7.i1(i7 %data_0_V_read_5, i1 false)" [firmware/nnet_utils/nnet_mult.h:67->firmware/nnet_utils/nnet_dense_latency.h:96]   --->   Operation 21 'bitconcatenate' 'shl_ln1118_s' <Predicate = true> <Delay = 0.00>
ST_1 : Operation 22 [1/1] (0.00ns)   --->   "%sext_ln1118_5 = sext i8 %shl_ln1118_s to i14" [firmware/nnet_utils/nnet_mult.h:67->firmware/nnet_utils/nnet_dense_latency.h:96]   --->   Operation 22 'sext' 'sext_ln1118_5' <Predicate = true> <Delay = 0.00>
ST_1 : Operation 23 [1/1] (0.54ns)   --->   "%sub_ln1118 = sub i14 %sext_ln1118, %sext_ln1118_5" [firmware/nnet_utils/nnet_mult.h:67->firmware/nnet_utils/nnet_dense_latency.h:96]   --->   Operation 23 'sub' 'sub_ln1118' <Predicate = true> <Delay = 0.54> <Core = "AddSub">   --->   Core 14 'AddSub' <Latency = 0> <II = 1> <Delay = 0.52> <FuncUnit> <Opcode : 'add' 'sub'> <InPorts = 2> <OutPorts = 1>
ST_1 : Operation 24 [1/1] (0.00ns)   --->   "%trunc_ln = call i12 @_ssdm_op_PartSelect.i12.i14.i32.i32(i14 %sub_ln1118, i32 2, i32 13)" [firmware/nnet_utils/nnet_mult.h:67->firmware/nnet_utils/nnet_dense_latency.h:96]   --->   Operation 24 'partselect' 'trunc_ln' <Predicate = true> <Delay = 0.00>
ST_1 : Operation 25 [1/1] (0.00ns)   --->   "%sext_ln1116 = sext i12 %trunc_ln to i13" [firmware/nnet_utils/nnet_mult.h:67->firmware/nnet_utils/nnet_dense_latency.h:96]   --->   Operation 25 'sext' 'sext_ln1116' <Predicate = true> <Delay = 0.00>
ST_1 : Operation 26 [1/1] (0.00ns)   --->   "%shl_ln1118_1 = call i13 @_ssdm_op_BitConcatenate.i13.i7.i6(i7 %data_1_V_read_5, i6 0)" [firmware/nnet_utils/nnet_mult.h:67->firmware/nnet_utils/nnet_dense_latency.h:96]   --->   Operation 26 'bitconcatenate' 'shl_ln1118_1' <Predicate = true> <Delay = 0.00>
ST_1 : Operation 27 [1/1] (0.00ns)   --->   "%sext_ln1118_6 = sext i13 %shl_ln1118_1 to i14" [firmware/nnet_utils/nnet_mult.h:67->firmware/nnet_utils/nnet_dense_latency.h:96]   --->   Operation 27 'sext' 'sext_ln1118_6' <Predicate = true> <Delay = 0.00>
ST_1 : Operation 28 [1/1] (0.00ns)   --->   "%shl_ln1118_2 = call i8 @_ssdm_op_BitConcatenate.i8.i7.i1(i7 %data_1_V_read_5, i1 false)" [firmware/nnet_utils/nnet_mult.h:67->firmware/nnet_utils/nnet_dense_latency.h:96]   --->   Operation 28 'bitconcatenate' 'shl_ln1118_2' <Predicate = true> <Delay = 0.00>
ST_1 : Operation 29 [1/1] (0.00ns)   --->   "%sext_ln1118_7 = sext i8 %shl_ln1118_2 to i14" [firmware/nnet_utils/nnet_mult.h:67->firmware/nnet_utils/nnet_dense_latency.h:96]   --->   Operation 29 'sext' 'sext_ln1118_7' <Predicate = true> <Delay = 0.00>
ST_1 : Operation 30 [1/1] (0.54ns)   --->   "%sub_ln1118_1 = sub i14 %sext_ln1118_6, %sext_ln1118_7" [firmware/nnet_utils/nnet_mult.h:67->firmware/nnet_utils/nnet_dense_latency.h:96]   --->   Operation 30 'sub' 'sub_ln1118_1' <Predicate = true> <Delay = 0.54> <Core = "AddSub">   --->   Core 14 'AddSub' <Latency = 0> <II = 1> <Delay = 0.52> <FuncUnit> <Opcode : 'add' 'sub'> <InPorts = 2> <OutPorts = 1>
ST_1 : Operation 31 [1/1] (0.00ns)   --->   "%trunc_ln708_s = call i12 @_ssdm_op_PartSelect.i12.i14.i32.i32(i14 %sub_ln1118_1, i32 2, i32 13)" [firmware/nnet_utils/nnet_mult.h:67->firmware/nnet_utils/nnet_dense_latency.h:96]   --->   Operation 31 'partselect' 'trunc_ln708_s' <Predicate = true> <Delay = 0.00>
ST_1 : Operation 32 [1/1] (0.00ns)   --->   "%sext_ln1116_1 = sext i12 %trunc_ln708_s to i13" [firmware/nnet_utils/nnet_mult.h:67->firmware/nnet_utils/nnet_dense_latency.h:96]   --->   Operation 32 'sext' 'sext_ln1116_1' <Predicate = true> <Delay = 0.00>
ST_1 : Operation 33 [1/1] (0.00ns)   --->   "%shl_ln1118_3 = call i13 @_ssdm_op_BitConcatenate.i13.i7.i6(i7 %data_2_V_read_5, i6 0)" [firmware/nnet_utils/nnet_mult.h:67->firmware/nnet_utils/nnet_dense_latency.h:96]   --->   Operation 33 'bitconcatenate' 'shl_ln1118_3' <Predicate = true> <Delay = 0.00>
ST_1 : Operation 34 [1/1] (0.00ns)   --->   "%sext_ln1118_8 = sext i13 %shl_ln1118_3 to i14" [firmware/nnet_utils/nnet_mult.h:67->firmware/nnet_utils/nnet_dense_latency.h:96]   --->   Operation 34 'sext' 'sext_ln1118_8' <Predicate = true> <Delay = 0.00>
ST_1 : Operation 35 [1/1] (0.54ns)   --->   "%sub_ln1118_2 = sub i14 0, %sext_ln1118_8" [firmware/nnet_utils/nnet_mult.h:67->firmware/nnet_utils/nnet_dense_latency.h:96]   --->   Operation 35 'sub' 'sub_ln1118_2' <Predicate = true> <Delay = 0.54> <Core = "AddSub">   --->   Core 14 'AddSub' <Latency = 0> <II = 1> <Delay = 0.52> <FuncUnit> <Opcode : 'add' 'sub'> <InPorts = 2> <OutPorts = 1>
ST_1 : Operation 36 [1/1] (0.00ns)   --->   "%trunc_ln708_101 = call i12 @_ssdm_op_PartSelect.i12.i14.i32.i32(i14 %sub_ln1118_2, i32 2, i32 13)" [firmware/nnet_utils/nnet_mult.h:67->firmware/nnet_utils/nnet_dense_latency.h:96]   --->   Operation 36 'partselect' 'trunc_ln708_101' <Predicate = true> <Delay = 0.00>
ST_1 : Operation 37 [1/1] (0.00ns)   --->   "%sext_ln1118_9 = sext i12 %trunc_ln708_101 to i13" [firmware/nnet_utils/nnet_mult.h:67->firmware/nnet_utils/nnet_dense_latency.h:96]   --->   Operation 37 'sext' 'sext_ln1118_9' <Predicate = true> <Delay = 0.00>
ST_1 : Operation 38 [1/1] (0.00ns)   --->   "%shl_ln1118_4 = call i12 @_ssdm_op_BitConcatenate.i12.i7.i5(i7 %data_2_V_read_5, i5 0)" [firmware/nnet_utils/nnet_mult.h:67->firmware/nnet_utils/nnet_dense_latency.h:96]   --->   Operation 38 'bitconcatenate' 'shl_ln1118_4' <Predicate = true> <Delay = 0.00>
ST_1 : Operation 39 [1/1] (0.00ns)   --->   "%sext_ln1118_10 = sext i12 %shl_ln1118_4 to i13" [firmware/nnet_utils/nnet_mult.h:67->firmware/nnet_utils/nnet_dense_latency.h:96]   --->   Operation 39 'sext' 'sext_ln1118_10' <Predicate = true> <Delay = 0.00>
ST_1 : Operation 40 [1/1] (0.00ns)   --->   "%shl_ln1118_5 = call i9 @_ssdm_op_BitConcatenate.i9.i7.i2(i7 %data_2_V_read_5, i2 0)" [firmware/nnet_utils/nnet_mult.h:67->firmware/nnet_utils/nnet_dense_latency.h:96]   --->   Operation 40 'bitconcatenate' 'shl_ln1118_5' <Predicate = true> <Delay = 0.00>
ST_1 : Operation 41 [1/1] (0.00ns)   --->   "%sext_ln1118_11 = sext i9 %shl_ln1118_5 to i13" [firmware/nnet_utils/nnet_mult.h:67->firmware/nnet_utils/nnet_dense_latency.h:96]   --->   Operation 41 'sext' 'sext_ln1118_11' <Predicate = true> <Delay = 0.00>
ST_1 : Operation 42 [1/1] (0.52ns)   --->   "%sub_ln1118_3 = sub i13 %sext_ln1118_11, %sext_ln1118_10" [firmware/nnet_utils/nnet_mult.h:67->firmware/nnet_utils/nnet_dense_latency.h:96]   --->   Operation 42 'sub' 'sub_ln1118_3' <Predicate = true> <Delay = 0.52> <Core = "AddSub">   --->   Core 14 'AddSub' <Latency = 0> <II = 1> <Delay = 0.52> <FuncUnit> <Opcode : 'add' 'sub'> <InPorts = 2> <OutPorts = 1>
ST_1 : Operation 43 [1/1] (0.00ns)   --->   "%trunc_ln708_102 = call i11 @_ssdm_op_PartSelect.i11.i13.i32.i32(i13 %sub_ln1118_3, i32 2, i32 12)" [firmware/nnet_utils/nnet_mult.h:67->firmware/nnet_utils/nnet_dense_latency.h:96]   --->   Operation 43 'partselect' 'trunc_ln708_102' <Predicate = true> <Delay = 0.00>
ST_1 : Operation 44 [1/1] (0.00ns)   --->   "%sext_ln1118_12 = sext i11 %trunc_ln708_102 to i13" [firmware/nnet_utils/nnet_mult.h:67->firmware/nnet_utils/nnet_dense_latency.h:96]   --->   Operation 44 'sext' 'sext_ln1118_12' <Predicate = true> <Delay = 0.00>
ST_1 : Operation 45 [1/1] (0.00ns)   --->   "%shl_ln1118_6 = call i8 @_ssdm_op_BitConcatenate.i8.i7.i1(i7 %data_2_V_read_5, i1 false)" [firmware/nnet_utils/nnet_mult.h:67->firmware/nnet_utils/nnet_dense_latency.h:96]   --->   Operation 45 'bitconcatenate' 'shl_ln1118_6' <Predicate = true> <Delay = 0.00>
ST_1 : Operation 46 [1/1] (0.00ns)   --->   "%sext_ln1118_13 = sext i8 %shl_ln1118_6 to i14" [firmware/nnet_utils/nnet_mult.h:67->firmware/nnet_utils/nnet_dense_latency.h:96]   --->   Operation 46 'sext' 'sext_ln1118_13' <Predicate = true> <Delay = 0.00>
ST_1 : Operation 47 [1/1] (0.54ns)   --->   "%sub_ln1118_4 = sub i14 %sext_ln1118_8, %sext_ln1118_13" [firmware/nnet_utils/nnet_mult.h:67->firmware/nnet_utils/nnet_dense_latency.h:96]   --->   Operation 47 'sub' 'sub_ln1118_4' <Predicate = true> <Delay = 0.54> <Core = "AddSub">   --->   Core 14 'AddSub' <Latency = 0> <II = 1> <Delay = 0.52> <FuncUnit> <Opcode : 'add' 'sub'> <InPorts = 2> <OutPorts = 1>
ST_1 : Operation 48 [1/1] (0.00ns)   --->   "%trunc_ln708_103 = call i12 @_ssdm_op_PartSelect.i12.i14.i32.i32(i14 %sub_ln1118_4, i32 2, i32 13)" [firmware/nnet_utils/nnet_mult.h:67->firmware/nnet_utils/nnet_dense_latency.h:96]   --->   Operation 48 'partselect' 'trunc_ln708_103' <Predicate = true> <Delay = 0.00>
ST_1 : Operation 49 [1/1] (0.00ns)   --->   "%sext_ln1116_2 = sext i12 %trunc_ln708_103 to i13" [firmware/nnet_utils/nnet_mult.h:67->firmware/nnet_utils/nnet_dense_latency.h:96]   --->   Operation 49 'sext' 'sext_ln1116_2' <Predicate = true> <Delay = 0.00>
ST_1 : Operation 50 [1/1] (0.00ns)   --->   "%shl_ln1118_7 = call i13 @_ssdm_op_BitConcatenate.i13.i7.i6(i7 %data_3_V_read_5, i6 0)" [firmware/nnet_utils/nnet_mult.h:67->firmware/nnet_utils/nnet_dense_latency.h:96]   --->   Operation 50 'bitconcatenate' 'shl_ln1118_7' <Predicate = true> <Delay = 0.00>
ST_1 : Operation 51 [1/1] (0.00ns)   --->   "%sext_ln1118_14 = sext i13 %shl_ln1118_7 to i14" [firmware/nnet_utils/nnet_mult.h:67->firmware/nnet_utils/nnet_dense_latency.h:96]   --->   Operation 51 'sext' 'sext_ln1118_14' <Predicate = true> <Delay = 0.00>
ST_1 : Operation 52 [1/1] (0.54ns)   --->   "%sub_ln1118_5 = sub i14 0, %sext_ln1118_14" [firmware/nnet_utils/nnet_mult.h:67->firmware/nnet_utils/nnet_dense_latency.h:96]   --->   Operation 52 'sub' 'sub_ln1118_5' <Predicate = true> <Delay = 0.54> <Core = "AddSub">   --->   Core 14 'AddSub' <Latency = 0> <II = 1> <Delay = 0.52> <FuncUnit> <Opcode : 'add' 'sub'> <InPorts = 2> <OutPorts = 1>
ST_1 : Operation 53 [1/1] (0.00ns)   --->   "%trunc_ln708_104 = call i12 @_ssdm_op_PartSelect.i12.i14.i32.i32(i14 %sub_ln1118_5, i32 2, i32 13)" [firmware/nnet_utils/nnet_mult.h:67->firmware/nnet_utils/nnet_dense_latency.h:96]   --->   Operation 53 'partselect' 'trunc_ln708_104' <Predicate = true> <Delay = 0.00>
ST_1 : Operation 54 [1/1] (0.00ns)   --->   "%sext_ln1116_3 = sext i12 %trunc_ln708_104 to i14" [firmware/nnet_utils/nnet_mult.h:67->firmware/nnet_utils/nnet_dense_latency.h:96]   --->   Operation 54 'sext' 'sext_ln1116_3' <Predicate = true> <Delay = 0.00>
ST_1 : Operation 55 [1/1] (0.00ns)   --->   "%shl_ln1118_8 = call i13 @_ssdm_op_BitConcatenate.i13.i7.i6(i7 %data_6_V_read_4, i6 0)" [firmware/nnet_utils/nnet_mult.h:67->firmware/nnet_utils/nnet_dense_latency.h:96]   --->   Operation 55 'bitconcatenate' 'shl_ln1118_8' <Predicate = true> <Delay = 0.00>
ST_1 : Operation 56 [1/1] (0.00ns)   --->   "%sext_ln1118_15 = sext i13 %shl_ln1118_8 to i14" [firmware/nnet_utils/nnet_mult.h:67->firmware/nnet_utils/nnet_dense_latency.h:96]   --->   Operation 56 'sext' 'sext_ln1118_15' <Predicate = true> <Delay = 0.00>
ST_1 : Operation 57 [1/1] (0.54ns)   --->   "%sub_ln1118_6 = sub i14 0, %sext_ln1118_15" [firmware/nnet_utils/nnet_mult.h:67->firmware/nnet_utils/nnet_dense_latency.h:96]   --->   Operation 57 'sub' 'sub_ln1118_6' <Predicate = true> <Delay = 0.54> <Core = "AddSub">   --->   Core 14 'AddSub' <Latency = 0> <II = 1> <Delay = 0.52> <FuncUnit> <Opcode : 'add' 'sub'> <InPorts = 2> <OutPorts = 1>
ST_1 : Operation 58 [1/1] (0.00ns)   --->   "%trunc_ln708_105 = call i12 @_ssdm_op_PartSelect.i12.i14.i32.i32(i14 %sub_ln1118_6, i32 2, i32 13)" [firmware/nnet_utils/nnet_mult.h:67->firmware/nnet_utils/nnet_dense_latency.h:96]   --->   Operation 58 'partselect' 'trunc_ln708_105' <Predicate = true> <Delay = 0.00>
ST_1 : Operation 59 [1/1] (0.00ns)   --->   "%sext_ln1116_4 = sext i12 %trunc_ln708_105 to i13" [firmware/nnet_utils/nnet_mult.h:67->firmware/nnet_utils/nnet_dense_latency.h:96]   --->   Operation 59 'sext' 'sext_ln1116_4' <Predicate = true> <Delay = 0.00>
ST_1 : Operation 60 [1/1] (0.00ns)   --->   "%shl_ln1118_9 = call i13 @_ssdm_op_BitConcatenate.i13.i7.i6(i7 %data_7_V_read_4, i6 0)" [firmware/nnet_utils/nnet_mult.h:67->firmware/nnet_utils/nnet_dense_latency.h:96]   --->   Operation 60 'bitconcatenate' 'shl_ln1118_9' <Predicate = true> <Delay = 0.00>
ST_1 : Operation 61 [1/1] (0.00ns)   --->   "%sext_ln1118_16 = sext i13 %shl_ln1118_9 to i14" [firmware/nnet_utils/nnet_mult.h:67->firmware/nnet_utils/nnet_dense_latency.h:96]   --->   Operation 61 'sext' 'sext_ln1118_16' <Predicate = true> <Delay = 0.00>
ST_1 : Operation 62 [1/1] (0.00ns)   --->   "%shl_ln1118_10 = call i8 @_ssdm_op_BitConcatenate.i8.i7.i1(i7 %data_7_V_read_4, i1 false)" [firmware/nnet_utils/nnet_mult.h:67->firmware/nnet_utils/nnet_dense_latency.h:96]   --->   Operation 62 'bitconcatenate' 'shl_ln1118_10' <Predicate = true> <Delay = 0.00>
ST_1 : Operation 63 [1/1] (0.00ns)   --->   "%sext_ln1118_17 = sext i8 %shl_ln1118_10 to i14" [firmware/nnet_utils/nnet_mult.h:67->firmware/nnet_utils/nnet_dense_latency.h:96]   --->   Operation 63 'sext' 'sext_ln1118_17' <Predicate = true> <Delay = 0.00>
ST_1 : Operation 64 [1/1] (0.54ns)   --->   "%sub_ln1118_7 = sub i14 %sext_ln1118_16, %sext_ln1118_17" [firmware/nnet_utils/nnet_mult.h:67->firmware/nnet_utils/nnet_dense_latency.h:96]   --->   Operation 64 'sub' 'sub_ln1118_7' <Predicate = true> <Delay = 0.54> <Core = "AddSub">   --->   Core 14 'AddSub' <Latency = 0> <II = 1> <Delay = 0.52> <FuncUnit> <Opcode : 'add' 'sub'> <InPorts = 2> <OutPorts = 1>
ST_1 : Operation 65 [1/1] (0.00ns)   --->   "%trunc_ln708_106 = call i12 @_ssdm_op_PartSelect.i12.i14.i32.i32(i14 %sub_ln1118_7, i32 2, i32 13)" [firmware/nnet_utils/nnet_mult.h:67->firmware/nnet_utils/nnet_dense_latency.h:96]   --->   Operation 65 'partselect' 'trunc_ln708_106' <Predicate = true> <Delay = 0.00>
ST_1 : Operation 66 [1/1] (0.00ns)   --->   "%sext_ln1118_18 = sext i12 %trunc_ln708_106 to i13" [firmware/nnet_utils/nnet_mult.h:67->firmware/nnet_utils/nnet_dense_latency.h:96]   --->   Operation 66 'sext' 'sext_ln1118_18' <Predicate = true> <Delay = 0.00>
ST_1 : Operation 67 [1/1] (0.54ns)   --->   "%sub_ln1118_8 = sub i14 0, %sext_ln1118_16" [firmware/nnet_utils/nnet_mult.h:67->firmware/nnet_utils/nnet_dense_latency.h:96]   --->   Operation 67 'sub' 'sub_ln1118_8' <Predicate = true> <Delay = 0.54> <Core = "AddSub">   --->   Core 14 'AddSub' <Latency = 0> <II = 1> <Delay = 0.52> <FuncUnit> <Opcode : 'add' 'sub'> <InPorts = 2> <OutPorts = 1>
ST_1 : Operation 68 [1/1] (0.00ns)   --->   "%trunc_ln708_107 = call i12 @_ssdm_op_PartSelect.i12.i14.i32.i32(i14 %sub_ln1118_8, i32 2, i32 13)" [firmware/nnet_utils/nnet_mult.h:67->firmware/nnet_utils/nnet_dense_latency.h:96]   --->   Operation 68 'partselect' 'trunc_ln708_107' <Predicate = true> <Delay = 0.00>
ST_1 : Operation 69 [1/1] (0.00ns)   --->   "%sext_ln1116_5 = sext i12 %trunc_ln708_107 to i13" [firmware/nnet_utils/nnet_mult.h:67->firmware/nnet_utils/nnet_dense_latency.h:96]   --->   Operation 69 'sext' 'sext_ln1116_5' <Predicate = true> <Delay = 0.00>
ST_1 : Operation 70 [1/1] (0.00ns)   --->   "%shl_ln1118_11 = call i13 @_ssdm_op_BitConcatenate.i13.i7.i6(i7 %data_8_V_read_4, i6 0)" [firmware/nnet_utils/nnet_mult.h:67->firmware/nnet_utils/nnet_dense_latency.h:96]   --->   Operation 70 'bitconcatenate' 'shl_ln1118_11' <Predicate = true> <Delay = 0.00>
ST_1 : Operation 71 [1/1] (0.00ns)   --->   "%sext_ln1118_19 = sext i13 %shl_ln1118_11 to i14" [firmware/nnet_utils/nnet_mult.h:67->firmware/nnet_utils/nnet_dense_latency.h:96]   --->   Operation 71 'sext' 'sext_ln1118_19' <Predicate = true> <Delay = 0.00>
ST_1 : Operation 72 [1/1] (0.00ns)   --->   "%shl_ln1118_12 = call i8 @_ssdm_op_BitConcatenate.i8.i7.i1(i7 %data_8_V_read_4, i1 false)" [firmware/nnet_utils/nnet_mult.h:67->firmware/nnet_utils/nnet_dense_latency.h:96]   --->   Operation 72 'bitconcatenate' 'shl_ln1118_12' <Predicate = true> <Delay = 0.00>
ST_1 : Operation 73 [1/1] (0.00ns)   --->   "%sext_ln1118_20 = sext i8 %shl_ln1118_12 to i14" [firmware/nnet_utils/nnet_mult.h:67->firmware/nnet_utils/nnet_dense_latency.h:96]   --->   Operation 73 'sext' 'sext_ln1118_20' <Predicate = true> <Delay = 0.00>
ST_1 : Operation 74 [1/1] (0.54ns)   --->   "%sub_ln1118_9 = sub i14 %sext_ln1118_19, %sext_ln1118_20" [firmware/nnet_utils/nnet_mult.h:67->firmware/nnet_utils/nnet_dense_latency.h:96]   --->   Operation 74 'sub' 'sub_ln1118_9' <Predicate = true> <Delay = 0.54> <Core = "AddSub">   --->   Core 14 'AddSub' <Latency = 0> <II = 1> <Delay = 0.52> <FuncUnit> <Opcode : 'add' 'sub'> <InPorts = 2> <OutPorts = 1>
ST_1 : Operation 75 [1/1] (0.00ns)   --->   "%trunc_ln708_108 = call i12 @_ssdm_op_PartSelect.i12.i14.i32.i32(i14 %sub_ln1118_9, i32 2, i32 13)" [firmware/nnet_utils/nnet_mult.h:67->firmware/nnet_utils/nnet_dense_latency.h:96]   --->   Operation 75 'partselect' 'trunc_ln708_108' <Predicate = true> <Delay = 0.00>
ST_1 : Operation 76 [1/1] (0.00ns)   --->   "%sext_ln1116_6 = sext i12 %trunc_ln708_108 to i14" [firmware/nnet_utils/nnet_mult.h:67->firmware/nnet_utils/nnet_dense_latency.h:96]   --->   Operation 76 'sext' 'sext_ln1116_6' <Predicate = true> <Delay = 0.00>
ST_1 : Operation 77 [1/1] (0.00ns)   --->   "%shl_ln1118_13 = call i13 @_ssdm_op_BitConcatenate.i13.i7.i6(i7 %data_9_V_read_4, i6 0)" [firmware/nnet_utils/nnet_mult.h:67->firmware/nnet_utils/nnet_dense_latency.h:96]   --->   Operation 77 'bitconcatenate' 'shl_ln1118_13' <Predicate = true> <Delay = 0.00>
ST_1 : Operation 78 [1/1] (0.00ns)   --->   "%sext_ln1118_21 = sext i13 %shl_ln1118_13 to i14" [firmware/nnet_utils/nnet_mult.h:67->firmware/nnet_utils/nnet_dense_latency.h:96]   --->   Operation 78 'sext' 'sext_ln1118_21' <Predicate = true> <Delay = 0.00>
ST_1 : Operation 79 [1/1] (0.00ns)   --->   "%shl_ln1118_14 = call i8 @_ssdm_op_BitConcatenate.i8.i7.i1(i7 %data_9_V_read_4, i1 false)" [firmware/nnet_utils/nnet_mult.h:67->firmware/nnet_utils/nnet_dense_latency.h:96]   --->   Operation 79 'bitconcatenate' 'shl_ln1118_14' <Predicate = true> <Delay = 0.00>
ST_1 : Operation 80 [1/1] (0.00ns)   --->   "%sext_ln1118_22 = sext i8 %shl_ln1118_14 to i14" [firmware/nnet_utils/nnet_mult.h:67->firmware/nnet_utils/nnet_dense_latency.h:96]   --->   Operation 80 'sext' 'sext_ln1118_22' <Predicate = true> <Delay = 0.00>
ST_1 : Operation 81 [1/1] (0.54ns)   --->   "%sub_ln1118_10 = sub i14 %sext_ln1118_21, %sext_ln1118_22" [firmware/nnet_utils/nnet_mult.h:67->firmware/nnet_utils/nnet_dense_latency.h:96]   --->   Operation 81 'sub' 'sub_ln1118_10' <Predicate = true> <Delay = 0.54> <Core = "AddSub">   --->   Core 14 'AddSub' <Latency = 0> <II = 1> <Delay = 0.52> <FuncUnit> <Opcode : 'add' 'sub'> <InPorts = 2> <OutPorts = 1>
ST_1 : Operation 82 [1/1] (0.00ns)   --->   "%trunc_ln708_109 = call i12 @_ssdm_op_PartSelect.i12.i14.i32.i32(i14 %sub_ln1118_10, i32 2, i32 13)" [firmware/nnet_utils/nnet_mult.h:67->firmware/nnet_utils/nnet_dense_latency.h:96]   --->   Operation 82 'partselect' 'trunc_ln708_109' <Predicate = true> <Delay = 0.00>
ST_1 : Operation 83 [1/1] (0.00ns)   --->   "%sext_ln1116_7 = sext i12 %trunc_ln708_109 to i13" [firmware/nnet_utils/nnet_mult.h:67->firmware/nnet_utils/nnet_dense_latency.h:96]   --->   Operation 83 'sext' 'sext_ln1116_7' <Predicate = true> <Delay = 0.00>
ST_1 : Operation 84 [1/1] (0.00ns)   --->   "%shl_ln1118_15 = call i13 @_ssdm_op_BitConcatenate.i13.i7.i6(i7 %data_10_V_read_4, i6 0)" [firmware/nnet_utils/nnet_mult.h:67->firmware/nnet_utils/nnet_dense_latency.h:96]   --->   Operation 84 'bitconcatenate' 'shl_ln1118_15' <Predicate = true> <Delay = 0.00>
ST_1 : Operation 85 [1/1] (0.00ns)   --->   "%sext_ln1118_23 = sext i13 %shl_ln1118_15 to i14" [firmware/nnet_utils/nnet_mult.h:67->firmware/nnet_utils/nnet_dense_latency.h:96]   --->   Operation 85 'sext' 'sext_ln1118_23' <Predicate = true> <Delay = 0.00>
ST_1 : Operation 86 [1/1] (0.00ns)   --->   "%shl_ln1118_16 = call i8 @_ssdm_op_BitConcatenate.i8.i7.i1(i7 %data_10_V_read_4, i1 false)" [firmware/nnet_utils/nnet_mult.h:67->firmware/nnet_utils/nnet_dense_latency.h:96]   --->   Operation 86 'bitconcatenate' 'shl_ln1118_16' <Predicate = true> <Delay = 0.00>
ST_1 : Operation 87 [1/1] (0.00ns)   --->   "%sext_ln1118_24 = sext i8 %shl_ln1118_16 to i14" [firmware/nnet_utils/nnet_mult.h:67->firmware/nnet_utils/nnet_dense_latency.h:96]   --->   Operation 87 'sext' 'sext_ln1118_24' <Predicate = true> <Delay = 0.00>
ST_1 : Operation 88 [1/1] (0.54ns)   --->   "%sub_ln1118_11 = sub i14 %sext_ln1118_23, %sext_ln1118_24" [firmware/nnet_utils/nnet_mult.h:67->firmware/nnet_utils/nnet_dense_latency.h:96]   --->   Operation 88 'sub' 'sub_ln1118_11' <Predicate = true> <Delay = 0.54> <Core = "AddSub">   --->   Core 14 'AddSub' <Latency = 0> <II = 1> <Delay = 0.52> <FuncUnit> <Opcode : 'add' 'sub'> <InPorts = 2> <OutPorts = 1>
ST_1 : Operation 89 [1/1] (0.00ns)   --->   "%trunc_ln708_110 = call i12 @_ssdm_op_PartSelect.i12.i14.i32.i32(i14 %sub_ln1118_11, i32 2, i32 13)" [firmware/nnet_utils/nnet_mult.h:67->firmware/nnet_utils/nnet_dense_latency.h:96]   --->   Operation 89 'partselect' 'trunc_ln708_110' <Predicate = true> <Delay = 0.00>
ST_1 : Operation 90 [1/1] (0.00ns)   --->   "%sext_ln1116_8 = sext i12 %trunc_ln708_110 to i14" [firmware/nnet_utils/nnet_mult.h:67->firmware/nnet_utils/nnet_dense_latency.h:96]   --->   Operation 90 'sext' 'sext_ln1116_8' <Predicate = true> <Delay = 0.00>
ST_1 : Operation 91 [1/1] (0.00ns)   --->   "%shl_ln1118_17 = call i13 @_ssdm_op_BitConcatenate.i13.i7.i6(i7 %data_11_V_read_3, i6 0)" [firmware/nnet_utils/nnet_mult.h:67->firmware/nnet_utils/nnet_dense_latency.h:96]   --->   Operation 91 'bitconcatenate' 'shl_ln1118_17' <Predicate = true> <Delay = 0.00>
ST_1 : Operation 92 [1/1] (0.00ns)   --->   "%sext_ln1118_25 = sext i13 %shl_ln1118_17 to i14" [firmware/nnet_utils/nnet_mult.h:67->firmware/nnet_utils/nnet_dense_latency.h:96]   --->   Operation 92 'sext' 'sext_ln1118_25' <Predicate = true> <Delay = 0.00>
ST_1 : Operation 93 [1/1] (0.54ns)   --->   "%sub_ln1118_12 = sub i14 0, %sext_ln1118_25" [firmware/nnet_utils/nnet_mult.h:67->firmware/nnet_utils/nnet_dense_latency.h:96]   --->   Operation 93 'sub' 'sub_ln1118_12' <Predicate = true> <Delay = 0.54> <Core = "AddSub">   --->   Core 14 'AddSub' <Latency = 0> <II = 1> <Delay = 0.52> <FuncUnit> <Opcode : 'add' 'sub'> <InPorts = 2> <OutPorts = 1>
ST_1 : Operation 94 [1/1] (0.00ns)   --->   "%trunc_ln708_111 = call i12 @_ssdm_op_PartSelect.i12.i14.i32.i32(i14 %sub_ln1118_12, i32 2, i32 13)" [firmware/nnet_utils/nnet_mult.h:67->firmware/nnet_utils/nnet_dense_latency.h:96]   --->   Operation 94 'partselect' 'trunc_ln708_111' <Predicate = true> <Delay = 0.00>
ST_1 : Operation 95 [1/1] (0.00ns)   --->   "%sext_ln1116_9 = sext i12 %trunc_ln708_111 to i13" [firmware/nnet_utils/nnet_mult.h:67->firmware/nnet_utils/nnet_dense_latency.h:96]   --->   Operation 95 'sext' 'sext_ln1116_9' <Predicate = true> <Delay = 0.00>
ST_1 : Operation 96 [1/1] (0.00ns)   --->   "%shl_ln1118_18 = call i13 @_ssdm_op_BitConcatenate.i13.i7.i6(i7 %data_12_V_read11, i6 0)" [firmware/nnet_utils/nnet_mult.h:67->firmware/nnet_utils/nnet_dense_latency.h:96]   --->   Operation 96 'bitconcatenate' 'shl_ln1118_18' <Predicate = true> <Delay = 0.00>
ST_1 : Operation 97 [1/1] (0.00ns)   --->   "%sext_ln1118_26 = sext i13 %shl_ln1118_18 to i14" [firmware/nnet_utils/nnet_mult.h:67->firmware/nnet_utils/nnet_dense_latency.h:96]   --->   Operation 97 'sext' 'sext_ln1118_26' <Predicate = true> <Delay = 0.00>
ST_1 : Operation 98 [1/1] (0.54ns)   --->   "%sub_ln1118_13 = sub i14 0, %sext_ln1118_26" [firmware/nnet_utils/nnet_mult.h:67->firmware/nnet_utils/nnet_dense_latency.h:96]   --->   Operation 98 'sub' 'sub_ln1118_13' <Predicate = true> <Delay = 0.54> <Core = "AddSub">   --->   Core 14 'AddSub' <Latency = 0> <II = 1> <Delay = 0.52> <FuncUnit> <Opcode : 'add' 'sub'> <InPorts = 2> <OutPorts = 1>
ST_1 : Operation 99 [1/1] (0.00ns)   --->   "%trunc_ln708_112 = call i12 @_ssdm_op_PartSelect.i12.i14.i32.i32(i14 %sub_ln1118_13, i32 2, i32 13)" [firmware/nnet_utils/nnet_mult.h:67->firmware/nnet_utils/nnet_dense_latency.h:96]   --->   Operation 99 'partselect' 'trunc_ln708_112' <Predicate = true> <Delay = 0.00>
ST_1 : Operation 100 [1/1] (0.00ns)   --->   "%sext_ln1116_10 = sext i12 %trunc_ln708_112 to i14" [firmware/nnet_utils/nnet_mult.h:67->firmware/nnet_utils/nnet_dense_latency.h:96]   --->   Operation 100 'sext' 'sext_ln1116_10' <Predicate = true> <Delay = 0.00>
ST_1 : Operation 101 [1/1] (0.00ns)   --->   "%sext_ln1116_11 = sext i12 %trunc_ln708_112 to i13" [firmware/nnet_utils/nnet_mult.h:67->firmware/nnet_utils/nnet_dense_latency.h:96]   --->   Operation 101 'sext' 'sext_ln1116_11' <Predicate = true> <Delay = 0.00>
ST_1 : Operation 102 [1/1] (0.00ns)   --->   "%shl_ln1118_19 = call i13 @_ssdm_op_BitConcatenate.i13.i7.i6(i7 %data_14_V_read12, i6 0)" [firmware/nnet_utils/nnet_mult.h:67->firmware/nnet_utils/nnet_dense_latency.h:96]   --->   Operation 102 'bitconcatenate' 'shl_ln1118_19' <Predicate = true> <Delay = 0.00>
ST_1 : Operation 103 [1/1] (0.00ns)   --->   "%sext_ln1118_27 = sext i13 %shl_ln1118_19 to i14" [firmware/nnet_utils/nnet_mult.h:67->firmware/nnet_utils/nnet_dense_latency.h:96]   --->   Operation 103 'sext' 'sext_ln1118_27' <Predicate = true> <Delay = 0.00>
ST_1 : Operation 104 [1/1] (0.54ns)   --->   "%sub_ln1118_14 = sub i14 0, %sext_ln1118_27" [firmware/nnet_utils/nnet_mult.h:67->firmware/nnet_utils/nnet_dense_latency.h:96]   --->   Operation 104 'sub' 'sub_ln1118_14' <Predicate = true> <Delay = 0.54> <Core = "AddSub">   --->   Core 14 'AddSub' <Latency = 0> <II = 1> <Delay = 0.52> <FuncUnit> <Opcode : 'add' 'sub'> <InPorts = 2> <OutPorts = 1>
ST_1 : Operation 105 [1/1] (0.00ns)   --->   "%trunc_ln708_113 = call i12 @_ssdm_op_PartSelect.i12.i14.i32.i32(i14 %sub_ln1118_14, i32 2, i32 13)" [firmware/nnet_utils/nnet_mult.h:67->firmware/nnet_utils/nnet_dense_latency.h:96]   --->   Operation 105 'partselect' 'trunc_ln708_113' <Predicate = true> <Delay = 0.00>
ST_1 : Operation 106 [1/1] (0.00ns)   --->   "%sext_ln1118_28 = sext i12 %trunc_ln708_113 to i13" [firmware/nnet_utils/nnet_mult.h:67->firmware/nnet_utils/nnet_dense_latency.h:96]   --->   Operation 106 'sext' 'sext_ln1118_28' <Predicate = true> <Delay = 0.00>
ST_1 : Operation 107 [1/1] (0.00ns)   --->   "%shl_ln1118_20 = call i8 @_ssdm_op_BitConcatenate.i8.i7.i1(i7 %data_14_V_read12, i1 false)" [firmware/nnet_utils/nnet_mult.h:67->firmware/nnet_utils/nnet_dense_latency.h:96]   --->   Operation 107 'bitconcatenate' 'shl_ln1118_20' <Predicate = true> <Delay = 0.00>
ST_1 : Operation 108 [1/1] (0.00ns)   --->   "%sext_ln1118_29 = sext i8 %shl_ln1118_20 to i14" [firmware/nnet_utils/nnet_mult.h:67->firmware/nnet_utils/nnet_dense_latency.h:96]   --->   Operation 108 'sext' 'sext_ln1118_29' <Predicate = true> <Delay = 0.00>
ST_1 : Operation 109 [1/1] (0.54ns)   --->   "%sub_ln1118_15 = sub i14 %sext_ln1118_27, %sext_ln1118_29" [firmware/nnet_utils/nnet_mult.h:67->firmware/nnet_utils/nnet_dense_latency.h:96]   --->   Operation 109 'sub' 'sub_ln1118_15' <Predicate = true> <Delay = 0.54> <Core = "AddSub">   --->   Core 14 'AddSub' <Latency = 0> <II = 1> <Delay = 0.52> <FuncUnit> <Opcode : 'add' 'sub'> <InPorts = 2> <OutPorts = 1>
ST_1 : Operation 110 [1/1] (0.00ns)   --->   "%trunc_ln708_114 = call i12 @_ssdm_op_PartSelect.i12.i14.i32.i32(i14 %sub_ln1118_15, i32 2, i32 13)" [firmware/nnet_utils/nnet_mult.h:67->firmware/nnet_utils/nnet_dense_latency.h:96]   --->   Operation 110 'partselect' 'trunc_ln708_114' <Predicate = true> <Delay = 0.00>
ST_1 : Operation 111 [1/1] (0.00ns)   --->   "%sext_ln1116_12 = sext i12 %trunc_ln708_114 to i13" [firmware/nnet_utils/nnet_mult.h:67->firmware/nnet_utils/nnet_dense_latency.h:96]   --->   Operation 111 'sext' 'sext_ln1116_12' <Predicate = true> <Delay = 0.00>
ST_1 : Operation 112 [1/1] (0.00ns)   --->   "%shl_ln1118_21 = call i13 @_ssdm_op_BitConcatenate.i13.i7.i6(i7 %data_15_V_read13, i6 0)" [firmware/nnet_utils/nnet_mult.h:67->firmware/nnet_utils/nnet_dense_latency.h:96]   --->   Operation 112 'bitconcatenate' 'shl_ln1118_21' <Predicate = true> <Delay = 0.00>
ST_1 : Operation 113 [1/1] (0.00ns)   --->   "%sext_ln1118_30 = sext i13 %shl_ln1118_21 to i14" [firmware/nnet_utils/nnet_mult.h:67->firmware/nnet_utils/nnet_dense_latency.h:96]   --->   Operation 113 'sext' 'sext_ln1118_30' <Predicate = true> <Delay = 0.00>
ST_1 : Operation 114 [1/1] (0.00ns)   --->   "%shl_ln1118_22 = call i8 @_ssdm_op_BitConcatenate.i8.i7.i1(i7 %data_15_V_read13, i1 false)" [firmware/nnet_utils/nnet_mult.h:67->firmware/nnet_utils/nnet_dense_latency.h:96]   --->   Operation 114 'bitconcatenate' 'shl_ln1118_22' <Predicate = true> <Delay = 0.00>
ST_1 : Operation 115 [1/1] (0.00ns)   --->   "%sext_ln1118_31 = sext i8 %shl_ln1118_22 to i14" [firmware/nnet_utils/nnet_mult.h:67->firmware/nnet_utils/nnet_dense_latency.h:96]   --->   Operation 115 'sext' 'sext_ln1118_31' <Predicate = true> <Delay = 0.00>
ST_1 : Operation 116 [1/1] (0.54ns)   --->   "%sub_ln1118_16 = sub i14 %sext_ln1118_30, %sext_ln1118_31" [firmware/nnet_utils/nnet_mult.h:67->firmware/nnet_utils/nnet_dense_latency.h:96]   --->   Operation 116 'sub' 'sub_ln1118_16' <Predicate = true> <Delay = 0.54> <Core = "AddSub">   --->   Core 14 'AddSub' <Latency = 0> <II = 1> <Delay = 0.52> <FuncUnit> <Opcode : 'add' 'sub'> <InPorts = 2> <OutPorts = 1>
ST_1 : Operation 117 [1/1] (0.00ns)   --->   "%trunc_ln708_115 = call i12 @_ssdm_op_PartSelect.i12.i14.i32.i32(i14 %sub_ln1118_16, i32 2, i32 13)" [firmware/nnet_utils/nnet_mult.h:67->firmware/nnet_utils/nnet_dense_latency.h:96]   --->   Operation 117 'partselect' 'trunc_ln708_115' <Predicate = true> <Delay = 0.00>
ST_1 : Operation 118 [1/1] (0.00ns)   --->   "%sext_ln703 = sext i12 %trunc_ln708_115 to i13" [firmware/nnet_utils/nnet_dense_latency.h:115]   --->   Operation 118 'sext' 'sext_ln703' <Predicate = true> <Delay = 0.00>
ST_1 : Operation 119 [1/1] (0.52ns)   --->   "%add_ln703 = add i13 %sext_ln1118_18, %sext_ln1118_9" [firmware/nnet_utils/nnet_dense_latency.h:115]   --->   Operation 119 'add' 'add_ln703' <Predicate = true> <Delay = 0.52> <Core = "AddSub">   --->   Core 14 'AddSub' <Latency = 0> <II = 1> <Delay = 0.52> <FuncUnit> <Opcode : 'add' 'sub'> <InPorts = 2> <OutPorts = 1>
ST_1 : Operation 120 [1/1] (0.00ns)   --->   "%sext_ln703_1 = sext i13 %add_ln703 to i15" [firmware/nnet_utils/nnet_dense_latency.h:115]   --->   Operation 120 'sext' 'sext_ln703_1' <Predicate = true> <Delay = 0.00>
ST_1 : Operation 121 [1/1] (0.52ns)   --->   "%add_ln703_4 = add i13 %sext_ln1116_11, -96" [firmware/nnet_utils/nnet_dense_latency.h:115]   --->   Operation 121 'add' 'add_ln703_4' <Predicate = true> <Delay = 0.52> <Core = "AddSub">   --->   Core 14 'AddSub' <Latency = 0> <II = 1> <Delay = 0.52> <FuncUnit> <Opcode : 'add' 'sub'> <InPorts = 2> <OutPorts = 1>
ST_1 : Operation 122 [1/1] (0.00ns)   --->   "%sext_ln703_2 = sext i13 %add_ln703_4 to i14" [firmware/nnet_utils/nnet_dense_latency.h:115]   --->   Operation 122 'sext' 'sext_ln703_2' <Predicate = true> <Delay = 0.00>
ST_1 : Operation 123 [1/1] (0.54ns)   --->   "%add_ln703_5 = add i14 %sext_ln1116_8, %sext_ln703_2" [firmware/nnet_utils/nnet_dense_latency.h:115]   --->   Operation 123 'add' 'add_ln703_5' <Predicate = true> <Delay = 0.54> <Core = "AddSub">   --->   Core 14 'AddSub' <Latency = 0> <II = 1> <Delay = 0.52> <FuncUnit> <Opcode : 'add' 'sub'> <InPorts = 2> <OutPorts = 1>
ST_1 : Operation 124 [1/1] (0.00ns)   --->   "%sext_ln703_3 = sext i14 %add_ln703_5 to i15" [firmware/nnet_utils/nnet_dense_latency.h:115]   --->   Operation 124 'sext' 'sext_ln703_3' <Predicate = true> <Delay = 0.00>
ST_1 : Operation 125 [1/1] (0.55ns)   --->   "%add_ln703_6 = add i15 %sext_ln703_1, %sext_ln703_3" [firmware/nnet_utils/nnet_dense_latency.h:115]   --->   Operation 125 'add' 'add_ln703_6' <Predicate = true> <Delay = 0.55> <Core = "AddSub">   --->   Core 14 'AddSub' <Latency = 0> <II = 1> <Delay = 0.52> <FuncUnit> <Opcode : 'add' 'sub'> <InPorts = 2> <OutPorts = 1>
ST_1 : Operation 126 [1/1] (0.00ns)   --->   "%sext_ln703_4 = sext i15 %add_ln703_6 to i16" [firmware/nnet_utils/nnet_dense_latency.h:115]   --->   Operation 126 'sext' 'sext_ln703_4' <Predicate = true> <Delay = 0.00>
ST_1 : Operation 127 [1/1] (0.52ns)   --->   "%add_ln703_7 = add i13 %sext_ln1116_11, -32" [firmware/nnet_utils/nnet_dense_latency.h:115]   --->   Operation 127 'add' 'add_ln703_7' <Predicate = true> <Delay = 0.52> <Core = "AddSub">   --->   Core 14 'AddSub' <Latency = 0> <II = 1> <Delay = 0.52> <FuncUnit> <Opcode : 'add' 'sub'> <InPorts = 2> <OutPorts = 1>
ST_1 : Operation 128 [1/1] (0.00ns)   --->   "%sext_ln703_5 = sext i13 %add_ln703_7 to i14" [firmware/nnet_utils/nnet_dense_latency.h:115]   --->   Operation 128 'sext' 'sext_ln703_5' <Predicate = true> <Delay = 0.00>
ST_1 : Operation 129 [1/1] (0.54ns)   --->   "%acc_1_V = add i14 %sext_ln1116_6, %sext_ln703_5" [firmware/nnet_utils/nnet_dense_latency.h:115]   --->   Operation 129 'add' 'acc_1_V' <Predicate = true> <Delay = 0.54> <Core = "AddSub">   --->   Core 14 'AddSub' <Latency = 0> <II = 1> <Delay = 0.52> <FuncUnit> <Opcode : 'add' 'sub'> <InPorts = 2> <OutPorts = 1>
ST_1 : Operation 130 [1/1] (0.00ns)   --->   "%sext_ln703_6 = sext i14 %acc_1_V to i16" [firmware/nnet_utils/nnet_dense_latency.h:115]   --->   Operation 130 'sext' 'sext_ln703_6' <Predicate = true> <Delay = 0.00>
ST_1 : Operation 131 [1/1] (0.52ns)   --->   "%add_ln703_9 = add i13 %sext_ln1116_1, %sext_ln1116" [firmware/nnet_utils/nnet_dense_latency.h:115]   --->   Operation 131 'add' 'add_ln703_9' <Predicate = true> <Delay = 0.52> <Core = "AddSub">   --->   Core 14 'AddSub' <Latency = 0> <II = 1> <Delay = 0.52> <FuncUnit> <Opcode : 'add' 'sub'> <InPorts = 2> <OutPorts = 1>
ST_1 : Operation 132 [1/1] (0.00ns)   --->   "%sext_ln703_7 = sext i13 %add_ln703_9 to i14" [firmware/nnet_utils/nnet_dense_latency.h:115]   --->   Operation 132 'sext' 'sext_ln703_7' <Predicate = true> <Delay = 0.00>
ST_1 : Operation 133 [1/1] (0.52ns)   --->   "%add_ln703_10 = add i13 %sext_ln1116_4, %sext_ln1118_12" [firmware/nnet_utils/nnet_dense_latency.h:115]   --->   Operation 133 'add' 'add_ln703_10' <Predicate = true> <Delay = 0.52> <Core = "AddSub">   --->   Core 14 'AddSub' <Latency = 0> <II = 1> <Delay = 0.52> <FuncUnit> <Opcode : 'add' 'sub'> <InPorts = 2> <OutPorts = 1>
ST_1 : Operation 134 [1/1] (0.00ns)   --->   "%sext_ln703_8 = sext i13 %add_ln703_10 to i14" [firmware/nnet_utils/nnet_dense_latency.h:115]   --->   Operation 134 'sext' 'sext_ln703_8' <Predicate = true> <Delay = 0.00>
ST_1 : Operation 135 [1/1] (0.54ns)   --->   "%add_ln703_11 = add i14 %sext_ln703_7, %sext_ln703_8" [firmware/nnet_utils/nnet_dense_latency.h:115]   --->   Operation 135 'add' 'add_ln703_11' <Predicate = true> <Delay = 0.54> <Core = "AddSub">   --->   Core 14 'AddSub' <Latency = 0> <II = 1> <Delay = 0.52> <FuncUnit> <Opcode : 'add' 'sub'> <InPorts = 2> <OutPorts = 1>
ST_1 : Operation 136 [1/1] (0.00ns)   --->   "%sext_ln703_9 = sext i14 %add_ln703_11 to i15" [firmware/nnet_utils/nnet_dense_latency.h:115]   --->   Operation 136 'sext' 'sext_ln703_9' <Predicate = true> <Delay = 0.00>
ST_1 : Operation 137 [1/1] (0.52ns)   --->   "%add_ln703_12 = add i13 %sext_ln1116_9, %sext_ln1116_7" [firmware/nnet_utils/nnet_dense_latency.h:115]   --->   Operation 137 'add' 'add_ln703_12' <Predicate = true> <Delay = 0.52> <Core = "AddSub">   --->   Core 14 'AddSub' <Latency = 0> <II = 1> <Delay = 0.52> <FuncUnit> <Opcode : 'add' 'sub'> <InPorts = 2> <OutPorts = 1>
ST_1 : Operation 138 [1/1] (0.00ns)   --->   "%sext_ln703_10 = sext i13 %add_ln703_12 to i14" [firmware/nnet_utils/nnet_dense_latency.h:115]   --->   Operation 138 'sext' 'sext_ln703_10' <Predicate = true> <Delay = 0.00>
ST_1 : Operation 139 [1/1] (0.52ns)   --->   "%add_ln703_13 = add i13 %sext_ln1118_28, 352" [firmware/nnet_utils/nnet_dense_latency.h:115]   --->   Operation 139 'add' 'add_ln703_13' <Predicate = true> <Delay = 0.52> <Core = "AddSub">   --->   Core 14 'AddSub' <Latency = 0> <II = 1> <Delay = 0.52> <FuncUnit> <Opcode : 'add' 'sub'> <InPorts = 2> <OutPorts = 1>
ST_1 : Operation 140 [1/1] (0.00ns)   --->   "%sext_ln703_11 = sext i13 %add_ln703_13 to i14" [firmware/nnet_utils/nnet_dense_latency.h:115]   --->   Operation 140 'sext' 'sext_ln703_11' <Predicate = true> <Delay = 0.00>
ST_1 : Operation 141 [1/1] (0.54ns)   --->   "%add_ln703_14 = add i14 %sext_ln703_10, %sext_ln703_11" [firmware/nnet_utils/nnet_dense_latency.h:115]   --->   Operation 141 'add' 'add_ln703_14' <Predicate = true> <Delay = 0.54> <Core = "AddSub">   --->   Core 14 'AddSub' <Latency = 0> <II = 1> <Delay = 0.52> <FuncUnit> <Opcode : 'add' 'sub'> <InPorts = 2> <OutPorts = 1>
ST_1 : Operation 142 [1/1] (0.00ns)   --->   "%sext_ln703_12 = sext i14 %add_ln703_14 to i15" [firmware/nnet_utils/nnet_dense_latency.h:115]   --->   Operation 142 'sext' 'sext_ln703_12' <Predicate = true> <Delay = 0.00>
ST_1 : Operation 143 [1/1] (0.55ns)   --->   "%acc_2_V = add i15 %sext_ln703_9, %sext_ln703_12" [firmware/nnet_utils/nnet_dense_latency.h:115]   --->   Operation 143 'add' 'acc_2_V' <Predicate = true> <Delay = 0.55> <Core = "AddSub">   --->   Core 14 'AddSub' <Latency = 0> <II = 1> <Delay = 0.52> <FuncUnit> <Opcode : 'add' 'sub'> <InPorts = 2> <OutPorts = 1>
ST_1 : Operation 144 [1/1] (0.00ns)   --->   "%sext_ln703_13 = sext i15 %acc_2_V to i16" [firmware/nnet_utils/nnet_dense_latency.h:115]   --->   Operation 144 'sext' 'sext_ln703_13' <Predicate = true> <Delay = 0.00>
ST_1 : Operation 145 [1/1] (0.52ns)   --->   "%add_ln703_16 = add i13 %sext_ln1116_5, %sext_ln1116_2" [firmware/nnet_utils/nnet_dense_latency.h:115]   --->   Operation 145 'add' 'add_ln703_16' <Predicate = true> <Delay = 0.52> <Core = "AddSub">   --->   Core 14 'AddSub' <Latency = 0> <II = 1> <Delay = 0.52> <FuncUnit> <Opcode : 'add' 'sub'> <InPorts = 2> <OutPorts = 1>
ST_1 : Operation 146 [1/1] (0.00ns)   --->   "%sext_ln703_14 = sext i13 %add_ln703_16 to i14" [firmware/nnet_utils/nnet_dense_latency.h:115]   --->   Operation 146 'sext' 'sext_ln703_14' <Predicate = true> <Delay = 0.00>
ST_1 : Operation 147 [1/1] (0.54ns)   --->   "%add_ln703_17 = add i14 %sext_ln1116_3, %sext_ln703_14" [firmware/nnet_utils/nnet_dense_latency.h:115]   --->   Operation 147 'add' 'add_ln703_17' <Predicate = true> <Delay = 0.54> <Core = "AddSub">   --->   Core 14 'AddSub' <Latency = 0> <II = 1> <Delay = 0.52> <FuncUnit> <Opcode : 'add' 'sub'> <InPorts = 2> <OutPorts = 1>
ST_1 : Operation 148 [1/1] (0.00ns)   --->   "%sext_ln703_15 = sext i14 %add_ln703_17 to i15" [firmware/nnet_utils/nnet_dense_latency.h:115]   --->   Operation 148 'sext' 'sext_ln703_15' <Predicate = true> <Delay = 0.00>
ST_1 : Operation 149 [1/1] (0.52ns)   --->   "%add_ln703_18 = add i13 %sext_ln703, %sext_ln1116_12" [firmware/nnet_utils/nnet_dense_latency.h:115]   --->   Operation 149 'add' 'add_ln703_18' <Predicate = true> <Delay = 0.52> <Core = "AddSub">   --->   Core 14 'AddSub' <Latency = 0> <II = 1> <Delay = 0.52> <FuncUnit> <Opcode : 'add' 'sub'> <InPorts = 2> <OutPorts = 1>
ST_1 : Operation 150 [1/1] (0.00ns)   --->   "%sext_ln703_16 = sext i13 %add_ln703_18 to i14" [firmware/nnet_utils/nnet_dense_latency.h:115]   --->   Operation 150 'sext' 'sext_ln703_16' <Predicate = true> <Delay = 0.00>
ST_1 : Operation 151 [1/1] (0.54ns)   --->   "%add_ln703_19 = add i14 %sext_ln1116_10, %sext_ln703_16" [firmware/nnet_utils/nnet_dense_latency.h:115]   --->   Operation 151 'add' 'add_ln703_19' <Predicate = true> <Delay = 0.54> <Core = "AddSub">   --->   Core 14 'AddSub' <Latency = 0> <II = 1> <Delay = 0.52> <FuncUnit> <Opcode : 'add' 'sub'> <InPorts = 2> <OutPorts = 1>
ST_1 : Operation 152 [1/1] (0.00ns)   --->   "%sext_ln703_17 = sext i14 %add_ln703_19 to i15" [firmware/nnet_utils/nnet_dense_latency.h:115]   --->   Operation 152 'sext' 'sext_ln703_17' <Predicate = true> <Delay = 0.00>
ST_1 : Operation 153 [1/1] (0.55ns)   --->   "%acc_3_V = add i15 %sext_ln703_15, %sext_ln703_17" [firmware/nnet_utils/nnet_dense_latency.h:115]   --->   Operation 153 'add' 'acc_3_V' <Predicate = true> <Delay = 0.55> <Core = "AddSub">   --->   Core 14 'AddSub' <Latency = 0> <II = 1> <Delay = 0.52> <FuncUnit> <Opcode : 'add' 'sub'> <InPorts = 2> <OutPorts = 1>
ST_1 : Operation 154 [1/1] (0.00ns)   --->   "%sext_ln703_18 = sext i15 %acc_3_V to i16" [firmware/nnet_utils/nnet_dense_latency.h:115]   --->   Operation 154 'sext' 'sext_ln703_18' <Predicate = true> <Delay = 0.00>
ST_1 : Operation 155 [1/1] (0.52ns)   --->   "%acc_4_V = add i13 %sext_ln1116_12, -128" [firmware/nnet_utils/nnet_dense_latency.h:115]   --->   Operation 155 'add' 'acc_4_V' <Predicate = true> <Delay = 0.52> <Core = "AddSub">   --->   Core 14 'AddSub' <Latency = 0> <II = 1> <Delay = 0.52> <FuncUnit> <Opcode : 'add' 'sub'> <InPorts = 2> <OutPorts = 1>
ST_1 : Operation 156 [1/1] (0.00ns)   --->   "%sext_ln703_19 = sext i13 %acc_4_V to i16" [firmware/nnet_utils/nnet_dense_latency.h:115]   --->   Operation 156 'sext' 'sext_ln703_19' <Predicate = true> <Delay = 0.00>
ST_1 : Operation 157 [1/1] (0.00ns)   --->   "%mrv = insertvalue { i16, i16, i16, i16, i16 } undef, i16 %sext_ln703_4, 0" [firmware/nnet_utils/nnet_dense_latency.h:127]   --->   Operation 157 'insertvalue' 'mrv' <Predicate = true> <Delay = 0.00>
ST_1 : Operation 158 [1/1] (0.00ns)   --->   "%mrv_1 = insertvalue { i16, i16, i16, i16, i16 } %mrv, i16 %sext_ln703_6, 1" [firmware/nnet_utils/nnet_dense_latency.h:127]   --->   Operation 158 'insertvalue' 'mrv_1' <Predicate = true> <Delay = 0.00>
ST_1 : Operation 159 [1/1] (0.00ns)   --->   "%mrv_2 = insertvalue { i16, i16, i16, i16, i16 } %mrv_1, i16 %sext_ln703_13, 2" [firmware/nnet_utils/nnet_dense_latency.h:127]   --->   Operation 159 'insertvalue' 'mrv_2' <Predicate = true> <Delay = 0.00>
ST_1 : Operation 160 [1/1] (0.00ns)   --->   "%mrv_3 = insertvalue { i16, i16, i16, i16, i16 } %mrv_2, i16 %sext_ln703_18, 3" [firmware/nnet_utils/nnet_dense_latency.h:127]   --->   Operation 160 'insertvalue' 'mrv_3' <Predicate = true> <Delay = 0.00>
ST_1 : Operation 161 [1/1] (0.00ns)   --->   "%mrv_4 = insertvalue { i16, i16, i16, i16, i16 } %mrv_3, i16 %sext_ln703_19, 4" [firmware/nnet_utils/nnet_dense_latency.h:127]   --->   Operation 161 'insertvalue' 'mrv_4' <Predicate = true> <Delay = 0.00>
ST_1 : Operation 162 [1/1] (0.00ns)   --->   "ret { i16, i16, i16, i16, i16 } %mrv_4" [firmware/nnet_utils/nnet_dense_latency.h:127]   --->   Operation 162 'ret' <Predicate = true> <Delay = 0.00>


============================================================
+ Verbose Summary: Timing violations
============================================================
Target clock period: 5ns, clock uncertainty: 0.625ns.

 <State 1>: 2.16ns
The critical path consists of the following:
	wire read on port 'data_15_V_read' (firmware/nnet_utils/nnet_dense_latency.h:33) [14]  (0 ns)
	'sub' operation ('sub_ln1118_16', firmware/nnet_utils/nnet_mult.h:67->firmware/nnet_utils/nnet_dense_latency.h:96) [128]  (0.54 ns)
	'add' operation ('add_ln703_18', firmware/nnet_utils/nnet_dense_latency.h:115) [161]  (0.526 ns)
	'add' operation ('add_ln703_19', firmware/nnet_utils/nnet_dense_latency.h:115) [163]  (0.54 ns)
	'add' operation ('acc[3].V', firmware/nnet_utils/nnet_dense_latency.h:115) [165]  (0.555 ns)


============================================================
+ Verbose Summary: Binding
============================================================
N/A
* FSMD analyzer results:
  - Output states:
 - Input state : 
  - Chain level:
	State 1


============================================================
+ Verbose Summary: Datapath Resource usage 
============================================================
N/A
