1.3488290309906006 1.1205449104309082
1.0432649850845337 0.9841487407684326
0.9449569582939148 0.9169291257858276
0.8961220979690552 0.8842992186546326
1.0146598815917969 0.9469384551048279
0.9097127914428711 0.8867512941360474
0.8691322803497314 0.8592051863670349
0.8473516702651978 0.8414791822433472
0.8323119282722473 0.8291998505592346
0.8212574124336243 0.8196393847465515
0.812563419342041 0.8121214509010315
0.8054441809654236 0.8052356839179993
0.7989172339439392 0.7992376685142517
0.7935826182365417 0.7948185205459595
0.7888899445533752 0.7906101942062378
0.7853136658668518 0.7868909239768982
0.7817327976226807 0.7842139005661011
0.7789245247840881 0.7815027832984924
0.7761938571929932 0.7787299752235413
0.7733858823776245 0.7761229276657104
0.7710827589035034 0.7740837335586548
0.768813967704773 0.7717267274856567
0.7667914032936096 0.7697628140449524
0.7646996378898621 0.7680091261863708
0.7627378702163696 0.7660792469978333
0.7608287334442139 0.7643370032310486
0.7591214179992676 0.762532114982605
0.7575460076332092 0.761218249797821
0.7558987140655518 0.759378969669342
0.7542515397071838 0.7582988739013672
