

================================================================
== Vivado HLS Report for 'dense_latency_0_0_0_0_0_0_0_0_0_0_0_0_0_0_0_0_0'
================================================================
* Date:           Fri Jun 18 14:14:36 2021

* Version:        2019.2 (Build 2704478 on Wed Nov 06 22:10:23 MST 2019)
* Project:        myproject_prj
* Solution:       solution1
* Product family: virtexuplus
* Target device:  xcu250-figd2104-2L-e


================================================================
== Performance Estimates
================================================================
+ Timing: 
    * Summary: 
    +--------+---------+----------+------------+
    |  Clock |  Target | Estimated| Uncertainty|
    +--------+---------+----------+------------+
    |ap_clk  | 5.00 ns | 3.223 ns |   0.62 ns  |
    +--------+---------+----------+------------+

+ Latency: 
    * Summary: 
    +---------+---------+----------+----------+-----+-----+----------+
    |  Latency (cycles) |  Latency (absolute) |  Interval | Pipeline |
    |   min   |   max   |    min   |    max   | min | max |   Type   |
    +---------+---------+----------+----------+-----+-----+----------+
    |        0|        0|   0 ns   |   0 ns   |    1|    1| function |
    +---------+---------+----------+----------+-----+-----+----------+

    + Detail: 
        * Instance: 
        N/A

        * Loop: 
        N/A



================================================================
== Utilization Estimates
================================================================
* Summary: 
+---------------------+---------+-------+---------+---------+------+
|         Name        | BRAM_18K| DSP48E|    FF   |   LUT   | URAM |
+---------------------+---------+-------+---------+---------+------+
|DSP                  |        -|      -|        -|        -|     -|
|Expression           |        -|     61|        0|     1163|     -|
|FIFO                 |        -|      -|        -|        -|     -|
|Instance             |        -|      -|        -|        -|     -|
|Memory               |        -|      -|        -|        -|     -|
|Multiplexer          |        -|      -|        -|        -|     -|
|Register             |        -|      -|        -|        -|     -|
+---------------------+---------+-------+---------+---------+------+
|Total                |        0|     61|        0|     1163|     0|
+---------------------+---------+-------+---------+---------+------+
|Available SLR        |     1344|   3072|   864000|   432000|   320|
+---------------------+---------+-------+---------+---------+------+
|Utilization SLR (%)  |        0|      1|        0|    ~0   |     0|
+---------------------+---------+-------+---------+---------+------+
|Available            |     5376|  12288|  3456000|  1728000|  1280|
+---------------------+---------+-------+---------+---------+------+
|Utilization (%)      |        0|   ~0  |        0|    ~0   |     0|
+---------------------+---------+-------+---------+---------+------+

+ Detail: 
    * Instance: 
    N/A

    * DSP48E: 
    N/A

    * Memory: 
    N/A

    * FIFO: 
    N/A

    * Expression: 
    +----------------------------+----------+-------+---+----+------------+------------+
    |        Variable Name       | Operation| DSP48E| FF| LUT| Bitwidth P0| Bitwidth P1|
    +----------------------------+----------+-------+---+----+------------+------------+
    |mul_ln1118_1609_fu_242_p2   |     *    |      1|  0|   5|          16|          11|
    |mul_ln1118_1610_fu_270_p2   |     *    |      1|  0|   5|          16|          11|
    |mul_ln1118_1611_fu_238_p2   |     *    |      1|  0|   5|          16|          10|
    |mul_ln1118_1612_fu_267_p2   |     *    |      1|  0|   5|          16|          10|
    |mul_ln1118_1613_fu_256_p2   |     *    |      1|  0|   5|          16|           7|
    |mul_ln1118_1614_fu_239_p2   |     *    |      1|  0|   5|          16|           9|
    |mul_ln1118_1615_fu_276_p2   |     *    |      1|  0|   5|          16|           9|
    |mul_ln1118_1616_fu_229_p2   |     *    |      1|  0|   5|          16|           8|
    |mul_ln1118_1617_fu_254_p2   |     *    |      1|  0|   5|          16|          10|
    |mul_ln1118_1618_fu_269_p2   |     *    |      1|  0|   5|          16|           9|
    |mul_ln1118_1619_fu_266_p2   |     *    |      1|  0|   5|          16|          10|
    |mul_ln1118_1620_fu_244_p2   |     *    |      1|  0|   5|          16|          12|
    |mul_ln1118_1621_fu_223_p2   |     *    |      1|  0|   5|          16|          12|
    |mul_ln1118_1622_fu_226_p2   |     *    |      1|  0|   5|          16|          12|
    |mul_ln1118_1623_fu_222_p2   |     *    |      1|  0|   5|          16|          10|
    |mul_ln1118_1624_fu_247_p2   |     *    |      1|  0|   5|          16|           9|
    |mul_ln1118_1625_fu_259_p2   |     *    |      1|  0|   5|          16|          10|
    |mul_ln1118_1626_fu_228_p2   |     *    |      1|  0|   5|          16|           9|
    |mul_ln1118_1627_fu_220_p2   |     *    |      1|  0|   5|          16|          11|
    |mul_ln1118_1628_fu_225_p2   |     *    |      1|  0|   5|          16|          10|
    |mul_ln1118_1629_fu_221_p2   |     *    |      1|  0|   5|          16|           9|
    |mul_ln1118_1630_fu_234_p2   |     *    |      1|  0|   5|          16|           8|
    |mul_ln1118_1631_fu_240_p2   |     *    |      1|  0|   5|          16|          11|
    |mul_ln1118_1632_fu_249_p2   |     *    |      1|  0|   5|          16|          10|
    |mul_ln1118_1633_fu_260_p2   |     *    |      1|  0|   5|          16|          11|
    |mul_ln1118_1634_fu_237_p2   |     *    |      1|  0|   5|          16|          11|
    |mul_ln1118_1635_fu_257_p2   |     *    |      1|  0|   5|          16|          11|
    |mul_ln1118_1636_fu_255_p2   |     *    |      1|  0|   5|          16|          10|
    |mul_ln1118_1637_fu_263_p2   |     *    |      1|  0|   5|          16|          11|
    |mul_ln1118_1638_fu_224_p2   |     *    |      1|  0|   5|          16|           9|
    |mul_ln1118_1639_fu_250_p2   |     *    |      1|  0|   5|          16|           6|
    |mul_ln1118_1640_fu_218_p2   |     *    |      1|  0|   5|          16|           8|
    |mul_ln1118_1641_fu_268_p2   |     *    |      1|  0|   5|          16|           9|
    |mul_ln1118_1642_fu_245_p2   |     *    |      1|  0|   5|          16|          10|
    |mul_ln1118_1643_fu_214_p2   |     *    |      1|  0|   5|          16|           6|
    |mul_ln1118_1644_fu_251_p2   |     *    |      1|  0|   5|          16|          11|
    |mul_ln1118_1645_fu_217_p2   |     *    |      1|  0|   5|          16|          10|
    |mul_ln1118_1646_fu_235_p2   |     *    |      1|  0|   5|          16|          11|
    |mul_ln1118_1647_fu_277_p2   |     *    |      1|  0|   5|          16|          11|
    |mul_ln1118_1648_fu_232_p2   |     *    |      1|  0|   5|          16|           6|
    |mul_ln1118_1649_fu_261_p2   |     *    |      1|  0|   5|          16|          11|
    |mul_ln1118_1650_fu_236_p2   |     *    |      1|  0|   5|          16|          11|
    |mul_ln1118_1651_fu_265_p2   |     *    |      1|  0|   5|          16|           8|
    |mul_ln1118_1652_fu_248_p2   |     *    |      1|  0|   5|          16|          10|
    |mul_ln1118_1653_fu_271_p2   |     *    |      1|  0|   5|          16|          12|
    |mul_ln1118_1654_fu_253_p2   |     *    |      1|  0|   5|          16|          11|
    |mul_ln1118_1655_fu_272_p2   |     *    |      1|  0|   5|          16|           9|
    |mul_ln1118_1656_fu_273_p2   |     *    |      1|  0|   5|          16|          11|
    |mul_ln1118_1657_fu_233_p2   |     *    |      1|  0|   5|          16|          11|
    |mul_ln1118_1658_fu_258_p2   |     *    |      1|  0|   5|          16|          10|
    |mul_ln1118_1659_fu_264_p2   |     *    |      1|  0|   5|          16|          11|
    |mul_ln1118_1660_fu_231_p2   |     *    |      1|  0|   5|          16|           7|
    |mul_ln1118_1661_fu_241_p2   |     *    |      1|  0|   5|          16|           9|
    |mul_ln1118_1662_fu_274_p2   |     *    |      1|  0|   5|          16|           6|
    |mul_ln1118_1663_fu_219_p2   |     *    |      1|  0|   5|          16|          11|
    |mul_ln1118_1664_fu_252_p2   |     *    |      1|  0|   5|          16|           9|
    |mul_ln1118_1665_fu_215_p2   |     *    |      1|  0|   5|          16|          11|
    |mul_ln1118_1666_fu_243_p2   |     *    |      1|  0|   5|          16|           7|
    |mul_ln1118_1667_fu_216_p2   |     *    |      1|  0|   5|          16|          10|
    |mul_ln1118_1668_fu_230_p2   |     *    |      1|  0|   5|          16|          10|
    |mul_ln1118_fu_262_p2        |     *    |      1|  0|   5|          16|          11|
    |acc_10_V_fu_17351_p2        |     +    |      0|  0|  18|          16|          16|
    |acc_11_V_fu_17369_p2        |     +    |      0|  0|  18|          16|          16|
    |acc_12_V_fu_17387_p2        |     +    |      0|  0|  18|          16|          16|
    |acc_13_V_fu_17405_p2        |     +    |      0|  0|  18|          16|          16|
    |acc_14_V_fu_17423_p2        |     +    |      0|  0|  18|          16|          16|
    |acc_15_V_fu_17441_p2        |     +    |      0|  0|  18|          16|          16|
    |acc_1_V_fu_17189_p2         |     +    |      0|  0|  18|          16|          16|
    |acc_2_V_fu_17207_p2         |     +    |      0|  0|  18|          16|          16|
    |acc_3_V_fu_17225_p2         |     +    |      0|  0|  18|          16|          16|
    |acc_4_V_fu_17243_p2         |     +    |      0|  0|  18|          16|          16|
    |acc_5_V_fu_17261_p2         |     +    |      0|  0|  18|          16|          16|
    |acc_6_V_fu_17279_p2         |     +    |      0|  0|  18|          16|          16|
    |acc_7_V_fu_17297_p2         |     +    |      0|  0|  18|          16|          16|
    |acc_8_V_fu_17315_p2         |     +    |      0|  0|  18|          16|          16|
    |acc_9_V_fu_17333_p2         |     +    |      0|  0|  18|          16|          16|
    |add_ln703_2251_fu_17165_p2  |     +    |      0|  0|  18|          16|          16|
    |add_ln703_2252_fu_17171_p2  |     +    |      0|  0|  18|          16|          16|
    |add_ln703_2253_fu_17177_p2  |     +    |      0|  0|  16|          16|          16|
    |add_ln703_2254_fu_17183_p2  |     +    |      0|  0|  18|          16|          16|
    |add_ln703_2256_fu_17195_p2  |     +    |      0|  0|  16|          16|          16|
    |add_ln703_2257_fu_17201_p2  |     +    |      0|  0|  18|          16|          16|
    |add_ln703_2259_fu_17213_p2  |     +    |      0|  0|  16|          16|          16|
    |add_ln703_2260_fu_17219_p2  |     +    |      0|  0|  18|          16|          16|
    |add_ln703_2262_fu_17231_p2  |     +    |      0|  0|  16|          16|          16|
    |add_ln703_2263_fu_17237_p2  |     +    |      0|  0|  18|          16|          16|
    |add_ln703_2265_fu_17249_p2  |     +    |      0|  0|  16|          16|          16|
    |add_ln703_2266_fu_17255_p2  |     +    |      0|  0|  18|          16|          16|
    |add_ln703_2268_fu_17267_p2  |     +    |      0|  0|  16|          16|          16|
    |add_ln703_2269_fu_17273_p2  |     +    |      0|  0|  18|          16|          16|
    |add_ln703_2271_fu_17285_p2  |     +    |      0|  0|  16|          16|          16|
    |add_ln703_2272_fu_17291_p2  |     +    |      0|  0|  18|          16|          16|
    |add_ln703_2274_fu_17303_p2  |     +    |      0|  0|  16|          16|          16|
    |add_ln703_2275_fu_17309_p2  |     +    |      0|  0|  18|          16|          16|
    |add_ln703_2277_fu_17321_p2  |     +    |      0|  0|  16|          16|          16|
    |add_ln703_2278_fu_17327_p2  |     +    |      0|  0|  18|          16|          16|
    |add_ln703_2280_fu_17339_p2  |     +    |      0|  0|  16|          16|          16|
    |add_ln703_2281_fu_17345_p2  |     +    |      0|  0|  18|          16|          16|
    |add_ln703_2283_fu_17357_p2  |     +    |      0|  0|  16|          16|          16|
    |add_ln703_2284_fu_17363_p2  |     +    |      0|  0|  18|          16|          16|
    |add_ln703_2286_fu_17375_p2  |     +    |      0|  0|  16|          16|          16|
    |add_ln703_2287_fu_17381_p2  |     +    |      0|  0|  18|          16|          16|
    |add_ln703_2289_fu_17393_p2  |     +    |      0|  0|  16|          16|          16|
    |add_ln703_2290_fu_17399_p2  |     +    |      0|  0|  18|          16|          16|
    |add_ln703_2292_fu_17411_p2  |     +    |      0|  0|  16|          16|          16|
    |add_ln703_2293_fu_17417_p2  |     +    |      0|  0|  18|          16|          16|
    |add_ln703_2295_fu_17429_p2  |     +    |      0|  0|  16|          16|          16|
    |add_ln703_2296_fu_17435_p2  |     +    |      0|  0|  18|          16|          16|
    |add_ln703_fu_17159_p2       |     +    |      0|  0|  16|          16|          16|
    |sub_ln1118_fu_16722_p2      |     -    |      0|  0|  26|          26|          26|
    +----------------------------+----------+-------+---+----+------------+------------+
    |Total                       |          |     61|  0|1163|        1770|        1388|
    +----------------------------+----------+-------+---+----+------------+------------+

    * Multiplexer: 
    N/A

    * Register: 
    N/A



================================================================
== Interface
================================================================
* Summary: 
+---------------+-----+-----+------------+-------------------------------------------------+--------------+
|   RTL Ports   | Dir | Bits|  Protocol  |                  Source Object                  |    C Type    |
+---------------+-----+-----+------------+-------------------------------------------------+--------------+
|ap_ready       | out |    1| ap_ctrl_hs | dense_latency.0.0.0.0.0.0.0.0.0.0.0.0.0.0.0.0.0 | return value |
|ap_return_0    | out |   16| ap_ctrl_hs | dense_latency.0.0.0.0.0.0.0.0.0.0.0.0.0.0.0.0.0 | return value |
|ap_return_1    | out |   16| ap_ctrl_hs | dense_latency.0.0.0.0.0.0.0.0.0.0.0.0.0.0.0.0.0 | return value |
|ap_return_2    | out |   16| ap_ctrl_hs | dense_latency.0.0.0.0.0.0.0.0.0.0.0.0.0.0.0.0.0 | return value |
|ap_return_3    | out |   16| ap_ctrl_hs | dense_latency.0.0.0.0.0.0.0.0.0.0.0.0.0.0.0.0.0 | return value |
|ap_return_4    | out |   16| ap_ctrl_hs | dense_latency.0.0.0.0.0.0.0.0.0.0.0.0.0.0.0.0.0 | return value |
|ap_return_5    | out |   16| ap_ctrl_hs | dense_latency.0.0.0.0.0.0.0.0.0.0.0.0.0.0.0.0.0 | return value |
|ap_return_6    | out |   16| ap_ctrl_hs | dense_latency.0.0.0.0.0.0.0.0.0.0.0.0.0.0.0.0.0 | return value |
|ap_return_7    | out |   16| ap_ctrl_hs | dense_latency.0.0.0.0.0.0.0.0.0.0.0.0.0.0.0.0.0 | return value |
|ap_return_8    | out |   16| ap_ctrl_hs | dense_latency.0.0.0.0.0.0.0.0.0.0.0.0.0.0.0.0.0 | return value |
|ap_return_9    | out |   16| ap_ctrl_hs | dense_latency.0.0.0.0.0.0.0.0.0.0.0.0.0.0.0.0.0 | return value |
|ap_return_10   | out |   16| ap_ctrl_hs | dense_latency.0.0.0.0.0.0.0.0.0.0.0.0.0.0.0.0.0 | return value |
|ap_return_11   | out |   16| ap_ctrl_hs | dense_latency.0.0.0.0.0.0.0.0.0.0.0.0.0.0.0.0.0 | return value |
|ap_return_12   | out |   16| ap_ctrl_hs | dense_latency.0.0.0.0.0.0.0.0.0.0.0.0.0.0.0.0.0 | return value |
|ap_return_13   | out |   16| ap_ctrl_hs | dense_latency.0.0.0.0.0.0.0.0.0.0.0.0.0.0.0.0.0 | return value |
|ap_return_14   | out |   16| ap_ctrl_hs | dense_latency.0.0.0.0.0.0.0.0.0.0.0.0.0.0.0.0.0 | return value |
|ap_return_15   | out |   16| ap_ctrl_hs | dense_latency.0.0.0.0.0.0.0.0.0.0.0.0.0.0.0.0.0 | return value |
|data_0_V_read  |  in |   16|   ap_none  |                  data_0_V_read                  |    scalar    |
|data_1_V_read  |  in |   16|   ap_none  |                  data_1_V_read                  |    scalar    |
|data_2_V_read  |  in |   16|   ap_none  |                  data_2_V_read                  |    scalar    |
|data_3_V_read  |  in |   16|   ap_none  |                  data_3_V_read                  |    scalar    |
+---------------+-----+-----+------------+-------------------------------------------------+--------------+

