

================================================================
== Vivado HLS Report for 'lstm_stack_ap_fixed_ap_fixed_16_6_5_3_0_config2_s'
================================================================
* Date:           Fri Jun 18 14:14:40 2021

* Version:        2019.2 (Build 2704478 on Wed Nov 06 22:10:23 MST 2019)
* Project:        myproject_prj
* Solution:       solution1
* Product family: virtexuplus
* Target device:  xcu250-figd2104-2L-e


================================================================
== Performance Estimates
================================================================
+ Timing: 
    * Summary: 
    +--------+---------+----------+------------+
    |  Clock |  Target | Estimated| Uncertainty|
    +--------+---------+----------+------------+
    |ap_clk  | 5.00 ns | 4.436 ns |   0.62 ns  |
    +--------+---------+----------+------------+

+ Latency: 
    * Summary: 
    +---------+---------+----------+----------+-----+-----+----------+
    |  Latency (cycles) |  Latency (absolute) |  Interval | Pipeline |
    |   min   |   max   |    min   |    max   | min | max |   Type   |
    +---------+---------+----------+----------+-----+-----+----------+
    |       95|       95| 0.475 us | 0.475 us |   96|   96| function |
    +---------+---------+----------+----------+-----+-----+----------+

    + Detail: 
        * Instance: 
        +---------------------------------------------------------------+----------------------------------------------------+---------+---------+-----------+-----------+-----+-----+----------+
        |                                                               |                                                    |  Latency (cycles) |   Latency (absolute)  |  Interval | Pipeline |
        |                            Instance                           |                       Module                       |   min   |   max   |    min    |    max    | min | max |   Type   |
        +---------------------------------------------------------------+----------------------------------------------------+---------+---------+-----------+-----------+-----+-----+----------+
        |grp_lstm_static_ap_fixed_ap_fixed_16_6_5_3_0_config2_s_fu_100  |lstm_static_ap_fixed_ap_fixed_16_6_5_3_0_config2_s  |        5|        5| 25.000 ns | 25.000 ns |    5|    5| function |
        +---------------------------------------------------------------+----------------------------------------------------+---------+---------+-----------+-----------+-----+-----+----------+

        * Loop: 
        N/A



================================================================
== Utilization Estimates
================================================================
* Summary: 
+---------------------+---------+-------+---------+---------+------+
|         Name        | BRAM_18K| DSP48E|    FF   |   LUT   | URAM |
+---------------------+---------+-------+---------+---------+------+
|DSP                  |        -|      -|        -|        -|     -|
|Expression           |        -|      -|        -|        -|     -|
|FIFO                 |        -|      -|        -|        -|     -|
|Instance             |        8|     87|      694|     4155|     -|
|Memory               |        -|      -|        -|        -|     -|
|Multiplexer          |        -|      -|        -|      538|     -|
|Register             |        -|      -|     1297|        -|     -|
+---------------------+---------+-------+---------+---------+------+
|Total                |        8|     87|     1991|     4693|     0|
+---------------------+---------+-------+---------+---------+------+
|Available SLR        |     1344|   3072|   864000|   432000|   320|
+---------------------+---------+-------+---------+---------+------+
|Utilization SLR (%)  |    ~0   |      2|    ~0   |        1|     0|
+---------------------+---------+-------+---------+---------+------+
|Available            |     5376|  12288|  3456000|  1728000|  1280|
+---------------------+---------+-------+---------+---------+------+
|Utilization (%)      |    ~0   |   ~0  |    ~0   |    ~0   |     0|
+---------------------+---------+-------+---------+---------+------+

+ Detail: 
    * Instance: 
    +---------------------------------------------------------------+----------------------------------------------------+---------+-------+-----+------+-----+
    |                            Instance                           |                       Module                       | BRAM_18K| DSP48E|  FF |  LUT | URAM|
    +---------------------------------------------------------------+----------------------------------------------------+---------+-------+-----+------+-----+
    |grp_lstm_static_ap_fixed_ap_fixed_16_6_5_3_0_config2_s_fu_100  |lstm_static_ap_fixed_ap_fixed_16_6_5_3_0_config2_s  |        8|     87|  694|  4155|    0|
    +---------------------------------------------------------------+----------------------------------------------------+---------+-------+-----+------+-----+
    |Total                                                          |                                                    |        8|     87|  694|  4155|    0|
    +---------------------------------------------------------------+----------------------------------------------------+---------+-------+-----+------+-----+

    * DSP48E: 
    N/A

    * Memory: 
    N/A

    * FIFO: 
    N/A

    * Expression: 
    N/A

    * Multiplexer: 
    +-----------------------------------------------------------------------------+-----+-----------+-----+-----------+
    |                                     Name                                    | LUT | Input Size| Bits| Total Bits|
    +-----------------------------------------------------------------------------+-----+-----------+-----+-----------+
    |ap_NS_fsm                                                                    |  429|         97|    1|         97|
    |grp_lstm_static_ap_fixed_ap_fixed_16_6_5_3_0_config2_s_fu_100_ap_start       |    9|          2|    1|          2|
    |grp_lstm_static_ap_fixed_ap_fixed_16_6_5_3_0_config2_s_fu_100_data_0_V_read  |   85|         17|   16|        272|
    |grp_lstm_static_ap_fixed_ap_fixed_16_6_5_3_0_config2_s_fu_100_reset_state    |   15|          3|    1|          3|
    +-----------------------------------------------------------------------------+-----+-----------+-----+-----------+
    |Total                                                                        |  538|        119|   19|        374|
    +-----------------------------------------------------------------------------+-----+-----------+-----+-----------+

    * Register: 
    +----------------------------------------------------------------------------+----+----+-----+-----------+
    |                                    Name                                    | FF | LUT| Bits| Const Bits|
    +----------------------------------------------------------------------------+----+----+-----+-----------+
    |ap_CS_fsm                                                                   |  96|   0|   96|          0|
    |data_in_0_V_10_reg_668                                                      |  16|   0|   16|          0|
    |data_in_0_V_11_reg_673                                                      |  16|   0|   16|          0|
    |data_in_0_V_12_reg_678                                                      |  16|   0|   16|          0|
    |data_in_0_V_13_reg_683                                                      |  16|   0|   16|          0|
    |data_in_0_V_14_reg_688                                                      |  16|   0|   16|          0|
    |data_in_0_V_15_reg_693                                                      |  16|   0|   16|          0|
    |data_in_0_V_1_reg_623                                                       |  16|   0|   16|          0|
    |data_in_0_V_2_reg_628                                                       |  16|   0|   16|          0|
    |data_in_0_V_3_reg_633                                                       |  16|   0|   16|          0|
    |data_in_0_V_4_reg_638                                                       |  16|   0|   16|          0|
    |data_in_0_V_5_reg_643                                                       |  16|   0|   16|          0|
    |data_in_0_V_6_reg_648                                                       |  16|   0|   16|          0|
    |data_in_0_V_7_reg_653                                                       |  16|   0|   16|          0|
    |data_in_0_V_8_reg_658                                                       |  16|   0|   16|          0|
    |data_in_0_V_9_reg_663                                                       |  16|   0|   16|          0|
    |grp_lstm_static_ap_fixed_ap_fixed_16_6_5_3_0_config2_s_fu_100_ap_start_reg  |   1|   0|    1|          0|
    |h_newstate_0_V_10_reg_898                                                   |  16|   0|   16|          0|
    |h_newstate_0_V_11_reg_918                                                   |  16|   0|   16|          0|
    |h_newstate_0_V_12_reg_938                                                   |  16|   0|   16|          0|
    |h_newstate_0_V_13_reg_958                                                   |  16|   0|   16|          0|
    |h_newstate_0_V_14_reg_978                                                   |  16|   0|   16|          0|
    |h_newstate_0_V_1_reg_718                                                    |  16|   0|   16|          0|
    |h_newstate_0_V_2_reg_738                                                    |  16|   0|   16|          0|
    |h_newstate_0_V_3_reg_758                                                    |  16|   0|   16|          0|
    |h_newstate_0_V_4_reg_778                                                    |  16|   0|   16|          0|
    |h_newstate_0_V_5_reg_798                                                    |  16|   0|   16|          0|
    |h_newstate_0_V_6_reg_818                                                    |  16|   0|   16|          0|
    |h_newstate_0_V_7_reg_838                                                    |  16|   0|   16|          0|
    |h_newstate_0_V_8_reg_858                                                    |  16|   0|   16|          0|
    |h_newstate_0_V_9_reg_878                                                    |  16|   0|   16|          0|
    |h_newstate_0_V_reg_698                                                      |  16|   0|   16|          0|
    |h_newstate_1_V_10_reg_903                                                   |  16|   0|   16|          0|
    |h_newstate_1_V_11_reg_923                                                   |  16|   0|   16|          0|
    |h_newstate_1_V_12_reg_943                                                   |  16|   0|   16|          0|
    |h_newstate_1_V_13_reg_963                                                   |  16|   0|   16|          0|
    |h_newstate_1_V_14_reg_983                                                   |  16|   0|   16|          0|
    |h_newstate_1_V_1_reg_723                                                    |  16|   0|   16|          0|
    |h_newstate_1_V_2_reg_743                                                    |  16|   0|   16|          0|
    |h_newstate_1_V_3_reg_763                                                    |  16|   0|   16|          0|
    |h_newstate_1_V_4_reg_783                                                    |  16|   0|   16|          0|
    |h_newstate_1_V_5_reg_803                                                    |  16|   0|   16|          0|
    |h_newstate_1_V_6_reg_823                                                    |  16|   0|   16|          0|
    |h_newstate_1_V_7_reg_843                                                    |  16|   0|   16|          0|
    |h_newstate_1_V_8_reg_863                                                    |  16|   0|   16|          0|
    |h_newstate_1_V_9_reg_883                                                    |  16|   0|   16|          0|
    |h_newstate_1_V_reg_703                                                      |  16|   0|   16|          0|
    |h_newstate_2_V_10_reg_908                                                   |  16|   0|   16|          0|
    |h_newstate_2_V_11_reg_928                                                   |  16|   0|   16|          0|
    |h_newstate_2_V_12_reg_948                                                   |  16|   0|   16|          0|
    |h_newstate_2_V_13_reg_968                                                   |  16|   0|   16|          0|
    |h_newstate_2_V_14_reg_988                                                   |  16|   0|   16|          0|
    |h_newstate_2_V_1_reg_728                                                    |  16|   0|   16|          0|
    |h_newstate_2_V_2_reg_748                                                    |  16|   0|   16|          0|
    |h_newstate_2_V_3_reg_768                                                    |  16|   0|   16|          0|
    |h_newstate_2_V_4_reg_788                                                    |  16|   0|   16|          0|
    |h_newstate_2_V_5_reg_808                                                    |  16|   0|   16|          0|
    |h_newstate_2_V_6_reg_828                                                    |  16|   0|   16|          0|
    |h_newstate_2_V_7_reg_848                                                    |  16|   0|   16|          0|
    |h_newstate_2_V_8_reg_868                                                    |  16|   0|   16|          0|
    |h_newstate_2_V_9_reg_888                                                    |  16|   0|   16|          0|
    |h_newstate_2_V_reg_708                                                      |  16|   0|   16|          0|
    |h_newstate_3_V_10_reg_913                                                   |  16|   0|   16|          0|
    |h_newstate_3_V_11_reg_933                                                   |  16|   0|   16|          0|
    |h_newstate_3_V_12_reg_953                                                   |  16|   0|   16|          0|
    |h_newstate_3_V_13_reg_973                                                   |  16|   0|   16|          0|
    |h_newstate_3_V_14_reg_993                                                   |  16|   0|   16|          0|
    |h_newstate_3_V_1_reg_733                                                    |  16|   0|   16|          0|
    |h_newstate_3_V_2_reg_753                                                    |  16|   0|   16|          0|
    |h_newstate_3_V_3_reg_773                                                    |  16|   0|   16|          0|
    |h_newstate_3_V_4_reg_793                                                    |  16|   0|   16|          0|
    |h_newstate_3_V_5_reg_813                                                    |  16|   0|   16|          0|
    |h_newstate_3_V_6_reg_833                                                    |  16|   0|   16|          0|
    |h_newstate_3_V_7_reg_853                                                    |  16|   0|   16|          0|
    |h_newstate_3_V_8_reg_873                                                    |  16|   0|   16|          0|
    |h_newstate_3_V_9_reg_893                                                    |  16|   0|   16|          0|
    |h_newstate_3_V_reg_713                                                      |  16|   0|   16|          0|
    +----------------------------------------------------------------------------+----+----+-----+-----------+
    |Total                                                                       |1297|   0| 1297|          0|
    +----------------------------------------------------------------------------+----+----+-----+-----------+



================================================================
== Interface
================================================================
* Summary: 
+--------------+-----+-----+------------+---------------------------------------------------+--------------+
|   RTL Ports  | Dir | Bits|  Protocol  |                   Source Object                   |    C Type    |
+--------------+-----+-----+------------+---------------------------------------------------+--------------+
|ap_clk        |  in |    1| ap_ctrl_hs | lstm_stack<ap_fixed,ap_fixed<16,6,5,3,0>,config2> | return value |
|ap_rst        |  in |    1| ap_ctrl_hs | lstm_stack<ap_fixed,ap_fixed<16,6,5,3,0>,config2> | return value |
|ap_start      |  in |    1| ap_ctrl_hs | lstm_stack<ap_fixed,ap_fixed<16,6,5,3,0>,config2> | return value |
|ap_done       | out |    1| ap_ctrl_hs | lstm_stack<ap_fixed,ap_fixed<16,6,5,3,0>,config2> | return value |
|ap_idle       | out |    1| ap_ctrl_hs | lstm_stack<ap_fixed,ap_fixed<16,6,5,3,0>,config2> | return value |
|ap_ready      | out |    1| ap_ctrl_hs | lstm_stack<ap_fixed,ap_fixed<16,6,5,3,0>,config2> | return value |
|ap_return_0   | out |   16| ap_ctrl_hs | lstm_stack<ap_fixed,ap_fixed<16,6,5,3,0>,config2> | return value |
|ap_return_1   | out |   16| ap_ctrl_hs | lstm_stack<ap_fixed,ap_fixed<16,6,5,3,0>,config2> | return value |
|ap_return_2   | out |   16| ap_ctrl_hs | lstm_stack<ap_fixed,ap_fixed<16,6,5,3,0>,config2> | return value |
|ap_return_3   | out |   16| ap_ctrl_hs | lstm_stack<ap_fixed,ap_fixed<16,6,5,3,0>,config2> | return value |
|ap_return_4   | out |   16| ap_ctrl_hs | lstm_stack<ap_fixed,ap_fixed<16,6,5,3,0>,config2> | return value |
|ap_return_5   | out |   16| ap_ctrl_hs | lstm_stack<ap_fixed,ap_fixed<16,6,5,3,0>,config2> | return value |
|ap_return_6   | out |   16| ap_ctrl_hs | lstm_stack<ap_fixed,ap_fixed<16,6,5,3,0>,config2> | return value |
|ap_return_7   | out |   16| ap_ctrl_hs | lstm_stack<ap_fixed,ap_fixed<16,6,5,3,0>,config2> | return value |
|ap_return_8   | out |   16| ap_ctrl_hs | lstm_stack<ap_fixed,ap_fixed<16,6,5,3,0>,config2> | return value |
|ap_return_9   | out |   16| ap_ctrl_hs | lstm_stack<ap_fixed,ap_fixed<16,6,5,3,0>,config2> | return value |
|ap_return_10  | out |   16| ap_ctrl_hs | lstm_stack<ap_fixed,ap_fixed<16,6,5,3,0>,config2> | return value |
|ap_return_11  | out |   16| ap_ctrl_hs | lstm_stack<ap_fixed,ap_fixed<16,6,5,3,0>,config2> | return value |
|ap_return_12  | out |   16| ap_ctrl_hs | lstm_stack<ap_fixed,ap_fixed<16,6,5,3,0>,config2> | return value |
|ap_return_13  | out |   16| ap_ctrl_hs | lstm_stack<ap_fixed,ap_fixed<16,6,5,3,0>,config2> | return value |
|ap_return_14  | out |   16| ap_ctrl_hs | lstm_stack<ap_fixed,ap_fixed<16,6,5,3,0>,config2> | return value |
|ap_return_15  | out |   16| ap_ctrl_hs | lstm_stack<ap_fixed,ap_fixed<16,6,5,3,0>,config2> | return value |
|ap_return_16  | out |   16| ap_ctrl_hs | lstm_stack<ap_fixed,ap_fixed<16,6,5,3,0>,config2> | return value |
|ap_return_17  | out |   16| ap_ctrl_hs | lstm_stack<ap_fixed,ap_fixed<16,6,5,3,0>,config2> | return value |
|ap_return_18  | out |   16| ap_ctrl_hs | lstm_stack<ap_fixed,ap_fixed<16,6,5,3,0>,config2> | return value |
|ap_return_19  | out |   16| ap_ctrl_hs | lstm_stack<ap_fixed,ap_fixed<16,6,5,3,0>,config2> | return value |
|ap_return_20  | out |   16| ap_ctrl_hs | lstm_stack<ap_fixed,ap_fixed<16,6,5,3,0>,config2> | return value |
|ap_return_21  | out |   16| ap_ctrl_hs | lstm_stack<ap_fixed,ap_fixed<16,6,5,3,0>,config2> | return value |
|ap_return_22  | out |   16| ap_ctrl_hs | lstm_stack<ap_fixed,ap_fixed<16,6,5,3,0>,config2> | return value |
|ap_return_23  | out |   16| ap_ctrl_hs | lstm_stack<ap_fixed,ap_fixed<16,6,5,3,0>,config2> | return value |
|ap_return_24  | out |   16| ap_ctrl_hs | lstm_stack<ap_fixed,ap_fixed<16,6,5,3,0>,config2> | return value |
|ap_return_25  | out |   16| ap_ctrl_hs | lstm_stack<ap_fixed,ap_fixed<16,6,5,3,0>,config2> | return value |
|ap_return_26  | out |   16| ap_ctrl_hs | lstm_stack<ap_fixed,ap_fixed<16,6,5,3,0>,config2> | return value |
|ap_return_27  | out |   16| ap_ctrl_hs | lstm_stack<ap_fixed,ap_fixed<16,6,5,3,0>,config2> | return value |
|ap_return_28  | out |   16| ap_ctrl_hs | lstm_stack<ap_fixed,ap_fixed<16,6,5,3,0>,config2> | return value |
|ap_return_29  | out |   16| ap_ctrl_hs | lstm_stack<ap_fixed,ap_fixed<16,6,5,3,0>,config2> | return value |
|ap_return_30  | out |   16| ap_ctrl_hs | lstm_stack<ap_fixed,ap_fixed<16,6,5,3,0>,config2> | return value |
|ap_return_31  | out |   16| ap_ctrl_hs | lstm_stack<ap_fixed,ap_fixed<16,6,5,3,0>,config2> | return value |
|ap_return_32  | out |   16| ap_ctrl_hs | lstm_stack<ap_fixed,ap_fixed<16,6,5,3,0>,config2> | return value |
|ap_return_33  | out |   16| ap_ctrl_hs | lstm_stack<ap_fixed,ap_fixed<16,6,5,3,0>,config2> | return value |
|ap_return_34  | out |   16| ap_ctrl_hs | lstm_stack<ap_fixed,ap_fixed<16,6,5,3,0>,config2> | return value |
|ap_return_35  | out |   16| ap_ctrl_hs | lstm_stack<ap_fixed,ap_fixed<16,6,5,3,0>,config2> | return value |
|ap_return_36  | out |   16| ap_ctrl_hs | lstm_stack<ap_fixed,ap_fixed<16,6,5,3,0>,config2> | return value |
|ap_return_37  | out |   16| ap_ctrl_hs | lstm_stack<ap_fixed,ap_fixed<16,6,5,3,0>,config2> | return value |
|ap_return_38  | out |   16| ap_ctrl_hs | lstm_stack<ap_fixed,ap_fixed<16,6,5,3,0>,config2> | return value |
|ap_return_39  | out |   16| ap_ctrl_hs | lstm_stack<ap_fixed,ap_fixed<16,6,5,3,0>,config2> | return value |
|ap_return_40  | out |   16| ap_ctrl_hs | lstm_stack<ap_fixed,ap_fixed<16,6,5,3,0>,config2> | return value |
|ap_return_41  | out |   16| ap_ctrl_hs | lstm_stack<ap_fixed,ap_fixed<16,6,5,3,0>,config2> | return value |
|ap_return_42  | out |   16| ap_ctrl_hs | lstm_stack<ap_fixed,ap_fixed<16,6,5,3,0>,config2> | return value |
|ap_return_43  | out |   16| ap_ctrl_hs | lstm_stack<ap_fixed,ap_fixed<16,6,5,3,0>,config2> | return value |
|ap_return_44  | out |   16| ap_ctrl_hs | lstm_stack<ap_fixed,ap_fixed<16,6,5,3,0>,config2> | return value |
|ap_return_45  | out |   16| ap_ctrl_hs | lstm_stack<ap_fixed,ap_fixed<16,6,5,3,0>,config2> | return value |
|ap_return_46  | out |   16| ap_ctrl_hs | lstm_stack<ap_fixed,ap_fixed<16,6,5,3,0>,config2> | return value |
|ap_return_47  | out |   16| ap_ctrl_hs | lstm_stack<ap_fixed,ap_fixed<16,6,5,3,0>,config2> | return value |
|ap_return_48  | out |   16| ap_ctrl_hs | lstm_stack<ap_fixed,ap_fixed<16,6,5,3,0>,config2> | return value |
|ap_return_49  | out |   16| ap_ctrl_hs | lstm_stack<ap_fixed,ap_fixed<16,6,5,3,0>,config2> | return value |
|ap_return_50  | out |   16| ap_ctrl_hs | lstm_stack<ap_fixed,ap_fixed<16,6,5,3,0>,config2> | return value |
|ap_return_51  | out |   16| ap_ctrl_hs | lstm_stack<ap_fixed,ap_fixed<16,6,5,3,0>,config2> | return value |
|ap_return_52  | out |   16| ap_ctrl_hs | lstm_stack<ap_fixed,ap_fixed<16,6,5,3,0>,config2> | return value |
|ap_return_53  | out |   16| ap_ctrl_hs | lstm_stack<ap_fixed,ap_fixed<16,6,5,3,0>,config2> | return value |
|ap_return_54  | out |   16| ap_ctrl_hs | lstm_stack<ap_fixed,ap_fixed<16,6,5,3,0>,config2> | return value |
|ap_return_55  | out |   16| ap_ctrl_hs | lstm_stack<ap_fixed,ap_fixed<16,6,5,3,0>,config2> | return value |
|ap_return_56  | out |   16| ap_ctrl_hs | lstm_stack<ap_fixed,ap_fixed<16,6,5,3,0>,config2> | return value |
|ap_return_57  | out |   16| ap_ctrl_hs | lstm_stack<ap_fixed,ap_fixed<16,6,5,3,0>,config2> | return value |
|ap_return_58  | out |   16| ap_ctrl_hs | lstm_stack<ap_fixed,ap_fixed<16,6,5,3,0>,config2> | return value |
|ap_return_59  | out |   16| ap_ctrl_hs | lstm_stack<ap_fixed,ap_fixed<16,6,5,3,0>,config2> | return value |
|ap_return_60  | out |   16| ap_ctrl_hs | lstm_stack<ap_fixed,ap_fixed<16,6,5,3,0>,config2> | return value |
|ap_return_61  | out |   16| ap_ctrl_hs | lstm_stack<ap_fixed,ap_fixed<16,6,5,3,0>,config2> | return value |
|ap_return_62  | out |   16| ap_ctrl_hs | lstm_stack<ap_fixed,ap_fixed<16,6,5,3,0>,config2> | return value |
|ap_return_63  | out |   16| ap_ctrl_hs | lstm_stack<ap_fixed,ap_fixed<16,6,5,3,0>,config2> | return value |
|ap_ce         |  in |    1| ap_ctrl_hs | lstm_stack<ap_fixed,ap_fixed<16,6,5,3,0>,config2> | return value |
|data_V_read   |  in |  256|   ap_none  |                    data_V_read                    |    scalar    |
+--------------+-----+-----+------------+---------------------------------------------------+--------------+

