

================================================================
== Vivado HLS Report for 'tanh_ap_fixed_ap_fixed_16_6_5_3_0_tanh_config3_s'
================================================================
* Date:           Fri Jun 18 14:14:41 2021

* Version:        2019.2 (Build 2704478 on Wed Nov 06 22:10:23 MST 2019)
* Project:        myproject_prj
* Solution:       solution1
* Product family: virtexuplus
* Target device:  xcu250-figd2104-2L-e


================================================================
== Performance Estimates
================================================================
+ Timing: 
    * Summary: 
    +--------+---------+----------+------------+
    |  Clock |  Target | Estimated| Uncertainty|
    +--------+---------+----------+------------+
    |ap_clk  | 5.00 ns | 3.968 ns |   0.62 ns  |
    +--------+---------+----------+------------+

+ Latency: 
    * Summary: 
    +---------+---------+----------+----------+-----+-----+----------+
    |  Latency (cycles) |  Latency (absolute) |  Interval | Pipeline |
    |   min   |   max   |    min   |    max   | min | max |   Type   |
    +---------+---------+----------+----------+-----+-----+----------+
    |        1|        1| 5.000 ns | 5.000 ns |    1|    1| function |
    +---------+---------+----------+----------+-----+-----+----------+

    + Detail: 
        * Instance: 
        N/A

        * Loop: 
        N/A



================================================================
== Utilization Estimates
================================================================
* Summary: 
+---------------------+---------+-------+---------+---------+------+
|         Name        | BRAM_18K| DSP48E|    FF   |   LUT   | URAM |
+---------------------+---------+-------+---------+---------+------+
|DSP                  |        -|      -|        -|        -|     -|
|Expression           |        -|      -|        0|     8582|     -|
|FIFO                 |        -|      -|        -|        -|     -|
|Instance             |        -|      -|        -|        -|     -|
|Memory               |       32|      -|        0|        0|     -|
|Multiplexer          |        -|      -|        -|        -|     -|
|Register             |        -|      -|        2|        -|     -|
+---------------------+---------+-------+---------+---------+------+
|Total                |       32|      0|        2|     8582|     0|
+---------------------+---------+-------+---------+---------+------+
|Available SLR        |     1344|   3072|   864000|   432000|   320|
+---------------------+---------+-------+---------+---------+------+
|Utilization SLR (%)  |        2|      0|    ~0   |        1|     0|
+---------------------+---------+-------+---------+---------+------+
|Available            |     5376|  12288|  3456000|  1728000|  1280|
+---------------------+---------+-------+---------+---------+------+
|Utilization (%)      |    ~0   |      0|    ~0   |    ~0   |     0|
+---------------------+---------+-------+---------+---------+------+

+ Detail: 
    * Instance: 
    N/A

    * DSP48E: 
    N/A

    * Memory: 
    +---------------+--------------------------------------------------------------+---------+---+----+-----+------+-----+------+-------------+
    |     Memory    |                            Module                            | BRAM_18K| FF| LUT| URAM| Words| Bits| Banks| W*Bits*Banks|
    +---------------+--------------------------------------------------------------+---------+---+----+-----+------+-----+------+-------------+
    |tanh_table1_U  |tanh_ap_fixed_ap_fixed_16_6_5_3_0_tanh_config3_s_tanh_tabdEe  |       32|  0|   0|    0|  1024|   11|     1|        11264|
    +---------------+--------------------------------------------------------------+---------+---+----+-----+------+-----+------+-------------+
    |Total          |                                                              |       32|  0|   0|    0|  1024|   11|     1|        11264|
    +---------------+--------------------------------------------------------------+---------+---+----+-----+------+-----+------+-------------+

    * FIFO: 
    N/A

    * Expression: 
    +-----------------------------+----------+-------+---+----+------------+------------+
    |        Variable Name        | Operation| DSP48E| FF| LUT| Bitwidth P0| Bitwidth P1|
    +-----------------------------+----------+-------+---+----+------------+------------+
    |add_ln472_100_fu_6209_p2     |     +    |      0|  0|  13|          10|          13|
    |add_ln472_101_fu_6342_p2     |     +    |      0|  0|  13|          10|          13|
    |add_ln472_102_fu_6475_p2     |     +    |      0|  0|  13|          10|          13|
    |add_ln472_103_fu_6608_p2     |     +    |      0|  0|  13|          10|          13|
    |add_ln472_104_fu_6741_p2     |     +    |      0|  0|  13|          10|          13|
    |add_ln472_105_fu_6874_p2     |     +    |      0|  0|  13|          10|          13|
    |add_ln472_106_fu_7007_p2     |     +    |      0|  0|  13|          10|          13|
    |add_ln472_107_fu_7140_p2     |     +    |      0|  0|  13|          10|          13|
    |add_ln472_108_fu_7273_p2     |     +    |      0|  0|  13|          10|          13|
    |add_ln472_109_fu_7406_p2     |     +    |      0|  0|  13|          10|          13|
    |add_ln472_10_fu_2745_p2      |     +    |      0|  0|  14|          10|          14|
    |add_ln472_110_fu_7539_p2     |     +    |      0|  0|  13|          10|          13|
    |add_ln472_111_fu_7672_p2     |     +    |      0|  0|  13|          10|          13|
    |add_ln472_112_fu_7805_p2     |     +    |      0|  0|  13|          10|          13|
    |add_ln472_113_fu_7938_p2     |     +    |      0|  0|  13|          10|          13|
    |add_ln472_114_fu_8071_p2     |     +    |      0|  0|  13|          10|          13|
    |add_ln472_115_fu_8204_p2     |     +    |      0|  0|  13|          10|          13|
    |add_ln472_116_fu_8337_p2     |     +    |      0|  0|  13|          10|          13|
    |add_ln472_117_fu_8470_p2     |     +    |      0|  0|  13|          10|          13|
    |add_ln472_118_fu_8603_p2     |     +    |      0|  0|  13|          10|          13|
    |add_ln472_119_fu_8736_p2     |     +    |      0|  0|  13|          10|          13|
    |add_ln472_11_fu_2878_p2      |     +    |      0|  0|  14|          10|          14|
    |add_ln472_120_fu_8869_p2     |     +    |      0|  0|  13|          10|          13|
    |add_ln472_121_fu_9002_p2     |     +    |      0|  0|  13|          10|          13|
    |add_ln472_122_fu_9135_p2     |     +    |      0|  0|  13|          10|          13|
    |add_ln472_123_fu_9268_p2     |     +    |      0|  0|  13|          10|          13|
    |add_ln472_124_fu_9401_p2     |     +    |      0|  0|  13|          10|          13|
    |add_ln472_125_fu_9534_p2     |     +    |      0|  0|  13|          10|          13|
    |add_ln472_126_fu_9667_p2     |     +    |      0|  0|  13|          10|          13|
    |add_ln472_127_fu_9800_p2     |     +    |      0|  0|  13|          10|          13|
    |add_ln472_12_fu_3011_p2      |     +    |      0|  0|  14|          10|          14|
    |add_ln472_13_fu_3144_p2      |     +    |      0|  0|  14|          10|          14|
    |add_ln472_14_fu_3277_p2      |     +    |      0|  0|  14|          10|          14|
    |add_ln472_15_fu_3410_p2      |     +    |      0|  0|  14|          10|          14|
    |add_ln472_16_fu_3543_p2      |     +    |      0|  0|  14|          10|          14|
    |add_ln472_17_fu_3676_p2      |     +    |      0|  0|  14|          10|          14|
    |add_ln472_18_fu_3809_p2      |     +    |      0|  0|  14|          10|          14|
    |add_ln472_19_fu_3942_p2      |     +    |      0|  0|  14|          10|          14|
    |add_ln472_1_fu_1548_p2       |     +    |      0|  0|  14|          10|          14|
    |add_ln472_20_fu_4075_p2      |     +    |      0|  0|  14|          10|          14|
    |add_ln472_21_fu_4208_p2      |     +    |      0|  0|  14|          10|          14|
    |add_ln472_22_fu_4341_p2      |     +    |      0|  0|  14|          10|          14|
    |add_ln472_23_fu_4474_p2      |     +    |      0|  0|  14|          10|          14|
    |add_ln472_24_fu_4607_p2      |     +    |      0|  0|  14|          10|          14|
    |add_ln472_25_fu_4740_p2      |     +    |      0|  0|  14|          10|          14|
    |add_ln472_26_fu_4873_p2      |     +    |      0|  0|  14|          10|          14|
    |add_ln472_27_fu_5006_p2      |     +    |      0|  0|  14|          10|          14|
    |add_ln472_28_fu_5139_p2      |     +    |      0|  0|  14|          10|          14|
    |add_ln472_29_fu_5272_p2      |     +    |      0|  0|  14|          10|          14|
    |add_ln472_2_fu_1681_p2       |     +    |      0|  0|  14|          10|          14|
    |add_ln472_30_fu_5405_p2      |     +    |      0|  0|  14|          10|          14|
    |add_ln472_31_fu_5538_p2      |     +    |      0|  0|  14|          10|          14|
    |add_ln472_32_fu_5671_p2      |     +    |      0|  0|  14|          10|          14|
    |add_ln472_33_fu_5804_p2      |     +    |      0|  0|  14|          10|          14|
    |add_ln472_34_fu_5937_p2      |     +    |      0|  0|  14|          10|          14|
    |add_ln472_35_fu_6070_p2      |     +    |      0|  0|  14|          10|          14|
    |add_ln472_36_fu_6203_p2      |     +    |      0|  0|  14|          10|          14|
    |add_ln472_37_fu_6336_p2      |     +    |      0|  0|  14|          10|          14|
    |add_ln472_38_fu_6469_p2      |     +    |      0|  0|  14|          10|          14|
    |add_ln472_39_fu_6602_p2      |     +    |      0|  0|  14|          10|          14|
    |add_ln472_3_fu_1814_p2       |     +    |      0|  0|  14|          10|          14|
    |add_ln472_40_fu_6735_p2      |     +    |      0|  0|  14|          10|          14|
    |add_ln472_41_fu_6868_p2      |     +    |      0|  0|  14|          10|          14|
    |add_ln472_42_fu_7001_p2      |     +    |      0|  0|  14|          10|          14|
    |add_ln472_43_fu_7134_p2      |     +    |      0|  0|  14|          10|          14|
    |add_ln472_44_fu_7267_p2      |     +    |      0|  0|  14|          10|          14|
    |add_ln472_45_fu_7400_p2      |     +    |      0|  0|  14|          10|          14|
    |add_ln472_46_fu_7533_p2      |     +    |      0|  0|  14|          10|          14|
    |add_ln472_47_fu_7666_p2      |     +    |      0|  0|  14|          10|          14|
    |add_ln472_48_fu_7799_p2      |     +    |      0|  0|  14|          10|          14|
    |add_ln472_49_fu_7932_p2      |     +    |      0|  0|  14|          10|          14|
    |add_ln472_4_fu_1947_p2       |     +    |      0|  0|  14|          10|          14|
    |add_ln472_50_fu_8065_p2      |     +    |      0|  0|  14|          10|          14|
    |add_ln472_51_fu_8198_p2      |     +    |      0|  0|  14|          10|          14|
    |add_ln472_52_fu_8331_p2      |     +    |      0|  0|  14|          10|          14|
    |add_ln472_53_fu_8464_p2      |     +    |      0|  0|  14|          10|          14|
    |add_ln472_54_fu_8597_p2      |     +    |      0|  0|  14|          10|          14|
    |add_ln472_55_fu_8730_p2      |     +    |      0|  0|  14|          10|          14|
    |add_ln472_56_fu_8863_p2      |     +    |      0|  0|  14|          10|          14|
    |add_ln472_57_fu_8996_p2      |     +    |      0|  0|  14|          10|          14|
    |add_ln472_58_fu_9129_p2      |     +    |      0|  0|  14|          10|          14|
    |add_ln472_59_fu_9262_p2      |     +    |      0|  0|  14|          10|          14|
    |add_ln472_5_fu_2080_p2       |     +    |      0|  0|  14|          10|          14|
    |add_ln472_60_fu_9395_p2      |     +    |      0|  0|  14|          10|          14|
    |add_ln472_61_fu_9528_p2      |     +    |      0|  0|  14|          10|          14|
    |add_ln472_62_fu_9661_p2      |     +    |      0|  0|  14|          10|          14|
    |add_ln472_63_fu_9794_p2      |     +    |      0|  0|  14|          10|          14|
    |add_ln472_64_fu_1421_p2      |     +    |      0|  0|  13|          10|          13|
    |add_ln472_65_fu_1554_p2      |     +    |      0|  0|  13|          10|          13|
    |add_ln472_66_fu_1687_p2      |     +    |      0|  0|  13|          10|          13|
    |add_ln472_67_fu_1820_p2      |     +    |      0|  0|  13|          10|          13|
    |add_ln472_68_fu_1953_p2      |     +    |      0|  0|  13|          10|          13|
    |add_ln472_69_fu_2086_p2      |     +    |      0|  0|  13|          10|          13|
    |add_ln472_6_fu_2213_p2       |     +    |      0|  0|  14|          10|          14|
    |add_ln472_70_fu_2219_p2      |     +    |      0|  0|  13|          10|          13|
    |add_ln472_71_fu_2352_p2      |     +    |      0|  0|  13|          10|          13|
    |add_ln472_72_fu_2485_p2      |     +    |      0|  0|  13|          10|          13|
    |add_ln472_73_fu_2618_p2      |     +    |      0|  0|  13|          10|          13|
    |add_ln472_74_fu_2751_p2      |     +    |      0|  0|  13|          10|          13|
    |add_ln472_75_fu_2884_p2      |     +    |      0|  0|  13|          10|          13|
    |add_ln472_76_fu_3017_p2      |     +    |      0|  0|  13|          10|          13|
    |add_ln472_77_fu_3150_p2      |     +    |      0|  0|  13|          10|          13|
    |add_ln472_78_fu_3283_p2      |     +    |      0|  0|  13|          10|          13|
    |add_ln472_79_fu_3416_p2      |     +    |      0|  0|  13|          10|          13|
    |add_ln472_7_fu_2346_p2       |     +    |      0|  0|  14|          10|          14|
    |add_ln472_80_fu_3549_p2      |     +    |      0|  0|  13|          10|          13|
    |add_ln472_81_fu_3682_p2      |     +    |      0|  0|  13|          10|          13|
    |add_ln472_82_fu_3815_p2      |     +    |      0|  0|  13|          10|          13|
    |add_ln472_83_fu_3948_p2      |     +    |      0|  0|  13|          10|          13|
    |add_ln472_84_fu_4081_p2      |     +    |      0|  0|  13|          10|          13|
    |add_ln472_85_fu_4214_p2      |     +    |      0|  0|  13|          10|          13|
    |add_ln472_86_fu_4347_p2      |     +    |      0|  0|  13|          10|          13|
    |add_ln472_87_fu_4480_p2      |     +    |      0|  0|  13|          10|          13|
    |add_ln472_88_fu_4613_p2      |     +    |      0|  0|  13|          10|          13|
    |add_ln472_89_fu_4746_p2      |     +    |      0|  0|  13|          10|          13|
    |add_ln472_8_fu_2479_p2       |     +    |      0|  0|  14|          10|          14|
    |add_ln472_90_fu_4879_p2      |     +    |      0|  0|  13|          10|          13|
    |add_ln472_91_fu_5012_p2      |     +    |      0|  0|  13|          10|          13|
    |add_ln472_92_fu_5145_p2      |     +    |      0|  0|  13|          10|          13|
    |add_ln472_93_fu_5278_p2      |     +    |      0|  0|  13|          10|          13|
    |add_ln472_94_fu_5411_p2      |     +    |      0|  0|  13|          10|          13|
    |add_ln472_95_fu_5544_p2      |     +    |      0|  0|  13|          10|          13|
    |add_ln472_96_fu_5677_p2      |     +    |      0|  0|  13|          10|          13|
    |add_ln472_97_fu_5810_p2      |     +    |      0|  0|  13|          10|          13|
    |add_ln472_98_fu_5943_p2      |     +    |      0|  0|  13|          10|          13|
    |add_ln472_99_fu_6076_p2      |     +    |      0|  0|  13|          10|          13|
    |add_ln472_9_fu_2612_p2       |     +    |      0|  0|  14|          10|          14|
    |add_ln472_fu_1415_p2         |     +    |      0|  0|  14|          10|          14|
    |add_ln700_10_fu_2719_p2      |     +    |      0|  0|  14|           1|          14|
    |add_ln700_11_fu_2852_p2      |     +    |      0|  0|  14|           1|          14|
    |add_ln700_12_fu_2985_p2      |     +    |      0|  0|  14|           1|          14|
    |add_ln700_13_fu_3118_p2      |     +    |      0|  0|  14|           1|          14|
    |add_ln700_14_fu_3251_p2      |     +    |      0|  0|  14|           1|          14|
    |add_ln700_15_fu_3384_p2      |     +    |      0|  0|  14|           1|          14|
    |add_ln700_16_fu_3517_p2      |     +    |      0|  0|  14|           1|          14|
    |add_ln700_17_fu_3650_p2      |     +    |      0|  0|  14|           1|          14|
    |add_ln700_18_fu_3783_p2      |     +    |      0|  0|  14|           1|          14|
    |add_ln700_19_fu_3916_p2      |     +    |      0|  0|  14|           1|          14|
    |add_ln700_1_fu_1522_p2       |     +    |      0|  0|  14|           1|          14|
    |add_ln700_20_fu_4049_p2      |     +    |      0|  0|  14|           1|          14|
    |add_ln700_21_fu_4182_p2      |     +    |      0|  0|  14|           1|          14|
    |add_ln700_22_fu_4315_p2      |     +    |      0|  0|  14|           1|          14|
    |add_ln700_23_fu_4448_p2      |     +    |      0|  0|  14|           1|          14|
    |add_ln700_24_fu_4581_p2      |     +    |      0|  0|  14|           1|          14|
    |add_ln700_25_fu_4714_p2      |     +    |      0|  0|  14|           1|          14|
    |add_ln700_26_fu_4847_p2      |     +    |      0|  0|  14|           1|          14|
    |add_ln700_27_fu_4980_p2      |     +    |      0|  0|  14|           1|          14|
    |add_ln700_28_fu_5113_p2      |     +    |      0|  0|  14|           1|          14|
    |add_ln700_29_fu_5246_p2      |     +    |      0|  0|  14|           1|          14|
    |add_ln700_2_fu_1655_p2       |     +    |      0|  0|  14|           1|          14|
    |add_ln700_30_fu_5379_p2      |     +    |      0|  0|  14|           1|          14|
    |add_ln700_31_fu_5512_p2      |     +    |      0|  0|  14|           1|          14|
    |add_ln700_32_fu_5645_p2      |     +    |      0|  0|  14|           1|          14|
    |add_ln700_33_fu_5778_p2      |     +    |      0|  0|  14|           1|          14|
    |add_ln700_34_fu_5911_p2      |     +    |      0|  0|  14|           1|          14|
    |add_ln700_35_fu_6044_p2      |     +    |      0|  0|  14|           1|          14|
    |add_ln700_36_fu_6177_p2      |     +    |      0|  0|  14|           1|          14|
    |add_ln700_37_fu_6310_p2      |     +    |      0|  0|  14|           1|          14|
    |add_ln700_38_fu_6443_p2      |     +    |      0|  0|  14|           1|          14|
    |add_ln700_39_fu_6576_p2      |     +    |      0|  0|  14|           1|          14|
    |add_ln700_3_fu_1788_p2       |     +    |      0|  0|  14|           1|          14|
    |add_ln700_40_fu_6709_p2      |     +    |      0|  0|  14|           1|          14|
    |add_ln700_41_fu_6842_p2      |     +    |      0|  0|  14|           1|          14|
    |add_ln700_42_fu_6975_p2      |     +    |      0|  0|  14|           1|          14|
    |add_ln700_43_fu_7108_p2      |     +    |      0|  0|  14|           1|          14|
    |add_ln700_44_fu_7241_p2      |     +    |      0|  0|  14|           1|          14|
    |add_ln700_45_fu_7374_p2      |     +    |      0|  0|  14|           1|          14|
    |add_ln700_46_fu_7507_p2      |     +    |      0|  0|  14|           1|          14|
    |add_ln700_47_fu_7640_p2      |     +    |      0|  0|  14|           1|          14|
    |add_ln700_48_fu_7773_p2      |     +    |      0|  0|  14|           1|          14|
    |add_ln700_49_fu_7906_p2      |     +    |      0|  0|  14|           1|          14|
    |add_ln700_4_fu_1921_p2       |     +    |      0|  0|  14|           1|          14|
    |add_ln700_50_fu_8039_p2      |     +    |      0|  0|  14|           1|          14|
    |add_ln700_51_fu_8172_p2      |     +    |      0|  0|  14|           1|          14|
    |add_ln700_52_fu_8305_p2      |     +    |      0|  0|  14|           1|          14|
    |add_ln700_53_fu_8438_p2      |     +    |      0|  0|  14|           1|          14|
    |add_ln700_54_fu_8571_p2      |     +    |      0|  0|  14|           1|          14|
    |add_ln700_55_fu_8704_p2      |     +    |      0|  0|  14|           1|          14|
    |add_ln700_56_fu_8837_p2      |     +    |      0|  0|  14|           1|          14|
    |add_ln700_57_fu_8970_p2      |     +    |      0|  0|  14|           1|          14|
    |add_ln700_58_fu_9103_p2      |     +    |      0|  0|  14|           1|          14|
    |add_ln700_59_fu_9236_p2      |     +    |      0|  0|  14|           1|          14|
    |add_ln700_5_fu_2054_p2       |     +    |      0|  0|  14|           1|          14|
    |add_ln700_60_fu_9369_p2      |     +    |      0|  0|  14|           1|          14|
    |add_ln700_61_fu_9502_p2      |     +    |      0|  0|  14|           1|          14|
    |add_ln700_62_fu_9635_p2      |     +    |      0|  0|  14|           1|          14|
    |add_ln700_63_fu_9768_p2      |     +    |      0|  0|  14|           1|          14|
    |add_ln700_6_fu_2187_p2       |     +    |      0|  0|  14|           1|          14|
    |add_ln700_7_fu_2320_p2       |     +    |      0|  0|  14|           1|          14|
    |add_ln700_8_fu_2453_p2       |     +    |      0|  0|  14|           1|          14|
    |add_ln700_9_fu_2586_p2       |     +    |      0|  0|  14|           1|          14|
    |add_ln700_fu_1389_p2         |     +    |      0|  0|  14|           1|          14|
    |ap_block_pp0_stage0_11001    |    and   |      0|  0|   2|           1|           1|
    |icmp_ln475_10_fu_2787_p2     |   icmp   |      0|  0|   9|           3|           1|
    |icmp_ln475_11_fu_2920_p2     |   icmp   |      0|  0|   9|           3|           1|
    |icmp_ln475_12_fu_3053_p2     |   icmp   |      0|  0|   9|           3|           1|
    |icmp_ln475_13_fu_3186_p2     |   icmp   |      0|  0|   9|           3|           1|
    |icmp_ln475_14_fu_3319_p2     |   icmp   |      0|  0|   9|           3|           1|
    |icmp_ln475_15_fu_3452_p2     |   icmp   |      0|  0|   9|           3|           1|
    |icmp_ln475_16_fu_3585_p2     |   icmp   |      0|  0|   9|           3|           1|
    |icmp_ln475_17_fu_3718_p2     |   icmp   |      0|  0|   9|           3|           1|
    |icmp_ln475_18_fu_3851_p2     |   icmp   |      0|  0|   9|           3|           1|
    |icmp_ln475_19_fu_3984_p2     |   icmp   |      0|  0|   9|           3|           1|
    |icmp_ln475_1_fu_1590_p2      |   icmp   |      0|  0|   9|           3|           1|
    |icmp_ln475_20_fu_4117_p2     |   icmp   |      0|  0|   9|           3|           1|
    |icmp_ln475_21_fu_4250_p2     |   icmp   |      0|  0|   9|           3|           1|
    |icmp_ln475_22_fu_4383_p2     |   icmp   |      0|  0|   9|           3|           1|
    |icmp_ln475_23_fu_4516_p2     |   icmp   |      0|  0|   9|           3|           1|
    |icmp_ln475_24_fu_4649_p2     |   icmp   |      0|  0|   9|           3|           1|
    |icmp_ln475_25_fu_4782_p2     |   icmp   |      0|  0|   9|           3|           1|
    |icmp_ln475_26_fu_4915_p2     |   icmp   |      0|  0|   9|           3|           1|
    |icmp_ln475_27_fu_5048_p2     |   icmp   |      0|  0|   9|           3|           1|
    |icmp_ln475_28_fu_5181_p2     |   icmp   |      0|  0|   9|           3|           1|
    |icmp_ln475_29_fu_5314_p2     |   icmp   |      0|  0|   9|           3|           1|
    |icmp_ln475_2_fu_1723_p2      |   icmp   |      0|  0|   9|           3|           1|
    |icmp_ln475_30_fu_5447_p2     |   icmp   |      0|  0|   9|           3|           1|
    |icmp_ln475_31_fu_5580_p2     |   icmp   |      0|  0|   9|           3|           1|
    |icmp_ln475_32_fu_5713_p2     |   icmp   |      0|  0|   9|           3|           1|
    |icmp_ln475_33_fu_5846_p2     |   icmp   |      0|  0|   9|           3|           1|
    |icmp_ln475_34_fu_5979_p2     |   icmp   |      0|  0|   9|           3|           1|
    |icmp_ln475_35_fu_6112_p2     |   icmp   |      0|  0|   9|           3|           1|
    |icmp_ln475_36_fu_6245_p2     |   icmp   |      0|  0|   9|           3|           1|
    |icmp_ln475_37_fu_6378_p2     |   icmp   |      0|  0|   9|           3|           1|
    |icmp_ln475_38_fu_6511_p2     |   icmp   |      0|  0|   9|           3|           1|
    |icmp_ln475_39_fu_6644_p2     |   icmp   |      0|  0|   9|           3|           1|
    |icmp_ln475_3_fu_1856_p2      |   icmp   |      0|  0|   9|           3|           1|
    |icmp_ln475_40_fu_6777_p2     |   icmp   |      0|  0|   9|           3|           1|
    |icmp_ln475_41_fu_6910_p2     |   icmp   |      0|  0|   9|           3|           1|
    |icmp_ln475_42_fu_7043_p2     |   icmp   |      0|  0|   9|           3|           1|
    |icmp_ln475_43_fu_7176_p2     |   icmp   |      0|  0|   9|           3|           1|
    |icmp_ln475_44_fu_7309_p2     |   icmp   |      0|  0|   9|           3|           1|
    |icmp_ln475_45_fu_7442_p2     |   icmp   |      0|  0|   9|           3|           1|
    |icmp_ln475_46_fu_7575_p2     |   icmp   |      0|  0|   9|           3|           1|
    |icmp_ln475_47_fu_7708_p2     |   icmp   |      0|  0|   9|           3|           1|
    |icmp_ln475_48_fu_7841_p2     |   icmp   |      0|  0|   9|           3|           1|
    |icmp_ln475_49_fu_7974_p2     |   icmp   |      0|  0|   9|           3|           1|
    |icmp_ln475_4_fu_1989_p2      |   icmp   |      0|  0|   9|           3|           1|
    |icmp_ln475_50_fu_8107_p2     |   icmp   |      0|  0|   9|           3|           1|
    |icmp_ln475_51_fu_8240_p2     |   icmp   |      0|  0|   9|           3|           1|
    |icmp_ln475_52_fu_8373_p2     |   icmp   |      0|  0|   9|           3|           1|
    |icmp_ln475_53_fu_8506_p2     |   icmp   |      0|  0|   9|           3|           1|
    |icmp_ln475_54_fu_8639_p2     |   icmp   |      0|  0|   9|           3|           1|
    |icmp_ln475_55_fu_8772_p2     |   icmp   |      0|  0|   9|           3|           1|
    |icmp_ln475_56_fu_8905_p2     |   icmp   |      0|  0|   9|           3|           1|
    |icmp_ln475_57_fu_9038_p2     |   icmp   |      0|  0|   9|           3|           1|
    |icmp_ln475_58_fu_9171_p2     |   icmp   |      0|  0|   9|           3|           1|
    |icmp_ln475_59_fu_9304_p2     |   icmp   |      0|  0|   9|           3|           1|
    |icmp_ln475_5_fu_2122_p2      |   icmp   |      0|  0|   9|           3|           1|
    |icmp_ln475_60_fu_9437_p2     |   icmp   |      0|  0|   9|           3|           1|
    |icmp_ln475_61_fu_9570_p2     |   icmp   |      0|  0|   9|           3|           1|
    |icmp_ln475_62_fu_9703_p2     |   icmp   |      0|  0|   9|           3|           1|
    |icmp_ln475_63_fu_9836_p2     |   icmp   |      0|  0|   9|           3|           1|
    |icmp_ln475_6_fu_2255_p2      |   icmp   |      0|  0|   9|           3|           1|
    |icmp_ln475_7_fu_2388_p2      |   icmp   |      0|  0|   9|           3|           1|
    |icmp_ln475_8_fu_2521_p2      |   icmp   |      0|  0|   9|           3|           1|
    |icmp_ln475_9_fu_2654_p2      |   icmp   |      0|  0|   9|           3|           1|
    |icmp_ln475_fu_1457_p2        |   icmp   |      0|  0|   9|           3|           1|
    |icmp_ln850_10_fu_2695_p2     |   icmp   |      0|  0|  20|          26|           4|
    |icmp_ln850_11_fu_2828_p2     |   icmp   |      0|  0|  20|          26|           4|
    |icmp_ln850_12_fu_2961_p2     |   icmp   |      0|  0|  20|          26|           4|
    |icmp_ln850_13_fu_3094_p2     |   icmp   |      0|  0|  20|          26|           4|
    |icmp_ln850_14_fu_3227_p2     |   icmp   |      0|  0|  20|          26|           4|
    |icmp_ln850_15_fu_3360_p2     |   icmp   |      0|  0|  20|          26|           4|
    |icmp_ln850_16_fu_3493_p2     |   icmp   |      0|  0|  20|          26|           4|
    |icmp_ln850_17_fu_3626_p2     |   icmp   |      0|  0|  20|          26|           4|
    |icmp_ln850_18_fu_3759_p2     |   icmp   |      0|  0|  20|          26|           4|
    |icmp_ln850_19_fu_3892_p2     |   icmp   |      0|  0|  20|          26|           4|
    |icmp_ln850_1_fu_1498_p2      |   icmp   |      0|  0|  20|          26|           4|
    |icmp_ln850_20_fu_4025_p2     |   icmp   |      0|  0|  20|          26|           4|
    |icmp_ln850_21_fu_4158_p2     |   icmp   |      0|  0|  20|          26|           4|
    |icmp_ln850_22_fu_4291_p2     |   icmp   |      0|  0|  20|          26|           4|
    |icmp_ln850_23_fu_4424_p2     |   icmp   |      0|  0|  20|          26|           4|
    |icmp_ln850_24_fu_4557_p2     |   icmp   |      0|  0|  20|          26|           4|
    |icmp_ln850_25_fu_4690_p2     |   icmp   |      0|  0|  20|          26|           4|
    |icmp_ln850_26_fu_4823_p2     |   icmp   |      0|  0|  20|          26|           4|
    |icmp_ln850_27_fu_4956_p2     |   icmp   |      0|  0|  20|          26|           4|
    |icmp_ln850_28_fu_5089_p2     |   icmp   |      0|  0|  20|          26|           4|
    |icmp_ln850_29_fu_5222_p2     |   icmp   |      0|  0|  20|          26|           4|
    |icmp_ln850_2_fu_1631_p2      |   icmp   |      0|  0|  20|          26|           4|
    |icmp_ln850_30_fu_5355_p2     |   icmp   |      0|  0|  20|          26|           4|
    |icmp_ln850_31_fu_5488_p2     |   icmp   |      0|  0|  20|          26|           4|
    |icmp_ln850_32_fu_5621_p2     |   icmp   |      0|  0|  20|          26|           4|
    |icmp_ln850_33_fu_5754_p2     |   icmp   |      0|  0|  20|          26|           4|
    |icmp_ln850_34_fu_5887_p2     |   icmp   |      0|  0|  20|          26|           4|
    |icmp_ln850_35_fu_6020_p2     |   icmp   |      0|  0|  20|          26|           4|
    |icmp_ln850_36_fu_6153_p2     |   icmp   |      0|  0|  20|          26|           4|
    |icmp_ln850_37_fu_6286_p2     |   icmp   |      0|  0|  20|          26|           4|
    |icmp_ln850_38_fu_6419_p2     |   icmp   |      0|  0|  20|          26|           4|
    |icmp_ln850_39_fu_6552_p2     |   icmp   |      0|  0|  20|          26|           4|
    |icmp_ln850_3_fu_1764_p2      |   icmp   |      0|  0|  20|          26|           4|
    |icmp_ln850_40_fu_6685_p2     |   icmp   |      0|  0|  20|          26|           4|
    |icmp_ln850_41_fu_6818_p2     |   icmp   |      0|  0|  20|          26|           4|
    |icmp_ln850_42_fu_6951_p2     |   icmp   |      0|  0|  20|          26|           4|
    |icmp_ln850_43_fu_7084_p2     |   icmp   |      0|  0|  20|          26|           4|
    |icmp_ln850_44_fu_7217_p2     |   icmp   |      0|  0|  20|          26|           4|
    |icmp_ln850_45_fu_7350_p2     |   icmp   |      0|  0|  20|          26|           4|
    |icmp_ln850_46_fu_7483_p2     |   icmp   |      0|  0|  20|          26|           4|
    |icmp_ln850_47_fu_7616_p2     |   icmp   |      0|  0|  20|          26|           4|
    |icmp_ln850_48_fu_7749_p2     |   icmp   |      0|  0|  20|          26|           4|
    |icmp_ln850_49_fu_7882_p2     |   icmp   |      0|  0|  20|          26|           4|
    |icmp_ln850_4_fu_1897_p2      |   icmp   |      0|  0|  20|          26|           4|
    |icmp_ln850_50_fu_8015_p2     |   icmp   |      0|  0|  20|          26|           4|
    |icmp_ln850_51_fu_8148_p2     |   icmp   |      0|  0|  20|          26|           4|
    |icmp_ln850_52_fu_8281_p2     |   icmp   |      0|  0|  20|          26|           4|
    |icmp_ln850_53_fu_8414_p2     |   icmp   |      0|  0|  20|          26|           4|
    |icmp_ln850_54_fu_8547_p2     |   icmp   |      0|  0|  20|          26|           4|
    |icmp_ln850_55_fu_8680_p2     |   icmp   |      0|  0|  20|          26|           4|
    |icmp_ln850_56_fu_8813_p2     |   icmp   |      0|  0|  20|          26|           4|
    |icmp_ln850_57_fu_8946_p2     |   icmp   |      0|  0|  20|          26|           4|
    |icmp_ln850_58_fu_9079_p2     |   icmp   |      0|  0|  20|          26|           4|
    |icmp_ln850_59_fu_9212_p2     |   icmp   |      0|  0|  20|          26|           4|
    |icmp_ln850_5_fu_2030_p2      |   icmp   |      0|  0|  20|          26|           4|
    |icmp_ln850_60_fu_9345_p2     |   icmp   |      0|  0|  20|          26|           4|
    |icmp_ln850_61_fu_9478_p2     |   icmp   |      0|  0|  20|          26|           4|
    |icmp_ln850_62_fu_9611_p2     |   icmp   |      0|  0|  20|          26|           4|
    |icmp_ln850_63_fu_9744_p2     |   icmp   |      0|  0|  20|          26|           4|
    |icmp_ln850_6_fu_2163_p2      |   icmp   |      0|  0|  20|          26|           4|
    |icmp_ln850_7_fu_2296_p2      |   icmp   |      0|  0|  20|          26|           4|
    |icmp_ln850_8_fu_2429_p2      |   icmp   |      0|  0|  20|          26|           4|
    |icmp_ln850_9_fu_2562_p2      |   icmp   |      0|  0|  20|          26|           4|
    |icmp_ln850_fu_1365_p2        |   icmp   |      0|  0|  20|          26|           4|
    |icmp_ln851_10_fu_2713_p2     |   icmp   |      0|  0|  13|          10|           1|
    |icmp_ln851_11_fu_2846_p2     |   icmp   |      0|  0|  13|          10|           1|
    |icmp_ln851_12_fu_2979_p2     |   icmp   |      0|  0|  13|          10|           1|
    |icmp_ln851_13_fu_3112_p2     |   icmp   |      0|  0|  13|          10|           1|
    |icmp_ln851_14_fu_3245_p2     |   icmp   |      0|  0|  13|          10|           1|
    |icmp_ln851_15_fu_3378_p2     |   icmp   |      0|  0|  13|          10|           1|
    |icmp_ln851_16_fu_3511_p2     |   icmp   |      0|  0|  13|          10|           1|
    |icmp_ln851_17_fu_3644_p2     |   icmp   |      0|  0|  13|          10|           1|
    |icmp_ln851_18_fu_3777_p2     |   icmp   |      0|  0|  13|          10|           1|
    |icmp_ln851_19_fu_3910_p2     |   icmp   |      0|  0|  13|          10|           1|
    |icmp_ln851_1_fu_1516_p2      |   icmp   |      0|  0|  13|          10|           1|
    |icmp_ln851_20_fu_4043_p2     |   icmp   |      0|  0|  13|          10|           1|
    |icmp_ln851_21_fu_4176_p2     |   icmp   |      0|  0|  13|          10|           1|
    |icmp_ln851_22_fu_4309_p2     |   icmp   |      0|  0|  13|          10|           1|
    |icmp_ln851_23_fu_4442_p2     |   icmp   |      0|  0|  13|          10|           1|
    |icmp_ln851_24_fu_4575_p2     |   icmp   |      0|  0|  13|          10|           1|
    |icmp_ln851_25_fu_4708_p2     |   icmp   |      0|  0|  13|          10|           1|
    |icmp_ln851_26_fu_4841_p2     |   icmp   |      0|  0|  13|          10|           1|
    |icmp_ln851_27_fu_4974_p2     |   icmp   |      0|  0|  13|          10|           1|
    |icmp_ln851_28_fu_5107_p2     |   icmp   |      0|  0|  13|          10|           1|
    |icmp_ln851_29_fu_5240_p2     |   icmp   |      0|  0|  13|          10|           1|
    |icmp_ln851_2_fu_1649_p2      |   icmp   |      0|  0|  13|          10|           1|
    |icmp_ln851_30_fu_5373_p2     |   icmp   |      0|  0|  13|          10|           1|
    |icmp_ln851_31_fu_5506_p2     |   icmp   |      0|  0|  13|          10|           1|
    |icmp_ln851_32_fu_5639_p2     |   icmp   |      0|  0|  13|          10|           1|
    |icmp_ln851_33_fu_5772_p2     |   icmp   |      0|  0|  13|          10|           1|
    |icmp_ln851_34_fu_5905_p2     |   icmp   |      0|  0|  13|          10|           1|
    |icmp_ln851_35_fu_6038_p2     |   icmp   |      0|  0|  13|          10|           1|
    |icmp_ln851_36_fu_6171_p2     |   icmp   |      0|  0|  13|          10|           1|
    |icmp_ln851_37_fu_6304_p2     |   icmp   |      0|  0|  13|          10|           1|
    |icmp_ln851_38_fu_6437_p2     |   icmp   |      0|  0|  13|          10|           1|
    |icmp_ln851_39_fu_6570_p2     |   icmp   |      0|  0|  13|          10|           1|
    |icmp_ln851_3_fu_1782_p2      |   icmp   |      0|  0|  13|          10|           1|
    |icmp_ln851_40_fu_6703_p2     |   icmp   |      0|  0|  13|          10|           1|
    |icmp_ln851_41_fu_6836_p2     |   icmp   |      0|  0|  13|          10|           1|
    |icmp_ln851_42_fu_6969_p2     |   icmp   |      0|  0|  13|          10|           1|
    |icmp_ln851_43_fu_7102_p2     |   icmp   |      0|  0|  13|          10|           1|
    |icmp_ln851_44_fu_7235_p2     |   icmp   |      0|  0|  13|          10|           1|
    |icmp_ln851_45_fu_7368_p2     |   icmp   |      0|  0|  13|          10|           1|
    |icmp_ln851_46_fu_7501_p2     |   icmp   |      0|  0|  13|          10|           1|
    |icmp_ln851_47_fu_7634_p2     |   icmp   |      0|  0|  13|          10|           1|
    |icmp_ln851_48_fu_7767_p2     |   icmp   |      0|  0|  13|          10|           1|
    |icmp_ln851_49_fu_7900_p2     |   icmp   |      0|  0|  13|          10|           1|
    |icmp_ln851_4_fu_1915_p2      |   icmp   |      0|  0|  13|          10|           1|
    |icmp_ln851_50_fu_8033_p2     |   icmp   |      0|  0|  13|          10|           1|
    |icmp_ln851_51_fu_8166_p2     |   icmp   |      0|  0|  13|          10|           1|
    |icmp_ln851_52_fu_8299_p2     |   icmp   |      0|  0|  13|          10|           1|
    |icmp_ln851_53_fu_8432_p2     |   icmp   |      0|  0|  13|          10|           1|
    |icmp_ln851_54_fu_8565_p2     |   icmp   |      0|  0|  13|          10|           1|
    |icmp_ln851_55_fu_8698_p2     |   icmp   |      0|  0|  13|          10|           1|
    |icmp_ln851_56_fu_8831_p2     |   icmp   |      0|  0|  13|          10|           1|
    |icmp_ln851_57_fu_8964_p2     |   icmp   |      0|  0|  13|          10|           1|
    |icmp_ln851_58_fu_9097_p2     |   icmp   |      0|  0|  13|          10|           1|
    |icmp_ln851_59_fu_9230_p2     |   icmp   |      0|  0|  13|          10|           1|
    |icmp_ln851_5_fu_2048_p2      |   icmp   |      0|  0|  13|          10|           1|
    |icmp_ln851_60_fu_9363_p2     |   icmp   |      0|  0|  13|          10|           1|
    |icmp_ln851_61_fu_9496_p2     |   icmp   |      0|  0|  13|          10|           1|
    |icmp_ln851_62_fu_9629_p2     |   icmp   |      0|  0|  13|          10|           1|
    |icmp_ln851_63_fu_9762_p2     |   icmp   |      0|  0|  13|          10|           1|
    |icmp_ln851_6_fu_2181_p2      |   icmp   |      0|  0|  13|          10|           1|
    |icmp_ln851_7_fu_2314_p2      |   icmp   |      0|  0|  13|          10|           1|
    |icmp_ln851_8_fu_2447_p2      |   icmp   |      0|  0|  13|          10|           1|
    |icmp_ln851_9_fu_2580_p2      |   icmp   |      0|  0|  13|          10|           1|
    |icmp_ln851_fu_1383_p2        |   icmp   |      0|  0|  13|          10|           1|
    |ap_block_pp0_stage0_subdone  |    or    |      0|  0|   2|           1|           1|
    |select_ln474_10_fu_2765_p3   |  select  |      0|  0|  13|           1|           1|
    |select_ln474_11_fu_2898_p3   |  select  |      0|  0|  13|           1|           1|
    |select_ln474_12_fu_3031_p3   |  select  |      0|  0|  13|           1|           1|
    |select_ln474_13_fu_3164_p3   |  select  |      0|  0|  13|           1|           1|
    |select_ln474_14_fu_3297_p3   |  select  |      0|  0|  13|           1|           1|
    |select_ln474_15_fu_3430_p3   |  select  |      0|  0|  13|           1|           1|
    |select_ln474_16_fu_3563_p3   |  select  |      0|  0|  13|           1|           1|
    |select_ln474_17_fu_3696_p3   |  select  |      0|  0|  13|           1|           1|
    |select_ln474_18_fu_3829_p3   |  select  |      0|  0|  13|           1|           1|
    |select_ln474_19_fu_3962_p3   |  select  |      0|  0|  13|           1|           1|
    |select_ln474_1_fu_1568_p3    |  select  |      0|  0|  13|           1|           1|
    |select_ln474_20_fu_4095_p3   |  select  |      0|  0|  13|           1|           1|
    |select_ln474_21_fu_4228_p3   |  select  |      0|  0|  13|           1|           1|
    |select_ln474_22_fu_4361_p3   |  select  |      0|  0|  13|           1|           1|
    |select_ln474_23_fu_4494_p3   |  select  |      0|  0|  13|           1|           1|
    |select_ln474_24_fu_4627_p3   |  select  |      0|  0|  13|           1|           1|
    |select_ln474_25_fu_4760_p3   |  select  |      0|  0|  13|           1|           1|
    |select_ln474_26_fu_4893_p3   |  select  |      0|  0|  13|           1|           1|
    |select_ln474_27_fu_5026_p3   |  select  |      0|  0|  13|           1|           1|
    |select_ln474_28_fu_5159_p3   |  select  |      0|  0|  13|           1|           1|
    |select_ln474_29_fu_5292_p3   |  select  |      0|  0|  13|           1|           1|
    |select_ln474_2_fu_1701_p3    |  select  |      0|  0|  13|           1|           1|
    |select_ln474_30_fu_5425_p3   |  select  |      0|  0|  13|           1|           1|
    |select_ln474_31_fu_5558_p3   |  select  |      0|  0|  13|           1|           1|
    |select_ln474_32_fu_5691_p3   |  select  |      0|  0|  13|           1|           1|
    |select_ln474_33_fu_5824_p3   |  select  |      0|  0|  13|           1|           1|
    |select_ln474_34_fu_5957_p3   |  select  |      0|  0|  13|           1|           1|
    |select_ln474_35_fu_6090_p3   |  select  |      0|  0|  13|           1|           1|
    |select_ln474_36_fu_6223_p3   |  select  |      0|  0|  13|           1|           1|
    |select_ln474_37_fu_6356_p3   |  select  |      0|  0|  13|           1|           1|
    |select_ln474_38_fu_6489_p3   |  select  |      0|  0|  13|           1|           1|
    |select_ln474_39_fu_6622_p3   |  select  |      0|  0|  13|           1|           1|
    |select_ln474_3_fu_1834_p3    |  select  |      0|  0|  13|           1|           1|
    |select_ln474_40_fu_6755_p3   |  select  |      0|  0|  13|           1|           1|
    |select_ln474_41_fu_6888_p3   |  select  |      0|  0|  13|           1|           1|
    |select_ln474_42_fu_7021_p3   |  select  |      0|  0|  13|           1|           1|
    |select_ln474_43_fu_7154_p3   |  select  |      0|  0|  13|           1|           1|
    |select_ln474_44_fu_7287_p3   |  select  |      0|  0|  13|           1|           1|
    |select_ln474_45_fu_7420_p3   |  select  |      0|  0|  13|           1|           1|
    |select_ln474_46_fu_7553_p3   |  select  |      0|  0|  13|           1|           1|
    |select_ln474_47_fu_7686_p3   |  select  |      0|  0|  13|           1|           1|
    |select_ln474_48_fu_7819_p3   |  select  |      0|  0|  13|           1|           1|
    |select_ln474_49_fu_7952_p3   |  select  |      0|  0|  13|           1|           1|
    |select_ln474_4_fu_1967_p3    |  select  |      0|  0|  13|           1|           1|
    |select_ln474_50_fu_8085_p3   |  select  |      0|  0|  13|           1|           1|
    |select_ln474_51_fu_8218_p3   |  select  |      0|  0|  13|           1|           1|
    |select_ln474_52_fu_8351_p3   |  select  |      0|  0|  13|           1|           1|
    |select_ln474_53_fu_8484_p3   |  select  |      0|  0|  13|           1|           1|
    |select_ln474_54_fu_8617_p3   |  select  |      0|  0|  13|           1|           1|
    |select_ln474_55_fu_8750_p3   |  select  |      0|  0|  13|           1|           1|
    |select_ln474_56_fu_8883_p3   |  select  |      0|  0|  13|           1|           1|
    |select_ln474_57_fu_9016_p3   |  select  |      0|  0|  13|           1|           1|
    |select_ln474_58_fu_9149_p3   |  select  |      0|  0|  13|           1|           1|
    |select_ln474_59_fu_9282_p3   |  select  |      0|  0|  13|           1|           1|
    |select_ln474_5_fu_2100_p3    |  select  |      0|  0|  13|           1|           1|
    |select_ln474_60_fu_9415_p3   |  select  |      0|  0|  13|           1|           1|
    |select_ln474_61_fu_9548_p3   |  select  |      0|  0|  13|           1|           1|
    |select_ln474_62_fu_9681_p3   |  select  |      0|  0|  13|           1|           1|
    |select_ln474_63_fu_9814_p3   |  select  |      0|  0|  13|           1|           1|
    |select_ln474_6_fu_2233_p3    |  select  |      0|  0|  13|           1|           1|
    |select_ln474_7_fu_2366_p3    |  select  |      0|  0|  13|           1|           1|
    |select_ln474_8_fu_2499_p3    |  select  |      0|  0|  13|           1|           1|
    |select_ln474_9_fu_2632_p3    |  select  |      0|  0|  13|           1|           1|
    |select_ln474_fu_1435_p3      |  select  |      0|  0|  13|           1|           1|
    |select_ln475_10_fu_2793_p3   |  select  |      0|  0|  10|           1|           2|
    |select_ln475_11_fu_2926_p3   |  select  |      0|  0|  10|           1|           2|
    |select_ln475_12_fu_3059_p3   |  select  |      0|  0|  10|           1|           2|
    |select_ln475_13_fu_3192_p3   |  select  |      0|  0|  10|           1|           2|
    |select_ln475_14_fu_3325_p3   |  select  |      0|  0|  10|           1|           2|
    |select_ln475_15_fu_3458_p3   |  select  |      0|  0|  10|           1|           2|
    |select_ln475_16_fu_3591_p3   |  select  |      0|  0|  10|           1|           2|
    |select_ln475_17_fu_3724_p3   |  select  |      0|  0|  10|           1|           2|
    |select_ln475_18_fu_3857_p3   |  select  |      0|  0|  10|           1|           2|
    |select_ln475_19_fu_3990_p3   |  select  |      0|  0|  10|           1|           2|
    |select_ln475_1_fu_1596_p3    |  select  |      0|  0|  10|           1|           2|
    |select_ln475_20_fu_4123_p3   |  select  |      0|  0|  10|           1|           2|
    |select_ln475_21_fu_4256_p3   |  select  |      0|  0|  10|           1|           2|
    |select_ln475_22_fu_4389_p3   |  select  |      0|  0|  10|           1|           2|
    |select_ln475_23_fu_4522_p3   |  select  |      0|  0|  10|           1|           2|
    |select_ln475_24_fu_4655_p3   |  select  |      0|  0|  10|           1|           2|
    |select_ln475_25_fu_4788_p3   |  select  |      0|  0|  10|           1|           2|
    |select_ln475_26_fu_4921_p3   |  select  |      0|  0|  10|           1|           2|
    |select_ln475_27_fu_5054_p3   |  select  |      0|  0|  10|           1|           2|
    |select_ln475_28_fu_5187_p3   |  select  |      0|  0|  10|           1|           2|
    |select_ln475_29_fu_5320_p3   |  select  |      0|  0|  10|           1|           2|
    |select_ln475_2_fu_1729_p3    |  select  |      0|  0|  10|           1|           2|
    |select_ln475_30_fu_5453_p3   |  select  |      0|  0|  10|           1|           2|
    |select_ln475_31_fu_5586_p3   |  select  |      0|  0|  10|           1|           2|
    |select_ln475_32_fu_5719_p3   |  select  |      0|  0|  10|           1|           2|
    |select_ln475_33_fu_5852_p3   |  select  |      0|  0|  10|           1|           2|
    |select_ln475_34_fu_5985_p3   |  select  |      0|  0|  10|           1|           2|
    |select_ln475_35_fu_6118_p3   |  select  |      0|  0|  10|           1|           2|
    |select_ln475_36_fu_6251_p3   |  select  |      0|  0|  10|           1|           2|
    |select_ln475_37_fu_6384_p3   |  select  |      0|  0|  10|           1|           2|
    |select_ln475_38_fu_6517_p3   |  select  |      0|  0|  10|           1|           2|
    |select_ln475_39_fu_6650_p3   |  select  |      0|  0|  10|           1|           2|
    |select_ln475_3_fu_1862_p3    |  select  |      0|  0|  10|           1|           2|
    |select_ln475_40_fu_6783_p3   |  select  |      0|  0|  10|           1|           2|
    |select_ln475_41_fu_6916_p3   |  select  |      0|  0|  10|           1|           2|
    |select_ln475_42_fu_7049_p3   |  select  |      0|  0|  10|           1|           2|
    |select_ln475_43_fu_7182_p3   |  select  |      0|  0|  10|           1|           2|
    |select_ln475_44_fu_7315_p3   |  select  |      0|  0|  10|           1|           2|
    |select_ln475_45_fu_7448_p3   |  select  |      0|  0|  10|           1|           2|
    |select_ln475_46_fu_7581_p3   |  select  |      0|  0|  10|           1|           2|
    |select_ln475_47_fu_7714_p3   |  select  |      0|  0|  10|           1|           2|
    |select_ln475_48_fu_7847_p3   |  select  |      0|  0|  10|           1|           2|
    |select_ln475_49_fu_7980_p3   |  select  |      0|  0|  10|           1|           2|
    |select_ln475_4_fu_1995_p3    |  select  |      0|  0|  10|           1|           2|
    |select_ln475_50_fu_8113_p3   |  select  |      0|  0|  10|           1|           2|
    |select_ln475_51_fu_8246_p3   |  select  |      0|  0|  10|           1|           2|
    |select_ln475_52_fu_8379_p3   |  select  |      0|  0|  10|           1|           2|
    |select_ln475_53_fu_8512_p3   |  select  |      0|  0|  10|           1|           2|
    |select_ln475_54_fu_8645_p3   |  select  |      0|  0|  10|           1|           2|
    |select_ln475_55_fu_8778_p3   |  select  |      0|  0|  10|           1|           2|
    |select_ln475_56_fu_8911_p3   |  select  |      0|  0|  10|           1|           2|
    |select_ln475_57_fu_9044_p3   |  select  |      0|  0|  10|           1|           2|
    |select_ln475_58_fu_9177_p3   |  select  |      0|  0|  10|           1|           2|
    |select_ln475_59_fu_9310_p3   |  select  |      0|  0|  10|           1|           2|
    |select_ln475_5_fu_2128_p3    |  select  |      0|  0|  10|           1|           2|
    |select_ln475_60_fu_9443_p3   |  select  |      0|  0|  10|           1|           2|
    |select_ln475_61_fu_9576_p3   |  select  |      0|  0|  10|           1|           2|
    |select_ln475_62_fu_9709_p3   |  select  |      0|  0|  10|           1|           2|
    |select_ln475_63_fu_9842_p3   |  select  |      0|  0|  10|           1|           2|
    |select_ln475_6_fu_2261_p3    |  select  |      0|  0|  10|           1|           2|
    |select_ln475_7_fu_2394_p3    |  select  |      0|  0|  10|           1|           2|
    |select_ln475_8_fu_2527_p3    |  select  |      0|  0|  10|           1|           2|
    |select_ln475_9_fu_2660_p3    |  select  |      0|  0|  10|           1|           2|
    |select_ln475_fu_1463_p3      |  select  |      0|  0|  10|           1|           2|
    |select_ln850_10_fu_2733_p3   |  select  |      0|  0|  14|           1|          14|
    |select_ln850_11_fu_2866_p3   |  select  |      0|  0|  14|           1|          14|
    |select_ln850_12_fu_2999_p3   |  select  |      0|  0|  14|           1|          14|
    |select_ln850_13_fu_3132_p3   |  select  |      0|  0|  14|           1|          14|
    |select_ln850_14_fu_3265_p3   |  select  |      0|  0|  14|           1|          14|
    |select_ln850_15_fu_3398_p3   |  select  |      0|  0|  14|           1|          14|
    |select_ln850_16_fu_3531_p3   |  select  |      0|  0|  14|           1|          14|
    |select_ln850_17_fu_3664_p3   |  select  |      0|  0|  14|           1|          14|
    |select_ln850_18_fu_3797_p3   |  select  |      0|  0|  14|           1|          14|
    |select_ln850_19_fu_3930_p3   |  select  |      0|  0|  14|           1|          14|
    |select_ln850_1_fu_1536_p3    |  select  |      0|  0|  14|           1|          14|
    |select_ln850_20_fu_4063_p3   |  select  |      0|  0|  14|           1|          14|
    |select_ln850_21_fu_4196_p3   |  select  |      0|  0|  14|           1|          14|
    |select_ln850_22_fu_4329_p3   |  select  |      0|  0|  14|           1|          14|
    |select_ln850_23_fu_4462_p3   |  select  |      0|  0|  14|           1|          14|
    |select_ln850_24_fu_4595_p3   |  select  |      0|  0|  14|           1|          14|
    |select_ln850_25_fu_4728_p3   |  select  |      0|  0|  14|           1|          14|
    |select_ln850_26_fu_4861_p3   |  select  |      0|  0|  14|           1|          14|
    |select_ln850_27_fu_4994_p3   |  select  |      0|  0|  14|           1|          14|
    |select_ln850_28_fu_5127_p3   |  select  |      0|  0|  14|           1|          14|
    |select_ln850_29_fu_5260_p3   |  select  |      0|  0|  14|           1|          14|
    |select_ln850_2_fu_1669_p3    |  select  |      0|  0|  14|           1|          14|
    |select_ln850_30_fu_5393_p3   |  select  |      0|  0|  14|           1|          14|
    |select_ln850_31_fu_5526_p3   |  select  |      0|  0|  14|           1|          14|
    |select_ln850_32_fu_5659_p3   |  select  |      0|  0|  14|           1|          14|
    |select_ln850_33_fu_5792_p3   |  select  |      0|  0|  14|           1|          14|
    |select_ln850_34_fu_5925_p3   |  select  |      0|  0|  14|           1|          14|
    |select_ln850_35_fu_6058_p3   |  select  |      0|  0|  14|           1|          14|
    |select_ln850_36_fu_6191_p3   |  select  |      0|  0|  14|           1|          14|
    |select_ln850_37_fu_6324_p3   |  select  |      0|  0|  14|           1|          14|
    |select_ln850_38_fu_6457_p3   |  select  |      0|  0|  14|           1|          14|
    |select_ln850_39_fu_6590_p3   |  select  |      0|  0|  14|           1|          14|
    |select_ln850_3_fu_1802_p3    |  select  |      0|  0|  14|           1|          14|
    |select_ln850_40_fu_6723_p3   |  select  |      0|  0|  14|           1|          14|
    |select_ln850_41_fu_6856_p3   |  select  |      0|  0|  14|           1|          14|
    |select_ln850_42_fu_6989_p3   |  select  |      0|  0|  14|           1|          14|
    |select_ln850_43_fu_7122_p3   |  select  |      0|  0|  14|           1|          14|
    |select_ln850_44_fu_7255_p3   |  select  |      0|  0|  14|           1|          14|
    |select_ln850_45_fu_7388_p3   |  select  |      0|  0|  14|           1|          14|
    |select_ln850_46_fu_7521_p3   |  select  |      0|  0|  14|           1|          14|
    |select_ln850_47_fu_7654_p3   |  select  |      0|  0|  14|           1|          14|
    |select_ln850_48_fu_7787_p3   |  select  |      0|  0|  14|           1|          14|
    |select_ln850_49_fu_7920_p3   |  select  |      0|  0|  14|           1|          14|
    |select_ln850_4_fu_1935_p3    |  select  |      0|  0|  14|           1|          14|
    |select_ln850_50_fu_8053_p3   |  select  |      0|  0|  14|           1|          14|
    |select_ln850_51_fu_8186_p3   |  select  |      0|  0|  14|           1|          14|
    |select_ln850_52_fu_8319_p3   |  select  |      0|  0|  14|           1|          14|
    |select_ln850_53_fu_8452_p3   |  select  |      0|  0|  14|           1|          14|
    |select_ln850_54_fu_8585_p3   |  select  |      0|  0|  14|           1|          14|
    |select_ln850_55_fu_8718_p3   |  select  |      0|  0|  14|           1|          14|
    |select_ln850_56_fu_8851_p3   |  select  |      0|  0|  14|           1|          14|
    |select_ln850_57_fu_8984_p3   |  select  |      0|  0|  14|           1|          14|
    |select_ln850_58_fu_9117_p3   |  select  |      0|  0|  14|           1|          14|
    |select_ln850_59_fu_9250_p3   |  select  |      0|  0|  14|           1|          14|
    |select_ln850_5_fu_2068_p3    |  select  |      0|  0|  14|           1|          14|
    |select_ln850_60_fu_9383_p3   |  select  |      0|  0|  14|           1|          14|
    |select_ln850_61_fu_9516_p3   |  select  |      0|  0|  14|           1|          14|
    |select_ln850_62_fu_9649_p3   |  select  |      0|  0|  14|           1|          14|
    |select_ln850_63_fu_9782_p3   |  select  |      0|  0|  14|           1|          14|
    |select_ln850_6_fu_2201_p3    |  select  |      0|  0|  14|           1|          14|
    |select_ln850_7_fu_2334_p3    |  select  |      0|  0|  14|           1|          14|
    |select_ln850_8_fu_2467_p3    |  select  |      0|  0|  14|           1|          14|
    |select_ln850_9_fu_2600_p3    |  select  |      0|  0|  14|           1|          14|
    |select_ln850_fu_1403_p3      |  select  |      0|  0|  14|           1|          14|
    |select_ln851_10_fu_2725_p3   |  select  |      0|  0|  14|           1|          14|
    |select_ln851_11_fu_2858_p3   |  select  |      0|  0|  14|           1|          14|
    |select_ln851_12_fu_2991_p3   |  select  |      0|  0|  14|           1|          14|
    |select_ln851_13_fu_3124_p3   |  select  |      0|  0|  14|           1|          14|
    |select_ln851_14_fu_3257_p3   |  select  |      0|  0|  14|           1|          14|
    |select_ln851_15_fu_3390_p3   |  select  |      0|  0|  14|           1|          14|
    |select_ln851_16_fu_3523_p3   |  select  |      0|  0|  14|           1|          14|
    |select_ln851_17_fu_3656_p3   |  select  |      0|  0|  14|           1|          14|
    |select_ln851_18_fu_3789_p3   |  select  |      0|  0|  14|           1|          14|
    |select_ln851_19_fu_3922_p3   |  select  |      0|  0|  14|           1|          14|
    |select_ln851_1_fu_1528_p3    |  select  |      0|  0|  14|           1|          14|
    |select_ln851_20_fu_4055_p3   |  select  |      0|  0|  14|           1|          14|
    |select_ln851_21_fu_4188_p3   |  select  |      0|  0|  14|           1|          14|
    |select_ln851_22_fu_4321_p3   |  select  |      0|  0|  14|           1|          14|
    |select_ln851_23_fu_4454_p3   |  select  |      0|  0|  14|           1|          14|
    |select_ln851_24_fu_4587_p3   |  select  |      0|  0|  14|           1|          14|
    |select_ln851_25_fu_4720_p3   |  select  |      0|  0|  14|           1|          14|
    |select_ln851_26_fu_4853_p3   |  select  |      0|  0|  14|           1|          14|
    |select_ln851_27_fu_4986_p3   |  select  |      0|  0|  14|           1|          14|
    |select_ln851_28_fu_5119_p3   |  select  |      0|  0|  14|           1|          14|
    |select_ln851_29_fu_5252_p3   |  select  |      0|  0|  14|           1|          14|
    |select_ln851_2_fu_1661_p3    |  select  |      0|  0|  14|           1|          14|
    |select_ln851_30_fu_5385_p3   |  select  |      0|  0|  14|           1|          14|
    |select_ln851_31_fu_5518_p3   |  select  |      0|  0|  14|           1|          14|
    |select_ln851_32_fu_5651_p3   |  select  |      0|  0|  14|           1|          14|
    |select_ln851_33_fu_5784_p3   |  select  |      0|  0|  14|           1|          14|
    |select_ln851_34_fu_5917_p3   |  select  |      0|  0|  14|           1|          14|
    |select_ln851_35_fu_6050_p3   |  select  |      0|  0|  14|           1|          14|
    |select_ln851_36_fu_6183_p3   |  select  |      0|  0|  14|           1|          14|
    |select_ln851_37_fu_6316_p3   |  select  |      0|  0|  14|           1|          14|
    |select_ln851_38_fu_6449_p3   |  select  |      0|  0|  14|           1|          14|
    |select_ln851_39_fu_6582_p3   |  select  |      0|  0|  14|           1|          14|
    |select_ln851_3_fu_1794_p3    |  select  |      0|  0|  14|           1|          14|
    |select_ln851_40_fu_6715_p3   |  select  |      0|  0|  14|           1|          14|
    |select_ln851_41_fu_6848_p3   |  select  |      0|  0|  14|           1|          14|
    |select_ln851_42_fu_6981_p3   |  select  |      0|  0|  14|           1|          14|
    |select_ln851_43_fu_7114_p3   |  select  |      0|  0|  14|           1|          14|
    |select_ln851_44_fu_7247_p3   |  select  |      0|  0|  14|           1|          14|
    |select_ln851_45_fu_7380_p3   |  select  |      0|  0|  14|           1|          14|
    |select_ln851_46_fu_7513_p3   |  select  |      0|  0|  14|           1|          14|
    |select_ln851_47_fu_7646_p3   |  select  |      0|  0|  14|           1|          14|
    |select_ln851_48_fu_7779_p3   |  select  |      0|  0|  14|           1|          14|
    |select_ln851_49_fu_7912_p3   |  select  |      0|  0|  14|           1|          14|
    |select_ln851_4_fu_1927_p3    |  select  |      0|  0|  14|           1|          14|
    |select_ln851_50_fu_8045_p3   |  select  |      0|  0|  14|           1|          14|
    |select_ln851_51_fu_8178_p3   |  select  |      0|  0|  14|           1|          14|
    |select_ln851_52_fu_8311_p3   |  select  |      0|  0|  14|           1|          14|
    |select_ln851_53_fu_8444_p3   |  select  |      0|  0|  14|           1|          14|
    |select_ln851_54_fu_8577_p3   |  select  |      0|  0|  14|           1|          14|
    |select_ln851_55_fu_8710_p3   |  select  |      0|  0|  14|           1|          14|
    |select_ln851_56_fu_8843_p3   |  select  |      0|  0|  14|           1|          14|
    |select_ln851_57_fu_8976_p3   |  select  |      0|  0|  14|           1|          14|
    |select_ln851_58_fu_9109_p3   |  select  |      0|  0|  14|           1|          14|
    |select_ln851_59_fu_9242_p3   |  select  |      0|  0|  14|           1|          14|
    |select_ln851_5_fu_2060_p3    |  select  |      0|  0|  14|           1|          14|
    |select_ln851_60_fu_9375_p3   |  select  |      0|  0|  14|           1|          14|
    |select_ln851_61_fu_9508_p3   |  select  |      0|  0|  14|           1|          14|
    |select_ln851_62_fu_9641_p3   |  select  |      0|  0|  14|           1|          14|
    |select_ln851_63_fu_9774_p3   |  select  |      0|  0|  14|           1|          14|
    |select_ln851_6_fu_2193_p3    |  select  |      0|  0|  14|           1|          14|
    |select_ln851_7_fu_2326_p3    |  select  |      0|  0|  14|           1|          14|
    |select_ln851_8_fu_2459_p3    |  select  |      0|  0|  14|           1|          14|
    |select_ln851_9_fu_2592_p3    |  select  |      0|  0|  14|           1|          14|
    |select_ln851_fu_1395_p3      |  select  |      0|  0|  14|           1|          14|
    |ap_enable_pp0                |    xor   |      0|  0|   2|           1|           2|
    +-----------------------------+----------+-------+---+----+------------+------------+
    |Total                        |          |      0|  0|8582|        4099|        4996|
    +-----------------------------+----------+-------+---+----+------------+------------+

    * Multiplexer: 
    N/A

    * Register: 
    +-------------------------+---+----+-----+-----------+
    |           Name          | FF| LUT| Bits| Const Bits|
    +-------------------------+---+----+-----+-----------+
    |ap_CS_fsm                |  1|   0|    1|          0|
    |ap_enable_reg_pp0_iter1  |  1|   0|    1|          0|
    +-------------------------+---+----+-----+-----------+
    |Total                    |  2|   0|    2|          0|
    +-------------------------+---+----+-----+-----------+



================================================================
== Interface
================================================================
* Summary: 
+----------------+-----+-----+------------+--------------------------------------------------+--------------+
|    RTL Ports   | Dir | Bits|  Protocol  |                   Source Object                  |    C Type    |
+----------------+-----+-----+------------+--------------------------------------------------+--------------+
|ap_clk          |  in |    1| ap_ctrl_hs | tanh<ap_fixed,ap_fixed<16,6,5,3,0>,tanh_config3> | return value |
|ap_rst          |  in |    1| ap_ctrl_hs | tanh<ap_fixed,ap_fixed<16,6,5,3,0>,tanh_config3> | return value |
|ap_start        |  in |    1| ap_ctrl_hs | tanh<ap_fixed,ap_fixed<16,6,5,3,0>,tanh_config3> | return value |
|ap_done         | out |    1| ap_ctrl_hs | tanh<ap_fixed,ap_fixed<16,6,5,3,0>,tanh_config3> | return value |
|ap_idle         | out |    1| ap_ctrl_hs | tanh<ap_fixed,ap_fixed<16,6,5,3,0>,tanh_config3> | return value |
|ap_ready        | out |    1| ap_ctrl_hs | tanh<ap_fixed,ap_fixed<16,6,5,3,0>,tanh_config3> | return value |
|ap_ce           |  in |    1| ap_ctrl_hs | tanh<ap_fixed,ap_fixed<16,6,5,3,0>,tanh_config3> | return value |
|ap_return_0     | out |   16| ap_ctrl_hs | tanh<ap_fixed,ap_fixed<16,6,5,3,0>,tanh_config3> | return value |
|ap_return_1     | out |   16| ap_ctrl_hs | tanh<ap_fixed,ap_fixed<16,6,5,3,0>,tanh_config3> | return value |
|ap_return_2     | out |   16| ap_ctrl_hs | tanh<ap_fixed,ap_fixed<16,6,5,3,0>,tanh_config3> | return value |
|ap_return_3     | out |   16| ap_ctrl_hs | tanh<ap_fixed,ap_fixed<16,6,5,3,0>,tanh_config3> | return value |
|ap_return_4     | out |   16| ap_ctrl_hs | tanh<ap_fixed,ap_fixed<16,6,5,3,0>,tanh_config3> | return value |
|ap_return_5     | out |   16| ap_ctrl_hs | tanh<ap_fixed,ap_fixed<16,6,5,3,0>,tanh_config3> | return value |
|ap_return_6     | out |   16| ap_ctrl_hs | tanh<ap_fixed,ap_fixed<16,6,5,3,0>,tanh_config3> | return value |
|ap_return_7     | out |   16| ap_ctrl_hs | tanh<ap_fixed,ap_fixed<16,6,5,3,0>,tanh_config3> | return value |
|ap_return_8     | out |   16| ap_ctrl_hs | tanh<ap_fixed,ap_fixed<16,6,5,3,0>,tanh_config3> | return value |
|ap_return_9     | out |   16| ap_ctrl_hs | tanh<ap_fixed,ap_fixed<16,6,5,3,0>,tanh_config3> | return value |
|ap_return_10    | out |   16| ap_ctrl_hs | tanh<ap_fixed,ap_fixed<16,6,5,3,0>,tanh_config3> | return value |
|ap_return_11    | out |   16| ap_ctrl_hs | tanh<ap_fixed,ap_fixed<16,6,5,3,0>,tanh_config3> | return value |
|ap_return_12    | out |   16| ap_ctrl_hs | tanh<ap_fixed,ap_fixed<16,6,5,3,0>,tanh_config3> | return value |
|ap_return_13    | out |   16| ap_ctrl_hs | tanh<ap_fixed,ap_fixed<16,6,5,3,0>,tanh_config3> | return value |
|ap_return_14    | out |   16| ap_ctrl_hs | tanh<ap_fixed,ap_fixed<16,6,5,3,0>,tanh_config3> | return value |
|ap_return_15    | out |   16| ap_ctrl_hs | tanh<ap_fixed,ap_fixed<16,6,5,3,0>,tanh_config3> | return value |
|ap_return_16    | out |   16| ap_ctrl_hs | tanh<ap_fixed,ap_fixed<16,6,5,3,0>,tanh_config3> | return value |
|ap_return_17    | out |   16| ap_ctrl_hs | tanh<ap_fixed,ap_fixed<16,6,5,3,0>,tanh_config3> | return value |
|ap_return_18    | out |   16| ap_ctrl_hs | tanh<ap_fixed,ap_fixed<16,6,5,3,0>,tanh_config3> | return value |
|ap_return_19    | out |   16| ap_ctrl_hs | tanh<ap_fixed,ap_fixed<16,6,5,3,0>,tanh_config3> | return value |
|ap_return_20    | out |   16| ap_ctrl_hs | tanh<ap_fixed,ap_fixed<16,6,5,3,0>,tanh_config3> | return value |
|ap_return_21    | out |   16| ap_ctrl_hs | tanh<ap_fixed,ap_fixed<16,6,5,3,0>,tanh_config3> | return value |
|ap_return_22    | out |   16| ap_ctrl_hs | tanh<ap_fixed,ap_fixed<16,6,5,3,0>,tanh_config3> | return value |
|ap_return_23    | out |   16| ap_ctrl_hs | tanh<ap_fixed,ap_fixed<16,6,5,3,0>,tanh_config3> | return value |
|ap_return_24    | out |   16| ap_ctrl_hs | tanh<ap_fixed,ap_fixed<16,6,5,3,0>,tanh_config3> | return value |
|ap_return_25    | out |   16| ap_ctrl_hs | tanh<ap_fixed,ap_fixed<16,6,5,3,0>,tanh_config3> | return value |
|ap_return_26    | out |   16| ap_ctrl_hs | tanh<ap_fixed,ap_fixed<16,6,5,3,0>,tanh_config3> | return value |
|ap_return_27    | out |   16| ap_ctrl_hs | tanh<ap_fixed,ap_fixed<16,6,5,3,0>,tanh_config3> | return value |
|ap_return_28    | out |   16| ap_ctrl_hs | tanh<ap_fixed,ap_fixed<16,6,5,3,0>,tanh_config3> | return value |
|ap_return_29    | out |   16| ap_ctrl_hs | tanh<ap_fixed,ap_fixed<16,6,5,3,0>,tanh_config3> | return value |
|ap_return_30    | out |   16| ap_ctrl_hs | tanh<ap_fixed,ap_fixed<16,6,5,3,0>,tanh_config3> | return value |
|ap_return_31    | out |   16| ap_ctrl_hs | tanh<ap_fixed,ap_fixed<16,6,5,3,0>,tanh_config3> | return value |
|ap_return_32    | out |   16| ap_ctrl_hs | tanh<ap_fixed,ap_fixed<16,6,5,3,0>,tanh_config3> | return value |
|ap_return_33    | out |   16| ap_ctrl_hs | tanh<ap_fixed,ap_fixed<16,6,5,3,0>,tanh_config3> | return value |
|ap_return_34    | out |   16| ap_ctrl_hs | tanh<ap_fixed,ap_fixed<16,6,5,3,0>,tanh_config3> | return value |
|ap_return_35    | out |   16| ap_ctrl_hs | tanh<ap_fixed,ap_fixed<16,6,5,3,0>,tanh_config3> | return value |
|ap_return_36    | out |   16| ap_ctrl_hs | tanh<ap_fixed,ap_fixed<16,6,5,3,0>,tanh_config3> | return value |
|ap_return_37    | out |   16| ap_ctrl_hs | tanh<ap_fixed,ap_fixed<16,6,5,3,0>,tanh_config3> | return value |
|ap_return_38    | out |   16| ap_ctrl_hs | tanh<ap_fixed,ap_fixed<16,6,5,3,0>,tanh_config3> | return value |
|ap_return_39    | out |   16| ap_ctrl_hs | tanh<ap_fixed,ap_fixed<16,6,5,3,0>,tanh_config3> | return value |
|ap_return_40    | out |   16| ap_ctrl_hs | tanh<ap_fixed,ap_fixed<16,6,5,3,0>,tanh_config3> | return value |
|ap_return_41    | out |   16| ap_ctrl_hs | tanh<ap_fixed,ap_fixed<16,6,5,3,0>,tanh_config3> | return value |
|ap_return_42    | out |   16| ap_ctrl_hs | tanh<ap_fixed,ap_fixed<16,6,5,3,0>,tanh_config3> | return value |
|ap_return_43    | out |   16| ap_ctrl_hs | tanh<ap_fixed,ap_fixed<16,6,5,3,0>,tanh_config3> | return value |
|ap_return_44    | out |   16| ap_ctrl_hs | tanh<ap_fixed,ap_fixed<16,6,5,3,0>,tanh_config3> | return value |
|ap_return_45    | out |   16| ap_ctrl_hs | tanh<ap_fixed,ap_fixed<16,6,5,3,0>,tanh_config3> | return value |
|ap_return_46    | out |   16| ap_ctrl_hs | tanh<ap_fixed,ap_fixed<16,6,5,3,0>,tanh_config3> | return value |
|ap_return_47    | out |   16| ap_ctrl_hs | tanh<ap_fixed,ap_fixed<16,6,5,3,0>,tanh_config3> | return value |
|ap_return_48    | out |   16| ap_ctrl_hs | tanh<ap_fixed,ap_fixed<16,6,5,3,0>,tanh_config3> | return value |
|ap_return_49    | out |   16| ap_ctrl_hs | tanh<ap_fixed,ap_fixed<16,6,5,3,0>,tanh_config3> | return value |
|ap_return_50    | out |   16| ap_ctrl_hs | tanh<ap_fixed,ap_fixed<16,6,5,3,0>,tanh_config3> | return value |
|ap_return_51    | out |   16| ap_ctrl_hs | tanh<ap_fixed,ap_fixed<16,6,5,3,0>,tanh_config3> | return value |
|ap_return_52    | out |   16| ap_ctrl_hs | tanh<ap_fixed,ap_fixed<16,6,5,3,0>,tanh_config3> | return value |
|ap_return_53    | out |   16| ap_ctrl_hs | tanh<ap_fixed,ap_fixed<16,6,5,3,0>,tanh_config3> | return value |
|ap_return_54    | out |   16| ap_ctrl_hs | tanh<ap_fixed,ap_fixed<16,6,5,3,0>,tanh_config3> | return value |
|ap_return_55    | out |   16| ap_ctrl_hs | tanh<ap_fixed,ap_fixed<16,6,5,3,0>,tanh_config3> | return value |
|ap_return_56    | out |   16| ap_ctrl_hs | tanh<ap_fixed,ap_fixed<16,6,5,3,0>,tanh_config3> | return value |
|ap_return_57    | out |   16| ap_ctrl_hs | tanh<ap_fixed,ap_fixed<16,6,5,3,0>,tanh_config3> | return value |
|ap_return_58    | out |   16| ap_ctrl_hs | tanh<ap_fixed,ap_fixed<16,6,5,3,0>,tanh_config3> | return value |
|ap_return_59    | out |   16| ap_ctrl_hs | tanh<ap_fixed,ap_fixed<16,6,5,3,0>,tanh_config3> | return value |
|ap_return_60    | out |   16| ap_ctrl_hs | tanh<ap_fixed,ap_fixed<16,6,5,3,0>,tanh_config3> | return value |
|ap_return_61    | out |   16| ap_ctrl_hs | tanh<ap_fixed,ap_fixed<16,6,5,3,0>,tanh_config3> | return value |
|ap_return_62    | out |   16| ap_ctrl_hs | tanh<ap_fixed,ap_fixed<16,6,5,3,0>,tanh_config3> | return value |
|ap_return_63    | out |   16| ap_ctrl_hs | tanh<ap_fixed,ap_fixed<16,6,5,3,0>,tanh_config3> | return value |
|data_0_V_read   |  in |   16|   ap_none  |                   data_0_V_read                  |    scalar    |
|data_1_V_read   |  in |   16|   ap_none  |                   data_1_V_read                  |    scalar    |
|data_2_V_read   |  in |   16|   ap_none  |                   data_2_V_read                  |    scalar    |
|data_3_V_read   |  in |   16|   ap_none  |                   data_3_V_read                  |    scalar    |
|data_4_V_read   |  in |   16|   ap_none  |                   data_4_V_read                  |    scalar    |
|data_5_V_read   |  in |   16|   ap_none  |                   data_5_V_read                  |    scalar    |
|data_6_V_read   |  in |   16|   ap_none  |                   data_6_V_read                  |    scalar    |
|data_7_V_read   |  in |   16|   ap_none  |                   data_7_V_read                  |    scalar    |
|data_8_V_read   |  in |   16|   ap_none  |                   data_8_V_read                  |    scalar    |
|data_9_V_read   |  in |   16|   ap_none  |                   data_9_V_read                  |    scalar    |
|data_10_V_read  |  in |   16|   ap_none  |                  data_10_V_read                  |    scalar    |
|data_11_V_read  |  in |   16|   ap_none  |                  data_11_V_read                  |    scalar    |
|data_12_V_read  |  in |   16|   ap_none  |                  data_12_V_read                  |    scalar    |
|data_13_V_read  |  in |   16|   ap_none  |                  data_13_V_read                  |    scalar    |
|data_14_V_read  |  in |   16|   ap_none  |                  data_14_V_read                  |    scalar    |
|data_15_V_read  |  in |   16|   ap_none  |                  data_15_V_read                  |    scalar    |
|data_16_V_read  |  in |   16|   ap_none  |                  data_16_V_read                  |    scalar    |
|data_17_V_read  |  in |   16|   ap_none  |                  data_17_V_read                  |    scalar    |
|data_18_V_read  |  in |   16|   ap_none  |                  data_18_V_read                  |    scalar    |
|data_19_V_read  |  in |   16|   ap_none  |                  data_19_V_read                  |    scalar    |
|data_20_V_read  |  in |   16|   ap_none  |                  data_20_V_read                  |    scalar    |
|data_21_V_read  |  in |   16|   ap_none  |                  data_21_V_read                  |    scalar    |
|data_22_V_read  |  in |   16|   ap_none  |                  data_22_V_read                  |    scalar    |
|data_23_V_read  |  in |   16|   ap_none  |                  data_23_V_read                  |    scalar    |
|data_24_V_read  |  in |   16|   ap_none  |                  data_24_V_read                  |    scalar    |
|data_25_V_read  |  in |   16|   ap_none  |                  data_25_V_read                  |    scalar    |
|data_26_V_read  |  in |   16|   ap_none  |                  data_26_V_read                  |    scalar    |
|data_27_V_read  |  in |   16|   ap_none  |                  data_27_V_read                  |    scalar    |
|data_28_V_read  |  in |   16|   ap_none  |                  data_28_V_read                  |    scalar    |
|data_29_V_read  |  in |   16|   ap_none  |                  data_29_V_read                  |    scalar    |
|data_30_V_read  |  in |   16|   ap_none  |                  data_30_V_read                  |    scalar    |
|data_31_V_read  |  in |   16|   ap_none  |                  data_31_V_read                  |    scalar    |
|data_32_V_read  |  in |   16|   ap_none  |                  data_32_V_read                  |    scalar    |
|data_33_V_read  |  in |   16|   ap_none  |                  data_33_V_read                  |    scalar    |
|data_34_V_read  |  in |   16|   ap_none  |                  data_34_V_read                  |    scalar    |
|data_35_V_read  |  in |   16|   ap_none  |                  data_35_V_read                  |    scalar    |
|data_36_V_read  |  in |   16|   ap_none  |                  data_36_V_read                  |    scalar    |
|data_37_V_read  |  in |   16|   ap_none  |                  data_37_V_read                  |    scalar    |
|data_38_V_read  |  in |   16|   ap_none  |                  data_38_V_read                  |    scalar    |
|data_39_V_read  |  in |   16|   ap_none  |                  data_39_V_read                  |    scalar    |
|data_40_V_read  |  in |   16|   ap_none  |                  data_40_V_read                  |    scalar    |
|data_41_V_read  |  in |   16|   ap_none  |                  data_41_V_read                  |    scalar    |
|data_42_V_read  |  in |   16|   ap_none  |                  data_42_V_read                  |    scalar    |
|data_43_V_read  |  in |   16|   ap_none  |                  data_43_V_read                  |    scalar    |
|data_44_V_read  |  in |   16|   ap_none  |                  data_44_V_read                  |    scalar    |
|data_45_V_read  |  in |   16|   ap_none  |                  data_45_V_read                  |    scalar    |
|data_46_V_read  |  in |   16|   ap_none  |                  data_46_V_read                  |    scalar    |
|data_47_V_read  |  in |   16|   ap_none  |                  data_47_V_read                  |    scalar    |
|data_48_V_read  |  in |   16|   ap_none  |                  data_48_V_read                  |    scalar    |
|data_49_V_read  |  in |   16|   ap_none  |                  data_49_V_read                  |    scalar    |
|data_50_V_read  |  in |   16|   ap_none  |                  data_50_V_read                  |    scalar    |
|data_51_V_read  |  in |   16|   ap_none  |                  data_51_V_read                  |    scalar    |
|data_52_V_read  |  in |   16|   ap_none  |                  data_52_V_read                  |    scalar    |
|data_53_V_read  |  in |   16|   ap_none  |                  data_53_V_read                  |    scalar    |
|data_54_V_read  |  in |   16|   ap_none  |                  data_54_V_read                  |    scalar    |
|data_55_V_read  |  in |   16|   ap_none  |                  data_55_V_read                  |    scalar    |
|data_56_V_read  |  in |   16|   ap_none  |                  data_56_V_read                  |    scalar    |
|data_57_V_read  |  in |   16|   ap_none  |                  data_57_V_read                  |    scalar    |
|data_58_V_read  |  in |   16|   ap_none  |                  data_58_V_read                  |    scalar    |
|data_59_V_read  |  in |   16|   ap_none  |                  data_59_V_read                  |    scalar    |
|data_60_V_read  |  in |   16|   ap_none  |                  data_60_V_read                  |    scalar    |
|data_61_V_read  |  in |   16|   ap_none  |                  data_61_V_read                  |    scalar    |
|data_62_V_read  |  in |   16|   ap_none  |                  data_62_V_read                  |    scalar    |
|data_63_V_read  |  in |   16|   ap_none  |                  data_63_V_read                  |    scalar    |
+----------------+-----+-----+------------+--------------------------------------------------+--------------+

