

================================================================
== Vivado HLS Report for 'tanh_ap_fixed_ap_fixed_16_6_5_3_0_tanh_config2_s'
================================================================
* Date:           Fri Jun 18 14:14:38 2021

* Version:        2019.2 (Build 2704478 on Wed Nov 06 22:10:23 MST 2019)
* Project:        myproject_prj
* Solution:       solution1
* Product family: virtexuplus
* Target device:  xcu250-figd2104-2L-e


================================================================
== Performance Estimates
================================================================
+ Timing: 
    * Summary: 
    +--------+---------+----------+------------+
    |  Clock |  Target | Estimated| Uncertainty|
    +--------+---------+----------+------------+
    |ap_clk  | 5.00 ns | 3.968 ns |   0.62 ns  |
    +--------+---------+----------+------------+

+ Latency: 
    * Summary: 
    +---------+---------+----------+----------+-----+-----+----------+
    |  Latency (cycles) |  Latency (absolute) |  Interval | Pipeline |
    |   min   |   max   |    min   |    max   | min | max |   Type   |
    +---------+---------+----------+----------+-----+-----+----------+
    |        1|        1| 5.000 ns | 5.000 ns |    1|    1| function |
    +---------+---------+----------+----------+-----+-----+----------+

    + Detail: 
        * Instance: 
        N/A

        * Loop: 
        N/A



================================================================
== Utilization Estimates
================================================================
* Summary: 
+---------------------+---------+-------+---------+---------+------+
|         Name        | BRAM_18K| DSP48E|    FF   |   LUT   | URAM |
+---------------------+---------+-------+---------+---------+------+
|DSP                  |        -|      -|        -|        -|     -|
|Expression           |        -|      -|        0|      542|     -|
|FIFO                 |        -|      -|        -|        -|     -|
|Instance             |        -|      -|        -|        -|     -|
|Memory               |        2|      -|        0|        0|     -|
|Multiplexer          |        -|      -|        -|        -|     -|
|Register             |        -|      -|        2|        -|     -|
+---------------------+---------+-------+---------+---------+------+
|Total                |        2|      0|        2|      542|     0|
+---------------------+---------+-------+---------+---------+------+
|Available SLR        |     1344|   3072|   864000|   432000|   320|
+---------------------+---------+-------+---------+---------+------+
|Utilization SLR (%)  |    ~0   |      0|    ~0   |    ~0   |     0|
+---------------------+---------+-------+---------+---------+------+
|Available            |     5376|  12288|  3456000|  1728000|  1280|
+---------------------+---------+-------+---------+---------+------+
|Utilization (%)      |    ~0   |      0|    ~0   |    ~0   |     0|
+---------------------+---------+-------+---------+---------+------+

+ Detail: 
    * Instance: 
    N/A

    * DSP48E: 
    N/A

    * Memory: 
    +---------------+--------------------------------------------------------------+---------+---+----+-----+------+-----+------+-------------+
    |     Memory    |                            Module                            | BRAM_18K| FF| LUT| URAM| Words| Bits| Banks| W*Bits*Banks|
    +---------------+--------------------------------------------------------------+---------+---+----+-----+------+-----+------+-------------+
    |tanh_table7_U  |tanh_ap_fixed_ap_fixed_16_6_5_3_0_tanh_config2_s_tanh_tabcud  |        2|  0|   0|    0|  1024|   11|     1|        11264|
    +---------------+--------------------------------------------------------------+---------+---+----+-----+------+-----+------+-------------+
    |Total          |                                                              |        2|  0|   0|    0|  1024|   11|     1|        11264|
    +---------------+--------------------------------------------------------------+---------+---+----+-----+------+-----+------+-------------+

    * FIFO: 
    N/A

    * Expression: 
    +-----------------------------+----------+-------+---+----+------------+------------+
    |        Variable Name        | Operation| DSP48E| FF| LUT| Bitwidth P0| Bitwidth P1|
    +-----------------------------+----------+-------+---+----+------------+------------+
    |add_ln472_128_fu_221_p2      |     +    |      0|  0|  13|          10|          13|
    |add_ln472_129_fu_354_p2      |     +    |      0|  0|  13|          10|          13|
    |add_ln472_130_fu_487_p2      |     +    |      0|  0|  13|          10|          13|
    |add_ln472_131_fu_620_p2      |     +    |      0|  0|  13|          10|          13|
    |add_ln472_64_fu_348_p2       |     +    |      0|  0|  14|          10|          14|
    |add_ln472_65_fu_481_p2       |     +    |      0|  0|  14|          10|          14|
    |add_ln472_66_fu_614_p2       |     +    |      0|  0|  14|          10|          14|
    |add_ln472_fu_215_p2          |     +    |      0|  0|  14|          10|          14|
    |add_ln700_64_fu_322_p2       |     +    |      0|  0|  14|           1|          14|
    |add_ln700_65_fu_455_p2       |     +    |      0|  0|  14|           1|          14|
    |add_ln700_66_fu_588_p2       |     +    |      0|  0|  14|           1|          14|
    |add_ln700_fu_189_p2          |     +    |      0|  0|  14|           1|          14|
    |ap_block_pp0_stage0_11001    |    and   |      0|  0|   2|           1|           1|
    |icmp_ln475_64_fu_390_p2      |   icmp   |      0|  0|   9|           3|           1|
    |icmp_ln475_65_fu_523_p2      |   icmp   |      0|  0|   9|           3|           1|
    |icmp_ln475_66_fu_656_p2      |   icmp   |      0|  0|   9|           3|           1|
    |icmp_ln475_fu_257_p2         |   icmp   |      0|  0|   9|           3|           1|
    |icmp_ln850_64_fu_298_p2      |   icmp   |      0|  0|  20|          26|           4|
    |icmp_ln850_65_fu_431_p2      |   icmp   |      0|  0|  20|          26|           4|
    |icmp_ln850_66_fu_564_p2      |   icmp   |      0|  0|  20|          26|           4|
    |icmp_ln850_fu_165_p2         |   icmp   |      0|  0|  20|          26|           4|
    |icmp_ln851_1_fu_316_p2       |   icmp   |      0|  0|  13|          10|           1|
    |icmp_ln851_2_fu_449_p2       |   icmp   |      0|  0|  13|          10|           1|
    |icmp_ln851_3_fu_582_p2       |   icmp   |      0|  0|  13|          10|           1|
    |icmp_ln851_fu_183_p2         |   icmp   |      0|  0|  13|          10|           1|
    |ap_block_pp0_stage0_subdone  |    or    |      0|  0|   2|           1|           1|
    |select_ln474_1_fu_368_p3     |  select  |      0|  0|  13|           1|           1|
    |select_ln474_2_fu_501_p3     |  select  |      0|  0|  13|           1|           1|
    |select_ln474_3_fu_634_p3     |  select  |      0|  0|  13|           1|           1|
    |select_ln474_fu_235_p3       |  select  |      0|  0|  13|           1|           1|
    |select_ln475_1_fu_396_p3     |  select  |      0|  0|  10|           1|           2|
    |select_ln475_2_fu_529_p3     |  select  |      0|  0|  10|           1|           2|
    |select_ln475_3_fu_662_p3     |  select  |      0|  0|  10|           1|           2|
    |select_ln475_fu_263_p3       |  select  |      0|  0|  10|           1|           2|
    |select_ln850_64_fu_336_p3    |  select  |      0|  0|  14|           1|          14|
    |select_ln850_65_fu_469_p3    |  select  |      0|  0|  14|           1|          14|
    |select_ln850_66_fu_602_p3    |  select  |      0|  0|  14|           1|          14|
    |select_ln850_fu_203_p3       |  select  |      0|  0|  14|           1|          14|
    |select_ln851_1_fu_328_p3     |  select  |      0|  0|  14|           1|          14|
    |select_ln851_2_fu_461_p3     |  select  |      0|  0|  14|           1|          14|
    |select_ln851_3_fu_594_p3     |  select  |      0|  0|  14|           1|          14|
    |select_ln851_fu_195_p3       |  select  |      0|  0|  14|           1|          14|
    |ap_enable_pp0                |    xor   |      0|  0|   2|           1|           2|
    +-----------------------------+----------+-------+---+----+------------+------------+
    |Total                        |          |      0|  0| 542|         259|         316|
    +-----------------------------+----------+-------+---+----+------------+------------+

    * Multiplexer: 
    N/A

    * Register: 
    +-------------------------+---+----+-----+-----------+
    |           Name          | FF| LUT| Bits| Const Bits|
    +-------------------------+---+----+-----+-----------+
    |ap_CS_fsm                |  1|   0|    1|          0|
    |ap_enable_reg_pp0_iter1  |  1|   0|    1|          0|
    +-------------------------+---+----+-----+-----------+
    |Total                    |  2|   0|    2|          0|
    +-------------------------+---+----+-----+-----------+



================================================================
== Interface
================================================================
* Summary: 
+---------------+-----+-----+------------+--------------------------------------------------+--------------+
|   RTL Ports   | Dir | Bits|  Protocol  |                   Source Object                  |    C Type    |
+---------------+-----+-----+------------+--------------------------------------------------+--------------+
|ap_clk         |  in |    1| ap_ctrl_hs | tanh<ap_fixed,ap_fixed<16,6,5,3,0>,tanh_config2> | return value |
|ap_rst         |  in |    1| ap_ctrl_hs | tanh<ap_fixed,ap_fixed<16,6,5,3,0>,tanh_config2> | return value |
|ap_start       |  in |    1| ap_ctrl_hs | tanh<ap_fixed,ap_fixed<16,6,5,3,0>,tanh_config2> | return value |
|ap_done        | out |    1| ap_ctrl_hs | tanh<ap_fixed,ap_fixed<16,6,5,3,0>,tanh_config2> | return value |
|ap_idle        | out |    1| ap_ctrl_hs | tanh<ap_fixed,ap_fixed<16,6,5,3,0>,tanh_config2> | return value |
|ap_ready       | out |    1| ap_ctrl_hs | tanh<ap_fixed,ap_fixed<16,6,5,3,0>,tanh_config2> | return value |
|ap_ce          |  in |    1| ap_ctrl_hs | tanh<ap_fixed,ap_fixed<16,6,5,3,0>,tanh_config2> | return value |
|ap_return_0    | out |   16| ap_ctrl_hs | tanh<ap_fixed,ap_fixed<16,6,5,3,0>,tanh_config2> | return value |
|ap_return_1    | out |   16| ap_ctrl_hs | tanh<ap_fixed,ap_fixed<16,6,5,3,0>,tanh_config2> | return value |
|ap_return_2    | out |   16| ap_ctrl_hs | tanh<ap_fixed,ap_fixed<16,6,5,3,0>,tanh_config2> | return value |
|ap_return_3    | out |   16| ap_ctrl_hs | tanh<ap_fixed,ap_fixed<16,6,5,3,0>,tanh_config2> | return value |
|data_0_V_read  |  in |   16|   ap_none  |                   data_0_V_read                  |    scalar    |
|data_1_V_read  |  in |   16|   ap_none  |                   data_1_V_read                  |    scalar    |
|data_2_V_read  |  in |   16|   ap_none  |                   data_2_V_read                  |    scalar    |
|data_3_V_read  |  in |   16|   ap_none  |                   data_3_V_read                  |    scalar    |
+---------------+-----+-----+------------+--------------------------------------------------+--------------+

