

================================================================
== Vivado HLS Report for 'dense_array_array_ap_fixed_16_6_5_3_0_32u_config11_s'
================================================================
* Date:           Fri Jun 11 18:33:37 2021

* Version:        2019.2 (Build 2704478 on Wed Nov 06 22:10:23 MST 2019)
* Project:        myproject_prj
* Solution:       solution1
* Product family: virtexuplus
* Target device:  xcu250-figd2104-2L-e


================================================================
== Performance Estimates
================================================================
+ Timing: 
    * Summary: 
    +--------+---------+----------+------------+
    |  Clock |  Target | Estimated| Uncertainty|
    +--------+---------+----------+------------+
    |ap_clk  | 5.00 ns | 4.329 ns |   0.62 ns  |
    +--------+---------+----------+------------+

+ Latency: 
    * Summary: 
    +---------+---------+-----------+-----------+-----+-----+---------+
    |  Latency (cycles) |   Latency (absolute)  |  Interval | Pipeline|
    |   min   |   max   |    min    |    max    | min | max |   Type  |
    +---------+---------+-----------+-----------+-----+-----+---------+
    |        2|        2| 10.000 ns | 10.000 ns |    2|    2|   none  |
    +---------+---------+-----------+-----------+-----+-----+---------+

    + Detail: 
        * Instance: 
        N/A

        * Loop: 
        N/A

============================================================
+ Verbose Summary: Synthesis Manager
============================================================
InlineROM: 1
ExposeGlobal: 0
============================================================
+ Verbose Summary: CDFG Model
============================================================
IsTopModel: 0
ResetActiveHigh: 1
IsCombinational: 2
IsDatapathOnly: 0
HasWiredReturn: 1
HasMFsm: 0
HasVarLatency: 1
IsPipeline: 0
IsRtlPipelined: 0
IsInstanceOverlapped: 0
IsDontTouch: 0
HasImplIP: 0
IsGatedGlobalClock: 0


============================================================
+ Verbose Summary: Schedule
============================================================
* Number of FSM states : 3
* Pipeline : 0
* Dataflow Pipeline: 0

* FSM state transitions: 
1 --> 2 
2 --> 3 
3 --> 

* FSM state operations: 

State 1 <SV = 0> <Delay = 1.45>
ST_1 : Operation 4 [1/1] (1.45ns)   --->   "%empty = call { i7, i7, i7, i7, i7, i7, i7, i7, i7, i7, i7, i7, i7, i7, i7, i7, i7, i7, i7, i7, i7, i7, i7, i7, i7, i7, i7, i7, i7, i7, i7, i7 } @_ssdm_op_Read.ap_fifo.volatile.i7P.i7P.i7P.i7P.i7P.i7P.i7P.i7P.i7P.i7P.i7P.i7P.i7P.i7P.i7P.i7P.i7P.i7P.i7P.i7P.i7P.i7P.i7P.i7P.i7P.i7P.i7P.i7P.i7P.i7P.i7P.i7P(i7* %data_stream_V_data_0_V, i7* %data_stream_V_data_1_V, i7* %data_stream_V_data_2_V, i7* %data_stream_V_data_3_V, i7* %data_stream_V_data_4_V, i7* %data_stream_V_data_5_V, i7* %data_stream_V_data_6_V, i7* %data_stream_V_data_7_V, i7* %data_stream_V_data_8_V, i7* %data_stream_V_data_9_V, i7* %data_stream_V_data_10_V, i7* %data_stream_V_data_11_V, i7* %data_stream_V_data_12_V, i7* %data_stream_V_data_13_V, i7* %data_stream_V_data_14_V, i7* %data_stream_V_data_15_V, i7* %data_stream_V_data_16_V, i7* %data_stream_V_data_17_V, i7* %data_stream_V_data_18_V, i7* %data_stream_V_data_19_V, i7* %data_stream_V_data_20_V, i7* %data_stream_V_data_21_V, i7* %data_stream_V_data_22_V, i7* %data_stream_V_data_23_V, i7* %data_stream_V_data_24_V, i7* %data_stream_V_data_25_V, i7* %data_stream_V_data_26_V, i7* %data_stream_V_data_27_V, i7* %data_stream_V_data_28_V, i7* %data_stream_V_data_29_V, i7* %data_stream_V_data_30_V, i7* %data_stream_V_data_31_V)" [firmware/nnet_utils/nnet_dense_stream.h:45]   --->   Operation 4 'read' 'empty' <Predicate = true> <Delay = 1.45> <Core = "FIFO">   --->   Core 32 'FIFO' <Latency = 0> <II = 1> <Delay = 1.45> <Storage> <Opcode : 'read' 'write' 'nbread' 'nbwrite'> <Ports = 0> <Width = 16> <Depth = 1> <FIFO>
ST_1 : Operation 5 [1/1] (0.00ns)   --->   "%data_0_V = extractvalue { i7, i7, i7, i7, i7, i7, i7, i7, i7, i7, i7, i7, i7, i7, i7, i7, i7, i7, i7, i7, i7, i7, i7, i7, i7, i7, i7, i7, i7, i7, i7, i7 } %empty, 0" [firmware/nnet_utils/nnet_dense_stream.h:45]   --->   Operation 5 'extractvalue' 'data_0_V' <Predicate = true> <Delay = 0.00>
ST_1 : Operation 6 [1/1] (0.00ns)   --->   "%data_1_V = extractvalue { i7, i7, i7, i7, i7, i7, i7, i7, i7, i7, i7, i7, i7, i7, i7, i7, i7, i7, i7, i7, i7, i7, i7, i7, i7, i7, i7, i7, i7, i7, i7, i7 } %empty, 1" [firmware/nnet_utils/nnet_dense_stream.h:45]   --->   Operation 6 'extractvalue' 'data_1_V' <Predicate = true> <Delay = 0.00>
ST_1 : Operation 7 [1/1] (0.00ns)   --->   "%data_2_V = extractvalue { i7, i7, i7, i7, i7, i7, i7, i7, i7, i7, i7, i7, i7, i7, i7, i7, i7, i7, i7, i7, i7, i7, i7, i7, i7, i7, i7, i7, i7, i7, i7, i7 } %empty, 2" [firmware/nnet_utils/nnet_dense_stream.h:45]   --->   Operation 7 'extractvalue' 'data_2_V' <Predicate = true> <Delay = 0.00>
ST_1 : Operation 8 [1/1] (0.00ns)   --->   "%data_3_V = extractvalue { i7, i7, i7, i7, i7, i7, i7, i7, i7, i7, i7, i7, i7, i7, i7, i7, i7, i7, i7, i7, i7, i7, i7, i7, i7, i7, i7, i7, i7, i7, i7, i7 } %empty, 3" [firmware/nnet_utils/nnet_dense_stream.h:45]   --->   Operation 8 'extractvalue' 'data_3_V' <Predicate = true> <Delay = 0.00>
ST_1 : Operation 9 [1/1] (0.00ns)   --->   "%data_4_V = extractvalue { i7, i7, i7, i7, i7, i7, i7, i7, i7, i7, i7, i7, i7, i7, i7, i7, i7, i7, i7, i7, i7, i7, i7, i7, i7, i7, i7, i7, i7, i7, i7, i7 } %empty, 4" [firmware/nnet_utils/nnet_dense_stream.h:45]   --->   Operation 9 'extractvalue' 'data_4_V' <Predicate = true> <Delay = 0.00>
ST_1 : Operation 10 [1/1] (0.00ns)   --->   "%data_5_V = extractvalue { i7, i7, i7, i7, i7, i7, i7, i7, i7, i7, i7, i7, i7, i7, i7, i7, i7, i7, i7, i7, i7, i7, i7, i7, i7, i7, i7, i7, i7, i7, i7, i7 } %empty, 5" [firmware/nnet_utils/nnet_dense_stream.h:45]   --->   Operation 10 'extractvalue' 'data_5_V' <Predicate = true> <Delay = 0.00>
ST_1 : Operation 11 [1/1] (0.00ns)   --->   "%data_6_V = extractvalue { i7, i7, i7, i7, i7, i7, i7, i7, i7, i7, i7, i7, i7, i7, i7, i7, i7, i7, i7, i7, i7, i7, i7, i7, i7, i7, i7, i7, i7, i7, i7, i7 } %empty, 6" [firmware/nnet_utils/nnet_dense_stream.h:45]   --->   Operation 11 'extractvalue' 'data_6_V' <Predicate = true> <Delay = 0.00>
ST_1 : Operation 12 [1/1] (0.00ns)   --->   "%data_7_V = extractvalue { i7, i7, i7, i7, i7, i7, i7, i7, i7, i7, i7, i7, i7, i7, i7, i7, i7, i7, i7, i7, i7, i7, i7, i7, i7, i7, i7, i7, i7, i7, i7, i7 } %empty, 7" [firmware/nnet_utils/nnet_dense_stream.h:45]   --->   Operation 12 'extractvalue' 'data_7_V' <Predicate = true> <Delay = 0.00>
ST_1 : Operation 13 [1/1] (0.00ns)   --->   "%data_8_V = extractvalue { i7, i7, i7, i7, i7, i7, i7, i7, i7, i7, i7, i7, i7, i7, i7, i7, i7, i7, i7, i7, i7, i7, i7, i7, i7, i7, i7, i7, i7, i7, i7, i7 } %empty, 8" [firmware/nnet_utils/nnet_dense_stream.h:45]   --->   Operation 13 'extractvalue' 'data_8_V' <Predicate = true> <Delay = 0.00>
ST_1 : Operation 14 [1/1] (0.00ns)   --->   "%data_9_V = extractvalue { i7, i7, i7, i7, i7, i7, i7, i7, i7, i7, i7, i7, i7, i7, i7, i7, i7, i7, i7, i7, i7, i7, i7, i7, i7, i7, i7, i7, i7, i7, i7, i7 } %empty, 9" [firmware/nnet_utils/nnet_dense_stream.h:45]   --->   Operation 14 'extractvalue' 'data_9_V' <Predicate = true> <Delay = 0.00>
ST_1 : Operation 15 [1/1] (0.00ns)   --->   "%data_10_V = extractvalue { i7, i7, i7, i7, i7, i7, i7, i7, i7, i7, i7, i7, i7, i7, i7, i7, i7, i7, i7, i7, i7, i7, i7, i7, i7, i7, i7, i7, i7, i7, i7, i7 } %empty, 10" [firmware/nnet_utils/nnet_dense_stream.h:45]   --->   Operation 15 'extractvalue' 'data_10_V' <Predicate = true> <Delay = 0.00>
ST_1 : Operation 16 [1/1] (0.00ns)   --->   "%data_11_V = extractvalue { i7, i7, i7, i7, i7, i7, i7, i7, i7, i7, i7, i7, i7, i7, i7, i7, i7, i7, i7, i7, i7, i7, i7, i7, i7, i7, i7, i7, i7, i7, i7, i7 } %empty, 11" [firmware/nnet_utils/nnet_dense_stream.h:45]   --->   Operation 16 'extractvalue' 'data_11_V' <Predicate = true> <Delay = 0.00>
ST_1 : Operation 17 [1/1] (0.00ns)   --->   "%data_12_V = extractvalue { i7, i7, i7, i7, i7, i7, i7, i7, i7, i7, i7, i7, i7, i7, i7, i7, i7, i7, i7, i7, i7, i7, i7, i7, i7, i7, i7, i7, i7, i7, i7, i7 } %empty, 12" [firmware/nnet_utils/nnet_dense_stream.h:45]   --->   Operation 17 'extractvalue' 'data_12_V' <Predicate = true> <Delay = 0.00>
ST_1 : Operation 18 [1/1] (0.00ns)   --->   "%data_14_V = extractvalue { i7, i7, i7, i7, i7, i7, i7, i7, i7, i7, i7, i7, i7, i7, i7, i7, i7, i7, i7, i7, i7, i7, i7, i7, i7, i7, i7, i7, i7, i7, i7, i7 } %empty, 14" [firmware/nnet_utils/nnet_dense_stream.h:45]   --->   Operation 18 'extractvalue' 'data_14_V' <Predicate = true> <Delay = 0.00>
ST_1 : Operation 19 [1/1] (0.00ns)   --->   "%data_15_V = extractvalue { i7, i7, i7, i7, i7, i7, i7, i7, i7, i7, i7, i7, i7, i7, i7, i7, i7, i7, i7, i7, i7, i7, i7, i7, i7, i7, i7, i7, i7, i7, i7, i7 } %empty, 15" [firmware/nnet_utils/nnet_dense_stream.h:45]   --->   Operation 19 'extractvalue' 'data_15_V' <Predicate = true> <Delay = 0.00>
ST_1 : Operation 20 [1/1] (0.00ns)   --->   "%data_17_V = extractvalue { i7, i7, i7, i7, i7, i7, i7, i7, i7, i7, i7, i7, i7, i7, i7, i7, i7, i7, i7, i7, i7, i7, i7, i7, i7, i7, i7, i7, i7, i7, i7, i7 } %empty, 17" [firmware/nnet_utils/nnet_dense_stream.h:45]   --->   Operation 20 'extractvalue' 'data_17_V' <Predicate = true> <Delay = 0.00>
ST_1 : Operation 21 [1/1] (0.00ns)   --->   "%data_18_V = extractvalue { i7, i7, i7, i7, i7, i7, i7, i7, i7, i7, i7, i7, i7, i7, i7, i7, i7, i7, i7, i7, i7, i7, i7, i7, i7, i7, i7, i7, i7, i7, i7, i7 } %empty, 18" [firmware/nnet_utils/nnet_dense_stream.h:45]   --->   Operation 21 'extractvalue' 'data_18_V' <Predicate = true> <Delay = 0.00>
ST_1 : Operation 22 [1/1] (0.00ns)   --->   "%data_19_V = extractvalue { i7, i7, i7, i7, i7, i7, i7, i7, i7, i7, i7, i7, i7, i7, i7, i7, i7, i7, i7, i7, i7, i7, i7, i7, i7, i7, i7, i7, i7, i7, i7, i7 } %empty, 19" [firmware/nnet_utils/nnet_dense_stream.h:45]   --->   Operation 22 'extractvalue' 'data_19_V' <Predicate = true> <Delay = 0.00>
ST_1 : Operation 23 [1/1] (0.00ns)   --->   "%data_20_V = extractvalue { i7, i7, i7, i7, i7, i7, i7, i7, i7, i7, i7, i7, i7, i7, i7, i7, i7, i7, i7, i7, i7, i7, i7, i7, i7, i7, i7, i7, i7, i7, i7, i7 } %empty, 20" [firmware/nnet_utils/nnet_dense_stream.h:45]   --->   Operation 23 'extractvalue' 'data_20_V' <Predicate = true> <Delay = 0.00>
ST_1 : Operation 24 [1/1] (0.00ns)   --->   "%data_21_V = extractvalue { i7, i7, i7, i7, i7, i7, i7, i7, i7, i7, i7, i7, i7, i7, i7, i7, i7, i7, i7, i7, i7, i7, i7, i7, i7, i7, i7, i7, i7, i7, i7, i7 } %empty, 21" [firmware/nnet_utils/nnet_dense_stream.h:45]   --->   Operation 24 'extractvalue' 'data_21_V' <Predicate = true> <Delay = 0.00>
ST_1 : Operation 25 [1/1] (0.00ns)   --->   "%data_22_V = extractvalue { i7, i7, i7, i7, i7, i7, i7, i7, i7, i7, i7, i7, i7, i7, i7, i7, i7, i7, i7, i7, i7, i7, i7, i7, i7, i7, i7, i7, i7, i7, i7, i7 } %empty, 22" [firmware/nnet_utils/nnet_dense_stream.h:45]   --->   Operation 25 'extractvalue' 'data_22_V' <Predicate = true> <Delay = 0.00>
ST_1 : Operation 26 [1/1] (0.00ns)   --->   "%data_23_V = extractvalue { i7, i7, i7, i7, i7, i7, i7, i7, i7, i7, i7, i7, i7, i7, i7, i7, i7, i7, i7, i7, i7, i7, i7, i7, i7, i7, i7, i7, i7, i7, i7, i7 } %empty, 23" [firmware/nnet_utils/nnet_dense_stream.h:45]   --->   Operation 26 'extractvalue' 'data_23_V' <Predicate = true> <Delay = 0.00>
ST_1 : Operation 27 [1/1] (0.00ns)   --->   "%data_24_V = extractvalue { i7, i7, i7, i7, i7, i7, i7, i7, i7, i7, i7, i7, i7, i7, i7, i7, i7, i7, i7, i7, i7, i7, i7, i7, i7, i7, i7, i7, i7, i7, i7, i7 } %empty, 24" [firmware/nnet_utils/nnet_dense_stream.h:45]   --->   Operation 27 'extractvalue' 'data_24_V' <Predicate = true> <Delay = 0.00>
ST_1 : Operation 28 [1/1] (0.00ns)   --->   "%data_25_V = extractvalue { i7, i7, i7, i7, i7, i7, i7, i7, i7, i7, i7, i7, i7, i7, i7, i7, i7, i7, i7, i7, i7, i7, i7, i7, i7, i7, i7, i7, i7, i7, i7, i7 } %empty, 25" [firmware/nnet_utils/nnet_dense_stream.h:45]   --->   Operation 28 'extractvalue' 'data_25_V' <Predicate = true> <Delay = 0.00>
ST_1 : Operation 29 [1/1] (0.00ns)   --->   "%data_26_V = extractvalue { i7, i7, i7, i7, i7, i7, i7, i7, i7, i7, i7, i7, i7, i7, i7, i7, i7, i7, i7, i7, i7, i7, i7, i7, i7, i7, i7, i7, i7, i7, i7, i7 } %empty, 26" [firmware/nnet_utils/nnet_dense_stream.h:45]   --->   Operation 29 'extractvalue' 'data_26_V' <Predicate = true> <Delay = 0.00>
ST_1 : Operation 30 [1/1] (0.00ns)   --->   "%data_27_V = extractvalue { i7, i7, i7, i7, i7, i7, i7, i7, i7, i7, i7, i7, i7, i7, i7, i7, i7, i7, i7, i7, i7, i7, i7, i7, i7, i7, i7, i7, i7, i7, i7, i7 } %empty, 27" [firmware/nnet_utils/nnet_dense_stream.h:45]   --->   Operation 30 'extractvalue' 'data_27_V' <Predicate = true> <Delay = 0.00>
ST_1 : Operation 31 [1/1] (0.00ns)   --->   "%data_28_V = extractvalue { i7, i7, i7, i7, i7, i7, i7, i7, i7, i7, i7, i7, i7, i7, i7, i7, i7, i7, i7, i7, i7, i7, i7, i7, i7, i7, i7, i7, i7, i7, i7, i7 } %empty, 28" [firmware/nnet_utils/nnet_dense_stream.h:45]   --->   Operation 31 'extractvalue' 'data_28_V' <Predicate = true> <Delay = 0.00>
ST_1 : Operation 32 [1/1] (0.00ns)   --->   "%data_30_V = extractvalue { i7, i7, i7, i7, i7, i7, i7, i7, i7, i7, i7, i7, i7, i7, i7, i7, i7, i7, i7, i7, i7, i7, i7, i7, i7, i7, i7, i7, i7, i7, i7, i7 } %empty, 30" [firmware/nnet_utils/nnet_dense_stream.h:45]   --->   Operation 32 'extractvalue' 'data_30_V' <Predicate = true> <Delay = 0.00>
ST_1 : Operation 33 [1/1] (0.00ns)   --->   "%data_31_V = extractvalue { i7, i7, i7, i7, i7, i7, i7, i7, i7, i7, i7, i7, i7, i7, i7, i7, i7, i7, i7, i7, i7, i7, i7, i7, i7, i7, i7, i7, i7, i7, i7, i7 } %empty, 31" [firmware/nnet_utils/nnet_dense_stream.h:45]   --->   Operation 33 'extractvalue' 'data_31_V' <Predicate = true> <Delay = 0.00>

State 2 <SV = 1> <Delay = 4.32>
ST_2 : Operation 34 [1/1] (4.32ns)   --->   "%call_ret = call fastcc { i16, i16, i16, i16, i16, i16, i16, i16, i16, i16, i16, i16, i16, i16, i16, i16, i16, i16, i16, i16, i16, i16, i16, i16, i16, i16 } @"dense_wrapper<ap_fixed,ap_fixed<16,6,5,3,0>,config11>"(i7 %data_0_V, i7 %data_1_V, i7 %data_2_V, i7 %data_3_V, i7 %data_4_V, i7 %data_5_V, i7 %data_6_V, i7 %data_7_V, i7 %data_8_V, i7 %data_9_V, i7 %data_10_V, i7 %data_11_V, i7 %data_12_V, i7 %data_14_V, i7 %data_15_V, i7 %data_17_V, i7 %data_18_V, i7 %data_19_V, i7 %data_20_V, i7 %data_21_V, i7 %data_22_V, i7 %data_23_V, i7 %data_24_V, i7 %data_25_V, i7 %data_26_V, i7 %data_27_V, i7 %data_28_V, i7 %data_30_V, i7 %data_31_V)" [firmware/nnet_utils/nnet_dense_stream.h:52]   --->   Operation 34 'call' 'call_ret' <Predicate = true> <Delay = 4.32> <CoreType = "Generic">   --->   Core 0 '' <Latency = 0> <II = 1> <Delay = 1.00> <Generic> <Opcode : >
ST_2 : Operation 35 [1/1] (0.00ns)   --->   "%tmp_data_0_V = extractvalue { i16, i16, i16, i16, i16, i16, i16, i16, i16, i16, i16, i16, i16, i16, i16, i16, i16, i16, i16, i16, i16, i16, i16, i16, i16, i16 } %call_ret, 0" [firmware/nnet_utils/nnet_dense_stream.h:52]   --->   Operation 35 'extractvalue' 'tmp_data_0_V' <Predicate = true> <Delay = 0.00>
ST_2 : Operation 36 [1/1] (0.00ns)   --->   "%tmp_data_1_V = extractvalue { i16, i16, i16, i16, i16, i16, i16, i16, i16, i16, i16, i16, i16, i16, i16, i16, i16, i16, i16, i16, i16, i16, i16, i16, i16, i16 } %call_ret, 1" [firmware/nnet_utils/nnet_dense_stream.h:52]   --->   Operation 36 'extractvalue' 'tmp_data_1_V' <Predicate = true> <Delay = 0.00>
ST_2 : Operation 37 [1/1] (0.00ns)   --->   "%tmp_data_2_V = extractvalue { i16, i16, i16, i16, i16, i16, i16, i16, i16, i16, i16, i16, i16, i16, i16, i16, i16, i16, i16, i16, i16, i16, i16, i16, i16, i16 } %call_ret, 2" [firmware/nnet_utils/nnet_dense_stream.h:52]   --->   Operation 37 'extractvalue' 'tmp_data_2_V' <Predicate = true> <Delay = 0.00>
ST_2 : Operation 38 [1/1] (0.00ns)   --->   "%tmp_data_3_V = extractvalue { i16, i16, i16, i16, i16, i16, i16, i16, i16, i16, i16, i16, i16, i16, i16, i16, i16, i16, i16, i16, i16, i16, i16, i16, i16, i16 } %call_ret, 3" [firmware/nnet_utils/nnet_dense_stream.h:52]   --->   Operation 38 'extractvalue' 'tmp_data_3_V' <Predicate = true> <Delay = 0.00>
ST_2 : Operation 39 [1/1] (0.00ns)   --->   "%tmp_data_4_V = extractvalue { i16, i16, i16, i16, i16, i16, i16, i16, i16, i16, i16, i16, i16, i16, i16, i16, i16, i16, i16, i16, i16, i16, i16, i16, i16, i16 } %call_ret, 4" [firmware/nnet_utils/nnet_dense_stream.h:52]   --->   Operation 39 'extractvalue' 'tmp_data_4_V' <Predicate = true> <Delay = 0.00>
ST_2 : Operation 40 [1/1] (0.00ns)   --->   "%tmp_data_6_V = extractvalue { i16, i16, i16, i16, i16, i16, i16, i16, i16, i16, i16, i16, i16, i16, i16, i16, i16, i16, i16, i16, i16, i16, i16, i16, i16, i16 } %call_ret, 5" [firmware/nnet_utils/nnet_dense_stream.h:52]   --->   Operation 40 'extractvalue' 'tmp_data_6_V' <Predicate = true> <Delay = 0.00>
ST_2 : Operation 41 [1/1] (0.00ns)   --->   "%tmp_data_7_V = extractvalue { i16, i16, i16, i16, i16, i16, i16, i16, i16, i16, i16, i16, i16, i16, i16, i16, i16, i16, i16, i16, i16, i16, i16, i16, i16, i16 } %call_ret, 6" [firmware/nnet_utils/nnet_dense_stream.h:52]   --->   Operation 41 'extractvalue' 'tmp_data_7_V' <Predicate = true> <Delay = 0.00>
ST_2 : Operation 42 [1/1] (0.00ns)   --->   "%tmp_data_8_V = extractvalue { i16, i16, i16, i16, i16, i16, i16, i16, i16, i16, i16, i16, i16, i16, i16, i16, i16, i16, i16, i16, i16, i16, i16, i16, i16, i16 } %call_ret, 7" [firmware/nnet_utils/nnet_dense_stream.h:52]   --->   Operation 42 'extractvalue' 'tmp_data_8_V' <Predicate = true> <Delay = 0.00>
ST_2 : Operation 43 [1/1] (0.00ns)   --->   "%tmp_data_9_V = extractvalue { i16, i16, i16, i16, i16, i16, i16, i16, i16, i16, i16, i16, i16, i16, i16, i16, i16, i16, i16, i16, i16, i16, i16, i16, i16, i16 } %call_ret, 8" [firmware/nnet_utils/nnet_dense_stream.h:52]   --->   Operation 43 'extractvalue' 'tmp_data_9_V' <Predicate = true> <Delay = 0.00>
ST_2 : Operation 44 [1/1] (0.00ns)   --->   "%tmp_data_11_V = extractvalue { i16, i16, i16, i16, i16, i16, i16, i16, i16, i16, i16, i16, i16, i16, i16, i16, i16, i16, i16, i16, i16, i16, i16, i16, i16, i16 } %call_ret, 9" [firmware/nnet_utils/nnet_dense_stream.h:52]   --->   Operation 44 'extractvalue' 'tmp_data_11_V' <Predicate = true> <Delay = 0.00>
ST_2 : Operation 45 [1/1] (0.00ns)   --->   "%tmp_data_12_V = extractvalue { i16, i16, i16, i16, i16, i16, i16, i16, i16, i16, i16, i16, i16, i16, i16, i16, i16, i16, i16, i16, i16, i16, i16, i16, i16, i16 } %call_ret, 10" [firmware/nnet_utils/nnet_dense_stream.h:52]   --->   Operation 45 'extractvalue' 'tmp_data_12_V' <Predicate = true> <Delay = 0.00>
ST_2 : Operation 46 [1/1] (0.00ns)   --->   "%tmp_data_13_V = extractvalue { i16, i16, i16, i16, i16, i16, i16, i16, i16, i16, i16, i16, i16, i16, i16, i16, i16, i16, i16, i16, i16, i16, i16, i16, i16, i16 } %call_ret, 11" [firmware/nnet_utils/nnet_dense_stream.h:52]   --->   Operation 46 'extractvalue' 'tmp_data_13_V' <Predicate = true> <Delay = 0.00>
ST_2 : Operation 47 [1/1] (0.00ns)   --->   "%tmp_data_14_V = extractvalue { i16, i16, i16, i16, i16, i16, i16, i16, i16, i16, i16, i16, i16, i16, i16, i16, i16, i16, i16, i16, i16, i16, i16, i16, i16, i16 } %call_ret, 12" [firmware/nnet_utils/nnet_dense_stream.h:52]   --->   Operation 47 'extractvalue' 'tmp_data_14_V' <Predicate = true> <Delay = 0.00>
ST_2 : Operation 48 [1/1] (0.00ns)   --->   "%tmp_data_15_V = extractvalue { i16, i16, i16, i16, i16, i16, i16, i16, i16, i16, i16, i16, i16, i16, i16, i16, i16, i16, i16, i16, i16, i16, i16, i16, i16, i16 } %call_ret, 13" [firmware/nnet_utils/nnet_dense_stream.h:52]   --->   Operation 48 'extractvalue' 'tmp_data_15_V' <Predicate = true> <Delay = 0.00>
ST_2 : Operation 49 [1/1] (0.00ns)   --->   "%tmp_data_16_V = extractvalue { i16, i16, i16, i16, i16, i16, i16, i16, i16, i16, i16, i16, i16, i16, i16, i16, i16, i16, i16, i16, i16, i16, i16, i16, i16, i16 } %call_ret, 14" [firmware/nnet_utils/nnet_dense_stream.h:52]   --->   Operation 49 'extractvalue' 'tmp_data_16_V' <Predicate = true> <Delay = 0.00>
ST_2 : Operation 50 [1/1] (0.00ns)   --->   "%tmp_data_17_V = extractvalue { i16, i16, i16, i16, i16, i16, i16, i16, i16, i16, i16, i16, i16, i16, i16, i16, i16, i16, i16, i16, i16, i16, i16, i16, i16, i16 } %call_ret, 15" [firmware/nnet_utils/nnet_dense_stream.h:52]   --->   Operation 50 'extractvalue' 'tmp_data_17_V' <Predicate = true> <Delay = 0.00>
ST_2 : Operation 51 [1/1] (0.00ns)   --->   "%tmp_data_18_V = extractvalue { i16, i16, i16, i16, i16, i16, i16, i16, i16, i16, i16, i16, i16, i16, i16, i16, i16, i16, i16, i16, i16, i16, i16, i16, i16, i16 } %call_ret, 16" [firmware/nnet_utils/nnet_dense_stream.h:52]   --->   Operation 51 'extractvalue' 'tmp_data_18_V' <Predicate = true> <Delay = 0.00>
ST_2 : Operation 52 [1/1] (0.00ns)   --->   "%tmp_data_19_V = extractvalue { i16, i16, i16, i16, i16, i16, i16, i16, i16, i16, i16, i16, i16, i16, i16, i16, i16, i16, i16, i16, i16, i16, i16, i16, i16, i16 } %call_ret, 17" [firmware/nnet_utils/nnet_dense_stream.h:52]   --->   Operation 52 'extractvalue' 'tmp_data_19_V' <Predicate = true> <Delay = 0.00>
ST_2 : Operation 53 [1/1] (0.00ns)   --->   "%tmp_data_20_V = extractvalue { i16, i16, i16, i16, i16, i16, i16, i16, i16, i16, i16, i16, i16, i16, i16, i16, i16, i16, i16, i16, i16, i16, i16, i16, i16, i16 } %call_ret, 18" [firmware/nnet_utils/nnet_dense_stream.h:52]   --->   Operation 53 'extractvalue' 'tmp_data_20_V' <Predicate = true> <Delay = 0.00>
ST_2 : Operation 54 [1/1] (0.00ns)   --->   "%tmp_data_21_V = extractvalue { i16, i16, i16, i16, i16, i16, i16, i16, i16, i16, i16, i16, i16, i16, i16, i16, i16, i16, i16, i16, i16, i16, i16, i16, i16, i16 } %call_ret, 19" [firmware/nnet_utils/nnet_dense_stream.h:52]   --->   Operation 54 'extractvalue' 'tmp_data_21_V' <Predicate = true> <Delay = 0.00>
ST_2 : Operation 55 [1/1] (0.00ns)   --->   "%tmp_data_23_V = extractvalue { i16, i16, i16, i16, i16, i16, i16, i16, i16, i16, i16, i16, i16, i16, i16, i16, i16, i16, i16, i16, i16, i16, i16, i16, i16, i16 } %call_ret, 20" [firmware/nnet_utils/nnet_dense_stream.h:52]   --->   Operation 55 'extractvalue' 'tmp_data_23_V' <Predicate = true> <Delay = 0.00>
ST_2 : Operation 56 [1/1] (0.00ns)   --->   "%tmp_data_24_V = extractvalue { i16, i16, i16, i16, i16, i16, i16, i16, i16, i16, i16, i16, i16, i16, i16, i16, i16, i16, i16, i16, i16, i16, i16, i16, i16, i16 } %call_ret, 21" [firmware/nnet_utils/nnet_dense_stream.h:52]   --->   Operation 56 'extractvalue' 'tmp_data_24_V' <Predicate = true> <Delay = 0.00>
ST_2 : Operation 57 [1/1] (0.00ns)   --->   "%tmp_data_27_V = extractvalue { i16, i16, i16, i16, i16, i16, i16, i16, i16, i16, i16, i16, i16, i16, i16, i16, i16, i16, i16, i16, i16, i16, i16, i16, i16, i16 } %call_ret, 22" [firmware/nnet_utils/nnet_dense_stream.h:52]   --->   Operation 57 'extractvalue' 'tmp_data_27_V' <Predicate = true> <Delay = 0.00>
ST_2 : Operation 58 [1/1] (0.00ns)   --->   "%tmp_data_28_V = extractvalue { i16, i16, i16, i16, i16, i16, i16, i16, i16, i16, i16, i16, i16, i16, i16, i16, i16, i16, i16, i16, i16, i16, i16, i16, i16, i16 } %call_ret, 23" [firmware/nnet_utils/nnet_dense_stream.h:52]   --->   Operation 58 'extractvalue' 'tmp_data_28_V' <Predicate = true> <Delay = 0.00>
ST_2 : Operation 59 [1/1] (0.00ns)   --->   "%tmp_data_30_V = extractvalue { i16, i16, i16, i16, i16, i16, i16, i16, i16, i16, i16, i16, i16, i16, i16, i16, i16, i16, i16, i16, i16, i16, i16, i16, i16, i16 } %call_ret, 24" [firmware/nnet_utils/nnet_dense_stream.h:52]   --->   Operation 59 'extractvalue' 'tmp_data_30_V' <Predicate = true> <Delay = 0.00>
ST_2 : Operation 60 [1/1] (0.00ns)   --->   "%tmp_data_31_V = extractvalue { i16, i16, i16, i16, i16, i16, i16, i16, i16, i16, i16, i16, i16, i16, i16, i16, i16, i16, i16, i16, i16, i16, i16, i16, i16, i16 } %call_ret, 25" [firmware/nnet_utils/nnet_dense_stream.h:52]   --->   Operation 60 'extractvalue' 'tmp_data_31_V' <Predicate = true> <Delay = 0.00>

State 3 <SV = 2> <Delay = 1.45>
ST_3 : Operation 61 [1/1] (0.00ns)   --->   "call void (...)* @_ssdm_op_SpecInterface(i16* %res_stream_V_data_31_V, [8 x i8]* @ap_fifo_str, i32 0, i32 0, [1 x i8]* @p_str1489, i32 0, i32 0, [1 x i8]* @p_str1490, [1 x i8]* @p_str1491, [1 x i8]* @p_str1492, i32 2, i32 2, i32 16, i32 16, [1 x i8]* @p_str1493, [1 x i8]* @p_str1494)"   --->   Operation 61 'specinterface' <Predicate = true> <Delay = 0.00>
ST_3 : Operation 62 [1/1] (0.00ns)   --->   "call void (...)* @_ssdm_op_SpecInterface(i16* %res_stream_V_data_30_V, [8 x i8]* @ap_fifo_str, i32 0, i32 0, [1 x i8]* @p_str1482, i32 0, i32 0, [1 x i8]* @p_str1483, [1 x i8]* @p_str1484, [1 x i8]* @p_str1485, i32 2, i32 2, i32 16, i32 16, [1 x i8]* @p_str1486, [1 x i8]* @p_str1487)"   --->   Operation 62 'specinterface' <Predicate = true> <Delay = 0.00>
ST_3 : Operation 63 [1/1] (0.00ns)   --->   "call void (...)* @_ssdm_op_SpecInterface(i16* %res_stream_V_data_29_V, [8 x i8]* @ap_fifo_str, i32 0, i32 0, [1 x i8]* @p_str1475, i32 0, i32 0, [1 x i8]* @p_str1476, [1 x i8]* @p_str1477, [1 x i8]* @p_str1478, i32 2, i32 2, i32 16, i32 16, [1 x i8]* @p_str1479, [1 x i8]* @p_str1480)"   --->   Operation 63 'specinterface' <Predicate = true> <Delay = 0.00>
ST_3 : Operation 64 [1/1] (0.00ns)   --->   "call void (...)* @_ssdm_op_SpecInterface(i16* %res_stream_V_data_28_V, [8 x i8]* @ap_fifo_str, i32 0, i32 0, [1 x i8]* @p_str1468, i32 0, i32 0, [1 x i8]* @p_str1469, [1 x i8]* @p_str1470, [1 x i8]* @p_str1471, i32 2, i32 2, i32 16, i32 16, [1 x i8]* @p_str1472, [1 x i8]* @p_str1473)"   --->   Operation 64 'specinterface' <Predicate = true> <Delay = 0.00>
ST_3 : Operation 65 [1/1] (0.00ns)   --->   "call void (...)* @_ssdm_op_SpecInterface(i16* %res_stream_V_data_27_V, [8 x i8]* @ap_fifo_str, i32 0, i32 0, [1 x i8]* @p_str1461, i32 0, i32 0, [1 x i8]* @p_str1462, [1 x i8]* @p_str1463, [1 x i8]* @p_str1464, i32 2, i32 2, i32 16, i32 16, [1 x i8]* @p_str1465, [1 x i8]* @p_str1466)"   --->   Operation 65 'specinterface' <Predicate = true> <Delay = 0.00>
ST_3 : Operation 66 [1/1] (0.00ns)   --->   "call void (...)* @_ssdm_op_SpecInterface(i16* %res_stream_V_data_26_V, [8 x i8]* @ap_fifo_str, i32 0, i32 0, [1 x i8]* @p_str1454, i32 0, i32 0, [1 x i8]* @p_str1455, [1 x i8]* @p_str1456, [1 x i8]* @p_str1457, i32 2, i32 2, i32 16, i32 16, [1 x i8]* @p_str1458, [1 x i8]* @p_str1459)"   --->   Operation 66 'specinterface' <Predicate = true> <Delay = 0.00>
ST_3 : Operation 67 [1/1] (0.00ns)   --->   "call void (...)* @_ssdm_op_SpecInterface(i16* %res_stream_V_data_25_V, [8 x i8]* @ap_fifo_str, i32 0, i32 0, [1 x i8]* @p_str1447, i32 0, i32 0, [1 x i8]* @p_str1448, [1 x i8]* @p_str1449, [1 x i8]* @p_str1450, i32 2, i32 2, i32 16, i32 16, [1 x i8]* @p_str1451, [1 x i8]* @p_str1452)"   --->   Operation 67 'specinterface' <Predicate = true> <Delay = 0.00>
ST_3 : Operation 68 [1/1] (0.00ns)   --->   "call void (...)* @_ssdm_op_SpecInterface(i16* %res_stream_V_data_24_V, [8 x i8]* @ap_fifo_str, i32 0, i32 0, [1 x i8]* @p_str1440, i32 0, i32 0, [1 x i8]* @p_str1441, [1 x i8]* @p_str1442, [1 x i8]* @p_str1443, i32 2, i32 2, i32 16, i32 16, [1 x i8]* @p_str1444, [1 x i8]* @p_str1445)"   --->   Operation 68 'specinterface' <Predicate = true> <Delay = 0.00>
ST_3 : Operation 69 [1/1] (0.00ns)   --->   "call void (...)* @_ssdm_op_SpecInterface(i16* %res_stream_V_data_23_V, [8 x i8]* @ap_fifo_str, i32 0, i32 0, [1 x i8]* @p_str1433, i32 0, i32 0, [1 x i8]* @p_str1434, [1 x i8]* @p_str1435, [1 x i8]* @p_str1436, i32 2, i32 2, i32 16, i32 16, [1 x i8]* @p_str1437, [1 x i8]* @p_str1438)"   --->   Operation 69 'specinterface' <Predicate = true> <Delay = 0.00>
ST_3 : Operation 70 [1/1] (0.00ns)   --->   "call void (...)* @_ssdm_op_SpecInterface(i16* %res_stream_V_data_22_V, [8 x i8]* @ap_fifo_str, i32 0, i32 0, [1 x i8]* @p_str1426, i32 0, i32 0, [1 x i8]* @p_str1427, [1 x i8]* @p_str1428, [1 x i8]* @p_str1429, i32 2, i32 2, i32 16, i32 16, [1 x i8]* @p_str1430, [1 x i8]* @p_str1431)"   --->   Operation 70 'specinterface' <Predicate = true> <Delay = 0.00>
ST_3 : Operation 71 [1/1] (0.00ns)   --->   "call void (...)* @_ssdm_op_SpecInterface(i16* %res_stream_V_data_21_V, [8 x i8]* @ap_fifo_str, i32 0, i32 0, [1 x i8]* @p_str1419, i32 0, i32 0, [1 x i8]* @p_str1420, [1 x i8]* @p_str1421, [1 x i8]* @p_str1422, i32 2, i32 2, i32 16, i32 16, [1 x i8]* @p_str1423, [1 x i8]* @p_str1424)"   --->   Operation 71 'specinterface' <Predicate = true> <Delay = 0.00>
ST_3 : Operation 72 [1/1] (0.00ns)   --->   "call void (...)* @_ssdm_op_SpecInterface(i16* %res_stream_V_data_20_V, [8 x i8]* @ap_fifo_str, i32 0, i32 0, [1 x i8]* @p_str1412, i32 0, i32 0, [1 x i8]* @p_str1413, [1 x i8]* @p_str1414, [1 x i8]* @p_str1415, i32 2, i32 2, i32 16, i32 16, [1 x i8]* @p_str1416, [1 x i8]* @p_str1417)"   --->   Operation 72 'specinterface' <Predicate = true> <Delay = 0.00>
ST_3 : Operation 73 [1/1] (0.00ns)   --->   "call void (...)* @_ssdm_op_SpecInterface(i16* %res_stream_V_data_19_V, [8 x i8]* @ap_fifo_str, i32 0, i32 0, [1 x i8]* @p_str1405, i32 0, i32 0, [1 x i8]* @p_str1406, [1 x i8]* @p_str1407, [1 x i8]* @p_str1408, i32 2, i32 2, i32 16, i32 16, [1 x i8]* @p_str1409, [1 x i8]* @p_str1410)"   --->   Operation 73 'specinterface' <Predicate = true> <Delay = 0.00>
ST_3 : Operation 74 [1/1] (0.00ns)   --->   "call void (...)* @_ssdm_op_SpecInterface(i16* %res_stream_V_data_18_V, [8 x i8]* @ap_fifo_str, i32 0, i32 0, [1 x i8]* @p_str1398, i32 0, i32 0, [1 x i8]* @p_str1399, [1 x i8]* @p_str1400, [1 x i8]* @p_str1401, i32 2, i32 2, i32 16, i32 16, [1 x i8]* @p_str1402, [1 x i8]* @p_str1403)"   --->   Operation 74 'specinterface' <Predicate = true> <Delay = 0.00>
ST_3 : Operation 75 [1/1] (0.00ns)   --->   "call void (...)* @_ssdm_op_SpecInterface(i16* %res_stream_V_data_17_V, [8 x i8]* @ap_fifo_str, i32 0, i32 0, [1 x i8]* @p_str1391, i32 0, i32 0, [1 x i8]* @p_str1392, [1 x i8]* @p_str1393, [1 x i8]* @p_str1394, i32 2, i32 2, i32 16, i32 16, [1 x i8]* @p_str1395, [1 x i8]* @p_str1396)"   --->   Operation 75 'specinterface' <Predicate = true> <Delay = 0.00>
ST_3 : Operation 76 [1/1] (0.00ns)   --->   "call void (...)* @_ssdm_op_SpecInterface(i16* %res_stream_V_data_16_V, [8 x i8]* @ap_fifo_str, i32 0, i32 0, [1 x i8]* @p_str1384, i32 0, i32 0, [1 x i8]* @p_str1385, [1 x i8]* @p_str1386, [1 x i8]* @p_str1387, i32 2, i32 2, i32 16, i32 16, [1 x i8]* @p_str1388, [1 x i8]* @p_str1389)"   --->   Operation 76 'specinterface' <Predicate = true> <Delay = 0.00>
ST_3 : Operation 77 [1/1] (0.00ns)   --->   "call void (...)* @_ssdm_op_SpecInterface(i16* %res_stream_V_data_15_V, [8 x i8]* @ap_fifo_str, i32 0, i32 0, [1 x i8]* @p_str1377, i32 0, i32 0, [1 x i8]* @p_str1378, [1 x i8]* @p_str1379, [1 x i8]* @p_str1380, i32 2, i32 2, i32 16, i32 16, [1 x i8]* @p_str1381, [1 x i8]* @p_str1382)"   --->   Operation 77 'specinterface' <Predicate = true> <Delay = 0.00>
ST_3 : Operation 78 [1/1] (0.00ns)   --->   "call void (...)* @_ssdm_op_SpecInterface(i16* %res_stream_V_data_14_V, [8 x i8]* @ap_fifo_str, i32 0, i32 0, [1 x i8]* @p_str1370, i32 0, i32 0, [1 x i8]* @p_str1371, [1 x i8]* @p_str1372, [1 x i8]* @p_str1373, i32 2, i32 2, i32 16, i32 16, [1 x i8]* @p_str1374, [1 x i8]* @p_str1375)"   --->   Operation 78 'specinterface' <Predicate = true> <Delay = 0.00>
ST_3 : Operation 79 [1/1] (0.00ns)   --->   "call void (...)* @_ssdm_op_SpecInterface(i16* %res_stream_V_data_13_V, [8 x i8]* @ap_fifo_str, i32 0, i32 0, [1 x i8]* @p_str1363, i32 0, i32 0, [1 x i8]* @p_str1364, [1 x i8]* @p_str1365, [1 x i8]* @p_str1366, i32 2, i32 2, i32 16, i32 16, [1 x i8]* @p_str1367, [1 x i8]* @p_str1368)"   --->   Operation 79 'specinterface' <Predicate = true> <Delay = 0.00>
ST_3 : Operation 80 [1/1] (0.00ns)   --->   "call void (...)* @_ssdm_op_SpecInterface(i16* %res_stream_V_data_12_V, [8 x i8]* @ap_fifo_str, i32 0, i32 0, [1 x i8]* @p_str1356, i32 0, i32 0, [1 x i8]* @p_str1357, [1 x i8]* @p_str1358, [1 x i8]* @p_str1359, i32 2, i32 2, i32 16, i32 16, [1 x i8]* @p_str1360, [1 x i8]* @p_str1361)"   --->   Operation 80 'specinterface' <Predicate = true> <Delay = 0.00>
ST_3 : Operation 81 [1/1] (0.00ns)   --->   "call void (...)* @_ssdm_op_SpecInterface(i16* %res_stream_V_data_11_V, [8 x i8]* @ap_fifo_str, i32 0, i32 0, [1 x i8]* @p_str1349, i32 0, i32 0, [1 x i8]* @p_str1350, [1 x i8]* @p_str1351, [1 x i8]* @p_str1352, i32 2, i32 2, i32 16, i32 16, [1 x i8]* @p_str1353, [1 x i8]* @p_str1354)"   --->   Operation 81 'specinterface' <Predicate = true> <Delay = 0.00>
ST_3 : Operation 82 [1/1] (0.00ns)   --->   "call void (...)* @_ssdm_op_SpecInterface(i16* %res_stream_V_data_10_V, [8 x i8]* @ap_fifo_str, i32 0, i32 0, [1 x i8]* @p_str1342, i32 0, i32 0, [1 x i8]* @p_str1343, [1 x i8]* @p_str1344, [1 x i8]* @p_str1345, i32 2, i32 2, i32 16, i32 16, [1 x i8]* @p_str1346, [1 x i8]* @p_str1347)"   --->   Operation 82 'specinterface' <Predicate = true> <Delay = 0.00>
ST_3 : Operation 83 [1/1] (0.00ns)   --->   "call void (...)* @_ssdm_op_SpecInterface(i16* %res_stream_V_data_9_V, [8 x i8]* @ap_fifo_str, i32 0, i32 0, [1 x i8]* @p_str1335, i32 0, i32 0, [1 x i8]* @p_str1336, [1 x i8]* @p_str1337, [1 x i8]* @p_str1338, i32 2, i32 2, i32 16, i32 16, [1 x i8]* @p_str1339, [1 x i8]* @p_str1340)"   --->   Operation 83 'specinterface' <Predicate = true> <Delay = 0.00>
ST_3 : Operation 84 [1/1] (0.00ns)   --->   "call void (...)* @_ssdm_op_SpecInterface(i16* %res_stream_V_data_8_V, [8 x i8]* @ap_fifo_str, i32 0, i32 0, [1 x i8]* @p_str1328, i32 0, i32 0, [1 x i8]* @p_str1329, [1 x i8]* @p_str1330, [1 x i8]* @p_str1331, i32 2, i32 2, i32 16, i32 16, [1 x i8]* @p_str1332, [1 x i8]* @p_str1333)"   --->   Operation 84 'specinterface' <Predicate = true> <Delay = 0.00>
ST_3 : Operation 85 [1/1] (0.00ns)   --->   "call void (...)* @_ssdm_op_SpecInterface(i16* %res_stream_V_data_7_V, [8 x i8]* @ap_fifo_str, i32 0, i32 0, [1 x i8]* @p_str1321, i32 0, i32 0, [1 x i8]* @p_str1322, [1 x i8]* @p_str1323, [1 x i8]* @p_str1324, i32 2, i32 2, i32 16, i32 16, [1 x i8]* @p_str1325, [1 x i8]* @p_str1326)"   --->   Operation 85 'specinterface' <Predicate = true> <Delay = 0.00>
ST_3 : Operation 86 [1/1] (0.00ns)   --->   "call void (...)* @_ssdm_op_SpecInterface(i16* %res_stream_V_data_6_V, [8 x i8]* @ap_fifo_str, i32 0, i32 0, [1 x i8]* @p_str1314, i32 0, i32 0, [1 x i8]* @p_str1315, [1 x i8]* @p_str1316, [1 x i8]* @p_str1317, i32 2, i32 2, i32 16, i32 16, [1 x i8]* @p_str1318, [1 x i8]* @p_str1319)"   --->   Operation 86 'specinterface' <Predicate = true> <Delay = 0.00>
ST_3 : Operation 87 [1/1] (0.00ns)   --->   "call void (...)* @_ssdm_op_SpecInterface(i16* %res_stream_V_data_5_V, [8 x i8]* @ap_fifo_str, i32 0, i32 0, [1 x i8]* @p_str1307, i32 0, i32 0, [1 x i8]* @p_str1308, [1 x i8]* @p_str1309, [1 x i8]* @p_str1310, i32 2, i32 2, i32 16, i32 16, [1 x i8]* @p_str1311, [1 x i8]* @p_str1312)"   --->   Operation 87 'specinterface' <Predicate = true> <Delay = 0.00>
ST_3 : Operation 88 [1/1] (0.00ns)   --->   "call void (...)* @_ssdm_op_SpecInterface(i16* %res_stream_V_data_4_V, [8 x i8]* @ap_fifo_str, i32 0, i32 0, [1 x i8]* @p_str1300, i32 0, i32 0, [1 x i8]* @p_str1301, [1 x i8]* @p_str1302, [1 x i8]* @p_str1303, i32 2, i32 2, i32 16, i32 16, [1 x i8]* @p_str1304, [1 x i8]* @p_str1305)"   --->   Operation 88 'specinterface' <Predicate = true> <Delay = 0.00>
ST_3 : Operation 89 [1/1] (0.00ns)   --->   "call void (...)* @_ssdm_op_SpecInterface(i16* %res_stream_V_data_3_V, [8 x i8]* @ap_fifo_str, i32 0, i32 0, [1 x i8]* @p_str1293, i32 0, i32 0, [1 x i8]* @p_str1294, [1 x i8]* @p_str1295, [1 x i8]* @p_str1296, i32 2, i32 2, i32 16, i32 16, [1 x i8]* @p_str1297, [1 x i8]* @p_str1298)"   --->   Operation 89 'specinterface' <Predicate = true> <Delay = 0.00>
ST_3 : Operation 90 [1/1] (0.00ns)   --->   "call void (...)* @_ssdm_op_SpecInterface(i16* %res_stream_V_data_2_V, [8 x i8]* @ap_fifo_str, i32 0, i32 0, [1 x i8]* @p_str1286, i32 0, i32 0, [1 x i8]* @p_str1287, [1 x i8]* @p_str1288, [1 x i8]* @p_str1289, i32 2, i32 2, i32 16, i32 16, [1 x i8]* @p_str1290, [1 x i8]* @p_str1291)"   --->   Operation 90 'specinterface' <Predicate = true> <Delay = 0.00>
ST_3 : Operation 91 [1/1] (0.00ns)   --->   "call void (...)* @_ssdm_op_SpecInterface(i16* %res_stream_V_data_1_V, [8 x i8]* @ap_fifo_str, i32 0, i32 0, [1 x i8]* @p_str1279, i32 0, i32 0, [1 x i8]* @p_str1280, [1 x i8]* @p_str1281, [1 x i8]* @p_str1282, i32 2, i32 2, i32 16, i32 16, [1 x i8]* @p_str1283, [1 x i8]* @p_str1284)"   --->   Operation 91 'specinterface' <Predicate = true> <Delay = 0.00>
ST_3 : Operation 92 [1/1] (0.00ns)   --->   "call void (...)* @_ssdm_op_SpecInterface(i16* %res_stream_V_data_0_V, [8 x i8]* @ap_fifo_str, i32 0, i32 0, [1 x i8]* @p_str1272, i32 0, i32 0, [1 x i8]* @p_str1273, [1 x i8]* @p_str1274, [1 x i8]* @p_str1275, i32 2, i32 2, i32 16, i32 16, [1 x i8]* @p_str1276, [1 x i8]* @p_str1277)"   --->   Operation 92 'specinterface' <Predicate = true> <Delay = 0.00>
ST_3 : Operation 93 [1/1] (0.00ns)   --->   "call void (...)* @_ssdm_op_SpecInterface(i7* %data_stream_V_data_31_V, [8 x i8]* @ap_fifo_str, i32 0, i32 0, [1 x i8]* @p_str1265, i32 0, i32 0, [1 x i8]* @p_str1266, [1 x i8]* @p_str1267, [1 x i8]* @p_str1268, i32 2, i32 2, i32 16, i32 16, [1 x i8]* @p_str1269, [1 x i8]* @p_str1270)"   --->   Operation 93 'specinterface' <Predicate = true> <Delay = 0.00>
ST_3 : Operation 94 [1/1] (0.00ns)   --->   "call void (...)* @_ssdm_op_SpecInterface(i7* %data_stream_V_data_30_V, [8 x i8]* @ap_fifo_str, i32 0, i32 0, [1 x i8]* @p_str1258, i32 0, i32 0, [1 x i8]* @p_str1259, [1 x i8]* @p_str1260, [1 x i8]* @p_str1261, i32 2, i32 2, i32 16, i32 16, [1 x i8]* @p_str1262, [1 x i8]* @p_str1263)"   --->   Operation 94 'specinterface' <Predicate = true> <Delay = 0.00>
ST_3 : Operation 95 [1/1] (0.00ns)   --->   "call void (...)* @_ssdm_op_SpecInterface(i7* %data_stream_V_data_29_V, [8 x i8]* @ap_fifo_str, i32 0, i32 0, [1 x i8]* @p_str1251, i32 0, i32 0, [1 x i8]* @p_str1252, [1 x i8]* @p_str1253, [1 x i8]* @p_str1254, i32 2, i32 2, i32 16, i32 16, [1 x i8]* @p_str1255, [1 x i8]* @p_str1256)"   --->   Operation 95 'specinterface' <Predicate = true> <Delay = 0.00>
ST_3 : Operation 96 [1/1] (0.00ns)   --->   "call void (...)* @_ssdm_op_SpecInterface(i7* %data_stream_V_data_28_V, [8 x i8]* @ap_fifo_str, i32 0, i32 0, [1 x i8]* @p_str1244, i32 0, i32 0, [1 x i8]* @p_str1245, [1 x i8]* @p_str1246, [1 x i8]* @p_str1247, i32 2, i32 2, i32 16, i32 16, [1 x i8]* @p_str1248, [1 x i8]* @p_str1249)"   --->   Operation 96 'specinterface' <Predicate = true> <Delay = 0.00>
ST_3 : Operation 97 [1/1] (0.00ns)   --->   "call void (...)* @_ssdm_op_SpecInterface(i7* %data_stream_V_data_27_V, [8 x i8]* @ap_fifo_str, i32 0, i32 0, [1 x i8]* @p_str1237, i32 0, i32 0, [1 x i8]* @p_str1238, [1 x i8]* @p_str1239, [1 x i8]* @p_str1240, i32 2, i32 2, i32 16, i32 16, [1 x i8]* @p_str1241, [1 x i8]* @p_str1242)"   --->   Operation 97 'specinterface' <Predicate = true> <Delay = 0.00>
ST_3 : Operation 98 [1/1] (0.00ns)   --->   "call void (...)* @_ssdm_op_SpecInterface(i7* %data_stream_V_data_26_V, [8 x i8]* @ap_fifo_str, i32 0, i32 0, [1 x i8]* @p_str1230, i32 0, i32 0, [1 x i8]* @p_str1231, [1 x i8]* @p_str1232, [1 x i8]* @p_str1233, i32 2, i32 2, i32 16, i32 16, [1 x i8]* @p_str1234, [1 x i8]* @p_str1235)"   --->   Operation 98 'specinterface' <Predicate = true> <Delay = 0.00>
ST_3 : Operation 99 [1/1] (0.00ns)   --->   "call void (...)* @_ssdm_op_SpecInterface(i7* %data_stream_V_data_25_V, [8 x i8]* @ap_fifo_str, i32 0, i32 0, [1 x i8]* @p_str1223, i32 0, i32 0, [1 x i8]* @p_str1224, [1 x i8]* @p_str1225, [1 x i8]* @p_str1226, i32 2, i32 2, i32 16, i32 16, [1 x i8]* @p_str1227, [1 x i8]* @p_str1228)"   --->   Operation 99 'specinterface' <Predicate = true> <Delay = 0.00>
ST_3 : Operation 100 [1/1] (0.00ns)   --->   "call void (...)* @_ssdm_op_SpecInterface(i7* %data_stream_V_data_24_V, [8 x i8]* @ap_fifo_str, i32 0, i32 0, [1 x i8]* @p_str1216, i32 0, i32 0, [1 x i8]* @p_str1217, [1 x i8]* @p_str1218, [1 x i8]* @p_str1219, i32 2, i32 2, i32 16, i32 16, [1 x i8]* @p_str1220, [1 x i8]* @p_str1221)"   --->   Operation 100 'specinterface' <Predicate = true> <Delay = 0.00>
ST_3 : Operation 101 [1/1] (0.00ns)   --->   "call void (...)* @_ssdm_op_SpecInterface(i7* %data_stream_V_data_23_V, [8 x i8]* @ap_fifo_str, i32 0, i32 0, [1 x i8]* @p_str1209, i32 0, i32 0, [1 x i8]* @p_str1210, [1 x i8]* @p_str1211, [1 x i8]* @p_str1212, i32 2, i32 2, i32 16, i32 16, [1 x i8]* @p_str1213, [1 x i8]* @p_str1214)"   --->   Operation 101 'specinterface' <Predicate = true> <Delay = 0.00>
ST_3 : Operation 102 [1/1] (0.00ns)   --->   "call void (...)* @_ssdm_op_SpecInterface(i7* %data_stream_V_data_22_V, [8 x i8]* @ap_fifo_str, i32 0, i32 0, [1 x i8]* @p_str1202, i32 0, i32 0, [1 x i8]* @p_str1203, [1 x i8]* @p_str1204, [1 x i8]* @p_str1205, i32 2, i32 2, i32 16, i32 16, [1 x i8]* @p_str1206, [1 x i8]* @p_str1207)"   --->   Operation 102 'specinterface' <Predicate = true> <Delay = 0.00>
ST_3 : Operation 103 [1/1] (0.00ns)   --->   "call void (...)* @_ssdm_op_SpecInterface(i7* %data_stream_V_data_21_V, [8 x i8]* @ap_fifo_str, i32 0, i32 0, [1 x i8]* @p_str1195, i32 0, i32 0, [1 x i8]* @p_str1196, [1 x i8]* @p_str1197, [1 x i8]* @p_str1198, i32 2, i32 2, i32 16, i32 16, [1 x i8]* @p_str1199, [1 x i8]* @p_str1200)"   --->   Operation 103 'specinterface' <Predicate = true> <Delay = 0.00>
ST_3 : Operation 104 [1/1] (0.00ns)   --->   "call void (...)* @_ssdm_op_SpecInterface(i7* %data_stream_V_data_20_V, [8 x i8]* @ap_fifo_str, i32 0, i32 0, [1 x i8]* @p_str1188, i32 0, i32 0, [1 x i8]* @p_str1189, [1 x i8]* @p_str1190, [1 x i8]* @p_str1191, i32 2, i32 2, i32 16, i32 16, [1 x i8]* @p_str1192, [1 x i8]* @p_str1193)"   --->   Operation 104 'specinterface' <Predicate = true> <Delay = 0.00>
ST_3 : Operation 105 [1/1] (0.00ns)   --->   "call void (...)* @_ssdm_op_SpecInterface(i7* %data_stream_V_data_19_V, [8 x i8]* @ap_fifo_str, i32 0, i32 0, [1 x i8]* @p_str1181, i32 0, i32 0, [1 x i8]* @p_str1182, [1 x i8]* @p_str1183, [1 x i8]* @p_str1184, i32 2, i32 2, i32 16, i32 16, [1 x i8]* @p_str1185, [1 x i8]* @p_str1186)"   --->   Operation 105 'specinterface' <Predicate = true> <Delay = 0.00>
ST_3 : Operation 106 [1/1] (0.00ns)   --->   "call void (...)* @_ssdm_op_SpecInterface(i7* %data_stream_V_data_18_V, [8 x i8]* @ap_fifo_str, i32 0, i32 0, [1 x i8]* @p_str1174, i32 0, i32 0, [1 x i8]* @p_str1175, [1 x i8]* @p_str1176, [1 x i8]* @p_str1177, i32 2, i32 2, i32 16, i32 16, [1 x i8]* @p_str1178, [1 x i8]* @p_str1179)"   --->   Operation 106 'specinterface' <Predicate = true> <Delay = 0.00>
ST_3 : Operation 107 [1/1] (0.00ns)   --->   "call void (...)* @_ssdm_op_SpecInterface(i7* %data_stream_V_data_17_V, [8 x i8]* @ap_fifo_str, i32 0, i32 0, [1 x i8]* @p_str1167, i32 0, i32 0, [1 x i8]* @p_str1168, [1 x i8]* @p_str1169, [1 x i8]* @p_str1170, i32 2, i32 2, i32 16, i32 16, [1 x i8]* @p_str1171, [1 x i8]* @p_str1172)"   --->   Operation 107 'specinterface' <Predicate = true> <Delay = 0.00>
ST_3 : Operation 108 [1/1] (0.00ns)   --->   "call void (...)* @_ssdm_op_SpecInterface(i7* %data_stream_V_data_16_V, [8 x i8]* @ap_fifo_str, i32 0, i32 0, [1 x i8]* @p_str1160, i32 0, i32 0, [1 x i8]* @p_str1161, [1 x i8]* @p_str1162, [1 x i8]* @p_str1163, i32 2, i32 2, i32 16, i32 16, [1 x i8]* @p_str1164, [1 x i8]* @p_str1165)"   --->   Operation 108 'specinterface' <Predicate = true> <Delay = 0.00>
ST_3 : Operation 109 [1/1] (0.00ns)   --->   "call void (...)* @_ssdm_op_SpecInterface(i7* %data_stream_V_data_15_V, [8 x i8]* @ap_fifo_str, i32 0, i32 0, [1 x i8]* @p_str1153, i32 0, i32 0, [1 x i8]* @p_str1154, [1 x i8]* @p_str1155, [1 x i8]* @p_str1156, i32 2, i32 2, i32 16, i32 16, [1 x i8]* @p_str1157, [1 x i8]* @p_str1158)"   --->   Operation 109 'specinterface' <Predicate = true> <Delay = 0.00>
ST_3 : Operation 110 [1/1] (0.00ns)   --->   "call void (...)* @_ssdm_op_SpecInterface(i7* %data_stream_V_data_14_V, [8 x i8]* @ap_fifo_str, i32 0, i32 0, [1 x i8]* @p_str1146, i32 0, i32 0, [1 x i8]* @p_str1147, [1 x i8]* @p_str1148, [1 x i8]* @p_str1149, i32 2, i32 2, i32 16, i32 16, [1 x i8]* @p_str1150, [1 x i8]* @p_str1151)"   --->   Operation 110 'specinterface' <Predicate = true> <Delay = 0.00>
ST_3 : Operation 111 [1/1] (0.00ns)   --->   "call void (...)* @_ssdm_op_SpecInterface(i7* %data_stream_V_data_13_V, [8 x i8]* @ap_fifo_str, i32 0, i32 0, [1 x i8]* @p_str1139, i32 0, i32 0, [1 x i8]* @p_str1140, [1 x i8]* @p_str1141, [1 x i8]* @p_str1142, i32 2, i32 2, i32 16, i32 16, [1 x i8]* @p_str1143, [1 x i8]* @p_str1144)"   --->   Operation 111 'specinterface' <Predicate = true> <Delay = 0.00>
ST_3 : Operation 112 [1/1] (0.00ns)   --->   "call void (...)* @_ssdm_op_SpecInterface(i7* %data_stream_V_data_12_V, [8 x i8]* @ap_fifo_str, i32 0, i32 0, [1 x i8]* @p_str1132, i32 0, i32 0, [1 x i8]* @p_str1133, [1 x i8]* @p_str1134, [1 x i8]* @p_str1135, i32 2, i32 2, i32 16, i32 16, [1 x i8]* @p_str1136, [1 x i8]* @p_str1137)"   --->   Operation 112 'specinterface' <Predicate = true> <Delay = 0.00>
ST_3 : Operation 113 [1/1] (0.00ns)   --->   "call void (...)* @_ssdm_op_SpecInterface(i7* %data_stream_V_data_11_V, [8 x i8]* @ap_fifo_str, i32 0, i32 0, [1 x i8]* @p_str1125, i32 0, i32 0, [1 x i8]* @p_str1126, [1 x i8]* @p_str1127, [1 x i8]* @p_str1128, i32 2, i32 2, i32 16, i32 16, [1 x i8]* @p_str1129, [1 x i8]* @p_str1130)"   --->   Operation 113 'specinterface' <Predicate = true> <Delay = 0.00>
ST_3 : Operation 114 [1/1] (0.00ns)   --->   "call void (...)* @_ssdm_op_SpecInterface(i7* %data_stream_V_data_10_V, [8 x i8]* @ap_fifo_str, i32 0, i32 0, [1 x i8]* @p_str1118, i32 0, i32 0, [1 x i8]* @p_str1119, [1 x i8]* @p_str1120, [1 x i8]* @p_str1121, i32 2, i32 2, i32 16, i32 16, [1 x i8]* @p_str1122, [1 x i8]* @p_str1123)"   --->   Operation 114 'specinterface' <Predicate = true> <Delay = 0.00>
ST_3 : Operation 115 [1/1] (0.00ns)   --->   "call void (...)* @_ssdm_op_SpecInterface(i7* %data_stream_V_data_9_V, [8 x i8]* @ap_fifo_str, i32 0, i32 0, [1 x i8]* @p_str1111, i32 0, i32 0, [1 x i8]* @p_str1112, [1 x i8]* @p_str1113, [1 x i8]* @p_str1114, i32 2, i32 2, i32 16, i32 16, [1 x i8]* @p_str1115, [1 x i8]* @p_str1116)"   --->   Operation 115 'specinterface' <Predicate = true> <Delay = 0.00>
ST_3 : Operation 116 [1/1] (0.00ns)   --->   "call void (...)* @_ssdm_op_SpecInterface(i7* %data_stream_V_data_8_V, [8 x i8]* @ap_fifo_str, i32 0, i32 0, [1 x i8]* @p_str1104, i32 0, i32 0, [1 x i8]* @p_str1105, [1 x i8]* @p_str1106, [1 x i8]* @p_str1107, i32 2, i32 2, i32 16, i32 16, [1 x i8]* @p_str1108, [1 x i8]* @p_str1109)"   --->   Operation 116 'specinterface' <Predicate = true> <Delay = 0.00>
ST_3 : Operation 117 [1/1] (0.00ns)   --->   "call void (...)* @_ssdm_op_SpecInterface(i7* %data_stream_V_data_7_V, [8 x i8]* @ap_fifo_str, i32 0, i32 0, [1 x i8]* @p_str1097, i32 0, i32 0, [1 x i8]* @p_str1098, [1 x i8]* @p_str1099, [1 x i8]* @p_str1100, i32 2, i32 2, i32 16, i32 16, [1 x i8]* @p_str1101, [1 x i8]* @p_str1102)"   --->   Operation 117 'specinterface' <Predicate = true> <Delay = 0.00>
ST_3 : Operation 118 [1/1] (0.00ns)   --->   "call void (...)* @_ssdm_op_SpecInterface(i7* %data_stream_V_data_6_V, [8 x i8]* @ap_fifo_str, i32 0, i32 0, [1 x i8]* @p_str1090, i32 0, i32 0, [1 x i8]* @p_str1091, [1 x i8]* @p_str1092, [1 x i8]* @p_str1093, i32 2, i32 2, i32 16, i32 16, [1 x i8]* @p_str1094, [1 x i8]* @p_str1095)"   --->   Operation 118 'specinterface' <Predicate = true> <Delay = 0.00>
ST_3 : Operation 119 [1/1] (0.00ns)   --->   "call void (...)* @_ssdm_op_SpecInterface(i7* %data_stream_V_data_5_V, [8 x i8]* @ap_fifo_str, i32 0, i32 0, [1 x i8]* @p_str1083, i32 0, i32 0, [1 x i8]* @p_str1084, [1 x i8]* @p_str1085, [1 x i8]* @p_str1086, i32 2, i32 2, i32 16, i32 16, [1 x i8]* @p_str1087, [1 x i8]* @p_str1088)"   --->   Operation 119 'specinterface' <Predicate = true> <Delay = 0.00>
ST_3 : Operation 120 [1/1] (0.00ns)   --->   "call void (...)* @_ssdm_op_SpecInterface(i7* %data_stream_V_data_4_V, [8 x i8]* @ap_fifo_str, i32 0, i32 0, [1 x i8]* @p_str1076, i32 0, i32 0, [1 x i8]* @p_str1077, [1 x i8]* @p_str1078, [1 x i8]* @p_str1079, i32 2, i32 2, i32 16, i32 16, [1 x i8]* @p_str1080, [1 x i8]* @p_str1081)"   --->   Operation 120 'specinterface' <Predicate = true> <Delay = 0.00>
ST_3 : Operation 121 [1/1] (0.00ns)   --->   "call void (...)* @_ssdm_op_SpecInterface(i7* %data_stream_V_data_3_V, [8 x i8]* @ap_fifo_str, i32 0, i32 0, [1 x i8]* @p_str1069, i32 0, i32 0, [1 x i8]* @p_str1070, [1 x i8]* @p_str1071, [1 x i8]* @p_str1072, i32 2, i32 2, i32 16, i32 16, [1 x i8]* @p_str1073, [1 x i8]* @p_str1074)"   --->   Operation 121 'specinterface' <Predicate = true> <Delay = 0.00>
ST_3 : Operation 122 [1/1] (0.00ns)   --->   "call void (...)* @_ssdm_op_SpecInterface(i7* %data_stream_V_data_2_V, [8 x i8]* @ap_fifo_str, i32 0, i32 0, [1 x i8]* @p_str1062, i32 0, i32 0, [1 x i8]* @p_str1063, [1 x i8]* @p_str1064, [1 x i8]* @p_str1065, i32 2, i32 2, i32 16, i32 16, [1 x i8]* @p_str1066, [1 x i8]* @p_str1067)"   --->   Operation 122 'specinterface' <Predicate = true> <Delay = 0.00>
ST_3 : Operation 123 [1/1] (0.00ns)   --->   "call void (...)* @_ssdm_op_SpecInterface(i7* %data_stream_V_data_1_V, [8 x i8]* @ap_fifo_str, i32 0, i32 0, [1 x i8]* @p_str1055, i32 0, i32 0, [1 x i8]* @p_str1056, [1 x i8]* @p_str1057, [1 x i8]* @p_str1058, i32 2, i32 2, i32 16, i32 16, [1 x i8]* @p_str1059, [1 x i8]* @p_str1060)"   --->   Operation 123 'specinterface' <Predicate = true> <Delay = 0.00>
ST_3 : Operation 124 [1/1] (0.00ns)   --->   "call void (...)* @_ssdm_op_SpecInterface(i7* %data_stream_V_data_0_V, [8 x i8]* @ap_fifo_str, i32 0, i32 0, [1 x i8]* @p_str1048, i32 0, i32 0, [1 x i8]* @p_str1049, [1 x i8]* @p_str1050, [1 x i8]* @p_str1051, i32 2, i32 2, i32 16, i32 16, [1 x i8]* @p_str1052, [1 x i8]* @p_str1053)"   --->   Operation 124 'specinterface' <Predicate = true> <Delay = 0.00>
ST_3 : Operation 125 [1/1] (0.00ns)   --->   "call void (...)* @_ssdm_op_SpecLoopName([12 x i8]* @p_str32) nounwind" [firmware/nnet_utils/nnet_dense_stream.h:41]   --->   Operation 125 'specloopname' <Predicate = true> <Delay = 0.00>
ST_3 : Operation 126 [1/1] (0.00ns)   --->   "call void (...)* @_ssdm_op_SpecLoopName([9 x i8]* @p_str34) nounwind" [firmware/nnet_utils/nnet_dense_stream.h:54]   --->   Operation 126 'specloopname' <Predicate = true> <Delay = 0.00>
ST_3 : Operation 127 [1/1] (1.45ns)   --->   "call void @_ssdm_op_Write.ap_fifo.volatile.i16P.i16P.i16P.i16P.i16P.i16P.i16P.i16P.i16P.i16P.i16P.i16P.i16P.i16P.i16P.i16P.i16P.i16P.i16P.i16P.i16P.i16P.i16P.i16P.i16P.i16P.i16P.i16P.i16P.i16P.i16P.i16P(i16* %res_stream_V_data_0_V, i16* %res_stream_V_data_1_V, i16* %res_stream_V_data_2_V, i16* %res_stream_V_data_3_V, i16* %res_stream_V_data_4_V, i16* %res_stream_V_data_5_V, i16* %res_stream_V_data_6_V, i16* %res_stream_V_data_7_V, i16* %res_stream_V_data_8_V, i16* %res_stream_V_data_9_V, i16* %res_stream_V_data_10_V, i16* %res_stream_V_data_11_V, i16* %res_stream_V_data_12_V, i16* %res_stream_V_data_13_V, i16* %res_stream_V_data_14_V, i16* %res_stream_V_data_15_V, i16* %res_stream_V_data_16_V, i16* %res_stream_V_data_17_V, i16* %res_stream_V_data_18_V, i16* %res_stream_V_data_19_V, i16* %res_stream_V_data_20_V, i16* %res_stream_V_data_21_V, i16* %res_stream_V_data_22_V, i16* %res_stream_V_data_23_V, i16* %res_stream_V_data_24_V, i16* %res_stream_V_data_25_V, i16* %res_stream_V_data_26_V, i16* %res_stream_V_data_27_V, i16* %res_stream_V_data_28_V, i16* %res_stream_V_data_29_V, i16* %res_stream_V_data_30_V, i16* %res_stream_V_data_31_V, i16 %tmp_data_0_V, i16 %tmp_data_1_V, i16 %tmp_data_2_V, i16 %tmp_data_3_V, i16 %tmp_data_4_V, i16 0, i16 %tmp_data_6_V, i16 %tmp_data_7_V, i16 %tmp_data_8_V, i16 %tmp_data_9_V, i16 0, i16 %tmp_data_11_V, i16 %tmp_data_12_V, i16 %tmp_data_13_V, i16 %tmp_data_14_V, i16 %tmp_data_15_V, i16 %tmp_data_16_V, i16 %tmp_data_17_V, i16 %tmp_data_18_V, i16 %tmp_data_19_V, i16 %tmp_data_20_V, i16 %tmp_data_21_V, i16 -32, i16 %tmp_data_23_V, i16 %tmp_data_24_V, i16 -32, i16 0, i16 %tmp_data_27_V, i16 %tmp_data_28_V, i16 32, i16 %tmp_data_30_V, i16 %tmp_data_31_V)" [firmware/nnet_utils/nnet_dense_stream.h:64]   --->   Operation 127 'write' <Predicate = true> <Delay = 1.45> <Core = "FIFO">   --->   Core 32 'FIFO' <Latency = 0> <II = 1> <Delay = 1.45> <Storage> <Opcode : 'read' 'write' 'nbread' 'nbwrite'> <Ports = 0> <Width = 16> <Depth = 1> <FIFO>
ST_3 : Operation 128 [1/1] (0.00ns)   --->   "ret void" [firmware/nnet_utils/nnet_dense_stream.h:66]   --->   Operation 128 'ret' <Predicate = true> <Delay = 0.00>


============================================================
+ Verbose Summary: Timing violations
============================================================
Target clock period: 5ns, clock uncertainty: 0.625ns.

 <State 1>: 1.46ns
The critical path consists of the following:
	fifo read on port 'data_stream_V_data_0_V' (firmware/nnet_utils/nnet_dense_stream.h:45) [130]  (1.46 ns)

 <State 2>: 4.33ns
The critical path consists of the following:
	'call' operation ('call_ret', firmware/nnet_utils/nnet_dense_stream.h:52) to 'dense_wrapper<ap_fixed,ap_fixed<16,6,5,3,0>,config11>' [160]  (4.33 ns)

 <State 3>: 1.46ns
The critical path consists of the following:
	fifo write on port 'res_stream_V_data_0_V' (firmware/nnet_utils/nnet_dense_stream.h:64) [188]  (1.46 ns)


============================================================
+ Verbose Summary: Binding
============================================================
N/A
* FSMD analyzer results:
  - Output states:
 - Input state : 
  - Chain level:
	State 1
	State 2
	State 3


============================================================
+ Verbose Summary: Datapath Resource usage 
============================================================
N/A
