

================================================================
== Vivado HLS Report for 'relu_array_array_ap_fixed_8u_relu_config7_s'
================================================================
* Date:           Fri Jun 11 18:33:17 2021

* Version:        2019.2 (Build 2704478 on Wed Nov 06 22:10:23 MST 2019)
* Project:        myproject_prj
* Solution:       solution1
* Product family: virtexuplus
* Target device:  xcu250-figd2104-2L-e


================================================================
== Performance Estimates
================================================================
+ Timing: 
    * Summary: 
    +--------+---------+----------+------------+
    |  Clock |  Target | Estimated| Uncertainty|
    +--------+---------+----------+------------+
    |ap_clk  | 5.00 ns | 4.139 ns |   0.62 ns  |
    +--------+---------+----------+------------+

+ Latency: 
    * Summary: 
    +---------+---------+-----------+-----------+-----+-----+---------+
    |  Latency (cycles) |   Latency (absolute)  |  Interval | Pipeline|
    |   min   |   max   |    min    |    max    | min | max |   Type  |
    +---------+---------+-----------+-----------+-----+-----+---------+
    |       12|       12| 60.000 ns | 60.000 ns |   12|   12|   none  |
    +---------+---------+-----------+-----------+-----+-----+---------+

    + Detail: 
        * Instance: 
        N/A

        * Loop: 
        +---------------+---------+---------+----------+-----------+-----------+------+----------+
        |               |  Latency (cycles) | Iteration|  Initiation Interval  | Trip |          |
        |   Loop Name   |   min   |   max   |  Latency |  achieved |   target  | Count| Pipelined|
        +---------------+---------+---------+----------+-----------+-----------+------+----------+
        |- ReLUActLoop  |       10|       10|         2|          1|          1|    10|    yes   |
        +---------------+---------+---------+----------+-----------+-----------+------+----------+

============================================================
+ Verbose Summary: Synthesis Manager
============================================================
InlineROM: 1
ExposeGlobal: 0
============================================================
+ Verbose Summary: CDFG Model
============================================================
IsTopModel: 0
ResetActiveHigh: 1
IsCombinational: 2
IsDatapathOnly: 0
HasWiredReturn: 1
HasMFsm: 0
HasVarLatency: 1
IsPipeline: 0
IsRtlPipelined: 0
IsInstanceOverlapped: 0
IsDontTouch: 0
HasImplIP: 0
IsGatedGlobalClock: 0

+ Individual pipeline summary: 
  * Pipeline-0: initiation interval (II) = 1, depth = 2


============================================================
+ Verbose Summary: Schedule
============================================================
* Number of FSM states : 4
* Pipeline : 1
  Pipeline-0 : II = 1, D = 2, States = { 2 3 }
* Dataflow Pipeline: 0

* FSM state transitions: 
1 --> 2 
2 --> 4 3 
3 --> 2 
4 --> 

* FSM state operations: 

State 1 <SV = 0> <Delay = 0.60>
ST_1 : Operation 5 [1/1] (0.00ns)   --->   "call void (...)* @_ssdm_op_SpecInterface(i7* %res_V_data_7_V, [8 x i8]* @ap_fifo_str, i32 0, i32 0, [1 x i8]* @p_str817, i32 0, i32 0, [1 x i8]* @p_str818, [1 x i8]* @p_str819, [1 x i8]* @p_str820, i32 2, i32 2, i32 16, i32 16, [1 x i8]* @p_str821, [1 x i8]* @p_str822)"   --->   Operation 5 'specinterface' <Predicate = true> <Delay = 0.00>
ST_1 : Operation 6 [1/1] (0.00ns)   --->   "call void (...)* @_ssdm_op_SpecInterface(i7* %res_V_data_6_V, [8 x i8]* @ap_fifo_str, i32 0, i32 0, [1 x i8]* @p_str810, i32 0, i32 0, [1 x i8]* @p_str811, [1 x i8]* @p_str812, [1 x i8]* @p_str813, i32 2, i32 2, i32 16, i32 16, [1 x i8]* @p_str814, [1 x i8]* @p_str815)"   --->   Operation 6 'specinterface' <Predicate = true> <Delay = 0.00>
ST_1 : Operation 7 [1/1] (0.00ns)   --->   "call void (...)* @_ssdm_op_SpecInterface(i7* %res_V_data_5_V, [8 x i8]* @ap_fifo_str, i32 0, i32 0, [1 x i8]* @p_str803, i32 0, i32 0, [1 x i8]* @p_str804, [1 x i8]* @p_str805, [1 x i8]* @p_str806, i32 2, i32 2, i32 16, i32 16, [1 x i8]* @p_str807, [1 x i8]* @p_str808)"   --->   Operation 7 'specinterface' <Predicate = true> <Delay = 0.00>
ST_1 : Operation 8 [1/1] (0.00ns)   --->   "call void (...)* @_ssdm_op_SpecInterface(i7* %res_V_data_4_V, [8 x i8]* @ap_fifo_str, i32 0, i32 0, [1 x i8]* @p_str796, i32 0, i32 0, [1 x i8]* @p_str797, [1 x i8]* @p_str798, [1 x i8]* @p_str799, i32 2, i32 2, i32 16, i32 16, [1 x i8]* @p_str800, [1 x i8]* @p_str801)"   --->   Operation 8 'specinterface' <Predicate = true> <Delay = 0.00>
ST_1 : Operation 9 [1/1] (0.00ns)   --->   "call void (...)* @_ssdm_op_SpecInterface(i7* %res_V_data_3_V, [8 x i8]* @ap_fifo_str, i32 0, i32 0, [1 x i8]* @p_str789, i32 0, i32 0, [1 x i8]* @p_str790, [1 x i8]* @p_str791, [1 x i8]* @p_str792, i32 2, i32 2, i32 16, i32 16, [1 x i8]* @p_str793, [1 x i8]* @p_str794)"   --->   Operation 9 'specinterface' <Predicate = true> <Delay = 0.00>
ST_1 : Operation 10 [1/1] (0.00ns)   --->   "call void (...)* @_ssdm_op_SpecInterface(i7* %res_V_data_2_V, [8 x i8]* @ap_fifo_str, i32 0, i32 0, [1 x i8]* @p_str782, i32 0, i32 0, [1 x i8]* @p_str783, [1 x i8]* @p_str784, [1 x i8]* @p_str785, i32 2, i32 2, i32 16, i32 16, [1 x i8]* @p_str786, [1 x i8]* @p_str787)"   --->   Operation 10 'specinterface' <Predicate = true> <Delay = 0.00>
ST_1 : Operation 11 [1/1] (0.00ns)   --->   "call void (...)* @_ssdm_op_SpecInterface(i7* %res_V_data_1_V, [8 x i8]* @ap_fifo_str, i32 0, i32 0, [1 x i8]* @p_str775, i32 0, i32 0, [1 x i8]* @p_str776, [1 x i8]* @p_str777, [1 x i8]* @p_str778, i32 2, i32 2, i32 16, i32 16, [1 x i8]* @p_str779, [1 x i8]* @p_str780)"   --->   Operation 11 'specinterface' <Predicate = true> <Delay = 0.00>
ST_1 : Operation 12 [1/1] (0.00ns)   --->   "call void (...)* @_ssdm_op_SpecInterface(i7* %res_V_data_0_V, [8 x i8]* @ap_fifo_str, i32 0, i32 0, [1 x i8]* @p_str768, i32 0, i32 0, [1 x i8]* @p_str769, [1 x i8]* @p_str770, [1 x i8]* @p_str771, i32 2, i32 2, i32 16, i32 16, [1 x i8]* @p_str772, [1 x i8]* @p_str773)"   --->   Operation 12 'specinterface' <Predicate = true> <Delay = 0.00>
ST_1 : Operation 13 [1/1] (0.00ns)   --->   "call void (...)* @_ssdm_op_SpecInterface(i16* %data_V_data_7_V, [8 x i8]* @ap_fifo_str, i32 0, i32 0, [1 x i8]* @p_str761, i32 0, i32 0, [1 x i8]* @p_str762, [1 x i8]* @p_str763, [1 x i8]* @p_str764, i32 2, i32 2, i32 16, i32 16, [1 x i8]* @p_str765, [1 x i8]* @p_str766)"   --->   Operation 13 'specinterface' <Predicate = true> <Delay = 0.00>
ST_1 : Operation 14 [1/1] (0.00ns)   --->   "call void (...)* @_ssdm_op_SpecInterface(i16* %data_V_data_6_V, [8 x i8]* @ap_fifo_str, i32 0, i32 0, [1 x i8]* @p_str754, i32 0, i32 0, [1 x i8]* @p_str755, [1 x i8]* @p_str756, [1 x i8]* @p_str757, i32 2, i32 2, i32 16, i32 16, [1 x i8]* @p_str758, [1 x i8]* @p_str759)"   --->   Operation 14 'specinterface' <Predicate = true> <Delay = 0.00>
ST_1 : Operation 15 [1/1] (0.00ns)   --->   "call void (...)* @_ssdm_op_SpecInterface(i16* %data_V_data_5_V, [8 x i8]* @ap_fifo_str, i32 0, i32 0, [1 x i8]* @p_str747, i32 0, i32 0, [1 x i8]* @p_str748, [1 x i8]* @p_str749, [1 x i8]* @p_str750, i32 2, i32 2, i32 16, i32 16, [1 x i8]* @p_str751, [1 x i8]* @p_str752)"   --->   Operation 15 'specinterface' <Predicate = true> <Delay = 0.00>
ST_1 : Operation 16 [1/1] (0.00ns)   --->   "call void (...)* @_ssdm_op_SpecInterface(i16* %data_V_data_4_V, [8 x i8]* @ap_fifo_str, i32 0, i32 0, [1 x i8]* @p_str740, i32 0, i32 0, [1 x i8]* @p_str741, [1 x i8]* @p_str742, [1 x i8]* @p_str743, i32 2, i32 2, i32 16, i32 16, [1 x i8]* @p_str744, [1 x i8]* @p_str745)"   --->   Operation 16 'specinterface' <Predicate = true> <Delay = 0.00>
ST_1 : Operation 17 [1/1] (0.00ns)   --->   "call void (...)* @_ssdm_op_SpecInterface(i16* %data_V_data_3_V, [8 x i8]* @ap_fifo_str, i32 0, i32 0, [1 x i8]* @p_str733, i32 0, i32 0, [1 x i8]* @p_str734, [1 x i8]* @p_str735, [1 x i8]* @p_str736, i32 2, i32 2, i32 16, i32 16, [1 x i8]* @p_str737, [1 x i8]* @p_str738)"   --->   Operation 17 'specinterface' <Predicate = true> <Delay = 0.00>
ST_1 : Operation 18 [1/1] (0.00ns)   --->   "call void (...)* @_ssdm_op_SpecInterface(i16* %data_V_data_2_V, [8 x i8]* @ap_fifo_str, i32 0, i32 0, [1 x i8]* @p_str726, i32 0, i32 0, [1 x i8]* @p_str727, [1 x i8]* @p_str728, [1 x i8]* @p_str729, i32 2, i32 2, i32 16, i32 16, [1 x i8]* @p_str730, [1 x i8]* @p_str731)"   --->   Operation 18 'specinterface' <Predicate = true> <Delay = 0.00>
ST_1 : Operation 19 [1/1] (0.00ns)   --->   "call void (...)* @_ssdm_op_SpecInterface(i16* %data_V_data_1_V, [8 x i8]* @ap_fifo_str, i32 0, i32 0, [1 x i8]* @p_str719, i32 0, i32 0, [1 x i8]* @p_str720, [1 x i8]* @p_str721, [1 x i8]* @p_str722, i32 2, i32 2, i32 16, i32 16, [1 x i8]* @p_str723, [1 x i8]* @p_str724)"   --->   Operation 19 'specinterface' <Predicate = true> <Delay = 0.00>
ST_1 : Operation 20 [1/1] (0.00ns)   --->   "call void (...)* @_ssdm_op_SpecInterface(i16* %data_V_data_0_V, [8 x i8]* @ap_fifo_str, i32 0, i32 0, [1 x i8]* @p_str712, i32 0, i32 0, [1 x i8]* @p_str713, [1 x i8]* @p_str714, [1 x i8]* @p_str715, i32 2, i32 2, i32 16, i32 16, [1 x i8]* @p_str716, [1 x i8]* @p_str717)"   --->   Operation 20 'specinterface' <Predicate = true> <Delay = 0.00>
ST_1 : Operation 21 [1/1] (0.60ns)   --->   "br label %1" [firmware/nnet_utils/nnet_activation_stream.h:60]   --->   Operation 21 'br' <Predicate = true> <Delay = 0.60>

State 2 <SV = 1> <Delay = 0.65>
ST_2 : Operation 22 [1/1] (0.00ns)   --->   "%i_0 = phi i4 [ 0, %0 ], [ %i, %ReLUActLoop ]"   --->   Operation 22 'phi' 'i_0' <Predicate = true> <Delay = 0.00>
ST_2 : Operation 23 [1/1] (0.65ns)   --->   "%icmp_ln60 = icmp eq i4 %i_0, -6" [firmware/nnet_utils/nnet_activation_stream.h:60]   --->   Operation 23 'icmp' 'icmp_ln60' <Predicate = true> <Delay = 0.65> <Core = "Cmp">   --->   Core 25 'Cmp' <Latency = 0> <II = 1> <Delay = 0.63> <FuncUnit> <Opcode : 'icmp'> <InPorts = 2> <OutPorts = 1>
ST_2 : Operation 24 [1/1] (0.00ns)   --->   "%empty = call i32 (...)* @_ssdm_op_SpecLoopTripCount(i64 10, i64 10, i64 10)"   --->   Operation 24 'speclooptripcount' 'empty' <Predicate = true> <Delay = 0.00>
ST_2 : Operation 25 [1/1] (0.33ns)   --->   "%i = add i4 %i_0, 1" [firmware/nnet_utils/nnet_activation_stream.h:60]   --->   Operation 25 'add' 'i' <Predicate = true> <Delay = 0.33> <Core = "AddSub">   --->   Core 14 'AddSub' <Latency = 0> <II = 1> <Delay = 0.43> <FuncUnit> <Opcode : 'add' 'sub'> <InPorts = 2> <OutPorts = 1>
ST_2 : Operation 26 [1/1] (0.00ns)   --->   "br i1 %icmp_ln60, label %2, label %ReLUActLoop" [firmware/nnet_utils/nnet_activation_stream.h:60]   --->   Operation 26 'br' <Predicate = true> <Delay = 0.00>

State 3 <SV = 2> <Delay = 4.13>
ST_3 : Operation 27 [1/1] (0.00ns)   --->   "call void (...)* @_ssdm_op_SpecLoopName([12 x i8]* @p_str44) nounwind" [firmware/nnet_utils/nnet_activation_stream.h:60]   --->   Operation 27 'specloopname' <Predicate = (!icmp_ln60)> <Delay = 0.00>
ST_3 : Operation 28 [1/1] (0.00ns)   --->   "%tmp = call i32 (...)* @_ssdm_op_SpecRegionBegin([12 x i8]* @p_str44)" [firmware/nnet_utils/nnet_activation_stream.h:60]   --->   Operation 28 'specregionbegin' 'tmp' <Predicate = (!icmp_ln60)> <Delay = 0.00>
ST_3 : Operation 29 [1/1] (0.00ns)   --->   "call void (...)* @_ssdm_op_SpecPipeline(i32 -1, i32 1, i32 1, i32 0, [1 x i8]* @p_str14) nounwind" [firmware/nnet_utils/nnet_activation_stream.h:61]   --->   Operation 29 'specpipeline' <Predicate = (!icmp_ln60)> <Delay = 0.00>
ST_3 : Operation 30 [1/1] (1.45ns)   --->   "%empty_37 = call { i16, i16, i16, i16, i16, i16, i16, i16 } @_ssdm_op_Read.ap_fifo.volatile.i16P.i16P.i16P.i16P.i16P.i16P.i16P.i16P(i16* %data_V_data_0_V, i16* %data_V_data_1_V, i16* %data_V_data_2_V, i16* %data_V_data_3_V, i16* %data_V_data_4_V, i16* %data_V_data_5_V, i16* %data_V_data_6_V, i16* %data_V_data_7_V)" [firmware/nnet_utils/nnet_activation_stream.h:63]   --->   Operation 30 'read' 'empty_37' <Predicate = (!icmp_ln60)> <Delay = 1.45> <Core = "FIFO">   --->   Core 32 'FIFO' <Latency = 0> <II = 1> <Delay = 1.45> <Storage> <Opcode : 'read' 'write' 'nbread' 'nbwrite'> <Ports = 0> <Width = 7> <Depth = 1> <FIFO>
ST_3 : Operation 31 [1/1] (0.00ns)   --->   "%tmp_data_V_0 = extractvalue { i16, i16, i16, i16, i16, i16, i16, i16 } %empty_37, 0" [firmware/nnet_utils/nnet_activation_stream.h:63]   --->   Operation 31 'extractvalue' 'tmp_data_V_0' <Predicate = (!icmp_ln60)> <Delay = 0.00>
ST_3 : Operation 32 [1/1] (0.00ns)   --->   "%tmp_data_V_1 = extractvalue { i16, i16, i16, i16, i16, i16, i16, i16 } %empty_37, 1" [firmware/nnet_utils/nnet_activation_stream.h:63]   --->   Operation 32 'extractvalue' 'tmp_data_V_1' <Predicate = (!icmp_ln60)> <Delay = 0.00>
ST_3 : Operation 33 [1/1] (0.00ns)   --->   "%tmp_data_V_216 = extractvalue { i16, i16, i16, i16, i16, i16, i16, i16 } %empty_37, 2" [firmware/nnet_utils/nnet_activation_stream.h:63]   --->   Operation 33 'extractvalue' 'tmp_data_V_216' <Predicate = (!icmp_ln60)> <Delay = 0.00>
ST_3 : Operation 34 [1/1] (0.00ns)   --->   "%tmp_data_V_3 = extractvalue { i16, i16, i16, i16, i16, i16, i16, i16 } %empty_37, 3" [firmware/nnet_utils/nnet_activation_stream.h:63]   --->   Operation 34 'extractvalue' 'tmp_data_V_3' <Predicate = (!icmp_ln60)> <Delay = 0.00>
ST_3 : Operation 35 [1/1] (0.00ns)   --->   "%tmp_data_V_4 = extractvalue { i16, i16, i16, i16, i16, i16, i16, i16 } %empty_37, 4" [firmware/nnet_utils/nnet_activation_stream.h:63]   --->   Operation 35 'extractvalue' 'tmp_data_V_4' <Predicate = (!icmp_ln60)> <Delay = 0.00>
ST_3 : Operation 36 [1/1] (0.00ns)   --->   "%tmp_data_V_5 = extractvalue { i16, i16, i16, i16, i16, i16, i16, i16 } %empty_37, 5" [firmware/nnet_utils/nnet_activation_stream.h:63]   --->   Operation 36 'extractvalue' 'tmp_data_V_5' <Predicate = (!icmp_ln60)> <Delay = 0.00>
ST_3 : Operation 37 [1/1] (0.00ns)   --->   "%tmp_data_V_6 = extractvalue { i16, i16, i16, i16, i16, i16, i16, i16 } %empty_37, 6" [firmware/nnet_utils/nnet_activation_stream.h:63]   --->   Operation 37 'extractvalue' 'tmp_data_V_6' <Predicate = (!icmp_ln60)> <Delay = 0.00>
ST_3 : Operation 38 [1/1] (0.00ns)   --->   "%tmp_data_V_7 = extractvalue { i16, i16, i16, i16, i16, i16, i16, i16 } %empty_37, 7" [firmware/nnet_utils/nnet_activation_stream.h:63]   --->   Operation 38 'extractvalue' 'tmp_data_V_7' <Predicate = (!icmp_ln60)> <Delay = 0.00>
ST_3 : Operation 39 [1/1] (0.67ns)   --->   "%icmp_ln1494 = icmp sgt i16 %tmp_data_V_0, 0" [firmware/nnet_utils/nnet_activation_stream.h:69]   --->   Operation 39 'icmp' 'icmp_ln1494' <Predicate = (!icmp_ln60)> <Delay = 0.67> <Core = "Cmp">   --->   Core 25 'Cmp' <Latency = 0> <II = 1> <Delay = 0.63> <FuncUnit> <Opcode : 'icmp'> <InPorts = 2> <OutPorts = 1>
ST_3 : Operation 40 [1/1] (0.00ns)   --->   "%trunc_ln = call i7 @_ssdm_op_PartSelect.i7.i16.i32.i32(i16 %tmp_data_V_0, i32 4, i32 10)" [firmware/nnet_utils/nnet_activation_stream.h:69]   --->   Operation 40 'partselect' 'trunc_ln' <Predicate = (!icmp_ln60)> <Delay = 0.00>
ST_3 : Operation 41 [1/1] (0.00ns) (grouped into LUT with out node select_ln340)   --->   "%tmp_1 = call i1 @_ssdm_op_BitSelect.i1.i16.i32(i16 %tmp_data_V_0, i32 10)" [firmware/nnet_utils/nnet_activation_stream.h:69]   --->   Operation 41 'bitselect' 'tmp_1' <Predicate = (!icmp_ln60)> <Delay = 0.00>
ST_3 : Operation 42 [1/1] (0.00ns)   --->   "%tmp_2 = call i1 @_ssdm_op_BitSelect.i1.i16.i32(i16 %tmp_data_V_0, i32 3)" [firmware/nnet_utils/nnet_activation_stream.h:69]   --->   Operation 42 'bitselect' 'tmp_2' <Predicate = (!icmp_ln60)> <Delay = 0.00>
ST_3 : Operation 43 [1/1] (0.00ns)   --->   "%zext_ln415 = zext i1 %tmp_2 to i7" [firmware/nnet_utils/nnet_activation_stream.h:69]   --->   Operation 43 'zext' 'zext_ln415' <Predicate = (!icmp_ln60)> <Delay = 0.00>
ST_3 : Operation 44 [1/1] (0.00ns)   --->   "%trunc_ln415_8 = call i6 @_ssdm_op_PartSelect.i6.i16.i32.i32(i16 %tmp_data_V_0, i32 4, i32 9)" [firmware/nnet_utils/nnet_activation_stream.h:69]   --->   Operation 44 'partselect' 'trunc_ln415_8' <Predicate = (!icmp_ln60)> <Delay = 0.00>
ST_3 : Operation 45 [1/1] (0.00ns)   --->   "%zext_ln415_8 = zext i1 %tmp_2 to i6" [firmware/nnet_utils/nnet_activation_stream.h:69]   --->   Operation 45 'zext' 'zext_ln415_8' <Predicate = (!icmp_ln60)> <Delay = 0.00>
ST_3 : Operation 46 [1/1] (0.40ns)   --->   "%add_ln415 = add i7 %trunc_ln, %zext_ln415" [firmware/nnet_utils/nnet_activation_stream.h:69]   --->   Operation 46 'add' 'add_ln415' <Predicate = (!icmp_ln60)> <Delay = 0.40> <Core = "AddSub">   --->   Core 14 'AddSub' <Latency = 0> <II = 1> <Delay = 0.43> <FuncUnit> <Opcode : 'add' 'sub'> <InPorts = 2> <OutPorts = 1>
ST_3 : Operation 47 [1/1] (0.43ns)   --->   "%add_ln416 = add i6 %trunc_ln415_8, %zext_ln415_8" [firmware/nnet_utils/nnet_activation_stream.h:69]   --->   Operation 47 'add' 'add_ln416' <Predicate = (!icmp_ln60)> <Delay = 0.43> <Core = "AddSub">   --->   Core 14 'AddSub' <Latency = 0> <II = 1> <Delay = 0.43> <FuncUnit> <Opcode : 'add' 'sub'> <InPorts = 2> <OutPorts = 1>
ST_3 : Operation 48 [1/1] (0.00ns) (grouped into LUT with out node select_ln340)   --->   "%tmp_3 = call i1 @_ssdm_op_BitSelect.i1.i7.i32(i7 %add_ln415, i32 6)" [firmware/nnet_utils/nnet_activation_stream.h:69]   --->   Operation 48 'bitselect' 'tmp_3' <Predicate = (!icmp_ln60)> <Delay = 0.00>
ST_3 : Operation 49 [1/1] (0.00ns) (grouped into LUT with out node select_ln340)   --->   "%xor_ln416 = xor i1 %tmp_3, true" [firmware/nnet_utils/nnet_activation_stream.h:69]   --->   Operation 49 'xor' 'xor_ln416' <Predicate = (!icmp_ln60)> <Delay = 0.00> <Core = "LogicGate">   --->   Core 27 'LogicGate' <Latency = 0> <II = 1> <Delay = 0.12> <FuncUnit> <Opcode : 'and' 'or' 'xor'> <InPorts = 2> <OutPorts = 1>
ST_3 : Operation 50 [1/1] (0.00ns) (grouped into LUT with out node select_ln340)   --->   "%and_ln416 = and i1 %tmp_1, %xor_ln416" [firmware/nnet_utils/nnet_activation_stream.h:69]   --->   Operation 50 'and' 'and_ln416' <Predicate = (!icmp_ln60)> <Delay = 0.00> <Core = "LogicGate">   --->   Core 27 'LogicGate' <Latency = 0> <II = 1> <Delay = 0.12> <FuncUnit> <Opcode : 'and' 'or' 'xor'> <InPorts = 2> <OutPorts = 1>
ST_3 : Operation 51 [1/1] (0.00ns) (grouped into LUT with out node select_ln340)   --->   "%tmp_4 = call i1 @_ssdm_op_BitSelect.i1.i7.i32(i7 %add_ln415, i32 6)" [firmware/nnet_utils/nnet_activation_stream.h:69]   --->   Operation 51 'bitselect' 'tmp_4' <Predicate = (!icmp_ln60)> <Delay = 0.00>
ST_3 : Operation 52 [1/1] (0.00ns)   --->   "%p_Result_7 = call i5 @_ssdm_op_PartSelect.i5.i16.i32.i32(i16 %tmp_data_V_0, i32 11, i32 15)" [firmware/nnet_utils/nnet_activation_stream.h:69]   --->   Operation 52 'partselect' 'p_Result_7' <Predicate = (!icmp_ln60)> <Delay = 0.00>
ST_3 : Operation 53 [1/1] (0.63ns)   --->   "%icmp_ln879 = icmp eq i5 %p_Result_7, -1" [firmware/nnet_utils/nnet_activation_stream.h:69]   --->   Operation 53 'icmp' 'icmp_ln879' <Predicate = (!icmp_ln60)> <Delay = 0.63> <Core = "Cmp">   --->   Core 25 'Cmp' <Latency = 0> <II = 1> <Delay = 0.63> <FuncUnit> <Opcode : 'icmp'> <InPorts = 2> <OutPorts = 1>
ST_3 : Operation 54 [1/1] (0.63ns)   --->   "%icmp_ln768 = icmp eq i5 %p_Result_7, 0" [firmware/nnet_utils/nnet_activation_stream.h:69]   --->   Operation 54 'icmp' 'icmp_ln768' <Predicate = (!icmp_ln60)> <Delay = 0.63> <Core = "Cmp">   --->   Core 25 'Cmp' <Latency = 0> <II = 1> <Delay = 0.63> <FuncUnit> <Opcode : 'icmp'> <InPorts = 2> <OutPorts = 1>
ST_3 : Operation 55 [1/1] (0.00ns) (grouped into LUT with out node select_ln340)   --->   "%select_ln777 = select i1 %and_ln416, i1 %icmp_ln879, i1 %icmp_ln768" [firmware/nnet_utils/nnet_activation_stream.h:69]   --->   Operation 55 'select' 'select_ln777' <Predicate = (!icmp_ln60)> <Delay = 0.00> <Core = "Sel">   --->   Core 26 'Sel' <Latency = 0> <II = 1> <Delay = 0.29> <FuncUnit> <Opcode : 'select'> <InPorts = 3> <OutPorts = 1>
ST_3 : Operation 56 [1/1] (0.00ns) (grouped into LUT with out node select_ln340)   --->   "%xor_ln785 = xor i1 %select_ln777, true" [firmware/nnet_utils/nnet_activation_stream.h:69]   --->   Operation 56 'xor' 'xor_ln785' <Predicate = (!icmp_ln60)> <Delay = 0.00> <Core = "LogicGate">   --->   Core 27 'LogicGate' <Latency = 0> <II = 1> <Delay = 0.12> <FuncUnit> <Opcode : 'and' 'or' 'xor'> <InPorts = 2> <OutPorts = 1>
ST_3 : Operation 57 [1/1] (0.00ns) (grouped into LUT with out node select_ln340)   --->   "%or_ln340 = or i1 %tmp_4, %xor_ln785" [firmware/nnet_utils/nnet_activation_stream.h:69]   --->   Operation 57 'or' 'or_ln340' <Predicate = (!icmp_ln60)> <Delay = 0.00> <Core = "LogicGate">   --->   Core 27 'LogicGate' <Latency = 0> <II = 1> <Delay = 0.12> <FuncUnit> <Opcode : 'and' 'or' 'xor'> <InPorts = 2> <OutPorts = 1>
ST_3 : Operation 58 [1/1] (0.29ns) (out node of the LUT)   --->   "%select_ln340 = select i1 %or_ln340, i6 -1, i6 %add_ln416" [firmware/nnet_utils/nnet_activation_stream.h:69]   --->   Operation 58 'select' 'select_ln340' <Predicate = (!icmp_ln60)> <Delay = 0.29> <Core = "Sel">   --->   Core 26 'Sel' <Latency = 0> <II = 1> <Delay = 0.29> <FuncUnit> <Opcode : 'select'> <InPorts = 3> <OutPorts = 1>
ST_3 : Operation 59 [1/1] (0.29ns) (out node of the LUT)   --->   "%tmp_data_0_V = select i1 %icmp_ln1494, i6 %select_ln340, i6 0" [firmware/nnet_utils/nnet_activation_stream.h:69]   --->   Operation 59 'select' 'tmp_data_0_V' <Predicate = (!icmp_ln60)> <Delay = 0.29> <Core = "Sel">   --->   Core 26 'Sel' <Latency = 0> <II = 1> <Delay = 0.29> <FuncUnit> <Opcode : 'select'> <InPorts = 3> <OutPorts = 1>
ST_3 : Operation 60 [1/1] (0.00ns)   --->   "%zext_ln1494 = zext i6 %tmp_data_0_V to i7" [firmware/nnet_utils/nnet_activation_stream.h:69]   --->   Operation 60 'zext' 'zext_ln1494' <Predicate = (!icmp_ln60)> <Delay = 0.00>
ST_3 : Operation 61 [1/1] (0.67ns)   --->   "%icmp_ln1494_1 = icmp sgt i16 %tmp_data_V_1, 0" [firmware/nnet_utils/nnet_activation_stream.h:69]   --->   Operation 61 'icmp' 'icmp_ln1494_1' <Predicate = (!icmp_ln60)> <Delay = 0.67> <Core = "Cmp">   --->   Core 25 'Cmp' <Latency = 0> <II = 1> <Delay = 0.63> <FuncUnit> <Opcode : 'icmp'> <InPorts = 2> <OutPorts = 1>
ST_3 : Operation 62 [1/1] (0.00ns)   --->   "%trunc_ln708_5 = call i7 @_ssdm_op_PartSelect.i7.i16.i32.i32(i16 %tmp_data_V_1, i32 4, i32 10)" [firmware/nnet_utils/nnet_activation_stream.h:69]   --->   Operation 62 'partselect' 'trunc_ln708_5' <Predicate = (!icmp_ln60)> <Delay = 0.00>
ST_3 : Operation 63 [1/1] (0.00ns) (grouped into LUT with out node select_ln340_1)   --->   "%tmp_5 = call i1 @_ssdm_op_BitSelect.i1.i16.i32(i16 %tmp_data_V_1, i32 10)" [firmware/nnet_utils/nnet_activation_stream.h:69]   --->   Operation 63 'bitselect' 'tmp_5' <Predicate = (!icmp_ln60)> <Delay = 0.00>
ST_3 : Operation 64 [1/1] (0.00ns)   --->   "%tmp_6 = call i1 @_ssdm_op_BitSelect.i1.i16.i32(i16 %tmp_data_V_1, i32 3)" [firmware/nnet_utils/nnet_activation_stream.h:69]   --->   Operation 64 'bitselect' 'tmp_6' <Predicate = (!icmp_ln60)> <Delay = 0.00>
ST_3 : Operation 65 [1/1] (0.00ns)   --->   "%zext_ln415_1 = zext i1 %tmp_6 to i7" [firmware/nnet_utils/nnet_activation_stream.h:69]   --->   Operation 65 'zext' 'zext_ln415_1' <Predicate = (!icmp_ln60)> <Delay = 0.00>
ST_3 : Operation 66 [1/1] (0.00ns)   --->   "%trunc_ln415_9 = call i6 @_ssdm_op_PartSelect.i6.i16.i32.i32(i16 %tmp_data_V_1, i32 4, i32 9)" [firmware/nnet_utils/nnet_activation_stream.h:69]   --->   Operation 66 'partselect' 'trunc_ln415_9' <Predicate = (!icmp_ln60)> <Delay = 0.00>
ST_3 : Operation 67 [1/1] (0.00ns)   --->   "%zext_ln415_9 = zext i1 %tmp_6 to i6" [firmware/nnet_utils/nnet_activation_stream.h:69]   --->   Operation 67 'zext' 'zext_ln415_9' <Predicate = (!icmp_ln60)> <Delay = 0.00>
ST_3 : Operation 68 [1/1] (0.40ns)   --->   "%add_ln415_1 = add i7 %trunc_ln708_5, %zext_ln415_1" [firmware/nnet_utils/nnet_activation_stream.h:69]   --->   Operation 68 'add' 'add_ln415_1' <Predicate = (!icmp_ln60)> <Delay = 0.40> <Core = "AddSub">   --->   Core 14 'AddSub' <Latency = 0> <II = 1> <Delay = 0.43> <FuncUnit> <Opcode : 'add' 'sub'> <InPorts = 2> <OutPorts = 1>
ST_3 : Operation 69 [1/1] (0.43ns)   --->   "%add_ln416_1 = add i6 %trunc_ln415_9, %zext_ln415_9" [firmware/nnet_utils/nnet_activation_stream.h:69]   --->   Operation 69 'add' 'add_ln416_1' <Predicate = (!icmp_ln60)> <Delay = 0.43> <Core = "AddSub">   --->   Core 14 'AddSub' <Latency = 0> <II = 1> <Delay = 0.43> <FuncUnit> <Opcode : 'add' 'sub'> <InPorts = 2> <OutPorts = 1>
ST_3 : Operation 70 [1/1] (0.00ns) (grouped into LUT with out node select_ln340_1)   --->   "%tmp_7 = call i1 @_ssdm_op_BitSelect.i1.i7.i32(i7 %add_ln415_1, i32 6)" [firmware/nnet_utils/nnet_activation_stream.h:69]   --->   Operation 70 'bitselect' 'tmp_7' <Predicate = (!icmp_ln60)> <Delay = 0.00>
ST_3 : Operation 71 [1/1] (0.00ns) (grouped into LUT with out node select_ln340_1)   --->   "%xor_ln416_1 = xor i1 %tmp_7, true" [firmware/nnet_utils/nnet_activation_stream.h:69]   --->   Operation 71 'xor' 'xor_ln416_1' <Predicate = (!icmp_ln60)> <Delay = 0.00> <Core = "LogicGate">   --->   Core 27 'LogicGate' <Latency = 0> <II = 1> <Delay = 0.12> <FuncUnit> <Opcode : 'and' 'or' 'xor'> <InPorts = 2> <OutPorts = 1>
ST_3 : Operation 72 [1/1] (0.00ns) (grouped into LUT with out node select_ln340_1)   --->   "%and_ln416_1 = and i1 %tmp_5, %xor_ln416_1" [firmware/nnet_utils/nnet_activation_stream.h:69]   --->   Operation 72 'and' 'and_ln416_1' <Predicate = (!icmp_ln60)> <Delay = 0.00> <Core = "LogicGate">   --->   Core 27 'LogicGate' <Latency = 0> <II = 1> <Delay = 0.12> <FuncUnit> <Opcode : 'and' 'or' 'xor'> <InPorts = 2> <OutPorts = 1>
ST_3 : Operation 73 [1/1] (0.00ns) (grouped into LUT with out node select_ln340_1)   --->   "%tmp_8 = call i1 @_ssdm_op_BitSelect.i1.i7.i32(i7 %add_ln415_1, i32 6)" [firmware/nnet_utils/nnet_activation_stream.h:69]   --->   Operation 73 'bitselect' 'tmp_8' <Predicate = (!icmp_ln60)> <Delay = 0.00>
ST_3 : Operation 74 [1/1] (0.00ns)   --->   "%p_Result_7_1 = call i5 @_ssdm_op_PartSelect.i5.i16.i32.i32(i16 %tmp_data_V_1, i32 11, i32 15)" [firmware/nnet_utils/nnet_activation_stream.h:69]   --->   Operation 74 'partselect' 'p_Result_7_1' <Predicate = (!icmp_ln60)> <Delay = 0.00>
ST_3 : Operation 75 [1/1] (0.63ns)   --->   "%icmp_ln879_1 = icmp eq i5 %p_Result_7_1, -1" [firmware/nnet_utils/nnet_activation_stream.h:69]   --->   Operation 75 'icmp' 'icmp_ln879_1' <Predicate = (!icmp_ln60)> <Delay = 0.63> <Core = "Cmp">   --->   Core 25 'Cmp' <Latency = 0> <II = 1> <Delay = 0.63> <FuncUnit> <Opcode : 'icmp'> <InPorts = 2> <OutPorts = 1>
ST_3 : Operation 76 [1/1] (0.63ns)   --->   "%icmp_ln768_1 = icmp eq i5 %p_Result_7_1, 0" [firmware/nnet_utils/nnet_activation_stream.h:69]   --->   Operation 76 'icmp' 'icmp_ln768_1' <Predicate = (!icmp_ln60)> <Delay = 0.63> <Core = "Cmp">   --->   Core 25 'Cmp' <Latency = 0> <II = 1> <Delay = 0.63> <FuncUnit> <Opcode : 'icmp'> <InPorts = 2> <OutPorts = 1>
ST_3 : Operation 77 [1/1] (0.00ns) (grouped into LUT with out node select_ln340_1)   --->   "%select_ln777_1 = select i1 %and_ln416_1, i1 %icmp_ln879_1, i1 %icmp_ln768_1" [firmware/nnet_utils/nnet_activation_stream.h:69]   --->   Operation 77 'select' 'select_ln777_1' <Predicate = (!icmp_ln60)> <Delay = 0.00> <Core = "Sel">   --->   Core 26 'Sel' <Latency = 0> <II = 1> <Delay = 0.29> <FuncUnit> <Opcode : 'select'> <InPorts = 3> <OutPorts = 1>
ST_3 : Operation 78 [1/1] (0.00ns) (grouped into LUT with out node select_ln340_1)   --->   "%xor_ln785_1 = xor i1 %select_ln777_1, true" [firmware/nnet_utils/nnet_activation_stream.h:69]   --->   Operation 78 'xor' 'xor_ln785_1' <Predicate = (!icmp_ln60)> <Delay = 0.00> <Core = "LogicGate">   --->   Core 27 'LogicGate' <Latency = 0> <II = 1> <Delay = 0.12> <FuncUnit> <Opcode : 'and' 'or' 'xor'> <InPorts = 2> <OutPorts = 1>
ST_3 : Operation 79 [1/1] (0.00ns) (grouped into LUT with out node select_ln340_1)   --->   "%or_ln340_1 = or i1 %tmp_8, %xor_ln785_1" [firmware/nnet_utils/nnet_activation_stream.h:69]   --->   Operation 79 'or' 'or_ln340_1' <Predicate = (!icmp_ln60)> <Delay = 0.00> <Core = "LogicGate">   --->   Core 27 'LogicGate' <Latency = 0> <II = 1> <Delay = 0.12> <FuncUnit> <Opcode : 'and' 'or' 'xor'> <InPorts = 2> <OutPorts = 1>
ST_3 : Operation 80 [1/1] (0.29ns) (out node of the LUT)   --->   "%select_ln340_1 = select i1 %or_ln340_1, i6 -1, i6 %add_ln416_1" [firmware/nnet_utils/nnet_activation_stream.h:69]   --->   Operation 80 'select' 'select_ln340_1' <Predicate = (!icmp_ln60)> <Delay = 0.29> <Core = "Sel">   --->   Core 26 'Sel' <Latency = 0> <II = 1> <Delay = 0.29> <FuncUnit> <Opcode : 'select'> <InPorts = 3> <OutPorts = 1>
ST_3 : Operation 81 [1/1] (0.29ns) (out node of the LUT)   --->   "%tmp_data_1_V = select i1 %icmp_ln1494_1, i6 %select_ln340_1, i6 0" [firmware/nnet_utils/nnet_activation_stream.h:69]   --->   Operation 81 'select' 'tmp_data_1_V' <Predicate = (!icmp_ln60)> <Delay = 0.29> <Core = "Sel">   --->   Core 26 'Sel' <Latency = 0> <II = 1> <Delay = 0.29> <FuncUnit> <Opcode : 'select'> <InPorts = 3> <OutPorts = 1>
ST_3 : Operation 82 [1/1] (0.00ns)   --->   "%zext_ln1494_1 = zext i6 %tmp_data_1_V to i7" [firmware/nnet_utils/nnet_activation_stream.h:69]   --->   Operation 82 'zext' 'zext_ln1494_1' <Predicate = (!icmp_ln60)> <Delay = 0.00>
ST_3 : Operation 83 [1/1] (0.67ns)   --->   "%icmp_ln1494_2 = icmp sgt i16 %tmp_data_V_216, 0" [firmware/nnet_utils/nnet_activation_stream.h:69]   --->   Operation 83 'icmp' 'icmp_ln1494_2' <Predicate = (!icmp_ln60)> <Delay = 0.67> <Core = "Cmp">   --->   Core 25 'Cmp' <Latency = 0> <II = 1> <Delay = 0.63> <FuncUnit> <Opcode : 'icmp'> <InPorts = 2> <OutPorts = 1>
ST_3 : Operation 84 [1/1] (0.00ns)   --->   "%trunc_ln708_6 = call i7 @_ssdm_op_PartSelect.i7.i16.i32.i32(i16 %tmp_data_V_216, i32 4, i32 10)" [firmware/nnet_utils/nnet_activation_stream.h:69]   --->   Operation 84 'partselect' 'trunc_ln708_6' <Predicate = (!icmp_ln60)> <Delay = 0.00>
ST_3 : Operation 85 [1/1] (0.00ns) (grouped into LUT with out node select_ln340_2)   --->   "%tmp_9 = call i1 @_ssdm_op_BitSelect.i1.i16.i32(i16 %tmp_data_V_216, i32 10)" [firmware/nnet_utils/nnet_activation_stream.h:69]   --->   Operation 85 'bitselect' 'tmp_9' <Predicate = (!icmp_ln60)> <Delay = 0.00>
ST_3 : Operation 86 [1/1] (0.00ns)   --->   "%tmp_10 = call i1 @_ssdm_op_BitSelect.i1.i16.i32(i16 %tmp_data_V_216, i32 3)" [firmware/nnet_utils/nnet_activation_stream.h:69]   --->   Operation 86 'bitselect' 'tmp_10' <Predicate = (!icmp_ln60)> <Delay = 0.00>
ST_3 : Operation 87 [1/1] (0.00ns)   --->   "%zext_ln415_2 = zext i1 %tmp_10 to i7" [firmware/nnet_utils/nnet_activation_stream.h:69]   --->   Operation 87 'zext' 'zext_ln415_2' <Predicate = (!icmp_ln60)> <Delay = 0.00>
ST_3 : Operation 88 [1/1] (0.00ns)   --->   "%trunc_ln415_s = call i6 @_ssdm_op_PartSelect.i6.i16.i32.i32(i16 %tmp_data_V_216, i32 4, i32 9)" [firmware/nnet_utils/nnet_activation_stream.h:69]   --->   Operation 88 'partselect' 'trunc_ln415_s' <Predicate = (!icmp_ln60)> <Delay = 0.00>
ST_3 : Operation 89 [1/1] (0.00ns)   --->   "%zext_ln415_10 = zext i1 %tmp_10 to i6" [firmware/nnet_utils/nnet_activation_stream.h:69]   --->   Operation 89 'zext' 'zext_ln415_10' <Predicate = (!icmp_ln60)> <Delay = 0.00>
ST_3 : Operation 90 [1/1] (0.40ns)   --->   "%add_ln415_2 = add i7 %trunc_ln708_6, %zext_ln415_2" [firmware/nnet_utils/nnet_activation_stream.h:69]   --->   Operation 90 'add' 'add_ln415_2' <Predicate = (!icmp_ln60)> <Delay = 0.40> <Core = "AddSub">   --->   Core 14 'AddSub' <Latency = 0> <II = 1> <Delay = 0.43> <FuncUnit> <Opcode : 'add' 'sub'> <InPorts = 2> <OutPorts = 1>
ST_3 : Operation 91 [1/1] (0.43ns)   --->   "%add_ln416_2 = add i6 %trunc_ln415_s, %zext_ln415_10" [firmware/nnet_utils/nnet_activation_stream.h:69]   --->   Operation 91 'add' 'add_ln416_2' <Predicate = (!icmp_ln60)> <Delay = 0.43> <Core = "AddSub">   --->   Core 14 'AddSub' <Latency = 0> <II = 1> <Delay = 0.43> <FuncUnit> <Opcode : 'add' 'sub'> <InPorts = 2> <OutPorts = 1>
ST_3 : Operation 92 [1/1] (0.00ns) (grouped into LUT with out node select_ln340_2)   --->   "%tmp_11 = call i1 @_ssdm_op_BitSelect.i1.i7.i32(i7 %add_ln415_2, i32 6)" [firmware/nnet_utils/nnet_activation_stream.h:69]   --->   Operation 92 'bitselect' 'tmp_11' <Predicate = (!icmp_ln60)> <Delay = 0.00>
ST_3 : Operation 93 [1/1] (0.00ns) (grouped into LUT with out node select_ln340_2)   --->   "%xor_ln416_2 = xor i1 %tmp_11, true" [firmware/nnet_utils/nnet_activation_stream.h:69]   --->   Operation 93 'xor' 'xor_ln416_2' <Predicate = (!icmp_ln60)> <Delay = 0.00> <Core = "LogicGate">   --->   Core 27 'LogicGate' <Latency = 0> <II = 1> <Delay = 0.12> <FuncUnit> <Opcode : 'and' 'or' 'xor'> <InPorts = 2> <OutPorts = 1>
ST_3 : Operation 94 [1/1] (0.00ns) (grouped into LUT with out node select_ln340_2)   --->   "%and_ln416_2 = and i1 %tmp_9, %xor_ln416_2" [firmware/nnet_utils/nnet_activation_stream.h:69]   --->   Operation 94 'and' 'and_ln416_2' <Predicate = (!icmp_ln60)> <Delay = 0.00> <Core = "LogicGate">   --->   Core 27 'LogicGate' <Latency = 0> <II = 1> <Delay = 0.12> <FuncUnit> <Opcode : 'and' 'or' 'xor'> <InPorts = 2> <OutPorts = 1>
ST_3 : Operation 95 [1/1] (0.00ns) (grouped into LUT with out node select_ln340_2)   --->   "%tmp_12 = call i1 @_ssdm_op_BitSelect.i1.i7.i32(i7 %add_ln415_2, i32 6)" [firmware/nnet_utils/nnet_activation_stream.h:69]   --->   Operation 95 'bitselect' 'tmp_12' <Predicate = (!icmp_ln60)> <Delay = 0.00>
ST_3 : Operation 96 [1/1] (0.00ns)   --->   "%p_Result_7_2 = call i5 @_ssdm_op_PartSelect.i5.i16.i32.i32(i16 %tmp_data_V_216, i32 11, i32 15)" [firmware/nnet_utils/nnet_activation_stream.h:69]   --->   Operation 96 'partselect' 'p_Result_7_2' <Predicate = (!icmp_ln60)> <Delay = 0.00>
ST_3 : Operation 97 [1/1] (0.63ns)   --->   "%icmp_ln879_2 = icmp eq i5 %p_Result_7_2, -1" [firmware/nnet_utils/nnet_activation_stream.h:69]   --->   Operation 97 'icmp' 'icmp_ln879_2' <Predicate = (!icmp_ln60)> <Delay = 0.63> <Core = "Cmp">   --->   Core 25 'Cmp' <Latency = 0> <II = 1> <Delay = 0.63> <FuncUnit> <Opcode : 'icmp'> <InPorts = 2> <OutPorts = 1>
ST_3 : Operation 98 [1/1] (0.63ns)   --->   "%icmp_ln768_2 = icmp eq i5 %p_Result_7_2, 0" [firmware/nnet_utils/nnet_activation_stream.h:69]   --->   Operation 98 'icmp' 'icmp_ln768_2' <Predicate = (!icmp_ln60)> <Delay = 0.63> <Core = "Cmp">   --->   Core 25 'Cmp' <Latency = 0> <II = 1> <Delay = 0.63> <FuncUnit> <Opcode : 'icmp'> <InPorts = 2> <OutPorts = 1>
ST_3 : Operation 99 [1/1] (0.00ns) (grouped into LUT with out node select_ln340_2)   --->   "%select_ln777_2 = select i1 %and_ln416_2, i1 %icmp_ln879_2, i1 %icmp_ln768_2" [firmware/nnet_utils/nnet_activation_stream.h:69]   --->   Operation 99 'select' 'select_ln777_2' <Predicate = (!icmp_ln60)> <Delay = 0.00> <Core = "Sel">   --->   Core 26 'Sel' <Latency = 0> <II = 1> <Delay = 0.29> <FuncUnit> <Opcode : 'select'> <InPorts = 3> <OutPorts = 1>
ST_3 : Operation 100 [1/1] (0.00ns) (grouped into LUT with out node select_ln340_2)   --->   "%xor_ln785_2 = xor i1 %select_ln777_2, true" [firmware/nnet_utils/nnet_activation_stream.h:69]   --->   Operation 100 'xor' 'xor_ln785_2' <Predicate = (!icmp_ln60)> <Delay = 0.00> <Core = "LogicGate">   --->   Core 27 'LogicGate' <Latency = 0> <II = 1> <Delay = 0.12> <FuncUnit> <Opcode : 'and' 'or' 'xor'> <InPorts = 2> <OutPorts = 1>
ST_3 : Operation 101 [1/1] (0.00ns) (grouped into LUT with out node select_ln340_2)   --->   "%or_ln340_2 = or i1 %tmp_12, %xor_ln785_2" [firmware/nnet_utils/nnet_activation_stream.h:69]   --->   Operation 101 'or' 'or_ln340_2' <Predicate = (!icmp_ln60)> <Delay = 0.00> <Core = "LogicGate">   --->   Core 27 'LogicGate' <Latency = 0> <II = 1> <Delay = 0.12> <FuncUnit> <Opcode : 'and' 'or' 'xor'> <InPorts = 2> <OutPorts = 1>
ST_3 : Operation 102 [1/1] (0.29ns) (out node of the LUT)   --->   "%select_ln340_2 = select i1 %or_ln340_2, i6 -1, i6 %add_ln416_2" [firmware/nnet_utils/nnet_activation_stream.h:69]   --->   Operation 102 'select' 'select_ln340_2' <Predicate = (!icmp_ln60)> <Delay = 0.29> <Core = "Sel">   --->   Core 26 'Sel' <Latency = 0> <II = 1> <Delay = 0.29> <FuncUnit> <Opcode : 'select'> <InPorts = 3> <OutPorts = 1>
ST_3 : Operation 103 [1/1] (0.29ns) (out node of the LUT)   --->   "%tmp_data_2_V = select i1 %icmp_ln1494_2, i6 %select_ln340_2, i6 0" [firmware/nnet_utils/nnet_activation_stream.h:69]   --->   Operation 103 'select' 'tmp_data_2_V' <Predicate = (!icmp_ln60)> <Delay = 0.29> <Core = "Sel">   --->   Core 26 'Sel' <Latency = 0> <II = 1> <Delay = 0.29> <FuncUnit> <Opcode : 'select'> <InPorts = 3> <OutPorts = 1>
ST_3 : Operation 104 [1/1] (0.00ns)   --->   "%zext_ln1494_2 = zext i6 %tmp_data_2_V to i7" [firmware/nnet_utils/nnet_activation_stream.h:69]   --->   Operation 104 'zext' 'zext_ln1494_2' <Predicate = (!icmp_ln60)> <Delay = 0.00>
ST_3 : Operation 105 [1/1] (0.67ns)   --->   "%icmp_ln1494_3 = icmp sgt i16 %tmp_data_V_3, 0" [firmware/nnet_utils/nnet_activation_stream.h:69]   --->   Operation 105 'icmp' 'icmp_ln1494_3' <Predicate = (!icmp_ln60)> <Delay = 0.67> <Core = "Cmp">   --->   Core 25 'Cmp' <Latency = 0> <II = 1> <Delay = 0.63> <FuncUnit> <Opcode : 'icmp'> <InPorts = 2> <OutPorts = 1>
ST_3 : Operation 106 [1/1] (0.00ns)   --->   "%trunc_ln708_7 = call i7 @_ssdm_op_PartSelect.i7.i16.i32.i32(i16 %tmp_data_V_3, i32 4, i32 10)" [firmware/nnet_utils/nnet_activation_stream.h:69]   --->   Operation 106 'partselect' 'trunc_ln708_7' <Predicate = (!icmp_ln60)> <Delay = 0.00>
ST_3 : Operation 107 [1/1] (0.00ns) (grouped into LUT with out node select_ln340_3)   --->   "%tmp_13 = call i1 @_ssdm_op_BitSelect.i1.i16.i32(i16 %tmp_data_V_3, i32 10)" [firmware/nnet_utils/nnet_activation_stream.h:69]   --->   Operation 107 'bitselect' 'tmp_13' <Predicate = (!icmp_ln60)> <Delay = 0.00>
ST_3 : Operation 108 [1/1] (0.00ns)   --->   "%tmp_14 = call i1 @_ssdm_op_BitSelect.i1.i16.i32(i16 %tmp_data_V_3, i32 3)" [firmware/nnet_utils/nnet_activation_stream.h:69]   --->   Operation 108 'bitselect' 'tmp_14' <Predicate = (!icmp_ln60)> <Delay = 0.00>
ST_3 : Operation 109 [1/1] (0.00ns)   --->   "%zext_ln415_3 = zext i1 %tmp_14 to i7" [firmware/nnet_utils/nnet_activation_stream.h:69]   --->   Operation 109 'zext' 'zext_ln415_3' <Predicate = (!icmp_ln60)> <Delay = 0.00>
ST_3 : Operation 110 [1/1] (0.00ns)   --->   "%trunc_ln415_1 = call i6 @_ssdm_op_PartSelect.i6.i16.i32.i32(i16 %tmp_data_V_3, i32 4, i32 9)" [firmware/nnet_utils/nnet_activation_stream.h:69]   --->   Operation 110 'partselect' 'trunc_ln415_1' <Predicate = (!icmp_ln60)> <Delay = 0.00>
ST_3 : Operation 111 [1/1] (0.00ns)   --->   "%zext_ln415_11 = zext i1 %tmp_14 to i6" [firmware/nnet_utils/nnet_activation_stream.h:69]   --->   Operation 111 'zext' 'zext_ln415_11' <Predicate = (!icmp_ln60)> <Delay = 0.00>
ST_3 : Operation 112 [1/1] (0.40ns)   --->   "%add_ln415_3 = add i7 %trunc_ln708_7, %zext_ln415_3" [firmware/nnet_utils/nnet_activation_stream.h:69]   --->   Operation 112 'add' 'add_ln415_3' <Predicate = (!icmp_ln60)> <Delay = 0.40> <Core = "AddSub">   --->   Core 14 'AddSub' <Latency = 0> <II = 1> <Delay = 0.43> <FuncUnit> <Opcode : 'add' 'sub'> <InPorts = 2> <OutPorts = 1>
ST_3 : Operation 113 [1/1] (0.43ns)   --->   "%add_ln416_3 = add i6 %trunc_ln415_1, %zext_ln415_11" [firmware/nnet_utils/nnet_activation_stream.h:69]   --->   Operation 113 'add' 'add_ln416_3' <Predicate = (!icmp_ln60)> <Delay = 0.43> <Core = "AddSub">   --->   Core 14 'AddSub' <Latency = 0> <II = 1> <Delay = 0.43> <FuncUnit> <Opcode : 'add' 'sub'> <InPorts = 2> <OutPorts = 1>
ST_3 : Operation 114 [1/1] (0.00ns) (grouped into LUT with out node select_ln340_3)   --->   "%tmp_15 = call i1 @_ssdm_op_BitSelect.i1.i7.i32(i7 %add_ln415_3, i32 6)" [firmware/nnet_utils/nnet_activation_stream.h:69]   --->   Operation 114 'bitselect' 'tmp_15' <Predicate = (!icmp_ln60)> <Delay = 0.00>
ST_3 : Operation 115 [1/1] (0.00ns) (grouped into LUT with out node select_ln340_3)   --->   "%xor_ln416_3 = xor i1 %tmp_15, true" [firmware/nnet_utils/nnet_activation_stream.h:69]   --->   Operation 115 'xor' 'xor_ln416_3' <Predicate = (!icmp_ln60)> <Delay = 0.00> <Core = "LogicGate">   --->   Core 27 'LogicGate' <Latency = 0> <II = 1> <Delay = 0.12> <FuncUnit> <Opcode : 'and' 'or' 'xor'> <InPorts = 2> <OutPorts = 1>
ST_3 : Operation 116 [1/1] (0.00ns) (grouped into LUT with out node select_ln340_3)   --->   "%and_ln416_3 = and i1 %tmp_13, %xor_ln416_3" [firmware/nnet_utils/nnet_activation_stream.h:69]   --->   Operation 116 'and' 'and_ln416_3' <Predicate = (!icmp_ln60)> <Delay = 0.00> <Core = "LogicGate">   --->   Core 27 'LogicGate' <Latency = 0> <II = 1> <Delay = 0.12> <FuncUnit> <Opcode : 'and' 'or' 'xor'> <InPorts = 2> <OutPorts = 1>
ST_3 : Operation 117 [1/1] (0.00ns) (grouped into LUT with out node select_ln340_3)   --->   "%tmp_16 = call i1 @_ssdm_op_BitSelect.i1.i7.i32(i7 %add_ln415_3, i32 6)" [firmware/nnet_utils/nnet_activation_stream.h:69]   --->   Operation 117 'bitselect' 'tmp_16' <Predicate = (!icmp_ln60)> <Delay = 0.00>
ST_3 : Operation 118 [1/1] (0.00ns)   --->   "%p_Result_7_3 = call i5 @_ssdm_op_PartSelect.i5.i16.i32.i32(i16 %tmp_data_V_3, i32 11, i32 15)" [firmware/nnet_utils/nnet_activation_stream.h:69]   --->   Operation 118 'partselect' 'p_Result_7_3' <Predicate = (!icmp_ln60)> <Delay = 0.00>
ST_3 : Operation 119 [1/1] (0.63ns)   --->   "%icmp_ln879_3 = icmp eq i5 %p_Result_7_3, -1" [firmware/nnet_utils/nnet_activation_stream.h:69]   --->   Operation 119 'icmp' 'icmp_ln879_3' <Predicate = (!icmp_ln60)> <Delay = 0.63> <Core = "Cmp">   --->   Core 25 'Cmp' <Latency = 0> <II = 1> <Delay = 0.63> <FuncUnit> <Opcode : 'icmp'> <InPorts = 2> <OutPorts = 1>
ST_3 : Operation 120 [1/1] (0.63ns)   --->   "%icmp_ln768_3 = icmp eq i5 %p_Result_7_3, 0" [firmware/nnet_utils/nnet_activation_stream.h:69]   --->   Operation 120 'icmp' 'icmp_ln768_3' <Predicate = (!icmp_ln60)> <Delay = 0.63> <Core = "Cmp">   --->   Core 25 'Cmp' <Latency = 0> <II = 1> <Delay = 0.63> <FuncUnit> <Opcode : 'icmp'> <InPorts = 2> <OutPorts = 1>
ST_3 : Operation 121 [1/1] (0.00ns) (grouped into LUT with out node select_ln340_3)   --->   "%select_ln777_3 = select i1 %and_ln416_3, i1 %icmp_ln879_3, i1 %icmp_ln768_3" [firmware/nnet_utils/nnet_activation_stream.h:69]   --->   Operation 121 'select' 'select_ln777_3' <Predicate = (!icmp_ln60)> <Delay = 0.00> <Core = "Sel">   --->   Core 26 'Sel' <Latency = 0> <II = 1> <Delay = 0.29> <FuncUnit> <Opcode : 'select'> <InPorts = 3> <OutPorts = 1>
ST_3 : Operation 122 [1/1] (0.00ns) (grouped into LUT with out node select_ln340_3)   --->   "%xor_ln785_3 = xor i1 %select_ln777_3, true" [firmware/nnet_utils/nnet_activation_stream.h:69]   --->   Operation 122 'xor' 'xor_ln785_3' <Predicate = (!icmp_ln60)> <Delay = 0.00> <Core = "LogicGate">   --->   Core 27 'LogicGate' <Latency = 0> <II = 1> <Delay = 0.12> <FuncUnit> <Opcode : 'and' 'or' 'xor'> <InPorts = 2> <OutPorts = 1>
ST_3 : Operation 123 [1/1] (0.00ns) (grouped into LUT with out node select_ln340_3)   --->   "%or_ln340_3 = or i1 %tmp_16, %xor_ln785_3" [firmware/nnet_utils/nnet_activation_stream.h:69]   --->   Operation 123 'or' 'or_ln340_3' <Predicate = (!icmp_ln60)> <Delay = 0.00> <Core = "LogicGate">   --->   Core 27 'LogicGate' <Latency = 0> <II = 1> <Delay = 0.12> <FuncUnit> <Opcode : 'and' 'or' 'xor'> <InPorts = 2> <OutPorts = 1>
ST_3 : Operation 124 [1/1] (0.29ns) (out node of the LUT)   --->   "%select_ln340_3 = select i1 %or_ln340_3, i6 -1, i6 %add_ln416_3" [firmware/nnet_utils/nnet_activation_stream.h:69]   --->   Operation 124 'select' 'select_ln340_3' <Predicate = (!icmp_ln60)> <Delay = 0.29> <Core = "Sel">   --->   Core 26 'Sel' <Latency = 0> <II = 1> <Delay = 0.29> <FuncUnit> <Opcode : 'select'> <InPorts = 3> <OutPorts = 1>
ST_3 : Operation 125 [1/1] (0.29ns) (out node of the LUT)   --->   "%tmp_data_3_V = select i1 %icmp_ln1494_3, i6 %select_ln340_3, i6 0" [firmware/nnet_utils/nnet_activation_stream.h:69]   --->   Operation 125 'select' 'tmp_data_3_V' <Predicate = (!icmp_ln60)> <Delay = 0.29> <Core = "Sel">   --->   Core 26 'Sel' <Latency = 0> <II = 1> <Delay = 0.29> <FuncUnit> <Opcode : 'select'> <InPorts = 3> <OutPorts = 1>
ST_3 : Operation 126 [1/1] (0.00ns)   --->   "%zext_ln1494_3 = zext i6 %tmp_data_3_V to i7" [firmware/nnet_utils/nnet_activation_stream.h:69]   --->   Operation 126 'zext' 'zext_ln1494_3' <Predicate = (!icmp_ln60)> <Delay = 0.00>
ST_3 : Operation 127 [1/1] (0.67ns)   --->   "%icmp_ln1494_4 = icmp sgt i16 %tmp_data_V_4, 0" [firmware/nnet_utils/nnet_activation_stream.h:69]   --->   Operation 127 'icmp' 'icmp_ln1494_4' <Predicate = (!icmp_ln60)> <Delay = 0.67> <Core = "Cmp">   --->   Core 25 'Cmp' <Latency = 0> <II = 1> <Delay = 0.63> <FuncUnit> <Opcode : 'icmp'> <InPorts = 2> <OutPorts = 1>
ST_3 : Operation 128 [1/1] (0.00ns)   --->   "%trunc_ln708_8 = call i7 @_ssdm_op_PartSelect.i7.i16.i32.i32(i16 %tmp_data_V_4, i32 4, i32 10)" [firmware/nnet_utils/nnet_activation_stream.h:69]   --->   Operation 128 'partselect' 'trunc_ln708_8' <Predicate = (!icmp_ln60)> <Delay = 0.00>
ST_3 : Operation 129 [1/1] (0.00ns) (grouped into LUT with out node select_ln340_4)   --->   "%tmp_17 = call i1 @_ssdm_op_BitSelect.i1.i16.i32(i16 %tmp_data_V_4, i32 10)" [firmware/nnet_utils/nnet_activation_stream.h:69]   --->   Operation 129 'bitselect' 'tmp_17' <Predicate = (!icmp_ln60)> <Delay = 0.00>
ST_3 : Operation 130 [1/1] (0.00ns)   --->   "%tmp_18 = call i1 @_ssdm_op_BitSelect.i1.i16.i32(i16 %tmp_data_V_4, i32 3)" [firmware/nnet_utils/nnet_activation_stream.h:69]   --->   Operation 130 'bitselect' 'tmp_18' <Predicate = (!icmp_ln60)> <Delay = 0.00>
ST_3 : Operation 131 [1/1] (0.00ns)   --->   "%zext_ln415_4 = zext i1 %tmp_18 to i7" [firmware/nnet_utils/nnet_activation_stream.h:69]   --->   Operation 131 'zext' 'zext_ln415_4' <Predicate = (!icmp_ln60)> <Delay = 0.00>
ST_3 : Operation 132 [1/1] (0.00ns)   --->   "%trunc_ln415_2 = call i6 @_ssdm_op_PartSelect.i6.i16.i32.i32(i16 %tmp_data_V_4, i32 4, i32 9)" [firmware/nnet_utils/nnet_activation_stream.h:69]   --->   Operation 132 'partselect' 'trunc_ln415_2' <Predicate = (!icmp_ln60)> <Delay = 0.00>
ST_3 : Operation 133 [1/1] (0.00ns)   --->   "%zext_ln415_12 = zext i1 %tmp_18 to i6" [firmware/nnet_utils/nnet_activation_stream.h:69]   --->   Operation 133 'zext' 'zext_ln415_12' <Predicate = (!icmp_ln60)> <Delay = 0.00>
ST_3 : Operation 134 [1/1] (0.40ns)   --->   "%add_ln415_4 = add i7 %trunc_ln708_8, %zext_ln415_4" [firmware/nnet_utils/nnet_activation_stream.h:69]   --->   Operation 134 'add' 'add_ln415_4' <Predicate = (!icmp_ln60)> <Delay = 0.40> <Core = "AddSub">   --->   Core 14 'AddSub' <Latency = 0> <II = 1> <Delay = 0.43> <FuncUnit> <Opcode : 'add' 'sub'> <InPorts = 2> <OutPorts = 1>
ST_3 : Operation 135 [1/1] (0.43ns)   --->   "%add_ln416_4 = add i6 %trunc_ln415_2, %zext_ln415_12" [firmware/nnet_utils/nnet_activation_stream.h:69]   --->   Operation 135 'add' 'add_ln416_4' <Predicate = (!icmp_ln60)> <Delay = 0.43> <Core = "AddSub">   --->   Core 14 'AddSub' <Latency = 0> <II = 1> <Delay = 0.43> <FuncUnit> <Opcode : 'add' 'sub'> <InPorts = 2> <OutPorts = 1>
ST_3 : Operation 136 [1/1] (0.00ns) (grouped into LUT with out node select_ln340_4)   --->   "%tmp_19 = call i1 @_ssdm_op_BitSelect.i1.i7.i32(i7 %add_ln415_4, i32 6)" [firmware/nnet_utils/nnet_activation_stream.h:69]   --->   Operation 136 'bitselect' 'tmp_19' <Predicate = (!icmp_ln60)> <Delay = 0.00>
ST_3 : Operation 137 [1/1] (0.00ns) (grouped into LUT with out node select_ln340_4)   --->   "%xor_ln416_4 = xor i1 %tmp_19, true" [firmware/nnet_utils/nnet_activation_stream.h:69]   --->   Operation 137 'xor' 'xor_ln416_4' <Predicate = (!icmp_ln60)> <Delay = 0.00> <Core = "LogicGate">   --->   Core 27 'LogicGate' <Latency = 0> <II = 1> <Delay = 0.12> <FuncUnit> <Opcode : 'and' 'or' 'xor'> <InPorts = 2> <OutPorts = 1>
ST_3 : Operation 138 [1/1] (0.00ns) (grouped into LUT with out node select_ln340_4)   --->   "%and_ln416_4 = and i1 %tmp_17, %xor_ln416_4" [firmware/nnet_utils/nnet_activation_stream.h:69]   --->   Operation 138 'and' 'and_ln416_4' <Predicate = (!icmp_ln60)> <Delay = 0.00> <Core = "LogicGate">   --->   Core 27 'LogicGate' <Latency = 0> <II = 1> <Delay = 0.12> <FuncUnit> <Opcode : 'and' 'or' 'xor'> <InPorts = 2> <OutPorts = 1>
ST_3 : Operation 139 [1/1] (0.00ns) (grouped into LUT with out node select_ln340_4)   --->   "%tmp_20 = call i1 @_ssdm_op_BitSelect.i1.i7.i32(i7 %add_ln415_4, i32 6)" [firmware/nnet_utils/nnet_activation_stream.h:69]   --->   Operation 139 'bitselect' 'tmp_20' <Predicate = (!icmp_ln60)> <Delay = 0.00>
ST_3 : Operation 140 [1/1] (0.00ns)   --->   "%p_Result_7_4 = call i5 @_ssdm_op_PartSelect.i5.i16.i32.i32(i16 %tmp_data_V_4, i32 11, i32 15)" [firmware/nnet_utils/nnet_activation_stream.h:69]   --->   Operation 140 'partselect' 'p_Result_7_4' <Predicate = (!icmp_ln60)> <Delay = 0.00>
ST_3 : Operation 141 [1/1] (0.63ns)   --->   "%icmp_ln879_4 = icmp eq i5 %p_Result_7_4, -1" [firmware/nnet_utils/nnet_activation_stream.h:69]   --->   Operation 141 'icmp' 'icmp_ln879_4' <Predicate = (!icmp_ln60)> <Delay = 0.63> <Core = "Cmp">   --->   Core 25 'Cmp' <Latency = 0> <II = 1> <Delay = 0.63> <FuncUnit> <Opcode : 'icmp'> <InPorts = 2> <OutPorts = 1>
ST_3 : Operation 142 [1/1] (0.63ns)   --->   "%icmp_ln768_4 = icmp eq i5 %p_Result_7_4, 0" [firmware/nnet_utils/nnet_activation_stream.h:69]   --->   Operation 142 'icmp' 'icmp_ln768_4' <Predicate = (!icmp_ln60)> <Delay = 0.63> <Core = "Cmp">   --->   Core 25 'Cmp' <Latency = 0> <II = 1> <Delay = 0.63> <FuncUnit> <Opcode : 'icmp'> <InPorts = 2> <OutPorts = 1>
ST_3 : Operation 143 [1/1] (0.00ns) (grouped into LUT with out node select_ln340_4)   --->   "%select_ln777_4 = select i1 %and_ln416_4, i1 %icmp_ln879_4, i1 %icmp_ln768_4" [firmware/nnet_utils/nnet_activation_stream.h:69]   --->   Operation 143 'select' 'select_ln777_4' <Predicate = (!icmp_ln60)> <Delay = 0.00> <Core = "Sel">   --->   Core 26 'Sel' <Latency = 0> <II = 1> <Delay = 0.29> <FuncUnit> <Opcode : 'select'> <InPorts = 3> <OutPorts = 1>
ST_3 : Operation 144 [1/1] (0.00ns) (grouped into LUT with out node select_ln340_4)   --->   "%xor_ln785_4 = xor i1 %select_ln777_4, true" [firmware/nnet_utils/nnet_activation_stream.h:69]   --->   Operation 144 'xor' 'xor_ln785_4' <Predicate = (!icmp_ln60)> <Delay = 0.00> <Core = "LogicGate">   --->   Core 27 'LogicGate' <Latency = 0> <II = 1> <Delay = 0.12> <FuncUnit> <Opcode : 'and' 'or' 'xor'> <InPorts = 2> <OutPorts = 1>
ST_3 : Operation 145 [1/1] (0.00ns) (grouped into LUT with out node select_ln340_4)   --->   "%or_ln340_4 = or i1 %tmp_20, %xor_ln785_4" [firmware/nnet_utils/nnet_activation_stream.h:69]   --->   Operation 145 'or' 'or_ln340_4' <Predicate = (!icmp_ln60)> <Delay = 0.00> <Core = "LogicGate">   --->   Core 27 'LogicGate' <Latency = 0> <II = 1> <Delay = 0.12> <FuncUnit> <Opcode : 'and' 'or' 'xor'> <InPorts = 2> <OutPorts = 1>
ST_3 : Operation 146 [1/1] (0.29ns) (out node of the LUT)   --->   "%select_ln340_4 = select i1 %or_ln340_4, i6 -1, i6 %add_ln416_4" [firmware/nnet_utils/nnet_activation_stream.h:69]   --->   Operation 146 'select' 'select_ln340_4' <Predicate = (!icmp_ln60)> <Delay = 0.29> <Core = "Sel">   --->   Core 26 'Sel' <Latency = 0> <II = 1> <Delay = 0.29> <FuncUnit> <Opcode : 'select'> <InPorts = 3> <OutPorts = 1>
ST_3 : Operation 147 [1/1] (0.29ns) (out node of the LUT)   --->   "%tmp_data_4_V = select i1 %icmp_ln1494_4, i6 %select_ln340_4, i6 0" [firmware/nnet_utils/nnet_activation_stream.h:69]   --->   Operation 147 'select' 'tmp_data_4_V' <Predicate = (!icmp_ln60)> <Delay = 0.29> <Core = "Sel">   --->   Core 26 'Sel' <Latency = 0> <II = 1> <Delay = 0.29> <FuncUnit> <Opcode : 'select'> <InPorts = 3> <OutPorts = 1>
ST_3 : Operation 148 [1/1] (0.00ns)   --->   "%zext_ln1494_4 = zext i6 %tmp_data_4_V to i7" [firmware/nnet_utils/nnet_activation_stream.h:69]   --->   Operation 148 'zext' 'zext_ln1494_4' <Predicate = (!icmp_ln60)> <Delay = 0.00>
ST_3 : Operation 149 [1/1] (0.67ns)   --->   "%icmp_ln1494_5 = icmp sgt i16 %tmp_data_V_5, 0" [firmware/nnet_utils/nnet_activation_stream.h:69]   --->   Operation 149 'icmp' 'icmp_ln1494_5' <Predicate = (!icmp_ln60)> <Delay = 0.67> <Core = "Cmp">   --->   Core 25 'Cmp' <Latency = 0> <II = 1> <Delay = 0.63> <FuncUnit> <Opcode : 'icmp'> <InPorts = 2> <OutPorts = 1>
ST_3 : Operation 150 [1/1] (0.00ns)   --->   "%trunc_ln708_9 = call i7 @_ssdm_op_PartSelect.i7.i16.i32.i32(i16 %tmp_data_V_5, i32 4, i32 10)" [firmware/nnet_utils/nnet_activation_stream.h:69]   --->   Operation 150 'partselect' 'trunc_ln708_9' <Predicate = (!icmp_ln60)> <Delay = 0.00>
ST_3 : Operation 151 [1/1] (0.00ns) (grouped into LUT with out node select_ln340_5)   --->   "%tmp_21 = call i1 @_ssdm_op_BitSelect.i1.i16.i32(i16 %tmp_data_V_5, i32 10)" [firmware/nnet_utils/nnet_activation_stream.h:69]   --->   Operation 151 'bitselect' 'tmp_21' <Predicate = (!icmp_ln60)> <Delay = 0.00>
ST_3 : Operation 152 [1/1] (0.00ns)   --->   "%tmp_22 = call i1 @_ssdm_op_BitSelect.i1.i16.i32(i16 %tmp_data_V_5, i32 3)" [firmware/nnet_utils/nnet_activation_stream.h:69]   --->   Operation 152 'bitselect' 'tmp_22' <Predicate = (!icmp_ln60)> <Delay = 0.00>
ST_3 : Operation 153 [1/1] (0.00ns)   --->   "%zext_ln415_5 = zext i1 %tmp_22 to i7" [firmware/nnet_utils/nnet_activation_stream.h:69]   --->   Operation 153 'zext' 'zext_ln415_5' <Predicate = (!icmp_ln60)> <Delay = 0.00>
ST_3 : Operation 154 [1/1] (0.00ns)   --->   "%trunc_ln415_3 = call i6 @_ssdm_op_PartSelect.i6.i16.i32.i32(i16 %tmp_data_V_5, i32 4, i32 9)" [firmware/nnet_utils/nnet_activation_stream.h:69]   --->   Operation 154 'partselect' 'trunc_ln415_3' <Predicate = (!icmp_ln60)> <Delay = 0.00>
ST_3 : Operation 155 [1/1] (0.00ns)   --->   "%zext_ln415_13 = zext i1 %tmp_22 to i6" [firmware/nnet_utils/nnet_activation_stream.h:69]   --->   Operation 155 'zext' 'zext_ln415_13' <Predicate = (!icmp_ln60)> <Delay = 0.00>
ST_3 : Operation 156 [1/1] (0.40ns)   --->   "%add_ln415_5 = add i7 %trunc_ln708_9, %zext_ln415_5" [firmware/nnet_utils/nnet_activation_stream.h:69]   --->   Operation 156 'add' 'add_ln415_5' <Predicate = (!icmp_ln60)> <Delay = 0.40> <Core = "AddSub">   --->   Core 14 'AddSub' <Latency = 0> <II = 1> <Delay = 0.43> <FuncUnit> <Opcode : 'add' 'sub'> <InPorts = 2> <OutPorts = 1>
ST_3 : Operation 157 [1/1] (0.43ns)   --->   "%add_ln416_5 = add i6 %trunc_ln415_3, %zext_ln415_13" [firmware/nnet_utils/nnet_activation_stream.h:69]   --->   Operation 157 'add' 'add_ln416_5' <Predicate = (!icmp_ln60)> <Delay = 0.43> <Core = "AddSub">   --->   Core 14 'AddSub' <Latency = 0> <II = 1> <Delay = 0.43> <FuncUnit> <Opcode : 'add' 'sub'> <InPorts = 2> <OutPorts = 1>
ST_3 : Operation 158 [1/1] (0.00ns) (grouped into LUT with out node select_ln340_5)   --->   "%tmp_23 = call i1 @_ssdm_op_BitSelect.i1.i7.i32(i7 %add_ln415_5, i32 6)" [firmware/nnet_utils/nnet_activation_stream.h:69]   --->   Operation 158 'bitselect' 'tmp_23' <Predicate = (!icmp_ln60)> <Delay = 0.00>
ST_3 : Operation 159 [1/1] (0.00ns) (grouped into LUT with out node select_ln340_5)   --->   "%xor_ln416_5 = xor i1 %tmp_23, true" [firmware/nnet_utils/nnet_activation_stream.h:69]   --->   Operation 159 'xor' 'xor_ln416_5' <Predicate = (!icmp_ln60)> <Delay = 0.00> <Core = "LogicGate">   --->   Core 27 'LogicGate' <Latency = 0> <II = 1> <Delay = 0.12> <FuncUnit> <Opcode : 'and' 'or' 'xor'> <InPorts = 2> <OutPorts = 1>
ST_3 : Operation 160 [1/1] (0.00ns) (grouped into LUT with out node select_ln340_5)   --->   "%and_ln416_5 = and i1 %tmp_21, %xor_ln416_5" [firmware/nnet_utils/nnet_activation_stream.h:69]   --->   Operation 160 'and' 'and_ln416_5' <Predicate = (!icmp_ln60)> <Delay = 0.00> <Core = "LogicGate">   --->   Core 27 'LogicGate' <Latency = 0> <II = 1> <Delay = 0.12> <FuncUnit> <Opcode : 'and' 'or' 'xor'> <InPorts = 2> <OutPorts = 1>
ST_3 : Operation 161 [1/1] (0.00ns) (grouped into LUT with out node select_ln340_5)   --->   "%tmp_24 = call i1 @_ssdm_op_BitSelect.i1.i7.i32(i7 %add_ln415_5, i32 6)" [firmware/nnet_utils/nnet_activation_stream.h:69]   --->   Operation 161 'bitselect' 'tmp_24' <Predicate = (!icmp_ln60)> <Delay = 0.00>
ST_3 : Operation 162 [1/1] (0.00ns)   --->   "%p_Result_7_5 = call i5 @_ssdm_op_PartSelect.i5.i16.i32.i32(i16 %tmp_data_V_5, i32 11, i32 15)" [firmware/nnet_utils/nnet_activation_stream.h:69]   --->   Operation 162 'partselect' 'p_Result_7_5' <Predicate = (!icmp_ln60)> <Delay = 0.00>
ST_3 : Operation 163 [1/1] (0.63ns)   --->   "%icmp_ln879_5 = icmp eq i5 %p_Result_7_5, -1" [firmware/nnet_utils/nnet_activation_stream.h:69]   --->   Operation 163 'icmp' 'icmp_ln879_5' <Predicate = (!icmp_ln60)> <Delay = 0.63> <Core = "Cmp">   --->   Core 25 'Cmp' <Latency = 0> <II = 1> <Delay = 0.63> <FuncUnit> <Opcode : 'icmp'> <InPorts = 2> <OutPorts = 1>
ST_3 : Operation 164 [1/1] (0.63ns)   --->   "%icmp_ln768_5 = icmp eq i5 %p_Result_7_5, 0" [firmware/nnet_utils/nnet_activation_stream.h:69]   --->   Operation 164 'icmp' 'icmp_ln768_5' <Predicate = (!icmp_ln60)> <Delay = 0.63> <Core = "Cmp">   --->   Core 25 'Cmp' <Latency = 0> <II = 1> <Delay = 0.63> <FuncUnit> <Opcode : 'icmp'> <InPorts = 2> <OutPorts = 1>
ST_3 : Operation 165 [1/1] (0.00ns) (grouped into LUT with out node select_ln340_5)   --->   "%select_ln777_5 = select i1 %and_ln416_5, i1 %icmp_ln879_5, i1 %icmp_ln768_5" [firmware/nnet_utils/nnet_activation_stream.h:69]   --->   Operation 165 'select' 'select_ln777_5' <Predicate = (!icmp_ln60)> <Delay = 0.00> <Core = "Sel">   --->   Core 26 'Sel' <Latency = 0> <II = 1> <Delay = 0.29> <FuncUnit> <Opcode : 'select'> <InPorts = 3> <OutPorts = 1>
ST_3 : Operation 166 [1/1] (0.00ns) (grouped into LUT with out node select_ln340_5)   --->   "%xor_ln785_5 = xor i1 %select_ln777_5, true" [firmware/nnet_utils/nnet_activation_stream.h:69]   --->   Operation 166 'xor' 'xor_ln785_5' <Predicate = (!icmp_ln60)> <Delay = 0.00> <Core = "LogicGate">   --->   Core 27 'LogicGate' <Latency = 0> <II = 1> <Delay = 0.12> <FuncUnit> <Opcode : 'and' 'or' 'xor'> <InPorts = 2> <OutPorts = 1>
ST_3 : Operation 167 [1/1] (0.00ns) (grouped into LUT with out node select_ln340_5)   --->   "%or_ln340_5 = or i1 %tmp_24, %xor_ln785_5" [firmware/nnet_utils/nnet_activation_stream.h:69]   --->   Operation 167 'or' 'or_ln340_5' <Predicate = (!icmp_ln60)> <Delay = 0.00> <Core = "LogicGate">   --->   Core 27 'LogicGate' <Latency = 0> <II = 1> <Delay = 0.12> <FuncUnit> <Opcode : 'and' 'or' 'xor'> <InPorts = 2> <OutPorts = 1>
ST_3 : Operation 168 [1/1] (0.29ns) (out node of the LUT)   --->   "%select_ln340_5 = select i1 %or_ln340_5, i6 -1, i6 %add_ln416_5" [firmware/nnet_utils/nnet_activation_stream.h:69]   --->   Operation 168 'select' 'select_ln340_5' <Predicate = (!icmp_ln60)> <Delay = 0.29> <Core = "Sel">   --->   Core 26 'Sel' <Latency = 0> <II = 1> <Delay = 0.29> <FuncUnit> <Opcode : 'select'> <InPorts = 3> <OutPorts = 1>
ST_3 : Operation 169 [1/1] (0.29ns) (out node of the LUT)   --->   "%tmp_data_5_V = select i1 %icmp_ln1494_5, i6 %select_ln340_5, i6 0" [firmware/nnet_utils/nnet_activation_stream.h:69]   --->   Operation 169 'select' 'tmp_data_5_V' <Predicate = (!icmp_ln60)> <Delay = 0.29> <Core = "Sel">   --->   Core 26 'Sel' <Latency = 0> <II = 1> <Delay = 0.29> <FuncUnit> <Opcode : 'select'> <InPorts = 3> <OutPorts = 1>
ST_3 : Operation 170 [1/1] (0.00ns)   --->   "%zext_ln1494_5 = zext i6 %tmp_data_5_V to i7" [firmware/nnet_utils/nnet_activation_stream.h:69]   --->   Operation 170 'zext' 'zext_ln1494_5' <Predicate = (!icmp_ln60)> <Delay = 0.00>
ST_3 : Operation 171 [1/1] (0.67ns)   --->   "%icmp_ln1494_6 = icmp sgt i16 %tmp_data_V_6, 0" [firmware/nnet_utils/nnet_activation_stream.h:69]   --->   Operation 171 'icmp' 'icmp_ln1494_6' <Predicate = (!icmp_ln60)> <Delay = 0.67> <Core = "Cmp">   --->   Core 25 'Cmp' <Latency = 0> <II = 1> <Delay = 0.63> <FuncUnit> <Opcode : 'icmp'> <InPorts = 2> <OutPorts = 1>
ST_3 : Operation 172 [1/1] (0.00ns)   --->   "%trunc_ln708_s = call i7 @_ssdm_op_PartSelect.i7.i16.i32.i32(i16 %tmp_data_V_6, i32 4, i32 10)" [firmware/nnet_utils/nnet_activation_stream.h:69]   --->   Operation 172 'partselect' 'trunc_ln708_s' <Predicate = (!icmp_ln60)> <Delay = 0.00>
ST_3 : Operation 173 [1/1] (0.00ns) (grouped into LUT with out node select_ln340_6)   --->   "%tmp_25 = call i1 @_ssdm_op_BitSelect.i1.i16.i32(i16 %tmp_data_V_6, i32 10)" [firmware/nnet_utils/nnet_activation_stream.h:69]   --->   Operation 173 'bitselect' 'tmp_25' <Predicate = (!icmp_ln60)> <Delay = 0.00>
ST_3 : Operation 174 [1/1] (0.00ns)   --->   "%tmp_26 = call i1 @_ssdm_op_BitSelect.i1.i16.i32(i16 %tmp_data_V_6, i32 3)" [firmware/nnet_utils/nnet_activation_stream.h:69]   --->   Operation 174 'bitselect' 'tmp_26' <Predicate = (!icmp_ln60)> <Delay = 0.00>
ST_3 : Operation 175 [1/1] (0.00ns)   --->   "%zext_ln415_6 = zext i1 %tmp_26 to i7" [firmware/nnet_utils/nnet_activation_stream.h:69]   --->   Operation 175 'zext' 'zext_ln415_6' <Predicate = (!icmp_ln60)> <Delay = 0.00>
ST_3 : Operation 176 [1/1] (0.00ns)   --->   "%trunc_ln415_4 = call i6 @_ssdm_op_PartSelect.i6.i16.i32.i32(i16 %tmp_data_V_6, i32 4, i32 9)" [firmware/nnet_utils/nnet_activation_stream.h:69]   --->   Operation 176 'partselect' 'trunc_ln415_4' <Predicate = (!icmp_ln60)> <Delay = 0.00>
ST_3 : Operation 177 [1/1] (0.00ns)   --->   "%zext_ln415_14 = zext i1 %tmp_26 to i6" [firmware/nnet_utils/nnet_activation_stream.h:69]   --->   Operation 177 'zext' 'zext_ln415_14' <Predicate = (!icmp_ln60)> <Delay = 0.00>
ST_3 : Operation 178 [1/1] (0.40ns)   --->   "%add_ln415_6 = add i7 %trunc_ln708_s, %zext_ln415_6" [firmware/nnet_utils/nnet_activation_stream.h:69]   --->   Operation 178 'add' 'add_ln415_6' <Predicate = (!icmp_ln60)> <Delay = 0.40> <Core = "AddSub">   --->   Core 14 'AddSub' <Latency = 0> <II = 1> <Delay = 0.43> <FuncUnit> <Opcode : 'add' 'sub'> <InPorts = 2> <OutPorts = 1>
ST_3 : Operation 179 [1/1] (0.43ns)   --->   "%add_ln416_6 = add i6 %trunc_ln415_4, %zext_ln415_14" [firmware/nnet_utils/nnet_activation_stream.h:69]   --->   Operation 179 'add' 'add_ln416_6' <Predicate = (!icmp_ln60)> <Delay = 0.43> <Core = "AddSub">   --->   Core 14 'AddSub' <Latency = 0> <II = 1> <Delay = 0.43> <FuncUnit> <Opcode : 'add' 'sub'> <InPorts = 2> <OutPorts = 1>
ST_3 : Operation 180 [1/1] (0.00ns) (grouped into LUT with out node select_ln340_6)   --->   "%tmp_27 = call i1 @_ssdm_op_BitSelect.i1.i7.i32(i7 %add_ln415_6, i32 6)" [firmware/nnet_utils/nnet_activation_stream.h:69]   --->   Operation 180 'bitselect' 'tmp_27' <Predicate = (!icmp_ln60)> <Delay = 0.00>
ST_3 : Operation 181 [1/1] (0.00ns) (grouped into LUT with out node select_ln340_6)   --->   "%xor_ln416_6 = xor i1 %tmp_27, true" [firmware/nnet_utils/nnet_activation_stream.h:69]   --->   Operation 181 'xor' 'xor_ln416_6' <Predicate = (!icmp_ln60)> <Delay = 0.00> <Core = "LogicGate">   --->   Core 27 'LogicGate' <Latency = 0> <II = 1> <Delay = 0.12> <FuncUnit> <Opcode : 'and' 'or' 'xor'> <InPorts = 2> <OutPorts = 1>
ST_3 : Operation 182 [1/1] (0.00ns) (grouped into LUT with out node select_ln340_6)   --->   "%and_ln416_6 = and i1 %tmp_25, %xor_ln416_6" [firmware/nnet_utils/nnet_activation_stream.h:69]   --->   Operation 182 'and' 'and_ln416_6' <Predicate = (!icmp_ln60)> <Delay = 0.00> <Core = "LogicGate">   --->   Core 27 'LogicGate' <Latency = 0> <II = 1> <Delay = 0.12> <FuncUnit> <Opcode : 'and' 'or' 'xor'> <InPorts = 2> <OutPorts = 1>
ST_3 : Operation 183 [1/1] (0.00ns) (grouped into LUT with out node select_ln340_6)   --->   "%tmp_28 = call i1 @_ssdm_op_BitSelect.i1.i7.i32(i7 %add_ln415_6, i32 6)" [firmware/nnet_utils/nnet_activation_stream.h:69]   --->   Operation 183 'bitselect' 'tmp_28' <Predicate = (!icmp_ln60)> <Delay = 0.00>
ST_3 : Operation 184 [1/1] (0.00ns)   --->   "%p_Result_7_6 = call i5 @_ssdm_op_PartSelect.i5.i16.i32.i32(i16 %tmp_data_V_6, i32 11, i32 15)" [firmware/nnet_utils/nnet_activation_stream.h:69]   --->   Operation 184 'partselect' 'p_Result_7_6' <Predicate = (!icmp_ln60)> <Delay = 0.00>
ST_3 : Operation 185 [1/1] (0.63ns)   --->   "%icmp_ln879_6 = icmp eq i5 %p_Result_7_6, -1" [firmware/nnet_utils/nnet_activation_stream.h:69]   --->   Operation 185 'icmp' 'icmp_ln879_6' <Predicate = (!icmp_ln60)> <Delay = 0.63> <Core = "Cmp">   --->   Core 25 'Cmp' <Latency = 0> <II = 1> <Delay = 0.63> <FuncUnit> <Opcode : 'icmp'> <InPorts = 2> <OutPorts = 1>
ST_3 : Operation 186 [1/1] (0.63ns)   --->   "%icmp_ln768_6 = icmp eq i5 %p_Result_7_6, 0" [firmware/nnet_utils/nnet_activation_stream.h:69]   --->   Operation 186 'icmp' 'icmp_ln768_6' <Predicate = (!icmp_ln60)> <Delay = 0.63> <Core = "Cmp">   --->   Core 25 'Cmp' <Latency = 0> <II = 1> <Delay = 0.63> <FuncUnit> <Opcode : 'icmp'> <InPorts = 2> <OutPorts = 1>
ST_3 : Operation 187 [1/1] (0.00ns) (grouped into LUT with out node select_ln340_6)   --->   "%select_ln777_6 = select i1 %and_ln416_6, i1 %icmp_ln879_6, i1 %icmp_ln768_6" [firmware/nnet_utils/nnet_activation_stream.h:69]   --->   Operation 187 'select' 'select_ln777_6' <Predicate = (!icmp_ln60)> <Delay = 0.00> <Core = "Sel">   --->   Core 26 'Sel' <Latency = 0> <II = 1> <Delay = 0.29> <FuncUnit> <Opcode : 'select'> <InPorts = 3> <OutPorts = 1>
ST_3 : Operation 188 [1/1] (0.00ns) (grouped into LUT with out node select_ln340_6)   --->   "%xor_ln785_6 = xor i1 %select_ln777_6, true" [firmware/nnet_utils/nnet_activation_stream.h:69]   --->   Operation 188 'xor' 'xor_ln785_6' <Predicate = (!icmp_ln60)> <Delay = 0.00> <Core = "LogicGate">   --->   Core 27 'LogicGate' <Latency = 0> <II = 1> <Delay = 0.12> <FuncUnit> <Opcode : 'and' 'or' 'xor'> <InPorts = 2> <OutPorts = 1>
ST_3 : Operation 189 [1/1] (0.00ns) (grouped into LUT with out node select_ln340_6)   --->   "%or_ln340_6 = or i1 %tmp_28, %xor_ln785_6" [firmware/nnet_utils/nnet_activation_stream.h:69]   --->   Operation 189 'or' 'or_ln340_6' <Predicate = (!icmp_ln60)> <Delay = 0.00> <Core = "LogicGate">   --->   Core 27 'LogicGate' <Latency = 0> <II = 1> <Delay = 0.12> <FuncUnit> <Opcode : 'and' 'or' 'xor'> <InPorts = 2> <OutPorts = 1>
ST_3 : Operation 190 [1/1] (0.29ns) (out node of the LUT)   --->   "%select_ln340_6 = select i1 %or_ln340_6, i6 -1, i6 %add_ln416_6" [firmware/nnet_utils/nnet_activation_stream.h:69]   --->   Operation 190 'select' 'select_ln340_6' <Predicate = (!icmp_ln60)> <Delay = 0.29> <Core = "Sel">   --->   Core 26 'Sel' <Latency = 0> <II = 1> <Delay = 0.29> <FuncUnit> <Opcode : 'select'> <InPorts = 3> <OutPorts = 1>
ST_3 : Operation 191 [1/1] (0.29ns) (out node of the LUT)   --->   "%tmp_data_6_V = select i1 %icmp_ln1494_6, i6 %select_ln340_6, i6 0" [firmware/nnet_utils/nnet_activation_stream.h:69]   --->   Operation 191 'select' 'tmp_data_6_V' <Predicate = (!icmp_ln60)> <Delay = 0.29> <Core = "Sel">   --->   Core 26 'Sel' <Latency = 0> <II = 1> <Delay = 0.29> <FuncUnit> <Opcode : 'select'> <InPorts = 3> <OutPorts = 1>
ST_3 : Operation 192 [1/1] (0.00ns)   --->   "%zext_ln1494_6 = zext i6 %tmp_data_6_V to i7" [firmware/nnet_utils/nnet_activation_stream.h:69]   --->   Operation 192 'zext' 'zext_ln1494_6' <Predicate = (!icmp_ln60)> <Delay = 0.00>
ST_3 : Operation 193 [1/1] (0.67ns)   --->   "%icmp_ln1494_7 = icmp sgt i16 %tmp_data_V_7, 0" [firmware/nnet_utils/nnet_activation_stream.h:69]   --->   Operation 193 'icmp' 'icmp_ln1494_7' <Predicate = (!icmp_ln60)> <Delay = 0.67> <Core = "Cmp">   --->   Core 25 'Cmp' <Latency = 0> <II = 1> <Delay = 0.63> <FuncUnit> <Opcode : 'icmp'> <InPorts = 2> <OutPorts = 1>
ST_3 : Operation 194 [1/1] (0.00ns)   --->   "%trunc_ln708_1 = call i7 @_ssdm_op_PartSelect.i7.i16.i32.i32(i16 %tmp_data_V_7, i32 4, i32 10)" [firmware/nnet_utils/nnet_activation_stream.h:69]   --->   Operation 194 'partselect' 'trunc_ln708_1' <Predicate = (!icmp_ln60)> <Delay = 0.00>
ST_3 : Operation 195 [1/1] (0.00ns) (grouped into LUT with out node select_ln340_7)   --->   "%tmp_29 = call i1 @_ssdm_op_BitSelect.i1.i16.i32(i16 %tmp_data_V_7, i32 10)" [firmware/nnet_utils/nnet_activation_stream.h:69]   --->   Operation 195 'bitselect' 'tmp_29' <Predicate = (!icmp_ln60)> <Delay = 0.00>
ST_3 : Operation 196 [1/1] (0.00ns)   --->   "%tmp_30 = call i1 @_ssdm_op_BitSelect.i1.i16.i32(i16 %tmp_data_V_7, i32 3)" [firmware/nnet_utils/nnet_activation_stream.h:69]   --->   Operation 196 'bitselect' 'tmp_30' <Predicate = (!icmp_ln60)> <Delay = 0.00>
ST_3 : Operation 197 [1/1] (0.00ns)   --->   "%zext_ln415_7 = zext i1 %tmp_30 to i7" [firmware/nnet_utils/nnet_activation_stream.h:69]   --->   Operation 197 'zext' 'zext_ln415_7' <Predicate = (!icmp_ln60)> <Delay = 0.00>
ST_3 : Operation 198 [1/1] (0.00ns)   --->   "%trunc_ln415_5 = call i6 @_ssdm_op_PartSelect.i6.i16.i32.i32(i16 %tmp_data_V_7, i32 4, i32 9)" [firmware/nnet_utils/nnet_activation_stream.h:69]   --->   Operation 198 'partselect' 'trunc_ln415_5' <Predicate = (!icmp_ln60)> <Delay = 0.00>
ST_3 : Operation 199 [1/1] (0.00ns)   --->   "%zext_ln415_15 = zext i1 %tmp_30 to i6" [firmware/nnet_utils/nnet_activation_stream.h:69]   --->   Operation 199 'zext' 'zext_ln415_15' <Predicate = (!icmp_ln60)> <Delay = 0.00>
ST_3 : Operation 200 [1/1] (0.40ns)   --->   "%add_ln415_7 = add i7 %trunc_ln708_1, %zext_ln415_7" [firmware/nnet_utils/nnet_activation_stream.h:69]   --->   Operation 200 'add' 'add_ln415_7' <Predicate = (!icmp_ln60)> <Delay = 0.40> <Core = "AddSub">   --->   Core 14 'AddSub' <Latency = 0> <II = 1> <Delay = 0.43> <FuncUnit> <Opcode : 'add' 'sub'> <InPorts = 2> <OutPorts = 1>
ST_3 : Operation 201 [1/1] (0.43ns)   --->   "%add_ln416_7 = add i6 %trunc_ln415_5, %zext_ln415_15" [firmware/nnet_utils/nnet_activation_stream.h:69]   --->   Operation 201 'add' 'add_ln416_7' <Predicate = (!icmp_ln60)> <Delay = 0.43> <Core = "AddSub">   --->   Core 14 'AddSub' <Latency = 0> <II = 1> <Delay = 0.43> <FuncUnit> <Opcode : 'add' 'sub'> <InPorts = 2> <OutPorts = 1>
ST_3 : Operation 202 [1/1] (0.00ns) (grouped into LUT with out node select_ln340_7)   --->   "%tmp_31 = call i1 @_ssdm_op_BitSelect.i1.i7.i32(i7 %add_ln415_7, i32 6)" [firmware/nnet_utils/nnet_activation_stream.h:69]   --->   Operation 202 'bitselect' 'tmp_31' <Predicate = (!icmp_ln60)> <Delay = 0.00>
ST_3 : Operation 203 [1/1] (0.00ns) (grouped into LUT with out node select_ln340_7)   --->   "%xor_ln416_7 = xor i1 %tmp_31, true" [firmware/nnet_utils/nnet_activation_stream.h:69]   --->   Operation 203 'xor' 'xor_ln416_7' <Predicate = (!icmp_ln60)> <Delay = 0.00> <Core = "LogicGate">   --->   Core 27 'LogicGate' <Latency = 0> <II = 1> <Delay = 0.12> <FuncUnit> <Opcode : 'and' 'or' 'xor'> <InPorts = 2> <OutPorts = 1>
ST_3 : Operation 204 [1/1] (0.00ns) (grouped into LUT with out node select_ln340_7)   --->   "%and_ln416_7 = and i1 %tmp_29, %xor_ln416_7" [firmware/nnet_utils/nnet_activation_stream.h:69]   --->   Operation 204 'and' 'and_ln416_7' <Predicate = (!icmp_ln60)> <Delay = 0.00> <Core = "LogicGate">   --->   Core 27 'LogicGate' <Latency = 0> <II = 1> <Delay = 0.12> <FuncUnit> <Opcode : 'and' 'or' 'xor'> <InPorts = 2> <OutPorts = 1>
ST_3 : Operation 205 [1/1] (0.00ns) (grouped into LUT with out node select_ln340_7)   --->   "%tmp_32 = call i1 @_ssdm_op_BitSelect.i1.i7.i32(i7 %add_ln415_7, i32 6)" [firmware/nnet_utils/nnet_activation_stream.h:69]   --->   Operation 205 'bitselect' 'tmp_32' <Predicate = (!icmp_ln60)> <Delay = 0.00>
ST_3 : Operation 206 [1/1] (0.00ns)   --->   "%p_Result_7_7 = call i5 @_ssdm_op_PartSelect.i5.i16.i32.i32(i16 %tmp_data_V_7, i32 11, i32 15)" [firmware/nnet_utils/nnet_activation_stream.h:69]   --->   Operation 206 'partselect' 'p_Result_7_7' <Predicate = (!icmp_ln60)> <Delay = 0.00>
ST_3 : Operation 207 [1/1] (0.63ns)   --->   "%icmp_ln879_7 = icmp eq i5 %p_Result_7_7, -1" [firmware/nnet_utils/nnet_activation_stream.h:69]   --->   Operation 207 'icmp' 'icmp_ln879_7' <Predicate = (!icmp_ln60)> <Delay = 0.63> <Core = "Cmp">   --->   Core 25 'Cmp' <Latency = 0> <II = 1> <Delay = 0.63> <FuncUnit> <Opcode : 'icmp'> <InPorts = 2> <OutPorts = 1>
ST_3 : Operation 208 [1/1] (0.63ns)   --->   "%icmp_ln768_7 = icmp eq i5 %p_Result_7_7, 0" [firmware/nnet_utils/nnet_activation_stream.h:69]   --->   Operation 208 'icmp' 'icmp_ln768_7' <Predicate = (!icmp_ln60)> <Delay = 0.63> <Core = "Cmp">   --->   Core 25 'Cmp' <Latency = 0> <II = 1> <Delay = 0.63> <FuncUnit> <Opcode : 'icmp'> <InPorts = 2> <OutPorts = 1>
ST_3 : Operation 209 [1/1] (0.00ns) (grouped into LUT with out node select_ln340_7)   --->   "%select_ln777_7 = select i1 %and_ln416_7, i1 %icmp_ln879_7, i1 %icmp_ln768_7" [firmware/nnet_utils/nnet_activation_stream.h:69]   --->   Operation 209 'select' 'select_ln777_7' <Predicate = (!icmp_ln60)> <Delay = 0.00> <Core = "Sel">   --->   Core 26 'Sel' <Latency = 0> <II = 1> <Delay = 0.29> <FuncUnit> <Opcode : 'select'> <InPorts = 3> <OutPorts = 1>
ST_3 : Operation 210 [1/1] (0.00ns) (grouped into LUT with out node select_ln340_7)   --->   "%xor_ln785_7 = xor i1 %select_ln777_7, true" [firmware/nnet_utils/nnet_activation_stream.h:69]   --->   Operation 210 'xor' 'xor_ln785_7' <Predicate = (!icmp_ln60)> <Delay = 0.00> <Core = "LogicGate">   --->   Core 27 'LogicGate' <Latency = 0> <II = 1> <Delay = 0.12> <FuncUnit> <Opcode : 'and' 'or' 'xor'> <InPorts = 2> <OutPorts = 1>
ST_3 : Operation 211 [1/1] (0.00ns) (grouped into LUT with out node select_ln340_7)   --->   "%or_ln340_7 = or i1 %tmp_32, %xor_ln785_7" [firmware/nnet_utils/nnet_activation_stream.h:69]   --->   Operation 211 'or' 'or_ln340_7' <Predicate = (!icmp_ln60)> <Delay = 0.00> <Core = "LogicGate">   --->   Core 27 'LogicGate' <Latency = 0> <II = 1> <Delay = 0.12> <FuncUnit> <Opcode : 'and' 'or' 'xor'> <InPorts = 2> <OutPorts = 1>
ST_3 : Operation 212 [1/1] (0.29ns) (out node of the LUT)   --->   "%select_ln340_7 = select i1 %or_ln340_7, i6 -1, i6 %add_ln416_7" [firmware/nnet_utils/nnet_activation_stream.h:69]   --->   Operation 212 'select' 'select_ln340_7' <Predicate = (!icmp_ln60)> <Delay = 0.29> <Core = "Sel">   --->   Core 26 'Sel' <Latency = 0> <II = 1> <Delay = 0.29> <FuncUnit> <Opcode : 'select'> <InPorts = 3> <OutPorts = 1>
ST_3 : Operation 213 [1/1] (0.29ns) (out node of the LUT)   --->   "%tmp_data_7_V = select i1 %icmp_ln1494_7, i6 %select_ln340_7, i6 0" [firmware/nnet_utils/nnet_activation_stream.h:69]   --->   Operation 213 'select' 'tmp_data_7_V' <Predicate = (!icmp_ln60)> <Delay = 0.29> <Core = "Sel">   --->   Core 26 'Sel' <Latency = 0> <II = 1> <Delay = 0.29> <FuncUnit> <Opcode : 'select'> <InPorts = 3> <OutPorts = 1>
ST_3 : Operation 214 [1/1] (0.00ns)   --->   "%zext_ln1494_7 = zext i6 %tmp_data_7_V to i7" [firmware/nnet_utils/nnet_activation_stream.h:69]   --->   Operation 214 'zext' 'zext_ln1494_7' <Predicate = (!icmp_ln60)> <Delay = 0.00>
ST_3 : Operation 215 [1/1] (1.45ns)   --->   "call void @_ssdm_op_Write.ap_fifo.volatile.i7P.i7P.i7P.i7P.i7P.i7P.i7P.i7P(i7* %res_V_data_0_V, i7* %res_V_data_1_V, i7* %res_V_data_2_V, i7* %res_V_data_3_V, i7* %res_V_data_4_V, i7* %res_V_data_5_V, i7* %res_V_data_6_V, i7* %res_V_data_7_V, i7 %zext_ln1494, i7 %zext_ln1494_1, i7 %zext_ln1494_2, i7 %zext_ln1494_3, i7 %zext_ln1494_4, i7 %zext_ln1494_5, i7 %zext_ln1494_6, i7 %zext_ln1494_7)" [firmware/nnet_utils/nnet_activation_stream.h:73]   --->   Operation 215 'write' <Predicate = (!icmp_ln60)> <Delay = 1.45> <Core = "FIFO">   --->   Core 32 'FIFO' <Latency = 0> <II = 1> <Delay = 1.45> <Storage> <Opcode : 'read' 'write' 'nbread' 'nbwrite'> <Ports = 0> <Width = 7> <Depth = 1> <FIFO>
ST_3 : Operation 216 [1/1] (0.00ns)   --->   "%empty_38 = call i32 (...)* @_ssdm_op_SpecRegionEnd([12 x i8]* @p_str44, i32 %tmp)" [firmware/nnet_utils/nnet_activation_stream.h:74]   --->   Operation 216 'specregionend' 'empty_38' <Predicate = (!icmp_ln60)> <Delay = 0.00>
ST_3 : Operation 217 [1/1] (0.00ns)   --->   "br label %1" [firmware/nnet_utils/nnet_activation_stream.h:60]   --->   Operation 217 'br' <Predicate = (!icmp_ln60)> <Delay = 0.00>

State 4 <SV = 2> <Delay = 0.00>
ST_4 : Operation 218 [1/1] (0.00ns)   --->   "ret void" [firmware/nnet_utils/nnet_activation_stream.h:75]   --->   Operation 218 'ret' <Predicate = true> <Delay = 0.00>


============================================================
+ Verbose Summary: Timing violations
============================================================
Target clock period: 5ns, clock uncertainty: 0.625ns.

 <State 1>: 0.603ns
The critical path consists of the following:
	multiplexor before 'phi' operation ('i') with incoming values : ('i', firmware/nnet_utils/nnet_activation_stream.h:60) [35]  (0.603 ns)

 <State 2>: 0.656ns
The critical path consists of the following:
	'phi' operation ('i') with incoming values : ('i', firmware/nnet_utils/nnet_activation_stream.h:60) [35]  (0 ns)
	'icmp' operation ('icmp_ln60', firmware/nnet_utils/nnet_activation_stream.h:60) [36]  (0.656 ns)

 <State 3>: 4.14ns
The critical path consists of the following:
	fifo read on port 'data_V_data_0_V' (firmware/nnet_utils/nnet_activation_stream.h:63) [44]  (1.46 ns)
	'icmp' operation ('icmp_ln879_3', firmware/nnet_utils/nnet_activation_stream.h:69) [133]  (0.637 ns)
	'select' operation ('select_ln777_3', firmware/nnet_utils/nnet_activation_stream.h:69) [135]  (0 ns)
	'xor' operation ('xor_ln785_3', firmware/nnet_utils/nnet_activation_stream.h:69) [136]  (0 ns)
	'or' operation ('or_ln340_3', firmware/nnet_utils/nnet_activation_stream.h:69) [137]  (0 ns)
	'select' operation ('select_ln340_3', firmware/nnet_utils/nnet_activation_stream.h:69) [138]  (0.293 ns)
	'select' operation ('tmp.data[3].V', firmware/nnet_utils/nnet_activation_stream.h:69) [139]  (0.293 ns)
	fifo write on port 'res_V_data_0_V' (firmware/nnet_utils/nnet_activation_stream.h:73) [229]  (1.46 ns)

 <State 4>: 0ns
The critical path consists of the following:


============================================================
+ Verbose Summary: Binding
============================================================
N/A
* FSMD analyzer results:
  - Output states:
 - Input state : 
  - Chain level:
	State 1
	State 2
	State 3
	State 4


============================================================
+ Verbose Summary: Datapath Resource usage 
============================================================
N/A
