

================================================================
== Vivado HLS Report for 'softmax_array_array_ap_fixed_5u_softmax_config16_s'
================================================================
* Date:           Fri Jun 11 18:33:42 2021

* Version:        2019.2 (Build 2704478 on Wed Nov 06 22:10:23 MST 2019)
* Project:        myproject_prj
* Solution:       solution1
* Product family: virtexuplus
* Target device:  xcu250-figd2104-2L-e


================================================================
== Performance Estimates
================================================================
+ Timing: 
    * Summary: 
    +--------+---------+----------+------------+
    |  Clock |  Target | Estimated| Uncertainty|
    +--------+---------+----------+------------+
    |ap_clk  | 5.00 ns | 3.680 ns |   0.62 ns  |
    +--------+---------+----------+------------+

+ Latency: 
    * Summary: 
    +---------+---------+-----------+-----------+-----+-----+---------+
    |  Latency (cycles) |   Latency (absolute)  |  Interval | Pipeline|
    |   min   |   max   |    min    |    max    | min | max |   Type  |
    +---------+---------+-----------+-----------+-----+-----+---------+
    |        3|        3| 15.000 ns | 15.000 ns |    3|    3|   none  |
    +---------+---------+-----------+-----------+-----+-----+---------+

    + Detail: 
        * Instance: 
        N/A

        * Loop: 
        N/A

============================================================
+ Verbose Summary: Synthesis Manager
============================================================
InlineROM: 1
ExposeGlobal: 0
============================================================
+ Verbose Summary: CDFG Model
============================================================
IsTopModel: 0
ResetActiveHigh: 1
IsCombinational: 2
IsDatapathOnly: 0
HasWiredReturn: 1
HasMFsm: 0
HasVarLatency: 1
IsPipeline: 0
IsRtlPipelined: 0
IsInstanceOverlapped: 0
IsDontTouch: 0
HasImplIP: 0
IsGatedGlobalClock: 0


============================================================
+ Verbose Summary: Schedule
============================================================
* Number of FSM states : 4
* Pipeline : 0
* Dataflow Pipeline: 0

* FSM state transitions: 
1 --> 2 
2 --> 3 
3 --> 4 
4 --> 

* FSM state operations: 

State 1 <SV = 0> <Delay = 0.00>
ST_1 : Operation 5 [3/3] (0.00ns)   --->   "call fastcc void @"softmax_latency<array,array,softmax_config16>"(i16* %data_V_data_0_V, i16* %data_V_data_1_V, i16* %data_V_data_2_V, i16* %data_V_data_3_V, i16* %data_V_data_4_V, i16* %res_V_data_0_V, i16* %res_V_data_1_V, i16* %res_V_data_2_V, i16* %res_V_data_3_V, i16* %res_V_data_4_V)" [firmware/nnet_utils/nnet_activation_stream.h:333]   --->   Operation 5 'call' <Predicate = true> <Delay = 0.00> <CoreType = "Generic">   --->   Core 0 '' <Latency = 0> <II = 1> <Delay = 1.00> <Generic> <Opcode : >

State 2 <SV = 1> <Delay = 3.68>
ST_2 : Operation 6 [2/3] (3.68ns)   --->   "call fastcc void @"softmax_latency<array,array,softmax_config16>"(i16* %data_V_data_0_V, i16* %data_V_data_1_V, i16* %data_V_data_2_V, i16* %data_V_data_3_V, i16* %data_V_data_4_V, i16* %res_V_data_0_V, i16* %res_V_data_1_V, i16* %res_V_data_2_V, i16* %res_V_data_3_V, i16* %res_V_data_4_V)" [firmware/nnet_utils/nnet_activation_stream.h:333]   --->   Operation 6 'call' <Predicate = true> <Delay = 3.68> <CoreType = "Generic">   --->   Core 0 '' <Latency = 0> <II = 1> <Delay = 1.00> <Generic> <Opcode : >

State 3 <SV = 2> <Delay = 3.19>
ST_3 : Operation 7 [1/3] (3.19ns)   --->   "call fastcc void @"softmax_latency<array,array,softmax_config16>"(i16* %data_V_data_0_V, i16* %data_V_data_1_V, i16* %data_V_data_2_V, i16* %data_V_data_3_V, i16* %data_V_data_4_V, i16* %res_V_data_0_V, i16* %res_V_data_1_V, i16* %res_V_data_2_V, i16* %res_V_data_3_V, i16* %res_V_data_4_V)" [firmware/nnet_utils/nnet_activation_stream.h:333]   --->   Operation 7 'call' <Predicate = true> <Delay = 3.19> <CoreType = "Generic">   --->   Core 0 '' <Latency = 0> <II = 1> <Delay = 1.00> <Generic> <Opcode : >

State 4 <SV = 3> <Delay = 0.00>
ST_4 : Operation 8 [1/1] (0.00ns)   --->   "call void (...)* @_ssdm_op_SpecInterface(i16* %data_V_data_4_V, [8 x i8]* @ap_fifo_str, i32 0, i32 0, [1 x i8]* @p_str1748, i32 0, i32 0, [1 x i8]* @p_str1749, [1 x i8]* @p_str1750, [1 x i8]* @p_str1751, i32 2, i32 2, i32 16, i32 16, [1 x i8]* @p_str1752, [1 x i8]* @p_str1753)"   --->   Operation 8 'specinterface' <Predicate = true> <Delay = 0.00>
ST_4 : Operation 9 [1/1] (0.00ns)   --->   "call void (...)* @_ssdm_op_SpecInterface(i16* %data_V_data_3_V, [8 x i8]* @ap_fifo_str, i32 0, i32 0, [1 x i8]* @p_str1741, i32 0, i32 0, [1 x i8]* @p_str1742, [1 x i8]* @p_str1743, [1 x i8]* @p_str1744, i32 2, i32 2, i32 16, i32 16, [1 x i8]* @p_str1745, [1 x i8]* @p_str1746)"   --->   Operation 9 'specinterface' <Predicate = true> <Delay = 0.00>
ST_4 : Operation 10 [1/1] (0.00ns)   --->   "call void (...)* @_ssdm_op_SpecInterface(i16* %data_V_data_2_V, [8 x i8]* @ap_fifo_str, i32 0, i32 0, [1 x i8]* @p_str1734, i32 0, i32 0, [1 x i8]* @p_str1735, [1 x i8]* @p_str1736, [1 x i8]* @p_str1737, i32 2, i32 2, i32 16, i32 16, [1 x i8]* @p_str1738, [1 x i8]* @p_str1739)"   --->   Operation 10 'specinterface' <Predicate = true> <Delay = 0.00>
ST_4 : Operation 11 [1/1] (0.00ns)   --->   "call void (...)* @_ssdm_op_SpecInterface(i16* %data_V_data_1_V, [8 x i8]* @ap_fifo_str, i32 0, i32 0, [1 x i8]* @p_str1727, i32 0, i32 0, [1 x i8]* @p_str1728, [1 x i8]* @p_str1729, [1 x i8]* @p_str1730, i32 2, i32 2, i32 16, i32 16, [1 x i8]* @p_str1731, [1 x i8]* @p_str1732)"   --->   Operation 11 'specinterface' <Predicate = true> <Delay = 0.00>
ST_4 : Operation 12 [1/1] (0.00ns)   --->   "call void (...)* @_ssdm_op_SpecInterface(i16* %data_V_data_0_V, [8 x i8]* @ap_fifo_str, i32 0, i32 0, [1 x i8]* @p_str1720, i32 0, i32 0, [1 x i8]* @p_str1721, [1 x i8]* @p_str1722, [1 x i8]* @p_str1723, i32 2, i32 2, i32 16, i32 16, [1 x i8]* @p_str1724, [1 x i8]* @p_str1725)"   --->   Operation 12 'specinterface' <Predicate = true> <Delay = 0.00>
ST_4 : Operation 13 [1/1] (0.00ns)   --->   "call void (...)* @_ssdm_op_SpecInterface(i16* %res_V_data_0_V, [5 x i8]* @p_str, i32 1, i32 1, [5 x i8]* @p_str13, i32 0, i32 0, [1 x i8]* @p_str14, [1 x i8]* @p_str14, [1 x i8]* @p_str14, i32 0, i32 0, i32 0, i32 0, [1 x i8]* @p_str14, [1 x i8]* @p_str14)"   --->   Operation 13 'specinterface' <Predicate = true> <Delay = 0.00>
ST_4 : Operation 14 [1/1] (0.00ns)   --->   "call void (...)* @_ssdm_op_SpecInterface(i16* %res_V_data_1_V, [5 x i8]* @p_str, i32 1, i32 1, [5 x i8]* @p_str13, i32 0, i32 0, [1 x i8]* @p_str14, [1 x i8]* @p_str14, [1 x i8]* @p_str14, i32 0, i32 0, i32 0, i32 0, [1 x i8]* @p_str14, [1 x i8]* @p_str14)"   --->   Operation 14 'specinterface' <Predicate = true> <Delay = 0.00>
ST_4 : Operation 15 [1/1] (0.00ns)   --->   "call void (...)* @_ssdm_op_SpecInterface(i16* %res_V_data_2_V, [5 x i8]* @p_str, i32 1, i32 1, [5 x i8]* @p_str13, i32 0, i32 0, [1 x i8]* @p_str14, [1 x i8]* @p_str14, [1 x i8]* @p_str14, i32 0, i32 0, i32 0, i32 0, [1 x i8]* @p_str14, [1 x i8]* @p_str14)"   --->   Operation 15 'specinterface' <Predicate = true> <Delay = 0.00>
ST_4 : Operation 16 [1/1] (0.00ns)   --->   "call void (...)* @_ssdm_op_SpecInterface(i16* %res_V_data_3_V, [5 x i8]* @p_str, i32 1, i32 1, [5 x i8]* @p_str13, i32 0, i32 0, [1 x i8]* @p_str14, [1 x i8]* @p_str14, [1 x i8]* @p_str14, i32 0, i32 0, i32 0, i32 0, [1 x i8]* @p_str14, [1 x i8]* @p_str14)"   --->   Operation 16 'specinterface' <Predicate = true> <Delay = 0.00>
ST_4 : Operation 17 [1/1] (0.00ns)   --->   "call void (...)* @_ssdm_op_SpecInterface(i16* %res_V_data_4_V, [5 x i8]* @p_str, i32 1, i32 1, [5 x i8]* @p_str13, i32 0, i32 0, [1 x i8]* @p_str14, [1 x i8]* @p_str14, [1 x i8]* @p_str14, i32 0, i32 0, i32 0, i32 0, [1 x i8]* @p_str14, [1 x i8]* @p_str14)"   --->   Operation 17 'specinterface' <Predicate = true> <Delay = 0.00>
ST_4 : Operation 18 [1/1] (0.00ns)   --->   "ret void" [firmware/nnet_utils/nnet_activation_stream.h:342]   --->   Operation 18 'ret' <Predicate = true> <Delay = 0.00>


============================================================
+ Verbose Summary: Timing violations
============================================================
Target clock period: 5ns, clock uncertainty: 0.625ns.

 <State 1>: 0ns
The critical path consists of the following:

 <State 2>: 3.68ns
The critical path consists of the following:
	'call' operation ('call_ln333', firmware/nnet_utils/nnet_activation_stream.h:333) to 'softmax_latency<array,array,softmax_config16>' [25]  (3.68 ns)

 <State 3>: 3.19ns
The critical path consists of the following:
	'call' operation ('call_ln333', firmware/nnet_utils/nnet_activation_stream.h:333) to 'softmax_latency<array,array,softmax_config16>' [25]  (3.19 ns)

 <State 4>: 0ns
The critical path consists of the following:


============================================================
+ Verbose Summary: Binding
============================================================
N/A
* FSMD analyzer results:
  - Output states:
 - Input state : 
  - Chain level:
	State 1
	State 2
	State 3
	State 4


============================================================
+ Verbose Summary: Datapath Resource usage 
============================================================
N/A
