

================================================================
== Vivado HLS Report for 'softmax_array_array_ap_fixed_5u_softmax_config16_s'
================================================================
* Date:           Fri Jun 11 18:33:42 2021

* Version:        2019.2 (Build 2704478 on Wed Nov 06 22:10:23 MST 2019)
* Project:        myproject_prj
* Solution:       solution1
* Product family: virtexuplus
* Target device:  xcu250-figd2104-2L-e


================================================================
== Performance Estimates
================================================================
+ Timing: 
    * Summary: 
    +--------+---------+----------+------------+
    |  Clock |  Target | Estimated| Uncertainty|
    +--------+---------+----------+------------+
    |ap_clk  | 5.00 ns | 3.680 ns |   0.62 ns  |
    +--------+---------+----------+------------+

+ Latency: 
    * Summary: 
    +---------+---------+-----------+-----------+-----+-----+---------+
    |  Latency (cycles) |   Latency (absolute)  |  Interval | Pipeline|
    |   min   |   max   |    min    |    max    | min | max |   Type  |
    +---------+---------+-----------+-----------+-----+-----+---------+
    |        3|        3| 15.000 ns | 15.000 ns |    3|    3|   none  |
    +---------+---------+-----------+-----------+-----+-----+---------+

    + Detail: 
        * Instance: 
        +-----------------------------------------------------------+------------------------------------------------+---------+---------+-----------+-----------+-----+-----+----------+
        |                                                           |                                                |  Latency (cycles) |   Latency (absolute)  |  Interval | Pipeline |
        |                          Instance                         |                     Module                     |   min   |   max   |    min    |    max    | min | max |   Type   |
        +-----------------------------------------------------------+------------------------------------------------+---------+---------+-----------+-----------+-----+-----+----------+
        |grp_softmax_latency_array_array_softmax_config16_s_fu_104  |softmax_latency_array_array_softmax_config16_s  |        2|        2| 10.000 ns | 10.000 ns |    1|    1| function |
        +-----------------------------------------------------------+------------------------------------------------+---------+---------+-----------+-----------+-----+-----+----------+

        * Loop: 
        N/A

============================================================
+ Verbose Summary: Synthesis Manager
============================================================
InlineROM: 1
ExposeGlobal: 0
============================================================
+ Verbose Summary: CDFG Model
============================================================
IsTopModel: 0
ResetActiveHigh: 1
IsCombinational: 2
IsDatapathOnly: 0
HasWiredReturn: 1
HasMFsm: 0
HasVarLatency: 1
IsPipeline: 0
IsRtlPipelined: 0
IsInstanceOverlapped: 0
IsDontTouch: 0
HasImplIP: 0
IsGatedGlobalClock: 0


============================================================
+ Verbose Summary: Schedule
============================================================
* Number of FSM states : 4
* Pipeline : 0
* Dataflow Pipeline: 0

* FSM state transitions: 
1 --> 2 
2 --> 3 
3 --> 4 
4 --> 

* FSM state operations: 

State 1 <SV = 0> <Delay = 0.00>
ST_1 : Operation 5 [3/3] (0.00ns)   --->   "call fastcc void @"softmax_latency<array,array,softmax_config16>"(i16* %data_V_data_0_V, i16* %data_V_data_1_V, i16* %data_V_data_2_V, i16* %data_V_data_3_V, i16* %data_V_data_4_V, i16* %res_V_data_0_V, i16* %res_V_data_1_V, i16* %res_V_data_2_V, i16* %res_V_data_3_V, i16* %res_V_data_4_V)" [firmware/nnet_utils/nnet_activation_stream.h:333]   --->   Operation 5 'call' <Predicate = true> <Delay = 0.00> <CoreType = "Generic">   --->   Core 0 '' <Latency = 0> <II = 1> <Delay = 1.00> <Generic> <Opcode : >

State 2 <SV = 1> <Delay = 3.68>
ST_2 : Operation 6 [2/3] (3.68ns)   --->   "call fastcc void @"softmax_latency<array,array,softmax_config16>"(i16* %data_V_data_0_V, i16* %data_V_data_1_V, i16* %data_V_data_2_V, i16* %data_V_data_3_V, i16* %data_V_data_4_V, i16* %res_V_data_0_V, i16* %res_V_data_1_V, i16* %res_V_data_2_V, i16* %res_V_data_3_V, i16* %res_V_data_4_V)" [firmware/nnet_utils/nnet_activation_stream.h:333]   --->   Operation 6 'call' <Predicate = true> <Delay = 3.68> <CoreType = "Generic">   --->   Core 0 '' <Latency = 0> <II = 1> <Delay = 1.00> <Generic> <Opcode : >

State 3 <SV = 2> <Delay = 3.19>
ST_3 : Operation 7 [1/3] (3.19ns)   --->   "call fastcc void @"softmax_latency<array,array,softmax_config16>"(i16* %data_V_data_0_V, i16* %data_V_data_1_V, i16* %data_V_data_2_V, i16* %data_V_data_3_V, i16* %data_V_data_4_V, i16* %res_V_data_0_V, i16* %res_V_data_1_V, i16* %res_V_data_2_V, i16* %res_V_data_3_V, i16* %res_V_data_4_V)" [firmware/nnet_utils/nnet_activation_stream.h:333]   --->   Operation 7 'call' <Predicate = true> <Delay = 3.19> <CoreType = "Generic">   --->   Core 0 '' <Latency = 0> <II = 1> <Delay = 1.00> <Generic> <Opcode : >

State 4 <SV = 3> <Delay = 0.00>
ST_4 : Operation 8 [1/1] (0.00ns)   --->   "call void (...)* @_ssdm_op_SpecInterface(i16* %data_V_data_4_V, [8 x i8]* @ap_fifo_str, i32 0, i32 0, [1 x i8]* @p_str1748, i32 0, i32 0, [1 x i8]* @p_str1749, [1 x i8]* @p_str1750, [1 x i8]* @p_str1751, i32 2, i32 2, i32 16, i32 16, [1 x i8]* @p_str1752, [1 x i8]* @p_str1753)"   --->   Operation 8 'specinterface' <Predicate = true> <Delay = 0.00>
ST_4 : Operation 9 [1/1] (0.00ns)   --->   "call void (...)* @_ssdm_op_SpecInterface(i16* %data_V_data_3_V, [8 x i8]* @ap_fifo_str, i32 0, i32 0, [1 x i8]* @p_str1741, i32 0, i32 0, [1 x i8]* @p_str1742, [1 x i8]* @p_str1743, [1 x i8]* @p_str1744, i32 2, i32 2, i32 16, i32 16, [1 x i8]* @p_str1745, [1 x i8]* @p_str1746)"   --->   Operation 9 'specinterface' <Predicate = true> <Delay = 0.00>
ST_4 : Operation 10 [1/1] (0.00ns)   --->   "call void (...)* @_ssdm_op_SpecInterface(i16* %data_V_data_2_V, [8 x i8]* @ap_fifo_str, i32 0, i32 0, [1 x i8]* @p_str1734, i32 0, i32 0, [1 x i8]* @p_str1735, [1 x i8]* @p_str1736, [1 x i8]* @p_str1737, i32 2, i32 2, i32 16, i32 16, [1 x i8]* @p_str1738, [1 x i8]* @p_str1739)"   --->   Operation 10 'specinterface' <Predicate = true> <Delay = 0.00>
ST_4 : Operation 11 [1/1] (0.00ns)   --->   "call void (...)* @_ssdm_op_SpecInterface(i16* %data_V_data_1_V, [8 x i8]* @ap_fifo_str, i32 0, i32 0, [1 x i8]* @p_str1727, i32 0, i32 0, [1 x i8]* @p_str1728, [1 x i8]* @p_str1729, [1 x i8]* @p_str1730, i32 2, i32 2, i32 16, i32 16, [1 x i8]* @p_str1731, [1 x i8]* @p_str1732)"   --->   Operation 11 'specinterface' <Predicate = true> <Delay = 0.00>
ST_4 : Operation 12 [1/1] (0.00ns)   --->   "call void (...)* @_ssdm_op_SpecInterface(i16* %data_V_data_0_V, [8 x i8]* @ap_fifo_str, i32 0, i32 0, [1 x i8]* @p_str1720, i32 0, i32 0, [1 x i8]* @p_str1721, [1 x i8]* @p_str1722, [1 x i8]* @p_str1723, i32 2, i32 2, i32 16, i32 16, [1 x i8]* @p_str1724, [1 x i8]* @p_str1725)"   --->   Operation 12 'specinterface' <Predicate = true> <Delay = 0.00>
ST_4 : Operation 13 [1/1] (0.00ns)   --->   "call void (...)* @_ssdm_op_SpecInterface(i16* %res_V_data_0_V, [5 x i8]* @p_str, i32 1, i32 1, [5 x i8]* @p_str13, i32 0, i32 0, [1 x i8]* @p_str14, [1 x i8]* @p_str14, [1 x i8]* @p_str14, i32 0, i32 0, i32 0, i32 0, [1 x i8]* @p_str14, [1 x i8]* @p_str14)"   --->   Operation 13 'specinterface' <Predicate = true> <Delay = 0.00>
ST_4 : Operation 14 [1/1] (0.00ns)   --->   "call void (...)* @_ssdm_op_SpecInterface(i16* %res_V_data_1_V, [5 x i8]* @p_str, i32 1, i32 1, [5 x i8]* @p_str13, i32 0, i32 0, [1 x i8]* @p_str14, [1 x i8]* @p_str14, [1 x i8]* @p_str14, i32 0, i32 0, i32 0, i32 0, [1 x i8]* @p_str14, [1 x i8]* @p_str14)"   --->   Operation 14 'specinterface' <Predicate = true> <Delay = 0.00>
ST_4 : Operation 15 [1/1] (0.00ns)   --->   "call void (...)* @_ssdm_op_SpecInterface(i16* %res_V_data_2_V, [5 x i8]* @p_str, i32 1, i32 1, [5 x i8]* @p_str13, i32 0, i32 0, [1 x i8]* @p_str14, [1 x i8]* @p_str14, [1 x i8]* @p_str14, i32 0, i32 0, i32 0, i32 0, [1 x i8]* @p_str14, [1 x i8]* @p_str14)"   --->   Operation 15 'specinterface' <Predicate = true> <Delay = 0.00>
ST_4 : Operation 16 [1/1] (0.00ns)   --->   "call void (...)* @_ssdm_op_SpecInterface(i16* %res_V_data_3_V, [5 x i8]* @p_str, i32 1, i32 1, [5 x i8]* @p_str13, i32 0, i32 0, [1 x i8]* @p_str14, [1 x i8]* @p_str14, [1 x i8]* @p_str14, i32 0, i32 0, i32 0, i32 0, [1 x i8]* @p_str14, [1 x i8]* @p_str14)"   --->   Operation 16 'specinterface' <Predicate = true> <Delay = 0.00>
ST_4 : Operation 17 [1/1] (0.00ns)   --->   "call void (...)* @_ssdm_op_SpecInterface(i16* %res_V_data_4_V, [5 x i8]* @p_str, i32 1, i32 1, [5 x i8]* @p_str13, i32 0, i32 0, [1 x i8]* @p_str14, [1 x i8]* @p_str14, [1 x i8]* @p_str14, i32 0, i32 0, i32 0, i32 0, [1 x i8]* @p_str14, [1 x i8]* @p_str14)"   --->   Operation 17 'specinterface' <Predicate = true> <Delay = 0.00>
ST_4 : Operation 18 [1/1] (0.00ns)   --->   "ret void" [firmware/nnet_utils/nnet_activation_stream.h:342]   --->   Operation 18 'ret' <Predicate = true> <Delay = 0.00>


============================================================
+ Verbose Summary: Binding
============================================================
STG Binding: 
---------------- STG Properties BEGIN ----------------
- Is combinational: 0
- Is one-state seq: 0
- Is datapath-only: 0
- Is pipelined: 0
- Is top level: 0
Port [ Return ] is wired: 1; IO mode=ap_ctrl_hs:ce=0
Port [ data_V_data_0_V]:  wired=1; compound=1; hidden=0; nouse=0; global=0; static=0; extern=0; dir=0; type=3; pingpong=0; private_global=0; IO mode=ap_fifo:ce=0
Port [ data_V_data_1_V]:  wired=1; compound=1; hidden=0; nouse=0; global=0; static=0; extern=0; dir=0; type=3; pingpong=0; private_global=0; IO mode=ap_fifo:ce=0
Port [ data_V_data_2_V]:  wired=1; compound=1; hidden=0; nouse=0; global=0; static=0; extern=0; dir=0; type=3; pingpong=0; private_global=0; IO mode=ap_fifo:ce=0
Port [ data_V_data_3_V]:  wired=1; compound=1; hidden=0; nouse=0; global=0; static=0; extern=0; dir=0; type=3; pingpong=0; private_global=0; IO mode=ap_fifo:ce=0
Port [ data_V_data_4_V]:  wired=1; compound=1; hidden=0; nouse=0; global=0; static=0; extern=0; dir=0; type=3; pingpong=0; private_global=0; IO mode=ap_fifo:ce=0
Port [ res_V_data_0_V]:  wired=1; compound=1; hidden=0; nouse=0; global=0; static=0; extern=0; dir=1; type=0; pingpong=0; private_global=0; IO mode=axis:ce=0
Port [ res_V_data_1_V]:  wired=1; compound=1; hidden=0; nouse=0; global=0; static=0; extern=0; dir=1; type=0; pingpong=0; private_global=0; IO mode=axis:ce=0
Port [ res_V_data_2_V]:  wired=1; compound=1; hidden=0; nouse=0; global=0; static=0; extern=0; dir=1; type=0; pingpong=0; private_global=0; IO mode=axis:ce=0
Port [ res_V_data_3_V]:  wired=1; compound=1; hidden=0; nouse=0; global=0; static=0; extern=0; dir=1; type=0; pingpong=0; private_global=0; IO mode=axis:ce=0
Port [ res_V_data_4_V]:  wired=1; compound=1; hidden=0; nouse=0; global=0; static=0; extern=0; dir=1; type=0; pingpong=0; private_global=0; IO mode=axis:ce=0
Port [ exp_table8]:  wired=0; compound=1; hidden=1; nouse=1; global=1; static=1; extern=0; dir=0; type=1; pingpong=0; private_global=0; linkage=7; visibility=0; MemPort=[11111]; IO mode=ap_memory:ce=0
Port [ invert_table9]:  wired=0; compound=1; hidden=1; nouse=1; global=1; static=1; extern=0; dir=0; type=1; pingpong=0; private_global=0; linkage=7; visibility=0; MemPort=[1]; IO mode=ap_memory:ce=0
---------------- STG Properties END ------------------

---------------- Datapath Model BEGIN ----------------

<LifeTime>
<method=bitvector/>
call_ln333        (call         ) [ 00000]
specinterface_ln0 (specinterface) [ 00000]
specinterface_ln0 (specinterface) [ 00000]
specinterface_ln0 (specinterface) [ 00000]
specinterface_ln0 (specinterface) [ 00000]
specinterface_ln0 (specinterface) [ 00000]
specinterface_ln0 (specinterface) [ 00000]
specinterface_ln0 (specinterface) [ 00000]
specinterface_ln0 (specinterface) [ 00000]
specinterface_ln0 (specinterface) [ 00000]
specinterface_ln0 (specinterface) [ 00000]
ret_ln342         (ret          ) [ 00000]
</LifeTime>

<model>

<comp_list>
<comp id="0" class="1000" name="data_V_data_0_V">
<pin_list>
<pin id="1" dir="1" index="0" bw="1" slack="0"/>
</pin_list>
<bind>
<StgValue><ssdm name="data_V_data_0_V"/></StgValue>
</bind>
</comp>

<comp id="2" class="1000" name="data_V_data_1_V">
<pin_list>
<pin id="3" dir="1" index="0" bw="1" slack="0"/>
</pin_list>
<bind>
<StgValue><ssdm name="data_V_data_1_V"/></StgValue>
</bind>
</comp>

<comp id="4" class="1000" name="data_V_data_2_V">
<pin_list>
<pin id="5" dir="1" index="0" bw="1" slack="0"/>
</pin_list>
<bind>
<StgValue><ssdm name="data_V_data_2_V"/></StgValue>
</bind>
</comp>

<comp id="6" class="1000" name="data_V_data_3_V">
<pin_list>
<pin id="7" dir="1" index="0" bw="1" slack="0"/>
</pin_list>
<bind>
<StgValue><ssdm name="data_V_data_3_V"/></StgValue>
</bind>
</comp>

<comp id="8" class="1000" name="data_V_data_4_V">
<pin_list>
<pin id="9" dir="1" index="0" bw="1" slack="0"/>
</pin_list>
<bind>
<StgValue><ssdm name="data_V_data_4_V"/></StgValue>
</bind>
</comp>

<comp id="10" class="1000" name="res_V_data_0_V">
<pin_list>
<pin id="11" dir="1" index="0" bw="1" slack="0"/>
</pin_list>
<bind>
<StgValue><ssdm name="res_V_data_0_V"/></StgValue>
</bind>
</comp>

<comp id="12" class="1000" name="res_V_data_1_V">
<pin_list>
<pin id="13" dir="1" index="0" bw="1" slack="0"/>
</pin_list>
<bind>
<StgValue><ssdm name="res_V_data_1_V"/></StgValue>
</bind>
</comp>

<comp id="14" class="1000" name="res_V_data_2_V">
<pin_list>
<pin id="15" dir="1" index="0" bw="1" slack="0"/>
</pin_list>
<bind>
<StgValue><ssdm name="res_V_data_2_V"/></StgValue>
</bind>
</comp>

<comp id="16" class="1000" name="res_V_data_3_V">
<pin_list>
<pin id="17" dir="1" index="0" bw="1" slack="0"/>
</pin_list>
<bind>
<StgValue><ssdm name="res_V_data_3_V"/></StgValue>
</bind>
</comp>

<comp id="18" class="1000" name="res_V_data_4_V">
<pin_list>
<pin id="19" dir="1" index="0" bw="1" slack="0"/>
</pin_list>
<bind>
<StgValue><ssdm name="res_V_data_4_V"/></StgValue>
</bind>
</comp>

<comp id="20" class="1000" name="exp_table8">
<pin_list>
<pin id="21" dir="1" index="0" bw="1" slack="0"/>
</pin_list>
<bind>
<StgValue><ssdm name="exp_table8"/><MemPortTyVec>1 1 1 1 1 </MemPortTyVec>
</StgValue>
</bind>
</comp>

<comp id="22" class="1000" name="invert_table9">
<pin_list>
<pin id="23" dir="1" index="0" bw="1" slack="0"/>
</pin_list>
<bind>
<StgValue><ssdm name="invert_table9"/><MemPortTyVec>1 </MemPortTyVec>
</StgValue>
</bind>
</comp>

<comp id="24" class="1001" name="const_24">
<pin_list>
<pin id="25" dir="1" index="0" bw="1" slack="0"/>
</pin_list>
<bind>
<StgValue><ssdm name="softmax_latency<array,array,softmax_config16>"/></StgValue>
</bind>
</comp>

<comp id="26" class="1001" name="const_26">
<pin_list>
<pin id="27" dir="1" index="0" bw="1" slack="2147483647"/>
</pin_list>
<bind>
<StgValue><ssdm name="_ssdm_op_SpecInterface"/></StgValue>
</bind>
</comp>

<comp id="28" class="1001" name="const_28">
<pin_list>
<pin id="29" dir="1" index="0" bw="1" slack="2147483647"/>
</pin_list>
<bind>
<StgValue><ssdm name="ap_fifo_str"/></StgValue>
</bind>
</comp>

<comp id="30" class="1001" name="const_30">
<pin_list>
<pin id="31" dir="1" index="0" bw="1" slack="2147483647"/>
</pin_list>
<bind>
<StgValue><ssdm name=""/></StgValue>
</bind>
</comp>

<comp id="32" class="1001" name="const_32">
<pin_list>
<pin id="33" dir="1" index="0" bw="1" slack="2147483647"/>
</pin_list>
<bind>
<StgValue><ssdm name="p_str1748"/></StgValue>
</bind>
</comp>

<comp id="34" class="1001" name="const_34">
<pin_list>
<pin id="35" dir="1" index="0" bw="1" slack="2147483647"/>
</pin_list>
<bind>
<StgValue><ssdm name="p_str1749"/></StgValue>
</bind>
</comp>

<comp id="36" class="1001" name="const_36">
<pin_list>
<pin id="37" dir="1" index="0" bw="1" slack="2147483647"/>
</pin_list>
<bind>
<StgValue><ssdm name="p_str1750"/></StgValue>
</bind>
</comp>

<comp id="38" class="1001" name="const_38">
<pin_list>
<pin id="39" dir="1" index="0" bw="1" slack="2147483647"/>
</pin_list>
<bind>
<StgValue><ssdm name="p_str1751"/></StgValue>
</bind>
</comp>

<comp id="40" class="1001" name="const_40">
<pin_list>
<pin id="41" dir="1" index="0" bw="1" slack="2147483647"/>
</pin_list>
<bind>
<StgValue><ssdm name=""/></StgValue>
</bind>
</comp>

<comp id="42" class="1001" name="const_42">
<pin_list>
<pin id="43" dir="1" index="0" bw="1" slack="2147483647"/>
</pin_list>
<bind>
<StgValue><ssdm name=""/></StgValue>
</bind>
</comp>

<comp id="44" class="1001" name="const_44">
<pin_list>
<pin id="45" dir="1" index="0" bw="1" slack="2147483647"/>
</pin_list>
<bind>
<StgValue><ssdm name="p_str1752"/></StgValue>
</bind>
</comp>

<comp id="46" class="1001" name="const_46">
<pin_list>
<pin id="47" dir="1" index="0" bw="1" slack="2147483647"/>
</pin_list>
<bind>
<StgValue><ssdm name="p_str1753"/></StgValue>
</bind>
</comp>

<comp id="48" class="1001" name="const_48">
<pin_list>
<pin id="49" dir="1" index="0" bw="1" slack="2147483647"/>
</pin_list>
<bind>
<StgValue><ssdm name="p_str1741"/></StgValue>
</bind>
</comp>

<comp id="50" class="1001" name="const_50">
<pin_list>
<pin id="51" dir="1" index="0" bw="1" slack="2147483647"/>
</pin_list>
<bind>
<StgValue><ssdm name="p_str1742"/></StgValue>
</bind>
</comp>

<comp id="52" class="1001" name="const_52">
<pin_list>
<pin id="53" dir="1" index="0" bw="1" slack="2147483647"/>
</pin_list>
<bind>
<StgValue><ssdm name="p_str1743"/></StgValue>
</bind>
</comp>

<comp id="54" class="1001" name="const_54">
<pin_list>
<pin id="55" dir="1" index="0" bw="1" slack="2147483647"/>
</pin_list>
<bind>
<StgValue><ssdm name="p_str1744"/></StgValue>
</bind>
</comp>

<comp id="56" class="1001" name="const_56">
<pin_list>
<pin id="57" dir="1" index="0" bw="1" slack="2147483647"/>
</pin_list>
<bind>
<StgValue><ssdm name="p_str1745"/></StgValue>
</bind>
</comp>

<comp id="58" class="1001" name="const_58">
<pin_list>
<pin id="59" dir="1" index="0" bw="1" slack="2147483647"/>
</pin_list>
<bind>
<StgValue><ssdm name="p_str1746"/></StgValue>
</bind>
</comp>

<comp id="60" class="1001" name="const_60">
<pin_list>
<pin id="61" dir="1" index="0" bw="1" slack="2147483647"/>
</pin_list>
<bind>
<StgValue><ssdm name="p_str1734"/></StgValue>
</bind>
</comp>

<comp id="62" class="1001" name="const_62">
<pin_list>
<pin id="63" dir="1" index="0" bw="1" slack="2147483647"/>
</pin_list>
<bind>
<StgValue><ssdm name="p_str1735"/></StgValue>
</bind>
</comp>

<comp id="64" class="1001" name="const_64">
<pin_list>
<pin id="65" dir="1" index="0" bw="1" slack="2147483647"/>
</pin_list>
<bind>
<StgValue><ssdm name="p_str1736"/></StgValue>
</bind>
</comp>

<comp id="66" class="1001" name="const_66">
<pin_list>
<pin id="67" dir="1" index="0" bw="1" slack="2147483647"/>
</pin_list>
<bind>
<StgValue><ssdm name="p_str1737"/></StgValue>
</bind>
</comp>

<comp id="68" class="1001" name="const_68">
<pin_list>
<pin id="69" dir="1" index="0" bw="1" slack="2147483647"/>
</pin_list>
<bind>
<StgValue><ssdm name="p_str1738"/></StgValue>
</bind>
</comp>

<comp id="70" class="1001" name="const_70">
<pin_list>
<pin id="71" dir="1" index="0" bw="1" slack="2147483647"/>
</pin_list>
<bind>
<StgValue><ssdm name="p_str1739"/></StgValue>
</bind>
</comp>

<comp id="72" class="1001" name="const_72">
<pin_list>
<pin id="73" dir="1" index="0" bw="1" slack="2147483647"/>
</pin_list>
<bind>
<StgValue><ssdm name="p_str1727"/></StgValue>
</bind>
</comp>

<comp id="74" class="1001" name="const_74">
<pin_list>
<pin id="75" dir="1" index="0" bw="1" slack="2147483647"/>
</pin_list>
<bind>
<StgValue><ssdm name="p_str1728"/></StgValue>
</bind>
</comp>

<comp id="76" class="1001" name="const_76">
<pin_list>
<pin id="77" dir="1" index="0" bw="1" slack="2147483647"/>
</pin_list>
<bind>
<StgValue><ssdm name="p_str1729"/></StgValue>
</bind>
</comp>

<comp id="78" class="1001" name="const_78">
<pin_list>
<pin id="79" dir="1" index="0" bw="1" slack="2147483647"/>
</pin_list>
<bind>
<StgValue><ssdm name="p_str1730"/></StgValue>
</bind>
</comp>

<comp id="80" class="1001" name="const_80">
<pin_list>
<pin id="81" dir="1" index="0" bw="1" slack="2147483647"/>
</pin_list>
<bind>
<StgValue><ssdm name="p_str1731"/></StgValue>
</bind>
</comp>

<comp id="82" class="1001" name="const_82">
<pin_list>
<pin id="83" dir="1" index="0" bw="1" slack="2147483647"/>
</pin_list>
<bind>
<StgValue><ssdm name="p_str1732"/></StgValue>
</bind>
</comp>

<comp id="84" class="1001" name="const_84">
<pin_list>
<pin id="85" dir="1" index="0" bw="1" slack="2147483647"/>
</pin_list>
<bind>
<StgValue><ssdm name="p_str1720"/></StgValue>
</bind>
</comp>

<comp id="86" class="1001" name="const_86">
<pin_list>
<pin id="87" dir="1" index="0" bw="1" slack="2147483647"/>
</pin_list>
<bind>
<StgValue><ssdm name="p_str1721"/></StgValue>
</bind>
</comp>

<comp id="88" class="1001" name="const_88">
<pin_list>
<pin id="89" dir="1" index="0" bw="1" slack="2147483647"/>
</pin_list>
<bind>
<StgValue><ssdm name="p_str1722"/></StgValue>
</bind>
</comp>

<comp id="90" class="1001" name="const_90">
<pin_list>
<pin id="91" dir="1" index="0" bw="1" slack="2147483647"/>
</pin_list>
<bind>
<StgValue><ssdm name="p_str1723"/></StgValue>
</bind>
</comp>

<comp id="92" class="1001" name="const_92">
<pin_list>
<pin id="93" dir="1" index="0" bw="1" slack="2147483647"/>
</pin_list>
<bind>
<StgValue><ssdm name="p_str1724"/></StgValue>
</bind>
</comp>

<comp id="94" class="1001" name="const_94">
<pin_list>
<pin id="95" dir="1" index="0" bw="1" slack="2147483647"/>
</pin_list>
<bind>
<StgValue><ssdm name="p_str1725"/></StgValue>
</bind>
</comp>

<comp id="96" class="1001" name="const_96">
<pin_list>
<pin id="97" dir="1" index="0" bw="1" slack="2147483647"/>
</pin_list>
<bind>
<StgValue><ssdm name="p_str"/></StgValue>
</bind>
</comp>

<comp id="98" class="1001" name="const_98">
<pin_list>
<pin id="99" dir="1" index="0" bw="1" slack="2147483647"/>
</pin_list>
<bind>
<StgValue><ssdm name=""/></StgValue>
</bind>
</comp>

<comp id="100" class="1001" name="const_100">
<pin_list>
<pin id="101" dir="1" index="0" bw="1" slack="2147483647"/>
</pin_list>
<bind>
<StgValue><ssdm name="p_str13"/></StgValue>
</bind>
</comp>

<comp id="102" class="1001" name="const_102">
<pin_list>
<pin id="103" dir="1" index="0" bw="1" slack="2147483647"/>
</pin_list>
<bind>
<StgValue><ssdm name="p_str14"/></StgValue>
</bind>
</comp>

<comp id="104" class="1004" name="grp_softmax_latency_array_array_softmax_config16_s_fu_104">
<pin_list>
<pin id="105" dir="0" index="0" bw="0" slack="0"/>
<pin id="106" dir="0" index="1" bw="16" slack="0"/>
<pin id="107" dir="0" index="2" bw="16" slack="0"/>
<pin id="108" dir="0" index="3" bw="16" slack="0"/>
<pin id="109" dir="0" index="4" bw="16" slack="0"/>
<pin id="110" dir="0" index="5" bw="16" slack="0"/>
<pin id="111" dir="0" index="6" bw="16" slack="0"/>
<pin id="112" dir="0" index="7" bw="16" slack="0"/>
<pin id="113" dir="0" index="8" bw="16" slack="0"/>
<pin id="114" dir="0" index="9" bw="16" slack="0"/>
<pin id="115" dir="0" index="10" bw="16" slack="0"/>
<pin id="116" dir="0" index="11" bw="18" slack="0"/>
<pin id="117" dir="0" index="12" bw="18" slack="0"/>
<pin id="118" dir="1" index="13" bw="0" slack="2147483647"/>
</pin_list>
<bind>
<opcode="call(48) " fcode="call"/>
<opset="call_ln333/1 "/>
</bind>
</comp>

</comp_list>

<net_list>
<net id="119"><net_src comp="24" pin="0"/><net_sink comp="104" pin=0"/></net>

<net id="120"><net_src comp="0" pin="0"/><net_sink comp="104" pin=1"/></net>

<net id="121"><net_src comp="2" pin="0"/><net_sink comp="104" pin=2"/></net>

<net id="122"><net_src comp="4" pin="0"/><net_sink comp="104" pin=3"/></net>

<net id="123"><net_src comp="6" pin="0"/><net_sink comp="104" pin=4"/></net>

<net id="124"><net_src comp="8" pin="0"/><net_sink comp="104" pin=5"/></net>

<net id="125"><net_src comp="10" pin="0"/><net_sink comp="104" pin=6"/></net>

<net id="126"><net_src comp="12" pin="0"/><net_sink comp="104" pin=7"/></net>

<net id="127"><net_src comp="14" pin="0"/><net_sink comp="104" pin=8"/></net>

<net id="128"><net_src comp="16" pin="0"/><net_sink comp="104" pin=9"/></net>

<net id="129"><net_src comp="18" pin="0"/><net_sink comp="104" pin=10"/></net>

<net id="130"><net_src comp="20" pin="0"/><net_sink comp="104" pin=11"/></net>

<net id="131"><net_src comp="22" pin="0"/><net_sink comp="104" pin=12"/></net>

</net_list>

</model> 
---------------- Datapath Model END ------------------

* FSMD analyzer results:
  - Output states:
	Port: res_V_data_0_V | {3 }
	Port: res_V_data_1_V | {3 }
	Port: res_V_data_2_V | {3 }
	Port: res_V_data_3_V | {3 }
	Port: res_V_data_4_V | {3 }
 - Input state : 
	Port: softmax<array,array<ap_fixed,5u>,softmax_config16> : data_V_data_0_V | {1 }
	Port: softmax<array,array<ap_fixed,5u>,softmax_config16> : data_V_data_1_V | {1 }
	Port: softmax<array,array<ap_fixed,5u>,softmax_config16> : data_V_data_2_V | {1 }
	Port: softmax<array,array<ap_fixed,5u>,softmax_config16> : data_V_data_3_V | {1 }
	Port: softmax<array,array<ap_fixed,5u>,softmax_config16> : data_V_data_4_V | {1 }
	Port: softmax<array,array<ap_fixed,5u>,softmax_config16> : exp_table8 | {1 2 }
	Port: softmax<array,array<ap_fixed,5u>,softmax_config16> : invert_table9 | {2 3 }
  - Chain level:
	State 1
	State 2
	State 3
	State 4


============================================================
+ Verbose Summary: Datapath Resource usage 
============================================================

* Functional unit list:
|----------|-----------------------------------------------------------|---------|---------|---------|---------|
| Operation|                      Functional Unit                      |  DSP48E |  Delay  |    FF   |   LUT   |
|----------|-----------------------------------------------------------|---------|---------|---------|---------|
|   call   | grp_softmax_latency_array_array_softmax_config16_s_fu_104 |    5    |  3.618  |   150   |   156   |
|----------|-----------------------------------------------------------|---------|---------|---------|---------|
|   Total  |                                                           |    5    |  3.618  |   150   |   156   |
|----------|-----------------------------------------------------------|---------|---------|---------|---------|

Memories:
N/A

* Register list:
N/A

* Multiplexer (MUX) list: 
|--------|------|------|------|--------|
|  Comp  |  Pin | Size |  BW  | S x BW |
|--------|------|------|------|--------|
|  Total |      |      |      |    0   |
|--------|------|------|------|--------|



* Summary:
+-----------+--------+--------+--------+--------+
|           | DSP48E |  Delay |   FF   |   LUT  |
+-----------+--------+--------+--------+--------+
|  Function |    5   |    3   |   150  |   156  |
|   Memory  |    -   |    -   |    -   |    -   |
|Multiplexer|    -   |    -   |    -   |    -   |
|  Register |    -   |    -   |    -   |    -   |
+-----------+--------+--------+--------+--------+
|   Total   |    5   |    3   |   150  |   156  |
+-----------+--------+--------+--------+--------+
