

================================================================
== Vivado HLS Report for 'softmax_latency_array_array_softmax_config16_s'
================================================================
* Date:           Fri Jun 11 18:33:41 2021

* Version:        2019.2 (Build 2704478 on Wed Nov 06 22:10:23 MST 2019)
* Project:        myproject_prj
* Solution:       solution1
* Product family: virtexuplus
* Target device:  xcu250-figd2104-2L-e


================================================================
== Performance Estimates
================================================================
+ Timing: 
    * Summary: 
    +--------+---------+----------+------------+
    |  Clock |  Target | Estimated| Uncertainty|
    +--------+---------+----------+------------+
    |ap_clk  | 5.00 ns | 3.680 ns |   0.62 ns  |
    +--------+---------+----------+------------+

+ Latency: 
    * Summary: 
    +---------+---------+-----------+-----------+-----+-----+----------+
    |  Latency (cycles) |   Latency (absolute)  |  Interval | Pipeline |
    |   min   |   max   |    min    |    max    | min | max |   Type   |
    +---------+---------+-----------+-----------+-----+-----+----------+
    |        2|        2| 10.000 ns | 10.000 ns |    1|    1| function |
    +---------+---------+-----------+-----------+-----+-----+----------+

    + Detail: 
        * Instance: 
        N/A

        * Loop: 
        N/A

============================================================
+ Verbose Summary: Synthesis Manager
============================================================
InlineROM: 1
ExposeGlobal: 0
============================================================
+ Verbose Summary: CDFG Model
============================================================
IsTopModel: 0
ResetActiveHigh: 1
IsCombinational: 0
IsDatapathOnly: 0
HasWiredReturn: 1
HasMFsm: 2
HasVarLatency: 0
IsPipeline: 1
IsRtlPipelined: 1
IsInstanceOverlapped: 0
IsDontTouch: 0
HasImplIP: 0
IsGatedGlobalClock: 0

+ Individual pipeline summary: 
  * Pipeline-0: initiation interval (II) = 1, depth = 3


============================================================
+ Verbose Summary: Schedule
============================================================
* Number of FSM states : 3
* Pipeline : 1
  Pipeline-0 : II = 1, D = 3, States = { 1 2 3 }
* Dataflow Pipeline: 0

* FSM state transitions: 
1 --> 2 
2 --> 3 
3 --> 

* FSM state operations: 

State 1 <SV = 0> <Delay = 2.61>
ST_1 : Operation 4 [1/1] (1.45ns)   --->   "%empty = call { i16, i16, i16, i16, i16 } @_ssdm_op_Read.ap_fifo.volatile.i16P.i16P.i16P.i16P.i16P(i16* %data_V_data_0_V, i16* %data_V_data_1_V, i16* %data_V_data_2_V, i16* %data_V_data_3_V, i16* %data_V_data_4_V)" [firmware/nnet_utils/nnet_activation_stream.h:153]   --->   Operation 4 'read' 'empty' <Predicate = true> <Delay = 1.45> <Core = "FIFO">   --->   Core 32 'FIFO' <Latency = 0> <II = 1> <Delay = 1.45> <Storage> <Opcode : 'read' 'write' 'nbread' 'nbwrite'> <Ports = 0> <Width = 16> <Depth = 1> <FIFO>
ST_1 : Operation 5 [1/1] (0.00ns)   --->   "%p_Val2_s = extractvalue { i16, i16, i16, i16, i16 } %empty, 0" [firmware/nnet_utils/nnet_activation_stream.h:153]   --->   Operation 5 'extractvalue' 'p_Val2_s' <Predicate = true> <Delay = 0.00>
ST_1 : Operation 6 [1/1] (0.00ns)   --->   "%p_Val2_2 = extractvalue { i16, i16, i16, i16, i16 } %empty, 1" [firmware/nnet_utils/nnet_activation_stream.h:153]   --->   Operation 6 'extractvalue' 'p_Val2_2' <Predicate = true> <Delay = 0.00>
ST_1 : Operation 7 [1/1] (0.00ns)   --->   "%p_Val2_4 = extractvalue { i16, i16, i16, i16, i16 } %empty, 2" [firmware/nnet_utils/nnet_activation_stream.h:153]   --->   Operation 7 'extractvalue' 'p_Val2_4' <Predicate = true> <Delay = 0.00>
ST_1 : Operation 8 [1/1] (0.00ns)   --->   "%p_Val2_6 = extractvalue { i16, i16, i16, i16, i16 } %empty, 3" [firmware/nnet_utils/nnet_activation_stream.h:153]   --->   Operation 8 'extractvalue' 'p_Val2_6' <Predicate = true> <Delay = 0.00>
ST_1 : Operation 9 [1/1] (0.00ns)   --->   "%p_Val2_8 = extractvalue { i16, i16, i16, i16, i16 } %empty, 4" [firmware/nnet_utils/nnet_activation_stream.h:153]   --->   Operation 9 'extractvalue' 'p_Val2_8' <Predicate = true> <Delay = 0.00>
ST_1 : Operation 10 [1/1] (0.00ns)   --->   "%y_V = call i10 @_ssdm_op_PartSelect.i10.i16.i32.i32(i16 %p_Val2_s, i32 6, i32 15)" [firmware/nnet_utils/nnet_activation.h:197->firmware/nnet_utils/nnet_activation_stream.h:156]   --->   Operation 10 'partselect' 'y_V' <Predicate = true> <Delay = 0.00>
ST_1 : Operation 11 [1/1] (0.00ns)   --->   "%zext_ln157 = zext i10 %y_V to i64" [firmware/nnet_utils/nnet_activation_stream.h:157]   --->   Operation 11 'zext' 'zext_ln157' <Predicate = true> <Delay = 0.00>
ST_1 : Operation 12 [1/1] (0.00ns)   --->   "%exp_table8_addr = getelementptr [1024 x i18]* @exp_table8, i64 0, i64 %zext_ln157" [firmware/nnet_utils/nnet_activation_stream.h:157]   --->   Operation 12 'getelementptr' 'exp_table8_addr' <Predicate = true> <Delay = 0.00>
ST_1 : Operation 13 [2/2] (1.15ns)   --->   "%exp_res_0_V = load i18* %exp_table8_addr, align 4" [firmware/nnet_utils/nnet_activation_stream.h:157]   --->   Operation 13 'load' 'exp_res_0_V' <Predicate = true> <Delay = 1.15> <Core = "ROM_nP">   --->   Core 52 'ROM_nP' <Latency = 1> <II = 1> <Delay = 1.15> <Storage> <Opcode : 'load'> <Ports = 0> <Width = 18> <Depth = 1024> <ROM>
ST_1 : Operation 14 [1/1] (0.00ns)   --->   "%y_V_1 = call i10 @_ssdm_op_PartSelect.i10.i16.i32.i32(i16 %p_Val2_2, i32 6, i32 15)" [firmware/nnet_utils/nnet_activation.h:197->firmware/nnet_utils/nnet_activation_stream.h:156]   --->   Operation 14 'partselect' 'y_V_1' <Predicate = true> <Delay = 0.00>
ST_1 : Operation 15 [1/1] (0.00ns)   --->   "%zext_ln157_1 = zext i10 %y_V_1 to i64" [firmware/nnet_utils/nnet_activation_stream.h:157]   --->   Operation 15 'zext' 'zext_ln157_1' <Predicate = true> <Delay = 0.00>
ST_1 : Operation 16 [1/1] (0.00ns)   --->   "%exp_table8_addr_1 = getelementptr [1024 x i18]* @exp_table8, i64 0, i64 %zext_ln157_1" [firmware/nnet_utils/nnet_activation_stream.h:157]   --->   Operation 16 'getelementptr' 'exp_table8_addr_1' <Predicate = true> <Delay = 0.00>
ST_1 : Operation 17 [2/2] (1.15ns)   --->   "%exp_res_1_V = load i18* %exp_table8_addr_1, align 4" [firmware/nnet_utils/nnet_activation_stream.h:157]   --->   Operation 17 'load' 'exp_res_1_V' <Predicate = true> <Delay = 1.15> <Core = "ROM_nP">   --->   Core 52 'ROM_nP' <Latency = 1> <II = 1> <Delay = 1.15> <Storage> <Opcode : 'load'> <Ports = 0> <Width = 18> <Depth = 1024> <ROM>
ST_1 : Operation 18 [1/1] (0.00ns)   --->   "%y_V_2 = call i10 @_ssdm_op_PartSelect.i10.i16.i32.i32(i16 %p_Val2_4, i32 6, i32 15)" [firmware/nnet_utils/nnet_activation.h:197->firmware/nnet_utils/nnet_activation_stream.h:156]   --->   Operation 18 'partselect' 'y_V_2' <Predicate = true> <Delay = 0.00>
ST_1 : Operation 19 [1/1] (0.00ns)   --->   "%zext_ln157_2 = zext i10 %y_V_2 to i64" [firmware/nnet_utils/nnet_activation_stream.h:157]   --->   Operation 19 'zext' 'zext_ln157_2' <Predicate = true> <Delay = 0.00>
ST_1 : Operation 20 [1/1] (0.00ns)   --->   "%exp_table8_addr_2 = getelementptr [1024 x i18]* @exp_table8, i64 0, i64 %zext_ln157_2" [firmware/nnet_utils/nnet_activation_stream.h:157]   --->   Operation 20 'getelementptr' 'exp_table8_addr_2' <Predicate = true> <Delay = 0.00>
ST_1 : Operation 21 [2/2] (1.15ns)   --->   "%exp_res_2_V = load i18* %exp_table8_addr_2, align 4" [firmware/nnet_utils/nnet_activation_stream.h:157]   --->   Operation 21 'load' 'exp_res_2_V' <Predicate = true> <Delay = 1.15> <Core = "ROM_nP">   --->   Core 52 'ROM_nP' <Latency = 1> <II = 1> <Delay = 1.15> <Storage> <Opcode : 'load'> <Ports = 0> <Width = 18> <Depth = 1024> <ROM>
ST_1 : Operation 22 [1/1] (0.00ns)   --->   "%y_V_3 = call i10 @_ssdm_op_PartSelect.i10.i16.i32.i32(i16 %p_Val2_6, i32 6, i32 15)" [firmware/nnet_utils/nnet_activation.h:197->firmware/nnet_utils/nnet_activation_stream.h:156]   --->   Operation 22 'partselect' 'y_V_3' <Predicate = true> <Delay = 0.00>
ST_1 : Operation 23 [1/1] (0.00ns)   --->   "%zext_ln157_3 = zext i10 %y_V_3 to i64" [firmware/nnet_utils/nnet_activation_stream.h:157]   --->   Operation 23 'zext' 'zext_ln157_3' <Predicate = true> <Delay = 0.00>
ST_1 : Operation 24 [1/1] (0.00ns)   --->   "%exp_table8_addr_3 = getelementptr [1024 x i18]* @exp_table8, i64 0, i64 %zext_ln157_3" [firmware/nnet_utils/nnet_activation_stream.h:157]   --->   Operation 24 'getelementptr' 'exp_table8_addr_3' <Predicate = true> <Delay = 0.00>
ST_1 : Operation 25 [2/2] (1.15ns)   --->   "%exp_res_3_V = load i18* %exp_table8_addr_3, align 4" [firmware/nnet_utils/nnet_activation_stream.h:157]   --->   Operation 25 'load' 'exp_res_3_V' <Predicate = true> <Delay = 1.15> <Core = "ROM_nP">   --->   Core 52 'ROM_nP' <Latency = 1> <II = 1> <Delay = 1.15> <Storage> <Opcode : 'load'> <Ports = 0> <Width = 18> <Depth = 1024> <ROM>
ST_1 : Operation 26 [1/1] (0.00ns)   --->   "%y_V_4 = call i10 @_ssdm_op_PartSelect.i10.i16.i32.i32(i16 %p_Val2_8, i32 6, i32 15)" [firmware/nnet_utils/nnet_activation.h:197->firmware/nnet_utils/nnet_activation_stream.h:156]   --->   Operation 26 'partselect' 'y_V_4' <Predicate = true> <Delay = 0.00>
ST_1 : Operation 27 [1/1] (0.00ns)   --->   "%zext_ln157_4 = zext i10 %y_V_4 to i64" [firmware/nnet_utils/nnet_activation_stream.h:157]   --->   Operation 27 'zext' 'zext_ln157_4' <Predicate = true> <Delay = 0.00>
ST_1 : Operation 28 [1/1] (0.00ns)   --->   "%exp_table8_addr_4 = getelementptr [1024 x i18]* @exp_table8, i64 0, i64 %zext_ln157_4" [firmware/nnet_utils/nnet_activation_stream.h:157]   --->   Operation 28 'getelementptr' 'exp_table8_addr_4' <Predicate = true> <Delay = 0.00>
ST_1 : Operation 29 [2/2] (1.15ns)   --->   "%exp_res_4_V = load i18* %exp_table8_addr_4, align 4" [firmware/nnet_utils/nnet_activation_stream.h:157]   --->   Operation 29 'load' 'exp_res_4_V' <Predicate = true> <Delay = 1.15> <Core = "ROM_nP">   --->   Core 52 'ROM_nP' <Latency = 1> <II = 1> <Delay = 1.15> <Storage> <Opcode : 'load'> <Ports = 0> <Width = 18> <Depth = 1024> <ROM>

State 2 <SV = 1> <Delay = 3.68>
ST_2 : Operation 30 [1/2] (1.15ns)   --->   "%exp_res_0_V = load i18* %exp_table8_addr, align 4" [firmware/nnet_utils/nnet_activation_stream.h:157]   --->   Operation 30 'load' 'exp_res_0_V' <Predicate = true> <Delay = 1.15> <Core = "ROM_nP">   --->   Core 52 'ROM_nP' <Latency = 1> <II = 1> <Delay = 1.15> <Storage> <Opcode : 'load'> <Ports = 0> <Width = 18> <Depth = 1024> <ROM>
ST_2 : Operation 31 [1/2] (1.15ns)   --->   "%exp_res_1_V = load i18* %exp_table8_addr_1, align 4" [firmware/nnet_utils/nnet_activation_stream.h:157]   --->   Operation 31 'load' 'exp_res_1_V' <Predicate = true> <Delay = 1.15> <Core = "ROM_nP">   --->   Core 52 'ROM_nP' <Latency = 1> <II = 1> <Delay = 1.15> <Storage> <Opcode : 'load'> <Ports = 0> <Width = 18> <Depth = 1024> <ROM>
ST_2 : Operation 32 [1/2] (1.15ns)   --->   "%exp_res_2_V = load i18* %exp_table8_addr_2, align 4" [firmware/nnet_utils/nnet_activation_stream.h:157]   --->   Operation 32 'load' 'exp_res_2_V' <Predicate = true> <Delay = 1.15> <Core = "ROM_nP">   --->   Core 52 'ROM_nP' <Latency = 1> <II = 1> <Delay = 1.15> <Storage> <Opcode : 'load'> <Ports = 0> <Width = 18> <Depth = 1024> <ROM>
ST_2 : Operation 33 [1/2] (1.15ns)   --->   "%exp_res_3_V = load i18* %exp_table8_addr_3, align 4" [firmware/nnet_utils/nnet_activation_stream.h:157]   --->   Operation 33 'load' 'exp_res_3_V' <Predicate = true> <Delay = 1.15> <Core = "ROM_nP">   --->   Core 52 'ROM_nP' <Latency = 1> <II = 1> <Delay = 1.15> <Storage> <Opcode : 'load'> <Ports = 0> <Width = 18> <Depth = 1024> <ROM>
ST_2 : Operation 34 [1/2] (1.15ns)   --->   "%exp_res_4_V = load i18* %exp_table8_addr_4, align 4" [firmware/nnet_utils/nnet_activation_stream.h:157]   --->   Operation 34 'load' 'exp_res_4_V' <Predicate = true> <Delay = 1.15> <Core = "ROM_nP">   --->   Core 52 'ROM_nP' <Latency = 1> <II = 1> <Delay = 1.15> <Storage> <Opcode : 'load'> <Ports = 0> <Width = 18> <Depth = 1024> <ROM>
ST_2 : Operation 35 [1/1] (0.00ns) (grouped into TernaryAdder)   --->   "%add_ln703 = add i18 %exp_res_0_V, %exp_res_1_V" [firmware/nnet_utils/nnet_common.h:70->firmware/nnet_utils/nnet_common.h:62->firmware/nnet_utils/nnet_activation_stream.h:164]   --->   Operation 35 'add' 'add_ln703' <Predicate = true> <Delay = 0.00> <Core = "TAddSub">   --->   Core 83 'TAddSub' <Latency = 0> <II = 1> <Delay = 0.34> <IPBlock> <Opcode : 'add' 'sub'> <InPorts = 3> <OutPorts = 1> <Sync> <CReg>
ST_2 : Operation 36 [1/1] (0.00ns) (grouped into TernaryAdder)   --->   "%add_ln703_1 = add i18 %exp_res_2_V, %exp_res_4_V" [firmware/nnet_utils/nnet_common.h:70->firmware/nnet_utils/nnet_common.h:62->firmware/nnet_utils/nnet_activation_stream.h:164]   --->   Operation 36 'add' 'add_ln703_1' <Predicate = true> <Delay = 0.00> <Core = "TAddSub">   --->   Core 83 'TAddSub' <Latency = 0> <II = 1> <Delay = 0.34> <IPBlock> <Opcode : 'add' 'sub'> <InPorts = 3> <OutPorts = 1> <Sync> <CReg>
ST_2 : Operation 37 [1/1] (0.68ns) (root node of TernaryAdder)   --->   "%add_ln703_2 = add i18 %add_ln703_1, %exp_res_3_V" [firmware/nnet_utils/nnet_common.h:70->firmware/nnet_utils/nnet_common.h:62->firmware/nnet_utils/nnet_activation_stream.h:164]   --->   Operation 37 'add' 'add_ln703_2' <Predicate = true> <Delay = 0.68> <Core = "TAddSub">   --->   Core 83 'TAddSub' <Latency = 0> <II = 1> <Delay = 0.34> <IPBlock> <Opcode : 'add' 'sub'> <InPorts = 3> <OutPorts = 1> <Sync> <CReg>
ST_2 : Operation 38 [1/1] (0.68ns) (root node of TernaryAdder)   --->   "%exp_sum_V = add i18 %add_ln703_2, %add_ln703" [firmware/nnet_utils/nnet_common.h:70->firmware/nnet_utils/nnet_common.h:62->firmware/nnet_utils/nnet_activation_stream.h:164]   --->   Operation 38 'add' 'exp_sum_V' <Predicate = true> <Delay = 0.68> <Core = "TAddSub">   --->   Core 83 'TAddSub' <Latency = 0> <II = 1> <Delay = 0.34> <IPBlock> <Opcode : 'add' 'sub'> <InPorts = 3> <OutPorts = 1> <Sync> <CReg>
ST_2 : Operation 39 [1/1] (0.00ns)   --->   "%y_V_5 = call i10 @_ssdm_op_PartSelect.i10.i18.i32.i32(i18 %exp_sum_V, i32 8, i32 17)" [firmware/nnet_utils/nnet_activation.h:197->firmware/nnet_utils/nnet_activation_stream.h:166]   --->   Operation 39 'partselect' 'y_V_5' <Predicate = true> <Delay = 0.00>
ST_2 : Operation 40 [1/1] (0.00ns)   --->   "%zext_ln166 = zext i10 %y_V_5 to i64" [firmware/nnet_utils/nnet_activation_stream.h:166]   --->   Operation 40 'zext' 'zext_ln166' <Predicate = true> <Delay = 0.00>
ST_2 : Operation 41 [1/1] (0.00ns)   --->   "%invert_table9_addr = getelementptr [1024 x i18]* @invert_table9, i64 0, i64 %zext_ln166" [firmware/nnet_utils/nnet_activation_stream.h:166]   --->   Operation 41 'getelementptr' 'invert_table9_addr' <Predicate = true> <Delay = 0.00>
ST_2 : Operation 42 [2/2] (1.15ns)   --->   "%inv_exp_sum_V = load i18* %invert_table9_addr, align 4" [firmware/nnet_utils/nnet_activation_stream.h:166]   --->   Operation 42 'load' 'inv_exp_sum_V' <Predicate = true> <Delay = 1.15> <Core = "ROM_nP">   --->   Core 52 'ROM_nP' <Latency = 1> <II = 1> <Delay = 1.15> <Storage> <Opcode : 'load'> <Ports = 0> <Width = 18> <Depth = 1024> <ROM>

State 3 <SV = 2> <Delay = 3.19>
ST_3 : Operation 43 [1/1] (0.00ns)   --->   "call void (...)* @_ssdm_op_SpecInterface(i16* %data_V_data_0_V, [8 x i8]* @ap_fifo_str, i32 0, i32 0, [1 x i8]* @p_str1720, i32 0, i32 0, [1 x i8]* @p_str1721, [1 x i8]* @p_str1722, [1 x i8]* @p_str1723, i32 2, i32 2, i32 16, i32 16, [1 x i8]* @p_str1724, [1 x i8]* @p_str1725)"   --->   Operation 43 'specinterface' <Predicate = true> <Delay = 0.00>
ST_3 : Operation 44 [1/1] (0.00ns)   --->   "call void (...)* @_ssdm_op_SpecInterface(i16* %data_V_data_1_V, [8 x i8]* @ap_fifo_str, i32 0, i32 0, [1 x i8]* @p_str1727, i32 0, i32 0, [1 x i8]* @p_str1728, [1 x i8]* @p_str1729, [1 x i8]* @p_str1730, i32 2, i32 2, i32 16, i32 16, [1 x i8]* @p_str1731, [1 x i8]* @p_str1732)"   --->   Operation 44 'specinterface' <Predicate = true> <Delay = 0.00>
ST_3 : Operation 45 [1/1] (0.00ns)   --->   "call void (...)* @_ssdm_op_SpecInterface(i16* %data_V_data_2_V, [8 x i8]* @ap_fifo_str, i32 0, i32 0, [1 x i8]* @p_str1734, i32 0, i32 0, [1 x i8]* @p_str1735, [1 x i8]* @p_str1736, [1 x i8]* @p_str1737, i32 2, i32 2, i32 16, i32 16, [1 x i8]* @p_str1738, [1 x i8]* @p_str1739)"   --->   Operation 45 'specinterface' <Predicate = true> <Delay = 0.00>
ST_3 : Operation 46 [1/1] (0.00ns)   --->   "call void (...)* @_ssdm_op_SpecInterface(i16* %data_V_data_3_V, [8 x i8]* @ap_fifo_str, i32 0, i32 0, [1 x i8]* @p_str1741, i32 0, i32 0, [1 x i8]* @p_str1742, [1 x i8]* @p_str1743, [1 x i8]* @p_str1744, i32 2, i32 2, i32 16, i32 16, [1 x i8]* @p_str1745, [1 x i8]* @p_str1746)"   --->   Operation 46 'specinterface' <Predicate = true> <Delay = 0.00>
ST_3 : Operation 47 [1/1] (0.00ns)   --->   "call void (...)* @_ssdm_op_SpecInterface(i16* %data_V_data_4_V, [8 x i8]* @ap_fifo_str, i32 0, i32 0, [1 x i8]* @p_str1748, i32 0, i32 0, [1 x i8]* @p_str1749, [1 x i8]* @p_str1750, [1 x i8]* @p_str1751, i32 2, i32 2, i32 16, i32 16, [1 x i8]* @p_str1752, [1 x i8]* @p_str1753)"   --->   Operation 47 'specinterface' <Predicate = true> <Delay = 0.00>
ST_3 : Operation 48 [1/1] (0.00ns)   --->   "call void (...)* @_ssdm_op_SpecInterface(i16* %res_V_data_0_V, [5 x i8]* @p_str, i32 0, i32 0, [5 x i8]* @p_str13, i32 0, i32 0, [1 x i8]* @p_str14, [1 x i8]* @p_str14, [1 x i8]* @p_str14, i32 0, i32 0, i32 0, i32 0, [1 x i8]* @p_str14, [1 x i8]* @p_str14)"   --->   Operation 48 'specinterface' <Predicate = true> <Delay = 0.00>
ST_3 : Operation 49 [1/1] (0.00ns)   --->   "call void (...)* @_ssdm_op_SpecInterface(i16* %res_V_data_1_V, [5 x i8]* @p_str, i32 0, i32 0, [5 x i8]* @p_str13, i32 0, i32 0, [1 x i8]* @p_str14, [1 x i8]* @p_str14, [1 x i8]* @p_str14, i32 0, i32 0, i32 0, i32 0, [1 x i8]* @p_str14, [1 x i8]* @p_str14)"   --->   Operation 49 'specinterface' <Predicate = true> <Delay = 0.00>
ST_3 : Operation 50 [1/1] (0.00ns)   --->   "call void (...)* @_ssdm_op_SpecInterface(i16* %res_V_data_2_V, [5 x i8]* @p_str, i32 0, i32 0, [5 x i8]* @p_str13, i32 0, i32 0, [1 x i8]* @p_str14, [1 x i8]* @p_str14, [1 x i8]* @p_str14, i32 0, i32 0, i32 0, i32 0, [1 x i8]* @p_str14, [1 x i8]* @p_str14)"   --->   Operation 50 'specinterface' <Predicate = true> <Delay = 0.00>
ST_3 : Operation 51 [1/1] (0.00ns)   --->   "call void (...)* @_ssdm_op_SpecInterface(i16* %res_V_data_3_V, [5 x i8]* @p_str, i32 0, i32 0, [5 x i8]* @p_str13, i32 0, i32 0, [1 x i8]* @p_str14, [1 x i8]* @p_str14, [1 x i8]* @p_str14, i32 0, i32 0, i32 0, i32 0, [1 x i8]* @p_str14, [1 x i8]* @p_str14)"   --->   Operation 51 'specinterface' <Predicate = true> <Delay = 0.00>
ST_3 : Operation 52 [1/1] (0.00ns)   --->   "call void (...)* @_ssdm_op_SpecInterface(i16* %res_V_data_4_V, [5 x i8]* @p_str, i32 0, i32 0, [5 x i8]* @p_str13, i32 0, i32 0, [1 x i8]* @p_str14, [1 x i8]* @p_str14, [1 x i8]* @p_str14, i32 0, i32 0, i32 0, i32 0, [1 x i8]* @p_str14, [1 x i8]* @p_str14)"   --->   Operation 52 'specinterface' <Predicate = true> <Delay = 0.00>
ST_3 : Operation 53 [1/1] (0.00ns)   --->   "call void (...)* @_ssdm_op_SpecLoopName([15 x i8]* @p_str25) nounwind" [firmware/nnet_utils/nnet_activation_stream.h:149]   --->   Operation 53 'specloopname' <Predicate = true> <Delay = 0.00>
ST_3 : Operation 54 [1/2] (1.15ns)   --->   "%inv_exp_sum_V = load i18* %invert_table9_addr, align 4" [firmware/nnet_utils/nnet_activation_stream.h:166]   --->   Operation 54 'load' 'inv_exp_sum_V' <Predicate = true> <Delay = 1.15> <Core = "ROM_nP">   --->   Core 52 'ROM_nP' <Latency = 1> <II = 1> <Delay = 1.15> <Storage> <Opcode : 'load'> <Ports = 0> <Width = 18> <Depth = 1024> <ROM>
ST_3 : Operation 55 [1/1] (0.00ns)   --->   "%sext_ln167 = sext i18 %inv_exp_sum_V to i30" [firmware/nnet_utils/nnet_activation_stream.h:167]   --->   Operation 55 'sext' 'sext_ln167' <Predicate = true> <Delay = 0.00>
ST_3 : Operation 56 [1/1] (0.00ns)   --->   "call void (...)* @_ssdm_op_SpecLoopName([15 x i8]* @p_str27) nounwind" [firmware/nnet_utils/nnet_activation_stream.h:167]   --->   Operation 56 'specloopname' <Predicate = true> <Delay = 0.00>
ST_3 : Operation 57 [1/1] (0.00ns)   --->   "%tmp = call i32 (...)* @_ssdm_op_SpecRegionBegin([15 x i8]* @p_str27)" [firmware/nnet_utils/nnet_activation_stream.h:167]   --->   Operation 57 'specregionbegin' 'tmp' <Predicate = true> <Delay = 0.00>
ST_3 : Operation 58 [1/1] (0.00ns)   --->   "call void (...)* @_ssdm_op_SpecPipeline(i32 1, i32 1, i32 1, i32 0, [1 x i8]* @p_str14) nounwind" [firmware/nnet_utils/nnet_activation_stream.h:168]   --->   Operation 58 'specpipeline' <Predicate = true> <Delay = 0.00>
ST_3 : Operation 59 [1/1] (0.00ns)   --->   "%tmp_2 = call i32 (...)* @_ssdm_op_SpecRegionBegin([19 x i8]* @p_str28)" [firmware/nnet_utils/nnet_activation_stream.h:172]   --->   Operation 59 'specregionbegin' 'tmp_2' <Predicate = true> <Delay = 0.00>
ST_3 : Operation 60 [1/1] (0.00ns)   --->   "call void (...)* @_ssdm_op_SpecResourceLimit(i32 5, [4 x i8]* @p_str29, [1 x i8]* @p_str14, [1 x i8]* @p_str14, [1 x i8]* @p_str14) nounwind" [firmware/nnet_utils/nnet_activation_stream.h:174]   --->   Operation 60 'specresourcelimit' <Predicate = true> <Delay = 0.00>
ST_3 : Operation 61 [1/1] (0.00ns)   --->   "%sext_ln1118 = sext i18 %exp_res_0_V to i30" [firmware/nnet_utils/nnet_activation_stream.h:175]   --->   Operation 61 'sext' 'sext_ln1118' <Predicate = true> <Delay = 0.00>
ST_3 : Operation 62 [1/1] (2.03ns)   --->   "%mul_ln1118 = mul i30 %sext_ln1118, %sext_ln167" [firmware/nnet_utils/nnet_activation_stream.h:175]   --->   Operation 62 'mul' 'mul_ln1118' <Predicate = true> <Delay = 2.03> <Core = "Mul">   --->   Core 16 'Mul' <Latency = 0> <II = 1> <Delay = 2.03> <FuncUnit> <Opcode : 'mul'> <InPorts = 2> <OutPorts = 1>
ST_3 : Operation 63 [1/1] (0.00ns)   --->   "%tmp_data_0_V = call i16 @_ssdm_op_PartSelect.i16.i30.i32.i32(i30 %mul_ln1118, i32 14, i32 29)" [firmware/nnet_utils/nnet_activation_stream.h:175]   --->   Operation 63 'partselect' 'tmp_data_0_V' <Predicate = true> <Delay = 0.00>
ST_3 : Operation 64 [1/1] (0.00ns)   --->   "%empty_31 = call i32 (...)* @_ssdm_op_SpecRegionEnd([19 x i8]* @p_str28, i32 %tmp_2)" [firmware/nnet_utils/nnet_activation_stream.h:176]   --->   Operation 64 'specregionend' 'empty_31' <Predicate = true> <Delay = 0.00>
ST_3 : Operation 65 [1/1] (0.00ns)   --->   "%tmp_3 = call i32 (...)* @_ssdm_op_SpecRegionBegin([19 x i8]* @p_str28)" [firmware/nnet_utils/nnet_activation_stream.h:172]   --->   Operation 65 'specregionbegin' 'tmp_3' <Predicate = true> <Delay = 0.00>
ST_3 : Operation 66 [1/1] (0.00ns)   --->   "call void (...)* @_ssdm_op_SpecResourceLimit(i32 5, [4 x i8]* @p_str29, [1 x i8]* @p_str14, [1 x i8]* @p_str14, [1 x i8]* @p_str14) nounwind" [firmware/nnet_utils/nnet_activation_stream.h:174]   --->   Operation 66 'specresourcelimit' <Predicate = true> <Delay = 0.00>
ST_3 : Operation 67 [1/1] (0.00ns)   --->   "%sext_ln1118_1 = sext i18 %exp_res_1_V to i30" [firmware/nnet_utils/nnet_activation_stream.h:175]   --->   Operation 67 'sext' 'sext_ln1118_1' <Predicate = true> <Delay = 0.00>
ST_3 : Operation 68 [1/1] (2.03ns)   --->   "%mul_ln1118_1 = mul i30 %sext_ln1118_1, %sext_ln167" [firmware/nnet_utils/nnet_activation_stream.h:175]   --->   Operation 68 'mul' 'mul_ln1118_1' <Predicate = true> <Delay = 2.03> <Core = "Mul">   --->   Core 16 'Mul' <Latency = 0> <II = 1> <Delay = 2.03> <FuncUnit> <Opcode : 'mul'> <InPorts = 2> <OutPorts = 1>
ST_3 : Operation 69 [1/1] (0.00ns)   --->   "%tmp_data_1_V = call i16 @_ssdm_op_PartSelect.i16.i30.i32.i32(i30 %mul_ln1118_1, i32 14, i32 29)" [firmware/nnet_utils/nnet_activation_stream.h:175]   --->   Operation 69 'partselect' 'tmp_data_1_V' <Predicate = true> <Delay = 0.00>
ST_3 : Operation 70 [1/1] (0.00ns)   --->   "%empty_32 = call i32 (...)* @_ssdm_op_SpecRegionEnd([19 x i8]* @p_str28, i32 %tmp_3)" [firmware/nnet_utils/nnet_activation_stream.h:176]   --->   Operation 70 'specregionend' 'empty_32' <Predicate = true> <Delay = 0.00>
ST_3 : Operation 71 [1/1] (0.00ns)   --->   "%tmp_4 = call i32 (...)* @_ssdm_op_SpecRegionBegin([19 x i8]* @p_str28)" [firmware/nnet_utils/nnet_activation_stream.h:172]   --->   Operation 71 'specregionbegin' 'tmp_4' <Predicate = true> <Delay = 0.00>
ST_3 : Operation 72 [1/1] (0.00ns)   --->   "call void (...)* @_ssdm_op_SpecResourceLimit(i32 5, [4 x i8]* @p_str29, [1 x i8]* @p_str14, [1 x i8]* @p_str14, [1 x i8]* @p_str14) nounwind" [firmware/nnet_utils/nnet_activation_stream.h:174]   --->   Operation 72 'specresourcelimit' <Predicate = true> <Delay = 0.00>
ST_3 : Operation 73 [1/1] (0.00ns)   --->   "%sext_ln1118_2 = sext i18 %exp_res_2_V to i30" [firmware/nnet_utils/nnet_activation_stream.h:175]   --->   Operation 73 'sext' 'sext_ln1118_2' <Predicate = true> <Delay = 0.00>
ST_3 : Operation 74 [1/1] (2.03ns)   --->   "%mul_ln1118_2 = mul i30 %sext_ln1118_2, %sext_ln167" [firmware/nnet_utils/nnet_activation_stream.h:175]   --->   Operation 74 'mul' 'mul_ln1118_2' <Predicate = true> <Delay = 2.03> <Core = "Mul">   --->   Core 16 'Mul' <Latency = 0> <II = 1> <Delay = 2.03> <FuncUnit> <Opcode : 'mul'> <InPorts = 2> <OutPorts = 1>
ST_3 : Operation 75 [1/1] (0.00ns)   --->   "%tmp_data_2_V = call i16 @_ssdm_op_PartSelect.i16.i30.i32.i32(i30 %mul_ln1118_2, i32 14, i32 29)" [firmware/nnet_utils/nnet_activation_stream.h:175]   --->   Operation 75 'partselect' 'tmp_data_2_V' <Predicate = true> <Delay = 0.00>
ST_3 : Operation 76 [1/1] (0.00ns)   --->   "%empty_33 = call i32 (...)* @_ssdm_op_SpecRegionEnd([19 x i8]* @p_str28, i32 %tmp_4)" [firmware/nnet_utils/nnet_activation_stream.h:176]   --->   Operation 76 'specregionend' 'empty_33' <Predicate = true> <Delay = 0.00>
ST_3 : Operation 77 [1/1] (0.00ns)   --->   "%tmp_5 = call i32 (...)* @_ssdm_op_SpecRegionBegin([19 x i8]* @p_str28)" [firmware/nnet_utils/nnet_activation_stream.h:172]   --->   Operation 77 'specregionbegin' 'tmp_5' <Predicate = true> <Delay = 0.00>
ST_3 : Operation 78 [1/1] (0.00ns)   --->   "call void (...)* @_ssdm_op_SpecResourceLimit(i32 5, [4 x i8]* @p_str29, [1 x i8]* @p_str14, [1 x i8]* @p_str14, [1 x i8]* @p_str14) nounwind" [firmware/nnet_utils/nnet_activation_stream.h:174]   --->   Operation 78 'specresourcelimit' <Predicate = true> <Delay = 0.00>
ST_3 : Operation 79 [1/1] (0.00ns)   --->   "%sext_ln1118_3 = sext i18 %exp_res_3_V to i30" [firmware/nnet_utils/nnet_activation_stream.h:175]   --->   Operation 79 'sext' 'sext_ln1118_3' <Predicate = true> <Delay = 0.00>
ST_3 : Operation 80 [1/1] (2.03ns)   --->   "%mul_ln1118_3 = mul i30 %sext_ln1118_3, %sext_ln167" [firmware/nnet_utils/nnet_activation_stream.h:175]   --->   Operation 80 'mul' 'mul_ln1118_3' <Predicate = true> <Delay = 2.03> <Core = "Mul">   --->   Core 16 'Mul' <Latency = 0> <II = 1> <Delay = 2.03> <FuncUnit> <Opcode : 'mul'> <InPorts = 2> <OutPorts = 1>
ST_3 : Operation 81 [1/1] (0.00ns)   --->   "%tmp_data_3_V = call i16 @_ssdm_op_PartSelect.i16.i30.i32.i32(i30 %mul_ln1118_3, i32 14, i32 29)" [firmware/nnet_utils/nnet_activation_stream.h:175]   --->   Operation 81 'partselect' 'tmp_data_3_V' <Predicate = true> <Delay = 0.00>
ST_3 : Operation 82 [1/1] (0.00ns)   --->   "%empty_34 = call i32 (...)* @_ssdm_op_SpecRegionEnd([19 x i8]* @p_str28, i32 %tmp_5)" [firmware/nnet_utils/nnet_activation_stream.h:176]   --->   Operation 82 'specregionend' 'empty_34' <Predicate = true> <Delay = 0.00>
ST_3 : Operation 83 [1/1] (0.00ns)   --->   "%tmp_6 = call i32 (...)* @_ssdm_op_SpecRegionBegin([19 x i8]* @p_str28)" [firmware/nnet_utils/nnet_activation_stream.h:172]   --->   Operation 83 'specregionbegin' 'tmp_6' <Predicate = true> <Delay = 0.00>
ST_3 : Operation 84 [1/1] (0.00ns)   --->   "call void (...)* @_ssdm_op_SpecResourceLimit(i32 5, [4 x i8]* @p_str29, [1 x i8]* @p_str14, [1 x i8]* @p_str14, [1 x i8]* @p_str14) nounwind" [firmware/nnet_utils/nnet_activation_stream.h:174]   --->   Operation 84 'specresourcelimit' <Predicate = true> <Delay = 0.00>
ST_3 : Operation 85 [1/1] (0.00ns)   --->   "%sext_ln1118_4 = sext i18 %exp_res_4_V to i30" [firmware/nnet_utils/nnet_activation_stream.h:175]   --->   Operation 85 'sext' 'sext_ln1118_4' <Predicate = true> <Delay = 0.00>
ST_3 : Operation 86 [1/1] (2.03ns)   --->   "%mul_ln1118_4 = mul i30 %sext_ln1118_4, %sext_ln167" [firmware/nnet_utils/nnet_activation_stream.h:175]   --->   Operation 86 'mul' 'mul_ln1118_4' <Predicate = true> <Delay = 2.03> <Core = "Mul">   --->   Core 16 'Mul' <Latency = 0> <II = 1> <Delay = 2.03> <FuncUnit> <Opcode : 'mul'> <InPorts = 2> <OutPorts = 1>
ST_3 : Operation 87 [1/1] (0.00ns)   --->   "%tmp_data_4_V = call i16 @_ssdm_op_PartSelect.i16.i30.i32.i32(i30 %mul_ln1118_4, i32 14, i32 29)" [firmware/nnet_utils/nnet_activation_stream.h:175]   --->   Operation 87 'partselect' 'tmp_data_4_V' <Predicate = true> <Delay = 0.00>
ST_3 : Operation 88 [1/1] (0.00ns)   --->   "%empty_35 = call i32 (...)* @_ssdm_op_SpecRegionEnd([19 x i8]* @p_str28, i32 %tmp_6)" [firmware/nnet_utils/nnet_activation_stream.h:176]   --->   Operation 88 'specregionend' 'empty_35' <Predicate = true> <Delay = 0.00>
ST_3 : Operation 89 [1/1] (0.00ns)   --->   "call void @_ssdm_op_Write.axis.volatile.i16P.i16P.i16P.i16P.i16P(i16* %res_V_data_0_V, i16* %res_V_data_1_V, i16* %res_V_data_2_V, i16* %res_V_data_3_V, i16* %res_V_data_4_V, i16 %tmp_data_0_V, i16 %tmp_data_1_V, i16 %tmp_data_2_V, i16 %tmp_data_3_V, i16 %tmp_data_4_V)" [firmware/nnet_utils/nnet_activation_stream.h:177]   --->   Operation 89 'write' <Predicate = true> <Delay = 0.00> <Core = "AXI4Stream">   --->   Core 5 'AXI4Stream' <Latency = 0> <II = 1> <Delay = 1.00> <Adapter> <Opcode : >
ST_3 : Operation 90 [1/1] (0.00ns)   --->   "%empty_36 = call i32 (...)* @_ssdm_op_SpecRegionEnd([15 x i8]* @p_str27, i32 %tmp)" [firmware/nnet_utils/nnet_activation_stream.h:178]   --->   Operation 90 'specregionend' 'empty_36' <Predicate = true> <Delay = 0.00>
ST_3 : Operation 91 [1/1] (0.00ns)   --->   "ret void" [firmware/nnet_utils/nnet_activation_stream.h:179]   --->   Operation 91 'ret' <Predicate = true> <Delay = 0.00>


============================================================
+ Verbose Summary: Binding
============================================================
STG Binding: 
---------------- STG Properties BEGIN ----------------
- Is combinational: 0
- Is one-state seq: 0
- Is datapath-only: 0
- Is pipelined: 1
- Is top level: 0
Port [ Return ] is wired: 1; IO mode=ap_ctrl_hs:ce=0
Port [ data_V_data_0_V]:  wired=1; compound=1; hidden=0; nouse=0; global=0; static=0; extern=0; dir=0; type=3; pingpong=0; private_global=0; IO mode=ap_fifo:ce=0
Port [ data_V_data_1_V]:  wired=1; compound=1; hidden=0; nouse=0; global=0; static=0; extern=0; dir=0; type=3; pingpong=0; private_global=0; IO mode=ap_fifo:ce=0
Port [ data_V_data_2_V]:  wired=1; compound=1; hidden=0; nouse=0; global=0; static=0; extern=0; dir=0; type=3; pingpong=0; private_global=0; IO mode=ap_fifo:ce=0
Port [ data_V_data_3_V]:  wired=1; compound=1; hidden=0; nouse=0; global=0; static=0; extern=0; dir=0; type=3; pingpong=0; private_global=0; IO mode=ap_fifo:ce=0
Port [ data_V_data_4_V]:  wired=1; compound=1; hidden=0; nouse=0; global=0; static=0; extern=0; dir=0; type=3; pingpong=0; private_global=0; IO mode=ap_fifo:ce=0
Port [ res_V_data_0_V]:  wired=1; compound=1; hidden=0; nouse=0; global=0; static=0; extern=0; dir=1; type=0; pingpong=0; private_global=0; IO mode=axis:ce=0
Port [ res_V_data_1_V]:  wired=1; compound=1; hidden=0; nouse=0; global=0; static=0; extern=0; dir=1; type=0; pingpong=0; private_global=0; IO mode=axis:ce=0
Port [ res_V_data_2_V]:  wired=1; compound=1; hidden=0; nouse=0; global=0; static=0; extern=0; dir=1; type=0; pingpong=0; private_global=0; IO mode=axis:ce=0
Port [ res_V_data_3_V]:  wired=1; compound=1; hidden=0; nouse=0; global=0; static=0; extern=0; dir=1; type=0; pingpong=0; private_global=0; IO mode=axis:ce=0
Port [ res_V_data_4_V]:  wired=1; compound=1; hidden=0; nouse=0; global=0; static=0; extern=0; dir=1; type=0; pingpong=0; private_global=0; IO mode=axis:ce=0
Port [ exp_table8]:  wired=0; compound=1; hidden=1; nouse=0; global=1; static=1; extern=0; dir=0; type=1; pingpong=0; private_global=1; linkage=7; visibility=0; MemPort=[11111]; IO mode=ap_memory:ce=0
Port [ invert_table9]:  wired=0; compound=1; hidden=1; nouse=0; global=1; static=1; extern=0; dir=0; type=1; pingpong=0; private_global=1; linkage=7; visibility=0; MemPort=[1]; IO mode=ap_memory:ce=0
---------------- STG Properties END ------------------

---------------- Datapath Model BEGIN ----------------

<LifeTime>
<method=bitvector/>
empty                   (read             ) [ 0000]
p_Val2_s                (extractvalue     ) [ 0000]
p_Val2_2                (extractvalue     ) [ 0000]
p_Val2_4                (extractvalue     ) [ 0000]
p_Val2_6                (extractvalue     ) [ 0000]
p_Val2_8                (extractvalue     ) [ 0000]
y_V                     (partselect       ) [ 0000]
zext_ln157              (zext             ) [ 0000]
exp_table8_addr         (getelementptr    ) [ 0110]
y_V_1                   (partselect       ) [ 0000]
zext_ln157_1            (zext             ) [ 0000]
exp_table8_addr_1       (getelementptr    ) [ 0110]
y_V_2                   (partselect       ) [ 0000]
zext_ln157_2            (zext             ) [ 0000]
exp_table8_addr_2       (getelementptr    ) [ 0110]
y_V_3                   (partselect       ) [ 0000]
zext_ln157_3            (zext             ) [ 0000]
exp_table8_addr_3       (getelementptr    ) [ 0110]
y_V_4                   (partselect       ) [ 0000]
zext_ln157_4            (zext             ) [ 0000]
exp_table8_addr_4       (getelementptr    ) [ 0110]
exp_res_0_V             (load             ) [ 0101]
exp_res_1_V             (load             ) [ 0101]
exp_res_2_V             (load             ) [ 0101]
exp_res_3_V             (load             ) [ 0101]
exp_res_4_V             (load             ) [ 0101]
add_ln703               (add              ) [ 0000]
add_ln703_1             (add              ) [ 0000]
add_ln703_2             (add              ) [ 0000]
exp_sum_V               (add              ) [ 0000]
y_V_5                   (partselect       ) [ 0000]
zext_ln166              (zext             ) [ 0000]
invert_table9_addr      (getelementptr    ) [ 0101]
specinterface_ln0       (specinterface    ) [ 0000]
specinterface_ln0       (specinterface    ) [ 0000]
specinterface_ln0       (specinterface    ) [ 0000]
specinterface_ln0       (specinterface    ) [ 0000]
specinterface_ln0       (specinterface    ) [ 0000]
specinterface_ln0       (specinterface    ) [ 0000]
specinterface_ln0       (specinterface    ) [ 0000]
specinterface_ln0       (specinterface    ) [ 0000]
specinterface_ln0       (specinterface    ) [ 0000]
specinterface_ln0       (specinterface    ) [ 0000]
specloopname_ln149      (specloopname     ) [ 0000]
inv_exp_sum_V           (load             ) [ 0000]
sext_ln167              (sext             ) [ 0000]
specloopname_ln167      (specloopname     ) [ 0000]
tmp                     (specregionbegin  ) [ 0000]
specpipeline_ln168      (specpipeline     ) [ 0000]
tmp_2                   (specregionbegin  ) [ 0000]
specresourcelimit_ln174 (specresourcelimit) [ 0000]
sext_ln1118             (sext             ) [ 0000]
mul_ln1118              (mul              ) [ 0000]
tmp_data_0_V            (partselect       ) [ 0000]
empty_31                (specregionend    ) [ 0000]
tmp_3                   (specregionbegin  ) [ 0000]
specresourcelimit_ln174 (specresourcelimit) [ 0000]
sext_ln1118_1           (sext             ) [ 0000]
mul_ln1118_1            (mul              ) [ 0000]
tmp_data_1_V            (partselect       ) [ 0000]
empty_32                (specregionend    ) [ 0000]
tmp_4                   (specregionbegin  ) [ 0000]
specresourcelimit_ln174 (specresourcelimit) [ 0000]
sext_ln1118_2           (sext             ) [ 0000]
mul_ln1118_2            (mul              ) [ 0000]
tmp_data_2_V            (partselect       ) [ 0000]
empty_33                (specregionend    ) [ 0000]
tmp_5                   (specregionbegin  ) [ 0000]
specresourcelimit_ln174 (specresourcelimit) [ 0000]
sext_ln1118_3           (sext             ) [ 0000]
mul_ln1118_3            (mul              ) [ 0000]
tmp_data_3_V            (partselect       ) [ 0000]
empty_34                (specregionend    ) [ 0000]
tmp_6                   (specregionbegin  ) [ 0000]
specresourcelimit_ln174 (specresourcelimit) [ 0000]
sext_ln1118_4           (sext             ) [ 0000]
mul_ln1118_4            (mul              ) [ 0000]
tmp_data_4_V            (partselect       ) [ 0000]
empty_35                (specregionend    ) [ 0000]
write_ln177             (write            ) [ 0000]
empty_36                (specregionend    ) [ 0000]
ret_ln179               (ret              ) [ 0000]
</LifeTime>

<model>

<comp_list>
<comp id="0" class="1000" name="data_V_data_0_V">
<pin_list>
<pin id="1" dir="1" index="0" bw="1" slack="0"/>
</pin_list>
<bind>
<StgValue><ssdm name="data_V_data_0_V"/></StgValue>
</bind>
</comp>

<comp id="2" class="1000" name="data_V_data_1_V">
<pin_list>
<pin id="3" dir="1" index="0" bw="1" slack="0"/>
</pin_list>
<bind>
<StgValue><ssdm name="data_V_data_1_V"/></StgValue>
</bind>
</comp>

<comp id="4" class="1000" name="data_V_data_2_V">
<pin_list>
<pin id="5" dir="1" index="0" bw="1" slack="0"/>
</pin_list>
<bind>
<StgValue><ssdm name="data_V_data_2_V"/></StgValue>
</bind>
</comp>

<comp id="6" class="1000" name="data_V_data_3_V">
<pin_list>
<pin id="7" dir="1" index="0" bw="1" slack="0"/>
</pin_list>
<bind>
<StgValue><ssdm name="data_V_data_3_V"/></StgValue>
</bind>
</comp>

<comp id="8" class="1000" name="data_V_data_4_V">
<pin_list>
<pin id="9" dir="1" index="0" bw="1" slack="0"/>
</pin_list>
<bind>
<StgValue><ssdm name="data_V_data_4_V"/></StgValue>
</bind>
</comp>

<comp id="10" class="1000" name="res_V_data_0_V">
<pin_list>
<pin id="11" dir="1" index="0" bw="1" slack="0"/>
</pin_list>
<bind>
<StgValue><ssdm name="res_V_data_0_V"/></StgValue>
</bind>
</comp>

<comp id="12" class="1000" name="res_V_data_1_V">
<pin_list>
<pin id="13" dir="1" index="0" bw="1" slack="0"/>
</pin_list>
<bind>
<StgValue><ssdm name="res_V_data_1_V"/></StgValue>
</bind>
</comp>

<comp id="14" class="1000" name="res_V_data_2_V">
<pin_list>
<pin id="15" dir="1" index="0" bw="1" slack="0"/>
</pin_list>
<bind>
<StgValue><ssdm name="res_V_data_2_V"/></StgValue>
</bind>
</comp>

<comp id="16" class="1000" name="res_V_data_3_V">
<pin_list>
<pin id="17" dir="1" index="0" bw="1" slack="0"/>
</pin_list>
<bind>
<StgValue><ssdm name="res_V_data_3_V"/></StgValue>
</bind>
</comp>

<comp id="18" class="1000" name="res_V_data_4_V">
<pin_list>
<pin id="19" dir="1" index="0" bw="1" slack="0"/>
</pin_list>
<bind>
<StgValue><ssdm name="res_V_data_4_V"/></StgValue>
</bind>
</comp>

<comp id="20" class="1000" name="exp_table8">
<pin_list>
<pin id="21" dir="1" index="0" bw="1" slack="0"/>
</pin_list>
<bind>
<StgValue><ssdm name="exp_table8"/><MemPortTyVec>1 1 1 1 1 </MemPortTyVec>
</StgValue>
</bind>
</comp>

<comp id="22" class="1000" name="invert_table9">
<pin_list>
<pin id="23" dir="1" index="0" bw="1" slack="0"/>
</pin_list>
<bind>
<StgValue><ssdm name="invert_table9"/><MemPortTyVec>1 </MemPortTyVec>
</StgValue>
</bind>
</comp>

<comp id="24" class="1001" name="const_24">
<pin_list>
<pin id="25" dir="1" index="0" bw="1" slack="0"/>
</pin_list>
<bind>
<StgValue><ssdm name="_ssdm_op_Read.ap_fifo.volatile.i16P.i16P.i16P.i16P.i16P"/></StgValue>
</bind>
</comp>

<comp id="26" class="1001" name="const_26">
<pin_list>
<pin id="27" dir="1" index="0" bw="1" slack="0"/>
</pin_list>
<bind>
<StgValue><ssdm name="_ssdm_op_PartSelect.i10.i16.i32.i32"/></StgValue>
</bind>
</comp>

<comp id="28" class="1001" name="const_28">
<pin_list>
<pin id="29" dir="1" index="0" bw="1" slack="0"/>
</pin_list>
<bind>
<StgValue><ssdm name=""/></StgValue>
</bind>
</comp>

<comp id="30" class="1001" name="const_30">
<pin_list>
<pin id="31" dir="1" index="0" bw="1" slack="0"/>
</pin_list>
<bind>
<StgValue><ssdm name=""/></StgValue>
</bind>
</comp>

<comp id="32" class="1001" name="const_32">
<pin_list>
<pin id="33" dir="1" index="0" bw="1" slack="0"/>
</pin_list>
<bind>
<StgValue><ssdm name=""/></StgValue>
</bind>
</comp>

<comp id="34" class="1001" name="const_34">
<pin_list>
<pin id="35" dir="1" index="0" bw="1" slack="0"/>
</pin_list>
<bind>
<StgValue><ssdm name="_ssdm_op_PartSelect.i10.i18.i32.i32"/></StgValue>
</bind>
</comp>

<comp id="36" class="1001" name="const_36">
<pin_list>
<pin id="37" dir="1" index="0" bw="1" slack="0"/>
</pin_list>
<bind>
<StgValue><ssdm name=""/></StgValue>
</bind>
</comp>

<comp id="38" class="1001" name="const_38">
<pin_list>
<pin id="39" dir="1" index="0" bw="1" slack="0"/>
</pin_list>
<bind>
<StgValue><ssdm name=""/></StgValue>
</bind>
</comp>

<comp id="40" class="1001" name="const_40">
<pin_list>
<pin id="41" dir="1" index="0" bw="1" slack="2147483647"/>
</pin_list>
<bind>
<StgValue><ssdm name="_ssdm_op_SpecInterface"/></StgValue>
</bind>
</comp>

<comp id="42" class="1001" name="const_42">
<pin_list>
<pin id="43" dir="1" index="0" bw="1" slack="2147483647"/>
</pin_list>
<bind>
<StgValue><ssdm name="ap_fifo_str"/></StgValue>
</bind>
</comp>

<comp id="44" class="1001" name="const_44">
<pin_list>
<pin id="45" dir="1" index="0" bw="1" slack="2147483647"/>
</pin_list>
<bind>
<StgValue><ssdm name=""/></StgValue>
</bind>
</comp>

<comp id="46" class="1001" name="const_46">
<pin_list>
<pin id="47" dir="1" index="0" bw="1" slack="2147483647"/>
</pin_list>
<bind>
<StgValue><ssdm name="p_str1720"/></StgValue>
</bind>
</comp>

<comp id="48" class="1001" name="const_48">
<pin_list>
<pin id="49" dir="1" index="0" bw="1" slack="2147483647"/>
</pin_list>
<bind>
<StgValue><ssdm name="p_str1721"/></StgValue>
</bind>
</comp>

<comp id="50" class="1001" name="const_50">
<pin_list>
<pin id="51" dir="1" index="0" bw="1" slack="2147483647"/>
</pin_list>
<bind>
<StgValue><ssdm name="p_str1722"/></StgValue>
</bind>
</comp>

<comp id="52" class="1001" name="const_52">
<pin_list>
<pin id="53" dir="1" index="0" bw="1" slack="2147483647"/>
</pin_list>
<bind>
<StgValue><ssdm name="p_str1723"/></StgValue>
</bind>
</comp>

<comp id="54" class="1001" name="const_54">
<pin_list>
<pin id="55" dir="1" index="0" bw="1" slack="2147483647"/>
</pin_list>
<bind>
<StgValue><ssdm name=""/></StgValue>
</bind>
</comp>

<comp id="56" class="1001" name="const_56">
<pin_list>
<pin id="57" dir="1" index="0" bw="1" slack="2147483647"/>
</pin_list>
<bind>
<StgValue><ssdm name=""/></StgValue>
</bind>
</comp>

<comp id="58" class="1001" name="const_58">
<pin_list>
<pin id="59" dir="1" index="0" bw="1" slack="2147483647"/>
</pin_list>
<bind>
<StgValue><ssdm name="p_str1724"/></StgValue>
</bind>
</comp>

<comp id="60" class="1001" name="const_60">
<pin_list>
<pin id="61" dir="1" index="0" bw="1" slack="2147483647"/>
</pin_list>
<bind>
<StgValue><ssdm name="p_str1725"/></StgValue>
</bind>
</comp>

<comp id="62" class="1001" name="const_62">
<pin_list>
<pin id="63" dir="1" index="0" bw="1" slack="2147483647"/>
</pin_list>
<bind>
<StgValue><ssdm name="p_str1727"/></StgValue>
</bind>
</comp>

<comp id="64" class="1001" name="const_64">
<pin_list>
<pin id="65" dir="1" index="0" bw="1" slack="2147483647"/>
</pin_list>
<bind>
<StgValue><ssdm name="p_str1728"/></StgValue>
</bind>
</comp>

<comp id="66" class="1001" name="const_66">
<pin_list>
<pin id="67" dir="1" index="0" bw="1" slack="2147483647"/>
</pin_list>
<bind>
<StgValue><ssdm name="p_str1729"/></StgValue>
</bind>
</comp>

<comp id="68" class="1001" name="const_68">
<pin_list>
<pin id="69" dir="1" index="0" bw="1" slack="2147483647"/>
</pin_list>
<bind>
<StgValue><ssdm name="p_str1730"/></StgValue>
</bind>
</comp>

<comp id="70" class="1001" name="const_70">
<pin_list>
<pin id="71" dir="1" index="0" bw="1" slack="2147483647"/>
</pin_list>
<bind>
<StgValue><ssdm name="p_str1731"/></StgValue>
</bind>
</comp>

<comp id="72" class="1001" name="const_72">
<pin_list>
<pin id="73" dir="1" index="0" bw="1" slack="2147483647"/>
</pin_list>
<bind>
<StgValue><ssdm name="p_str1732"/></StgValue>
</bind>
</comp>

<comp id="74" class="1001" name="const_74">
<pin_list>
<pin id="75" dir="1" index="0" bw="1" slack="2147483647"/>
</pin_list>
<bind>
<StgValue><ssdm name="p_str1734"/></StgValue>
</bind>
</comp>

<comp id="76" class="1001" name="const_76">
<pin_list>
<pin id="77" dir="1" index="0" bw="1" slack="2147483647"/>
</pin_list>
<bind>
<StgValue><ssdm name="p_str1735"/></StgValue>
</bind>
</comp>

<comp id="78" class="1001" name="const_78">
<pin_list>
<pin id="79" dir="1" index="0" bw="1" slack="2147483647"/>
</pin_list>
<bind>
<StgValue><ssdm name="p_str1736"/></StgValue>
</bind>
</comp>

<comp id="80" class="1001" name="const_80">
<pin_list>
<pin id="81" dir="1" index="0" bw="1" slack="2147483647"/>
</pin_list>
<bind>
<StgValue><ssdm name="p_str1737"/></StgValue>
</bind>
</comp>

<comp id="82" class="1001" name="const_82">
<pin_list>
<pin id="83" dir="1" index="0" bw="1" slack="2147483647"/>
</pin_list>
<bind>
<StgValue><ssdm name="p_str1738"/></StgValue>
</bind>
</comp>

<comp id="84" class="1001" name="const_84">
<pin_list>
<pin id="85" dir="1" index="0" bw="1" slack="2147483647"/>
</pin_list>
<bind>
<StgValue><ssdm name="p_str1739"/></StgValue>
</bind>
</comp>

<comp id="86" class="1001" name="const_86">
<pin_list>
<pin id="87" dir="1" index="0" bw="1" slack="2147483647"/>
</pin_list>
<bind>
<StgValue><ssdm name="p_str1741"/></StgValue>
</bind>
</comp>

<comp id="88" class="1001" name="const_88">
<pin_list>
<pin id="89" dir="1" index="0" bw="1" slack="2147483647"/>
</pin_list>
<bind>
<StgValue><ssdm name="p_str1742"/></StgValue>
</bind>
</comp>

<comp id="90" class="1001" name="const_90">
<pin_list>
<pin id="91" dir="1" index="0" bw="1" slack="2147483647"/>
</pin_list>
<bind>
<StgValue><ssdm name="p_str1743"/></StgValue>
</bind>
</comp>

<comp id="92" class="1001" name="const_92">
<pin_list>
<pin id="93" dir="1" index="0" bw="1" slack="2147483647"/>
</pin_list>
<bind>
<StgValue><ssdm name="p_str1744"/></StgValue>
</bind>
</comp>

<comp id="94" class="1001" name="const_94">
<pin_list>
<pin id="95" dir="1" index="0" bw="1" slack="2147483647"/>
</pin_list>
<bind>
<StgValue><ssdm name="p_str1745"/></StgValue>
</bind>
</comp>

<comp id="96" class="1001" name="const_96">
<pin_list>
<pin id="97" dir="1" index="0" bw="1" slack="2147483647"/>
</pin_list>
<bind>
<StgValue><ssdm name="p_str1746"/></StgValue>
</bind>
</comp>

<comp id="98" class="1001" name="const_98">
<pin_list>
<pin id="99" dir="1" index="0" bw="1" slack="2147483647"/>
</pin_list>
<bind>
<StgValue><ssdm name="p_str1748"/></StgValue>
</bind>
</comp>

<comp id="100" class="1001" name="const_100">
<pin_list>
<pin id="101" dir="1" index="0" bw="1" slack="2147483647"/>
</pin_list>
<bind>
<StgValue><ssdm name="p_str1749"/></StgValue>
</bind>
</comp>

<comp id="102" class="1001" name="const_102">
<pin_list>
<pin id="103" dir="1" index="0" bw="1" slack="2147483647"/>
</pin_list>
<bind>
<StgValue><ssdm name="p_str1750"/></StgValue>
</bind>
</comp>

<comp id="104" class="1001" name="const_104">
<pin_list>
<pin id="105" dir="1" index="0" bw="1" slack="2147483647"/>
</pin_list>
<bind>
<StgValue><ssdm name="p_str1751"/></StgValue>
</bind>
</comp>

<comp id="106" class="1001" name="const_106">
<pin_list>
<pin id="107" dir="1" index="0" bw="1" slack="2147483647"/>
</pin_list>
<bind>
<StgValue><ssdm name="p_str1752"/></StgValue>
</bind>
</comp>

<comp id="108" class="1001" name="const_108">
<pin_list>
<pin id="109" dir="1" index="0" bw="1" slack="2147483647"/>
</pin_list>
<bind>
<StgValue><ssdm name="p_str1753"/></StgValue>
</bind>
</comp>

<comp id="110" class="1001" name="const_110">
<pin_list>
<pin id="111" dir="1" index="0" bw="1" slack="2147483647"/>
</pin_list>
<bind>
<StgValue><ssdm name="p_str"/></StgValue>
</bind>
</comp>

<comp id="112" class="1001" name="const_112">
<pin_list>
<pin id="113" dir="1" index="0" bw="1" slack="2147483647"/>
</pin_list>
<bind>
<StgValue><ssdm name="p_str13"/></StgValue>
</bind>
</comp>

<comp id="114" class="1001" name="const_114">
<pin_list>
<pin id="115" dir="1" index="0" bw="1" slack="2147483647"/>
</pin_list>
<bind>
<StgValue><ssdm name="p_str14"/></StgValue>
</bind>
</comp>

<comp id="116" class="1001" name="const_116">
<pin_list>
<pin id="117" dir="1" index="0" bw="1" slack="2147483647"/>
</pin_list>
<bind>
<StgValue><ssdm name="_ssdm_op_SpecLoopName"/></StgValue>
</bind>
</comp>

<comp id="118" class="1001" name="const_118">
<pin_list>
<pin id="119" dir="1" index="0" bw="1" slack="2147483647"/>
</pin_list>
<bind>
<StgValue><ssdm name="p_str25"/></StgValue>
</bind>
</comp>

<comp id="120" class="1001" name="const_120">
<pin_list>
<pin id="121" dir="1" index="0" bw="1" slack="2147483647"/>
</pin_list>
<bind>
<StgValue><ssdm name="p_str27"/></StgValue>
</bind>
</comp>

<comp id="122" class="1001" name="const_122">
<pin_list>
<pin id="123" dir="1" index="0" bw="1" slack="2147483647"/>
</pin_list>
<bind>
<StgValue><ssdm name="_ssdm_op_SpecRegionBegin"/></StgValue>
</bind>
</comp>

<comp id="124" class="1001" name="const_124">
<pin_list>
<pin id="125" dir="1" index="0" bw="1" slack="2147483647"/>
</pin_list>
<bind>
<StgValue><ssdm name="_ssdm_op_SpecPipeline"/></StgValue>
</bind>
</comp>

<comp id="126" class="1001" name="const_126">
<pin_list>
<pin id="127" dir="1" index="0" bw="1" slack="2147483647"/>
</pin_list>
<bind>
<StgValue><ssdm name=""/></StgValue>
</bind>
</comp>

<comp id="128" class="1001" name="const_128">
<pin_list>
<pin id="129" dir="1" index="0" bw="1" slack="2147483647"/>
</pin_list>
<bind>
<StgValue><ssdm name="p_str28"/></StgValue>
</bind>
</comp>

<comp id="130" class="1001" name="const_130">
<pin_list>
<pin id="131" dir="1" index="0" bw="1" slack="2147483647"/>
</pin_list>
<bind>
<StgValue><ssdm name="_ssdm_op_SpecResourceLimit"/></StgValue>
</bind>
</comp>

<comp id="132" class="1001" name="const_132">
<pin_list>
<pin id="133" dir="1" index="0" bw="1" slack="2147483647"/>
</pin_list>
<bind>
<StgValue><ssdm name=""/></StgValue>
</bind>
</comp>

<comp id="134" class="1001" name="const_134">
<pin_list>
<pin id="135" dir="1" index="0" bw="1" slack="2147483647"/>
</pin_list>
<bind>
<StgValue><ssdm name="p_str29"/></StgValue>
</bind>
</comp>

<comp id="136" class="1001" name="const_136">
<pin_list>
<pin id="137" dir="1" index="0" bw="1" slack="0"/>
</pin_list>
<bind>
<StgValue><ssdm name="_ssdm_op_PartSelect.i16.i30.i32.i32"/></StgValue>
</bind>
</comp>

<comp id="138" class="1001" name="const_138">
<pin_list>
<pin id="139" dir="1" index="0" bw="1" slack="0"/>
</pin_list>
<bind>
<StgValue><ssdm name=""/></StgValue>
</bind>
</comp>

<comp id="140" class="1001" name="const_140">
<pin_list>
<pin id="141" dir="1" index="0" bw="1" slack="0"/>
</pin_list>
<bind>
<StgValue><ssdm name=""/></StgValue>
</bind>
</comp>

<comp id="142" class="1001" name="const_142">
<pin_list>
<pin id="143" dir="1" index="0" bw="1" slack="2147483647"/>
</pin_list>
<bind>
<StgValue><ssdm name="_ssdm_op_SpecRegionEnd"/></StgValue>
</bind>
</comp>

<comp id="144" class="1001" name="const_144">
<pin_list>
<pin id="145" dir="1" index="0" bw="1" slack="0"/>
</pin_list>
<bind>
<StgValue><ssdm name="_ssdm_op_Write.axis.volatile.i16P.i16P.i16P.i16P.i16P"/></StgValue>
</bind>
</comp>

<comp id="146" class="1004" name="empty_read_fu_146">
<pin_list>
<pin id="147" dir="0" index="0" bw="80" slack="0"/>
<pin id="148" dir="0" index="1" bw="16" slack="0"/>
<pin id="149" dir="0" index="2" bw="16" slack="0"/>
<pin id="150" dir="0" index="3" bw="16" slack="0"/>
<pin id="151" dir="0" index="4" bw="16" slack="0"/>
<pin id="152" dir="0" index="5" bw="16" slack="0"/>
<pin id="153" dir="1" index="6" bw="80" slack="0"/>
</pin_list>
<bind>
<opcode="read(1150) " fcode="read"/>
<opset="empty/1 "/>
</bind>
</comp>

<comp id="160" class="1004" name="write_ln177_write_fu_160">
<pin_list>
<pin id="161" dir="0" index="0" bw="0" slack="0"/>
<pin id="162" dir="0" index="1" bw="16" slack="0"/>
<pin id="163" dir="0" index="2" bw="16" slack="0"/>
<pin id="164" dir="0" index="3" bw="16" slack="0"/>
<pin id="165" dir="0" index="4" bw="16" slack="0"/>
<pin id="166" dir="0" index="5" bw="16" slack="0"/>
<pin id="167" dir="0" index="6" bw="16" slack="0"/>
<pin id="168" dir="0" index="7" bw="16" slack="0"/>
<pin id="169" dir="0" index="8" bw="16" slack="0"/>
<pin id="170" dir="0" index="9" bw="16" slack="0"/>
<pin id="171" dir="0" index="10" bw="16" slack="0"/>
<pin id="172" dir="1" index="11" bw="0" slack="2147483647"/>
</pin_list>
<bind>
<opcode="write(1151) " fcode="write"/>
<opset="write_ln177/3 "/>
</bind>
</comp>

<comp id="179" class="1004" name="exp_table8_addr_gep_fu_179">
<pin_list>
<pin id="180" dir="0" index="0" bw="18" slack="0"/>
<pin id="181" dir="0" index="1" bw="1" slack="0"/>
<pin id="182" dir="0" index="2" bw="10" slack="0"/>
<pin id="183" dir="1" index="3" bw="10" slack="0"/>
</pin_list>
<bind>
<opcode="getelementptr(29) " fcode="getelementptr"/>
<opset="exp_table8_addr/1 "/>
</bind>
</comp>

<comp id="186" class="1004" name="grp_access_fu_186">
<pin_list>
<pin id="187" dir="0" index="0" bw="10" slack="0"/>
<pin id="188" dir="0" index="1" bw="18" slack="2147483647"/>
<pin id="189" dir="0" index="2" bw="0" slack="0"/>
<pin id="199" dir="0" index="4" bw="10" slack="2147483647"/>
<pin id="200" dir="0" index="5" bw="18" slack="0"/>
<pin id="201" dir="0" index="6" bw="0" slack="2147483647"/>
<pin id="211" dir="0" index="8" bw="10" slack="0"/>
<pin id="212" dir="0" index="9" bw="18" slack="2147483647"/>
<pin id="213" dir="0" index="10" bw="0" slack="0"/>
<pin id="223" dir="0" index="12" bw="10" slack="2147483647"/>
<pin id="224" dir="0" index="13" bw="18" slack="2147483647"/>
<pin id="225" dir="0" index="14" bw="0" slack="2147483647"/>
<pin id="235" dir="0" index="16" bw="10" slack="2147483647"/>
<pin id="236" dir="0" index="17" bw="18" slack="2147483647"/>
<pin id="237" dir="0" index="18" bw="0" slack="2147483647"/>
<pin id="190" dir="1" index="3" bw="18" slack="0"/>
<pin id="202" dir="1" index="7" bw="18" slack="0"/>
<pin id="214" dir="1" index="11" bw="18" slack="0"/>
<pin id="226" dir="1" index="15" bw="18" slack="0"/>
<pin id="238" dir="1" index="19" bw="18" slack="0"/>
</pin_list>
<bind>
<opcode="load(27) " fcode="load"/>
<opset="exp_res_0_V/1 exp_res_1_V/1 exp_res_2_V/1 exp_res_3_V/1 exp_res_4_V/1 "/>
</bind>
</comp>

<comp id="192" class="1004" name="exp_table8_addr_1_gep_fu_192">
<pin_list>
<pin id="193" dir="0" index="0" bw="18" slack="0"/>
<pin id="194" dir="0" index="1" bw="1" slack="0"/>
<pin id="195" dir="0" index="2" bw="10" slack="0"/>
<pin id="196" dir="1" index="3" bw="10" slack="0"/>
</pin_list>
<bind>
<opcode="getelementptr(29) " fcode="getelementptr"/>
<opset="exp_table8_addr_1/1 "/>
</bind>
</comp>

<comp id="204" class="1004" name="exp_table8_addr_2_gep_fu_204">
<pin_list>
<pin id="205" dir="0" index="0" bw="18" slack="0"/>
<pin id="206" dir="0" index="1" bw="1" slack="0"/>
<pin id="207" dir="0" index="2" bw="10" slack="0"/>
<pin id="208" dir="1" index="3" bw="10" slack="0"/>
</pin_list>
<bind>
<opcode="getelementptr(29) " fcode="getelementptr"/>
<opset="exp_table8_addr_2/1 "/>
</bind>
</comp>

<comp id="216" class="1004" name="exp_table8_addr_3_gep_fu_216">
<pin_list>
<pin id="217" dir="0" index="0" bw="18" slack="0"/>
<pin id="218" dir="0" index="1" bw="1" slack="0"/>
<pin id="219" dir="0" index="2" bw="10" slack="0"/>
<pin id="220" dir="1" index="3" bw="10" slack="0"/>
</pin_list>
<bind>
<opcode="getelementptr(29) " fcode="getelementptr"/>
<opset="exp_table8_addr_3/1 "/>
</bind>
</comp>

<comp id="228" class="1004" name="exp_table8_addr_4_gep_fu_228">
<pin_list>
<pin id="229" dir="0" index="0" bw="18" slack="0"/>
<pin id="230" dir="0" index="1" bw="1" slack="0"/>
<pin id="231" dir="0" index="2" bw="10" slack="0"/>
<pin id="232" dir="1" index="3" bw="10" slack="0"/>
</pin_list>
<bind>
<opcode="getelementptr(29) " fcode="getelementptr"/>
<opset="exp_table8_addr_4/1 "/>
</bind>
</comp>

<comp id="240" class="1004" name="invert_table9_addr_gep_fu_240">
<pin_list>
<pin id="241" dir="0" index="0" bw="18" slack="0"/>
<pin id="242" dir="0" index="1" bw="1" slack="0"/>
<pin id="243" dir="0" index="2" bw="10" slack="0"/>
<pin id="244" dir="1" index="3" bw="10" slack="0"/>
</pin_list>
<bind>
<opcode="getelementptr(29) " fcode="getelementptr"/>
<opset="invert_table9_addr/2 "/>
</bind>
</comp>

<comp id="247" class="1004" name="grp_access_fu_247">
<pin_list>
<pin id="248" dir="0" index="0" bw="10" slack="0"/>
<pin id="249" dir="0" index="1" bw="18" slack="2147483647"/>
<pin id="250" dir="0" index="2" bw="0" slack="2147483647"/>
<pin id="251" dir="1" index="3" bw="18" slack="0"/>
</pin_list>
<bind>
<opcode="load(27) " fcode="load"/>
<opset="inv_exp_sum_V/2 "/>
</bind>
</comp>

<comp id="253" class="1004" name="mul_ln1118_4_fu_253">
<pin_list>
<pin id="345" dir="0" index="0" bw="18" slack="0"/>
<pin id="346" dir="0" index="1" bw="18" slack="0"/>
<pin id="347" dir="1" index="2" bw="30" slack="0"/>
</pin_list>
<bind>
<opcode="mul(12) " fcode="mul"/>
<opset="mul_ln1118_4/3 "/>
</bind>
</comp>

<comp id="254" class="1004" name="mul_ln1118_fu_254">
<pin_list>
<pin id="333" dir="0" index="0" bw="18" slack="0"/>
<pin id="334" dir="0" index="1" bw="18" slack="0"/>
<pin id="335" dir="1" index="2" bw="30" slack="0"/>
</pin_list>
<bind>
<opcode="mul(12) " fcode="mul"/>
<opset="mul_ln1118/3 "/>
</bind>
</comp>

<comp id="255" class="1004" name="mul_ln1118_3_fu_255">
<pin_list>
<pin id="342" dir="0" index="0" bw="18" slack="0"/>
<pin id="343" dir="0" index="1" bw="18" slack="0"/>
<pin id="344" dir="1" index="2" bw="30" slack="0"/>
</pin_list>
<bind>
<opcode="mul(12) " fcode="mul"/>
<opset="mul_ln1118_3/3 "/>
</bind>
</comp>

<comp id="256" class="1004" name="mul_ln1118_2_fu_256">
<pin_list>
<pin id="339" dir="0" index="0" bw="18" slack="0"/>
<pin id="340" dir="0" index="1" bw="18" slack="0"/>
<pin id="341" dir="1" index="2" bw="30" slack="0"/>
</pin_list>
<bind>
<opcode="mul(12) " fcode="mul"/>
<opset="mul_ln1118_2/3 "/>
</bind>
</comp>

<comp id="257" class="1004" name="mul_ln1118_1_fu_257">
<pin_list>
<pin id="336" dir="0" index="0" bw="18" slack="0"/>
<pin id="337" dir="0" index="1" bw="18" slack="0"/>
<pin id="338" dir="1" index="2" bw="30" slack="0"/>
</pin_list>
<bind>
<opcode="mul(12) " fcode="mul"/>
<opset="mul_ln1118_1/3 "/>
</bind>
</comp>

<comp id="364" class="1004" name="p_Val2_s_fu_364">
<pin_list>
<pin id="365" dir="0" index="0" bw="80" slack="0"/>
<pin id="366" dir="1" index="1" bw="16" slack="0"/>
</pin_list>
<bind>
<opcode="extractvalue(56) " fcode="extractvalue"/>
<opset="p_Val2_s/1 "/>
</bind>
</comp>

<comp id="368" class="1004" name="p_Val2_2_fu_368">
<pin_list>
<pin id="369" dir="0" index="0" bw="80" slack="0"/>
<pin id="370" dir="1" index="1" bw="16" slack="0"/>
</pin_list>
<bind>
<opcode="extractvalue(56) " fcode="extractvalue"/>
<opset="p_Val2_2/1 "/>
</bind>
</comp>

<comp id="372" class="1004" name="p_Val2_4_fu_372">
<pin_list>
<pin id="373" dir="0" index="0" bw="80" slack="0"/>
<pin id="374" dir="1" index="1" bw="16" slack="0"/>
</pin_list>
<bind>
<opcode="extractvalue(56) " fcode="extractvalue"/>
<opset="p_Val2_4/1 "/>
</bind>
</comp>

<comp id="376" class="1004" name="p_Val2_6_fu_376">
<pin_list>
<pin id="377" dir="0" index="0" bw="80" slack="0"/>
<pin id="378" dir="1" index="1" bw="16" slack="0"/>
</pin_list>
<bind>
<opcode="extractvalue(56) " fcode="extractvalue"/>
<opset="p_Val2_6/1 "/>
</bind>
</comp>

<comp id="380" class="1004" name="p_Val2_8_fu_380">
<pin_list>
<pin id="381" dir="0" index="0" bw="80" slack="0"/>
<pin id="382" dir="1" index="1" bw="16" slack="0"/>
</pin_list>
<bind>
<opcode="extractvalue(56) " fcode="extractvalue"/>
<opset="p_Val2_8/1 "/>
</bind>
</comp>

<comp id="384" class="1004" name="y_V_fu_384">
<pin_list>
<pin id="385" dir="0" index="0" bw="10" slack="0"/>
<pin id="386" dir="0" index="1" bw="16" slack="0"/>
<pin id="387" dir="0" index="2" bw="4" slack="0"/>
<pin id="388" dir="0" index="3" bw="5" slack="0"/>
<pin id="389" dir="1" index="4" bw="10" slack="0"/>
</pin_list>
<bind>
<opcode="partselect(1002) " fcode="partselect"/>
<opset="y_V/1 "/>
</bind>
</comp>

<comp id="394" class="1004" name="zext_ln157_fu_394">
<pin_list>
<pin id="395" dir="0" index="0" bw="10" slack="0"/>
<pin id="396" dir="1" index="1" bw="64" slack="0"/>
</pin_list>
<bind>
<opcode="zext(34) " fcode="zext"/>
<opset="zext_ln157/1 "/>
</bind>
</comp>

<comp id="399" class="1004" name="y_V_1_fu_399">
<pin_list>
<pin id="400" dir="0" index="0" bw="10" slack="0"/>
<pin id="401" dir="0" index="1" bw="16" slack="0"/>
<pin id="402" dir="0" index="2" bw="4" slack="0"/>
<pin id="403" dir="0" index="3" bw="5" slack="0"/>
<pin id="404" dir="1" index="4" bw="10" slack="0"/>
</pin_list>
<bind>
<opcode="partselect(1002) " fcode="partselect"/>
<opset="y_V_1/1 "/>
</bind>
</comp>

<comp id="409" class="1004" name="zext_ln157_1_fu_409">
<pin_list>
<pin id="410" dir="0" index="0" bw="10" slack="0"/>
<pin id="411" dir="1" index="1" bw="64" slack="0"/>
</pin_list>
<bind>
<opcode="zext(34) " fcode="zext"/>
<opset="zext_ln157_1/1 "/>
</bind>
</comp>

<comp id="414" class="1004" name="y_V_2_fu_414">
<pin_list>
<pin id="415" dir="0" index="0" bw="10" slack="0"/>
<pin id="416" dir="0" index="1" bw="16" slack="0"/>
<pin id="417" dir="0" index="2" bw="4" slack="0"/>
<pin id="418" dir="0" index="3" bw="5" slack="0"/>
<pin id="419" dir="1" index="4" bw="10" slack="0"/>
</pin_list>
<bind>
<opcode="partselect(1002) " fcode="partselect"/>
<opset="y_V_2/1 "/>
</bind>
</comp>

<comp id="424" class="1004" name="zext_ln157_2_fu_424">
<pin_list>
<pin id="425" dir="0" index="0" bw="10" slack="0"/>
<pin id="426" dir="1" index="1" bw="64" slack="0"/>
</pin_list>
<bind>
<opcode="zext(34) " fcode="zext"/>
<opset="zext_ln157_2/1 "/>
</bind>
</comp>

<comp id="429" class="1004" name="y_V_3_fu_429">
<pin_list>
<pin id="430" dir="0" index="0" bw="10" slack="0"/>
<pin id="431" dir="0" index="1" bw="16" slack="0"/>
<pin id="432" dir="0" index="2" bw="4" slack="0"/>
<pin id="433" dir="0" index="3" bw="5" slack="0"/>
<pin id="434" dir="1" index="4" bw="10" slack="0"/>
</pin_list>
<bind>
<opcode="partselect(1002) " fcode="partselect"/>
<opset="y_V_3/1 "/>
</bind>
</comp>

<comp id="439" class="1004" name="zext_ln157_3_fu_439">
<pin_list>
<pin id="440" dir="0" index="0" bw="10" slack="0"/>
<pin id="441" dir="1" index="1" bw="64" slack="0"/>
</pin_list>
<bind>
<opcode="zext(34) " fcode="zext"/>
<opset="zext_ln157_3/1 "/>
</bind>
</comp>

<comp id="444" class="1004" name="y_V_4_fu_444">
<pin_list>
<pin id="445" dir="0" index="0" bw="10" slack="0"/>
<pin id="446" dir="0" index="1" bw="16" slack="0"/>
<pin id="447" dir="0" index="2" bw="4" slack="0"/>
<pin id="448" dir="0" index="3" bw="5" slack="0"/>
<pin id="449" dir="1" index="4" bw="10" slack="0"/>
</pin_list>
<bind>
<opcode="partselect(1002) " fcode="partselect"/>
<opset="y_V_4/1 "/>
</bind>
</comp>

<comp id="454" class="1004" name="zext_ln157_4_fu_454">
<pin_list>
<pin id="455" dir="0" index="0" bw="10" slack="0"/>
<pin id="456" dir="1" index="1" bw="64" slack="0"/>
</pin_list>
<bind>
<opcode="zext(34) " fcode="zext"/>
<opset="zext_ln157_4/1 "/>
</bind>
</comp>

<comp id="459" class="1004" name="add_ln703_fu_459">
<pin_list>
<pin id="460" dir="0" index="0" bw="18" slack="0"/>
<pin id="461" dir="0" index="1" bw="18" slack="0"/>
<pin id="462" dir="1" index="2" bw="18" slack="0"/>
</pin_list>
<bind>
<opcode="add(8) " fcode="add"/>
<opset="add_ln703/2 "/>
</bind>
</comp>

<comp id="465" class="1004" name="add_ln703_1_fu_465">
<pin_list>
<pin id="466" dir="0" index="0" bw="18" slack="0"/>
<pin id="467" dir="0" index="1" bw="18" slack="0"/>
<pin id="468" dir="1" index="2" bw="18" slack="0"/>
</pin_list>
<bind>
<opcode="add(8) " fcode="add"/>
<opset="add_ln703_1/2 "/>
</bind>
</comp>

<comp id="471" class="1004" name="add_ln703_2_fu_471">
<pin_list>
<pin id="472" dir="0" index="0" bw="18" slack="0"/>
<pin id="473" dir="0" index="1" bw="18" slack="0"/>
<pin id="474" dir="1" index="2" bw="18" slack="0"/>
</pin_list>
<bind>
<opcode="add(8) " fcode="add"/>
<opset="add_ln703_2/2 "/>
</bind>
</comp>

<comp id="477" class="1004" name="exp_sum_V_fu_477">
<pin_list>
<pin id="478" dir="0" index="0" bw="18" slack="0"/>
<pin id="479" dir="0" index="1" bw="18" slack="0"/>
<pin id="480" dir="1" index="2" bw="18" slack="0"/>
</pin_list>
<bind>
<opcode="add(8) " fcode="add"/>
<opset="exp_sum_V/2 "/>
</bind>
</comp>

<comp id="483" class="1004" name="y_V_5_fu_483">
<pin_list>
<pin id="484" dir="0" index="0" bw="10" slack="0"/>
<pin id="485" dir="0" index="1" bw="18" slack="0"/>
<pin id="486" dir="0" index="2" bw="5" slack="0"/>
<pin id="487" dir="0" index="3" bw="6" slack="0"/>
<pin id="488" dir="1" index="4" bw="10" slack="0"/>
</pin_list>
<bind>
<opcode="partselect(1002) " fcode="partselect"/>
<opset="y_V_5/2 "/>
</bind>
</comp>

<comp id="493" class="1004" name="zext_ln166_fu_493">
<pin_list>
<pin id="494" dir="0" index="0" bw="10" slack="0"/>
<pin id="495" dir="1" index="1" bw="64" slack="0"/>
</pin_list>
<bind>
<opcode="zext(34) " fcode="zext"/>
<opset="zext_ln166/2 "/>
</bind>
</comp>

<comp id="498" class="1004" name="sext_ln167_fu_498">
<pin_list>
<pin id="499" dir="0" index="0" bw="18" slack="0"/>
<pin id="500" dir="1" index="1" bw="30" slack="0"/>
</pin_list>
<bind>
<opcode="sext(35) " fcode="sext"/>
<opset="sext_ln167/3 "/>
</bind>
</comp>

<comp id="507" class="1004" name="sext_ln1118_fu_507">
<pin_list>
<pin id="508" dir="0" index="0" bw="18" slack="1"/>
<pin id="509" dir="1" index="1" bw="30" slack="0"/>
</pin_list>
<bind>
<opcode="sext(35) " fcode="sext"/>
<opset="sext_ln1118/3 "/>
</bind>
</comp>

<comp id="511" class="1004" name="tmp_data_0_V_fu_511">
<pin_list>
<pin id="512" dir="0" index="0" bw="16" slack="0"/>
<pin id="513" dir="0" index="1" bw="30" slack="0"/>
<pin id="514" dir="0" index="2" bw="5" slack="0"/>
<pin id="515" dir="0" index="3" bw="6" slack="0"/>
<pin id="516" dir="1" index="4" bw="16" slack="0"/>
</pin_list>
<bind>
<opcode="partselect(1002) " fcode="partselect"/>
<opset="tmp_data_0_V/3 "/>
</bind>
</comp>

<comp id="522" class="1004" name="sext_ln1118_1_fu_522">
<pin_list>
<pin id="523" dir="0" index="0" bw="18" slack="1"/>
<pin id="524" dir="1" index="1" bw="30" slack="0"/>
</pin_list>
<bind>
<opcode="sext(35) " fcode="sext"/>
<opset="sext_ln1118_1/3 "/>
</bind>
</comp>

<comp id="526" class="1004" name="tmp_data_1_V_fu_526">
<pin_list>
<pin id="527" dir="0" index="0" bw="16" slack="0"/>
<pin id="528" dir="0" index="1" bw="30" slack="0"/>
<pin id="529" dir="0" index="2" bw="5" slack="0"/>
<pin id="530" dir="0" index="3" bw="6" slack="0"/>
<pin id="531" dir="1" index="4" bw="16" slack="0"/>
</pin_list>
<bind>
<opcode="partselect(1002) " fcode="partselect"/>
<opset="tmp_data_1_V/3 "/>
</bind>
</comp>

<comp id="537" class="1004" name="sext_ln1118_2_fu_537">
<pin_list>
<pin id="538" dir="0" index="0" bw="18" slack="1"/>
<pin id="539" dir="1" index="1" bw="30" slack="0"/>
</pin_list>
<bind>
<opcode="sext(35) " fcode="sext"/>
<opset="sext_ln1118_2/3 "/>
</bind>
</comp>

<comp id="541" class="1004" name="tmp_data_2_V_fu_541">
<pin_list>
<pin id="542" dir="0" index="0" bw="16" slack="0"/>
<pin id="543" dir="0" index="1" bw="30" slack="0"/>
<pin id="544" dir="0" index="2" bw="5" slack="0"/>
<pin id="545" dir="0" index="3" bw="6" slack="0"/>
<pin id="546" dir="1" index="4" bw="16" slack="0"/>
</pin_list>
<bind>
<opcode="partselect(1002) " fcode="partselect"/>
<opset="tmp_data_2_V/3 "/>
</bind>
</comp>

<comp id="552" class="1004" name="sext_ln1118_3_fu_552">
<pin_list>
<pin id="553" dir="0" index="0" bw="18" slack="1"/>
<pin id="554" dir="1" index="1" bw="30" slack="0"/>
</pin_list>
<bind>
<opcode="sext(35) " fcode="sext"/>
<opset="sext_ln1118_3/3 "/>
</bind>
</comp>

<comp id="556" class="1004" name="tmp_data_3_V_fu_556">
<pin_list>
<pin id="557" dir="0" index="0" bw="16" slack="0"/>
<pin id="558" dir="0" index="1" bw="30" slack="0"/>
<pin id="559" dir="0" index="2" bw="5" slack="0"/>
<pin id="560" dir="0" index="3" bw="6" slack="0"/>
<pin id="561" dir="1" index="4" bw="16" slack="0"/>
</pin_list>
<bind>
<opcode="partselect(1002) " fcode="partselect"/>
<opset="tmp_data_3_V/3 "/>
</bind>
</comp>

<comp id="567" class="1004" name="sext_ln1118_4_fu_567">
<pin_list>
<pin id="568" dir="0" index="0" bw="18" slack="1"/>
<pin id="569" dir="1" index="1" bw="30" slack="0"/>
</pin_list>
<bind>
<opcode="sext(35) " fcode="sext"/>
<opset="sext_ln1118_4/3 "/>
</bind>
</comp>

<comp id="571" class="1004" name="tmp_data_4_V_fu_571">
<pin_list>
<pin id="572" dir="0" index="0" bw="16" slack="0"/>
<pin id="573" dir="0" index="1" bw="30" slack="0"/>
<pin id="574" dir="0" index="2" bw="5" slack="0"/>
<pin id="575" dir="0" index="3" bw="6" slack="0"/>
<pin id="576" dir="1" index="4" bw="16" slack="0"/>
</pin_list>
<bind>
<opcode="partselect(1002) " fcode="partselect"/>
<opset="tmp_data_4_V/3 "/>
</bind>
</comp>

<comp id="582" class="1005" name="exp_table8_addr_reg_582">
<pin_list>
<pin id="583" dir="0" index="0" bw="10" slack="1"/>
<pin id="584" dir="1" index="1" bw="10" slack="1"/>
</pin_list>
<bind>
<opset="exp_table8_addr "/>
</bind>
</comp>

<comp id="587" class="1005" name="exp_table8_addr_1_reg_587">
<pin_list>
<pin id="588" dir="0" index="0" bw="10" slack="1"/>
<pin id="589" dir="1" index="1" bw="10" slack="1"/>
</pin_list>
<bind>
<opset="exp_table8_addr_1 "/>
</bind>
</comp>

<comp id="592" class="1005" name="exp_table8_addr_2_reg_592">
<pin_list>
<pin id="593" dir="0" index="0" bw="10" slack="1"/>
<pin id="594" dir="1" index="1" bw="10" slack="1"/>
</pin_list>
<bind>
<opset="exp_table8_addr_2 "/>
</bind>
</comp>

<comp id="597" class="1005" name="exp_table8_addr_3_reg_597">
<pin_list>
<pin id="598" dir="0" index="0" bw="10" slack="1"/>
<pin id="599" dir="1" index="1" bw="10" slack="1"/>
</pin_list>
<bind>
<opset="exp_table8_addr_3 "/>
</bind>
</comp>

<comp id="602" class="1005" name="exp_table8_addr_4_reg_602">
<pin_list>
<pin id="603" dir="0" index="0" bw="10" slack="1"/>
<pin id="604" dir="1" index="1" bw="10" slack="1"/>
</pin_list>
<bind>
<opset="exp_table8_addr_4 "/>
</bind>
</comp>

<comp id="607" class="1005" name="exp_res_0_V_reg_607">
<pin_list>
<pin id="608" dir="0" index="0" bw="18" slack="1"/>
<pin id="609" dir="1" index="1" bw="18" slack="1"/>
</pin_list>
<bind>
<opset="exp_res_0_V "/>
</bind>
</comp>

<comp id="612" class="1005" name="exp_res_1_V_reg_612">
<pin_list>
<pin id="613" dir="0" index="0" bw="18" slack="1"/>
<pin id="614" dir="1" index="1" bw="18" slack="1"/>
</pin_list>
<bind>
<opset="exp_res_1_V "/>
</bind>
</comp>

<comp id="617" class="1005" name="exp_res_2_V_reg_617">
<pin_list>
<pin id="618" dir="0" index="0" bw="18" slack="1"/>
<pin id="619" dir="1" index="1" bw="18" slack="1"/>
</pin_list>
<bind>
<opset="exp_res_2_V "/>
</bind>
</comp>

<comp id="622" class="1005" name="exp_res_3_V_reg_622">
<pin_list>
<pin id="623" dir="0" index="0" bw="18" slack="1"/>
<pin id="624" dir="1" index="1" bw="18" slack="1"/>
</pin_list>
<bind>
<opset="exp_res_3_V "/>
</bind>
</comp>

<comp id="627" class="1005" name="exp_res_4_V_reg_627">
<pin_list>
<pin id="628" dir="0" index="0" bw="18" slack="1"/>
<pin id="629" dir="1" index="1" bw="18" slack="1"/>
</pin_list>
<bind>
<opset="exp_res_4_V "/>
</bind>
</comp>

<comp id="632" class="1005" name="invert_table9_addr_reg_632">
<pin_list>
<pin id="633" dir="0" index="0" bw="10" slack="1"/>
<pin id="634" dir="1" index="1" bw="10" slack="1"/>
</pin_list>
<bind>
<opset="invert_table9_addr "/>
</bind>
</comp>

</comp_list>

<net_list>
<net id="154"><net_src comp="24" pin="0"/><net_sink comp="146" pin=0"/></net>

<net id="155"><net_src comp="0" pin="0"/><net_sink comp="146" pin=1"/></net>

<net id="156"><net_src comp="2" pin="0"/><net_sink comp="146" pin=2"/></net>

<net id="157"><net_src comp="4" pin="0"/><net_sink comp="146" pin=3"/></net>

<net id="158"><net_src comp="6" pin="0"/><net_sink comp="146" pin=4"/></net>

<net id="159"><net_src comp="8" pin="0"/><net_sink comp="146" pin=5"/></net>

<net id="173"><net_src comp="144" pin="0"/><net_sink comp="160" pin=0"/></net>

<net id="174"><net_src comp="10" pin="0"/><net_sink comp="160" pin=1"/></net>

<net id="175"><net_src comp="12" pin="0"/><net_sink comp="160" pin=2"/></net>

<net id="176"><net_src comp="14" pin="0"/><net_sink comp="160" pin=3"/></net>

<net id="177"><net_src comp="16" pin="0"/><net_sink comp="160" pin=4"/></net>

<net id="178"><net_src comp="18" pin="0"/><net_sink comp="160" pin=5"/></net>

<net id="184"><net_src comp="20" pin="0"/><net_sink comp="179" pin=0"/></net>

<net id="185"><net_src comp="32" pin="0"/><net_sink comp="179" pin=1"/></net>

<net id="191"><net_src comp="179" pin="3"/><net_sink comp="186" pin=0"/></net>

<net id="197"><net_src comp="20" pin="0"/><net_sink comp="192" pin=0"/></net>

<net id="198"><net_src comp="32" pin="0"/><net_sink comp="192" pin=1"/></net>

<net id="203"><net_src comp="192" pin="3"/><net_sink comp="186" pin=2"/></net>

<net id="209"><net_src comp="20" pin="0"/><net_sink comp="204" pin=0"/></net>

<net id="210"><net_src comp="32" pin="0"/><net_sink comp="204" pin=1"/></net>

<net id="215"><net_src comp="204" pin="3"/><net_sink comp="186" pin=5"/></net>

<net id="221"><net_src comp="20" pin="0"/><net_sink comp="216" pin=0"/></net>

<net id="222"><net_src comp="32" pin="0"/><net_sink comp="216" pin=1"/></net>

<net id="227"><net_src comp="216" pin="3"/><net_sink comp="186" pin=8"/></net>

<net id="233"><net_src comp="20" pin="0"/><net_sink comp="228" pin=0"/></net>

<net id="234"><net_src comp="32" pin="0"/><net_sink comp="228" pin=1"/></net>

<net id="239"><net_src comp="228" pin="3"/><net_sink comp="186" pin=10"/></net>

<net id="245"><net_src comp="22" pin="0"/><net_sink comp="240" pin=0"/></net>

<net id="246"><net_src comp="32" pin="0"/><net_sink comp="240" pin=1"/></net>

<net id="252"><net_src comp="240" pin="3"/><net_sink comp="247" pin=0"/></net>

<net id="367"><net_src comp="146" pin="6"/><net_sink comp="364" pin=0"/></net>

<net id="371"><net_src comp="146" pin="6"/><net_sink comp="368" pin=0"/></net>

<net id="375"><net_src comp="146" pin="6"/><net_sink comp="372" pin=0"/></net>

<net id="379"><net_src comp="146" pin="6"/><net_sink comp="376" pin=0"/></net>

<net id="383"><net_src comp="146" pin="6"/><net_sink comp="380" pin=0"/></net>

<net id="390"><net_src comp="26" pin="0"/><net_sink comp="384" pin=0"/></net>

<net id="391"><net_src comp="364" pin="1"/><net_sink comp="384" pin=1"/></net>

<net id="392"><net_src comp="28" pin="0"/><net_sink comp="384" pin=2"/></net>

<net id="393"><net_src comp="30" pin="0"/><net_sink comp="384" pin=3"/></net>

<net id="397"><net_src comp="384" pin="4"/><net_sink comp="394" pin=0"/></net>

<net id="398"><net_src comp="394" pin="1"/><net_sink comp="179" pin=2"/></net>

<net id="405"><net_src comp="26" pin="0"/><net_sink comp="399" pin=0"/></net>

<net id="406"><net_src comp="368" pin="1"/><net_sink comp="399" pin=1"/></net>

<net id="407"><net_src comp="28" pin="0"/><net_sink comp="399" pin=2"/></net>

<net id="408"><net_src comp="30" pin="0"/><net_sink comp="399" pin=3"/></net>

<net id="412"><net_src comp="399" pin="4"/><net_sink comp="409" pin=0"/></net>

<net id="413"><net_src comp="409" pin="1"/><net_sink comp="192" pin=2"/></net>

<net id="420"><net_src comp="26" pin="0"/><net_sink comp="414" pin=0"/></net>

<net id="421"><net_src comp="372" pin="1"/><net_sink comp="414" pin=1"/></net>

<net id="422"><net_src comp="28" pin="0"/><net_sink comp="414" pin=2"/></net>

<net id="423"><net_src comp="30" pin="0"/><net_sink comp="414" pin=3"/></net>

<net id="427"><net_src comp="414" pin="4"/><net_sink comp="424" pin=0"/></net>

<net id="428"><net_src comp="424" pin="1"/><net_sink comp="204" pin=2"/></net>

<net id="435"><net_src comp="26" pin="0"/><net_sink comp="429" pin=0"/></net>

<net id="436"><net_src comp="376" pin="1"/><net_sink comp="429" pin=1"/></net>

<net id="437"><net_src comp="28" pin="0"/><net_sink comp="429" pin=2"/></net>

<net id="438"><net_src comp="30" pin="0"/><net_sink comp="429" pin=3"/></net>

<net id="442"><net_src comp="429" pin="4"/><net_sink comp="439" pin=0"/></net>

<net id="443"><net_src comp="439" pin="1"/><net_sink comp="216" pin=2"/></net>

<net id="450"><net_src comp="26" pin="0"/><net_sink comp="444" pin=0"/></net>

<net id="451"><net_src comp="380" pin="1"/><net_sink comp="444" pin=1"/></net>

<net id="452"><net_src comp="28" pin="0"/><net_sink comp="444" pin=2"/></net>

<net id="453"><net_src comp="30" pin="0"/><net_sink comp="444" pin=3"/></net>

<net id="457"><net_src comp="444" pin="4"/><net_sink comp="454" pin=0"/></net>

<net id="458"><net_src comp="454" pin="1"/><net_sink comp="228" pin=2"/></net>

<net id="463"><net_src comp="186" pin="3"/><net_sink comp="459" pin=0"/></net>

<net id="464"><net_src comp="186" pin="7"/><net_sink comp="459" pin=1"/></net>

<net id="469"><net_src comp="186" pin="11"/><net_sink comp="465" pin=0"/></net>

<net id="470"><net_src comp="186" pin="19"/><net_sink comp="465" pin=1"/></net>

<net id="475"><net_src comp="465" pin="2"/><net_sink comp="471" pin=0"/></net>

<net id="476"><net_src comp="186" pin="15"/><net_sink comp="471" pin=1"/></net>

<net id="481"><net_src comp="471" pin="2"/><net_sink comp="477" pin=0"/></net>

<net id="482"><net_src comp="459" pin="2"/><net_sink comp="477" pin=1"/></net>

<net id="489"><net_src comp="34" pin="0"/><net_sink comp="483" pin=0"/></net>

<net id="490"><net_src comp="477" pin="2"/><net_sink comp="483" pin=1"/></net>

<net id="491"><net_src comp="36" pin="0"/><net_sink comp="483" pin=2"/></net>

<net id="492"><net_src comp="38" pin="0"/><net_sink comp="483" pin=3"/></net>

<net id="496"><net_src comp="483" pin="4"/><net_sink comp="493" pin=0"/></net>

<net id="497"><net_src comp="493" pin="1"/><net_sink comp="240" pin=2"/></net>

<net id="501"><net_src comp="247" pin="3"/><net_sink comp="498" pin=0"/></net>

<net id="502"><net_src comp="498" pin="1"/><net_sink comp="254" pin=1"/></net>

<net id="503"><net_src comp="498" pin="1"/><net_sink comp="257" pin=1"/></net>

<net id="504"><net_src comp="498" pin="1"/><net_sink comp="256" pin=1"/></net>

<net id="505"><net_src comp="498" pin="1"/><net_sink comp="255" pin=1"/></net>

<net id="506"><net_src comp="498" pin="1"/><net_sink comp="253" pin=1"/></net>

<net id="510"><net_src comp="507" pin="1"/><net_sink comp="254" pin=0"/></net>

<net id="517"><net_src comp="136" pin="0"/><net_sink comp="511" pin=0"/></net>

<net id="518"><net_src comp="254" pin="2"/><net_sink comp="511" pin=1"/></net>

<net id="519"><net_src comp="138" pin="0"/><net_sink comp="511" pin=2"/></net>

<net id="520"><net_src comp="140" pin="0"/><net_sink comp="511" pin=3"/></net>

<net id="521"><net_src comp="511" pin="4"/><net_sink comp="160" pin=6"/></net>

<net id="525"><net_src comp="522" pin="1"/><net_sink comp="257" pin=0"/></net>

<net id="532"><net_src comp="136" pin="0"/><net_sink comp="526" pin=0"/></net>

<net id="533"><net_src comp="257" pin="2"/><net_sink comp="526" pin=1"/></net>

<net id="534"><net_src comp="138" pin="0"/><net_sink comp="526" pin=2"/></net>

<net id="535"><net_src comp="140" pin="0"/><net_sink comp="526" pin=3"/></net>

<net id="536"><net_src comp="526" pin="4"/><net_sink comp="160" pin=7"/></net>

<net id="540"><net_src comp="537" pin="1"/><net_sink comp="256" pin=0"/></net>

<net id="547"><net_src comp="136" pin="0"/><net_sink comp="541" pin=0"/></net>

<net id="548"><net_src comp="256" pin="2"/><net_sink comp="541" pin=1"/></net>

<net id="549"><net_src comp="138" pin="0"/><net_sink comp="541" pin=2"/></net>

<net id="550"><net_src comp="140" pin="0"/><net_sink comp="541" pin=3"/></net>

<net id="551"><net_src comp="541" pin="4"/><net_sink comp="160" pin=8"/></net>

<net id="555"><net_src comp="552" pin="1"/><net_sink comp="255" pin=0"/></net>

<net id="562"><net_src comp="136" pin="0"/><net_sink comp="556" pin=0"/></net>

<net id="563"><net_src comp="255" pin="2"/><net_sink comp="556" pin=1"/></net>

<net id="564"><net_src comp="138" pin="0"/><net_sink comp="556" pin=2"/></net>

<net id="565"><net_src comp="140" pin="0"/><net_sink comp="556" pin=3"/></net>

<net id="566"><net_src comp="556" pin="4"/><net_sink comp="160" pin=9"/></net>

<net id="570"><net_src comp="567" pin="1"/><net_sink comp="253" pin=0"/></net>

<net id="577"><net_src comp="136" pin="0"/><net_sink comp="571" pin=0"/></net>

<net id="578"><net_src comp="253" pin="2"/><net_sink comp="571" pin=1"/></net>

<net id="579"><net_src comp="138" pin="0"/><net_sink comp="571" pin=2"/></net>

<net id="580"><net_src comp="140" pin="0"/><net_sink comp="571" pin=3"/></net>

<net id="581"><net_src comp="571" pin="4"/><net_sink comp="160" pin=10"/></net>

<net id="585"><net_src comp="179" pin="3"/><net_sink comp="582" pin=0"/></net>

<net id="586"><net_src comp="582" pin="1"/><net_sink comp="186" pin=0"/></net>

<net id="590"><net_src comp="192" pin="3"/><net_sink comp="587" pin=0"/></net>

<net id="591"><net_src comp="587" pin="1"/><net_sink comp="186" pin=2"/></net>

<net id="595"><net_src comp="204" pin="3"/><net_sink comp="592" pin=0"/></net>

<net id="596"><net_src comp="592" pin="1"/><net_sink comp="186" pin=5"/></net>

<net id="600"><net_src comp="216" pin="3"/><net_sink comp="597" pin=0"/></net>

<net id="601"><net_src comp="597" pin="1"/><net_sink comp="186" pin=8"/></net>

<net id="605"><net_src comp="228" pin="3"/><net_sink comp="602" pin=0"/></net>

<net id="606"><net_src comp="602" pin="1"/><net_sink comp="186" pin=10"/></net>

<net id="610"><net_src comp="186" pin="3"/><net_sink comp="607" pin=0"/></net>

<net id="611"><net_src comp="607" pin="1"/><net_sink comp="507" pin=0"/></net>

<net id="615"><net_src comp="186" pin="7"/><net_sink comp="612" pin=0"/></net>

<net id="616"><net_src comp="612" pin="1"/><net_sink comp="522" pin=0"/></net>

<net id="620"><net_src comp="186" pin="11"/><net_sink comp="617" pin=0"/></net>

<net id="621"><net_src comp="617" pin="1"/><net_sink comp="537" pin=0"/></net>

<net id="625"><net_src comp="186" pin="15"/><net_sink comp="622" pin=0"/></net>

<net id="626"><net_src comp="622" pin="1"/><net_sink comp="552" pin=0"/></net>

<net id="630"><net_src comp="186" pin="19"/><net_sink comp="627" pin=0"/></net>

<net id="631"><net_src comp="627" pin="1"/><net_sink comp="567" pin=0"/></net>

<net id="635"><net_src comp="240" pin="3"/><net_sink comp="632" pin=0"/></net>

<net id="636"><net_src comp="632" pin="1"/><net_sink comp="247" pin=0"/></net>

</net_list>

</model> 
---------------- Datapath Model END ------------------

* FSMD analyzer results:
  - Output states:
	Port: res_V_data_0_V | {3 }
	Port: res_V_data_1_V | {3 }
	Port: res_V_data_2_V | {3 }
	Port: res_V_data_3_V | {3 }
	Port: res_V_data_4_V | {3 }
 - Input state : 
	Port: softmax_latency<array,array,softmax_config16> : data_V_data_0_V | {1 }
	Port: softmax_latency<array,array,softmax_config16> : data_V_data_1_V | {1 }
	Port: softmax_latency<array,array,softmax_config16> : data_V_data_2_V | {1 }
	Port: softmax_latency<array,array,softmax_config16> : data_V_data_3_V | {1 }
	Port: softmax_latency<array,array,softmax_config16> : data_V_data_4_V | {1 }
	Port: softmax_latency<array,array,softmax_config16> : exp_table8 | {1 2 }
	Port: softmax_latency<array,array,softmax_config16> : invert_table9 | {2 3 }
  - Chain level:
	State 1
		y_V : 1
		zext_ln157 : 2
		exp_table8_addr : 3
		exp_res_0_V : 4
		y_V_1 : 1
		zext_ln157_1 : 2
		exp_table8_addr_1 : 3
		exp_res_1_V : 4
		y_V_2 : 1
		zext_ln157_2 : 2
		exp_table8_addr_2 : 3
		exp_res_2_V : 4
		y_V_3 : 1
		zext_ln157_3 : 2
		exp_table8_addr_3 : 3
		exp_res_3_V : 4
		y_V_4 : 1
		zext_ln157_4 : 2
		exp_table8_addr_4 : 3
		exp_res_4_V : 4
	State 2
		add_ln703 : 1
		add_ln703_1 : 1
		add_ln703_2 : 2
		exp_sum_V : 3
		y_V_5 : 4
		zext_ln166 : 5
		invert_table9_addr : 6
		inv_exp_sum_V : 7
	State 3
		sext_ln167 : 1
		mul_ln1118 : 2
		tmp_data_0_V : 3
		empty_31 : 1
		mul_ln1118_1 : 2
		tmp_data_1_V : 3
		empty_32 : 1
		mul_ln1118_2 : 2
		tmp_data_2_V : 3
		empty_33 : 1
		mul_ln1118_3 : 2
		tmp_data_3_V : 3
		empty_34 : 1
		mul_ln1118_4 : 2
		tmp_data_4_V : 3
		empty_35 : 1
		write_ln177 : 4
		empty_36 : 1


============================================================
+ Verbose Summary: Datapath Resource usage 
============================================================

* Functional unit list:
|----------|--------------------------|---------|---------|---------|
| Operation|      Functional Unit     |  DSP48E |    FF   |   LUT   |
|----------|--------------------------|---------|---------|---------|
|          |     add_ln703_fu_459     |    0    |    0    |    18   |
|    add   |    add_ln703_1_fu_465    |    0    |    0    |    18   |
|          |    add_ln703_2_fu_471    |    0    |    0    |    18   |
|          |     exp_sum_V_fu_477     |    0    |    0    |    18   |
|----------|--------------------------|---------|---------|---------|
|          |    mul_ln1118_4_fu_253   |    1    |    0    |    6    |
|          |     mul_ln1118_fu_254    |    1    |    0    |    6    |
|    mul   |    mul_ln1118_3_fu_255   |    1    |    0    |    6    |
|          |    mul_ln1118_2_fu_256   |    1    |    0    |    6    |
|          |    mul_ln1118_1_fu_257   |    1    |    0    |    6    |
|----------|--------------------------|---------|---------|---------|
|   read   |     empty_read_fu_146    |    0    |    0    |    0    |
|----------|--------------------------|---------|---------|---------|
|   write  | write_ln177_write_fu_160 |    0    |    0    |    0    |
|----------|--------------------------|---------|---------|---------|
|          |      p_Val2_s_fu_364     |    0    |    0    |    0    |
|          |      p_Val2_2_fu_368     |    0    |    0    |    0    |
|extractvalue|      p_Val2_4_fu_372     |    0    |    0    |    0    |
|          |      p_Val2_6_fu_376     |    0    |    0    |    0    |
|          |      p_Val2_8_fu_380     |    0    |    0    |    0    |
|----------|--------------------------|---------|---------|---------|
|          |        y_V_fu_384        |    0    |    0    |    0    |
|          |       y_V_1_fu_399       |    0    |    0    |    0    |
|          |       y_V_2_fu_414       |    0    |    0    |    0    |
|          |       y_V_3_fu_429       |    0    |    0    |    0    |
|          |       y_V_4_fu_444       |    0    |    0    |    0    |
|partselect|       y_V_5_fu_483       |    0    |    0    |    0    |
|          |    tmp_data_0_V_fu_511   |    0    |    0    |    0    |
|          |    tmp_data_1_V_fu_526   |    0    |    0    |    0    |
|          |    tmp_data_2_V_fu_541   |    0    |    0    |    0    |
|          |    tmp_data_3_V_fu_556   |    0    |    0    |    0    |
|          |    tmp_data_4_V_fu_571   |    0    |    0    |    0    |
|----------|--------------------------|---------|---------|---------|
|          |     zext_ln157_fu_394    |    0    |    0    |    0    |
|          |    zext_ln157_1_fu_409   |    0    |    0    |    0    |
|   zext   |    zext_ln157_2_fu_424   |    0    |    0    |    0    |
|          |    zext_ln157_3_fu_439   |    0    |    0    |    0    |
|          |    zext_ln157_4_fu_454   |    0    |    0    |    0    |
|          |     zext_ln166_fu_493    |    0    |    0    |    0    |
|----------|--------------------------|---------|---------|---------|
|          |     sext_ln167_fu_498    |    0    |    0    |    0    |
|          |    sext_ln1118_fu_507    |    0    |    0    |    0    |
|   sext   |   sext_ln1118_1_fu_522   |    0    |    0    |    0    |
|          |   sext_ln1118_2_fu_537   |    0    |    0    |    0    |
|          |   sext_ln1118_3_fu_552   |    0    |    0    |    0    |
|          |   sext_ln1118_4_fu_567   |    0    |    0    |    0    |
|----------|--------------------------|---------|---------|---------|
|   Total  |                          |    5    |    0    |   102   |
|----------|--------------------------|---------|---------|---------|

Memories:
N/A

* Register list:
+--------------------------+--------+
|                          |   FF   |
+--------------------------+--------+
|    exp_res_0_V_reg_607   |   18   |
|    exp_res_1_V_reg_612   |   18   |
|    exp_res_2_V_reg_617   |   18   |
|    exp_res_3_V_reg_622   |   18   |
|    exp_res_4_V_reg_627   |   18   |
| exp_table8_addr_1_reg_587|   10   |
| exp_table8_addr_2_reg_592|   10   |
| exp_table8_addr_3_reg_597|   10   |
| exp_table8_addr_4_reg_602|   10   |
|  exp_table8_addr_reg_582 |   10   |
|invert_table9_addr_reg_632|   10   |
+--------------------------+--------+
|           Total          |   150  |
+--------------------------+--------+

* Multiplexer (MUX) list: 
|-------------------|------|------|------|--------||---------||---------|
|        Comp       |  Pin | Size |  BW  | S x BW ||  Delay  ||   LUT   |
|-------------------|------|------|------|--------||---------||---------|
| grp_access_fu_186 |  p0  |   2  |  10  |   20   ||    9    |
| grp_access_fu_186 |  p2  |   2  |   0  |    0   ||    9    |
| grp_access_fu_186 |  p5  |   2  |  18  |   36   ||    9    |
| grp_access_fu_186 |  p8  |   2  |  10  |   20   ||    9    |
| grp_access_fu_186 |  p10 |   2  |   0  |    0   ||    9    |
| grp_access_fu_247 |  p0  |   2  |  10  |   20   ||    9    |
|-------------------|------|------|------|--------||---------||---------|
|       Total       |      |      |      |   96   ||  3.618  ||    54   |
|-------------------|------|------|------|--------||---------||---------|



* Summary:
+-----------+--------+--------+--------+--------+
|           | DSP48E |  Delay |   FF   |   LUT  |
+-----------+--------+--------+--------+--------+
|  Function |    5   |    -   |    0   |   102  |
|   Memory  |    -   |    -   |    -   |    -   |
|Multiplexer|    -   |    3   |    -   |   54   |
|  Register |    -   |    -   |   150  |    -   |
+-----------+--------+--------+--------+--------+
|   Total   |    5   |    3   |   150  |   156  |
+-----------+--------+--------+--------+--------+
