INFO-FLOW: Workspace /home/mze/MSc_Computing/Individual_Project/lhc_jet_tagging_NN/RNN_hls4ml/rnn_model/hls4ml_prj_2/myproject_prj/solution1 opened at Mon Jun 14 23:17:56 +08 2021
Execute     config_array_partition -maximum_size 4096 
INFO: [XFORM 203-101] Allowed max sub elements number after partition is 4096.
Execute     config_compile -name_max_length 60 
INFO: [XFORM 203-1161] The maximum of name length is set into 60.
Execute     set_part xcu250-figd2104-2L-e 
Execute       ap_part_info -name xcu250-figd2104-2L-e -data single -quiet 
Command       ap_part_info done; 1.83 sec.
Execute       ap_part_info -name xcu250-figd2104-2L-e -data info 
Execute       add_library xilinx/virtexuplus/virtexuplus:xcu250:-figd2104:-2L-e 
Execute         get_default_platform 
Execute         open_platform DefaultPlatform 
Execute         import_lib /home/mze/Desktop/Xilinx/Vivado/2019.2/common/technology/xilinx/virtexuplus/virtexuplus 
Execute           source /home/mze/Desktop/Xilinx/Vivado/2019.2/common/technology/xilinx/common/xilinx.lib 
Execute             source /home/mze/Desktop/Xilinx/Vivado/2019.2/common/technology/xilinx/interface/xilinx_interface.lib 
Execute               source /home/mze/Desktop/Xilinx/Vivado/2019.2/common/technology/xilinx/interface/plb46.lib 
Execute               source /home/mze/Desktop/Xilinx/Vivado/2019.2/common/technology/xilinx/interface/fsl.lib 
Execute               source /home/mze/Desktop/Xilinx/Vivado/2019.2/common/technology/xilinx/interface/axi4.lib 
Execute               source /home/mze/Desktop/Xilinx/Vivado/2019.2/common/technology/xilinx/interface/maxi.lib 
Execute               source /home/mze/Desktop/Xilinx/Vivado/2019.2/common/technology/xilinx/interface/saxilite.lib 
Execute             source /home/mze/Desktop/Xilinx/Vivado/2019.2/common/technology/xilinx/common/dsp48.lib 
Execute             source /home/mze/Desktop/Xilinx/Vivado/2019.2/common/technology/xilinx/ip/dds_compiler.lib 
Execute             source /home/mze/Desktop/Xilinx/Vivado/2019.2/common/technology/xilinx/ip/xfft.lib 
Execute             source /home/mze/Desktop/Xilinx/Vivado/2019.2/common/technology/xilinx/ip/xfir.lib 
Execute           source /home/mze/Desktop/Xilinx/Vivado/2019.2/common/technology/xilinx/common/xilinx.hlp 
Execute             source /home/mze/Desktop/Xilinx/Vivado/2019.2/common/technology/xilinx/common/target_info.tcl 
Execute             source /home/mze/Desktop/Xilinx/Vivado/2019.2/common/technology/xilinx/interface/xilinx_interface.hlp 
Execute               source /home/mze/Desktop/Xilinx/Vivado/2019.2/common/technology/xilinx/interface/maxi.hlp 
Execute               source /home/mze/Desktop/Xilinx/Vivado/2019.2/common/technology/xilinx/interface/saxilite.hlp 
Execute             source /home/mze/Desktop/Xilinx/Vivado/2019.2/common/technology/xilinx/common/dsp48.hlp 
Execute           source /home/mze/Desktop/Xilinx/Vivado/2019.2/common/technology/xilinx/virtexuplus/dsp48e2.hlp 
Execute           source /home/mze/Desktop/Xilinx/Vivado/2019.2/common/technology/xilinx/common/xilinx.hlp 
Execute             source /home/mze/Desktop/Xilinx/Vivado/2019.2/common/technology/xilinx/common/target_info.tcl 
Execute             source /home/mze/Desktop/Xilinx/Vivado/2019.2/common/technology/xilinx/interface/xilinx_interface.hlp 
Execute               source /home/mze/Desktop/Xilinx/Vivado/2019.2/common/technology/xilinx/interface/maxi.hlp 
Execute               source /home/mze/Desktop/Xilinx/Vivado/2019.2/common/technology/xilinx/interface/saxilite.hlp 
Execute             source /home/mze/Desktop/Xilinx/Vivado/2019.2/common/technology/xilinx/common/dsp48.hlp 
Execute         source /home/mze/Desktop/Xilinx/Vivado/2019.2/common/technology/xilinx/virtexuplus/virtexuplus.gen 
Execute           source /home/mze/Desktop/Xilinx/Vivado/2019.2/common/technology/xilinx/common/xilinx.gen 
Execute             source /home/mze/Desktop/Xilinx/Vivado/2019.2/common/technology/xilinx/interface/plb46.gen 
Execute             source /home/mze/Desktop/Xilinx/Vivado/2019.2/common/technology/xilinx/interface/fsl.gen 
Execute             source /home/mze/Desktop/Xilinx/Vivado/2019.2/common/technology/xilinx/interface/axi4.gen 
Execute             source /home/mze/Desktop/Xilinx/Vivado/2019.2/common/technology/xilinx/interface/nativeAXI4.gen 
Execute               source /home/mze/Desktop/Xilinx/Vivado/2019.2/common/technology/xilinx/interface/saxilite.gen 
Execute               source /home/mze/Desktop/Xilinx/Vivado/2019.2/common/technology/xilinx/interface/maxi.gen 
Execute             source /home/mze/Desktop/Xilinx/Vivado/2019.2/common/technology/xilinx/scripts/xilinxcoregen.gen 
Execute             source /home/mze/Desktop/Xilinx/Vivado/2019.2/common/technology/xilinx/interface/XilEDKCoreGen.gen 
Execute             source /home/mze/Desktop/Xilinx/Vivado/2019.2/common/technology/xilinx/ip/dds_compiler.gen 
Execute             source /home/mze/Desktop/Xilinx/Vivado/2019.2/common/technology/xilinx/ip/util.gen 
Execute             source /home/mze/Desktop/Xilinx/Vivado/2019.2/common/technology/xilinx/ip/xfft.gen 
Execute             source /home/mze/Desktop/Xilinx/Vivado/2019.2/common/technology/xilinx/ip/xfir.gen 
Execute             source /home/mze/Desktop/Xilinx/Vivado/2019.2/common/technology/xilinx/common/dsp48.gen 
Command           ap_source done; 0.11 sec.
Command         ap_source done; 0.11 sec.
Execute         ap_part_info -data single -name xcu250-figd2104-2L-e 
Execute         ap_part_info -name xcu250-figd2104-2L-e -data resources 
Execute         ap_part_info -name xcu250-figd2104-2L-e -data info 
Execute         ap_part_info -name xcu250-figd2104-2L-e -data info 
Execute         config_chip_info -quiet -resource {SLICE 216000} {LUT 1728000} {FF 3456000} {DSP48E 12288} {BRAM 5376} {URAM 1280} {SLR 4} 
Execute         ap_part_info -name xcu250-figd2104-2L-e -data info 
Execute         config_chip_info -quiet -speed medium 
Command       add_library done; 0.16 sec.
Execute       add_library xilinx/virtexuplus/virtexuplus_fpv7 
Execute         get_default_platform 
Execute         open_platform DefaultPlatform 
Execute         import_lib /home/mze/Desktop/Xilinx/Vivado/2019.2/common/technology/xilinx/virtexuplus/virtexuplus_fpv7 
Execute           source /home/mze/Desktop/Xilinx/Vivado/2019.2/common/technology/xilinx/common/xilinx_fp.lib 
Execute           source /home/mze/Desktop/Xilinx/Vivado/2019.2/common/technology/xilinx/common/xilinx_fp.hlp 
Execute             source /home/mze/Desktop/Xilinx/Vivado/2019.2/common/technology/xilinx/common/xilinx.hlp 
Execute               source /home/mze/Desktop/Xilinx/Vivado/2019.2/common/technology/xilinx/common/target_info.tcl 
Execute               source /home/mze/Desktop/Xilinx/Vivado/2019.2/common/technology/xilinx/interface/xilinx_interface.hlp 
Execute                 source /home/mze/Desktop/Xilinx/Vivado/2019.2/common/technology/xilinx/interface/maxi.hlp 
Execute                 source /home/mze/Desktop/Xilinx/Vivado/2019.2/common/technology/xilinx/interface/saxilite.hlp 
Execute               source /home/mze/Desktop/Xilinx/Vivado/2019.2/common/technology/xilinx/common/dsp48.hlp 
Execute         source /home/mze/Desktop/Xilinx/Vivado/2019.2/common/technology/xilinx/virtexuplus/virtexuplus_fpv7.gen 
Execute           source /home/mze/Desktop/Xilinx/Vivado/2019.2/common/technology/xilinx/common/xilinx_fp.gen 
INFO: [HLS 200-10] Setting target device to 'xcu250-figd2104-2L-e'
Execute       ap_part_info -name xcu250-figd2104-2L-e -data info 
Execute       get_default_platform 
Command     set_part done; 2.09 sec.
Execute     create_clock -period 5 -name default 
Execute       config_clock -quiet -name default -period 5 -default=false 
INFO: [SYN 201-201] Setting up clock 'default' with a period of 5ns.
Execute     csynth_design 
Execute       get_config_compile -dump_cfg 
Execute       get_config_compile -effort 
Execute       get_config_compile -enable_clang39 
Execute       get_config_compile -g 
Execute       get_config_compile -ng 
Execute       get_config_compile -opt_fp 
Execute       get_config_compile -skip_cdt 
Execute       get_config_compile -skip_syncheck 
Execute       get_config_compile -skip_transform 
Execute       get_config_compile -keep_printf 
Execute       elaborate -effort=medium -skip_syncheck=0 -keep_printf=0 -skip_cdt=0 -skip_transform=0 -ng=0 -g=0 -opt_fp=0 -from_csynth_design=1 
Execute         get_config_schedule -relax_ii_for_timing 
INFO: [SCHED 204-61] Option 'relax_ii_for_timing' is enabled, will increase II to preserve clock frequency constraints.
Execute         get_config_schedule -suppress_dependence_error_break 
INFO: [HLS 200-10] Analyzing design file 'firmware/myproject.cpp' ... 
INFO-FLOW: Compiling one TU...
Execute         is_m_axi_addr64 
INFO-FLOW: Handling firmware/myproject.cpp as C++
Execute         ap_part_info -name xcu250-figd2104-2L-e -data info 
Execute         is_encrypted firmware/myproject.cpp 
Execute         ap_part_info -name xcu250-figd2104-2L-e -data info 
INFO-FLOW: Running: GCC PP
INFO-FLOW: Source preprocessing
Execute         clang  -fno-limit-debug-info -gcc-toolchain "/home/mze/Desktop/Xilinx/Vivado/2019.2/lnx64/tools/gcc" -hls  -fno-exceptions  -D__llvm__  -E "firmware/myproject.cpp"   -std=c++0x  -fno-math-errno -c -emit-llvm -O0  -mllvm -disable-llvm-optzns -fno-threadsafe-statics  -fno-use-cxa-atexit  -fno-threadsafe-statics -fno-use-cxa-atexit -D__CLANG_3_1__ -DAESL_SYN -D__SYNTHESIS__ -D__HLS_SYN__ -I "/home/mze/Desktop/Xilinx/Vivado/2019.2/common/technology/autopilot" -I "/home/mze/Desktop/Xilinx/Vivado/2019.2/common/technology/autopilot/ap_sysc" -include etc/autopilot_ssdm_op.h -D__DSP48E2__  -o "/home/mze/MSc_Computing/Individual_Project/lhc_jet_tagging_NN/RNN_hls4ml/rnn_model/hls4ml_prj_2/myproject_prj/solution1/.autopilot/db/myproject.pp.0.cpp" 
INFO-FLOW: exec /home/mze/Desktop/Xilinx/Vivado/2019.2/lnx64/tools/clang/bin/clang -fno-limit-debug-info -gcc-toolchain /home/mze/Desktop/Xilinx/Vivado/2019.2/lnx64/tools/gcc -hls -fno-exceptions -D__llvm__ -E firmware/myproject.cpp -std=c++0x -fno-math-errno -c -emit-llvm -O0 -mllvm -disable-llvm-optzns -fno-threadsafe-statics -fno-use-cxa-atexit -fno-threadsafe-statics -fno-use-cxa-atexit -D__CLANG_3_1__ -DAESL_SYN -D__SYNTHESIS__ -D__HLS_SYN__ -I /home/mze/Desktop/Xilinx/Vivado/2019.2/common/technology/autopilot -I /home/mze/Desktop/Xilinx/Vivado/2019.2/common/technology/autopilot/ap_sysc -include etc/autopilot_ssdm_op.h -D__DSP48E2__ -o /home/mze/MSc_Computing/Individual_Project/lhc_jet_tagging_NN/RNN_hls4ml/rnn_model/hls4ml_prj_2/myproject_prj/solution1/.autopilot/db/myproject.pp.0.cpp
Command         clang done; 1.54 sec.
Execute         tidy_31 xilinx-xfmat-array-geometry /home/mze/MSc_Computing/Individual_Project/lhc_jet_tagging_NN/RNN_hls4ml/rnn_model/hls4ml_prj_2/myproject_prj/solution1/.autopilot/db/myproject.pp.0.cpp std=c++0x 
INFO-FLOW: exec /home/mze/Desktop/Xilinx/Vivado/2019.2/lnx64/tools/clang-3.9-csynth/bin/tidy-3.1 -header-filter=.* -checks=-*,xilinx-xfmat-array-geometry -quiet -fix /home/mze/MSc_Computing/Individual_Project/lhc_jet_tagging_NN/RNN_hls4ml/rnn_model/hls4ml_prj_2/myproject_prj/solution1/.autopilot/db/myproject.pp.0.cpp -- -std=c++0x -fhls -ferror-limit=0
Command         tidy_31 done; 1.61 sec.
INFO-FLOW: Syntax Checking before pre-processing...
Execute         clang -syntaxcheck -src /home/mze/MSc_Computing/Individual_Project/lhc_jet_tagging_NN/RNN_hls4ml/rnn_model/hls4ml_prj_2/myproject_prj/solution1/.autopilot/db/myproject.pp.0.cpp  -fno-limit-debug-info -gcc-toolchain "/home/mze/Desktop/Xilinx/Vivado/2019.2/lnx64/tools/gcc" -hls  -std=c++0x  -fno-math-errno -c -emit-llvm -O0  -mllvm -disable-llvm-optzns -fno-threadsafe-statics  -fno-use-cxa-atexit  -fno-threadsafe-statics -fno-use-cxa-atexit -D__CLANG_3_1__ -DAESL_SYN -D__SYNTHESIS__ -D__HLS_SYN__ -I "/home/mze/Desktop/Xilinx/Vivado/2019.2/common/technology/autopilot" -I "/home/mze/Desktop/Xilinx/Vivado/2019.2/common/technology/autopilot/ap_sysc" -include etc/autopilot_ssdm_op.h -D__DSP48E2__  "/home/mze/MSc_Computing/Individual_Project/lhc_jet_tagging_NN/RNN_hls4ml/rnn_model/hls4ml_prj_2/myproject_prj/solution1/.autopilot/db/myproject.pp.0.cpp"  -o "/home/mze/MSc_Computing/Individual_Project/lhc_jet_tagging_NN/RNN_hls4ml/rnn_model/hls4ml_prj_2/myproject_prj/solution1/.autopilot/db/useless.bc"  
INFO-FLOW: exec /home/mze/Desktop/Xilinx/Vivado/2019.2/lnx64/tools/clang/bin/clang -fno-limit-debug-info -gcc-toolchain /home/mze/Desktop/Xilinx/Vivado/2019.2/lnx64/tools/gcc -hls -std=c++0x -fno-math-errno -c -emit-llvm -O0 -mllvm -disable-llvm-optzns -fno-threadsafe-statics -fno-use-cxa-atexit -fno-threadsafe-statics -fno-use-cxa-atexit -D__CLANG_3_1__ -DAESL_SYN -D__SYNTHESIS__ -D__HLS_SYN__ -I /home/mze/Desktop/Xilinx/Vivado/2019.2/common/technology/autopilot -I /home/mze/Desktop/Xilinx/Vivado/2019.2/common/technology/autopilot/ap_sysc -include etc/autopilot_ssdm_op.h -D__DSP48E2__ /home/mze/MSc_Computing/Individual_Project/lhc_jet_tagging_NN/RNN_hls4ml/rnn_model/hls4ml_prj_2/myproject_prj/solution1/.autopilot/db/myproject.pp.0.cpp -o /home/mze/MSc_Computing/Individual_Project/lhc_jet_tagging_NN/RNN_hls4ml/rnn_model/hls4ml_prj_2/myproject_prj/solution1/.autopilot/db/useless.bc
Command         clang done; 2.4 sec.
INFO-FLOW: Done: GCC PP time: 5.6 seconds per iteration
Execute         source /home/mze/Desktop/Xilinx/Vivado/2019.2/tps/tcl/tcllib1.11.1/yaml/huddle.tcl 
Execute         source /home/mze/Desktop/Xilinx/Vivado/2019.2/tps/tcl/tcllib1.11.1/yaml/json2huddle.tcl 
Execute           source /home/mze/Desktop/Xilinx/Vivado/2019.2/tps/tcl/tcllib1.11.1/try/try.tcl 
Execute         list_core -type functional_unit 
Execute         tidy_31 xilinx-systemc-detector /home/mze/MSc_Computing/Individual_Project/lhc_jet_tagging_NN/RNN_hls4ml/rnn_model/hls4ml_prj_2/myproject_prj/solution1/.autopilot/db/myproject.pp.0.cpp std=c++0x -directive=/home/mze/MSc_Computing/Individual_Project/lhc_jet_tagging_NN/RNN_hls4ml/rnn_model/hls4ml_prj_2/myproject_prj/solution1/.autopilot/db/.systemc_flag 
INFO-FLOW: exec /home/mze/Desktop/Xilinx/Vivado/2019.2/lnx64/tools/clang-3.9-csynth/bin/tidy-3.1 -header-filter=.* -checks=-*,xilinx-systemc-detector -import-directive=/home/mze/MSc_Computing/Individual_Project/lhc_jet_tagging_NN/RNN_hls4ml/rnn_model/hls4ml_prj_2/myproject_prj/solution1/.autopilot/db/.systemc_flag -quiet -fix-errors /home/mze/MSc_Computing/Individual_Project/lhc_jet_tagging_NN/RNN_hls4ml/rnn_model/hls4ml_prj_2/myproject_prj/solution1/.autopilot/db/myproject.pp.0.cpp -- -std=c++0x -fhls -ferror-limit=0
Command         tidy_31 done; 1.96 sec.
INFO-FLOW: Running: tidy-3.1 CDT preprocess
Execute         tidy_31 xilinx-directive2pragma /home/mze/MSc_Computing/Individual_Project/lhc_jet_tagging_NN/RNN_hls4ml/rnn_model/hls4ml_prj_2/myproject_prj/solution1/.autopilot/db/myproject.pp.0.cpp std=c++0x -directive=/home/mze/MSc_Computing/Individual_Project/lhc_jet_tagging_NN/RNN_hls4ml/rnn_model/hls4ml_prj_2/myproject_prj/solution1/.autopilot/db/all.directive.json 
INFO-FLOW: exec /home/mze/Desktop/Xilinx/Vivado/2019.2/lnx64/tools/clang-3.9-csynth/bin/tidy-3.1 -header-filter=.* -checks=-*,xilinx-directive2pragma -import-directive=/home/mze/MSc_Computing/Individual_Project/lhc_jet_tagging_NN/RNN_hls4ml/rnn_model/hls4ml_prj_2/myproject_prj/solution1/.autopilot/db/all.directive.json -quiet -fix-errors /home/mze/MSc_Computing/Individual_Project/lhc_jet_tagging_NN/RNN_hls4ml/rnn_model/hls4ml_prj_2/myproject_prj/solution1/.autopilot/db/myproject.pp.0.cpp -- -std=c++0x -fhls -ferror-limit=0
Command         tidy_31 done; 1.44 sec.
Execute         get_config_dataflow -strict_mode 
Execute         ap_eval exec -ignorestderr /home/mze/Desktop/Xilinx/Vivado/2019.2/lnx64/tools/clang-3.9-csynth/bin/xilinx-dataflow-lawyer -export-fixes=/home/mze/MSc_Computing/Individual_Project/lhc_jet_tagging_NN/RNN_hls4ml/rnn_model/hls4ml_prj_2/myproject_prj/solution1/.autopilot/db/xilinx-dataflow-lawyer.myproject.pp.0.cpp.diag.yml /home/mze/MSc_Computing/Individual_Project/lhc_jet_tagging_NN/RNN_hls4ml/rnn_model/hls4ml_prj_2/myproject_prj/solution1/.autopilot/db/myproject.pp.0.cpp -- -std=c++0x -fhls -ferror-limit=0 -fstrict-dataflow > /home/mze/MSc_Computing/Individual_Project/lhc_jet_tagging_NN/RNN_hls4ml/rnn_model/hls4ml_prj_2/myproject_prj/solution1/.autopilot/db/xilinx-dataflow-lawyer.myproject.pp.0.cpp.out.log 2> /home/mze/MSc_Computing/Individual_Project/lhc_jet_tagging_NN/RNN_hls4ml/rnn_model/hls4ml_prj_2/myproject_prj/solution1/.autopilot/db/xilinx-dataflow-lawyer.myproject.pp.0.cpp.err.log 
Command         ap_eval done; 1.83 sec.
Execute         source /home/mze/Desktop/Xilinx/Vivado/2019.2/tps/tcl/tcllib1.11.1/yaml/yaml.tcl 
Execute           source /home/mze/Desktop/Xilinx/Vivado/2019.2/tps/tcl/tcllib1.11.1/cmdline/cmdline.tcl 
WARNING: [HLS 214-114] Since the only kind of statements allowed in a canonical dataflow region are variable declarations and function calls, the compiler may not be able to correctly handle the region: firmware/nnet_utils/nnet_dense_latency.h:64:9
WARNING: [HLS 214-114] Since the only kind of statements allowed in a canonical dataflow region are variable declarations and function calls, the compiler may not be able to correctly handle the region: firmware/nnet_utils/nnet_dense_latency.h:79:2
WARNING: [HLS 214-104] Only for-loops and functions support the dataflow: firmware/nnet_utils/nnet_dense_latency.h:76:9
Execute         send_msg_by_id WARNING @200-471@%s%s 3 firmware/myproject.cpp 
WARNING: [HLS 200-471] Dataflow form checks found 3 issue(s) in file firmware/myproject.cpp
Execute         tidy_31 -errorcheck xilinx-constantarray-param,xilinx-resource-pragma-transformer,xilinx-xfmat-array-geometry /home/mze/MSc_Computing/Individual_Project/lhc_jet_tagging_NN/RNN_hls4ml/rnn_model/hls4ml_prj_2/myproject_prj/solution1/.autopilot/db/myproject.pp.0.cpp std=c++0x 
Execute           ap_eval exec -ignorestderr /home/mze/Desktop/Xilinx/Vivado/2019.2/lnx64/tools/clang-3.9-csynth/bin/tidy-3.1 -export-fixes=/home/mze/MSc_Computing/Individual_Project/lhc_jet_tagging_NN/RNN_hls4ml/rnn_model/hls4ml_prj_2/myproject_prj/solution1/.autopilot/db/tidy-3.1.myproject.pp.0.cpp.diag.yml -header-filter=.* -checks=-*,xilinx-constantarray-param,xilinx-resource-pragma-transformer,xilinx-xfmat-array-geometry -quiet -fix-errors /home/mze/MSc_Computing/Individual_Project/lhc_jet_tagging_NN/RNN_hls4ml/rnn_model/hls4ml_prj_2/myproject_prj/solution1/.autopilot/db/myproject.pp.0.cpp -- -std=c++0x -fhls -ferror-limit=0 > /home/mze/MSc_Computing/Individual_Project/lhc_jet_tagging_NN/RNN_hls4ml/rnn_model/hls4ml_prj_2/myproject_prj/solution1/.autopilot/db/tidy-3.1.myproject.pp.0.cpp.out.log 2> /home/mze/MSc_Computing/Individual_Project/lhc_jet_tagging_NN/RNN_hls4ml/rnn_model/hls4ml_prj_2/myproject_prj/solution1/.autopilot/db/tidy-3.1.myproject.pp.0.cpp.err.log 
Command           ap_eval done; 2.24 sec.
Execute           ap_eval exec -ignorestderr /home/mze/Desktop/Xilinx/Vivado/2019.2/lnx64/tools/clang-3.9-csynth/bin/xilinx-legacy-rewriter /home/mze/MSc_Computing/Individual_Project/lhc_jet_tagging_NN/RNN_hls4ml/rnn_model/hls4ml_prj_2/myproject_prj/solution1/.autopilot/db/myproject.pp.0.cpp -- -std=c++0x -fhls -ferror-limit=0 > /home/mze/MSc_Computing/Individual_Project/lhc_jet_tagging_NN/RNN_hls4ml/rnn_model/hls4ml_prj_2/myproject_prj/solution1/.autopilot/db/xilinx-legacy-rewriter.myproject.pp.0.cpp.out.log 2> /home/mze/MSc_Computing/Individual_Project/lhc_jet_tagging_NN/RNN_hls4ml/rnn_model/hls4ml_prj_2/myproject_prj/solution1/.autopilot/db/xilinx-legacy-rewriter.myproject.pp.0.cpp.err.log 
Command           ap_eval done; 1.31 sec.
Command         tidy_31 done; 3.58 sec.
INFO-FLOW: Done: tidy-3.1 CDT preprocess time: 6.9 seconds per iteration
INFO-FLOW: Pragma Handling...
Execute         tidy_31 xilinx-ssdm-intrinsics-arguments /home/mze/MSc_Computing/Individual_Project/lhc_jet_tagging_NN/RNN_hls4ml/rnn_model/hls4ml_prj_2/myproject_prj/solution1/.autopilot/db/myproject.pragma.1.cpp std=c++0x 
INFO-FLOW: exec /home/mze/Desktop/Xilinx/Vivado/2019.2/lnx64/tools/clang-3.9-csynth/bin/tidy-3.1 -header-filter=.* -checks=-*,xilinx-ssdm-intrinsics-arguments -quiet -fix-errors /home/mze/MSc_Computing/Individual_Project/lhc_jet_tagging_NN/RNN_hls4ml/rnn_model/hls4ml_prj_2/myproject_prj/solution1/.autopilot/db/myproject.pragma.1.cpp -- -std=c++0x -fhls -ferror-limit=0
Command         tidy_31 done; 2.91 sec.
Execute         ap_part_info -name xcu250-figd2104-2L-e -data info 
INFO-FLOW: Processing labels
Execute         clang -src /home/mze/MSc_Computing/Individual_Project/lhc_jet_tagging_NN/RNN_hls4ml/rnn_model/hls4ml_prj_2/myproject_prj/solution1/.autopilot/db/myproject.pragma.2.cpp  -fno-limit-debug-info -gcc-toolchain /home/mze/Desktop/Xilinx/Vivado/2019.2/lnx64/tools/gcc -hls -hls-analyze-label -hls-analyze-pragma -fno-exceptions  -D__llvm__  -w  "/home/mze/MSc_Computing/Individual_Project/lhc_jet_tagging_NN/RNN_hls4ml/rnn_model/hls4ml_prj_2/myproject_prj/solution1/.autopilot/db/myproject.pragma.2.cpp"  -std=c++0x  -fno-math-errno -c -emit-llvm -O0  -mllvm -disable-llvm-optzns -fno-threadsafe-statics  -fno-use-cxa-atexit -DAESL_SYN -D__SYNTHESIS__ -D__HLS_SYN__ -I "/home/mze/Desktop/Xilinx/Vivado/2019.2/common/technology/autopilot" -I "/home/mze/Desktop/Xilinx/Vivado/2019.2/common/technology/autopilot/ap_sysc" -include etc/autopilot_ssdm_op.h -D__DSP48E2__ -g -o "/home/mze/MSc_Computing/Individual_Project/lhc_jet_tagging_NN/RNN_hls4ml/rnn_model/hls4ml_prj_2/myproject_prj/solution1/.autopilot/db/myproject.bc" 
INFO-FLOW: exec /home/mze/Desktop/Xilinx/Vivado/2019.2/lnx64/tools/clang/bin/clang -fno-limit-debug-info -gcc-toolchain /home/mze/Desktop/Xilinx/Vivado/2019.2/lnx64/tools/gcc -hls -hls-analyze-label -hls-analyze-pragma -fno-exceptions -D__llvm__ -w /home/mze/MSc_Computing/Individual_Project/lhc_jet_tagging_NN/RNN_hls4ml/rnn_model/hls4ml_prj_2/myproject_prj/solution1/.autopilot/db/myproject.pragma.2.cpp -std=c++0x -fno-math-errno -c -emit-llvm -O0 -mllvm -disable-llvm-optzns -fno-threadsafe-statics -fno-use-cxa-atexit -DAESL_SYN -D__SYNTHESIS__ -D__HLS_SYN__ -I /home/mze/Desktop/Xilinx/Vivado/2019.2/common/technology/autopilot -I /home/mze/Desktop/Xilinx/Vivado/2019.2/common/technology/autopilot/ap_sysc -include etc/autopilot_ssdm_op.h -D__DSP48E2__ -g -o /home/mze/MSc_Computing/Individual_Project/lhc_jet_tagging_NN/RNN_hls4ml/rnn_model/hls4ml_prj_2/myproject_prj/solution1/.autopilot/db/myproject.bc
Command         clang done; 2.49 sec.
INFO-FLOW: Linking Debug ...
Execute         llvm-ld /home/mze/MSc_Computing/Individual_Project/lhc_jet_tagging_NN/RNN_hls4ml/rnn_model/hls4ml_prj_2/myproject_prj/solution1/.autopilot/db/myproject.g.bc -hls-opt -except-internalize myproject -L/home/mze/Desktop/Xilinx/Vivado/2019.2/lnx64/lib -lhlsm -lhlsmc++ -o /home/mze/MSc_Computing/Individual_Project/lhc_jet_tagging_NN/RNN_hls4ml/rnn_model/hls4ml_prj_2/myproject_prj/solution1/.autopilot/db/a.g 
Command         llvm-ld done; 2.34 sec.
INFO: [HLS 200-111] Finished Linking Time (s): cpu = 00:00:23 ; elapsed = 00:00:25 . Memory (MB): peak = 930.961 ; gain = 526.004 ; free physical = 6378 ; free virtual = 8362
INFO: [HLS 200-111] Finished Checking Pragmas Time (s): cpu = 00:00:23 ; elapsed = 00:00:25 . Memory (MB): peak = 930.961 ; gain = 526.004 ; free physical = 6378 ; free virtual = 8362
Execute         get_config_sdx -target 
Execute         opt_and_import_c a -opt_level=2 -skip_syncheck=0 -ng=0 -keep_printf=0 
Execute           cleanup_all_models 
INFO: [HLS 200-10] Starting code transformations ...
Execute           transform -promote-dbg-pointer /home/mze/MSc_Computing/Individual_Project/lhc_jet_tagging_NN/RNN_hls4ml/rnn_model/hls4ml_prj_2/myproject_prj/solution1/.autopilot/db/a.pp.bc -o /home/mze/MSc_Computing/Individual_Project/lhc_jet_tagging_NN/RNN_hls4ml/rnn_model/hls4ml_prj_2/myproject_prj/solution1/.autopilot/db/a.pp.0.bc -f 
Command           transform done; 0.61 sec.
Execute           llvm-ld /home/mze/MSc_Computing/Individual_Project/lhc_jet_tagging_NN/RNN_hls4ml/rnn_model/hls4ml_prj_2/myproject_prj/solution1/.autopilot/db/a.pp.0.bc -disable-opt -L/home/mze/Desktop/Xilinx/Vivado/2019.2/lnx64/lib -lfloatconversion -o /home/mze/MSc_Computing/Individual_Project/lhc_jet_tagging_NN/RNN_hls4ml/rnn_model/hls4ml_prj_2/myproject_prj/solution1/.autopilot/db/a.g.0 
Command           llvm-ld done; 2.73 sec.
INFO-FLOW: Running Standard Transforms...
Execute           transform -hls -share-std-xform -demangle-name -inline-byval-memcpy -always-inline -promote-dbg-pointer -interface-preproc -mem2reg -scalarrepl -mem2reg -keep-read-access -instcombine -dce -promote-dbg-pointer -bitop-raise -loop-simplify -indvarspre -indvars -loop-simplify -xunroll -constprop -instcombine -simplifycfg -indvars -simplifycfg -dce -globaldce -basicaa -simplifycfg -mem2reg -globalopt -global-constprop -deadargelim -instcombine -simplifycfg -prune-eh -simplifycfg -scalarrepl -instcombine -reassociate -licm -simplifycfg -loop-simplify -indvars -instcombine -simplifycfg -mem2reg -loop-simplify -indvars -instcombine -gvn -gvn -instcombine -adce -break-crit-edges -simplifycfg -loop-delete -global-array-opt -dce -dse -adce -find-syn-modules -top myproject -deadargelim -mem2reg -instcombine -dce -presyn-prepare -auto-rom-infer -interface-preproc -syn-check -check-rec-only -find-region -simplifycfg -func-extr -function-inline -globaldce -mem2reg -instcombine -dce -gvn -globaldce -adce -adse -constprop -instcombine -bit-constprop -instcombine -dce -simplifycfg -bitop-raise -simplifycfg -dce -loop-delete -reassociate -globalopt -global-privatize -mem2reg -dce -global-constprop -pointer-simplify -constprop -dce -func-inst -deadargelim -auto-shift-reg-idiom -promote-dbg-pointer -norm-name /home/mze/MSc_Computing/Individual_Project/lhc_jet_tagging_NN/RNN_hls4ml/rnn_model/hls4ml_prj_2/myproject_prj/solution1/.autopilot/db/a.g.0.bc -o /home/mze/MSc_Computing/Individual_Project/lhc_jet_tagging_NN/RNN_hls4ml/rnn_model/hls4ml_prj_2/myproject_prj/solution1/.autopilot/db/a.g.1.bc -f -phase std-opt 
INFO: [XFORM 203-603] Inlining function 'nnet::product::mult<ap_fixed<16, 6, (ap_q_mode)5, (ap_o_mode)3, 0>, ap_fixed<16, 6, (ap_q_mode)5, (ap_o_mode)3, 0>, ap_fixed<16, 6, (ap_q_mode)5, (ap_o_mode)3, 0> >::limit' into 'nnet::dense_latency<ap_fixed<16, 6, (ap_q_mode)5, (ap_o_mode)3, 0>, ap_fixed<16, 6, (ap_q_mode)5, (ap_o_mode)3, 0>, config2_1>' (firmware/nnet_utils/nnet_dense_latency.h:57).
INFO: [XFORM 203-603] Inlining function 'nnet::product::mult<ap_fixed<16, 6, (ap_q_mode)5, (ap_o_mode)3, 0>, ap_fixed<16, 6, (ap_q_mode)5, (ap_o_mode)3, 0>, ap_fixed<16, 6, (ap_q_mode)5, (ap_o_mode)3, 0> >::limit' into 'nnet::dense_latency<ap_fixed<16, 6, (ap_q_mode)5, (ap_o_mode)3, 0>, ap_fixed<16, 6, (ap_q_mode)5, (ap_o_mode)3, 0>, config2_2>' (firmware/nnet_utils/nnet_dense_latency.h:57).
INFO: [XFORM 203-603] Inlining function 'nnet::product::mult<ap_fixed<16, 6, (ap_q_mode)5, (ap_o_mode)3, 0>, ap_fixed<16, 6, (ap_q_mode)5, (ap_o_mode)3, 0>, ap_fixed<16, 6, (ap_q_mode)5, (ap_o_mode)3, 0> >::limit' into 'nnet::dense_latency<ap_fixed<16, 6, (ap_q_mode)5, (ap_o_mode)3, 0>, ap_fixed<16, 6, (ap_q_mode)5, (ap_o_mode)3, 0>, config4>' (firmware/nnet_utils/nnet_dense_latency.h:57).
INFO: [XFORM 203-603] Inlining function 'nnet::product::mult<ap_fixed<16, 6, (ap_q_mode)5, (ap_o_mode)3, 0>, ap_fixed<16, 6, (ap_q_mode)5, (ap_o_mode)3, 0>, ap_fixed<16, 6, (ap_q_mode)5, (ap_o_mode)3, 0> >::limit' into 'nnet::dense_latency<ap_fixed<16, 6, (ap_q_mode)5, (ap_o_mode)3, 0>, ap_fixed<16, 6, (ap_q_mode)5, (ap_o_mode)3, 0>, config6>' (firmware/nnet_utils/nnet_dense_latency.h:57).
INFO: [XFORM 203-603] Inlining function 'nnet::product::mult<ap_fixed<16, 6, (ap_q_mode)5, (ap_o_mode)3, 0>, ap_fixed<16, 6, (ap_q_mode)5, (ap_o_mode)3, 0>, ap_fixed<16, 6, (ap_q_mode)5, (ap_o_mode)3, 0> >::limit' into 'nnet::dense_latency<ap_fixed<16, 6, (ap_q_mode)5, (ap_o_mode)3, 0>, ap_fixed<16, 6, (ap_q_mode)5, (ap_o_mode)3, 0>, config8>' (firmware/nnet_utils/nnet_dense_latency.h:57).
INFO: [XFORM 203-603] Inlining function 'nnet::product::mult<ap_fixed<16, 6, (ap_q_mode)5, (ap_o_mode)3, 0>, ap_fixed<16, 6, (ap_q_mode)5, (ap_o_mode)3, 0>, ap_fixed<16, 6, (ap_q_mode)5, (ap_o_mode)3, 0> >::product' into 'nnet::dense_latency<ap_fixed<16, 6, (ap_q_mode)5, (ap_o_mode)3, 0>, ap_fixed<16, 6, (ap_q_mode)5, (ap_o_mode)3, 0>, config2_1>' (firmware/nnet_utils/nnet_dense_latency.h:96).
INFO: [XFORM 203-603] Inlining function 'nnet::product::mult<ap_fixed<16, 6, (ap_q_mode)5, (ap_o_mode)3, 0>, ap_fixed<16, 6, (ap_q_mode)5, (ap_o_mode)3, 0>, ap_fixed<16, 6, (ap_q_mode)5, (ap_o_mode)3, 0> >::product' into 'nnet::dense_latency<ap_fixed<16, 6, (ap_q_mode)5, (ap_o_mode)3, 0>, ap_fixed<16, 6, (ap_q_mode)5, (ap_o_mode)3, 0>, config2_2>' (firmware/nnet_utils/nnet_dense_latency.h:96).
INFO: [XFORM 203-603] Inlining function 'nnet::product::mult<ap_fixed<16, 6, (ap_q_mode)5, (ap_o_mode)3, 0>, ap_fixed<16, 6, (ap_q_mode)5, (ap_o_mode)3, 0>, ap_fixed<16, 6, (ap_q_mode)5, (ap_o_mode)3, 0> >::product' into 'nnet::dense_latency<ap_fixed<16, 6, (ap_q_mode)5, (ap_o_mode)3, 0>, ap_fixed<16, 6, (ap_q_mode)5, (ap_o_mode)3, 0>, config4>' (firmware/nnet_utils/nnet_dense_latency.h:96).
INFO: [XFORM 203-603] Inlining function 'nnet::product::mult<ap_fixed<16, 6, (ap_q_mode)5, (ap_o_mode)3, 0>, ap_fixed<16, 6, (ap_q_mode)5, (ap_o_mode)3, 0>, ap_fixed<16, 6, (ap_q_mode)5, (ap_o_mode)3, 0> >::product' into 'nnet::dense_latency<ap_fixed<16, 6, (ap_q_mode)5, (ap_o_mode)3, 0>, ap_fixed<16, 6, (ap_q_mode)5, (ap_o_mode)3, 0>, config6>' (firmware/nnet_utils/nnet_dense_latency.h:96).
INFO: [XFORM 203-603] Inlining function 'nnet::product::mult<ap_fixed<16, 6, (ap_q_mode)5, (ap_o_mode)3, 0>, ap_fixed<16, 6, (ap_q_mode)5, (ap_o_mode)3, 0>, ap_fixed<16, 6, (ap_q_mode)5, (ap_o_mode)3, 0> >::product' into 'nnet::dense_latency<ap_fixed<16, 6, (ap_q_mode)5, (ap_o_mode)3, 0>, ap_fixed<16, 6, (ap_q_mode)5, (ap_o_mode)3, 0>, config8>' (firmware/nnet_utils/nnet_dense_latency.h:96).
INFO: [XFORM 203-603] Inlining function 'nnet::dense<ap_fixed<16, 6, (ap_q_mode)5, (ap_o_mode)3, 0>, ap_fixed<16, 6, (ap_q_mode)5, (ap_o_mode)3, 0>, config2_1>' into 'nnet::lstm_static<ap_fixed<16, 6, (ap_q_mode)5, (ap_o_mode)3, 0>, ap_fixed<16, 6, (ap_q_mode)5, (ap_o_mode)3, 0>, config2>' (firmware/nnet_utils/nnet_recurrent.h:168).
INFO: [XFORM 203-603] Inlining function 'nnet::dense<ap_fixed<16, 6, (ap_q_mode)5, (ap_o_mode)3, 0>, ap_fixed<16, 6, (ap_q_mode)5, (ap_o_mode)3, 0>, config2_2>' into 'nnet::lstm_static<ap_fixed<16, 6, (ap_q_mode)5, (ap_o_mode)3, 0>, ap_fixed<16, 6, (ap_q_mode)5, (ap_o_mode)3, 0>, config2>' (firmware/nnet_utils/nnet_recurrent.h:169).
INFO: [XFORM 203-603] Inlining function 'nnet::dense<ap_fixed<16, 6, (ap_q_mode)5, (ap_o_mode)3, 0>, ap_fixed<16, 6, (ap_q_mode)5, (ap_o_mode)3, 0>, config4>' into 'myproject' (firmware/myproject.cpp:74).
INFO: [XFORM 203-603] Inlining function 'nnet::dense<ap_fixed<16, 6, (ap_q_mode)5, (ap_o_mode)3, 0>, ap_fixed<16, 6, (ap_q_mode)5, (ap_o_mode)3, 0>, config6>' into 'myproject' (firmware/myproject.cpp:82).
INFO: [XFORM 203-603] Inlining function 'nnet::dense<ap_fixed<16, 6, (ap_q_mode)5, (ap_o_mode)3, 0>, ap_fixed<16, 6, (ap_q_mode)5, (ap_o_mode)3, 0>, config8>' into 'myproject' (firmware/myproject.cpp:90).
INFO: [XFORM 203-603] Inlining function 'nnet::softmax<ap_fixed<16, 6, (ap_q_mode)5, (ap_o_mode)3, 0>, ap_fixed<16, 6, (ap_q_mode)5, (ap_o_mode)3, 0>, softmax_config9>' into 'myproject' (firmware/myproject.cpp:92).
Command           transform done; 10.17 sec.
INFO: [HLS 200-111] Finished Standard Transforms Time (s): cpu = 00:00:36 ; elapsed = 00:00:39 . Memory (MB): peak = 1074.965 ; gain = 670.008 ; free physical = 6103 ; free virtual = 8131
INFO: [HLS 200-10] Checking synthesizability ...
INFO-FLOW: Checking Synthesizability 1/2..
Execute           transform -hls -syn-check -check-rec-only -disaggr -scalarrepl -norm-name -dce -mem2reg -instcombine -function-uniquify -directive-preproc -mem2reg -dse -dce -auto-rom-infer -dce -pag -array-normalize -instcombine -dce -warn-fifo-pointer -array-seg-normalize -instcombine -dce -array-flatten -instcombine -dce -array-burst -dce -deadargelim -promote-global-argument -simplifycfg -mem2reg -globaldce -dce -deadargelim -dce -instcombine -function-inline -globaldce -dce -doublePtrSimplify -doublePtrElim -dce -doublePtrSimplify -promote-dbg-pointer -dce -scalarrepl -dse -adse -instcombine -ptrLegalization -simplifycfg -dce -instcombine -pointer-simplify -ptrArgReplace -dce -instcombine -resolve-double-ptr -disaggr -scalarrepl -norm-name -dce -mem2reg -instcombine -ptrLegalization -simplifycfg -deadargelim -instcombine -dce -inst-simplify -function-uniquify -directive-preproc -mem2reg -dse -dce -globaldce -check-dspbuiltin /home/mze/MSc_Computing/Individual_Project/lhc_jet_tagging_NN/RNN_hls4ml/rnn_model/hls4ml_prj_2/myproject_prj/solution1/.autopilot/db/a.g.1.bc -o /home/mze/MSc_Computing/Individual_Project/lhc_jet_tagging_NN/RNN_hls4ml/rnn_model/hls4ml_prj_2/myproject_prj/solution1/.autopilot/db/a.g.2.prechk.bc -f 
INFO: [XFORM 203-602] Inlining function 'fp_struct<double>::mantissa' into 'generic_cast_IEEE754<int, (ap_q_mode)6, double>' (/wrk/2019.2/continuous/2019_11_06_2708876/src/products/hls/hls_lib/hlsmath/include/FloatingPoint/hls_case_IEEE754.h:15) automatically.
INFO: [XFORM 203-602] Inlining function 'fp_struct<double>::expv' into 'generic_cast_IEEE754<int, (ap_q_mode)6, double>' (/wrk/2019.2/continuous/2019_11_06_2708876/src/products/hls/hls_lib/hlsmath/include/FloatingPoint/hls_case_IEEE754.h:18) automatically.
INFO: [XFORM 203-602] Inlining function 'fp_struct<double>::__signbit' into 'generic_cast_IEEE754<int, (ap_q_mode)6, double>' (/wrk/2019.2/continuous/2019_11_06_2708876/src/products/hls/hls_lib/hlsmath/include/FloatingPoint/hls_case_IEEE754.h:59) automatically.
INFO: [XFORM 203-602] Inlining function 'generic_cast_IEEE754<int, (ap_q_mode)6, double>' into 'generic_cast_IEEE754<int, double>' (/wrk/2019.2/continuous/2019_11_06_2708876/src/products/hls/hls_lib/hlsmath/include/FloatingPoint/hls_case_IEEE754.h:117) automatically.
INFO: [XFORM 203-602] Inlining function 'generic_cast_IEEE754<int, double>' into '__hls_fptosi_double_i32' (/wrk/2019.2/continuous/2019_11_06_2708876/src/products/hls/hls_lib/hlsmath/src/lib_floatconversion.cpp:55) automatically.
INFO: [XFORM 203-602] Inlining function '__hls_fptosi_double_i32' into 'nnet::dense_latency<ap_fixed<16, 6, (ap_q_mode)5, (ap_o_mode)3, 0>, ap_fixed<16, 6, (ap_q_mode)5, (ap_o_mode)3, 0>, config2_1>' (firmware/nnet_utils/nnet_dense_latency.h:56) automatically.
INFO: [XFORM 203-602] Inlining function 'nnet::cast<ap_fixed<16, 6, (ap_q_mode)5, (ap_o_mode)3, 0>, ap_fixed<16, 6, (ap_q_mode)5, (ap_o_mode)3, 0>, config2_1>' into 'nnet::dense_latency<ap_fixed<16, 6, (ap_q_mode)5, (ap_o_mode)3, 0>, ap_fixed<16, 6, (ap_q_mode)5, (ap_o_mode)3, 0>, config2_1>' (firmware/nnet_utils/nnet_dense_latency.h:125) automatically.
INFO: [XFORM 203-602] Inlining function '__hls_fptosi_double_i32' into 'nnet::dense_latency<ap_fixed<16, 6, (ap_q_mode)5, (ap_o_mode)3, 0>, ap_fixed<16, 6, (ap_q_mode)5, (ap_o_mode)3, 0>, config2_2>' (firmware/nnet_utils/nnet_dense_latency.h:56) automatically.
INFO: [XFORM 203-602] Inlining function 'nnet::cast<ap_fixed<16, 6, (ap_q_mode)5, (ap_o_mode)3, 0>, ap_fixed<16, 6, (ap_q_mode)5, (ap_o_mode)3, 0>, config2_2>' into 'nnet::dense_latency<ap_fixed<16, 6, (ap_q_mode)5, (ap_o_mode)3, 0>, ap_fixed<16, 6, (ap_q_mode)5, (ap_o_mode)3, 0>, config2_2>' (firmware/nnet_utils/nnet_dense_latency.h:125) automatically.
INFO: [XFORM 203-602] Inlining function 'nnet::activation::sigmoid<ap_fixed<16, 6, (ap_q_mode)5, (ap_o_mode)3, 0>, ap_fixed<16, 6, (ap_q_mode)5, (ap_o_mode)3, 0>, sigmoid_config2_recr>::activation' into 'nnet::lstm_static<ap_fixed<16, 6, (ap_q_mode)5, (ap_o_mode)3, 0>, ap_fixed<16, 6, (ap_q_mode)5, (ap_o_mode)3, 0>, config2>' (firmware/nnet_utils/nnet_recurrent.h:183) automatically.
INFO: [XFORM 203-602] Inlining function 'nnet::activation::tanh<ap_fixed<16, 6, (ap_q_mode)5, (ap_o_mode)3, 0>, ap_fixed<16, 6, (ap_q_mode)5, (ap_o_mode)3, 0>, tanh_config2>::activation' into 'nnet::lstm_static<ap_fixed<16, 6, (ap_q_mode)5, (ap_o_mode)3, 0>, ap_fixed<16, 6, (ap_q_mode)5, (ap_o_mode)3, 0>, config2>' (firmware/nnet_utils/nnet_recurrent.h:186) automatically.
INFO: [XFORM 203-602] Inlining function '__hls_fptosi_double_i32' into 'nnet::dense_latency<ap_fixed<16, 6, (ap_q_mode)5, (ap_o_mode)3, 0>, ap_fixed<16, 6, (ap_q_mode)5, (ap_o_mode)3, 0>, config4>' (firmware/nnet_utils/nnet_dense_latency.h:56) automatically.
INFO: [XFORM 203-602] Inlining function 'nnet::cast<ap_fixed<16, 6, (ap_q_mode)5, (ap_o_mode)3, 0>, ap_fixed<16, 6, (ap_q_mode)5, (ap_o_mode)3, 0>, config4>' into 'nnet::dense_latency<ap_fixed<16, 6, (ap_q_mode)5, (ap_o_mode)3, 0>, ap_fixed<16, 6, (ap_q_mode)5, (ap_o_mode)3, 0>, config4>' (firmware/nnet_utils/nnet_dense_latency.h:125) automatically.
INFO: [XFORM 203-602] Inlining function '__hls_fptosi_double_i32' into 'nnet::dense_latency<ap_fixed<16, 6, (ap_q_mode)5, (ap_o_mode)3, 0>, ap_fixed<16, 6, (ap_q_mode)5, (ap_o_mode)3, 0>, config6>' (firmware/nnet_utils/nnet_dense_latency.h:56) automatically.
INFO: [XFORM 203-602] Inlining function 'nnet::cast<ap_fixed<16, 6, (ap_q_mode)5, (ap_o_mode)3, 0>, ap_fixed<16, 6, (ap_q_mode)5, (ap_o_mode)3, 0>, config6>' into 'nnet::dense_latency<ap_fixed<16, 6, (ap_q_mode)5, (ap_o_mode)3, 0>, ap_fixed<16, 6, (ap_q_mode)5, (ap_o_mode)3, 0>, config6>' (firmware/nnet_utils/nnet_dense_latency.h:125) automatically.
INFO: [XFORM 203-602] Inlining function '__hls_fptosi_double_i32' into 'nnet::dense_latency<ap_fixed<16, 6, (ap_q_mode)5, (ap_o_mode)3, 0>, ap_fixed<16, 6, (ap_q_mode)5, (ap_o_mode)3, 0>, config8>' (firmware/nnet_utils/nnet_dense_latency.h:56) automatically.
INFO: [XFORM 203-602] Inlining function 'nnet::cast<ap_fixed<16, 6, (ap_q_mode)5, (ap_o_mode)3, 0>, ap_fixed<16, 6, (ap_q_mode)5, (ap_o_mode)3, 0>, config8>' into 'nnet::dense_latency<ap_fixed<16, 6, (ap_q_mode)5, (ap_o_mode)3, 0>, ap_fixed<16, 6, (ap_q_mode)5, (ap_o_mode)3, 0>, config8>' (firmware/nnet_utils/nnet_dense_latency.h:125) automatically.
INFO: [XFORM 203-602] Inlining function 'nnet::Op_add<ap_fixed<18, 8, (ap_q_mode)5, (ap_o_mode)3, 0> >::operator()' into 'nnet::reduce<ap_fixed<18, 8, (ap_q_mode)5, (ap_o_mode)3, 0>, 2, nnet::Op_add<ap_fixed<18, 8, (ap_q_mode)5, (ap_o_mode)3, 0> > >' (firmware/nnet_utils/nnet_common.h:52) automatically.
INFO: [XFORM 203-602] Inlining function 'nnet::reduce<ap_fixed<18, 8, (ap_q_mode)5, (ap_o_mode)3, 0>, 2, nnet::Op_add<ap_fixed<18, 8, (ap_q_mode)5, (ap_o_mode)3, 0> > >' into 'nnet::reduce<ap_fixed<18, 8, (ap_q_mode)5, (ap_o_mode)3, 0>, 4, nnet::Op_add<ap_fixed<18, 8, (ap_q_mode)5, (ap_o_mode)3, 0> > >' (firmware/nnet_utils/nnet_common.h:54) automatically.
INFO: [XFORM 203-602] Inlining function 'nnet::Op_add<ap_fixed<18, 8, (ap_q_mode)5, (ap_o_mode)3, 0> >::operator()' into 'nnet::reduce<ap_fixed<18, 8, (ap_q_mode)5, (ap_o_mode)3, 0>, 4, nnet::Op_add<ap_fixed<18, 8, (ap_q_mode)5, (ap_o_mode)3, 0> > >' (firmware/nnet_utils/nnet_common.h:54) automatically.
INFO: [XFORM 203-602] Inlining function 'nnet::reduce<ap_fixed<18, 8, (ap_q_mode)5, (ap_o_mode)3, 0>, 4, nnet::Op_add<ap_fixed<18, 8, (ap_q_mode)5, (ap_o_mode)3, 0> > >' into 'nnet::reduce<ap_fixed<18, 8, (ap_q_mode)5, (ap_o_mode)3, 0>, 5, nnet::Op_add<ap_fixed<18, 8, (ap_q_mode)5, (ap_o_mode)3, 0> > >' (firmware/nnet_utils/nnet_common.h:54) automatically.
INFO: [XFORM 203-602] Inlining function 'nnet::reduce<ap_fixed<18, 8, (ap_q_mode)5, (ap_o_mode)3, 0>, 1, nnet::Op_add<ap_fixed<18, 8, (ap_q_mode)5, (ap_o_mode)3, 0> > >' into 'nnet::reduce<ap_fixed<18, 8, (ap_q_mode)5, (ap_o_mode)3, 0>, 5, nnet::Op_add<ap_fixed<18, 8, (ap_q_mode)5, (ap_o_mode)3, 0> > >' (firmware/nnet_utils/nnet_common.h:54) automatically.
INFO: [XFORM 203-602] Inlining function 'nnet::Op_add<ap_fixed<18, 8, (ap_q_mode)5, (ap_o_mode)3, 0> >::operator()' into 'nnet::reduce<ap_fixed<18, 8, (ap_q_mode)5, (ap_o_mode)3, 0>, 5, nnet::Op_add<ap_fixed<18, 8, (ap_q_mode)5, (ap_o_mode)3, 0> > >' (firmware/nnet_utils/nnet_common.h:54) automatically.
INFO: [XFORM 203-602] Inlining function 'nnet::softmax_idx_from_real_val<ap_fixed<16, 6, (ap_q_mode)5, (ap_o_mode)3, 0>, softmax_config9>' into 'nnet::softmax_latency<ap_fixed<16, 6, (ap_q_mode)5, (ap_o_mode)3, 0>, ap_fixed<16, 6, (ap_q_mode)5, (ap_o_mode)3, 0>, softmax_config9>' (firmware/nnet_utils/nnet_activation.h:250) automatically.
INFO: [XFORM 203-602] Inlining function 'nnet::reduce<ap_fixed<18, 8, (ap_q_mode)5, (ap_o_mode)3, 0>, 5, nnet::Op_add<ap_fixed<18, 8, (ap_q_mode)5, (ap_o_mode)3, 0> > >' into 'nnet::softmax_latency<ap_fixed<16, 6, (ap_q_mode)5, (ap_o_mode)3, 0>, ap_fixed<16, 6, (ap_q_mode)5, (ap_o_mode)3, 0>, softmax_config9>' (firmware/nnet_utils/nnet_activation.h:257) automatically.
INFO: [XFORM 203-602] Inlining function 'nnet::softmax_idx_from_real_val<ap_fixed<18, 8, (ap_q_mode)5, (ap_o_mode)3, 0>, softmax_config9>' into 'nnet::softmax_latency<ap_fixed<16, 6, (ap_q_mode)5, (ap_o_mode)3, 0>, ap_fixed<16, 6, (ap_q_mode)5, (ap_o_mode)3, 0>, softmax_config9>' (firmware/nnet_utils/nnet_activation.h:259) automatically.
Command           transform done; 1.56 sec.
INFO-FLOW: Checking Synthesizability 2/2..
Execute           transform -syn-check /home/mze/MSc_Computing/Individual_Project/lhc_jet_tagging_NN/RNN_hls4ml/rnn_model/hls4ml_prj_2/myproject_prj/solution1/.autopilot/db/a.g.2.prechk.bc -o /home/mze/MSc_Computing/Individual_Project/lhc_jet_tagging_NN/RNN_hls4ml/rnn_model/hls4ml_prj_2/myproject_prj/solution1/.autopilot/db/a.g.2.bc -f -phase syn-check 
Command           transform done; 0.18 sec.
INFO: [HLS 200-111] Finished Checking Synthesizability Time (s): cpu = 00:00:38 ; elapsed = 00:00:40 . Memory (MB): peak = 1189.688 ; gain = 784.730 ; free physical = 6058 ; free virtual = 8092
INFO-FLOW: Compiler optimizing ...
INFO-FLOW: Share syncheck's 1.bc for syn flow: copy /home/mze/MSc_Computing/Individual_Project/lhc_jet_tagging_NN/RNN_hls4ml/rnn_model/hls4ml_prj_2/myproject_prj/solution1/.autopilot/db/a.g.1.bc to /home/mze/MSc_Computing/Individual_Project/lhc_jet_tagging_NN/RNN_hls4ml/rnn_model/hls4ml_prj_2/myproject_prj/solution1/.autopilot/db/a.o.1.bc
INFO-FLOW: Presyn 1...
Execute           transform -hls -tmp /home/mze/MSc_Computing/Individual_Project/lhc_jet_tagging_NN/RNN_hls4ml/rnn_model/hls4ml_prj_2/myproject_prj/solution1/.autopilot/db -interface-port-rename -type-info -function-uniquify -directive-preproc -mem2reg -dse -dce -disaggr -scalarrepl -norm-name -deadargelim -mem2reg -instcombine -dce -simplifycfg -auto-rom-infer -dce -function-uniquify -resource-proc -clib-intrinsic-prepare -dce -func-buffer -dce -pag -array-normalize -func-legal -instcombine -gvn -constprop -dce -simplifycfg -mem2reg -globaldce -resolve-double-ptr -dce -deadargelim -dce -instcombine -ptrArgReplace -mem2reg -dce -array-seg-normalize -deadargelim -instcombine -dce -pointer-simplify -dce -port-alignment -dce -interface-preproc -data-pack -instcombine -dce -basicaa -aggr-aa -aggrmodref-aa -aggr-aa -gvn -gvn -basicaa -aggr-aa -aggrmodref-aa -aggr-aa -dse -adse -adce -loop-simplify -indvars -instcombine -gvn -loop-simplify -mem2reg -dce -find-region -instcombine -auto-loop-pipeline -inst-simplify -interface-preproc -cfgopt -instcombine -indvars -auto-loop-unroll -loop-simplify -loop-bound -xunroll -constprop -instcombine -simplifycfg -indvars -simplifycfg -dce -globaldce -clean-region -attach-range -gvn -inst-simplify -constprop -simplifycfg -dce -pointer-simplify -dce -globalopt -constprop -dce -array-promote -constprop -dce -ptrArgReplace -mem2reg -simplifycfg -dce -auto-par -instcombine -dce -array-transform-check -array-reshape -instcombine -simplifycfg -dce -ptrArgReplace -deadargelim -mem2reg -instcombine -simplifycfg -dce -indvars -loop-simplify -loop-bound -xunroll -constprop -instcombine -simplifycfg -indvars -simplifycfg -dce -globaldce -basicaa -aggr-aa -aggrmodref-aa -aggr-aa -dse -duplicate-dataflow-processes -globaldce -instcombine -array-partition -instcombine -simplifycfg -dce -ptrArgReplace -global-constprop -deadargelim -mem2reg -func-legal -dce -global-constprop -deadargelim -mem2reg -simplifycfg -dce -merge-param -deadargelim -globalopt -constprop -dce -array-promote -constprop -dce -ptrArgReplace -mem2reg -simplifycfg -dce -mem-intrinsic-preproc -dce -global-internalize -global-privatize -mem2reg -globaldce -promote-global-argument -ptrArgReplace -mem2reg -dce -globalopt -mergereturn -simplify-global-access -mem2reg -dce -pointer-simplify -dce -functionattrs -basicaa -aggr-aa -aggrmodref-aa -aggr-aa -gvn -gvn -basicaa -aggr-aa -aggrmodref-aa -aggr-aa -dse -adse -adce -dce -norm-name -function-inline -complex-op-raise -inst-simplify -globaldce -func-inst -constprop -instcombine -simplifycfg -dce -func-legal -dce -loop-bound -arraycheck -bitwidthmin -on-by-dataflow -loop-delete -instcombine -simplifycfg -globaldce -dce -gvn -deadargelim -dce -loop-simplify -clean-region -simplifycfg -propagate-stable-arguments -loop-stream -instcombine -simplifycfg -dce -globaldce -duplicate-dataflow-processes -stream-intrinsic-preproc -dce -check-ap-stream -loop-simplify -eliminate-keepreads -extract-dataflow-in-loop -loop-simplify -dce -gvn -deadargelim -dse -check-dataflow-syntax -legalize-stream-variable -legalize-global -extract-subproc -dce -dead-channel-elimination -canonicalize-gep -globaldce -dce -gvn -deadargelim -annotate-dataflow-channels -scalar-propagation -deadargelim -globaldce -mem2reg -check-dataflow-channels -function-stream -dce -globaldce -prop-fifo-spec -internal-stream-gen -canonicalize-gep -globaldce -dce -gvn -deadargelim -mergereturn -indvars -loop-simplify -instcombine -array-stream -array-seg-normalize -array-partition -func-legal -instcombine -simplifycfg -dce -bundle-memfifo-ops -deadargelim -function-uniquify -directive-preproc -mem2reg -dse -dce -group-axi-access -licm -simplifycfg -dce -loop-delete -norm-name /home/mze/MSc_Computing/Individual_Project/lhc_jet_tagging_NN/RNN_hls4ml/rnn_model/hls4ml_prj_2/myproject_prj/solution1/.autopilot/db/a.o.1.bc -o /home/mze/MSc_Computing/Individual_Project/lhc_jet_tagging_NN/RNN_hls4ml/rnn_model/hls4ml_prj_2/myproject_prj/solution1/.autopilot/db/a.o.1.tmp.bc -f 
INFO: [XFORM 203-502] Unrolling all loops for pipelining in function 'nnet::softmax_latency<ap_fixed<16, 6, (ap_q_mode)5, (ap_o_mode)3, 0>, ap_fixed<16, 6, (ap_q_mode)5, (ap_o_mode)3, 0>, softmax_config9>' (firmware/nnet_utils/nnet_activation.h:224:45).
INFO: [XFORM 203-502] Unrolling all loops for pipelining in function 'nnet::dense_latency<ap_fixed<16, 6, (ap_q_mode)5, (ap_o_mode)3, 0>, ap_fixed<16, 6, (ap_q_mode)5, (ap_o_mode)3, 0>, config8>' (firmware/nnet_utils/nnet_dense_latency.h:39:55).
INFO: [XFORM 203-502] Unrolling all loops for pipelining in function 'nnet::relu<ap_fixed<16, 6, (ap_q_mode)5, (ap_o_mode)3, 0>, ap_fixed<16, 6, (ap_q_mode)5, (ap_o_mode)3, 0>, relu_config7>' (firmware/nnet_utils/nnet_activation.h:71:39).
INFO: [XFORM 203-502] Unrolling all loops for pipelining in function 'nnet::dense_latency<ap_fixed<16, 6, (ap_q_mode)5, (ap_o_mode)3, 0>, ap_fixed<16, 6, (ap_q_mode)5, (ap_o_mode)3, 0>, config6>' (firmware/nnet_utils/nnet_dense_latency.h:39:55).
INFO: [XFORM 203-502] Unrolling all loops for pipelining in function 'nnet::relu<ap_fixed<16, 6, (ap_q_mode)5, (ap_o_mode)3, 0>, ap_fixed<16, 6, (ap_q_mode)5, (ap_o_mode)3, 0>, relu_config5>' (firmware/nnet_utils/nnet_activation.h:71:39).
INFO: [XFORM 203-502] Unrolling all loops for pipelining in function 'nnet::dense_latency<ap_fixed<16, 6, (ap_q_mode)5, (ap_o_mode)3, 0>, ap_fixed<16, 6, (ap_q_mode)5, (ap_o_mode)3, 0>, config4>' (firmware/nnet_utils/nnet_dense_latency.h:39:55).
INFO: [XFORM 203-502] Unrolling all loops for pipelining in function 'nnet::tanh<ap_fixed<16, 6, (ap_q_mode)5, (ap_o_mode)3, 0>, ap_fixed<16, 6, (ap_q_mode)5, (ap_o_mode)3, 0>, tanh_config3>' (firmware/nnet_utils/nnet_activation.h:460:39).
INFO: [XFORM 203-502] Unrolling all loops for pipelining in function 'nnet::lstm_stack<ap_fixed<16, 6, (ap_q_mode)5, (ap_o_mode)3, 0>, ap_fixed<16, 6, (ap_q_mode)5, (ap_o_mode)3, 0>, config2>' (firmware/nnet_utils/nnet_recurrent.h:214:54).
INFO: [XFORM 203-502] Unrolling all loops for pipelining in function 'nnet::lstm_static<ap_fixed<16, 6, (ap_q_mode)5, (ap_o_mode)3, 0>, ap_fixed<16, 6, (ap_q_mode)5, (ap_o_mode)3, 0>, config2>' (firmware/nnet_utils/nnet_recurrent.h:46:47).
INFO: [XFORM 203-502] Unrolling all loops for pipelining in function 'nnet::tanh<ap_fixed<16, 6, (ap_q_mode)5, (ap_o_mode)3, 0>, ap_fixed<16, 6, (ap_q_mode)5, (ap_o_mode)3, 0>, tanh_config2>' (firmware/nnet_utils/nnet_activation.h:460:39).
INFO: [XFORM 203-502] Unrolling all loops for pipelining in function 'nnet::sigmoid<ap_fixed<16, 6, (ap_q_mode)5, (ap_o_mode)3, 0>, ap_fixed<16, 6, (ap_q_mode)5, (ap_o_mode)3, 0>, sigmoid_config2_recr>' (firmware/nnet_utils/nnet_activation.h:155:39).
INFO: [XFORM 203-502] Unrolling all loops for pipelining in function 'nnet::dense_latency<ap_fixed<16, 6, (ap_q_mode)5, (ap_o_mode)3, 0>, ap_fixed<16, 6, (ap_q_mode)5, (ap_o_mode)3, 0>, config2_2>' (firmware/nnet_utils/nnet_dense_latency.h:39:55).
INFO: [XFORM 203-502] Unrolling all loops for pipelining in function 'nnet::dense_latency<ap_fixed<16, 6, (ap_q_mode)5, (ap_o_mode)3, 0>, ap_fixed<16, 6, (ap_q_mode)5, (ap_o_mode)3, 0>, config2_1>' (firmware/nnet_utils/nnet_dense_latency.h:33:55).
INFO: [HLS 200-489] Unrolling loop 'Loop-1' (firmware/nnet_utils/nnet_activation.h:248) in function 'nnet::softmax_latency<ap_fixed<16, 6, (ap_q_mode)5, (ap_o_mode)3, 0>, ap_fixed<16, 6, (ap_q_mode)5, (ap_o_mode)3, 0>, softmax_config9>' completely with a factor of 5.
INFO: [HLS 200-489] Unrolling loop 'Loop-2' (firmware/nnet_utils/nnet_activation.h:260) in function 'nnet::softmax_latency<ap_fixed<16, 6, (ap_q_mode)5, (ap_o_mode)3, 0>, ap_fixed<16, 6, (ap_q_mode)5, (ap_o_mode)3, 0>, softmax_config9>' completely with a factor of 5.
INFO: [HLS 200-489] Unrolling loop 'Product1' (firmware/nnet_utils/nnet_dense_latency.h:85) in function 'nnet::dense_latency<ap_fixed<16, 6, (ap_q_mode)5, (ap_o_mode)3, 0>, ap_fixed<16, 6, (ap_q_mode)5, (ap_o_mode)3, 0>, config8>' completely with a factor of 32.
INFO: [HLS 200-489] Unrolling loop 'Product2' (firmware/nnet_utils/nnet_dense_latency.h:90) in function 'nnet::dense_latency<ap_fixed<16, 6, (ap_q_mode)5, (ap_o_mode)3, 0>, ap_fixed<16, 6, (ap_q_mode)5, (ap_o_mode)3, 0>, config8>' completely with a factor of 5.
INFO: [HLS 200-489] Unrolling loop 'ResetAccum' (firmware/nnet_utils/nnet_dense_latency.h:101) in function 'nnet::dense_latency<ap_fixed<16, 6, (ap_q_mode)5, (ap_o_mode)3, 0>, ap_fixed<16, 6, (ap_q_mode)5, (ap_o_mode)3, 0>, config8>' completely with a factor of 5.
INFO: [HLS 200-489] Unrolling loop 'Accum1' (firmware/nnet_utils/nnet_dense_latency.h:109) in function 'nnet::dense_latency<ap_fixed<16, 6, (ap_q_mode)5, (ap_o_mode)3, 0>, ap_fixed<16, 6, (ap_q_mode)5, (ap_o_mode)3, 0>, config8>' completely with a factor of 32.
INFO: [HLS 200-489] Unrolling loop 'Accum2' (firmware/nnet_utils/nnet_dense_latency.h:113) in function 'nnet::dense_latency<ap_fixed<16, 6, (ap_q_mode)5, (ap_o_mode)3, 0>, ap_fixed<16, 6, (ap_q_mode)5, (ap_o_mode)3, 0>, config8>' completely with a factor of 5.
INFO: [HLS 200-489] Unrolling loop 'Result' (firmware/nnet_utils/nnet_dense_latency.h:120) in function 'nnet::dense_latency<ap_fixed<16, 6, (ap_q_mode)5, (ap_o_mode)3, 0>, ap_fixed<16, 6, (ap_q_mode)5, (ap_o_mode)3, 0>, config8>' completely with a factor of 5.
INFO: [HLS 200-489] Unrolling loop 'Loop-1' (firmware/nnet_utils/nnet_activation.h:76) in function 'nnet::relu<ap_fixed<16, 6, (ap_q_mode)5, (ap_o_mode)3, 0>, ap_fixed<16, 6, (ap_q_mode)5, (ap_o_mode)3, 0>, relu_config7>' completely with a factor of 32.
INFO: [HLS 200-489] Unrolling loop 'Product1' (firmware/nnet_utils/nnet_dense_latency.h:85) in function 'nnet::dense_latency<ap_fixed<16, 6, (ap_q_mode)5, (ap_o_mode)3, 0>, ap_fixed<16, 6, (ap_q_mode)5, (ap_o_mode)3, 0>, config6>' completely with a factor of 32.
INFO: [HLS 200-489] Unrolling loop 'Product2' (firmware/nnet_utils/nnet_dense_latency.h:90) in function 'nnet::dense_latency<ap_fixed<16, 6, (ap_q_mode)5, (ap_o_mode)3, 0>, ap_fixed<16, 6, (ap_q_mode)5, (ap_o_mode)3, 0>, config6>' completely with a factor of 32.
INFO: [HLS 200-489] Unrolling loop 'ResetAccum' (firmware/nnet_utils/nnet_dense_latency.h:101) in function 'nnet::dense_latency<ap_fixed<16, 6, (ap_q_mode)5, (ap_o_mode)3, 0>, ap_fixed<16, 6, (ap_q_mode)5, (ap_o_mode)3, 0>, config6>' completely with a factor of 32.
INFO: [HLS 200-489] Unrolling loop 'Accum1' (firmware/nnet_utils/nnet_dense_latency.h:109) in function 'nnet::dense_latency<ap_fixed<16, 6, (ap_q_mode)5, (ap_o_mode)3, 0>, ap_fixed<16, 6, (ap_q_mode)5, (ap_o_mode)3, 0>, config6>' completely with a factor of 32.
INFO: [HLS 200-489] Unrolling loop 'Accum2' (firmware/nnet_utils/nnet_dense_latency.h:113) in function 'nnet::dense_latency<ap_fixed<16, 6, (ap_q_mode)5, (ap_o_mode)3, 0>, ap_fixed<16, 6, (ap_q_mode)5, (ap_o_mode)3, 0>, config6>' completely with a factor of 32.
INFO: [HLS 200-489] Unrolling loop 'Result' (firmware/nnet_utils/nnet_dense_latency.h:120) in function 'nnet::dense_latency<ap_fixed<16, 6, (ap_q_mode)5, (ap_o_mode)3, 0>, ap_fixed<16, 6, (ap_q_mode)5, (ap_o_mode)3, 0>, config6>' completely with a factor of 32.
INFO: [HLS 200-489] Unrolling loop 'Loop-1' (firmware/nnet_utils/nnet_activation.h:76) in function 'nnet::relu<ap_fixed<16, 6, (ap_q_mode)5, (ap_o_mode)3, 0>, ap_fixed<16, 6, (ap_q_mode)5, (ap_o_mode)3, 0>, relu_config5>' completely with a factor of 32.
INFO: [HLS 200-489] Unrolling loop 'Product1' (firmware/nnet_utils/nnet_dense_latency.h:85) in function 'nnet::dense_latency<ap_fixed<16, 6, (ap_q_mode)5, (ap_o_mode)3, 0>, ap_fixed<16, 6, (ap_q_mode)5, (ap_o_mode)3, 0>, config4>' completely with a factor of 128.
INFO: [HLS 200-489] Unrolling loop 'Product2' (firmware/nnet_utils/nnet_dense_latency.h:90) in function 'nnet::dense_latency<ap_fixed<16, 6, (ap_q_mode)5, (ap_o_mode)3, 0>, ap_fixed<16, 6, (ap_q_mode)5, (ap_o_mode)3, 0>, config4>' completely with a factor of 32.
INFO: [HLS 200-489] Unrolling loop 'ResetAccum' (firmware/nnet_utils/nnet_dense_latency.h:101) in function 'nnet::dense_latency<ap_fixed<16, 6, (ap_q_mode)5, (ap_o_mode)3, 0>, ap_fixed<16, 6, (ap_q_mode)5, (ap_o_mode)3, 0>, config4>' completely with a factor of 32.
INFO: [HLS 200-489] Unrolling loop 'Accum1' (firmware/nnet_utils/nnet_dense_latency.h:109) in function 'nnet::dense_latency<ap_fixed<16, 6, (ap_q_mode)5, (ap_o_mode)3, 0>, ap_fixed<16, 6, (ap_q_mode)5, (ap_o_mode)3, 0>, config4>' completely with a factor of 128.
