

================================================================
== Vivado HLS Report for 'dense_latency_0_0_0_0_0_0_0_0_0_0_0_0_0_0_0_0_0'
================================================================
* Date:           Fri Jun 18 14:12:14 2021

* Version:        2019.2 (Build 2704478 on Wed Nov 06 22:10:23 MST 2019)
* Project:        myproject_prj
* Solution:       solution1
* Product family: virtexuplus
* Target device:  xcu250-figd2104-2L-e


================================================================
== Performance Estimates
================================================================
+ Timing: 
    * Summary: 
    +--------+---------+----------+------------+
    |  Clock |  Target | Estimated| Uncertainty|
    +--------+---------+----------+------------+
    |ap_clk  | 5.00 ns | 3.223 ns |   0.62 ns  |
    +--------+---------+----------+------------+

+ Latency: 
    * Summary: 
    +---------+---------+----------+----------+-----+-----+----------+
    |  Latency (cycles) |  Latency (absolute) |  Interval | Pipeline |
    |   min   |   max   |    min   |    max   | min | max |   Type   |
    +---------+---------+----------+----------+-----+-----+----------+
    |        0|        0|   0 ns   |   0 ns   |    1|    1| function |
    +---------+---------+----------+----------+-----+-----+----------+

    + Detail: 
        * Instance: 
        N/A

        * Loop: 
        N/A

============================================================
+ Verbose Summary: Synthesis Manager
============================================================
InlineROM: 1
ExposeGlobal: 0
============================================================
+ Verbose Summary: CDFG Model
============================================================
IsTopModel: 0
ResetActiveHigh: 1
IsCombinational: 0
IsDatapathOnly: 0
HasWiredReturn: 1
HasMFsm: 2
HasVarLatency: 0
IsPipeline: 1
IsRtlPipelined: 0
IsInstanceOverlapped: 0
IsDontTouch: 0
HasImplIP: 0
IsGatedGlobalClock: 0

+ Individual pipeline summary: 
  * Pipeline-0: initiation interval (II) = 1, depth = 1


============================================================
+ Verbose Summary: Schedule
============================================================
* Number of FSM states : 1
* Pipeline : 1
  Pipeline-0 : II = 1, D = 1, States = { 1 }
* Dataflow Pipeline: 0

* FSM state transitions: 
1 --> 

* FSM state operations: 

State 1 <SV = 0> <Delay = 3.22>
ST_1 : Operation 2 [1/1] (0.00ns)   --->   "%data_3_V_read_8 = call i16 @_ssdm_op_Read.ap_auto.i16(i16 %data_3_V_read)" [firmware/nnet_utils/nnet_dense_latency.h:33]   --->   Operation 2 'read' 'data_3_V_read_8' <Predicate = true> <Delay = 0.00>
ST_1 : Operation 3 [1/1] (0.00ns)   --->   "%data_2_V_read_8 = call i16 @_ssdm_op_Read.ap_auto.i16(i16 %data_2_V_read)" [firmware/nnet_utils/nnet_dense_latency.h:33]   --->   Operation 3 'read' 'data_2_V_read_8' <Predicate = true> <Delay = 0.00>
ST_1 : Operation 4 [1/1] (0.00ns)   --->   "%data_1_V_read_9 = call i16 @_ssdm_op_Read.ap_auto.i16(i16 %data_1_V_read)" [firmware/nnet_utils/nnet_dense_latency.h:33]   --->   Operation 4 'read' 'data_1_V_read_9' <Predicate = true> <Delay = 0.00>
ST_1 : Operation 5 [1/1] (0.00ns)   --->   "%data_0_V_read_10 = call i16 @_ssdm_op_Read.ap_auto.i16(i16 %data_0_V_read)" [firmware/nnet_utils/nnet_dense_latency.h:33]   --->   Operation 5 'read' 'data_0_V_read_10' <Predicate = true> <Delay = 0.00>
ST_1 : Operation 6 [1/1] (0.00ns)   --->   "%tmp = call i32 (...)* @_ssdm_op_SpecRegionBegin([13 x i8]* @p_str34)" [firmware/nnet_utils/nnet_dense_latency.h:45]   --->   Operation 6 'specregionbegin' 'tmp' <Predicate = true> <Delay = 0.00>
ST_1 : Operation 7 [1/1] (0.00ns)   --->   "call void (...)* @_ssdm_op_SpecPipeline(i32 1, i32 1, i32 1, i32 0, [1 x i8]* @p_str11) nounwind" [firmware/nnet_utils/nnet_dense_latency.h:49]   --->   Operation 7 'specpipeline' <Predicate = true> <Delay = 0.00>
ST_1 : Operation 8 [1/1] (0.00ns)   --->   "call void (...)* @_ssdm_op_SpecResourceLimit(i32 64, [4 x i8]* @p_str22, [1 x i8]* @p_str11, [1 x i8]* @p_str11, [1 x i8]* @p_str11) nounwind" [firmware/nnet_utils/nnet_mult.h:71->firmware/nnet_utils/nnet_dense_latency.h:57]   --->   Operation 8 'specresourcelimit' <Predicate = true> <Delay = 0.00>
ST_1 : Operation 9 [1/1] (0.00ns)   --->   "%empty = call i32 (...)* @_ssdm_op_SpecRegionEnd([13 x i8]* @p_str34, i32 %tmp)" [firmware/nnet_utils/nnet_dense_latency.h:59]   --->   Operation 9 'specregionend' 'empty' <Predicate = true> <Delay = 0.00>
ST_1 : Operation 10 [1/1] (0.00ns)   --->   "%sext_ln708 = sext i16 %data_0_V_read_10 to i25" [firmware/nnet_utils/nnet_mult.h:67->firmware/nnet_utils/nnet_dense_latency.h:96]   --->   Operation 10 'sext' 'sext_ln708' <Predicate = true> <Delay = 0.00>
ST_1 : Operation 11 [1/1] (0.00ns)   --->   "%sext_ln708_754 = sext i16 %data_0_V_read_10 to i23" [firmware/nnet_utils/nnet_mult.h:67->firmware/nnet_utils/nnet_dense_latency.h:96]   --->   Operation 11 'sext' 'sext_ln708_754' <Predicate = true> <Delay = 0.00>
ST_1 : Operation 12 [1/1] (0.00ns)   --->   "%sext_ln708_755 = sext i16 %data_0_V_read_10 to i26" [firmware/nnet_utils/nnet_mult.h:67->firmware/nnet_utils/nnet_dense_latency.h:96]   --->   Operation 12 'sext' 'sext_ln708_755' <Predicate = true> <Delay = 0.00>
ST_1 : Operation 13 [1/1] (0.00ns)   --->   "%trunc_ln708_s = call i10 @_ssdm_op_PartSelect.i10.i16.i32.i32(i16 %data_0_V_read_10, i32 6, i32 15)" [firmware/nnet_utils/nnet_mult.h:67->firmware/nnet_utils/nnet_dense_latency.h:96]   --->   Operation 13 'partselect' 'trunc_ln708_s' <Predicate = true> <Delay = 0.00>
ST_1 : Operation 14 [1/1] (0.00ns)   --->   "%sext_ln708_756 = sext i10 %trunc_ln708_s to i16" [firmware/nnet_utils/nnet_mult.h:67->firmware/nnet_utils/nnet_dense_latency.h:96]   --->   Operation 14 'sext' 'sext_ln708_756' <Predicate = true> <Delay = 0.00>
ST_1 : Operation 15 [1/1] (1.94ns)   --->   "%mul_ln1118 = mul i26 %sext_ln708_755, -988" [firmware/nnet_utils/nnet_mult.h:67->firmware/nnet_utils/nnet_dense_latency.h:96]   --->   Operation 15 'mul' 'mul_ln1118' <Predicate = true> <Delay = 1.94> <Core = "Mul">   --->   Core 16 'Mul' <Latency = 0> <II = 1> <Delay = 1.94> <FuncUnit> <Opcode : 'mul'> <InPorts = 2> <OutPorts = 1>
ST_1 : Operation 16 [1/1] (0.00ns)   --->   "%trunc_ln708_99 = call i16 @_ssdm_op_PartSelect.i16.i26.i32.i32(i26 %mul_ln1118, i32 10, i32 25)" [firmware/nnet_utils/nnet_mult.h:67->firmware/nnet_utils/nnet_dense_latency.h:96]   --->   Operation 16 'partselect' 'trunc_ln708_99' <Predicate = true> <Delay = 0.00>
ST_1 : Operation 17 [1/1] (1.94ns)   --->   "%mul_ln1118_1609 = mul i26 %sext_ln708_755, -778" [firmware/nnet_utils/nnet_mult.h:67->firmware/nnet_utils/nnet_dense_latency.h:96]   --->   Operation 17 'mul' 'mul_ln1118_1609' <Predicate = true> <Delay = 1.94> <Core = "Mul">   --->   Core 16 'Mul' <Latency = 0> <II = 1> <Delay = 1.94> <FuncUnit> <Opcode : 'mul'> <InPorts = 2> <OutPorts = 1>
ST_1 : Operation 18 [1/1] (0.00ns)   --->   "%trunc_ln708_100 = call i16 @_ssdm_op_PartSelect.i16.i26.i32.i32(i26 %mul_ln1118_1609, i32 10, i32 25)" [firmware/nnet_utils/nnet_mult.h:67->firmware/nnet_utils/nnet_dense_latency.h:96]   --->   Operation 18 'partselect' 'trunc_ln708_100' <Predicate = true> <Delay = 0.00>
ST_1 : Operation 19 [1/1] (1.94ns)   --->   "%mul_ln1118_1610 = mul i26 %sext_ln708_755, -760" [firmware/nnet_utils/nnet_mult.h:67->firmware/nnet_utils/nnet_dense_latency.h:96]   --->   Operation 19 'mul' 'mul_ln1118_1610' <Predicate = true> <Delay = 1.94> <Core = "Mul">   --->   Core 16 'Mul' <Latency = 0> <II = 1> <Delay = 1.94> <FuncUnit> <Opcode : 'mul'> <InPorts = 2> <OutPorts = 1>
ST_1 : Operation 20 [1/1] (0.00ns)   --->   "%trunc_ln708_101 = call i16 @_ssdm_op_PartSelect.i16.i26.i32.i32(i26 %mul_ln1118_1610, i32 10, i32 25)" [firmware/nnet_utils/nnet_mult.h:67->firmware/nnet_utils/nnet_dense_latency.h:96]   --->   Operation 20 'partselect' 'trunc_ln708_101' <Predicate = true> <Delay = 0.00>
ST_1 : Operation 21 [1/1] (1.94ns)   --->   "%mul_ln1118_1611 = mul i26 %sext_ln708_755, 590" [firmware/nnet_utils/nnet_mult.h:67->firmware/nnet_utils/nnet_dense_latency.h:96]   --->   Operation 21 'mul' 'mul_ln1118_1611' <Predicate = true> <Delay = 1.94> <Core = "Mul">   --->   Core 16 'Mul' <Latency = 0> <II = 1> <Delay = 1.94> <FuncUnit> <Opcode : 'mul'> <InPorts = 2> <OutPorts = 1>
ST_1 : Operation 22 [1/1] (0.00ns)   --->   "%trunc_ln708_102 = call i16 @_ssdm_op_PartSelect.i16.i26.i32.i32(i26 %mul_ln1118_1611, i32 10, i32 25)" [firmware/nnet_utils/nnet_mult.h:67->firmware/nnet_utils/nnet_dense_latency.h:96]   --->   Operation 22 'partselect' 'trunc_ln708_102' <Predicate = true> <Delay = 0.00>
ST_1 : Operation 23 [1/1] (1.94ns)   --->   "%mul_ln1118_1612 = mul i26 %sext_ln708_755, 798" [firmware/nnet_utils/nnet_mult.h:67->firmware/nnet_utils/nnet_dense_latency.h:96]   --->   Operation 23 'mul' 'mul_ln1118_1612' <Predicate = true> <Delay = 1.94> <Core = "Mul">   --->   Core 16 'Mul' <Latency = 0> <II = 1> <Delay = 1.94> <FuncUnit> <Opcode : 'mul'> <InPorts = 2> <OutPorts = 1>
ST_1 : Operation 24 [1/1] (0.00ns)   --->   "%trunc_ln708_103 = call i16 @_ssdm_op_PartSelect.i16.i26.i32.i32(i26 %mul_ln1118_1612, i32 10, i32 25)" [firmware/nnet_utils/nnet_mult.h:67->firmware/nnet_utils/nnet_dense_latency.h:96]   --->   Operation 24 'partselect' 'trunc_ln708_103' <Predicate = true> <Delay = 0.00>
ST_1 : Operation 25 [1/1] (1.94ns)   --->   "%mul_ln1118_1613 = mul i23 %sext_ln708_754, -43" [firmware/nnet_utils/nnet_mult.h:67->firmware/nnet_utils/nnet_dense_latency.h:96]   --->   Operation 25 'mul' 'mul_ln1118_1613' <Predicate = true> <Delay = 1.94> <Core = "Mul">   --->   Core 16 'Mul' <Latency = 0> <II = 1> <Delay = 1.94> <FuncUnit> <Opcode : 'mul'> <InPorts = 2> <OutPorts = 1>
ST_1 : Operation 26 [1/1] (0.00ns)   --->   "%trunc_ln = call i13 @_ssdm_op_PartSelect.i13.i23.i32.i32(i23 %mul_ln1118_1613, i32 10, i32 22)" [firmware/nnet_utils/nnet_mult.h:67->firmware/nnet_utils/nnet_dense_latency.h:96]   --->   Operation 26 'partselect' 'trunc_ln' <Predicate = true> <Delay = 0.00>
ST_1 : Operation 27 [1/1] (0.00ns)   --->   "%sext_ln708_757 = sext i13 %trunc_ln to i16" [firmware/nnet_utils/nnet_mult.h:67->firmware/nnet_utils/nnet_dense_latency.h:96]   --->   Operation 27 'sext' 'sext_ln708_757' <Predicate = true> <Delay = 0.00>
ST_1 : Operation 28 [1/1] (1.94ns)   --->   "%mul_ln1118_1614 = mul i26 %sext_ln708_755, 381" [firmware/nnet_utils/nnet_mult.h:67->firmware/nnet_utils/nnet_dense_latency.h:96]   --->   Operation 28 'mul' 'mul_ln1118_1614' <Predicate = true> <Delay = 1.94> <Core = "Mul">   --->   Core 16 'Mul' <Latency = 0> <II = 1> <Delay = 1.94> <FuncUnit> <Opcode : 'mul'> <InPorts = 2> <OutPorts = 1>
ST_1 : Operation 29 [1/1] (0.00ns)   --->   "%trunc_ln708_105 = call i16 @_ssdm_op_PartSelect.i16.i26.i32.i32(i26 %mul_ln1118_1614, i32 10, i32 25)" [firmware/nnet_utils/nnet_mult.h:67->firmware/nnet_utils/nnet_dense_latency.h:96]   --->   Operation 29 'partselect' 'trunc_ln708_105' <Predicate = true> <Delay = 0.00>
ST_1 : Operation 30 [1/1] (1.94ns)   --->   "%mul_ln1118_1615 = mul i26 %sext_ln708_755, 369" [firmware/nnet_utils/nnet_mult.h:67->firmware/nnet_utils/nnet_dense_latency.h:96]   --->   Operation 30 'mul' 'mul_ln1118_1615' <Predicate = true> <Delay = 1.94> <Core = "Mul">   --->   Core 16 'Mul' <Latency = 0> <II = 1> <Delay = 1.94> <FuncUnit> <Opcode : 'mul'> <InPorts = 2> <OutPorts = 1>
ST_1 : Operation 31 [1/1] (0.00ns)   --->   "%trunc_ln708_106 = call i16 @_ssdm_op_PartSelect.i16.i26.i32.i32(i26 %mul_ln1118_1615, i32 10, i32 25)" [firmware/nnet_utils/nnet_mult.h:67->firmware/nnet_utils/nnet_dense_latency.h:96]   --->   Operation 31 'partselect' 'trunc_ln708_106' <Predicate = true> <Delay = 0.00>
ST_1 : Operation 32 [1/1] (1.94ns)   --->   "%mul_ln1118_1616 = mul i25 %sext_ln708, 161" [firmware/nnet_utils/nnet_mult.h:67->firmware/nnet_utils/nnet_dense_latency.h:96]   --->   Operation 32 'mul' 'mul_ln1118_1616' <Predicate = true> <Delay = 1.94> <Core = "Mul">   --->   Core 16 'Mul' <Latency = 0> <II = 1> <Delay = 1.94> <FuncUnit> <Opcode : 'mul'> <InPorts = 2> <OutPorts = 1>
ST_1 : Operation 33 [1/1] (0.00ns)   --->   "%trunc_ln708_999 = call i15 @_ssdm_op_PartSelect.i15.i25.i32.i32(i25 %mul_ln1118_1616, i32 10, i32 24)" [firmware/nnet_utils/nnet_mult.h:67->firmware/nnet_utils/nnet_dense_latency.h:96]   --->   Operation 33 'partselect' 'trunc_ln708_999' <Predicate = true> <Delay = 0.00>
ST_1 : Operation 34 [1/1] (0.00ns)   --->   "%sext_ln708_758 = sext i15 %trunc_ln708_999 to i16" [firmware/nnet_utils/nnet_mult.h:67->firmware/nnet_utils/nnet_dense_latency.h:96]   --->   Operation 34 'sext' 'sext_ln708_758' <Predicate = true> <Delay = 0.00>
ST_1 : Operation 35 [1/1] (1.94ns)   --->   "%mul_ln1118_1617 = mul i26 %sext_ln708_755, -464" [firmware/nnet_utils/nnet_mult.h:67->firmware/nnet_utils/nnet_dense_latency.h:96]   --->   Operation 35 'mul' 'mul_ln1118_1617' <Predicate = true> <Delay = 1.94> <Core = "Mul">   --->   Core 16 'Mul' <Latency = 0> <II = 1> <Delay = 1.94> <FuncUnit> <Opcode : 'mul'> <InPorts = 2> <OutPorts = 1>
ST_1 : Operation 36 [1/1] (0.00ns)   --->   "%trunc_ln708_108 = call i16 @_ssdm_op_PartSelect.i16.i26.i32.i32(i26 %mul_ln1118_1617, i32 10, i32 25)" [firmware/nnet_utils/nnet_mult.h:67->firmware/nnet_utils/nnet_dense_latency.h:96]   --->   Operation 36 'partselect' 'trunc_ln708_108' <Predicate = true> <Delay = 0.00>
ST_1 : Operation 37 [1/1] (1.94ns)   --->   "%mul_ln1118_1618 = mul i26 %sext_ln708_755, 351" [firmware/nnet_utils/nnet_mult.h:67->firmware/nnet_utils/nnet_dense_latency.h:96]   --->   Operation 37 'mul' 'mul_ln1118_1618' <Predicate = true> <Delay = 1.94> <Core = "Mul">   --->   Core 16 'Mul' <Latency = 0> <II = 1> <Delay = 1.94> <FuncUnit> <Opcode : 'mul'> <InPorts = 2> <OutPorts = 1>
ST_1 : Operation 38 [1/1] (0.00ns)   --->   "%trunc_ln708_109 = call i16 @_ssdm_op_PartSelect.i16.i26.i32.i32(i26 %mul_ln1118_1618, i32 10, i32 25)" [firmware/nnet_utils/nnet_mult.h:67->firmware/nnet_utils/nnet_dense_latency.h:96]   --->   Operation 38 'partselect' 'trunc_ln708_109' <Predicate = true> <Delay = 0.00>
ST_1 : Operation 39 [1/1] (1.94ns)   --->   "%mul_ln1118_1619 = mul i26 %sext_ln708_755, 937" [firmware/nnet_utils/nnet_mult.h:67->firmware/nnet_utils/nnet_dense_latency.h:96]   --->   Operation 39 'mul' 'mul_ln1118_1619' <Predicate = true> <Delay = 1.94> <Core = "Mul">   --->   Core 16 'Mul' <Latency = 0> <II = 1> <Delay = 1.94> <FuncUnit> <Opcode : 'mul'> <InPorts = 2> <OutPorts = 1>
ST_1 : Operation 40 [1/1] (0.00ns)   --->   "%trunc_ln708_110 = call i16 @_ssdm_op_PartSelect.i16.i26.i32.i32(i26 %mul_ln1118_1619, i32 10, i32 25)" [firmware/nnet_utils/nnet_mult.h:67->firmware/nnet_utils/nnet_dense_latency.h:96]   --->   Operation 40 'partselect' 'trunc_ln708_110' <Predicate = true> <Delay = 0.00>
ST_1 : Operation 41 [1/1] (1.94ns)   --->   "%mul_ln1118_1620 = mul i26 %sext_ln708_755, -1474" [firmware/nnet_utils/nnet_mult.h:67->firmware/nnet_utils/nnet_dense_latency.h:96]   --->   Operation 41 'mul' 'mul_ln1118_1620' <Predicate = true> <Delay = 1.94> <Core = "Mul">   --->   Core 16 'Mul' <Latency = 0> <II = 1> <Delay = 1.94> <FuncUnit> <Opcode : 'mul'> <InPorts = 2> <OutPorts = 1>
ST_1 : Operation 42 [1/1] (0.00ns)   --->   "%trunc_ln708_111 = call i16 @_ssdm_op_PartSelect.i16.i26.i32.i32(i26 %mul_ln1118_1620, i32 10, i32 25)" [firmware/nnet_utils/nnet_mult.h:67->firmware/nnet_utils/nnet_dense_latency.h:96]   --->   Operation 42 'partselect' 'trunc_ln708_111' <Predicate = true> <Delay = 0.00>
ST_1 : Operation 43 [1/1] (1.94ns)   --->   "%mul_ln1118_1621 = mul i26 %sext_ln708_755, -1262" [firmware/nnet_utils/nnet_mult.h:67->firmware/nnet_utils/nnet_dense_latency.h:96]   --->   Operation 43 'mul' 'mul_ln1118_1621' <Predicate = true> <Delay = 1.94> <Core = "Mul">   --->   Core 16 'Mul' <Latency = 0> <II = 1> <Delay = 1.94> <FuncUnit> <Opcode : 'mul'> <InPorts = 2> <OutPorts = 1>
ST_1 : Operation 44 [1/1] (0.00ns)   --->   "%trunc_ln708_112 = call i16 @_ssdm_op_PartSelect.i16.i26.i32.i32(i26 %mul_ln1118_1621, i32 10, i32 25)" [firmware/nnet_utils/nnet_mult.h:67->firmware/nnet_utils/nnet_dense_latency.h:96]   --->   Operation 44 'partselect' 'trunc_ln708_112' <Predicate = true> <Delay = 0.00>
ST_1 : Operation 45 [1/1] (1.94ns)   --->   "%mul_ln1118_1622 = mul i26 %sext_ln708_755, -1389" [firmware/nnet_utils/nnet_mult.h:67->firmware/nnet_utils/nnet_dense_latency.h:96]   --->   Operation 45 'mul' 'mul_ln1118_1622' <Predicate = true> <Delay = 1.94> <Core = "Mul">   --->   Core 16 'Mul' <Latency = 0> <II = 1> <Delay = 1.94> <FuncUnit> <Opcode : 'mul'> <InPorts = 2> <OutPorts = 1>
ST_1 : Operation 46 [1/1] (0.00ns)   --->   "%trunc_ln708_113 = call i16 @_ssdm_op_PartSelect.i16.i26.i32.i32(i26 %mul_ln1118_1622, i32 10, i32 25)" [firmware/nnet_utils/nnet_mult.h:67->firmware/nnet_utils/nnet_dense_latency.h:96]   --->   Operation 46 'partselect' 'trunc_ln708_113' <Predicate = true> <Delay = 0.00>
ST_1 : Operation 47 [1/1] (0.00ns)   --->   "%sext_ln1118 = sext i16 %data_1_V_read_9 to i25" [firmware/nnet_utils/nnet_mult.h:67->firmware/nnet_utils/nnet_dense_latency.h:96]   --->   Operation 47 'sext' 'sext_ln1118' <Predicate = true> <Delay = 0.00>
ST_1 : Operation 48 [1/1] (0.00ns)   --->   "%sext_ln1118_1065 = sext i16 %data_1_V_read_9 to i26" [firmware/nnet_utils/nnet_mult.h:67->firmware/nnet_utils/nnet_dense_latency.h:96]   --->   Operation 48 'sext' 'sext_ln1118_1065' <Predicate = true> <Delay = 0.00>
ST_1 : Operation 49 [1/1] (1.94ns)   --->   "%mul_ln1118_1623 = mul i26 %sext_ln1118_1065, -488" [firmware/nnet_utils/nnet_mult.h:67->firmware/nnet_utils/nnet_dense_latency.h:96]   --->   Operation 49 'mul' 'mul_ln1118_1623' <Predicate = true> <Delay = 1.94> <Core = "Mul">   --->   Core 16 'Mul' <Latency = 0> <II = 1> <Delay = 1.94> <FuncUnit> <Opcode : 'mul'> <InPorts = 2> <OutPorts = 1>
ST_1 : Operation 50 [1/1] (0.00ns)   --->   "%trunc_ln708_114 = call i16 @_ssdm_op_PartSelect.i16.i26.i32.i32(i26 %mul_ln1118_1623, i32 10, i32 25)" [firmware/nnet_utils/nnet_mult.h:67->firmware/nnet_utils/nnet_dense_latency.h:96]   --->   Operation 50 'partselect' 'trunc_ln708_114' <Predicate = true> <Delay = 0.00>
ST_1 : Operation 51 [1/1] (1.94ns)   --->   "%mul_ln1118_1624 = mul i26 %sext_ln1118_1065, 284" [firmware/nnet_utils/nnet_mult.h:67->firmware/nnet_utils/nnet_dense_latency.h:96]   --->   Operation 51 'mul' 'mul_ln1118_1624' <Predicate = true> <Delay = 1.94> <Core = "Mul">   --->   Core 16 'Mul' <Latency = 0> <II = 1> <Delay = 1.94> <FuncUnit> <Opcode : 'mul'> <InPorts = 2> <OutPorts = 1>
ST_1 : Operation 52 [1/1] (0.00ns)   --->   "%trunc_ln708_115 = call i16 @_ssdm_op_PartSelect.i16.i26.i32.i32(i26 %mul_ln1118_1624, i32 10, i32 25)" [firmware/nnet_utils/nnet_mult.h:67->firmware/nnet_utils/nnet_dense_latency.h:96]   --->   Operation 52 'partselect' 'trunc_ln708_115' <Predicate = true> <Delay = 0.00>
ST_1 : Operation 53 [1/1] (1.94ns)   --->   "%mul_ln1118_1625 = mul i26 %sext_ln1118_1065, -463" [firmware/nnet_utils/nnet_mult.h:67->firmware/nnet_utils/nnet_dense_latency.h:96]   --->   Operation 53 'mul' 'mul_ln1118_1625' <Predicate = true> <Delay = 1.94> <Core = "Mul">   --->   Core 16 'Mul' <Latency = 0> <II = 1> <Delay = 1.94> <FuncUnit> <Opcode : 'mul'> <InPorts = 2> <OutPorts = 1>
ST_1 : Operation 54 [1/1] (0.00ns)   --->   "%trunc_ln708_116 = call i16 @_ssdm_op_PartSelect.i16.i26.i32.i32(i26 %mul_ln1118_1625, i32 10, i32 25)" [firmware/nnet_utils/nnet_mult.h:67->firmware/nnet_utils/nnet_dense_latency.h:96]   --->   Operation 54 'partselect' 'trunc_ln708_116' <Predicate = true> <Delay = 0.00>
ST_1 : Operation 55 [1/1] (1.94ns)   --->   "%mul_ln1118_1626 = mul i26 %sext_ln1118_1065, 443" [firmware/nnet_utils/nnet_mult.h:67->firmware/nnet_utils/nnet_dense_latency.h:96]   --->   Operation 55 'mul' 'mul_ln1118_1626' <Predicate = true> <Delay = 1.94> <Core = "Mul">   --->   Core 16 'Mul' <Latency = 0> <II = 1> <Delay = 1.94> <FuncUnit> <Opcode : 'mul'> <InPorts = 2> <OutPorts = 1>
ST_1 : Operation 56 [1/1] (0.00ns)   --->   "%trunc_ln708_117 = call i16 @_ssdm_op_PartSelect.i16.i26.i32.i32(i26 %mul_ln1118_1626, i32 10, i32 25)" [firmware/nnet_utils/nnet_mult.h:67->firmware/nnet_utils/nnet_dense_latency.h:96]   --->   Operation 56 'partselect' 'trunc_ln708_117' <Predicate = true> <Delay = 0.00>
ST_1 : Operation 57 [1/1] (1.94ns)   --->   "%mul_ln1118_1627 = mul i26 %sext_ln1118_1065, 1292" [firmware/nnet_utils/nnet_mult.h:67->firmware/nnet_utils/nnet_dense_latency.h:96]   --->   Operation 57 'mul' 'mul_ln1118_1627' <Predicate = true> <Delay = 1.94> <Core = "Mul">   --->   Core 16 'Mul' <Latency = 0> <II = 1> <Delay = 1.94> <FuncUnit> <Opcode : 'mul'> <InPorts = 2> <OutPorts = 1>
ST_1 : Operation 58 [1/1] (0.00ns)   --->   "%trunc_ln708_118 = call i16 @_ssdm_op_PartSelect.i16.i26.i32.i32(i26 %mul_ln1118_1627, i32 10, i32 25)" [firmware/nnet_utils/nnet_mult.h:67->firmware/nnet_utils/nnet_dense_latency.h:96]   --->   Operation 58 'partselect' 'trunc_ln708_118' <Predicate = true> <Delay = 0.00>
ST_1 : Operation 59 [1/1] (1.94ns)   --->   "%mul_ln1118_1628 = mul i26 %sext_ln1118_1065, 554" [firmware/nnet_utils/nnet_mult.h:67->firmware/nnet_utils/nnet_dense_latency.h:96]   --->   Operation 59 'mul' 'mul_ln1118_1628' <Predicate = true> <Delay = 1.94> <Core = "Mul">   --->   Core 16 'Mul' <Latency = 0> <II = 1> <Delay = 1.94> <FuncUnit> <Opcode : 'mul'> <InPorts = 2> <OutPorts = 1>
ST_1 : Operation 60 [1/1] (0.00ns)   --->   "%trunc_ln708_119 = call i16 @_ssdm_op_PartSelect.i16.i26.i32.i32(i26 %mul_ln1118_1628, i32 10, i32 25)" [firmware/nnet_utils/nnet_mult.h:67->firmware/nnet_utils/nnet_dense_latency.h:96]   --->   Operation 60 'partselect' 'trunc_ln708_119' <Predicate = true> <Delay = 0.00>
ST_1 : Operation 61 [1/1] (1.94ns)   --->   "%mul_ln1118_1629 = mul i25 %sext_ln1118, -206" [firmware/nnet_utils/nnet_mult.h:67->firmware/nnet_utils/nnet_dense_latency.h:96]   --->   Operation 61 'mul' 'mul_ln1118_1629' <Predicate = true> <Delay = 1.94> <Core = "Mul">   --->   Core 16 'Mul' <Latency = 0> <II = 1> <Delay = 1.94> <FuncUnit> <Opcode : 'mul'> <InPorts = 2> <OutPorts = 1>
ST_1 : Operation 62 [1/1] (0.00ns)   --->   "%trunc_ln708_1000 = call i15 @_ssdm_op_PartSelect.i15.i25.i32.i32(i25 %mul_ln1118_1629, i32 10, i32 24)" [firmware/nnet_utils/nnet_mult.h:67->firmware/nnet_utils/nnet_dense_latency.h:96]   --->   Operation 62 'partselect' 'trunc_ln708_1000' <Predicate = true> <Delay = 0.00>
ST_1 : Operation 63 [1/1] (0.00ns)   --->   "%sext_ln708_759 = sext i15 %trunc_ln708_1000 to i16" [firmware/nnet_utils/nnet_mult.h:67->firmware/nnet_utils/nnet_dense_latency.h:96]   --->   Operation 63 'sext' 'sext_ln708_759' <Predicate = true> <Delay = 0.00>
ST_1 : Operation 64 [1/1] (1.94ns)   --->   "%mul_ln1118_1630 = mul i25 %sext_ln1118, 178" [firmware/nnet_utils/nnet_mult.h:67->firmware/nnet_utils/nnet_dense_latency.h:96]   --->   Operation 64 'mul' 'mul_ln1118_1630' <Predicate = true> <Delay = 1.94> <Core = "Mul">   --->   Core 16 'Mul' <Latency = 0> <II = 1> <Delay = 1.94> <FuncUnit> <Opcode : 'mul'> <InPorts = 2> <OutPorts = 1>
ST_1 : Operation 65 [1/1] (0.00ns)   --->   "%trunc_ln708_1001 = call i15 @_ssdm_op_PartSelect.i15.i25.i32.i32(i25 %mul_ln1118_1630, i32 10, i32 24)" [firmware/nnet_utils/nnet_mult.h:67->firmware/nnet_utils/nnet_dense_latency.h:96]   --->   Operation 65 'partselect' 'trunc_ln708_1001' <Predicate = true> <Delay = 0.00>
ST_1 : Operation 66 [1/1] (0.00ns)   --->   "%sext_ln708_760 = sext i15 %trunc_ln708_1001 to i16" [firmware/nnet_utils/nnet_mult.h:67->firmware/nnet_utils/nnet_dense_latency.h:96]   --->   Operation 66 'sext' 'sext_ln708_760' <Predicate = true> <Delay = 0.00>
ST_1 : Operation 67 [1/1] (1.94ns)   --->   "%mul_ln1118_1631 = mul i26 %sext_ln1118_1065, -600" [firmware/nnet_utils/nnet_mult.h:67->firmware/nnet_utils/nnet_dense_latency.h:96]   --->   Operation 67 'mul' 'mul_ln1118_1631' <Predicate = true> <Delay = 1.94> <Core = "Mul">   --->   Core 16 'Mul' <Latency = 0> <II = 1> <Delay = 1.94> <FuncUnit> <Opcode : 'mul'> <InPorts = 2> <OutPorts = 1>
ST_1 : Operation 68 [1/1] (0.00ns)   --->   "%trunc_ln708_122 = call i16 @_ssdm_op_PartSelect.i16.i26.i32.i32(i26 %mul_ln1118_1631, i32 10, i32 25)" [firmware/nnet_utils/nnet_mult.h:67->firmware/nnet_utils/nnet_dense_latency.h:96]   --->   Operation 68 'partselect' 'trunc_ln708_122' <Predicate = true> <Delay = 0.00>
ST_1 : Operation 69 [1/1] (1.94ns)   --->   "%mul_ln1118_1632 = mul i26 %sext_ln1118_1065, -417" [firmware/nnet_utils/nnet_mult.h:67->firmware/nnet_utils/nnet_dense_latency.h:96]   --->   Operation 69 'mul' 'mul_ln1118_1632' <Predicate = true> <Delay = 1.94> <Core = "Mul">   --->   Core 16 'Mul' <Latency = 0> <II = 1> <Delay = 1.94> <FuncUnit> <Opcode : 'mul'> <InPorts = 2> <OutPorts = 1>
ST_1 : Operation 70 [1/1] (0.00ns)   --->   "%trunc_ln708_123 = call i16 @_ssdm_op_PartSelect.i16.i26.i32.i32(i26 %mul_ln1118_1632, i32 10, i32 25)" [firmware/nnet_utils/nnet_mult.h:67->firmware/nnet_utils/nnet_dense_latency.h:96]   --->   Operation 70 'partselect' 'trunc_ln708_123' <Predicate = true> <Delay = 0.00>
ST_1 : Operation 71 [1/1] (1.94ns)   --->   "%mul_ln1118_1633 = mul i26 %sext_ln1118_1065, -682" [firmware/nnet_utils/nnet_mult.h:67->firmware/nnet_utils/nnet_dense_latency.h:96]   --->   Operation 71 'mul' 'mul_ln1118_1633' <Predicate = true> <Delay = 1.94> <Core = "Mul">   --->   Core 16 'Mul' <Latency = 0> <II = 1> <Delay = 1.94> <FuncUnit> <Opcode : 'mul'> <InPorts = 2> <OutPorts = 1>
ST_1 : Operation 72 [1/1] (0.00ns)   --->   "%trunc_ln708_124 = call i16 @_ssdm_op_PartSelect.i16.i26.i32.i32(i26 %mul_ln1118_1633, i32 10, i32 25)" [firmware/nnet_utils/nnet_mult.h:67->firmware/nnet_utils/nnet_dense_latency.h:96]   --->   Operation 72 'partselect' 'trunc_ln708_124' <Predicate = true> <Delay = 0.00>
ST_1 : Operation 73 [1/1] (1.94ns)   --->   "%mul_ln1118_1634 = mul i26 %sext_ln1118_1065, -711" [firmware/nnet_utils/nnet_mult.h:67->firmware/nnet_utils/nnet_dense_latency.h:96]   --->   Operation 73 'mul' 'mul_ln1118_1634' <Predicate = true> <Delay = 1.94> <Core = "Mul">   --->   Core 16 'Mul' <Latency = 0> <II = 1> <Delay = 1.94> <FuncUnit> <Opcode : 'mul'> <InPorts = 2> <OutPorts = 1>
ST_1 : Operation 74 [1/1] (0.00ns)   --->   "%trunc_ln708_125 = call i16 @_ssdm_op_PartSelect.i16.i26.i32.i32(i26 %mul_ln1118_1634, i32 10, i32 25)" [firmware/nnet_utils/nnet_mult.h:67->firmware/nnet_utils/nnet_dense_latency.h:96]   --->   Operation 74 'partselect' 'trunc_ln708_125' <Predicate = true> <Delay = 0.00>
ST_1 : Operation 75 [1/1] (1.94ns)   --->   "%mul_ln1118_1635 = mul i26 %sext_ln1118_1065, 1334" [firmware/nnet_utils/nnet_mult.h:67->firmware/nnet_utils/nnet_dense_latency.h:96]   --->   Operation 75 'mul' 'mul_ln1118_1635' <Predicate = true> <Delay = 1.94> <Core = "Mul">   --->   Core 16 'Mul' <Latency = 0> <II = 1> <Delay = 1.94> <FuncUnit> <Opcode : 'mul'> <InPorts = 2> <OutPorts = 1>
ST_1 : Operation 76 [1/1] (0.00ns)   --->   "%trunc_ln708_126 = call i16 @_ssdm_op_PartSelect.i16.i26.i32.i32(i26 %mul_ln1118_1635, i32 10, i32 25)" [firmware/nnet_utils/nnet_mult.h:67->firmware/nnet_utils/nnet_dense_latency.h:96]   --->   Operation 76 'partselect' 'trunc_ln708_126' <Predicate = true> <Delay = 0.00>
ST_1 : Operation 77 [1/1] (1.94ns)   --->   "%mul_ln1118_1636 = mul i26 %sext_ln1118_1065, -432" [firmware/nnet_utils/nnet_mult.h:67->firmware/nnet_utils/nnet_dense_latency.h:96]   --->   Operation 77 'mul' 'mul_ln1118_1636' <Predicate = true> <Delay = 1.94> <Core = "Mul">   --->   Core 16 'Mul' <Latency = 0> <II = 1> <Delay = 1.94> <FuncUnit> <Opcode : 'mul'> <InPorts = 2> <OutPorts = 1>
ST_1 : Operation 78 [1/1] (0.00ns)   --->   "%trunc_ln708_127 = call i16 @_ssdm_op_PartSelect.i16.i26.i32.i32(i26 %mul_ln1118_1636, i32 10, i32 25)" [firmware/nnet_utils/nnet_mult.h:67->firmware/nnet_utils/nnet_dense_latency.h:96]   --->   Operation 78 'partselect' 'trunc_ln708_127' <Predicate = true> <Delay = 0.00>
ST_1 : Operation 79 [1/1] (1.94ns)   --->   "%mul_ln1118_1637 = mul i26 %sext_ln1118_1065, -870" [firmware/nnet_utils/nnet_mult.h:67->firmware/nnet_utils/nnet_dense_latency.h:96]   --->   Operation 79 'mul' 'mul_ln1118_1637' <Predicate = true> <Delay = 1.94> <Core = "Mul">   --->   Core 16 'Mul' <Latency = 0> <II = 1> <Delay = 1.94> <FuncUnit> <Opcode : 'mul'> <InPorts = 2> <OutPorts = 1>
ST_1 : Operation 80 [1/1] (0.00ns)   --->   "%trunc_ln708_128 = call i16 @_ssdm_op_PartSelect.i16.i26.i32.i32(i26 %mul_ln1118_1637, i32 10, i32 25)" [firmware/nnet_utils/nnet_mult.h:67->firmware/nnet_utils/nnet_dense_latency.h:96]   --->   Operation 80 'partselect' 'trunc_ln708_128' <Predicate = true> <Delay = 0.00>
ST_1 : Operation 81 [1/1] (0.00ns)   --->   "%shl_ln = call i26 @_ssdm_op_BitConcatenate.i26.i16.i10(i16 %data_1_V_read_9, i10 0)" [firmware/nnet_utils/nnet_mult.h:67->firmware/nnet_utils/nnet_dense_latency.h:96]   --->   Operation 81 'bitconcatenate' 'shl_ln' <Predicate = true> <Delay = 0.00>
ST_1 : Operation 82 [1/1] (0.00ns)   --->   "%shl_ln1118_s = call i21 @_ssdm_op_BitConcatenate.i21.i16.i5(i16 %data_1_V_read_9, i5 0)" [firmware/nnet_utils/nnet_mult.h:67->firmware/nnet_utils/nnet_dense_latency.h:96]   --->   Operation 82 'bitconcatenate' 'shl_ln1118_s' <Predicate = true> <Delay = 0.00>
ST_1 : Operation 83 [1/1] (0.00ns)   --->   "%sext_ln1118_1066 = sext i21 %shl_ln1118_s to i26" [firmware/nnet_utils/nnet_mult.h:67->firmware/nnet_utils/nnet_dense_latency.h:96]   --->   Operation 83 'sext' 'sext_ln1118_1066' <Predicate = true> <Delay = 0.00>
ST_1 : Operation 84 [1/1] (0.62ns)   --->   "%sub_ln1118 = sub i26 %sext_ln1118_1066, %shl_ln" [firmware/nnet_utils/nnet_mult.h:67->firmware/nnet_utils/nnet_dense_latency.h:96]   --->   Operation 84 'sub' 'sub_ln1118' <Predicate = true> <Delay = 0.62> <Core = "AddSub">   --->   Core 14 'AddSub' <Latency = 0> <II = 1> <Delay = 0.60> <FuncUnit> <Opcode : 'add' 'sub'> <InPorts = 2> <OutPorts = 1>
ST_1 : Operation 85 [1/1] (0.00ns)   --->   "%trunc_ln708_129 = call i16 @_ssdm_op_PartSelect.i16.i26.i32.i32(i26 %sub_ln1118, i32 10, i32 25)" [firmware/nnet_utils/nnet_mult.h:67->firmware/nnet_utils/nnet_dense_latency.h:96]   --->   Operation 85 'partselect' 'trunc_ln708_129' <Predicate = true> <Delay = 0.00>
ST_1 : Operation 86 [1/1] (0.00ns)   --->   "%sext_ln1118_1067 = sext i16 %data_2_V_read_8 to i22" [firmware/nnet_utils/nnet_mult.h:67->firmware/nnet_utils/nnet_dense_latency.h:96]   --->   Operation 86 'sext' 'sext_ln1118_1067' <Predicate = true> <Delay = 0.00>
ST_1 : Operation 87 [1/1] (0.00ns)   --->   "%sext_ln1118_1068 = sext i16 %data_2_V_read_8 to i26" [firmware/nnet_utils/nnet_mult.h:67->firmware/nnet_utils/nnet_dense_latency.h:96]   --->   Operation 87 'sext' 'sext_ln1118_1068' <Predicate = true> <Delay = 0.00>
ST_1 : Operation 88 [1/1] (0.00ns)   --->   "%sext_ln1118_1069 = sext i16 %data_2_V_read_8 to i23" [firmware/nnet_utils/nnet_mult.h:67->firmware/nnet_utils/nnet_dense_latency.h:96]   --->   Operation 88 'sext' 'sext_ln1118_1069' <Predicate = true> <Delay = 0.00>
ST_1 : Operation 89 [1/1] (0.00ns)   --->   "%sext_ln1118_1070 = sext i16 %data_2_V_read_8 to i25" [firmware/nnet_utils/nnet_mult.h:67->firmware/nnet_utils/nnet_dense_latency.h:96]   --->   Operation 89 'sext' 'sext_ln1118_1070' <Predicate = true> <Delay = 0.00>
ST_1 : Operation 90 [1/1] (1.94ns)   --->   "%mul_ln1118_1638 = mul i25 %sext_ln1118_1070, -220" [firmware/nnet_utils/nnet_mult.h:67->firmware/nnet_utils/nnet_dense_latency.h:96]   --->   Operation 90 'mul' 'mul_ln1118_1638' <Predicate = true> <Delay = 1.94> <Core = "Mul">   --->   Core 16 'Mul' <Latency = 0> <II = 1> <Delay = 1.94> <FuncUnit> <Opcode : 'mul'> <InPorts = 2> <OutPorts = 1>
ST_1 : Operation 91 [1/1] (0.00ns)   --->   "%trunc_ln708_1002 = call i15 @_ssdm_op_PartSelect.i15.i25.i32.i32(i25 %mul_ln1118_1638, i32 10, i32 24)" [firmware/nnet_utils/nnet_mult.h:67->firmware/nnet_utils/nnet_dense_latency.h:96]   --->   Operation 91 'partselect' 'trunc_ln708_1002' <Predicate = true> <Delay = 0.00>
ST_1 : Operation 92 [1/1] (0.00ns)   --->   "%sext_ln708_761 = sext i15 %trunc_ln708_1002 to i16" [firmware/nnet_utils/nnet_mult.h:67->firmware/nnet_utils/nnet_dense_latency.h:96]   --->   Operation 92 'sext' 'sext_ln708_761' <Predicate = true> <Delay = 0.00>
ST_1 : Operation 93 [1/1] (1.94ns)   --->   "%mul_ln1118_1639 = mul i23 %sext_ln1118_1069, 44" [firmware/nnet_utils/nnet_mult.h:67->firmware/nnet_utils/nnet_dense_latency.h:96]   --->   Operation 93 'mul' 'mul_ln1118_1639' <Predicate = true> <Delay = 1.94> <Core = "Mul">   --->   Core 16 'Mul' <Latency = 0> <II = 1> <Delay = 1.94> <FuncUnit> <Opcode : 'mul'> <InPorts = 2> <OutPorts = 1>
ST_1 : Operation 94 [1/1] (0.00ns)   --->   "%trunc_ln708_1003 = call i13 @_ssdm_op_PartSelect.i13.i23.i32.i32(i23 %mul_ln1118_1639, i32 10, i32 22)" [firmware/nnet_utils/nnet_mult.h:67->firmware/nnet_utils/nnet_dense_latency.h:96]   --->   Operation 94 'partselect' 'trunc_ln708_1003' <Predicate = true> <Delay = 0.00>
ST_1 : Operation 95 [1/1] (0.00ns)   --->   "%sext_ln708_762 = sext i13 %trunc_ln708_1003 to i16" [firmware/nnet_utils/nnet_mult.h:67->firmware/nnet_utils/nnet_dense_latency.h:96]   --->   Operation 95 'sext' 'sext_ln708_762' <Predicate = true> <Delay = 0.00>
ST_1 : Operation 96 [1/1] (1.94ns)   --->   "%mul_ln1118_1640 = mul i25 %sext_ln1118_1070, 131" [firmware/nnet_utils/nnet_mult.h:67->firmware/nnet_utils/nnet_dense_latency.h:96]   --->   Operation 96 'mul' 'mul_ln1118_1640' <Predicate = true> <Delay = 1.94> <Core = "Mul">   --->   Core 16 'Mul' <Latency = 0> <II = 1> <Delay = 1.94> <FuncUnit> <Opcode : 'mul'> <InPorts = 2> <OutPorts = 1>
ST_1 : Operation 97 [1/1] (0.00ns)   --->   "%trunc_ln708_1004 = call i15 @_ssdm_op_PartSelect.i15.i25.i32.i32(i25 %mul_ln1118_1640, i32 10, i32 24)" [firmware/nnet_utils/nnet_mult.h:67->firmware/nnet_utils/nnet_dense_latency.h:96]   --->   Operation 97 'partselect' 'trunc_ln708_1004' <Predicate = true> <Delay = 0.00>
ST_1 : Operation 98 [1/1] (0.00ns)   --->   "%sext_ln708_763 = sext i15 %trunc_ln708_1004 to i16" [firmware/nnet_utils/nnet_mult.h:67->firmware/nnet_utils/nnet_dense_latency.h:96]   --->   Operation 98 'sext' 'sext_ln708_763' <Predicate = true> <Delay = 0.00>
ST_1 : Operation 99 [1/1] (1.94ns)   --->   "%mul_ln1118_1641 = mul i26 %sext_ln1118_1068, 466" [firmware/nnet_utils/nnet_mult.h:67->firmware/nnet_utils/nnet_dense_latency.h:96]   --->   Operation 99 'mul' 'mul_ln1118_1641' <Predicate = true> <Delay = 1.94> <Core = "Mul">   --->   Core 16 'Mul' <Latency = 0> <II = 1> <Delay = 1.94> <FuncUnit> <Opcode : 'mul'> <InPorts = 2> <OutPorts = 1>
ST_1 : Operation 100 [1/1] (0.00ns)   --->   "%trunc_ln708_133 = call i16 @_ssdm_op_PartSelect.i16.i26.i32.i32(i26 %mul_ln1118_1641, i32 10, i32 25)" [firmware/nnet_utils/nnet_mult.h:67->firmware/nnet_utils/nnet_dense_latency.h:96]   --->   Operation 100 'partselect' 'trunc_ln708_133' <Predicate = true> <Delay = 0.00>
ST_1 : Operation 101 [1/1] (1.94ns)   --->   "%mul_ln1118_1642 = mul i26 %sext_ln1118_1068, 672" [firmware/nnet_utils/nnet_mult.h:67->firmware/nnet_utils/nnet_dense_latency.h:96]   --->   Operation 101 'mul' 'mul_ln1118_1642' <Predicate = true> <Delay = 1.94> <Core = "Mul">   --->   Core 16 'Mul' <Latency = 0> <II = 1> <Delay = 1.94> <FuncUnit> <Opcode : 'mul'> <InPorts = 2> <OutPorts = 1>
ST_1 : Operation 102 [1/1] (0.00ns)   --->   "%trunc_ln708_134 = call i16 @_ssdm_op_PartSelect.i16.i26.i32.i32(i26 %mul_ln1118_1642, i32 10, i32 25)" [firmware/nnet_utils/nnet_mult.h:67->firmware/nnet_utils/nnet_dense_latency.h:96]   --->   Operation 102 'partselect' 'trunc_ln708_134' <Predicate = true> <Delay = 0.00>
ST_1 : Operation 103 [1/1] (1.94ns)   --->   "%mul_ln1118_1643 = mul i23 %sext_ln1118_1069, 39" [firmware/nnet_utils/nnet_mult.h:67->firmware/nnet_utils/nnet_dense_latency.h:96]   --->   Operation 103 'mul' 'mul_ln1118_1643' <Predicate = true> <Delay = 1.94> <Core = "Mul">   --->   Core 16 'Mul' <Latency = 0> <II = 1> <Delay = 1.94> <FuncUnit> <Opcode : 'mul'> <InPorts = 2> <OutPorts = 1>
ST_1 : Operation 104 [1/1] (0.00ns)   --->   "%trunc_ln708_1005 = call i13 @_ssdm_op_PartSelect.i13.i23.i32.i32(i23 %mul_ln1118_1643, i32 10, i32 22)" [firmware/nnet_utils/nnet_mult.h:67->firmware/nnet_utils/nnet_dense_latency.h:96]   --->   Operation 104 'partselect' 'trunc_ln708_1005' <Predicate = true> <Delay = 0.00>
ST_1 : Operation 105 [1/1] (0.00ns)   --->   "%sext_ln708_764 = sext i13 %trunc_ln708_1005 to i16" [firmware/nnet_utils/nnet_mult.h:67->firmware/nnet_utils/nnet_dense_latency.h:96]   --->   Operation 105 'sext' 'sext_ln708_764' <Predicate = true> <Delay = 0.00>
ST_1 : Operation 106 [1/1] (1.94ns)   --->   "%mul_ln1118_1644 = mul i26 %sext_ln1118_1068, -577" [firmware/nnet_utils/nnet_mult.h:67->firmware/nnet_utils/nnet_dense_latency.h:96]   --->   Operation 106 'mul' 'mul_ln1118_1644' <Predicate = true> <Delay = 1.94> <Core = "Mul">   --->   Core 16 'Mul' <Latency = 0> <II = 1> <Delay = 1.94> <FuncUnit> <Opcode : 'mul'> <InPorts = 2> <OutPorts = 1>
ST_1 : Operation 107 [1/1] (0.00ns)   --->   "%trunc_ln708_136 = call i16 @_ssdm_op_PartSelect.i16.i26.i32.i32(i26 %mul_ln1118_1644, i32 10, i32 25)" [firmware/nnet_utils/nnet_mult.h:67->firmware/nnet_utils/nnet_dense_latency.h:96]   --->   Operation 107 'partselect' 'trunc_ln708_136' <Predicate = true> <Delay = 0.00>
ST_1 : Operation 108 [1/1] (1.94ns)   --->   "%mul_ln1118_1645 = mul i26 %sext_ln1118_1068, -296" [firmware/nnet_utils/nnet_mult.h:67->firmware/nnet_utils/nnet_dense_latency.h:96]   --->   Operation 108 'mul' 'mul_ln1118_1645' <Predicate = true> <Delay = 1.94> <Core = "Mul">   --->   Core 16 'Mul' <Latency = 0> <II = 1> <Delay = 1.94> <FuncUnit> <Opcode : 'mul'> <InPorts = 2> <OutPorts = 1>
ST_1 : Operation 109 [1/1] (0.00ns)   --->   "%trunc_ln708_137 = call i16 @_ssdm_op_PartSelect.i16.i26.i32.i32(i26 %mul_ln1118_1645, i32 10, i32 25)" [firmware/nnet_utils/nnet_mult.h:67->firmware/nnet_utils/nnet_dense_latency.h:96]   --->   Operation 109 'partselect' 'trunc_ln708_137' <Predicate = true> <Delay = 0.00>
ST_1 : Operation 110 [1/1] (1.94ns)   --->   "%mul_ln1118_1646 = mul i26 %sext_ln1118_1068, -865" [firmware/nnet_utils/nnet_mult.h:67->firmware/nnet_utils/nnet_dense_latency.h:96]   --->   Operation 110 'mul' 'mul_ln1118_1646' <Predicate = true> <Delay = 1.94> <Core = "Mul">   --->   Core 16 'Mul' <Latency = 0> <II = 1> <Delay = 1.94> <FuncUnit> <Opcode : 'mul'> <InPorts = 2> <OutPorts = 1>
ST_1 : Operation 111 [1/1] (0.00ns)   --->   "%trunc_ln708_138 = call i16 @_ssdm_op_PartSelect.i16.i26.i32.i32(i26 %mul_ln1118_1646, i32 10, i32 25)" [firmware/nnet_utils/nnet_mult.h:67->firmware/nnet_utils/nnet_dense_latency.h:96]   --->   Operation 111 'partselect' 'trunc_ln708_138' <Predicate = true> <Delay = 0.00>
ST_1 : Operation 112 [1/1] (1.94ns)   --->   "%mul_ln1118_1647 = mul i26 %sext_ln1118_1068, -579" [firmware/nnet_utils/nnet_mult.h:67->firmware/nnet_utils/nnet_dense_latency.h:96]   --->   Operation 112 'mul' 'mul_ln1118_1647' <Predicate = true> <Delay = 1.94> <Core = "Mul">   --->   Core 16 'Mul' <Latency = 0> <II = 1> <Delay = 1.94> <FuncUnit> <Opcode : 'mul'> <InPorts = 2> <OutPorts = 1>
ST_1 : Operation 113 [1/1] (0.00ns)   --->   "%trunc_ln708_139 = call i16 @_ssdm_op_PartSelect.i16.i26.i32.i32(i26 %mul_ln1118_1647, i32 10, i32 25)" [firmware/nnet_utils/nnet_mult.h:67->firmware/nnet_utils/nnet_dense_latency.h:96]   --->   Operation 113 'partselect' 'trunc_ln708_139' <Predicate = true> <Delay = 0.00>
ST_1 : Operation 114 [1/1] (1.94ns)   --->   "%mul_ln1118_1648 = mul i22 %sext_ln1118_1067, -21" [firmware/nnet_utils/nnet_mult.h:67->firmware/nnet_utils/nnet_dense_latency.h:96]   --->   Operation 114 'mul' 'mul_ln1118_1648' <Predicate = true> <Delay = 1.94> <Core = "Mul">   --->   Core 16 'Mul' <Latency = 0> <II = 1> <Delay = 1.94> <FuncUnit> <Opcode : 'mul'> <InPorts = 2> <OutPorts = 1>
ST_1 : Operation 115 [1/1] (0.00ns)   --->   "%trunc_ln708_1006 = call i12 @_ssdm_op_PartSelect.i12.i22.i32.i32(i22 %mul_ln1118_1648, i32 10, i32 21)" [firmware/nnet_utils/nnet_mult.h:67->firmware/nnet_utils/nnet_dense_latency.h:96]   --->   Operation 115 'partselect' 'trunc_ln708_1006' <Predicate = true> <Delay = 0.00>
ST_1 : Operation 116 [1/1] (0.00ns)   --->   "%sext_ln708_765 = sext i12 %trunc_ln708_1006 to i16" [firmware/nnet_utils/nnet_mult.h:67->firmware/nnet_utils/nnet_dense_latency.h:96]   --->   Operation 116 'sext' 'sext_ln708_765' <Predicate = true> <Delay = 0.00>
ST_1 : Operation 117 [1/1] (1.94ns)   --->   "%mul_ln1118_1649 = mul i26 %sext_ln1118_1068, -663" [firmware/nnet_utils/nnet_mult.h:67->firmware/nnet_utils/nnet_dense_latency.h:96]   --->   Operation 117 'mul' 'mul_ln1118_1649' <Predicate = true> <Delay = 1.94> <Core = "Mul">   --->   Core 16 'Mul' <Latency = 0> <II = 1> <Delay = 1.94> <FuncUnit> <Opcode : 'mul'> <InPorts = 2> <OutPorts = 1>
ST_1 : Operation 118 [1/1] (0.00ns)   --->   "%trunc_ln708_141 = call i16 @_ssdm_op_PartSelect.i16.i26.i32.i32(i26 %mul_ln1118_1649, i32 10, i32 25)" [firmware/nnet_utils/nnet_mult.h:67->firmware/nnet_utils/nnet_dense_latency.h:96]   --->   Operation 118 'partselect' 'trunc_ln708_141' <Predicate = true> <Delay = 0.00>
ST_1 : Operation 119 [1/1] (1.94ns)   --->   "%mul_ln1118_1650 = mul i26 %sext_ln1118_1068, 1128" [firmware/nnet_utils/nnet_mult.h:67->firmware/nnet_utils/nnet_dense_latency.h:96]   --->   Operation 119 'mul' 'mul_ln1118_1650' <Predicate = true> <Delay = 1.94> <Core = "Mul">   --->   Core 16 'Mul' <Latency = 0> <II = 1> <Delay = 1.94> <FuncUnit> <Opcode : 'mul'> <InPorts = 2> <OutPorts = 1>
ST_1 : Operation 120 [1/1] (0.00ns)   --->   "%trunc_ln708_142 = call i16 @_ssdm_op_PartSelect.i16.i26.i32.i32(i26 %mul_ln1118_1650, i32 10, i32 25)" [firmware/nnet_utils/nnet_mult.h:67->firmware/nnet_utils/nnet_dense_latency.h:96]   --->   Operation 120 'partselect' 'trunc_ln708_142' <Predicate = true> <Delay = 0.00>
ST_1 : Operation 121 [1/1] (1.94ns)   --->   "%mul_ln1118_1651 = mul i25 %sext_ln1118_1070, 249" [firmware/nnet_utils/nnet_mult.h:67->firmware/nnet_utils/nnet_dense_latency.h:96]   --->   Operation 121 'mul' 'mul_ln1118_1651' <Predicate = true> <Delay = 1.94> <Core = "Mul">   --->   Core 16 'Mul' <Latency = 0> <II = 1> <Delay = 1.94> <FuncUnit> <Opcode : 'mul'> <InPorts = 2> <OutPorts = 1>
ST_1 : Operation 122 [1/1] (0.00ns)   --->   "%trunc_ln708_1007 = call i15 @_ssdm_op_PartSelect.i15.i25.i32.i32(i25 %mul_ln1118_1651, i32 10, i32 24)" [firmware/nnet_utils/nnet_mult.h:67->firmware/nnet_utils/nnet_dense_latency.h:96]   --->   Operation 122 'partselect' 'trunc_ln708_1007' <Predicate = true> <Delay = 0.00>
ST_1 : Operation 123 [1/1] (0.00ns)   --->   "%sext_ln708_766 = sext i15 %trunc_ln708_1007 to i16" [firmware/nnet_utils/nnet_mult.h:67->firmware/nnet_utils/nnet_dense_latency.h:96]   --->   Operation 123 'sext' 'sext_ln708_766' <Predicate = true> <Delay = 0.00>
ST_1 : Operation 124 [1/1] (1.94ns)   --->   "%mul_ln1118_1652 = mul i26 %sext_ln1118_1068, -419" [firmware/nnet_utils/nnet_mult.h:67->firmware/nnet_utils/nnet_dense_latency.h:96]   --->   Operation 124 'mul' 'mul_ln1118_1652' <Predicate = true> <Delay = 1.94> <Core = "Mul">   --->   Core 16 'Mul' <Latency = 0> <II = 1> <Delay = 1.94> <FuncUnit> <Opcode : 'mul'> <InPorts = 2> <OutPorts = 1>
ST_1 : Operation 125 [1/1] (0.00ns)   --->   "%trunc_ln708_144 = call i16 @_ssdm_op_PartSelect.i16.i26.i32.i32(i26 %mul_ln1118_1652, i32 10, i32 25)" [firmware/nnet_utils/nnet_mult.h:67->firmware/nnet_utils/nnet_dense_latency.h:96]   --->   Operation 125 'partselect' 'trunc_ln708_144' <Predicate = true> <Delay = 0.00>
ST_1 : Operation 126 [1/1] (1.94ns)   --->   "%mul_ln1118_1653 = mul i26 %sext_ln1118_1068, -1074" [firmware/nnet_utils/nnet_mult.h:67->firmware/nnet_utils/nnet_dense_latency.h:96]   --->   Operation 126 'mul' 'mul_ln1118_1653' <Predicate = true> <Delay = 1.94> <Core = "Mul">   --->   Core 16 'Mul' <Latency = 0> <II = 1> <Delay = 1.94> <FuncUnit> <Opcode : 'mul'> <InPorts = 2> <OutPorts = 1>
ST_1 : Operation 127 [1/1] (0.00ns)   --->   "%trunc_ln708_145 = call i16 @_ssdm_op_PartSelect.i16.i26.i32.i32(i26 %mul_ln1118_1653, i32 10, i32 25)" [firmware/nnet_utils/nnet_mult.h:67->firmware/nnet_utils/nnet_dense_latency.h:96]   --->   Operation 127 'partselect' 'trunc_ln708_145' <Predicate = true> <Delay = 0.00>
ST_1 : Operation 128 [1/1] (0.00ns)   --->   "%sext_ln1118_1071 = sext i16 %data_3_V_read_8 to i23" [firmware/nnet_utils/nnet_mult.h:67->firmware/nnet_utils/nnet_dense_latency.h:96]   --->   Operation 128 'sext' 'sext_ln1118_1071' <Predicate = true> <Delay = 0.00>
ST_1 : Operation 129 [1/1] (0.00ns)   --->   "%sext_ln1118_1072 = sext i16 %data_3_V_read_8 to i24" [firmware/nnet_utils/nnet_mult.h:67->firmware/nnet_utils/nnet_dense_latency.h:96]   --->   Operation 129 'sext' 'sext_ln1118_1072' <Predicate = true> <Delay = 0.00>
ST_1 : Operation 130 [1/1] (0.00ns)   --->   "%sext_ln1118_1073 = sext i16 %data_3_V_read_8 to i25" [firmware/nnet_utils/nnet_mult.h:67->firmware/nnet_utils/nnet_dense_latency.h:96]   --->   Operation 130 'sext' 'sext_ln1118_1073' <Predicate = true> <Delay = 0.00>
ST_1 : Operation 131 [1/1] (0.00ns)   --->   "%sext_ln1118_1074 = sext i16 %data_3_V_read_8 to i26" [firmware/nnet_utils/nnet_mult.h:67->firmware/nnet_utils/nnet_dense_latency.h:96]   --->   Operation 131 'sext' 'sext_ln1118_1074' <Predicate = true> <Delay = 0.00>
ST_1 : Operation 132 [1/1] (1.94ns)   --->   "%mul_ln1118_1654 = mul i26 %sext_ln1118_1074, -958" [firmware/nnet_utils/nnet_mult.h:67->firmware/nnet_utils/nnet_dense_latency.h:96]   --->   Operation 132 'mul' 'mul_ln1118_1654' <Predicate = true> <Delay = 1.94> <Core = "Mul">   --->   Core 16 'Mul' <Latency = 0> <II = 1> <Delay = 1.94> <FuncUnit> <Opcode : 'mul'> <InPorts = 2> <OutPorts = 1>
ST_1 : Operation 133 [1/1] (0.00ns)   --->   "%trunc_ln708_146 = call i16 @_ssdm_op_PartSelect.i16.i26.i32.i32(i26 %mul_ln1118_1654, i32 10, i32 25)" [firmware/nnet_utils/nnet_mult.h:67->firmware/nnet_utils/nnet_dense_latency.h:96]   --->   Operation 133 'partselect' 'trunc_ln708_146' <Predicate = true> <Delay = 0.00>
ST_1 : Operation 134 [1/1] (1.94ns)   --->   "%mul_ln1118_1655 = mul i25 %sext_ln1118_1073, -167" [firmware/nnet_utils/nnet_mult.h:67->firmware/nnet_utils/nnet_dense_latency.h:96]   --->   Operation 134 'mul' 'mul_ln1118_1655' <Predicate = true> <Delay = 1.94> <Core = "Mul">   --->   Core 16 'Mul' <Latency = 0> <II = 1> <Delay = 1.94> <FuncUnit> <Opcode : 'mul'> <InPorts = 2> <OutPorts = 1>
ST_1 : Operation 135 [1/1] (0.00ns)   --->   "%trunc_ln708_1008 = call i15 @_ssdm_op_PartSelect.i15.i25.i32.i32(i25 %mul_ln1118_1655, i32 10, i32 24)" [firmware/nnet_utils/nnet_mult.h:67->firmware/nnet_utils/nnet_dense_latency.h:96]   --->   Operation 135 'partselect' 'trunc_ln708_1008' <Predicate = true> <Delay = 0.00>
ST_1 : Operation 136 [1/1] (0.00ns)   --->   "%sext_ln708_767 = sext i15 %trunc_ln708_1008 to i16" [firmware/nnet_utils/nnet_mult.h:67->firmware/nnet_utils/nnet_dense_latency.h:96]   --->   Operation 136 'sext' 'sext_ln708_767' <Predicate = true> <Delay = 0.00>
ST_1 : Operation 137 [1/1] (1.94ns)   --->   "%mul_ln1118_1656 = mul i26 %sext_ln1118_1074, -874" [firmware/nnet_utils/nnet_mult.h:67->firmware/nnet_utils/nnet_dense_latency.h:96]   --->   Operation 137 'mul' 'mul_ln1118_1656' <Predicate = true> <Delay = 1.94> <Core = "Mul">   --->   Core 16 'Mul' <Latency = 0> <II = 1> <Delay = 1.94> <FuncUnit> <Opcode : 'mul'> <InPorts = 2> <OutPorts = 1>
ST_1 : Operation 138 [1/1] (0.00ns)   --->   "%trunc_ln708_148 = call i16 @_ssdm_op_PartSelect.i16.i26.i32.i32(i26 %mul_ln1118_1656, i32 10, i32 25)" [firmware/nnet_utils/nnet_mult.h:67->firmware/nnet_utils/nnet_dense_latency.h:96]   --->   Operation 138 'partselect' 'trunc_ln708_148' <Predicate = true> <Delay = 0.00>
ST_1 : Operation 139 [1/1] (1.94ns)   --->   "%mul_ln1118_1657 = mul i26 %sext_ln1118_1074, 1155" [firmware/nnet_utils/nnet_mult.h:67->firmware/nnet_utils/nnet_dense_latency.h:96]   --->   Operation 139 'mul' 'mul_ln1118_1657' <Predicate = true> <Delay = 1.94> <Core = "Mul">   --->   Core 16 'Mul' <Latency = 0> <II = 1> <Delay = 1.94> <FuncUnit> <Opcode : 'mul'> <InPorts = 2> <OutPorts = 1>
ST_1 : Operation 140 [1/1] (0.00ns)   --->   "%trunc_ln708_149 = call i16 @_ssdm_op_PartSelect.i16.i26.i32.i32(i26 %mul_ln1118_1657, i32 10, i32 25)" [firmware/nnet_utils/nnet_mult.h:67->firmware/nnet_utils/nnet_dense_latency.h:96]   --->   Operation 140 'partselect' 'trunc_ln708_149' <Predicate = true> <Delay = 0.00>
ST_1 : Operation 141 [1/1] (1.94ns)   --->   "%mul_ln1118_1658 = mul i26 %sext_ln1118_1074, 563" [firmware/nnet_utils/nnet_mult.h:67->firmware/nnet_utils/nnet_dense_latency.h:96]   --->   Operation 141 'mul' 'mul_ln1118_1658' <Predicate = true> <Delay = 1.94> <Core = "Mul">   --->   Core 16 'Mul' <Latency = 0> <II = 1> <Delay = 1.94> <FuncUnit> <Opcode : 'mul'> <InPorts = 2> <OutPorts = 1>
ST_1 : Operation 142 [1/1] (0.00ns)   --->   "%trunc_ln708_150 = call i16 @_ssdm_op_PartSelect.i16.i26.i32.i32(i26 %mul_ln1118_1658, i32 10, i32 25)" [firmware/nnet_utils/nnet_mult.h:67->firmware/nnet_utils/nnet_dense_latency.h:96]   --->   Operation 142 'partselect' 'trunc_ln708_150' <Predicate = true> <Delay = 0.00>
ST_1 : Operation 143 [1/1] (1.94ns)   --->   "%mul_ln1118_1659 = mul i26 %sext_ln1118_1074, -545" [firmware/nnet_utils/nnet_mult.h:67->firmware/nnet_utils/nnet_dense_latency.h:96]   --->   Operation 143 'mul' 'mul_ln1118_1659' <Predicate = true> <Delay = 1.94> <Core = "Mul">   --->   Core 16 'Mul' <Latency = 0> <II = 1> <Delay = 1.94> <FuncUnit> <Opcode : 'mul'> <InPorts = 2> <OutPorts = 1>
ST_1 : Operation 144 [1/1] (0.00ns)   --->   "%trunc_ln708_151 = call i16 @_ssdm_op_PartSelect.i16.i26.i32.i32(i26 %mul_ln1118_1659, i32 10, i32 25)" [firmware/nnet_utils/nnet_mult.h:67->firmware/nnet_utils/nnet_dense_latency.h:96]   --->   Operation 144 'partselect' 'trunc_ln708_151' <Predicate = true> <Delay = 0.00>
ST_1 : Operation 145 [1/1] (1.94ns)   --->   "%mul_ln1118_1660 = mul i24 %sext_ln1118_1072, 67" [firmware/nnet_utils/nnet_mult.h:67->firmware/nnet_utils/nnet_dense_latency.h:96]   --->   Operation 145 'mul' 'mul_ln1118_1660' <Predicate = true> <Delay = 1.94> <Core = "Mul">   --->   Core 16 'Mul' <Latency = 0> <II = 1> <Delay = 1.94> <FuncUnit> <Opcode : 'mul'> <InPorts = 2> <OutPorts = 1>
ST_1 : Operation 146 [1/1] (0.00ns)   --->   "%trunc_ln708_1009 = call i14 @_ssdm_op_PartSelect.i14.i24.i32.i32(i24 %mul_ln1118_1660, i32 10, i32 23)" [firmware/nnet_utils/nnet_mult.h:67->firmware/nnet_utils/nnet_dense_latency.h:96]   --->   Operation 146 'partselect' 'trunc_ln708_1009' <Predicate = true> <Delay = 0.00>
ST_1 : Operation 147 [1/1] (0.00ns)   --->   "%sext_ln708_768 = sext i14 %trunc_ln708_1009 to i16" [firmware/nnet_utils/nnet_mult.h:67->firmware/nnet_utils/nnet_dense_latency.h:96]   --->   Operation 147 'sext' 'sext_ln708_768' <Predicate = true> <Delay = 0.00>
ST_1 : Operation 148 [1/1] (1.94ns)   --->   "%mul_ln1118_1661 = mul i25 %sext_ln1118_1073, -233" [firmware/nnet_utils/nnet_mult.h:67->firmware/nnet_utils/nnet_dense_latency.h:96]   --->   Operation 148 'mul' 'mul_ln1118_1661' <Predicate = true> <Delay = 1.94> <Core = "Mul">   --->   Core 16 'Mul' <Latency = 0> <II = 1> <Delay = 1.94> <FuncUnit> <Opcode : 'mul'> <InPorts = 2> <OutPorts = 1>
ST_1 : Operation 149 [1/1] (0.00ns)   --->   "%trunc_ln708_1010 = call i15 @_ssdm_op_PartSelect.i15.i25.i32.i32(i25 %mul_ln1118_1661, i32 10, i32 24)" [firmware/nnet_utils/nnet_mult.h:67->firmware/nnet_utils/nnet_dense_latency.h:96]   --->   Operation 149 'partselect' 'trunc_ln708_1010' <Predicate = true> <Delay = 0.00>
ST_1 : Operation 150 [1/1] (0.00ns)   --->   "%sext_ln708_769 = sext i15 %trunc_ln708_1010 to i16" [firmware/nnet_utils/nnet_mult.h:67->firmware/nnet_utils/nnet_dense_latency.h:96]   --->   Operation 150 'sext' 'sext_ln708_769' <Predicate = true> <Delay = 0.00>
ST_1 : Operation 151 [1/1] (1.94ns)   --->   "%mul_ln1118_1662 = mul i23 %sext_ln1118_1071, 58" [firmware/nnet_utils/nnet_mult.h:67->firmware/nnet_utils/nnet_dense_latency.h:96]   --->   Operation 151 'mul' 'mul_ln1118_1662' <Predicate = true> <Delay = 1.94> <Core = "Mul">   --->   Core 16 'Mul' <Latency = 0> <II = 1> <Delay = 1.94> <FuncUnit> <Opcode : 'mul'> <InPorts = 2> <OutPorts = 1>
ST_1 : Operation 152 [1/1] (0.00ns)   --->   "%trunc_ln708_1011 = call i13 @_ssdm_op_PartSelect.i13.i23.i32.i32(i23 %mul_ln1118_1662, i32 10, i32 22)" [firmware/nnet_utils/nnet_mult.h:67->firmware/nnet_utils/nnet_dense_latency.h:96]   --->   Operation 152 'partselect' 'trunc_ln708_1011' <Predicate = true> <Delay = 0.00>
ST_1 : Operation 153 [1/1] (0.00ns)   --->   "%sext_ln708_770 = sext i13 %trunc_ln708_1011 to i16" [firmware/nnet_utils/nnet_mult.h:67->firmware/nnet_utils/nnet_dense_latency.h:96]   --->   Operation 153 'sext' 'sext_ln708_770' <Predicate = true> <Delay = 0.00>
ST_1 : Operation 154 [1/1] (1.94ns)   --->   "%mul_ln1118_1663 = mul i26 %sext_ln1118_1074, -529" [firmware/nnet_utils/nnet_mult.h:67->firmware/nnet_utils/nnet_dense_latency.h:96]   --->   Operation 154 'mul' 'mul_ln1118_1663' <Predicate = true> <Delay = 1.94> <Core = "Mul">   --->   Core 16 'Mul' <Latency = 0> <II = 1> <Delay = 1.94> <FuncUnit> <Opcode : 'mul'> <InPorts = 2> <OutPorts = 1>
ST_1 : Operation 155 [1/1] (0.00ns)   --->   "%trunc_ln708_156 = call i16 @_ssdm_op_PartSelect.i16.i26.i32.i32(i26 %mul_ln1118_1663, i32 10, i32 25)" [firmware/nnet_utils/nnet_mult.h:67->firmware/nnet_utils/nnet_dense_latency.h:96]   --->   Operation 155 'partselect' 'trunc_ln708_156' <Predicate = true> <Delay = 0.00>
ST_1 : Operation 156 [1/1] (1.94ns)   --->   "%mul_ln1118_1664 = mul i25 %sext_ln1118_1073, -134" [firmware/nnet_utils/nnet_mult.h:67->firmware/nnet_utils/nnet_dense_latency.h:96]   --->   Operation 156 'mul' 'mul_ln1118_1664' <Predicate = true> <Delay = 1.94> <Core = "Mul">   --->   Core 16 'Mul' <Latency = 0> <II = 1> <Delay = 1.94> <FuncUnit> <Opcode : 'mul'> <InPorts = 2> <OutPorts = 1>
ST_1 : Operation 157 [1/1] (0.00ns)   --->   "%trunc_ln708_1012 = call i15 @_ssdm_op_PartSelect.i15.i25.i32.i32(i25 %mul_ln1118_1664, i32 10, i32 24)" [firmware/nnet_utils/nnet_mult.h:67->firmware/nnet_utils/nnet_dense_latency.h:96]   --->   Operation 157 'partselect' 'trunc_ln708_1012' <Predicate = true> <Delay = 0.00>
ST_1 : Operation 158 [1/1] (0.00ns)   --->   "%sext_ln708_771 = sext i15 %trunc_ln708_1012 to i16" [firmware/nnet_utils/nnet_mult.h:67->firmware/nnet_utils/nnet_dense_latency.h:96]   --->   Operation 158 'sext' 'sext_ln708_771' <Predicate = true> <Delay = 0.00>
ST_1 : Operation 159 [1/1] (1.94ns)   --->   "%mul_ln1118_1665 = mul i26 %sext_ln1118_1074, 1219" [firmware/nnet_utils/nnet_mult.h:67->firmware/nnet_utils/nnet_dense_latency.h:96]   --->   Operation 159 'mul' 'mul_ln1118_1665' <Predicate = true> <Delay = 1.94> <Core = "Mul">   --->   Core 16 'Mul' <Latency = 0> <II = 1> <Delay = 1.94> <FuncUnit> <Opcode : 'mul'> <InPorts = 2> <OutPorts = 1>
ST_1 : Operation 160 [1/1] (0.00ns)   --->   "%trunc_ln708_158 = call i16 @_ssdm_op_PartSelect.i16.i26.i32.i32(i26 %mul_ln1118_1665, i32 10, i32 25)" [firmware/nnet_utils/nnet_mult.h:67->firmware/nnet_utils/nnet_dense_latency.h:96]   --->   Operation 160 'partselect' 'trunc_ln708_158' <Predicate = true> <Delay = 0.00>
ST_1 : Operation 161 [1/1] (1.94ns)   --->   "%mul_ln1118_1666 = mul i24 %sext_ln1118_1072, 98" [firmware/nnet_utils/nnet_mult.h:67->firmware/nnet_utils/nnet_dense_latency.h:96]   --->   Operation 161 'mul' 'mul_ln1118_1666' <Predicate = true> <Delay = 1.94> <Core = "Mul">   --->   Core 16 'Mul' <Latency = 0> <II = 1> <Delay = 1.94> <FuncUnit> <Opcode : 'mul'> <InPorts = 2> <OutPorts = 1>
ST_1 : Operation 162 [1/1] (0.00ns)   --->   "%trunc_ln708_1013 = call i14 @_ssdm_op_PartSelect.i14.i24.i32.i32(i24 %mul_ln1118_1666, i32 10, i32 23)" [firmware/nnet_utils/nnet_mult.h:67->firmware/nnet_utils/nnet_dense_latency.h:96]   --->   Operation 162 'partselect' 'trunc_ln708_1013' <Predicate = true> <Delay = 0.00>
ST_1 : Operation 163 [1/1] (0.00ns)   --->   "%sext_ln708_772 = sext i14 %trunc_ln708_1013 to i16" [firmware/nnet_utils/nnet_mult.h:67->firmware/nnet_utils/nnet_dense_latency.h:96]   --->   Operation 163 'sext' 'sext_ln708_772' <Predicate = true> <Delay = 0.00>
ST_1 : Operation 164 [1/1] (1.94ns)   --->   "%mul_ln1118_1667 = mul i26 %sext_ln1118_1074, -303" [firmware/nnet_utils/nnet_mult.h:67->firmware/nnet_utils/nnet_dense_latency.h:96]   --->   Operation 164 'mul' 'mul_ln1118_1667' <Predicate = true> <Delay = 1.94> <Core = "Mul">   --->   Core 16 'Mul' <Latency = 0> <II = 1> <Delay = 1.94> <FuncUnit> <Opcode : 'mul'> <InPorts = 2> <OutPorts = 1>
ST_1 : Operation 165 [1/1] (0.00ns)   --->   "%trunc_ln708_160 = call i16 @_ssdm_op_PartSelect.i16.i26.i32.i32(i26 %mul_ln1118_1667, i32 10, i32 25)" [firmware/nnet_utils/nnet_mult.h:67->firmware/nnet_utils/nnet_dense_latency.h:96]   --->   Operation 165 'partselect' 'trunc_ln708_160' <Predicate = true> <Delay = 0.00>
ST_1 : Operation 166 [1/1] (1.94ns)   --->   "%mul_ln1118_1668 = mul i26 %sext_ln1118_1074, -308" [firmware/nnet_utils/nnet_mult.h:67->firmware/nnet_utils/nnet_dense_latency.h:96]   --->   Operation 166 'mul' 'mul_ln1118_1668' <Predicate = true> <Delay = 1.94> <Core = "Mul">   --->   Core 16 'Mul' <Latency = 0> <II = 1> <Delay = 1.94> <FuncUnit> <Opcode : 'mul'> <InPorts = 2> <OutPorts = 1>
ST_1 : Operation 167 [1/1] (0.00ns)   --->   "%trunc_ln708_161 = call i16 @_ssdm_op_PartSelect.i16.i26.i32.i32(i26 %mul_ln1118_1668, i32 10, i32 25)" [firmware/nnet_utils/nnet_mult.h:67->firmware/nnet_utils/nnet_dense_latency.h:96]   --->   Operation 167 'partselect' 'trunc_ln708_161' <Predicate = true> <Delay = 0.00>
ST_1 : Operation 168 [1/1] (0.60ns)   --->   "%add_ln703 = add i16 %sext_ln708_761, %trunc_ln708_114" [firmware/nnet_utils/nnet_dense_latency.h:115]   --->   Operation 168 'add' 'add_ln703' <Predicate = true> <Delay = 0.60> <Core = "AddSub">   --->   Core 14 'AddSub' <Latency = 0> <II = 1> <Delay = 0.60> <FuncUnit> <Opcode : 'add' 'sub'> <InPorts = 2> <OutPorts = 1>
ST_1 : Operation 169 [1/1] (0.00ns) (grouped into TernaryAdder)   --->   "%add_ln703_2251 = add i16 %sext_ln708_756, %trunc_ln708_146" [firmware/nnet_utils/nnet_dense_latency.h:115]   --->   Operation 169 'add' 'add_ln703_2251' <Predicate = true> <Delay = 0.00> <Core = "TAddSub">   --->   Core 83 'TAddSub' <Latency = 0> <II = 1> <Delay = 0.33> <IPBlock> <Opcode : 'add' 'sub'> <InPorts = 3> <OutPorts = 1> <Sync> <CReg>
ST_1 : Operation 170 [1/1] (0.67ns) (root node of TernaryAdder)   --->   "%add_ln703_2252 = add i16 %add_ln703, %add_ln703_2251" [firmware/nnet_utils/nnet_dense_latency.h:115]   --->   Operation 170 'add' 'add_ln703_2252' <Predicate = true> <Delay = 0.67> <Core = "TAddSub">   --->   Core 83 'TAddSub' <Latency = 0> <II = 1> <Delay = 0.33> <IPBlock> <Opcode : 'add' 'sub'> <InPorts = 3> <OutPorts = 1> <Sync> <CReg>
ST_1 : Operation 171 [1/1] (0.60ns)   --->   "%add_ln703_2253 = add i16 %trunc_ln708_99, %trunc_ln708_115" [firmware/nnet_utils/nnet_dense_latency.h:115]   --->   Operation 171 'add' 'add_ln703_2253' <Predicate = true> <Delay = 0.60> <Core = "AddSub">   --->   Core 14 'AddSub' <Latency = 0> <II = 1> <Delay = 0.60> <FuncUnit> <Opcode : 'add' 'sub'> <InPorts = 2> <OutPorts = 1>
ST_1 : Operation 172 [1/1] (0.00ns) (grouped into TernaryAdder)   --->   "%add_ln703_2254 = add i16 %sext_ln708_767, %sext_ln708_762" [firmware/nnet_utils/nnet_dense_latency.h:115]   --->   Operation 172 'add' 'add_ln703_2254' <Predicate = true> <Delay = 0.00> <Core = "TAddSub">   --->   Core 83 'TAddSub' <Latency = 0> <II = 1> <Delay = 0.33> <IPBlock> <Opcode : 'add' 'sub'> <InPorts = 3> <OutPorts = 1> <Sync> <CReg>
ST_1 : Operation 173 [1/1] (0.67ns) (root node of TernaryAdder)   --->   "%acc_1_V = add i16 %add_ln703_2253, %add_ln703_2254" [firmware/nnet_utils/nnet_dense_latency.h:115]   --->   Operation 173 'add' 'acc_1_V' <Predicate = true> <Delay = 0.67> <Core = "TAddSub">   --->   Core 83 'TAddSub' <Latency = 0> <II = 1> <Delay = 0.33> <IPBlock> <Opcode : 'add' 'sub'> <InPorts = 3> <OutPorts = 1> <Sync> <CReg>
ST_1 : Operation 174 [1/1] (0.60ns)   --->   "%add_ln703_2256 = add i16 %trunc_ln708_100, %trunc_ln708_116" [firmware/nnet_utils/nnet_dense_latency.h:115]   --->   Operation 174 'add' 'add_ln703_2256' <Predicate = true> <Delay = 0.60> <Core = "AddSub">   --->   Core 14 'AddSub' <Latency = 0> <II = 1> <Delay = 0.60> <FuncUnit> <Opcode : 'add' 'sub'> <InPorts = 2> <OutPorts = 1>
ST_1 : Operation 175 [1/1] (0.00ns) (grouped into TernaryAdder)   --->   "%add_ln703_2257 = add i16 %trunc_ln708_148, %sext_ln708_763" [firmware/nnet_utils/nnet_dense_latency.h:115]   --->   Operation 175 'add' 'add_ln703_2257' <Predicate = true> <Delay = 0.00> <Core = "TAddSub">   --->   Core 83 'TAddSub' <Latency = 0> <II = 1> <Delay = 0.33> <IPBlock> <Opcode : 'add' 'sub'> <InPorts = 3> <OutPorts = 1> <Sync> <CReg>
ST_1 : Operation 176 [1/1] (0.67ns) (root node of TernaryAdder)   --->   "%acc_2_V = add i16 %add_ln703_2256, %add_ln703_2257" [firmware/nnet_utils/nnet_dense_latency.h:115]   --->   Operation 176 'add' 'acc_2_V' <Predicate = true> <Delay = 0.67> <Core = "TAddSub">   --->   Core 83 'TAddSub' <Latency = 0> <II = 1> <Delay = 0.33> <IPBlock> <Opcode : 'add' 'sub'> <InPorts = 3> <OutPorts = 1> <Sync> <CReg>
ST_1 : Operation 177 [1/1] (0.60ns)   --->   "%add_ln703_2259 = add i16 %trunc_ln708_101, %trunc_ln708_117" [firmware/nnet_utils/nnet_dense_latency.h:115]   --->   Operation 177 'add' 'add_ln703_2259' <Predicate = true> <Delay = 0.60> <Core = "AddSub">   --->   Core 14 'AddSub' <Latency = 0> <II = 1> <Delay = 0.60> <FuncUnit> <Opcode : 'add' 'sub'> <InPorts = 2> <OutPorts = 1>
ST_1 : Operation 178 [1/1] (0.00ns) (grouped into TernaryAdder)   --->   "%add_ln703_2260 = add i16 %trunc_ln708_149, %trunc_ln708_133" [firmware/nnet_utils/nnet_dense_latency.h:115]   --->   Operation 178 'add' 'add_ln703_2260' <Predicate = true> <Delay = 0.00> <Core = "TAddSub">   --->   Core 83 'TAddSub' <Latency = 0> <II = 1> <Delay = 0.33> <IPBlock> <Opcode : 'add' 'sub'> <InPorts = 3> <OutPorts = 1> <Sync> <CReg>
ST_1 : Operation 179 [1/1] (0.67ns) (root node of TernaryAdder)   --->   "%acc_3_V = add i16 %add_ln703_2259, %add_ln703_2260" [firmware/nnet_utils/nnet_dense_latency.h:115]   --->   Operation 179 'add' 'acc_3_V' <Predicate = true> <Delay = 0.67> <Core = "TAddSub">   --->   Core 83 'TAddSub' <Latency = 0> <II = 1> <Delay = 0.33> <IPBlock> <Opcode : 'add' 'sub'> <InPorts = 3> <OutPorts = 1> <Sync> <CReg>
ST_1 : Operation 180 [1/1] (0.60ns)   --->   "%add_ln703_2262 = add i16 %trunc_ln708_102, %trunc_ln708_118" [firmware/nnet_utils/nnet_dense_latency.h:115]   --->   Operation 180 'add' 'add_ln703_2262' <Predicate = true> <Delay = 0.60> <Core = "AddSub">   --->   Core 14 'AddSub' <Latency = 0> <II = 1> <Delay = 0.60> <FuncUnit> <Opcode : 'add' 'sub'> <InPorts = 2> <OutPorts = 1>
ST_1 : Operation 181 [1/1] (0.00ns) (grouped into TernaryAdder)   --->   "%add_ln703_2263 = add i16 %trunc_ln708_150, %trunc_ln708_134" [firmware/nnet_utils/nnet_dense_latency.h:115]   --->   Operation 181 'add' 'add_ln703_2263' <Predicate = true> <Delay = 0.00> <Core = "TAddSub">   --->   Core 83 'TAddSub' <Latency = 0> <II = 1> <Delay = 0.33> <IPBlock> <Opcode : 'add' 'sub'> <InPorts = 3> <OutPorts = 1> <Sync> <CReg>
ST_1 : Operation 182 [1/1] (0.67ns) (root node of TernaryAdder)   --->   "%acc_4_V = add i16 %add_ln703_2262, %add_ln703_2263" [firmware/nnet_utils/nnet_dense_latency.h:115]   --->   Operation 182 'add' 'acc_4_V' <Predicate = true> <Delay = 0.67> <Core = "TAddSub">   --->   Core 83 'TAddSub' <Latency = 0> <II = 1> <Delay = 0.33> <IPBlock> <Opcode : 'add' 'sub'> <InPorts = 3> <OutPorts = 1> <Sync> <CReg>
ST_1 : Operation 183 [1/1] (0.60ns)   --->   "%add_ln703_2265 = add i16 %trunc_ln708_103, %trunc_ln708_119" [firmware/nnet_utils/nnet_dense_latency.h:115]   --->   Operation 183 'add' 'add_ln703_2265' <Predicate = true> <Delay = 0.60> <Core = "AddSub">   --->   Core 14 'AddSub' <Latency = 0> <II = 1> <Delay = 0.60> <FuncUnit> <Opcode : 'add' 'sub'> <InPorts = 2> <OutPorts = 1>
ST_1 : Operation 184 [1/1] (0.00ns) (grouped into TernaryAdder)   --->   "%add_ln703_2266 = add i16 %trunc_ln708_151, %sext_ln708_764" [firmware/nnet_utils/nnet_dense_latency.h:115]   --->   Operation 184 'add' 'add_ln703_2266' <Predicate = true> <Delay = 0.00> <Core = "TAddSub">   --->   Core 83 'TAddSub' <Latency = 0> <II = 1> <Delay = 0.33> <IPBlock> <Opcode : 'add' 'sub'> <InPorts = 3> <OutPorts = 1> <Sync> <CReg>
ST_1 : Operation 185 [1/1] (0.67ns) (root node of TernaryAdder)   --->   "%acc_5_V = add i16 %add_ln703_2265, %add_ln703_2266" [firmware/nnet_utils/nnet_dense_latency.h:115]   --->   Operation 185 'add' 'acc_5_V' <Predicate = true> <Delay = 0.67> <Core = "TAddSub">   --->   Core 83 'TAddSub' <Latency = 0> <II = 1> <Delay = 0.33> <IPBlock> <Opcode : 'add' 'sub'> <InPorts = 3> <OutPorts = 1> <Sync> <CReg>
ST_1 : Operation 186 [1/1] (0.58ns)   --->   "%add_ln703_2268 = add i16 %sext_ln708_757, %sext_ln708_759" [firmware/nnet_utils/nnet_dense_latency.h:115]   --->   Operation 186 'add' 'add_ln703_2268' <Predicate = true> <Delay = 0.58> <Core = "AddSub">   --->   Core 14 'AddSub' <Latency = 0> <II = 1> <Delay = 0.60> <FuncUnit> <Opcode : 'add' 'sub'> <InPorts = 2> <OutPorts = 1>
ST_1 : Operation 187 [1/1] (0.00ns) (grouped into TernaryAdder)   --->   "%add_ln703_2269 = add i16 %sext_ln708_768, %trunc_ln708_136" [firmware/nnet_utils/nnet_dense_latency.h:115]   --->   Operation 187 'add' 'add_ln703_2269' <Predicate = true> <Delay = 0.00> <Core = "TAddSub">   --->   Core 83 'TAddSub' <Latency = 0> <II = 1> <Delay = 0.33> <IPBlock> <Opcode : 'add' 'sub'> <InPorts = 3> <OutPorts = 1> <Sync> <CReg>
ST_1 : Operation 188 [1/1] (0.67ns) (root node of TernaryAdder)   --->   "%acc_6_V = add i16 %add_ln703_2268, %add_ln703_2269" [firmware/nnet_utils/nnet_dense_latency.h:115]   --->   Operation 188 'add' 'acc_6_V' <Predicate = true> <Delay = 0.67> <Core = "TAddSub">   --->   Core 83 'TAddSub' <Latency = 0> <II = 1> <Delay = 0.33> <IPBlock> <Opcode : 'add' 'sub'> <InPorts = 3> <OutPorts = 1> <Sync> <CReg>
ST_1 : Operation 189 [1/1] (0.60ns)   --->   "%add_ln703_2271 = add i16 %trunc_ln708_105, %sext_ln708_760" [firmware/nnet_utils/nnet_dense_latency.h:115]   --->   Operation 189 'add' 'add_ln703_2271' <Predicate = true> <Delay = 0.60> <Core = "AddSub">   --->   Core 14 'AddSub' <Latency = 0> <II = 1> <Delay = 0.60> <FuncUnit> <Opcode : 'add' 'sub'> <InPorts = 2> <OutPorts = 1>
ST_1 : Operation 190 [1/1] (0.00ns) (grouped into TernaryAdder)   --->   "%add_ln703_2272 = add i16 %sext_ln708_769, %trunc_ln708_137" [firmware/nnet_utils/nnet_dense_latency.h:115]   --->   Operation 190 'add' 'add_ln703_2272' <Predicate = true> <Delay = 0.00> <Core = "TAddSub">   --->   Core 83 'TAddSub' <Latency = 0> <II = 1> <Delay = 0.33> <IPBlock> <Opcode : 'add' 'sub'> <InPorts = 3> <OutPorts = 1> <Sync> <CReg>
ST_1 : Operation 191 [1/1] (0.67ns) (root node of TernaryAdder)   --->   "%acc_7_V = add i16 %add_ln703_2271, %add_ln703_2272" [firmware/nnet_utils/nnet_dense_latency.h:115]   --->   Operation 191 'add' 'acc_7_V' <Predicate = true> <Delay = 0.67> <Core = "TAddSub">   --->   Core 83 'TAddSub' <Latency = 0> <II = 1> <Delay = 0.33> <IPBlock> <Opcode : 'add' 'sub'> <InPorts = 3> <OutPorts = 1> <Sync> <CReg>
ST_1 : Operation 192 [1/1] (0.60ns)   --->   "%add_ln703_2274 = add i16 %trunc_ln708_106, %trunc_ln708_122" [firmware/nnet_utils/nnet_dense_latency.h:115]   --->   Operation 192 'add' 'add_ln703_2274' <Predicate = true> <Delay = 0.60> <Core = "AddSub">   --->   Core 14 'AddSub' <Latency = 0> <II = 1> <Delay = 0.60> <FuncUnit> <Opcode : 'add' 'sub'> <InPorts = 2> <OutPorts = 1>
ST_1 : Operation 193 [1/1] (0.00ns) (grouped into TernaryAdder)   --->   "%add_ln703_2275 = add i16 %trunc_ln708_151, %trunc_ln708_138" [firmware/nnet_utils/nnet_dense_latency.h:115]   --->   Operation 193 'add' 'add_ln703_2275' <Predicate = true> <Delay = 0.00> <Core = "TAddSub">   --->   Core 83 'TAddSub' <Latency = 0> <II = 1> <Delay = 0.33> <IPBlock> <Opcode : 'add' 'sub'> <InPorts = 3> <OutPorts = 1> <Sync> <CReg>
ST_1 : Operation 194 [1/1] (0.67ns) (root node of TernaryAdder)   --->   "%acc_8_V = add i16 %add_ln703_2274, %add_ln703_2275" [firmware/nnet_utils/nnet_dense_latency.h:115]   --->   Operation 194 'add' 'acc_8_V' <Predicate = true> <Delay = 0.67> <Core = "TAddSub">   --->   Core 83 'TAddSub' <Latency = 0> <II = 1> <Delay = 0.33> <IPBlock> <Opcode : 'add' 'sub'> <InPorts = 3> <OutPorts = 1> <Sync> <CReg>
ST_1 : Operation 195 [1/1] (0.60ns)   --->   "%add_ln703_2277 = add i16 %sext_ln708_758, %trunc_ln708_123" [firmware/nnet_utils/nnet_dense_latency.h:115]   --->   Operation 195 'add' 'add_ln703_2277' <Predicate = true> <Delay = 0.60> <Core = "AddSub">   --->   Core 14 'AddSub' <Latency = 0> <II = 1> <Delay = 0.60> <FuncUnit> <Opcode : 'add' 'sub'> <InPorts = 2> <OutPorts = 1>
ST_1 : Operation 196 [1/1] (0.00ns) (grouped into TernaryAdder)   --->   "%add_ln703_2278 = add i16 %sext_ln708_770, %trunc_ln708_139" [firmware/nnet_utils/nnet_dense_latency.h:115]   --->   Operation 196 'add' 'add_ln703_2278' <Predicate = true> <Delay = 0.00> <Core = "TAddSub">   --->   Core 83 'TAddSub' <Latency = 0> <II = 1> <Delay = 0.33> <IPBlock> <Opcode : 'add' 'sub'> <InPorts = 3> <OutPorts = 1> <Sync> <CReg>
ST_1 : Operation 197 [1/1] (0.67ns) (root node of TernaryAdder)   --->   "%acc_9_V = add i16 %add_ln703_2277, %add_ln703_2278" [firmware/nnet_utils/nnet_dense_latency.h:115]   --->   Operation 197 'add' 'acc_9_V' <Predicate = true> <Delay = 0.67> <Core = "TAddSub">   --->   Core 83 'TAddSub' <Latency = 0> <II = 1> <Delay = 0.33> <IPBlock> <Opcode : 'add' 'sub'> <InPorts = 3> <OutPorts = 1> <Sync> <CReg>
ST_1 : Operation 198 [1/1] (0.60ns)   --->   "%add_ln703_2280 = add i16 %trunc_ln708_108, %trunc_ln708_124" [firmware/nnet_utils/nnet_dense_latency.h:115]   --->   Operation 198 'add' 'add_ln703_2280' <Predicate = true> <Delay = 0.60> <Core = "AddSub">   --->   Core 14 'AddSub' <Latency = 0> <II = 1> <Delay = 0.60> <FuncUnit> <Opcode : 'add' 'sub'> <InPorts = 2> <OutPorts = 1>
ST_1 : Operation 199 [1/1] (0.00ns) (grouped into TernaryAdder)   --->   "%add_ln703_2281 = add i16 %trunc_ln708_156, %sext_ln708_765" [firmware/nnet_utils/nnet_dense_latency.h:115]   --->   Operation 199 'add' 'add_ln703_2281' <Predicate = true> <Delay = 0.00> <Core = "TAddSub">   --->   Core 83 'TAddSub' <Latency = 0> <II = 1> <Delay = 0.33> <IPBlock> <Opcode : 'add' 'sub'> <InPorts = 3> <OutPorts = 1> <Sync> <CReg>
ST_1 : Operation 200 [1/1] (0.67ns) (root node of TernaryAdder)   --->   "%acc_10_V = add i16 %add_ln703_2280, %add_ln703_2281" [firmware/nnet_utils/nnet_dense_latency.h:115]   --->   Operation 200 'add' 'acc_10_V' <Predicate = true> <Delay = 0.67> <Core = "TAddSub">   --->   Core 83 'TAddSub' <Latency = 0> <II = 1> <Delay = 0.33> <IPBlock> <Opcode : 'add' 'sub'> <InPorts = 3> <OutPorts = 1> <Sync> <CReg>
ST_1 : Operation 201 [1/1] (0.60ns)   --->   "%add_ln703_2283 = add i16 %trunc_ln708_109, %trunc_ln708_125" [firmware/nnet_utils/nnet_dense_latency.h:115]   --->   Operation 201 'add' 'add_ln703_2283' <Predicate = true> <Delay = 0.60> <Core = "AddSub">   --->   Core 14 'AddSub' <Latency = 0> <II = 1> <Delay = 0.60> <FuncUnit> <Opcode : 'add' 'sub'> <InPorts = 2> <OutPorts = 1>
ST_1 : Operation 202 [1/1] (0.00ns) (grouped into TernaryAdder)   --->   "%add_ln703_2284 = add i16 %sext_ln708_771, %trunc_ln708_141" [firmware/nnet_utils/nnet_dense_latency.h:115]   --->   Operation 202 'add' 'add_ln703_2284' <Predicate = true> <Delay = 0.00> <Core = "TAddSub">   --->   Core 83 'TAddSub' <Latency = 0> <II = 1> <Delay = 0.33> <IPBlock> <Opcode : 'add' 'sub'> <InPorts = 3> <OutPorts = 1> <Sync> <CReg>
ST_1 : Operation 203 [1/1] (0.67ns) (root node of TernaryAdder)   --->   "%acc_11_V = add i16 %add_ln703_2283, %add_ln703_2284" [firmware/nnet_utils/nnet_dense_latency.h:115]   --->   Operation 203 'add' 'acc_11_V' <Predicate = true> <Delay = 0.67> <Core = "TAddSub">   --->   Core 83 'TAddSub' <Latency = 0> <II = 1> <Delay = 0.33> <IPBlock> <Opcode : 'add' 'sub'> <InPorts = 3> <OutPorts = 1> <Sync> <CReg>
ST_1 : Operation 204 [1/1] (0.60ns)   --->   "%add_ln703_2286 = add i16 %trunc_ln708_110, %trunc_ln708_126" [firmware/nnet_utils/nnet_dense_latency.h:115]   --->   Operation 204 'add' 'add_ln703_2286' <Predicate = true> <Delay = 0.60> <Core = "AddSub">   --->   Core 14 'AddSub' <Latency = 0> <II = 1> <Delay = 0.60> <FuncUnit> <Opcode : 'add' 'sub'> <InPorts = 2> <OutPorts = 1>
ST_1 : Operation 205 [1/1] (0.00ns) (grouped into TernaryAdder)   --->   "%add_ln703_2287 = add i16 %trunc_ln708_158, %trunc_ln708_142" [firmware/nnet_utils/nnet_dense_latency.h:115]   --->   Operation 205 'add' 'add_ln703_2287' <Predicate = true> <Delay = 0.00> <Core = "TAddSub">   --->   Core 83 'TAddSub' <Latency = 0> <II = 1> <Delay = 0.33> <IPBlock> <Opcode : 'add' 'sub'> <InPorts = 3> <OutPorts = 1> <Sync> <CReg>
ST_1 : Operation 206 [1/1] (0.67ns) (root node of TernaryAdder)   --->   "%acc_12_V = add i16 %add_ln703_2286, %add_ln703_2287" [firmware/nnet_utils/nnet_dense_latency.h:115]   --->   Operation 206 'add' 'acc_12_V' <Predicate = true> <Delay = 0.67> <Core = "TAddSub">   --->   Core 83 'TAddSub' <Latency = 0> <II = 1> <Delay = 0.33> <IPBlock> <Opcode : 'add' 'sub'> <InPorts = 3> <OutPorts = 1> <Sync> <CReg>
ST_1 : Operation 207 [1/1] (0.60ns)   --->   "%add_ln703_2289 = add i16 %trunc_ln708_111, %trunc_ln708_127" [firmware/nnet_utils/nnet_dense_latency.h:115]   --->   Operation 207 'add' 'add_ln703_2289' <Predicate = true> <Delay = 0.60> <Core = "AddSub">   --->   Core 14 'AddSub' <Latency = 0> <II = 1> <Delay = 0.60> <FuncUnit> <Opcode : 'add' 'sub'> <InPorts = 2> <OutPorts = 1>
ST_1 : Operation 208 [1/1] (0.00ns) (grouped into TernaryAdder)   --->   "%add_ln703_2290 = add i16 %sext_ln708_772, %sext_ln708_766" [firmware/nnet_utils/nnet_dense_latency.h:115]   --->   Operation 208 'add' 'add_ln703_2290' <Predicate = true> <Delay = 0.00> <Core = "TAddSub">   --->   Core 83 'TAddSub' <Latency = 0> <II = 1> <Delay = 0.33> <IPBlock> <Opcode : 'add' 'sub'> <InPorts = 3> <OutPorts = 1> <Sync> <CReg>
ST_1 : Operation 209 [1/1] (0.67ns) (root node of TernaryAdder)   --->   "%acc_13_V = add i16 %add_ln703_2289, %add_ln703_2290" [firmware/nnet_utils/nnet_dense_latency.h:115]   --->   Operation 209 'add' 'acc_13_V' <Predicate = true> <Delay = 0.67> <Core = "TAddSub">   --->   Core 83 'TAddSub' <Latency = 0> <II = 1> <Delay = 0.33> <IPBlock> <Opcode : 'add' 'sub'> <InPorts = 3> <OutPorts = 1> <Sync> <CReg>
ST_1 : Operation 210 [1/1] (0.60ns)   --->   "%add_ln703_2292 = add i16 %trunc_ln708_112, %trunc_ln708_128" [firmware/nnet_utils/nnet_dense_latency.h:115]   --->   Operation 210 'add' 'add_ln703_2292' <Predicate = true> <Delay = 0.60> <Core = "AddSub">   --->   Core 14 'AddSub' <Latency = 0> <II = 1> <Delay = 0.60> <FuncUnit> <Opcode : 'add' 'sub'> <InPorts = 2> <OutPorts = 1>
ST_1 : Operation 211 [1/1] (0.00ns) (grouped into TernaryAdder)   --->   "%add_ln703_2293 = add i16 %trunc_ln708_160, %trunc_ln708_144" [firmware/nnet_utils/nnet_dense_latency.h:115]   --->   Operation 211 'add' 'add_ln703_2293' <Predicate = true> <Delay = 0.00> <Core = "TAddSub">   --->   Core 83 'TAddSub' <Latency = 0> <II = 1> <Delay = 0.33> <IPBlock> <Opcode : 'add' 'sub'> <InPorts = 3> <OutPorts = 1> <Sync> <CReg>
ST_1 : Operation 212 [1/1] (0.67ns) (root node of TernaryAdder)   --->   "%acc_14_V = add i16 %add_ln703_2292, %add_ln703_2293" [firmware/nnet_utils/nnet_dense_latency.h:115]   --->   Operation 212 'add' 'acc_14_V' <Predicate = true> <Delay = 0.67> <Core = "TAddSub">   --->   Core 83 'TAddSub' <Latency = 0> <II = 1> <Delay = 0.33> <IPBlock> <Opcode : 'add' 'sub'> <InPorts = 3> <OutPorts = 1> <Sync> <CReg>
ST_1 : Operation 213 [1/1] (0.60ns)   --->   "%add_ln703_2295 = add i16 %trunc_ln708_113, %trunc_ln708_129" [firmware/nnet_utils/nnet_dense_latency.h:115]   --->   Operation 213 'add' 'add_ln703_2295' <Predicate = true> <Delay = 0.60> <Core = "AddSub">   --->   Core 14 'AddSub' <Latency = 0> <II = 1> <Delay = 0.60> <FuncUnit> <Opcode : 'add' 'sub'> <InPorts = 2> <OutPorts = 1>
ST_1 : Operation 214 [1/1] (0.00ns) (grouped into TernaryAdder)   --->   "%add_ln703_2296 = add i16 %trunc_ln708_161, %trunc_ln708_145" [firmware/nnet_utils/nnet_dense_latency.h:115]   --->   Operation 214 'add' 'add_ln703_2296' <Predicate = true> <Delay = 0.00> <Core = "TAddSub">   --->   Core 83 'TAddSub' <Latency = 0> <II = 1> <Delay = 0.33> <IPBlock> <Opcode : 'add' 'sub'> <InPorts = 3> <OutPorts = 1> <Sync> <CReg>
ST_1 : Operation 215 [1/1] (0.67ns) (root node of TernaryAdder)   --->   "%acc_15_V = add i16 %add_ln703_2295, %add_ln703_2296" [firmware/nnet_utils/nnet_dense_latency.h:115]   --->   Operation 215 'add' 'acc_15_V' <Predicate = true> <Delay = 0.67> <Core = "TAddSub">   --->   Core 83 'TAddSub' <Latency = 0> <II = 1> <Delay = 0.33> <IPBlock> <Opcode : 'add' 'sub'> <InPorts = 3> <OutPorts = 1> <Sync> <CReg>
ST_1 : Operation 216 [1/1] (0.00ns)   --->   "%mrv = insertvalue { i16, i16, i16, i16, i16, i16, i16, i16, i16, i16, i16, i16, i16, i16, i16, i16 } undef, i16 %add_ln703_2252, 0" [firmware/nnet_utils/nnet_dense_latency.h:127]   --->   Operation 216 'insertvalue' 'mrv' <Predicate = true> <Delay = 0.00>
ST_1 : Operation 217 [1/1] (0.00ns)   --->   "%mrv_1 = insertvalue { i16, i16, i16, i16, i16, i16, i16, i16, i16, i16, i16, i16, i16, i16, i16, i16 } %mrv, i16 %acc_1_V, 1" [firmware/nnet_utils/nnet_dense_latency.h:127]   --->   Operation 217 'insertvalue' 'mrv_1' <Predicate = true> <Delay = 0.00>
ST_1 : Operation 218 [1/1] (0.00ns)   --->   "%mrv_2 = insertvalue { i16, i16, i16, i16, i16, i16, i16, i16, i16, i16, i16, i16, i16, i16, i16, i16 } %mrv_1, i16 %acc_2_V, 2" [firmware/nnet_utils/nnet_dense_latency.h:127]   --->   Operation 218 'insertvalue' 'mrv_2' <Predicate = true> <Delay = 0.00>
ST_1 : Operation 219 [1/1] (0.00ns)   --->   "%mrv_3 = insertvalue { i16, i16, i16, i16, i16, i16, i16, i16, i16, i16, i16, i16, i16, i16, i16, i16 } %mrv_2, i16 %acc_3_V, 3" [firmware/nnet_utils/nnet_dense_latency.h:127]   --->   Operation 219 'insertvalue' 'mrv_3' <Predicate = true> <Delay = 0.00>
ST_1 : Operation 220 [1/1] (0.00ns)   --->   "%mrv_4 = insertvalue { i16, i16, i16, i16, i16, i16, i16, i16, i16, i16, i16, i16, i16, i16, i16, i16 } %mrv_3, i16 %acc_4_V, 4" [firmware/nnet_utils/nnet_dense_latency.h:127]   --->   Operation 220 'insertvalue' 'mrv_4' <Predicate = true> <Delay = 0.00>
ST_1 : Operation 221 [1/1] (0.00ns)   --->   "%mrv_5 = insertvalue { i16, i16, i16, i16, i16, i16, i16, i16, i16, i16, i16, i16, i16, i16, i16, i16 } %mrv_4, i16 %acc_5_V, 5" [firmware/nnet_utils/nnet_dense_latency.h:127]   --->   Operation 221 'insertvalue' 'mrv_5' <Predicate = true> <Delay = 0.00>
ST_1 : Operation 222 [1/1] (0.00ns)   --->   "%mrv_6 = insertvalue { i16, i16, i16, i16, i16, i16, i16, i16, i16, i16, i16, i16, i16, i16, i16, i16 } %mrv_5, i16 %acc_6_V, 6" [firmware/nnet_utils/nnet_dense_latency.h:127]   --->   Operation 222 'insertvalue' 'mrv_6' <Predicate = true> <Delay = 0.00>
ST_1 : Operation 223 [1/1] (0.00ns)   --->   "%mrv_7 = insertvalue { i16, i16, i16, i16, i16, i16, i16, i16, i16, i16, i16, i16, i16, i16, i16, i16 } %mrv_6, i16 %acc_7_V, 7" [firmware/nnet_utils/nnet_dense_latency.h:127]   --->   Operation 223 'insertvalue' 'mrv_7' <Predicate = true> <Delay = 0.00>
ST_1 : Operation 224 [1/1] (0.00ns)   --->   "%mrv_8 = insertvalue { i16, i16, i16, i16, i16, i16, i16, i16, i16, i16, i16, i16, i16, i16, i16, i16 } %mrv_7, i16 %acc_8_V, 8" [firmware/nnet_utils/nnet_dense_latency.h:127]   --->   Operation 224 'insertvalue' 'mrv_8' <Predicate = true> <Delay = 0.00>
ST_1 : Operation 225 [1/1] (0.00ns)   --->   "%mrv_9 = insertvalue { i16, i16, i16, i16, i16, i16, i16, i16, i16, i16, i16, i16, i16, i16, i16, i16 } %mrv_8, i16 %acc_9_V, 9" [firmware/nnet_utils/nnet_dense_latency.h:127]   --->   Operation 225 'insertvalue' 'mrv_9' <Predicate = true> <Delay = 0.00>
ST_1 : Operation 226 [1/1] (0.00ns)   --->   "%mrv_10 = insertvalue { i16, i16, i16, i16, i16, i16, i16, i16, i16, i16, i16, i16, i16, i16, i16, i16 } %mrv_9, i16 %acc_10_V, 10" [firmware/nnet_utils/nnet_dense_latency.h:127]   --->   Operation 226 'insertvalue' 'mrv_10' <Predicate = true> <Delay = 0.00>
ST_1 : Operation 227 [1/1] (0.00ns)   --->   "%mrv_11 = insertvalue { i16, i16, i16, i16, i16, i16, i16, i16, i16, i16, i16, i16, i16, i16, i16, i16 } %mrv_10, i16 %acc_11_V, 11" [firmware/nnet_utils/nnet_dense_latency.h:127]   --->   Operation 227 'insertvalue' 'mrv_11' <Predicate = true> <Delay = 0.00>
ST_1 : Operation 228 [1/1] (0.00ns)   --->   "%mrv_12 = insertvalue { i16, i16, i16, i16, i16, i16, i16, i16, i16, i16, i16, i16, i16, i16, i16, i16 } %mrv_11, i16 %acc_12_V, 12" [firmware/nnet_utils/nnet_dense_latency.h:127]   --->   Operation 228 'insertvalue' 'mrv_12' <Predicate = true> <Delay = 0.00>
ST_1 : Operation 229 [1/1] (0.00ns)   --->   "%mrv_13 = insertvalue { i16, i16, i16, i16, i16, i16, i16, i16, i16, i16, i16, i16, i16, i16, i16, i16 } %mrv_12, i16 %acc_13_V, 13" [firmware/nnet_utils/nnet_dense_latency.h:127]   --->   Operation 229 'insertvalue' 'mrv_13' <Predicate = true> <Delay = 0.00>
ST_1 : Operation 230 [1/1] (0.00ns)   --->   "%mrv_14 = insertvalue { i16, i16, i16, i16, i16, i16, i16, i16, i16, i16, i16, i16, i16, i16, i16, i16 } %mrv_13, i16 %acc_14_V, 14" [firmware/nnet_utils/nnet_dense_latency.h:127]   --->   Operation 230 'insertvalue' 'mrv_14' <Predicate = true> <Delay = 0.00>
ST_1 : Operation 231 [1/1] (0.00ns)   --->   "%mrv_15 = insertvalue { i16, i16, i16, i16, i16, i16, i16, i16, i16, i16, i16, i16, i16, i16, i16, i16 } %mrv_14, i16 %acc_15_V, 15" [firmware/nnet_utils/nnet_dense_latency.h:127]   --->   Operation 231 'insertvalue' 'mrv_15' <Predicate = true> <Delay = 0.00>
ST_1 : Operation 232 [1/1] (0.00ns)   --->   "ret { i16, i16, i16, i16, i16, i16, i16, i16, i16, i16, i16, i16, i16, i16, i16, i16 } %mrv_15" [firmware/nnet_utils/nnet_dense_latency.h:127]   --->   Operation 232 'ret' <Predicate = true> <Delay = 0.00>


============================================================
+ Verbose Summary: Timing violations
============================================================
Target clock period: 5ns, clock uncertainty: 0.625ns.

 <State 1>: 3.22ns
The critical path consists of the following:
	wire read on port 'data_2_V_read' (firmware/nnet_utils/nnet_dense_latency.h:33) [6]  (0 ns)
	'mul' operation ('mul_ln1118_1638', firmware/nnet_utils/nnet_mult.h:67->firmware/nnet_utils/nnet_dense_latency.h:96) [93]  (1.94 ns)
	'add' operation ('add_ln703', firmware/nnet_utils/nnet_dense_latency.h:115) [171]  (0.608 ns)
	'add' operation ('res[0].V', firmware/nnet_utils/nnet_dense_latency.h:115) [173]  (0.675 ns)


============================================================
+ Verbose Summary: Binding
============================================================
N/A
* FSMD analyzer results:
  - Output states:
 - Input state : 
  - Chain level:
	State 1


============================================================
+ Verbose Summary: Datapath Resource usage 
============================================================
N/A
