

================================================================
== Vivado HLS Report for 'dense_latency_0_0_0_0_0_0_0_0_0_0_0_0_0_0_0_0_0_1'
================================================================
* Date:           Fri Jun 18 14:12:13 2021

* Version:        2019.2 (Build 2704478 on Wed Nov 06 22:10:23 MST 2019)
* Project:        myproject_prj
* Solution:       solution1
* Product family: virtexuplus
* Target device:  xcu250-figd2104-2L-e


================================================================
== Performance Estimates
================================================================
+ Timing: 
    * Summary: 
    +--------+---------+----------+------------+
    |  Clock |  Target | Estimated| Uncertainty|
    +--------+---------+----------+------------+
    |ap_clk  | 5.00 ns | 2.548 ns |   0.62 ns  |
    +--------+---------+----------+------------+

+ Latency: 
    * Summary: 
    +---------+---------+----------+----------+-----+-----+----------+
    |  Latency (cycles) |  Latency (absolute) |  Interval | Pipeline |
    |   min   |   max   |    min   |    max   | min | max |   Type   |
    +---------+---------+----------+----------+-----+-----+----------+
    |        0|        0|   0 ns   |   0 ns   |    1|    1| function |
    +---------+---------+----------+----------+-----+-----+----------+

    + Detail: 
        * Instance: 
        N/A

        * Loop: 
        N/A

============================================================
+ Verbose Summary: Synthesis Manager
============================================================
InlineROM: 1
ExposeGlobal: 0
============================================================
+ Verbose Summary: CDFG Model
============================================================
IsTopModel: 0
ResetActiveHigh: 1
IsCombinational: 0
IsDatapathOnly: 0
HasWiredReturn: 1
HasMFsm: 2
HasVarLatency: 0
IsPipeline: 1
IsRtlPipelined: 0
IsInstanceOverlapped: 0
IsDontTouch: 0
HasImplIP: 0
IsGatedGlobalClock: 0

+ Individual pipeline summary: 
  * Pipeline-0: initiation interval (II) = 1, depth = 1


============================================================
+ Verbose Summary: Schedule
============================================================
* Number of FSM states : 1
* Pipeline : 1
  Pipeline-0 : II = 1, D = 1, States = { 1 }
* Dataflow Pipeline: 0

* FSM state transitions: 
1 --> 

* FSM state operations: 

State 1 <SV = 0> <Delay = 2.54>
ST_1 : Operation 2 [1/1] (0.00ns)   --->   "%data_0_V_read_9 = call i16 @_ssdm_op_Read.ap_auto.i16(i16 %data_0_V_read)" [firmware/nnet_utils/nnet_dense_latency.h:33]   --->   Operation 2 'read' 'data_0_V_read_9' <Predicate = true> <Delay = 0.00>
ST_1 : Operation 3 [1/1] (0.00ns)   --->   "%tmp = call i32 (...)* @_ssdm_op_SpecRegionBegin([12 x i8]* @p_str35)" [firmware/nnet_utils/nnet_dense_latency.h:45]   --->   Operation 3 'specregionbegin' 'tmp' <Predicate = true> <Delay = 0.00>
ST_1 : Operation 4 [1/1] (0.00ns)   --->   "call void (...)* @_ssdm_op_SpecPipeline(i32 1, i32 1, i32 1, i32 0, [1 x i8]* @p_str11) nounwind" [firmware/nnet_utils/nnet_dense_latency.h:49]   --->   Operation 4 'specpipeline' <Predicate = true> <Delay = 0.00>
ST_1 : Operation 5 [1/1] (0.00ns)   --->   "call void (...)* @_ssdm_op_SpecResourceLimit(i32 16, [4 x i8]* @p_str22, [1 x i8]* @p_str11, [1 x i8]* @p_str11, [1 x i8]* @p_str11) nounwind" [firmware/nnet_utils/nnet_mult.h:71->firmware/nnet_utils/nnet_dense_latency.h:57]   --->   Operation 5 'specresourcelimit' <Predicate = true> <Delay = 0.00>
ST_1 : Operation 6 [1/1] (0.00ns)   --->   "%empty = call i32 (...)* @_ssdm_op_SpecRegionEnd([12 x i8]* @p_str35, i32 %tmp)" [firmware/nnet_utils/nnet_dense_latency.h:59]   --->   Operation 6 'specregionend' 'empty' <Predicate = true> <Delay = 0.00>
ST_1 : Operation 7 [1/1] (0.00ns)   --->   "call void (...)* @_ssdm_op_SpecLoopName([9 x i8]* @p_str16) nounwind" [firmware/nnet_utils/nnet_dense_latency.h:85]   --->   Operation 7 'specloopname' <Predicate = true> <Delay = 0.00>
ST_1 : Operation 8 [1/1] (0.00ns)   --->   "%sext_ln1118 = sext i16 %data_0_V_read_9 to i23" [firmware/nnet_utils/nnet_mult.h:67->firmware/nnet_utils/nnet_dense_latency.h:96]   --->   Operation 8 'sext' 'sext_ln1118' <Predicate = true> <Delay = 0.00>
ST_1 : Operation 9 [1/1] (0.00ns)   --->   "%sext_ln1118_107 = sext i16 %data_0_V_read_9 to i26" [firmware/nnet_utils/nnet_mult.h:67->firmware/nnet_utils/nnet_dense_latency.h:96]   --->   Operation 9 'sext' 'sext_ln1118_107' <Predicate = true> <Delay = 0.00>
ST_1 : Operation 10 [1/1] (0.00ns)   --->   "%sext_ln1118_108 = sext i16 %data_0_V_read_9 to i25" [firmware/nnet_utils/nnet_mult.h:67->firmware/nnet_utils/nnet_dense_latency.h:96]   --->   Operation 10 'sext' 'sext_ln1118_108' <Predicate = true> <Delay = 0.00>
ST_1 : Operation 11 [1/1] (0.00ns)   --->   "%tmp_2 = call i22 @_ssdm_op_BitConcatenate.i22.i16.i6(i16 %data_0_V_read_9, i6 0)" [firmware/nnet_utils/nnet_mult.h:67->firmware/nnet_utils/nnet_dense_latency.h:96]   --->   Operation 11 'bitconcatenate' 'tmp_2' <Predicate = true> <Delay = 0.00>
ST_1 : Operation 12 [1/1] (0.00ns)   --->   "%sext_ln1118_109 = sext i22 %tmp_2 to i23" [firmware/nnet_utils/nnet_mult.h:67->firmware/nnet_utils/nnet_dense_latency.h:96]   --->   Operation 12 'sext' 'sext_ln1118_109' <Predicate = true> <Delay = 0.00>
ST_1 : Operation 13 [1/1] (0.58ns)   --->   "%sub_ln1118_17 = sub i23 %sext_ln1118, %sext_ln1118_109" [firmware/nnet_utils/nnet_mult.h:67->firmware/nnet_utils/nnet_dense_latency.h:96]   --->   Operation 13 'sub' 'sub_ln1118_17' <Predicate = true> <Delay = 0.58> <Core = "AddSub">   --->   Core 14 'AddSub' <Latency = 0> <II = 1> <Delay = 0.60> <FuncUnit> <Opcode : 'add' 'sub'> <InPorts = 2> <OutPorts = 1>
ST_1 : Operation 14 [1/1] (0.00ns)   --->   "%tmp_231 = call i13 @_ssdm_op_PartSelect.i13.i23.i32.i32(i23 %sub_ln1118_17, i32 10, i32 22)" [firmware/nnet_utils/nnet_mult.h:67->firmware/nnet_utils/nnet_dense_latency.h:96]   --->   Operation 14 'partselect' 'tmp_231' <Predicate = true> <Delay = 0.00>
ST_1 : Operation 15 [1/1] (0.00ns)   --->   "%sext_ln1118_111 = sext i13 %tmp_231 to i14" [firmware/nnet_utils/nnet_mult.h:67->firmware/nnet_utils/nnet_dense_latency.h:96]   --->   Operation 15 'sext' 'sext_ln1118_111' <Predicate = true> <Delay = 0.00>
ST_1 : Operation 16 [1/1] (1.94ns)   --->   "%mul_ln1118 = mul i25 %sext_ln1118_108, 219" [firmware/nnet_utils/nnet_mult.h:67->firmware/nnet_utils/nnet_dense_latency.h:96]   --->   Operation 16 'mul' 'mul_ln1118' <Predicate = true> <Delay = 1.94> <Core = "Mul">   --->   Core 16 'Mul' <Latency = 0> <II = 1> <Delay = 1.94> <FuncUnit> <Opcode : 'mul'> <InPorts = 2> <OutPorts = 1>
ST_1 : Operation 17 [1/1] (0.00ns)   --->   "%trunc_ln708_s = call i15 @_ssdm_op_PartSelect.i15.i25.i32.i32(i25 %mul_ln1118, i32 10, i32 24)" [firmware/nnet_utils/nnet_mult.h:67->firmware/nnet_utils/nnet_dense_latency.h:96]   --->   Operation 17 'partselect' 'trunc_ln708_s' <Predicate = true> <Delay = 0.00>
ST_1 : Operation 18 [1/1] (0.00ns)   --->   "%sext_ln708 = sext i15 %trunc_ln708_s to i16" [firmware/nnet_utils/nnet_mult.h:67->firmware/nnet_utils/nnet_dense_latency.h:96]   --->   Operation 18 'sext' 'sext_ln708' <Predicate = true> <Delay = 0.00>
ST_1 : Operation 19 [1/1] (1.94ns)   --->   "%mul_ln1118_151 = mul i25 %sext_ln1118_108, 215" [firmware/nnet_utils/nnet_mult.h:67->firmware/nnet_utils/nnet_dense_latency.h:96]   --->   Operation 19 'mul' 'mul_ln1118_151' <Predicate = true> <Delay = 1.94> <Core = "Mul">   --->   Core 16 'Mul' <Latency = 0> <II = 1> <Delay = 1.94> <FuncUnit> <Opcode : 'mul'> <InPorts = 2> <OutPorts = 1>
ST_1 : Operation 20 [1/1] (0.00ns)   --->   "%trunc_ln708_108 = call i15 @_ssdm_op_PartSelect.i15.i25.i32.i32(i25 %mul_ln1118_151, i32 10, i32 24)" [firmware/nnet_utils/nnet_mult.h:67->firmware/nnet_utils/nnet_dense_latency.h:96]   --->   Operation 20 'partselect' 'trunc_ln708_108' <Predicate = true> <Delay = 0.00>
ST_1 : Operation 21 [1/1] (0.00ns)   --->   "%sext_ln708_51 = sext i15 %trunc_ln708_108 to i16" [firmware/nnet_utils/nnet_mult.h:67->firmware/nnet_utils/nnet_dense_latency.h:96]   --->   Operation 21 'sext' 'sext_ln708_51' <Predicate = true> <Delay = 0.00>
ST_1 : Operation 22 [1/1] (1.94ns)   --->   "%mul_ln1118_152 = mul i26 %sext_ln1118_107, 617" [firmware/nnet_utils/nnet_mult.h:67->firmware/nnet_utils/nnet_dense_latency.h:96]   --->   Operation 22 'mul' 'mul_ln1118_152' <Predicate = true> <Delay = 1.94> <Core = "Mul">   --->   Core 16 'Mul' <Latency = 0> <II = 1> <Delay = 1.94> <FuncUnit> <Opcode : 'mul'> <InPorts = 2> <OutPorts = 1>
ST_1 : Operation 23 [1/1] (0.00ns)   --->   "%trunc_ln708_3 = call i16 @_ssdm_op_PartSelect.i16.i26.i32.i32(i26 %mul_ln1118_152, i32 10, i32 25)" [firmware/nnet_utils/nnet_mult.h:67->firmware/nnet_utils/nnet_dense_latency.h:96]   --->   Operation 23 'partselect' 'trunc_ln708_3' <Predicate = true> <Delay = 0.00>
ST_1 : Operation 24 [1/1] (1.94ns)   --->   "%mul_ln1118_153 = mul i26 %sext_ln1118_107, -395" [firmware/nnet_utils/nnet_mult.h:67->firmware/nnet_utils/nnet_dense_latency.h:96]   --->   Operation 24 'mul' 'mul_ln1118_153' <Predicate = true> <Delay = 1.94> <Core = "Mul">   --->   Core 16 'Mul' <Latency = 0> <II = 1> <Delay = 1.94> <FuncUnit> <Opcode : 'mul'> <InPorts = 2> <OutPorts = 1>
ST_1 : Operation 25 [1/1] (0.00ns)   --->   "%trunc_ln708_4 = call i16 @_ssdm_op_PartSelect.i16.i26.i32.i32(i26 %mul_ln1118_153, i32 10, i32 25)" [firmware/nnet_utils/nnet_mult.h:67->firmware/nnet_utils/nnet_dense_latency.h:96]   --->   Operation 25 'partselect' 'trunc_ln708_4' <Predicate = true> <Delay = 0.00>
ST_1 : Operation 26 [1/1] (1.94ns)   --->   "%mul_ln1118_154 = mul i26 %sext_ln1118_107, -534" [firmware/nnet_utils/nnet_mult.h:67->firmware/nnet_utils/nnet_dense_latency.h:96]   --->   Operation 26 'mul' 'mul_ln1118_154' <Predicate = true> <Delay = 1.94> <Core = "Mul">   --->   Core 16 'Mul' <Latency = 0> <II = 1> <Delay = 1.94> <FuncUnit> <Opcode : 'mul'> <InPorts = 2> <OutPorts = 1>
ST_1 : Operation 27 [1/1] (0.00ns)   --->   "%trunc_ln708_5 = call i16 @_ssdm_op_PartSelect.i16.i26.i32.i32(i26 %mul_ln1118_154, i32 10, i32 25)" [firmware/nnet_utils/nnet_mult.h:67->firmware/nnet_utils/nnet_dense_latency.h:96]   --->   Operation 27 'partselect' 'trunc_ln708_5' <Predicate = true> <Delay = 0.00>
ST_1 : Operation 28 [1/1] (1.94ns)   --->   "%mul_ln1118_155 = mul i25 %sext_ln1118_108, 207" [firmware/nnet_utils/nnet_mult.h:67->firmware/nnet_utils/nnet_dense_latency.h:96]   --->   Operation 28 'mul' 'mul_ln1118_155' <Predicate = true> <Delay = 1.94> <Core = "Mul">   --->   Core 16 'Mul' <Latency = 0> <II = 1> <Delay = 1.94> <FuncUnit> <Opcode : 'mul'> <InPorts = 2> <OutPorts = 1>
ST_1 : Operation 29 [1/1] (0.00ns)   --->   "%trunc_ln708_109 = call i15 @_ssdm_op_PartSelect.i15.i25.i32.i32(i25 %mul_ln1118_155, i32 10, i32 24)" [firmware/nnet_utils/nnet_mult.h:67->firmware/nnet_utils/nnet_dense_latency.h:96]   --->   Operation 29 'partselect' 'trunc_ln708_109' <Predicate = true> <Delay = 0.00>
ST_1 : Operation 30 [1/1] (0.00ns)   --->   "%sext_ln708_52 = sext i15 %trunc_ln708_109 to i16" [firmware/nnet_utils/nnet_mult.h:67->firmware/nnet_utils/nnet_dense_latency.h:96]   --->   Operation 30 'sext' 'sext_ln708_52' <Predicate = true> <Delay = 0.00>
ST_1 : Operation 31 [1/1] (0.00ns)   --->   "%shl_ln = call i25 @_ssdm_op_BitConcatenate.i25.i16.i9(i16 %data_0_V_read_9, i9 0)" [firmware/nnet_utils/nnet_mult.h:67->firmware/nnet_utils/nnet_dense_latency.h:96]   --->   Operation 31 'bitconcatenate' 'shl_ln' <Predicate = true> <Delay = 0.00>
ST_1 : Operation 32 [1/1] (0.00ns)   --->   "%sext_ln1118_110 = sext i25 %shl_ln to i26" [firmware/nnet_utils/nnet_mult.h:67->firmware/nnet_utils/nnet_dense_latency.h:96]   --->   Operation 32 'sext' 'sext_ln1118_110' <Predicate = true> <Delay = 0.00>
ST_1 : Operation 33 [1/1] (0.00ns) (grouped into TernaryAdder)   --->   "%sub_ln1118 = sub i26 0, %sext_ln1118_110" [firmware/nnet_utils/nnet_mult.h:67->firmware/nnet_utils/nnet_dense_latency.h:96]   --->   Operation 33 'sub' 'sub_ln1118' <Predicate = true> <Delay = 0.00> <Core = "TAddSub">   --->   Core 83 'TAddSub' <Latency = 0> <II = 1> <Delay = 0.35> <IPBlock> <Opcode : 'add' 'sub'> <InPorts = 3> <OutPorts = 1> <Sync> <CReg>
ST_1 : Operation 34 [1/1] (0.71ns) (root node of TernaryAdder)   --->   "%sub_ln1118_18 = sub i26 %sub_ln1118, %sext_ln1118_107" [firmware/nnet_utils/nnet_mult.h:67->firmware/nnet_utils/nnet_dense_latency.h:96]   --->   Operation 34 'sub' 'sub_ln1118_18' <Predicate = true> <Delay = 0.71> <Core = "TAddSub">   --->   Core 83 'TAddSub' <Latency = 0> <II = 1> <Delay = 0.35> <IPBlock> <Opcode : 'add' 'sub'> <InPorts = 3> <OutPorts = 1> <Sync> <CReg>
ST_1 : Operation 35 [1/1] (0.00ns)   --->   "%trunc_ln708_7 = call i16 @_ssdm_op_PartSelect.i16.i26.i32.i32(i26 %sub_ln1118_18, i32 10, i32 25)" [firmware/nnet_utils/nnet_mult.h:67->firmware/nnet_utils/nnet_dense_latency.h:96]   --->   Operation 35 'partselect' 'trunc_ln708_7' <Predicate = true> <Delay = 0.00>
ST_1 : Operation 36 [1/1] (1.94ns)   --->   "%mul_ln1118_156 = mul i26 %sext_ln1118_107, 361" [firmware/nnet_utils/nnet_mult.h:67->firmware/nnet_utils/nnet_dense_latency.h:96]   --->   Operation 36 'mul' 'mul_ln1118_156' <Predicate = true> <Delay = 1.94> <Core = "Mul">   --->   Core 16 'Mul' <Latency = 0> <II = 1> <Delay = 1.94> <FuncUnit> <Opcode : 'mul'> <InPorts = 2> <OutPorts = 1>
ST_1 : Operation 37 [1/1] (0.00ns)   --->   "%trunc_ln708_8 = call i16 @_ssdm_op_PartSelect.i16.i26.i32.i32(i26 %mul_ln1118_156, i32 10, i32 25)" [firmware/nnet_utils/nnet_mult.h:67->firmware/nnet_utils/nnet_dense_latency.h:96]   --->   Operation 37 'partselect' 'trunc_ln708_8' <Predicate = true> <Delay = 0.00>
ST_1 : Operation 38 [1/1] (1.94ns)   --->   "%mul_ln1118_157 = mul i26 %sext_ln1118_107, 331" [firmware/nnet_utils/nnet_mult.h:67->firmware/nnet_utils/nnet_dense_latency.h:96]   --->   Operation 38 'mul' 'mul_ln1118_157' <Predicate = true> <Delay = 1.94> <Core = "Mul">   --->   Core 16 'Mul' <Latency = 0> <II = 1> <Delay = 1.94> <FuncUnit> <Opcode : 'mul'> <InPorts = 2> <OutPorts = 1>
ST_1 : Operation 39 [1/1] (0.00ns)   --->   "%trunc_ln708_9 = call i16 @_ssdm_op_PartSelect.i16.i26.i32.i32(i26 %mul_ln1118_157, i32 10, i32 25)" [firmware/nnet_utils/nnet_mult.h:67->firmware/nnet_utils/nnet_dense_latency.h:96]   --->   Operation 39 'partselect' 'trunc_ln708_9' <Predicate = true> <Delay = 0.00>
ST_1 : Operation 40 [1/1] (1.94ns)   --->   "%mul_ln1118_158 = mul i26 %sext_ln1118_107, 395" [firmware/nnet_utils/nnet_mult.h:67->firmware/nnet_utils/nnet_dense_latency.h:96]   --->   Operation 40 'mul' 'mul_ln1118_158' <Predicate = true> <Delay = 1.94> <Core = "Mul">   --->   Core 16 'Mul' <Latency = 0> <II = 1> <Delay = 1.94> <FuncUnit> <Opcode : 'mul'> <InPorts = 2> <OutPorts = 1>
ST_1 : Operation 41 [1/1] (0.00ns)   --->   "%trunc_ln708_10 = call i16 @_ssdm_op_PartSelect.i16.i26.i32.i32(i26 %mul_ln1118_158, i32 10, i32 25)" [firmware/nnet_utils/nnet_mult.h:67->firmware/nnet_utils/nnet_dense_latency.h:96]   --->   Operation 41 'partselect' 'trunc_ln708_10' <Predicate = true> <Delay = 0.00>
ST_1 : Operation 42 [1/1] (1.94ns)   --->   "%mul_ln1118_159 = mul i26 %sext_ln1118_107, 561" [firmware/nnet_utils/nnet_mult.h:67->firmware/nnet_utils/nnet_dense_latency.h:96]   --->   Operation 42 'mul' 'mul_ln1118_159' <Predicate = true> <Delay = 1.94> <Core = "Mul">   --->   Core 16 'Mul' <Latency = 0> <II = 1> <Delay = 1.94> <FuncUnit> <Opcode : 'mul'> <InPorts = 2> <OutPorts = 1>
ST_1 : Operation 43 [1/1] (0.00ns)   --->   "%trunc_ln708_11 = call i16 @_ssdm_op_PartSelect.i16.i26.i32.i32(i26 %mul_ln1118_159, i32 10, i32 25)" [firmware/nnet_utils/nnet_mult.h:67->firmware/nnet_utils/nnet_dense_latency.h:96]   --->   Operation 43 'partselect' 'trunc_ln708_11' <Predicate = true> <Delay = 0.00>
ST_1 : Operation 44 [1/1] (1.94ns)   --->   "%mul_ln1118_160 = mul i26 %sext_ln1118_107, -634" [firmware/nnet_utils/nnet_mult.h:67->firmware/nnet_utils/nnet_dense_latency.h:96]   --->   Operation 44 'mul' 'mul_ln1118_160' <Predicate = true> <Delay = 1.94> <Core = "Mul">   --->   Core 16 'Mul' <Latency = 0> <II = 1> <Delay = 1.94> <FuncUnit> <Opcode : 'mul'> <InPorts = 2> <OutPorts = 1>
ST_1 : Operation 45 [1/1] (0.00ns)   --->   "%trunc_ln708_12 = call i16 @_ssdm_op_PartSelect.i16.i26.i32.i32(i26 %mul_ln1118_160, i32 10, i32 25)" [firmware/nnet_utils/nnet_mult.h:67->firmware/nnet_utils/nnet_dense_latency.h:96]   --->   Operation 45 'partselect' 'trunc_ln708_12' <Predicate = true> <Delay = 0.00>
ST_1 : Operation 46 [1/1] (1.94ns)   --->   "%mul_ln1118_161 = mul i25 %sext_ln1118_108, 138" [firmware/nnet_utils/nnet_mult.h:67->firmware/nnet_utils/nnet_dense_latency.h:96]   --->   Operation 46 'mul' 'mul_ln1118_161' <Predicate = true> <Delay = 1.94> <Core = "Mul">   --->   Core 16 'Mul' <Latency = 0> <II = 1> <Delay = 1.94> <FuncUnit> <Opcode : 'mul'> <InPorts = 2> <OutPorts = 1>
ST_1 : Operation 47 [1/1] (0.00ns)   --->   "%trunc_ln708_110 = call i15 @_ssdm_op_PartSelect.i15.i25.i32.i32(i25 %mul_ln1118_161, i32 10, i32 24)" [firmware/nnet_utils/nnet_mult.h:67->firmware/nnet_utils/nnet_dense_latency.h:96]   --->   Operation 47 'partselect' 'trunc_ln708_110' <Predicate = true> <Delay = 0.00>
ST_1 : Operation 48 [1/1] (0.00ns)   --->   "%sext_ln708_53 = sext i15 %trunc_ln708_110 to i16" [firmware/nnet_utils/nnet_mult.h:67->firmware/nnet_utils/nnet_dense_latency.h:96]   --->   Operation 48 'sext' 'sext_ln708_53' <Predicate = true> <Delay = 0.00>
ST_1 : Operation 49 [1/1] (1.94ns)   --->   "%mul_ln1118_162 = mul i26 %sext_ln1118_107, 421" [firmware/nnet_utils/nnet_mult.h:67->firmware/nnet_utils/nnet_dense_latency.h:96]   --->   Operation 49 'mul' 'mul_ln1118_162' <Predicate = true> <Delay = 1.94> <Core = "Mul">   --->   Core 16 'Mul' <Latency = 0> <II = 1> <Delay = 1.94> <FuncUnit> <Opcode : 'mul'> <InPorts = 2> <OutPorts = 1>
ST_1 : Operation 50 [1/1] (0.00ns)   --->   "%trunc_ln708_14 = call i16 @_ssdm_op_PartSelect.i16.i26.i32.i32(i26 %mul_ln1118_162, i32 10, i32 25)" [firmware/nnet_utils/nnet_mult.h:67->firmware/nnet_utils/nnet_dense_latency.h:96]   --->   Operation 50 'partselect' 'trunc_ln708_14' <Predicate = true> <Delay = 0.00>
ST_1 : Operation 51 [1/1] (1.94ns)   --->   "%mul_ln1118_163 = mul i26 %sext_ln1118_107, 877" [firmware/nnet_utils/nnet_mult.h:67->firmware/nnet_utils/nnet_dense_latency.h:96]   --->   Operation 51 'mul' 'mul_ln1118_163' <Predicate = true> <Delay = 1.94> <Core = "Mul">   --->   Core 16 'Mul' <Latency = 0> <II = 1> <Delay = 1.94> <FuncUnit> <Opcode : 'mul'> <InPorts = 2> <OutPorts = 1>
ST_1 : Operation 52 [1/1] (0.00ns)   --->   "%trunc_ln708_15 = call i16 @_ssdm_op_PartSelect.i16.i26.i32.i32(i26 %mul_ln1118_163, i32 10, i32 25)" [firmware/nnet_utils/nnet_mult.h:67->firmware/nnet_utils/nnet_dense_latency.h:96]   --->   Operation 52 'partselect' 'trunc_ln708_15' <Predicate = true> <Delay = 0.00>
ST_1 : Operation 53 [1/1] (0.00ns)   --->   "call void (...)* @_ssdm_op_SpecLoopName([7 x i8]* @p_str19) nounwind" [firmware/nnet_utils/nnet_dense_latency.h:109]   --->   Operation 53 'specloopname' <Predicate = true> <Delay = 0.00>
ST_1 : Operation 54 [1/1] (0.54ns)   --->   "%add_ln703 = add i14 %sext_ln1118_111, 617" [firmware/nnet_utils/nnet_dense_latency.h:115]   --->   Operation 54 'add' 'add_ln703' <Predicate = true> <Delay = 0.54> <Core = "AddSub">   --->   Core 14 'AddSub' <Latency = 0> <II = 1> <Delay = 0.60> <FuncUnit> <Opcode : 'add' 'sub'> <InPorts = 2> <OutPorts = 1>
ST_1 : Operation 55 [1/1] (0.00ns)   --->   "%sext_ln703 = sext i14 %add_ln703 to i16" [firmware/nnet_utils/nnet_dense_latency.h:115]   --->   Operation 55 'sext' 'sext_ln703' <Predicate = true> <Delay = 0.00>
ST_1 : Operation 56 [1/1] (0.58ns)   --->   "%acc_1_V = add i16 %sext_ln708, 1029" [firmware/nnet_utils/nnet_dense_latency.h:115]   --->   Operation 56 'add' 'acc_1_V' <Predicate = true> <Delay = 0.58> <Core = "AddSub">   --->   Core 14 'AddSub' <Latency = 0> <II = 1> <Delay = 0.60> <FuncUnit> <Opcode : 'add' 'sub'> <InPorts = 2> <OutPorts = 1>
ST_1 : Operation 57 [1/1] (0.58ns)   --->   "%acc_2_V = add i16 %sext_ln708_51, 746" [firmware/nnet_utils/nnet_dense_latency.h:115]   --->   Operation 57 'add' 'acc_2_V' <Predicate = true> <Delay = 0.58> <Core = "AddSub">   --->   Core 14 'AddSub' <Latency = 0> <II = 1> <Delay = 0.60> <FuncUnit> <Opcode : 'add' 'sub'> <InPorts = 2> <OutPorts = 1>
ST_1 : Operation 58 [1/1] (0.60ns)   --->   "%acc_3_V = add i16 %trunc_ln708_3, 626" [firmware/nnet_utils/nnet_dense_latency.h:115]   --->   Operation 58 'add' 'acc_3_V' <Predicate = true> <Delay = 0.60> <Core = "AddSub">   --->   Core 14 'AddSub' <Latency = 0> <II = 1> <Delay = 0.60> <FuncUnit> <Opcode : 'add' 'sub'> <InPorts = 2> <OutPorts = 1>
ST_1 : Operation 59 [1/1] (0.60ns)   --->   "%acc_4_V = add i16 %trunc_ln708_4, 888" [firmware/nnet_utils/nnet_dense_latency.h:115]   --->   Operation 59 'add' 'acc_4_V' <Predicate = true> <Delay = 0.60> <Core = "AddSub">   --->   Core 14 'AddSub' <Latency = 0> <II = 1> <Delay = 0.60> <FuncUnit> <Opcode : 'add' 'sub'> <InPorts = 2> <OutPorts = 1>
ST_1 : Operation 60 [1/1] (0.60ns)   --->   "%acc_5_V = add i16 %trunc_ln708_5, 207" [firmware/nnet_utils/nnet_dense_latency.h:115]   --->   Operation 60 'add' 'acc_5_V' <Predicate = true> <Delay = 0.60> <Core = "AddSub">   --->   Core 14 'AddSub' <Latency = 0> <II = 1> <Delay = 0.60> <FuncUnit> <Opcode : 'add' 'sub'> <InPorts = 2> <OutPorts = 1>
ST_1 : Operation 61 [1/1] (0.58ns)   --->   "%acc_6_V = add i16 %sext_ln708_52, 779" [firmware/nnet_utils/nnet_dense_latency.h:115]   --->   Operation 61 'add' 'acc_6_V' <Predicate = true> <Delay = 0.58> <Core = "AddSub">   --->   Core 14 'AddSub' <Latency = 0> <II = 1> <Delay = 0.60> <FuncUnit> <Opcode : 'add' 'sub'> <InPorts = 2> <OutPorts = 1>
ST_1 : Operation 62 [1/1] (0.60ns)   --->   "%acc_7_V = add i16 %trunc_ln708_7, 207" [firmware/nnet_utils/nnet_dense_latency.h:115]   --->   Operation 62 'add' 'acc_7_V' <Predicate = true> <Delay = 0.60> <Core = "AddSub">   --->   Core 14 'AddSub' <Latency = 0> <II = 1> <Delay = 0.60> <FuncUnit> <Opcode : 'add' 'sub'> <InPorts = 2> <OutPorts = 1>
ST_1 : Operation 63 [1/1] (0.60ns)   --->   "%acc_8_V = add i16 %trunc_ln708_8, 25" [firmware/nnet_utils/nnet_dense_latency.h:115]   --->   Operation 63 'add' 'acc_8_V' <Predicate = true> <Delay = 0.60> <Core = "AddSub">   --->   Core 14 'AddSub' <Latency = 0> <II = 1> <Delay = 0.60> <FuncUnit> <Opcode : 'add' 'sub'> <InPorts = 2> <OutPorts = 1>
ST_1 : Operation 64 [1/1] (0.60ns)   --->   "%acc_9_V = add i16 %trunc_ln708_9, 34" [firmware/nnet_utils/nnet_dense_latency.h:115]   --->   Operation 64 'add' 'acc_9_V' <Predicate = true> <Delay = 0.60> <Core = "AddSub">   --->   Core 14 'AddSub' <Latency = 0> <II = 1> <Delay = 0.60> <FuncUnit> <Opcode : 'add' 'sub'> <InPorts = 2> <OutPorts = 1>
ST_1 : Operation 65 [1/1] (0.60ns)   --->   "%acc_10_V = add i16 %trunc_ln708_10, 43" [firmware/nnet_utils/nnet_dense_latency.h:115]   --->   Operation 65 'add' 'acc_10_V' <Predicate = true> <Delay = 0.60> <Core = "AddSub">   --->   Core 14 'AddSub' <Latency = 0> <II = 1> <Delay = 0.60> <FuncUnit> <Opcode : 'add' 'sub'> <InPorts = 2> <OutPorts = 1>
ST_1 : Operation 66 [1/1] (0.60ns)   --->   "%acc_11_V = add i16 %trunc_ln708_11, 23" [firmware/nnet_utils/nnet_dense_latency.h:115]   --->   Operation 66 'add' 'acc_11_V' <Predicate = true> <Delay = 0.60> <Core = "AddSub">   --->   Core 14 'AddSub' <Latency = 0> <II = 1> <Delay = 0.60> <FuncUnit> <Opcode : 'add' 'sub'> <InPorts = 2> <OutPorts = 1>
ST_1 : Operation 67 [1/1] (0.60ns)   --->   "%acc_12_V = add i16 %trunc_ln708_12, 251" [firmware/nnet_utils/nnet_dense_latency.h:115]   --->   Operation 67 'add' 'acc_12_V' <Predicate = true> <Delay = 0.60> <Core = "AddSub">   --->   Core 14 'AddSub' <Latency = 0> <II = 1> <Delay = 0.60> <FuncUnit> <Opcode : 'add' 'sub'> <InPorts = 2> <OutPorts = 1>
ST_1 : Operation 68 [1/1] (0.58ns)   --->   "%acc_13_V = add i16 %sext_ln708_53, 1405" [firmware/nnet_utils/nnet_dense_latency.h:115]   --->   Operation 68 'add' 'acc_13_V' <Predicate = true> <Delay = 0.58> <Core = "AddSub">   --->   Core 14 'AddSub' <Latency = 0> <II = 1> <Delay = 0.60> <FuncUnit> <Opcode : 'add' 'sub'> <InPorts = 2> <OutPorts = 1>
ST_1 : Operation 69 [1/1] (0.60ns)   --->   "%acc_14_V = add i16 %trunc_ln708_14, 951" [firmware/nnet_utils/nnet_dense_latency.h:115]   --->   Operation 69 'add' 'acc_14_V' <Predicate = true> <Delay = 0.60> <Core = "AddSub">   --->   Core 14 'AddSub' <Latency = 0> <II = 1> <Delay = 0.60> <FuncUnit> <Opcode : 'add' 'sub'> <InPorts = 2> <OutPorts = 1>
ST_1 : Operation 70 [1/1] (0.60ns)   --->   "%acc_15_V = add i16 %trunc_ln708_15, 257" [firmware/nnet_utils/nnet_dense_latency.h:115]   --->   Operation 70 'add' 'acc_15_V' <Predicate = true> <Delay = 0.60> <Core = "AddSub">   --->   Core 14 'AddSub' <Latency = 0> <II = 1> <Delay = 0.60> <FuncUnit> <Opcode : 'add' 'sub'> <InPorts = 2> <OutPorts = 1>
ST_1 : Operation 71 [1/1] (0.00ns)   --->   "%mrv = insertvalue { i16, i16, i16, i16, i16, i16, i16, i16, i16, i16, i16, i16, i16, i16, i16, i16 } undef, i16 %sext_ln703, 0" [firmware/nnet_utils/nnet_dense_latency.h:127]   --->   Operation 71 'insertvalue' 'mrv' <Predicate = true> <Delay = 0.00>
ST_1 : Operation 72 [1/1] (0.00ns)   --->   "%mrv_1 = insertvalue { i16, i16, i16, i16, i16, i16, i16, i16, i16, i16, i16, i16, i16, i16, i16, i16 } %mrv, i16 %acc_1_V, 1" [firmware/nnet_utils/nnet_dense_latency.h:127]   --->   Operation 72 'insertvalue' 'mrv_1' <Predicate = true> <Delay = 0.00>
ST_1 : Operation 73 [1/1] (0.00ns)   --->   "%mrv_2 = insertvalue { i16, i16, i16, i16, i16, i16, i16, i16, i16, i16, i16, i16, i16, i16, i16, i16 } %mrv_1, i16 %acc_2_V, 2" [firmware/nnet_utils/nnet_dense_latency.h:127]   --->   Operation 73 'insertvalue' 'mrv_2' <Predicate = true> <Delay = 0.00>
ST_1 : Operation 74 [1/1] (0.00ns)   --->   "%mrv_3 = insertvalue { i16, i16, i16, i16, i16, i16, i16, i16, i16, i16, i16, i16, i16, i16, i16, i16 } %mrv_2, i16 %acc_3_V, 3" [firmware/nnet_utils/nnet_dense_latency.h:127]   --->   Operation 74 'insertvalue' 'mrv_3' <Predicate = true> <Delay = 0.00>
ST_1 : Operation 75 [1/1] (0.00ns)   --->   "%mrv_4 = insertvalue { i16, i16, i16, i16, i16, i16, i16, i16, i16, i16, i16, i16, i16, i16, i16, i16 } %mrv_3, i16 %acc_4_V, 4" [firmware/nnet_utils/nnet_dense_latency.h:127]   --->   Operation 75 'insertvalue' 'mrv_4' <Predicate = true> <Delay = 0.00>
ST_1 : Operation 76 [1/1] (0.00ns)   --->   "%mrv_5 = insertvalue { i16, i16, i16, i16, i16, i16, i16, i16, i16, i16, i16, i16, i16, i16, i16, i16 } %mrv_4, i16 %acc_5_V, 5" [firmware/nnet_utils/nnet_dense_latency.h:127]   --->   Operation 76 'insertvalue' 'mrv_5' <Predicate = true> <Delay = 0.00>
ST_1 : Operation 77 [1/1] (0.00ns)   --->   "%mrv_6 = insertvalue { i16, i16, i16, i16, i16, i16, i16, i16, i16, i16, i16, i16, i16, i16, i16, i16 } %mrv_5, i16 %acc_6_V, 6" [firmware/nnet_utils/nnet_dense_latency.h:127]   --->   Operation 77 'insertvalue' 'mrv_6' <Predicate = true> <Delay = 0.00>
ST_1 : Operation 78 [1/1] (0.00ns)   --->   "%mrv_7 = insertvalue { i16, i16, i16, i16, i16, i16, i16, i16, i16, i16, i16, i16, i16, i16, i16, i16 } %mrv_6, i16 %acc_7_V, 7" [firmware/nnet_utils/nnet_dense_latency.h:127]   --->   Operation 78 'insertvalue' 'mrv_7' <Predicate = true> <Delay = 0.00>
ST_1 : Operation 79 [1/1] (0.00ns)   --->   "%mrv_8 = insertvalue { i16, i16, i16, i16, i16, i16, i16, i16, i16, i16, i16, i16, i16, i16, i16, i16 } %mrv_7, i16 %acc_8_V, 8" [firmware/nnet_utils/nnet_dense_latency.h:127]   --->   Operation 79 'insertvalue' 'mrv_8' <Predicate = true> <Delay = 0.00>
ST_1 : Operation 80 [1/1] (0.00ns)   --->   "%mrv_9 = insertvalue { i16, i16, i16, i16, i16, i16, i16, i16, i16, i16, i16, i16, i16, i16, i16, i16 } %mrv_8, i16 %acc_9_V, 9" [firmware/nnet_utils/nnet_dense_latency.h:127]   --->   Operation 80 'insertvalue' 'mrv_9' <Predicate = true> <Delay = 0.00>
ST_1 : Operation 81 [1/1] (0.00ns)   --->   "%mrv_10 = insertvalue { i16, i16, i16, i16, i16, i16, i16, i16, i16, i16, i16, i16, i16, i16, i16, i16 } %mrv_9, i16 %acc_10_V, 10" [firmware/nnet_utils/nnet_dense_latency.h:127]   --->   Operation 81 'insertvalue' 'mrv_10' <Predicate = true> <Delay = 0.00>
ST_1 : Operation 82 [1/1] (0.00ns)   --->   "%mrv_11 = insertvalue { i16, i16, i16, i16, i16, i16, i16, i16, i16, i16, i16, i16, i16, i16, i16, i16 } %mrv_10, i16 %acc_11_V, 11" [firmware/nnet_utils/nnet_dense_latency.h:127]   --->   Operation 82 'insertvalue' 'mrv_11' <Predicate = true> <Delay = 0.00>
ST_1 : Operation 83 [1/1] (0.00ns)   --->   "%mrv_12 = insertvalue { i16, i16, i16, i16, i16, i16, i16, i16, i16, i16, i16, i16, i16, i16, i16, i16 } %mrv_11, i16 %acc_12_V, 12" [firmware/nnet_utils/nnet_dense_latency.h:127]   --->   Operation 83 'insertvalue' 'mrv_12' <Predicate = true> <Delay = 0.00>
ST_1 : Operation 84 [1/1] (0.00ns)   --->   "%mrv_13 = insertvalue { i16, i16, i16, i16, i16, i16, i16, i16, i16, i16, i16, i16, i16, i16, i16, i16 } %mrv_12, i16 %acc_13_V, 13" [firmware/nnet_utils/nnet_dense_latency.h:127]   --->   Operation 84 'insertvalue' 'mrv_13' <Predicate = true> <Delay = 0.00>
ST_1 : Operation 85 [1/1] (0.00ns)   --->   "%mrv_14 = insertvalue { i16, i16, i16, i16, i16, i16, i16, i16, i16, i16, i16, i16, i16, i16, i16, i16 } %mrv_13, i16 %acc_14_V, 14" [firmware/nnet_utils/nnet_dense_latency.h:127]   --->   Operation 85 'insertvalue' 'mrv_14' <Predicate = true> <Delay = 0.00>
ST_1 : Operation 86 [1/1] (0.00ns)   --->   "%mrv_15 = insertvalue { i16, i16, i16, i16, i16, i16, i16, i16, i16, i16, i16, i16, i16, i16, i16, i16 } %mrv_14, i16 %acc_15_V, 15" [firmware/nnet_utils/nnet_dense_latency.h:127]   --->   Operation 86 'insertvalue' 'mrv_15' <Predicate = true> <Delay = 0.00>
ST_1 : Operation 87 [1/1] (0.00ns)   --->   "ret { i16, i16, i16, i16, i16, i16, i16, i16, i16, i16, i16, i16, i16, i16, i16, i16 } %mrv_15" [firmware/nnet_utils/nnet_dense_latency.h:127]   --->   Operation 87 'ret' <Predicate = true> <Delay = 0.00>


============================================================
+ Verbose Summary: Timing violations
============================================================
Target clock period: 5ns, clock uncertainty: 0.625ns.

 <State 1>: 2.55ns
The critical path consists of the following:
	wire read on port 'data_0_V_read' (firmware/nnet_utils/nnet_dense_latency.h:33) [2]  (0 ns)
	'mul' operation ('mul_ln1118_152', firmware/nnet_utils/nnet_mult.h:67->firmware/nnet_utils/nnet_dense_latency.h:96) [22]  (1.94 ns)
	'add' operation ('acc[3].V', firmware/nnet_utils/nnet_dense_latency.h:115) [58]  (0.608 ns)


============================================================
+ Verbose Summary: Binding
============================================================
N/A
* FSMD analyzer results:
  - Output states:
 - Input state : 
  - Chain level:
	State 1


============================================================
+ Verbose Summary: Datapath Resource usage 
============================================================
N/A
