

================================================================
== Vivado HLS Report for 'lstm_static_ap_fixed_ap_fixed_16_6_5_3_0_config2_s'
================================================================
* Date:           Fri Jun 18 14:12:18 2021

* Version:        2019.2 (Build 2704478 on Wed Nov 06 22:10:23 MST 2019)
* Project:        myproject_prj
* Solution:       solution1
* Product family: virtexuplus
* Target device:  xcu250-figd2104-2L-e


================================================================
== Performance Estimates
================================================================
+ Timing: 
    * Summary: 
    +--------+---------+----------+------------+
    |  Clock |  Target | Estimated| Uncertainty|
    +--------+---------+----------+------------+
    |ap_clk  | 5.00 ns | 4.074 ns |   0.62 ns  |
    +--------+---------+----------+------------+

+ Latency: 
    * Summary: 
    +---------+---------+-----------+-----------+-----+-----+----------+
    |  Latency (cycles) |   Latency (absolute)  |  Interval | Pipeline |
    |   min   |   max   |    min    |    max    | min | max |   Type   |
    +---------+---------+-----------+-----------+-----+-----+----------+
    |        5|        5| 25.000 ns | 25.000 ns |    5|    5| function |
    +---------+---------+-----------+-----------+-----+-----+----------+

    + Detail: 
        * Instance: 
        N/A

        * Loop: 
        N/A

============================================================
+ Verbose Summary: Synthesis Manager
============================================================
InlineROM: 1
ExposeGlobal: 0
============================================================
+ Verbose Summary: CDFG Model
============================================================
IsTopModel: 0
ResetActiveHigh: 1
IsCombinational: 0
IsDatapathOnly: 0
HasWiredReturn: 1
HasMFsm: 2
HasVarLatency: 0
IsPipeline: 1
IsRtlPipelined: 1
IsInstanceOverlapped: 0
IsDontTouch: 0
HasImplIP: 0
IsGatedGlobalClock: 0

+ Individual pipeline summary: 
  * Pipeline-0: initiation interval (II) = 5, depth = 6


============================================================
+ Verbose Summary: Schedule
============================================================
* Number of FSM states : 6
* Pipeline : 1
  Pipeline-0 : II = 5, D = 6, States = { 1 2 3 4 5 6 }
* Dataflow Pipeline: 0

* FSM state transitions: 
1 --> 2 
2 --> 3 
3 --> 4 
4 --> 5 
5 --> 6 
6 --> 

* FSM state operations: 

State 1 <SV = 0> <Delay = 4.07>
ST_1 : Operation 7 [1/1] (0.00ns)   --->   "%data_0_V_read_7 = call i16 @_ssdm_op_Read.ap_auto.i16(i16 %data_0_V_read)" [firmware/nnet_utils/nnet_recurrent.h:131]   --->   Operation 7 'read' 'data_0_V_read_7' <Predicate = true> <Delay = 0.00>
ST_1 : Operation 8 [1/1] (0.00ns)   --->   "%reset_state_read = call i1 @_ssdm_op_Read.ap_auto.i1(i1 %reset_state)" [firmware/nnet_utils/nnet_recurrent.h:131]   --->   Operation 8 'read' 'reset_state_read' <Predicate = true> <Delay = 0.00>
ST_1 : Operation 9 [1/1] (0.00ns)   --->   "%h_state_V_0_load = load i16* @h_state_V_0, align 2" [firmware/nnet_utils/nnet_dense.h:46->firmware/nnet_utils/nnet_recurrent.h:169]   --->   Operation 9 'load' 'h_state_V_0_load' <Predicate = true> <Delay = 0.00>
ST_1 : Operation 10 [1/1] (0.00ns)   --->   "%h_state_V_1_load = load i16* @h_state_V_1, align 2" [firmware/nnet_utils/nnet_dense.h:46->firmware/nnet_utils/nnet_recurrent.h:169]   --->   Operation 10 'load' 'h_state_V_1_load' <Predicate = true> <Delay = 0.00>
ST_1 : Operation 11 [1/1] (0.00ns)   --->   "%h_state_V_2_load = load i16* @h_state_V_2, align 2" [firmware/nnet_utils/nnet_dense.h:46->firmware/nnet_utils/nnet_recurrent.h:169]   --->   Operation 11 'load' 'h_state_V_2_load' <Predicate = true> <Delay = 0.00>
ST_1 : Operation 12 [1/1] (0.00ns)   --->   "%h_state_V_3_load = load i16* @h_state_V_3, align 2" [firmware/nnet_utils/nnet_dense.h:46->firmware/nnet_utils/nnet_recurrent.h:169]   --->   Operation 12 'load' 'h_state_V_3_load' <Predicate = true> <Delay = 0.00>
ST_1 : Operation 13 [1/1] (0.24ns)   --->   "%select_ln161_1 = select i1 %reset_state_read, i16 0, i16 %h_state_V_0_load" [firmware/nnet_utils/nnet_recurrent.h:161]   --->   Operation 13 'select' 'select_ln161_1' <Predicate = true> <Delay = 0.24> <Core = "Sel">   --->   Core 26 'Sel' <Latency = 0> <II = 1> <Delay = 0.24> <FuncUnit> <Opcode : 'select'> <InPorts = 3> <OutPorts = 1>
ST_1 : Operation 14 [1/1] (0.24ns)   --->   "%select_ln161_3 = select i1 %reset_state_read, i16 0, i16 %h_state_V_1_load" [firmware/nnet_utils/nnet_recurrent.h:161]   --->   Operation 14 'select' 'select_ln161_3' <Predicate = true> <Delay = 0.24> <Core = "Sel">   --->   Core 26 'Sel' <Latency = 0> <II = 1> <Delay = 0.24> <FuncUnit> <Opcode : 'select'> <InPorts = 3> <OutPorts = 1>
ST_1 : Operation 15 [1/1] (0.24ns)   --->   "%select_ln161_5 = select i1 %reset_state_read, i16 0, i16 %h_state_V_2_load" [firmware/nnet_utils/nnet_recurrent.h:161]   --->   Operation 15 'select' 'select_ln161_5' <Predicate = true> <Delay = 0.24> <Core = "Sel">   --->   Core 26 'Sel' <Latency = 0> <II = 1> <Delay = 0.24> <FuncUnit> <Opcode : 'select'> <InPorts = 3> <OutPorts = 1>
ST_1 : Operation 16 [1/1] (0.24ns)   --->   "%select_ln161_7 = select i1 %reset_state_read, i16 0, i16 %h_state_V_3_load" [firmware/nnet_utils/nnet_recurrent.h:161]   --->   Operation 16 'select' 'select_ln161_7' <Predicate = true> <Delay = 0.24> <Core = "Sel">   --->   Core 26 'Sel' <Latency = 0> <II = 1> <Delay = 0.24> <FuncUnit> <Opcode : 'select'> <InPorts = 3> <OutPorts = 1>
ST_1 : Operation 17 [1/1] (2.54ns)   --->   "%call_ret1 = call fastcc { i16, i16, i16, i16, i16, i16, i16, i16, i16, i16, i16, i16, i16, i16, i16, i16 } @dense_latency.0.0.0.0.0.0.0.0.0.0.0.0.0.0.0.0.0.1(i16 %data_0_V_read_7)" [firmware/nnet_utils/nnet_dense.h:46->firmware/nnet_utils/nnet_recurrent.h:168]   --->   Operation 17 'call' 'call_ret1' <Predicate = true> <Delay = 2.54> <CoreType = "Generic">   --->   Core 0 '' <Latency = 0> <II = 1> <Delay = 1.00> <Generic> <Opcode : >
ST_1 : Operation 18 [1/1] (0.00ns) (grouped into LUT with out node inputacc_ifo_0_V)   --->   "%tmpres = extractvalue { i16, i16, i16, i16, i16, i16, i16, i16, i16, i16, i16, i16, i16, i16, i16, i16 } %call_ret1, 0" [firmware/nnet_utils/nnet_dense.h:46->firmware/nnet_utils/nnet_recurrent.h:168]   --->   Operation 18 'extractvalue' 'tmpres' <Predicate = true> <Delay = 0.00>
ST_1 : Operation 19 [1/1] (0.00ns) (grouped into LUT with out node inputacc_ifo_1_V)   --->   "%tmpres_1 = extractvalue { i16, i16, i16, i16, i16, i16, i16, i16, i16, i16, i16, i16, i16, i16, i16, i16 } %call_ret1, 1" [firmware/nnet_utils/nnet_dense.h:46->firmware/nnet_utils/nnet_recurrent.h:168]   --->   Operation 19 'extractvalue' 'tmpres_1' <Predicate = true> <Delay = 0.00>
ST_1 : Operation 20 [1/1] (0.00ns) (grouped into LUT with out node inputacc_ifo_2_V)   --->   "%tmpres_2 = extractvalue { i16, i16, i16, i16, i16, i16, i16, i16, i16, i16, i16, i16, i16, i16, i16, i16 } %call_ret1, 2" [firmware/nnet_utils/nnet_dense.h:46->firmware/nnet_utils/nnet_recurrent.h:168]   --->   Operation 20 'extractvalue' 'tmpres_2' <Predicate = true> <Delay = 0.00>
ST_1 : Operation 21 [1/1] (0.00ns) (grouped into LUT with out node inputacc_ifo_3_V)   --->   "%tmpres_3 = extractvalue { i16, i16, i16, i16, i16, i16, i16, i16, i16, i16, i16, i16, i16, i16, i16, i16 } %call_ret1, 3" [firmware/nnet_utils/nnet_dense.h:46->firmware/nnet_utils/nnet_recurrent.h:168]   --->   Operation 21 'extractvalue' 'tmpres_3' <Predicate = true> <Delay = 0.00>
ST_1 : Operation 22 [1/1] (0.00ns) (grouped into LUT with out node inputacc_ifo_4_V)   --->   "%tmpres_4 = extractvalue { i16, i16, i16, i16, i16, i16, i16, i16, i16, i16, i16, i16, i16, i16, i16, i16 } %call_ret1, 4" [firmware/nnet_utils/nnet_dense.h:46->firmware/nnet_utils/nnet_recurrent.h:168]   --->   Operation 22 'extractvalue' 'tmpres_4' <Predicate = true> <Delay = 0.00>
ST_1 : Operation 23 [1/1] (0.00ns) (grouped into LUT with out node inputacc_ifo_5_V)   --->   "%tmpres_5 = extractvalue { i16, i16, i16, i16, i16, i16, i16, i16, i16, i16, i16, i16, i16, i16, i16, i16 } %call_ret1, 5" [firmware/nnet_utils/nnet_dense.h:46->firmware/nnet_utils/nnet_recurrent.h:168]   --->   Operation 23 'extractvalue' 'tmpres_5' <Predicate = true> <Delay = 0.00>
ST_1 : Operation 24 [1/1] (0.00ns) (grouped into LUT with out node inputacc_ifo_6_V)   --->   "%tmpres_6 = extractvalue { i16, i16, i16, i16, i16, i16, i16, i16, i16, i16, i16, i16, i16, i16, i16, i16 } %call_ret1, 6" [firmware/nnet_utils/nnet_dense.h:46->firmware/nnet_utils/nnet_recurrent.h:168]   --->   Operation 24 'extractvalue' 'tmpres_6' <Predicate = true> <Delay = 0.00>
ST_1 : Operation 25 [1/1] (0.00ns) (grouped into LUT with out node inputacc_ifo_7_V)   --->   "%tmpres_7 = extractvalue { i16, i16, i16, i16, i16, i16, i16, i16, i16, i16, i16, i16, i16, i16, i16, i16 } %call_ret1, 7" [firmware/nnet_utils/nnet_dense.h:46->firmware/nnet_utils/nnet_recurrent.h:168]   --->   Operation 25 'extractvalue' 'tmpres_7' <Predicate = true> <Delay = 0.00>
ST_1 : Operation 26 [1/1] (0.00ns) (grouped into LUT with out node inputacc_c_0_V)   --->   "%tmpres_8 = extractvalue { i16, i16, i16, i16, i16, i16, i16, i16, i16, i16, i16, i16, i16, i16, i16, i16 } %call_ret1, 8" [firmware/nnet_utils/nnet_dense.h:46->firmware/nnet_utils/nnet_recurrent.h:168]   --->   Operation 26 'extractvalue' 'tmpres_8' <Predicate = true> <Delay = 0.00>
ST_1 : Operation 27 [1/1] (0.00ns) (grouped into LUT with out node inputacc_c_1_V)   --->   "%tmpres_9 = extractvalue { i16, i16, i16, i16, i16, i16, i16, i16, i16, i16, i16, i16, i16, i16, i16, i16 } %call_ret1, 9" [firmware/nnet_utils/nnet_dense.h:46->firmware/nnet_utils/nnet_recurrent.h:168]   --->   Operation 27 'extractvalue' 'tmpres_9' <Predicate = true> <Delay = 0.00>
ST_1 : Operation 28 [1/1] (0.00ns) (grouped into LUT with out node inputacc_c_2_V)   --->   "%tmpres_s = extractvalue { i16, i16, i16, i16, i16, i16, i16, i16, i16, i16, i16, i16, i16, i16, i16, i16 } %call_ret1, 10" [firmware/nnet_utils/nnet_dense.h:46->firmware/nnet_utils/nnet_recurrent.h:168]   --->   Operation 28 'extractvalue' 'tmpres_s' <Predicate = true> <Delay = 0.00>
ST_1 : Operation 29 [1/1] (0.00ns) (grouped into LUT with out node inputacc_c_3_V)   --->   "%tmpres_10 = extractvalue { i16, i16, i16, i16, i16, i16, i16, i16, i16, i16, i16, i16, i16, i16, i16, i16 } %call_ret1, 11" [firmware/nnet_utils/nnet_dense.h:46->firmware/nnet_utils/nnet_recurrent.h:168]   --->   Operation 29 'extractvalue' 'tmpres_10' <Predicate = true> <Delay = 0.00>
ST_1 : Operation 30 [1/1] (0.00ns) (grouped into LUT with out node inputacc_ifo_8_V)   --->   "%tmpres_11 = extractvalue { i16, i16, i16, i16, i16, i16, i16, i16, i16, i16, i16, i16, i16, i16, i16, i16 } %call_ret1, 12" [firmware/nnet_utils/nnet_dense.h:46->firmware/nnet_utils/nnet_recurrent.h:168]   --->   Operation 30 'extractvalue' 'tmpres_11' <Predicate = true> <Delay = 0.00>
ST_1 : Operation 31 [1/1] (0.00ns) (grouped into LUT with out node inputacc_ifo_9_V)   --->   "%tmpres_12 = extractvalue { i16, i16, i16, i16, i16, i16, i16, i16, i16, i16, i16, i16, i16, i16, i16, i16 } %call_ret1, 13" [firmware/nnet_utils/nnet_dense.h:46->firmware/nnet_utils/nnet_recurrent.h:168]   --->   Operation 31 'extractvalue' 'tmpres_12' <Predicate = true> <Delay = 0.00>
ST_1 : Operation 32 [1/1] (0.00ns) (grouped into LUT with out node inputacc_ifo_10_V)   --->   "%tmpres_13 = extractvalue { i16, i16, i16, i16, i16, i16, i16, i16, i16, i16, i16, i16, i16, i16, i16, i16 } %call_ret1, 14" [firmware/nnet_utils/nnet_dense.h:46->firmware/nnet_utils/nnet_recurrent.h:168]   --->   Operation 32 'extractvalue' 'tmpres_13' <Predicate = true> <Delay = 0.00>
ST_1 : Operation 33 [1/1] (0.00ns) (grouped into LUT with out node inputacc_ifo_11_V)   --->   "%tmpres_14 = extractvalue { i16, i16, i16, i16, i16, i16, i16, i16, i16, i16, i16, i16, i16, i16, i16, i16 } %call_ret1, 15" [firmware/nnet_utils/nnet_dense.h:46->firmware/nnet_utils/nnet_recurrent.h:168]   --->   Operation 33 'extractvalue' 'tmpres_14' <Predicate = true> <Delay = 0.00>
ST_1 : Operation 34 [1/1] (3.22ns)   --->   "%call_ret = call fastcc { i16, i16, i16, i16, i16, i16, i16, i16, i16, i16, i16, i16, i16, i16, i16, i16 } @dense_latency.0.0.0.0.0.0.0.0.0.0.0.0.0.0.0.0.0(i16 %select_ln161_1, i16 %select_ln161_3, i16 %select_ln161_5, i16 %select_ln161_7)" [firmware/nnet_utils/nnet_dense.h:46->firmware/nnet_utils/nnet_recurrent.h:169]   --->   Operation 34 'call' 'call_ret' <Predicate = true> <Delay = 3.22> <CoreType = "Generic">   --->   Core 0 '' <Latency = 0> <II = 1> <Delay = 1.00> <Generic> <Opcode : >
ST_1 : Operation 35 [1/1] (0.00ns) (grouped into LUT with out node inputacc_ifo_0_V)   --->   "%tmpres_state = extractvalue { i16, i16, i16, i16, i16, i16, i16, i16, i16, i16, i16, i16, i16, i16, i16, i16 } %call_ret, 0" [firmware/nnet_utils/nnet_dense.h:46->firmware/nnet_utils/nnet_recurrent.h:169]   --->   Operation 35 'extractvalue' 'tmpres_state' <Predicate = true> <Delay = 0.00>
ST_1 : Operation 36 [1/1] (0.00ns) (grouped into LUT with out node inputacc_ifo_1_V)   --->   "%tmpres_state_1 = extractvalue { i16, i16, i16, i16, i16, i16, i16, i16, i16, i16, i16, i16, i16, i16, i16, i16 } %call_ret, 1" [firmware/nnet_utils/nnet_dense.h:46->firmware/nnet_utils/nnet_recurrent.h:169]   --->   Operation 36 'extractvalue' 'tmpres_state_1' <Predicate = true> <Delay = 0.00>
ST_1 : Operation 37 [1/1] (0.00ns) (grouped into LUT with out node inputacc_ifo_2_V)   --->   "%tmpres_state_2 = extractvalue { i16, i16, i16, i16, i16, i16, i16, i16, i16, i16, i16, i16, i16, i16, i16, i16 } %call_ret, 2" [firmware/nnet_utils/nnet_dense.h:46->firmware/nnet_utils/nnet_recurrent.h:169]   --->   Operation 37 'extractvalue' 'tmpres_state_2' <Predicate = true> <Delay = 0.00>
ST_1 : Operation 38 [1/1] (0.00ns) (grouped into LUT with out node inputacc_ifo_3_V)   --->   "%tmpres_state_3 = extractvalue { i16, i16, i16, i16, i16, i16, i16, i16, i16, i16, i16, i16, i16, i16, i16, i16 } %call_ret, 3" [firmware/nnet_utils/nnet_dense.h:46->firmware/nnet_utils/nnet_recurrent.h:169]   --->   Operation 38 'extractvalue' 'tmpres_state_3' <Predicate = true> <Delay = 0.00>
ST_1 : Operation 39 [1/1] (0.00ns) (grouped into LUT with out node inputacc_ifo_4_V)   --->   "%tmpres_state_4 = extractvalue { i16, i16, i16, i16, i16, i16, i16, i16, i16, i16, i16, i16, i16, i16, i16, i16 } %call_ret, 4" [firmware/nnet_utils/nnet_dense.h:46->firmware/nnet_utils/nnet_recurrent.h:169]   --->   Operation 39 'extractvalue' 'tmpres_state_4' <Predicate = true> <Delay = 0.00>
ST_1 : Operation 40 [1/1] (0.00ns) (grouped into LUT with out node inputacc_ifo_5_V)   --->   "%tmpres_state_5 = extractvalue { i16, i16, i16, i16, i16, i16, i16, i16, i16, i16, i16, i16, i16, i16, i16, i16 } %call_ret, 5" [firmware/nnet_utils/nnet_dense.h:46->firmware/nnet_utils/nnet_recurrent.h:169]   --->   Operation 40 'extractvalue' 'tmpres_state_5' <Predicate = true> <Delay = 0.00>
ST_1 : Operation 41 [1/1] (0.00ns) (grouped into LUT with out node inputacc_ifo_6_V)   --->   "%tmpres_state_6 = extractvalue { i16, i16, i16, i16, i16, i16, i16, i16, i16, i16, i16, i16, i16, i16, i16, i16 } %call_ret, 6" [firmware/nnet_utils/nnet_dense.h:46->firmware/nnet_utils/nnet_recurrent.h:169]   --->   Operation 41 'extractvalue' 'tmpres_state_6' <Predicate = true> <Delay = 0.00>
ST_1 : Operation 42 [1/1] (0.00ns) (grouped into LUT with out node inputacc_ifo_7_V)   --->   "%tmpres_state_7 = extractvalue { i16, i16, i16, i16, i16, i16, i16, i16, i16, i16, i16, i16, i16, i16, i16, i16 } %call_ret, 7" [firmware/nnet_utils/nnet_dense.h:46->firmware/nnet_utils/nnet_recurrent.h:169]   --->   Operation 42 'extractvalue' 'tmpres_state_7' <Predicate = true> <Delay = 0.00>
ST_1 : Operation 43 [1/1] (0.00ns) (grouped into LUT with out node inputacc_c_0_V)   --->   "%tmpres_state_8 = extractvalue { i16, i16, i16, i16, i16, i16, i16, i16, i16, i16, i16, i16, i16, i16, i16, i16 } %call_ret, 8" [firmware/nnet_utils/nnet_dense.h:46->firmware/nnet_utils/nnet_recurrent.h:169]   --->   Operation 43 'extractvalue' 'tmpres_state_8' <Predicate = true> <Delay = 0.00>
ST_1 : Operation 44 [1/1] (0.00ns) (grouped into LUT with out node inputacc_c_1_V)   --->   "%tmpres_state_9 = extractvalue { i16, i16, i16, i16, i16, i16, i16, i16, i16, i16, i16, i16, i16, i16, i16, i16 } %call_ret, 9" [firmware/nnet_utils/nnet_dense.h:46->firmware/nnet_utils/nnet_recurrent.h:169]   --->   Operation 44 'extractvalue' 'tmpres_state_9' <Predicate = true> <Delay = 0.00>
ST_1 : Operation 45 [1/1] (0.00ns) (grouped into LUT with out node inputacc_c_2_V)   --->   "%tmpres_state_s = extractvalue { i16, i16, i16, i16, i16, i16, i16, i16, i16, i16, i16, i16, i16, i16, i16, i16 } %call_ret, 10" [firmware/nnet_utils/nnet_dense.h:46->firmware/nnet_utils/nnet_recurrent.h:169]   --->   Operation 45 'extractvalue' 'tmpres_state_s' <Predicate = true> <Delay = 0.00>
ST_1 : Operation 46 [1/1] (0.00ns) (grouped into LUT with out node inputacc_c_3_V)   --->   "%tmpres_state_10 = extractvalue { i16, i16, i16, i16, i16, i16, i16, i16, i16, i16, i16, i16, i16, i16, i16, i16 } %call_ret, 11" [firmware/nnet_utils/nnet_dense.h:46->firmware/nnet_utils/nnet_recurrent.h:169]   --->   Operation 46 'extractvalue' 'tmpres_state_10' <Predicate = true> <Delay = 0.00>
ST_1 : Operation 47 [1/1] (0.00ns) (grouped into LUT with out node inputacc_ifo_8_V)   --->   "%tmpres_state_11 = extractvalue { i16, i16, i16, i16, i16, i16, i16, i16, i16, i16, i16, i16, i16, i16, i16, i16 } %call_ret, 12" [firmware/nnet_utils/nnet_dense.h:46->firmware/nnet_utils/nnet_recurrent.h:169]   --->   Operation 47 'extractvalue' 'tmpres_state_11' <Predicate = true> <Delay = 0.00>
ST_1 : Operation 48 [1/1] (0.00ns) (grouped into LUT with out node inputacc_ifo_9_V)   --->   "%tmpres_state_12 = extractvalue { i16, i16, i16, i16, i16, i16, i16, i16, i16, i16, i16, i16, i16, i16, i16, i16 } %call_ret, 13" [firmware/nnet_utils/nnet_dense.h:46->firmware/nnet_utils/nnet_recurrent.h:169]   --->   Operation 48 'extractvalue' 'tmpres_state_12' <Predicate = true> <Delay = 0.00>
ST_1 : Operation 49 [1/1] (0.00ns) (grouped into LUT with out node inputacc_ifo_10_V)   --->   "%tmpres_state_13 = extractvalue { i16, i16, i16, i16, i16, i16, i16, i16, i16, i16, i16, i16, i16, i16, i16, i16 } %call_ret, 14" [firmware/nnet_utils/nnet_dense.h:46->firmware/nnet_utils/nnet_recurrent.h:169]   --->   Operation 49 'extractvalue' 'tmpres_state_13' <Predicate = true> <Delay = 0.00>
ST_1 : Operation 50 [1/1] (0.00ns) (grouped into LUT with out node inputacc_ifo_11_V)   --->   "%tmpres_state_14 = extractvalue { i16, i16, i16, i16, i16, i16, i16, i16, i16, i16, i16, i16, i16, i16, i16, i16 } %call_ret, 15" [firmware/nnet_utils/nnet_dense.h:46->firmware/nnet_utils/nnet_recurrent.h:169]   --->   Operation 50 'extractvalue' 'tmpres_state_14' <Predicate = true> <Delay = 0.00>
ST_1 : Operation 51 [1/1] (0.60ns) (out node of the LUT)   --->   "%inputacc_ifo_0_V = add i16 %tmpres, %tmpres_state" [firmware/nnet_utils/nnet_recurrent.h:175]   --->   Operation 51 'add' 'inputacc_ifo_0_V' <Predicate = true> <Delay = 0.60> <Core = "AddSub">   --->   Core 14 'AddSub' <Latency = 0> <II = 1> <Delay = 0.60> <FuncUnit> <Opcode : 'add' 'sub'> <InPorts = 2> <OutPorts = 1>
ST_1 : Operation 52 [1/1] (0.60ns) (out node of the LUT)   --->   "%inputacc_ifo_1_V = add i16 %tmpres_1, %tmpres_state_1" [firmware/nnet_utils/nnet_recurrent.h:175]   --->   Operation 52 'add' 'inputacc_ifo_1_V' <Predicate = true> <Delay = 0.60> <Core = "AddSub">   --->   Core 14 'AddSub' <Latency = 0> <II = 1> <Delay = 0.60> <FuncUnit> <Opcode : 'add' 'sub'> <InPorts = 2> <OutPorts = 1>
ST_1 : Operation 53 [1/1] (0.60ns) (out node of the LUT)   --->   "%inputacc_ifo_2_V = add i16 %tmpres_2, %tmpres_state_2" [firmware/nnet_utils/nnet_recurrent.h:175]   --->   Operation 53 'add' 'inputacc_ifo_2_V' <Predicate = true> <Delay = 0.60> <Core = "AddSub">   --->   Core 14 'AddSub' <Latency = 0> <II = 1> <Delay = 0.60> <FuncUnit> <Opcode : 'add' 'sub'> <InPorts = 2> <OutPorts = 1>
ST_1 : Operation 54 [1/1] (0.60ns) (out node of the LUT)   --->   "%inputacc_ifo_3_V = add i16 %tmpres_3, %tmpres_state_3" [firmware/nnet_utils/nnet_recurrent.h:175]   --->   Operation 54 'add' 'inputacc_ifo_3_V' <Predicate = true> <Delay = 0.60> <Core = "AddSub">   --->   Core 14 'AddSub' <Latency = 0> <II = 1> <Delay = 0.60> <FuncUnit> <Opcode : 'add' 'sub'> <InPorts = 2> <OutPorts = 1>
ST_1 : Operation 55 [1/1] (0.60ns) (out node of the LUT)   --->   "%inputacc_ifo_4_V = add i16 %tmpres_4, %tmpres_state_4" [firmware/nnet_utils/nnet_recurrent.h:175]   --->   Operation 55 'add' 'inputacc_ifo_4_V' <Predicate = true> <Delay = 0.60> <Core = "AddSub">   --->   Core 14 'AddSub' <Latency = 0> <II = 1> <Delay = 0.60> <FuncUnit> <Opcode : 'add' 'sub'> <InPorts = 2> <OutPorts = 1>
ST_1 : Operation 56 [1/1] (0.60ns) (out node of the LUT)   --->   "%inputacc_ifo_5_V = add i16 %tmpres_5, %tmpres_state_5" [firmware/nnet_utils/nnet_recurrent.h:175]   --->   Operation 56 'add' 'inputacc_ifo_5_V' <Predicate = true> <Delay = 0.60> <Core = "AddSub">   --->   Core 14 'AddSub' <Latency = 0> <II = 1> <Delay = 0.60> <FuncUnit> <Opcode : 'add' 'sub'> <InPorts = 2> <OutPorts = 1>
ST_1 : Operation 57 [1/1] (0.60ns) (out node of the LUT)   --->   "%inputacc_ifo_6_V = add i16 %tmpres_6, %tmpres_state_6" [firmware/nnet_utils/nnet_recurrent.h:175]   --->   Operation 57 'add' 'inputacc_ifo_6_V' <Predicate = true> <Delay = 0.60> <Core = "AddSub">   --->   Core 14 'AddSub' <Latency = 0> <II = 1> <Delay = 0.60> <FuncUnit> <Opcode : 'add' 'sub'> <InPorts = 2> <OutPorts = 1>
ST_1 : Operation 58 [1/1] (0.60ns) (out node of the LUT)   --->   "%inputacc_ifo_7_V = add i16 %tmpres_7, %tmpres_state_7" [firmware/nnet_utils/nnet_recurrent.h:175]   --->   Operation 58 'add' 'inputacc_ifo_7_V' <Predicate = true> <Delay = 0.60> <Core = "AddSub">   --->   Core 14 'AddSub' <Latency = 0> <II = 1> <Delay = 0.60> <FuncUnit> <Opcode : 'add' 'sub'> <InPorts = 2> <OutPorts = 1>
ST_1 : Operation 59 [1/1] (0.60ns) (out node of the LUT)   --->   "%inputacc_ifo_8_V = add i16 %tmpres_11, %tmpres_state_11" [firmware/nnet_utils/nnet_recurrent.h:175]   --->   Operation 59 'add' 'inputacc_ifo_8_V' <Predicate = true> <Delay = 0.60> <Core = "AddSub">   --->   Core 14 'AddSub' <Latency = 0> <II = 1> <Delay = 0.60> <FuncUnit> <Opcode : 'add' 'sub'> <InPorts = 2> <OutPorts = 1>
ST_1 : Operation 60 [1/1] (0.60ns) (out node of the LUT)   --->   "%inputacc_ifo_9_V = add i16 %tmpres_12, %tmpres_state_12" [firmware/nnet_utils/nnet_recurrent.h:175]   --->   Operation 60 'add' 'inputacc_ifo_9_V' <Predicate = true> <Delay = 0.60> <Core = "AddSub">   --->   Core 14 'AddSub' <Latency = 0> <II = 1> <Delay = 0.60> <FuncUnit> <Opcode : 'add' 'sub'> <InPorts = 2> <OutPorts = 1>
ST_1 : Operation 61 [1/1] (0.60ns) (out node of the LUT)   --->   "%inputacc_ifo_10_V = add i16 %tmpres_13, %tmpres_state_13" [firmware/nnet_utils/nnet_recurrent.h:175]   --->   Operation 61 'add' 'inputacc_ifo_10_V' <Predicate = true> <Delay = 0.60> <Core = "AddSub">   --->   Core 14 'AddSub' <Latency = 0> <II = 1> <Delay = 0.60> <FuncUnit> <Opcode : 'add' 'sub'> <InPorts = 2> <OutPorts = 1>
ST_1 : Operation 62 [1/1] (0.60ns) (out node of the LUT)   --->   "%inputacc_ifo_11_V = add i16 %tmpres_14, %tmpres_state_14" [firmware/nnet_utils/nnet_recurrent.h:175]   --->   Operation 62 'add' 'inputacc_ifo_11_V' <Predicate = true> <Delay = 0.60> <Core = "AddSub">   --->   Core 14 'AddSub' <Latency = 0> <II = 1> <Delay = 0.60> <FuncUnit> <Opcode : 'add' 'sub'> <InPorts = 2> <OutPorts = 1>
ST_1 : Operation 63 [1/1] (0.60ns) (out node of the LUT)   --->   "%inputacc_c_0_V = add i16 %tmpres_8, %tmpres_state_8" [firmware/nnet_utils/nnet_recurrent.h:180]   --->   Operation 63 'add' 'inputacc_c_0_V' <Predicate = true> <Delay = 0.60> <Core = "AddSub">   --->   Core 14 'AddSub' <Latency = 0> <II = 1> <Delay = 0.60> <FuncUnit> <Opcode : 'add' 'sub'> <InPorts = 2> <OutPorts = 1>
ST_1 : Operation 64 [1/1] (0.60ns) (out node of the LUT)   --->   "%inputacc_c_1_V = add i16 %tmpres_9, %tmpres_state_9" [firmware/nnet_utils/nnet_recurrent.h:180]   --->   Operation 64 'add' 'inputacc_c_1_V' <Predicate = true> <Delay = 0.60> <Core = "AddSub">   --->   Core 14 'AddSub' <Latency = 0> <II = 1> <Delay = 0.60> <FuncUnit> <Opcode : 'add' 'sub'> <InPorts = 2> <OutPorts = 1>
ST_1 : Operation 65 [1/1] (0.60ns) (out node of the LUT)   --->   "%inputacc_c_2_V = add i16 %tmpres_s, %tmpres_state_s" [firmware/nnet_utils/nnet_recurrent.h:180]   --->   Operation 65 'add' 'inputacc_c_2_V' <Predicate = true> <Delay = 0.60> <Core = "AddSub">   --->   Core 14 'AddSub' <Latency = 0> <II = 1> <Delay = 0.60> <FuncUnit> <Opcode : 'add' 'sub'> <InPorts = 2> <OutPorts = 1>
ST_1 : Operation 66 [1/1] (0.60ns) (out node of the LUT)   --->   "%inputacc_c_3_V = add i16 %tmpres_10, %tmpres_state_10" [firmware/nnet_utils/nnet_recurrent.h:180]   --->   Operation 66 'add' 'inputacc_c_3_V' <Predicate = true> <Delay = 0.60> <Core = "AddSub">   --->   Core 14 'AddSub' <Latency = 0> <II = 1> <Delay = 0.60> <FuncUnit> <Opcode : 'add' 'sub'> <InPorts = 2> <OutPorts = 1>

State 2 <SV = 1> <Delay = 3.96>
ST_2 : Operation 67 [2/2] (3.75ns)   --->   "%call_ret_i = call fastcc { i16, i16, i16, i16, i16, i16, i16, i16, i16, i16, i16, i16 } @"sigmoid<ap_fixed,ap_fixed,sigmoid_config2_recr>"(i16 %inputacc_ifo_0_V, i16 %inputacc_ifo_1_V, i16 %inputacc_ifo_2_V, i16 %inputacc_ifo_3_V, i16 %inputacc_ifo_4_V, i16 %inputacc_ifo_5_V, i16 %inputacc_ifo_6_V, i16 %inputacc_ifo_7_V, i16 %inputacc_ifo_8_V, i16 %inputacc_ifo_9_V, i16 %inputacc_ifo_10_V, i16 %inputacc_ifo_11_V)" [firmware/nnet_utils/nnet_recr_activations.h:43->firmware/nnet_utils/nnet_recurrent.h:183]   --->   Operation 67 'call' 'call_ret_i' <Predicate = true> <Delay = 3.75> <CoreType = "Generic">   --->   Core 0 '' <Latency = 0> <II = 1> <Delay = 1.00> <Generic> <Opcode : >
ST_2 : Operation 68 [2/2] (3.96ns)   --->   "%call_ret_i1 = call fastcc { i16, i16, i16, i16 } @"tanh<ap_fixed,ap_fixed<16,6,5,3,0>,tanh_config2>"(i16 %inputacc_c_0_V, i16 %inputacc_c_1_V, i16 %inputacc_c_2_V, i16 %inputacc_c_3_V)" [firmware/nnet_utils/nnet_recr_activations.h:55->firmware/nnet_utils/nnet_recurrent.h:186]   --->   Operation 68 'call' 'call_ret_i1' <Predicate = true> <Delay = 3.96> <CoreType = "Generic">   --->   Core 0 '' <Latency = 0> <II = 1> <Delay = 1.00> <Generic> <Opcode : >

State 3 <SV = 2> <Delay = 3.69>
ST_3 : Operation 69 [1/2] (1.15ns)   --->   "%call_ret_i = call fastcc { i16, i16, i16, i16, i16, i16, i16, i16, i16, i16, i16, i16 } @"sigmoid<ap_fixed,ap_fixed,sigmoid_config2_recr>"(i16 %inputacc_ifo_0_V, i16 %inputacc_ifo_1_V, i16 %inputacc_ifo_2_V, i16 %inputacc_ifo_3_V, i16 %inputacc_ifo_4_V, i16 %inputacc_ifo_5_V, i16 %inputacc_ifo_6_V, i16 %inputacc_ifo_7_V, i16 %inputacc_ifo_8_V, i16 %inputacc_ifo_9_V, i16 %inputacc_ifo_10_V, i16 %inputacc_ifo_11_V)" [firmware/nnet_utils/nnet_recr_activations.h:43->firmware/nnet_utils/nnet_recurrent.h:183]   --->   Operation 69 'call' 'call_ret_i' <Predicate = true> <Delay = 1.15> <CoreType = "Generic">   --->   Core 0 '' <Latency = 0> <II = 1> <Delay = 1.00> <Generic> <Opcode : >
ST_3 : Operation 70 [1/1] (0.00ns)   --->   "%tmpres_ifo = extractvalue { i16, i16, i16, i16, i16, i16, i16, i16, i16, i16, i16, i16 } %call_ret_i, 0" [firmware/nnet_utils/nnet_recurrent.h:183]   --->   Operation 70 'extractvalue' 'tmpres_ifo' <Predicate = true> <Delay = 0.00>
ST_3 : Operation 71 [1/1] (0.00ns)   --->   "%tmpres_ifo_1 = extractvalue { i16, i16, i16, i16, i16, i16, i16, i16, i16, i16, i16, i16 } %call_ret_i, 1" [firmware/nnet_utils/nnet_recurrent.h:183]   --->   Operation 71 'extractvalue' 'tmpres_ifo_1' <Predicate = true> <Delay = 0.00>
ST_3 : Operation 72 [1/1] (0.00ns)   --->   "%tmpres_ifo_2 = extractvalue { i16, i16, i16, i16, i16, i16, i16, i16, i16, i16, i16, i16 } %call_ret_i, 2" [firmware/nnet_utils/nnet_recurrent.h:183]   --->   Operation 72 'extractvalue' 'tmpres_ifo_2' <Predicate = true> <Delay = 0.00>
ST_3 : Operation 73 [1/1] (0.00ns)   --->   "%tmpres_ifo_3 = extractvalue { i16, i16, i16, i16, i16, i16, i16, i16, i16, i16, i16, i16 } %call_ret_i, 3" [firmware/nnet_utils/nnet_recurrent.h:183]   --->   Operation 73 'extractvalue' 'tmpres_ifo_3' <Predicate = true> <Delay = 0.00>
ST_3 : Operation 74 [1/1] (0.00ns)   --->   "%tmpres_ifo_4 = extractvalue { i16, i16, i16, i16, i16, i16, i16, i16, i16, i16, i16, i16 } %call_ret_i, 4" [firmware/nnet_utils/nnet_recurrent.h:183]   --->   Operation 74 'extractvalue' 'tmpres_ifo_4' <Predicate = true> <Delay = 0.00>
ST_3 : Operation 75 [1/1] (0.00ns)   --->   "%tmpres_ifo_5 = extractvalue { i16, i16, i16, i16, i16, i16, i16, i16, i16, i16, i16, i16 } %call_ret_i, 5" [firmware/nnet_utils/nnet_recurrent.h:183]   --->   Operation 75 'extractvalue' 'tmpres_ifo_5' <Predicate = true> <Delay = 0.00>
ST_3 : Operation 76 [1/1] (0.00ns)   --->   "%tmpres_ifo_6 = extractvalue { i16, i16, i16, i16, i16, i16, i16, i16, i16, i16, i16, i16 } %call_ret_i, 6" [firmware/nnet_utils/nnet_recurrent.h:183]   --->   Operation 76 'extractvalue' 'tmpres_ifo_6' <Predicate = true> <Delay = 0.00>
ST_3 : Operation 77 [1/1] (0.00ns)   --->   "%tmpres_ifo_7 = extractvalue { i16, i16, i16, i16, i16, i16, i16, i16, i16, i16, i16, i16 } %call_ret_i, 7" [firmware/nnet_utils/nnet_recurrent.h:183]   --->   Operation 77 'extractvalue' 'tmpres_ifo_7' <Predicate = true> <Delay = 0.00>
ST_3 : Operation 78 [1/1] (0.00ns)   --->   "%tmpres_ifo_8 = extractvalue { i16, i16, i16, i16, i16, i16, i16, i16, i16, i16, i16, i16 } %call_ret_i, 8" [firmware/nnet_utils/nnet_recurrent.h:183]   --->   Operation 78 'extractvalue' 'tmpres_ifo_8' <Predicate = true> <Delay = 0.00>
ST_3 : Operation 79 [1/1] (0.00ns)   --->   "%tmpres_ifo_9 = extractvalue { i16, i16, i16, i16, i16, i16, i16, i16, i16, i16, i16, i16 } %call_ret_i, 9" [firmware/nnet_utils/nnet_recurrent.h:183]   --->   Operation 79 'extractvalue' 'tmpres_ifo_9' <Predicate = true> <Delay = 0.00>
ST_3 : Operation 80 [1/1] (0.00ns)   --->   "%tmpres_ifo_s = extractvalue { i16, i16, i16, i16, i16, i16, i16, i16, i16, i16, i16, i16 } %call_ret_i, 10" [firmware/nnet_utils/nnet_recurrent.h:183]   --->   Operation 80 'extractvalue' 'tmpres_ifo_s' <Predicate = true> <Delay = 0.00>
ST_3 : Operation 81 [1/1] (0.00ns)   --->   "%tmpres_ifo_10 = extractvalue { i16, i16, i16, i16, i16, i16, i16, i16, i16, i16, i16, i16 } %call_ret_i, 11" [firmware/nnet_utils/nnet_recurrent.h:183]   --->   Operation 81 'extractvalue' 'tmpres_ifo_10' <Predicate = true> <Delay = 0.00>
ST_3 : Operation 82 [1/2] (1.15ns)   --->   "%call_ret_i1 = call fastcc { i16, i16, i16, i16 } @"tanh<ap_fixed,ap_fixed<16,6,5,3,0>,tanh_config2>"(i16 %inputacc_c_0_V, i16 %inputacc_c_1_V, i16 %inputacc_c_2_V, i16 %inputacc_c_3_V)" [firmware/nnet_utils/nnet_recr_activations.h:55->firmware/nnet_utils/nnet_recurrent.h:186]   --->   Operation 82 'call' 'call_ret_i1' <Predicate = true> <Delay = 1.15> <CoreType = "Generic">   --->   Core 0 '' <Latency = 0> <II = 1> <Delay = 1.00> <Generic> <Opcode : >
ST_3 : Operation 83 [1/1] (0.00ns)   --->   "%tmpres_c_0_V = extractvalue { i16, i16, i16, i16 } %call_ret_i1, 0" [firmware/nnet_utils/nnet_recurrent.h:186]   --->   Operation 83 'extractvalue' 'tmpres_c_0_V' <Predicate = true> <Delay = 0.00>
ST_3 : Operation 84 [1/1] (0.00ns)   --->   "%tmpres_c_1_V = extractvalue { i16, i16, i16, i16 } %call_ret_i1, 1" [firmware/nnet_utils/nnet_recurrent.h:186]   --->   Operation 84 'extractvalue' 'tmpres_c_1_V' <Predicate = true> <Delay = 0.00>
ST_3 : Operation 85 [1/1] (0.00ns)   --->   "%tmpres_c_2_V = extractvalue { i16, i16, i16, i16 } %call_ret_i1, 2" [firmware/nnet_utils/nnet_recurrent.h:186]   --->   Operation 85 'extractvalue' 'tmpres_c_2_V' <Predicate = true> <Delay = 0.00>
ST_3 : Operation 86 [1/1] (0.00ns)   --->   "%tmpres_c_3_V = extractvalue { i16, i16, i16, i16 } %call_ret_i1, 3" [firmware/nnet_utils/nnet_recurrent.h:186]   --->   Operation 86 'extractvalue' 'tmpres_c_3_V' <Predicate = true> <Delay = 0.00>
ST_3 : Operation 87 [1/1] (0.00ns)   --->   "%sext_ln703 = sext i16 %tmpres_c_0_V to i26" [firmware/nnet_utils/nnet_recurrent.h:191]   --->   Operation 87 'sext' 'sext_ln703' <Predicate = true> <Delay = 0.00>
ST_3 : Operation 88 [1/1] (0.00ns)   --->   "%sext_ln703_67 = sext i16 %tmpres_ifo to i26" [firmware/nnet_utils/nnet_recurrent.h:191]   --->   Operation 88 'sext' 'sext_ln703_67' <Predicate = true> <Delay = 0.00>
ST_3 : Operation 89 [1/1] (2.53ns) (root node of the DSP)   --->   "%mul_ln703 = mul i26 %sext_ln703, %sext_ln703_67" [firmware/nnet_utils/nnet_recurrent.h:191]   --->   Operation 89 'mul' 'mul_ln703' <Predicate = true> <Delay = 2.53> <Core = "DSP48">   --->   Core 88 'DSP48' <Latency = 0> <II = 1> <Delay = 2.53> <IPBlock> <Opcode : 'mul' 'add' 'sub' 'select'> <InPorts = 2> <OutPorts = 1> <Sync> <CReg>
ST_3 : Operation 90 [1/1] (0.00ns)   --->   "%sext_ln703_68 = sext i16 %tmpres_c_1_V to i26" [firmware/nnet_utils/nnet_recurrent.h:191]   --->   Operation 90 'sext' 'sext_ln703_68' <Predicate = true> <Delay = 0.00>
ST_3 : Operation 91 [1/1] (0.00ns)   --->   "%sext_ln703_69 = sext i16 %tmpres_ifo_1 to i26" [firmware/nnet_utils/nnet_recurrent.h:191]   --->   Operation 91 'sext' 'sext_ln703_69' <Predicate = true> <Delay = 0.00>
ST_3 : Operation 92 [1/1] (2.53ns) (root node of the DSP)   --->   "%mul_ln703_1 = mul i26 %sext_ln703_68, %sext_ln703_69" [firmware/nnet_utils/nnet_recurrent.h:191]   --->   Operation 92 'mul' 'mul_ln703_1' <Predicate = true> <Delay = 2.53> <Core = "DSP48">   --->   Core 88 'DSP48' <Latency = 0> <II = 1> <Delay = 2.53> <IPBlock> <Opcode : 'mul' 'add' 'sub' 'select'> <InPorts = 2> <OutPorts = 1> <Sync> <CReg>
ST_3 : Operation 93 [1/1] (0.00ns)   --->   "%sext_ln703_70 = sext i16 %tmpres_c_2_V to i26" [firmware/nnet_utils/nnet_recurrent.h:191]   --->   Operation 93 'sext' 'sext_ln703_70' <Predicate = true> <Delay = 0.00>
ST_3 : Operation 94 [1/1] (0.00ns)   --->   "%sext_ln703_71 = sext i16 %tmpres_ifo_2 to i26" [firmware/nnet_utils/nnet_recurrent.h:191]   --->   Operation 94 'sext' 'sext_ln703_71' <Predicate = true> <Delay = 0.00>
ST_3 : Operation 95 [1/1] (2.53ns) (root node of the DSP)   --->   "%mul_ln703_2 = mul i26 %sext_ln703_70, %sext_ln703_71" [firmware/nnet_utils/nnet_recurrent.h:191]   --->   Operation 95 'mul' 'mul_ln703_2' <Predicate = true> <Delay = 2.53> <Core = "DSP48">   --->   Core 88 'DSP48' <Latency = 0> <II = 1> <Delay = 2.53> <IPBlock> <Opcode : 'mul' 'add' 'sub' 'select'> <InPorts = 2> <OutPorts = 1> <Sync> <CReg>
ST_3 : Operation 96 [1/1] (0.00ns)   --->   "%sext_ln703_72 = sext i16 %tmpres_c_3_V to i26" [firmware/nnet_utils/nnet_recurrent.h:191]   --->   Operation 96 'sext' 'sext_ln703_72' <Predicate = true> <Delay = 0.00>
ST_3 : Operation 97 [1/1] (0.00ns)   --->   "%sext_ln703_73 = sext i16 %tmpres_ifo_3 to i26" [firmware/nnet_utils/nnet_recurrent.h:191]   --->   Operation 97 'sext' 'sext_ln703_73' <Predicate = true> <Delay = 0.00>
ST_3 : Operation 98 [1/1] (2.53ns) (root node of the DSP)   --->   "%mul_ln703_3 = mul i26 %sext_ln703_72, %sext_ln703_73" [firmware/nnet_utils/nnet_recurrent.h:191]   --->   Operation 98 'mul' 'mul_ln703_3' <Predicate = true> <Delay = 2.53> <Core = "DSP48">   --->   Core 88 'DSP48' <Latency = 0> <II = 1> <Delay = 2.53> <IPBlock> <Opcode : 'mul' 'add' 'sub' 'select'> <InPorts = 2> <OutPorts = 1> <Sync> <CReg>

State 4 <SV = 3> <Delay = 2.77>
ST_4 : Operation 99 [1/1] (0.00ns)   --->   "%s_newstate_V_0_load = load i16* @s_newstate_V_0, align 2" [firmware/nnet_utils/nnet_recurrent.h:191]   --->   Operation 99 'load' 's_newstate_V_0_load' <Predicate = (!reset_state_read)> <Delay = 0.00>
ST_4 : Operation 100 [1/1] (0.00ns)   --->   "%s_newstate_V_1_load = load i16* @s_newstate_V_1, align 2" [firmware/nnet_utils/nnet_recurrent.h:191]   --->   Operation 100 'load' 's_newstate_V_1_load' <Predicate = (!reset_state_read)> <Delay = 0.00>
ST_4 : Operation 101 [1/1] (0.00ns)   --->   "%s_newstate_V_2_load = load i16* @s_newstate_V_2, align 2" [firmware/nnet_utils/nnet_recurrent.h:191]   --->   Operation 101 'load' 's_newstate_V_2_load' <Predicate = (!reset_state_read)> <Delay = 0.00>
ST_4 : Operation 102 [1/1] (0.00ns)   --->   "%s_newstate_V_3_load = load i16* @s_newstate_V_3, align 2" [firmware/nnet_utils/nnet_recurrent.h:191]   --->   Operation 102 'load' 's_newstate_V_3_load' <Predicate = (!reset_state_read)> <Delay = 0.00>
ST_4 : Operation 103 [1/1] (0.24ns)   --->   "%select_ln161 = select i1 %reset_state_read, i16 0, i16 %s_newstate_V_0_load" [firmware/nnet_utils/nnet_recurrent.h:161]   --->   Operation 103 'select' 'select_ln161' <Predicate = true> <Delay = 0.24> <Core = "Sel">   --->   Core 26 'Sel' <Latency = 0> <II = 1> <Delay = 0.24> <FuncUnit> <Opcode : 'select'> <InPorts = 3> <OutPorts = 1>
ST_4 : Operation 104 [1/1] (0.24ns)   --->   "%select_ln161_2 = select i1 %reset_state_read, i16 0, i16 %s_newstate_V_1_load" [firmware/nnet_utils/nnet_recurrent.h:161]   --->   Operation 104 'select' 'select_ln161_2' <Predicate = true> <Delay = 0.24> <Core = "Sel">   --->   Core 26 'Sel' <Latency = 0> <II = 1> <Delay = 0.24> <FuncUnit> <Opcode : 'select'> <InPorts = 3> <OutPorts = 1>
ST_4 : Operation 105 [1/1] (0.24ns)   --->   "%select_ln161_4 = select i1 %reset_state_read, i16 0, i16 %s_newstate_V_2_load" [firmware/nnet_utils/nnet_recurrent.h:161]   --->   Operation 105 'select' 'select_ln161_4' <Predicate = true> <Delay = 0.24> <Core = "Sel">   --->   Core 26 'Sel' <Latency = 0> <II = 1> <Delay = 0.24> <FuncUnit> <Opcode : 'select'> <InPorts = 3> <OutPorts = 1>
ST_4 : Operation 106 [1/1] (0.24ns)   --->   "%select_ln161_6 = select i1 %reset_state_read, i16 0, i16 %s_newstate_V_3_load" [firmware/nnet_utils/nnet_recurrent.h:161]   --->   Operation 106 'select' 'select_ln161_6' <Predicate = true> <Delay = 0.24> <Core = "Sel">   --->   Core 26 'Sel' <Latency = 0> <II = 1> <Delay = 0.24> <FuncUnit> <Opcode : 'select'> <InPorts = 3> <OutPorts = 1>
ST_4 : Operation 107 [1/1] (0.00ns)   --->   "%sext_ln1192 = sext i16 %select_ln161 to i26" [firmware/nnet_utils/nnet_recurrent.h:191]   --->   Operation 107 'sext' 'sext_ln1192' <Predicate = true> <Delay = 0.00>
ST_4 : Operation 108 [1/1] (0.00ns)   --->   "%sext_ln1192_1 = sext i16 %tmpres_ifo_4 to i26" [firmware/nnet_utils/nnet_recurrent.h:191]   --->   Operation 108 'sext' 'sext_ln1192_1' <Predicate = true> <Delay = 0.00>
ST_4 : Operation 109 [1/1] (0.49ns) (grouped into DSP with root node add_ln1192)   --->   "%mul_ln1192 = mul i26 %sext_ln1192, %sext_ln1192_1" [firmware/nnet_utils/nnet_recurrent.h:191]   --->   Operation 109 'mul' 'mul_ln1192' <Predicate = true> <Delay = 0.49> <Core = "DSP48">   --->   Core 88 'DSP48' <Latency = 0> <II = 1> <Delay = 2.53> <IPBlock> <Opcode : 'mul' 'add' 'sub' 'select'> <InPorts = 2> <OutPorts = 1> <Sync> <CReg>
ST_4 : Operation 110 [1/1] (2.03ns) (root node of the DSP)   --->   "%add_ln1192 = add i26 %mul_ln703, %mul_ln1192" [firmware/nnet_utils/nnet_recurrent.h:191]   --->   Operation 110 'add' 'add_ln1192' <Predicate = true> <Delay = 2.03> <Core = "DSP48">   --->   Core 88 'DSP48' <Latency = 0> <II = 1> <Delay = 2.53> <IPBlock> <Opcode : 'mul' 'add' 'sub' 'select'> <InPorts = 2> <OutPorts = 1> <Sync> <CReg>
ST_4 : Operation 111 [1/1] (0.00ns)   --->   "%data_0_V_read_assign_2 = call i16 @_ssdm_op_PartSelect.i16.i26.i32.i32(i26 %add_ln1192, i32 10, i32 25)" [firmware/nnet_utils/nnet_recurrent.h:191]   --->   Operation 111 'partselect' 'data_0_V_read_assign_2' <Predicate = true> <Delay = 0.00>
ST_4 : Operation 112 [1/1] (0.00ns)   --->   "%sext_ln1192_2 = sext i16 %select_ln161_2 to i26" [firmware/nnet_utils/nnet_recurrent.h:191]   --->   Operation 112 'sext' 'sext_ln1192_2' <Predicate = true> <Delay = 0.00>
ST_4 : Operation 113 [1/1] (0.00ns)   --->   "%sext_ln1192_3 = sext i16 %tmpres_ifo_5 to i26" [firmware/nnet_utils/nnet_recurrent.h:191]   --->   Operation 113 'sext' 'sext_ln1192_3' <Predicate = true> <Delay = 0.00>
ST_4 : Operation 114 [1/1] (0.49ns) (grouped into DSP with root node add_ln1192_1)   --->   "%mul_ln1192_1 = mul i26 %sext_ln1192_2, %sext_ln1192_3" [firmware/nnet_utils/nnet_recurrent.h:191]   --->   Operation 114 'mul' 'mul_ln1192_1' <Predicate = true> <Delay = 0.49> <Core = "DSP48">   --->   Core 88 'DSP48' <Latency = 0> <II = 1> <Delay = 2.53> <IPBlock> <Opcode : 'mul' 'add' 'sub' 'select'> <InPorts = 2> <OutPorts = 1> <Sync> <CReg>
ST_4 : Operation 115 [1/1] (2.03ns) (root node of the DSP)   --->   "%add_ln1192_1 = add i26 %mul_ln703_1, %mul_ln1192_1" [firmware/nnet_utils/nnet_recurrent.h:191]   --->   Operation 115 'add' 'add_ln1192_1' <Predicate = true> <Delay = 2.03> <Core = "DSP48">   --->   Core 88 'DSP48' <Latency = 0> <II = 1> <Delay = 2.53> <IPBlock> <Opcode : 'mul' 'add' 'sub' 'select'> <InPorts = 2> <OutPorts = 1> <Sync> <CReg>
ST_4 : Operation 116 [1/1] (0.00ns)   --->   "%data_1_V_read_assign_2 = call i16 @_ssdm_op_PartSelect.i16.i26.i32.i32(i26 %add_ln1192_1, i32 10, i32 25)" [firmware/nnet_utils/nnet_recurrent.h:191]   --->   Operation 116 'partselect' 'data_1_V_read_assign_2' <Predicate = true> <Delay = 0.00>
ST_4 : Operation 117 [1/1] (0.00ns)   --->   "%sext_ln1192_4 = sext i16 %select_ln161_4 to i26" [firmware/nnet_utils/nnet_recurrent.h:191]   --->   Operation 117 'sext' 'sext_ln1192_4' <Predicate = true> <Delay = 0.00>
ST_4 : Operation 118 [1/1] (0.00ns)   --->   "%sext_ln1192_5 = sext i16 %tmpres_ifo_6 to i26" [firmware/nnet_utils/nnet_recurrent.h:191]   --->   Operation 118 'sext' 'sext_ln1192_5' <Predicate = true> <Delay = 0.00>
ST_4 : Operation 119 [1/1] (0.49ns) (grouped into DSP with root node add_ln1192_2)   --->   "%mul_ln1192_2 = mul i26 %sext_ln1192_4, %sext_ln1192_5" [firmware/nnet_utils/nnet_recurrent.h:191]   --->   Operation 119 'mul' 'mul_ln1192_2' <Predicate = true> <Delay = 0.49> <Core = "DSP48">   --->   Core 88 'DSP48' <Latency = 0> <II = 1> <Delay = 2.53> <IPBlock> <Opcode : 'mul' 'add' 'sub' 'select'> <InPorts = 2> <OutPorts = 1> <Sync> <CReg>
ST_4 : Operation 120 [1/1] (2.03ns) (root node of the DSP)   --->   "%add_ln1192_2 = add i26 %mul_ln703_2, %mul_ln1192_2" [firmware/nnet_utils/nnet_recurrent.h:191]   --->   Operation 120 'add' 'add_ln1192_2' <Predicate = true> <Delay = 2.03> <Core = "DSP48">   --->   Core 88 'DSP48' <Latency = 0> <II = 1> <Delay = 2.53> <IPBlock> <Opcode : 'mul' 'add' 'sub' 'select'> <InPorts = 2> <OutPorts = 1> <Sync> <CReg>
ST_4 : Operation 121 [1/1] (0.00ns)   --->   "%data_2_V_read_assign_2 = call i16 @_ssdm_op_PartSelect.i16.i26.i32.i32(i26 %add_ln1192_2, i32 10, i32 25)" [firmware/nnet_utils/nnet_recurrent.h:191]   --->   Operation 121 'partselect' 'data_2_V_read_assign_2' <Predicate = true> <Delay = 0.00>
ST_4 : Operation 122 [1/1] (0.00ns)   --->   "%sext_ln1192_6 = sext i16 %select_ln161_6 to i26" [firmware/nnet_utils/nnet_recurrent.h:191]   --->   Operation 122 'sext' 'sext_ln1192_6' <Predicate = true> <Delay = 0.00>
ST_4 : Operation 123 [1/1] (0.00ns)   --->   "%sext_ln1192_7 = sext i16 %tmpres_ifo_7 to i26" [firmware/nnet_utils/nnet_recurrent.h:191]   --->   Operation 123 'sext' 'sext_ln1192_7' <Predicate = true> <Delay = 0.00>
ST_4 : Operation 124 [1/1] (0.49ns) (grouped into DSP with root node add_ln1192_3)   --->   "%mul_ln1192_3 = mul i26 %sext_ln1192_6, %sext_ln1192_7" [firmware/nnet_utils/nnet_recurrent.h:191]   --->   Operation 124 'mul' 'mul_ln1192_3' <Predicate = true> <Delay = 0.49> <Core = "DSP48">   --->   Core 88 'DSP48' <Latency = 0> <II = 1> <Delay = 2.53> <IPBlock> <Opcode : 'mul' 'add' 'sub' 'select'> <InPorts = 2> <OutPorts = 1> <Sync> <CReg>
ST_4 : Operation 125 [1/1] (2.03ns) (root node of the DSP)   --->   "%add_ln1192_3 = add i26 %mul_ln703_3, %mul_ln1192_3" [firmware/nnet_utils/nnet_recurrent.h:191]   --->   Operation 125 'add' 'add_ln1192_3' <Predicate = true> <Delay = 2.03> <Core = "DSP48">   --->   Core 88 'DSP48' <Latency = 0> <II = 1> <Delay = 2.53> <IPBlock> <Opcode : 'mul' 'add' 'sub' 'select'> <InPorts = 2> <OutPorts = 1> <Sync> <CReg>
ST_4 : Operation 126 [1/1] (0.00ns)   --->   "%data_3_V_read_assign_2 = call i16 @_ssdm_op_PartSelect.i16.i26.i32.i32(i26 %add_ln1192_3, i32 10, i32 25)" [firmware/nnet_utils/nnet_recurrent.h:191]   --->   Operation 126 'partselect' 'data_3_V_read_assign_2' <Predicate = true> <Delay = 0.00>
ST_4 : Operation 127 [1/1] (0.00ns)   --->   "store i16 %data_3_V_read_assign_2, i16* @s_newstate_V_3, align 2" [firmware/nnet_utils/nnet_recurrent.h:163]   --->   Operation 127 'store' <Predicate = true> <Delay = 0.00>
ST_4 : Operation 128 [1/1] (0.00ns)   --->   "store i16 %data_2_V_read_assign_2, i16* @s_newstate_V_2, align 2" [firmware/nnet_utils/nnet_recurrent.h:163]   --->   Operation 128 'store' <Predicate = true> <Delay = 0.00>
ST_4 : Operation 129 [1/1] (0.00ns)   --->   "store i16 %data_1_V_read_assign_2, i16* @s_newstate_V_1, align 2" [firmware/nnet_utils/nnet_recurrent.h:163]   --->   Operation 129 'store' <Predicate = true> <Delay = 0.00>
ST_4 : Operation 130 [1/1] (0.00ns)   --->   "store i16 %data_0_V_read_assign_2, i16* @s_newstate_V_0, align 2" [firmware/nnet_utils/nnet_recurrent.h:163]   --->   Operation 130 'store' <Predicate = true> <Delay = 0.00>

State 5 <SV = 4> <Delay = 3.96>
ST_5 : Operation 131 [2/2] (3.96ns)   --->   "%call_ret_i2 = call fastcc { i16, i16, i16, i16 } @"tanh<ap_fixed,ap_fixed<16,6,5,3,0>,tanh_config2>"(i16 %data_0_V_read_assign_2, i16 %data_1_V_read_assign_2, i16 %data_2_V_read_assign_2, i16 %data_3_V_read_assign_2)" [firmware/nnet_utils/nnet_recr_activations.h:55->firmware/nnet_utils/nnet_recurrent.h:194]   --->   Operation 131 'call' 'call_ret_i2' <Predicate = true> <Delay = 3.96> <CoreType = "Generic">   --->   Core 0 '' <Latency = 0> <II = 1> <Delay = 1.00> <Generic> <Opcode : >

State 6 <SV = 5> <Delay = 3.69>
ST_6 : Operation 132 [1/2] (1.15ns)   --->   "%call_ret_i2 = call fastcc { i16, i16, i16, i16 } @"tanh<ap_fixed,ap_fixed<16,6,5,3,0>,tanh_config2>"(i16 %data_0_V_read_assign_2, i16 %data_1_V_read_assign_2, i16 %data_2_V_read_assign_2, i16 %data_3_V_read_assign_2)" [firmware/nnet_utils/nnet_recr_activations.h:55->firmware/nnet_utils/nnet_recurrent.h:194]   --->   Operation 132 'call' 'call_ret_i2' <Predicate = true> <Delay = 1.15> <CoreType = "Generic">   --->   Core 0 '' <Latency = 0> <II = 1> <Delay = 1.00> <Generic> <Opcode : >
ST_6 : Operation 133 [1/1] (0.00ns)   --->   "%s_actstate_0_V = extractvalue { i16, i16, i16, i16 } %call_ret_i2, 0" [firmware/nnet_utils/nnet_recurrent.h:194]   --->   Operation 133 'extractvalue' 's_actstate_0_V' <Predicate = true> <Delay = 0.00>
ST_6 : Operation 134 [1/1] (0.00ns)   --->   "%s_actstate_1_V = extractvalue { i16, i16, i16, i16 } %call_ret_i2, 1" [firmware/nnet_utils/nnet_recurrent.h:194]   --->   Operation 134 'extractvalue' 's_actstate_1_V' <Predicate = true> <Delay = 0.00>
ST_6 : Operation 135 [1/1] (0.00ns)   --->   "%s_actstate_2_V = extractvalue { i16, i16, i16, i16 } %call_ret_i2, 2" [firmware/nnet_utils/nnet_recurrent.h:194]   --->   Operation 135 'extractvalue' 's_actstate_2_V' <Predicate = true> <Delay = 0.00>
ST_6 : Operation 136 [1/1] (0.00ns)   --->   "%s_actstate_3_V = extractvalue { i16, i16, i16, i16 } %call_ret_i2, 3" [firmware/nnet_utils/nnet_recurrent.h:194]   --->   Operation 136 'extractvalue' 's_actstate_3_V' <Predicate = true> <Delay = 0.00>
ST_6 : Operation 137 [1/1] (0.00ns)   --->   "%sext_ln1118 = sext i16 %tmpres_ifo_8 to i26" [firmware/nnet_utils/nnet_recurrent.h:198]   --->   Operation 137 'sext' 'sext_ln1118' <Predicate = true> <Delay = 0.00>
ST_6 : Operation 138 [1/1] (0.00ns)   --->   "%sext_ln1118_5 = sext i16 %s_actstate_0_V to i26" [firmware/nnet_utils/nnet_recurrent.h:198]   --->   Operation 138 'sext' 'sext_ln1118_5' <Predicate = true> <Delay = 0.00>
ST_6 : Operation 139 [1/1] (2.53ns) (root node of the DSP)   --->   "%mul_ln1118 = mul i26 %sext_ln1118, %sext_ln1118_5" [firmware/nnet_utils/nnet_recurrent.h:198]   --->   Operation 139 'mul' 'mul_ln1118' <Predicate = true> <Delay = 2.53> <Core = "DSP48">   --->   Core 88 'DSP48' <Latency = 0> <II = 1> <Delay = 2.53> <IPBlock> <Opcode : 'mul' 'add' 'sub' 'select'> <InPorts = 2> <OutPorts = 1> <Sync> <CReg>
ST_6 : Operation 140 [1/1] (0.00ns)   --->   "%h_newstate_0_V_write_assign = call i16 @_ssdm_op_PartSelect.i16.i26.i32.i32(i26 %mul_ln1118, i32 10, i32 25)" [firmware/nnet_utils/nnet_recurrent.h:198]   --->   Operation 140 'partselect' 'h_newstate_0_V_write_assign' <Predicate = true> <Delay = 0.00>
ST_6 : Operation 141 [1/1] (0.00ns)   --->   "%sext_ln1118_6 = sext i16 %tmpres_ifo_9 to i26" [firmware/nnet_utils/nnet_recurrent.h:198]   --->   Operation 141 'sext' 'sext_ln1118_6' <Predicate = true> <Delay = 0.00>
ST_6 : Operation 142 [1/1] (0.00ns)   --->   "%sext_ln1118_7 = sext i16 %s_actstate_1_V to i26" [firmware/nnet_utils/nnet_recurrent.h:198]   --->   Operation 142 'sext' 'sext_ln1118_7' <Predicate = true> <Delay = 0.00>
ST_6 : Operation 143 [1/1] (2.53ns) (root node of the DSP)   --->   "%mul_ln1118_5 = mul i26 %sext_ln1118_6, %sext_ln1118_7" [firmware/nnet_utils/nnet_recurrent.h:198]   --->   Operation 143 'mul' 'mul_ln1118_5' <Predicate = true> <Delay = 2.53> <Core = "DSP48">   --->   Core 88 'DSP48' <Latency = 0> <II = 1> <Delay = 2.53> <IPBlock> <Opcode : 'mul' 'add' 'sub' 'select'> <InPorts = 2> <OutPorts = 1> <Sync> <CReg>
ST_6 : Operation 144 [1/1] (0.00ns)   --->   "%h_newstate_1_V_write_assign = call i16 @_ssdm_op_PartSelect.i16.i26.i32.i32(i26 %mul_ln1118_5, i32 10, i32 25)" [firmware/nnet_utils/nnet_recurrent.h:198]   --->   Operation 144 'partselect' 'h_newstate_1_V_write_assign' <Predicate = true> <Delay = 0.00>
ST_6 : Operation 145 [1/1] (0.00ns)   --->   "%sext_ln1118_8 = sext i16 %tmpres_ifo_s to i26" [firmware/nnet_utils/nnet_recurrent.h:198]   --->   Operation 145 'sext' 'sext_ln1118_8' <Predicate = true> <Delay = 0.00>
ST_6 : Operation 146 [1/1] (0.00ns)   --->   "%sext_ln1118_9 = sext i16 %s_actstate_2_V to i26" [firmware/nnet_utils/nnet_recurrent.h:198]   --->   Operation 146 'sext' 'sext_ln1118_9' <Predicate = true> <Delay = 0.00>
ST_6 : Operation 147 [1/1] (2.53ns) (root node of the DSP)   --->   "%mul_ln1118_6 = mul i26 %sext_ln1118_8, %sext_ln1118_9" [firmware/nnet_utils/nnet_recurrent.h:198]   --->   Operation 147 'mul' 'mul_ln1118_6' <Predicate = true> <Delay = 2.53> <Core = "DSP48">   --->   Core 88 'DSP48' <Latency = 0> <II = 1> <Delay = 2.53> <IPBlock> <Opcode : 'mul' 'add' 'sub' 'select'> <InPorts = 2> <OutPorts = 1> <Sync> <CReg>
ST_6 : Operation 148 [1/1] (0.00ns)   --->   "%h_newstate_2_V_write_assign = call i16 @_ssdm_op_PartSelect.i16.i26.i32.i32(i26 %mul_ln1118_6, i32 10, i32 25)" [firmware/nnet_utils/nnet_recurrent.h:198]   --->   Operation 148 'partselect' 'h_newstate_2_V_write_assign' <Predicate = true> <Delay = 0.00>
ST_6 : Operation 149 [1/1] (0.00ns)   --->   "%sext_ln1118_10 = sext i16 %tmpres_ifo_10 to i26" [firmware/nnet_utils/nnet_recurrent.h:198]   --->   Operation 149 'sext' 'sext_ln1118_10' <Predicate = true> <Delay = 0.00>
ST_6 : Operation 150 [1/1] (0.00ns)   --->   "%sext_ln1118_11 = sext i16 %s_actstate_3_V to i26" [firmware/nnet_utils/nnet_recurrent.h:198]   --->   Operation 150 'sext' 'sext_ln1118_11' <Predicate = true> <Delay = 0.00>
ST_6 : Operation 151 [1/1] (2.53ns) (root node of the DSP)   --->   "%mul_ln1118_7 = mul i26 %sext_ln1118_10, %sext_ln1118_11" [firmware/nnet_utils/nnet_recurrent.h:198]   --->   Operation 151 'mul' 'mul_ln1118_7' <Predicate = true> <Delay = 2.53> <Core = "DSP48">   --->   Core 88 'DSP48' <Latency = 0> <II = 1> <Delay = 2.53> <IPBlock> <Opcode : 'mul' 'add' 'sub' 'select'> <InPorts = 2> <OutPorts = 1> <Sync> <CReg>
ST_6 : Operation 152 [1/1] (0.00ns)   --->   "%h_newstate_3_V_write_assign = call i16 @_ssdm_op_PartSelect.i16.i26.i32.i32(i26 %mul_ln1118_7, i32 10, i32 25)" [firmware/nnet_utils/nnet_recurrent.h:198]   --->   Operation 152 'partselect' 'h_newstate_3_V_write_assign' <Predicate = true> <Delay = 0.00>
ST_6 : Operation 153 [1/1] (0.00ns)   --->   "%mrv = insertvalue { i16, i16, i16, i16 } undef, i16 %h_newstate_0_V_write_assign, 0" [firmware/nnet_utils/nnet_recurrent.h:201]   --->   Operation 153 'insertvalue' 'mrv' <Predicate = true> <Delay = 0.00>
ST_6 : Operation 154 [1/1] (0.00ns)   --->   "%mrv_1 = insertvalue { i16, i16, i16, i16 } %mrv, i16 %h_newstate_1_V_write_assign, 1" [firmware/nnet_utils/nnet_recurrent.h:201]   --->   Operation 154 'insertvalue' 'mrv_1' <Predicate = true> <Delay = 0.00>
ST_6 : Operation 155 [1/1] (0.00ns)   --->   "%mrv_2 = insertvalue { i16, i16, i16, i16 } %mrv_1, i16 %h_newstate_2_V_write_assign, 2" [firmware/nnet_utils/nnet_recurrent.h:201]   --->   Operation 155 'insertvalue' 'mrv_2' <Predicate = true> <Delay = 0.00>
ST_6 : Operation 156 [1/1] (0.00ns)   --->   "%mrv_3 = insertvalue { i16, i16, i16, i16 } %mrv_2, i16 %h_newstate_3_V_write_assign, 3" [firmware/nnet_utils/nnet_recurrent.h:201]   --->   Operation 156 'insertvalue' 'mrv_3' <Predicate = true> <Delay = 0.00>
ST_6 : Operation 157 [1/1] (0.00ns)   --->   "store i16 %h_newstate_3_V_write_assign, i16* @h_state_V_3, align 2" [firmware/nnet_utils/nnet_recurrent.h:164]   --->   Operation 157 'store' <Predicate = true> <Delay = 0.00>
ST_6 : Operation 158 [1/1] (0.00ns)   --->   "store i16 %h_newstate_2_V_write_assign, i16* @h_state_V_2, align 2" [firmware/nnet_utils/nnet_recurrent.h:164]   --->   Operation 158 'store' <Predicate = true> <Delay = 0.00>
ST_6 : Operation 159 [1/1] (0.00ns)   --->   "store i16 %h_newstate_1_V_write_assign, i16* @h_state_V_1, align 2" [firmware/nnet_utils/nnet_recurrent.h:164]   --->   Operation 159 'store' <Predicate = true> <Delay = 0.00>
ST_6 : Operation 160 [1/1] (0.00ns)   --->   "store i16 %h_newstate_0_V_write_assign, i16* @h_state_V_0, align 2" [firmware/nnet_utils/nnet_recurrent.h:164]   --->   Operation 160 'store' <Predicate = true> <Delay = 0.00>
ST_6 : Operation 161 [1/1] (0.00ns)   --->   "ret { i16, i16, i16, i16 } %mrv_3" [firmware/nnet_utils/nnet_recurrent.h:201]   --->   Operation 161 'ret' <Predicate = true> <Delay = 0.00>


============================================================
+ Verbose Summary: Timing violations
============================================================
Target clock period: 5ns, clock uncertainty: 0.625ns.

 <State 1>: 4.07ns
The critical path consists of the following:
	wire read on port 'reset_state' (firmware/nnet_utils/nnet_recurrent.h:131) [17]  (0 ns)
	'select' operation ('select_ln161_3', firmware/nnet_utils/nnet_recurrent.h:161) [29]  (0.243 ns)
	'call' operation ('call_ret', firmware/nnet_utils/nnet_dense.h:46->firmware/nnet_utils/nnet_recurrent.h:169) to 'dense_latency.0.0.0.0.0.0.0.0.0.0.0.0.0.0.0.0.0' [51]  (3.22 ns)
	'add' operation ('inputacc_ifo[0].V', firmware/nnet_utils/nnet_recurrent.h:175) [68]  (0.608 ns)

 <State 2>: 3.97ns
The critical path consists of the following:
	'call' operation ('call_ret_i1', firmware/nnet_utils/nnet_recr_activations.h:55->firmware/nnet_utils/nnet_recurrent.h:186) to 'tanh<ap_fixed,ap_fixed<16,6,5,3,0>,tanh_config2>' [97]  (3.97 ns)

 <State 3>: 3.69ns
The critical path consists of the following:
	'call' operation ('call_ret_i', firmware/nnet_utils/nnet_recr_activations.h:43->firmware/nnet_utils/nnet_recurrent.h:183) to 'sigmoid<ap_fixed,ap_fixed,sigmoid_config2_recr>' [84]  (1.16 ns)
	'mul' operation of DSP[104] ('mul_ln703', firmware/nnet_utils/nnet_recurrent.h:191) [104]  (2.53 ns)

 <State 4>: 2.78ns
The critical path consists of the following:
	'load' operation ('s_newstate_V_0_load', firmware/nnet_utils/nnet_recurrent.h:191) on static variable 's_newstate_V_0' [18]  (0 ns)
	'select' operation ('select_ln161', firmware/nnet_utils/nnet_recurrent.h:161) [26]  (0.243 ns)
	'mul' operation of DSP[108] ('mul_ln1192', firmware/nnet_utils/nnet_recurrent.h:191) [107]  (0.494 ns)
	'add' operation of DSP[108] ('add_ln1192', firmware/nnet_utils/nnet_recurrent.h:191) [108]  (2.04 ns)

 <State 5>: 3.97ns
The critical path consists of the following:
	'call' operation ('call_ret_i2', firmware/nnet_utils/nnet_recr_activations.h:55->firmware/nnet_utils/nnet_recurrent.h:194) to 'tanh<ap_fixed,ap_fixed<16,6,5,3,0>,tanh_config2>' [134]  (3.97 ns)

 <State 6>: 3.69ns
The critical path consists of the following:
	'call' operation ('call_ret_i2', firmware/nnet_utils/nnet_recr_activations.h:55->firmware/nnet_utils/nnet_recurrent.h:194) to 'tanh<ap_fixed,ap_fixed<16,6,5,3,0>,tanh_config2>' [134]  (1.16 ns)
	'mul' operation of DSP[141] ('mul_ln1118', firmware/nnet_utils/nnet_recurrent.h:198) [141]  (2.53 ns)


============================================================
+ Verbose Summary: Binding
============================================================
N/A
* FSMD analyzer results:
  - Output states:
 - Input state : 
  - Chain level:
	State 1
	State 2
	State 3
	State 4
	State 5
	State 6


============================================================
+ Verbose Summary: Datapath Resource usage 
============================================================
N/A
