1.1563166379928589 0.9456126689910889
0.8377813100814819 0.7801624536514282
0.7805286645889282 0.7580351829528809
0.7619937658309937 0.7427366971969604
0.7518945336341858 0.7358109354972839
0.7446553707122803 0.7315360903739929
0.7392005324363708 0.7270625829696655
0.7351714372634888 0.7233473062515259
0.7314794659614563 0.7203622460365295
0.728310763835907 0.7182470560073853
0.7255972623825073 0.7157122492790222
0.7228056788444519 0.7131242156028748
0.7207713723182678 0.7116891145706177
0.7186141610145569 0.7099594473838806
0.7169188857078552 0.7088432908058167
0.7150169014930725 0.7094917297363281
0.7126331925392151 0.7057875394821167
0.7114235758781433 0.707484245300293
0.709684431552887 0.7016597390174866
0.707966148853302 0.7017249464988708
0.7069994807243347 0.7006628513336182
0.7057508826255798 0.698948085308075
0.7040987610816956 0.6983505487442017
0.7035806775093079 0.6963838338851929
0.7019791603088379 0.6961916089057922
0.7014046907424927 0.695135772228241
0.6997135281562805 0.6951575875282288
0.6988933086395264 0.6948726177215576
0.6979053616523743 0.6925338506698608
0.6971195936203003 0.6917295455932617
