
****** Vivado(TM) HLS - High-Level Synthesis from C, C++ and SystemC v2019.2 (64-bit)
  **** SW Build 2708876 on Wed Nov  6 21:39:14 MST 2019
  **** IP Build 2700528 on Thu Nov  7 00:09:20 MST 2019
    ** Copyright 1986-2019 Xilinx, Inc. All Rights Reserved.

source /home/mze/Desktop/Xilinx/Vivado/2019.2/scripts/vivado_hls/hls.tcl -notrace
INFO: [HLS 200-10] Running '/home/mze/Desktop/Xilinx/Vivado/2019.2/bin/unwrapped/lnx64.o/vivado_hls'
INFO: [HLS 200-10] For user 'mze' on host 'mze-VirtualBox' (Linux_x86_64 version 5.8.0-55-generic) on Sat Jun 12 01:16:16 +08 2021
INFO: [HLS 200-10] On os Ubuntu 20.04.1 LTS
INFO: [HLS 200-10] In directory '/home/mze/MSc_Computing/Individual_Project/lhc_jet_tagging_NN/CNN_hls4ml/model_quantized/hls4ml_prj'
Sourcing Tcl script 'build_prj.tcl'
INFO: [HLS 200-10] Opening project '/home/mze/MSc_Computing/Individual_Project/lhc_jet_tagging_NN/CNN_hls4ml/model_quantized/hls4ml_prj/myproject_prj'.
INFO: [HLS 200-10] Adding design file 'firmware/myproject.cpp' to the project
INFO: [HLS 200-10] Adding test bench file 'myproject_test.cpp' to the project
INFO: [HLS 200-10] Adding test bench file 'firmware/weights' to the project
INFO: [HLS 200-10] Adding test bench file 'tb_data' to the project
INFO: [HLS 200-10] Opening solution '/home/mze/MSc_Computing/Individual_Project/lhc_jet_tagging_NN/CNN_hls4ml/model_quantized/hls4ml_prj/myproject_prj/solution1'.
INFO: [SYN 201-201] Setting up clock 'default' with a period of 5ns.
INFO: [HLS 200-10] Setting target device to 'xcu250-figd2104-2L-e'
INFO: [XFORM 203-101] Allowed max sub elements number after partition is 4096.
INFO: [XFORM 203-1161] The maximum of name length is set into 60.
INFO: [XFORM 203-101] Allowed max sub elements number after partition is 4096.
INFO: [XFORM 203-1161] The maximum of name length is set into 60.
***** C/RTL SYNTHESIS *****
INFO: [SCHED 204-61] Option 'relax_ii_for_timing' is enabled, will increase II to preserve clock frequency constraints.
INFO: [HLS 200-10] Analyzing design file 'firmware/myproject.cpp' ... 
WARNING: [HLS 214-114] Since the only kind of statements allowed in a canonical dataflow region are variable declarations and function calls, the compiler may not be able to correctly handle the region: firmware/nnet_utils/nnet_dense_latency.h:64:9
WARNING: [HLS 214-114] Since the only kind of statements allowed in a canonical dataflow region are variable declarations and function calls, the compiler may not be able to correctly handle the region: firmware/nnet_utils/nnet_dense_latency.h:79:2
WARNING: [HLS 214-104] Only for-loops and functions support the dataflow: firmware/nnet_utils/nnet_dense_latency.h:76:9
WARNING: [HLS 214-113] Either use an argument of the function or declare the variable inside the dataflow loop body: firmware/myproject.cpp:64:72
WARNING: [HLS 214-113] Either use an argument of the function or declare the variable inside the dataflow loop body: firmware/myproject.cpp:64:76
WARNING: [HLS 214-113] Either use an argument of the function or declare the variable inside the dataflow loop body: firmware/myproject.cpp:72:72
WARNING: [HLS 214-113] Either use an argument of the function or declare the variable inside the dataflow loop body: firmware/myproject.cpp:72:76
WARNING: [HLS 214-113] Either use an argument of the function or declare the variable inside the dataflow loop body: firmware/myproject.cpp:80:67
WARNING: [HLS 214-113] Either use an argument of the function or declare the variable inside the dataflow loop body: firmware/myproject.cpp:80:71
WARNING: [HLS 214-113] Either use an argument of the function or declare the variable inside the dataflow loop body: firmware/myproject.cpp:88:72
WARNING: [HLS 214-113] Either use an argument of the function or declare the variable inside the dataflow loop body: firmware/myproject.cpp:88:77
WARNING: [HLS 214-113] Either use an argument of the function or declare the variable inside the dataflow loop body: firmware/myproject.cpp:96:72
WARNING: [HLS 214-113] Either use an argument of the function or declare the variable inside the dataflow loop body: firmware/myproject.cpp:96:77
WARNING: [HLS 214-114] Since the only kind of statements allowed in a canonical dataflow region are variable declarations and function calls, the compiler may not be able to correctly handle the region: firmware/myproject.cpp:35:2
WARNING: [HLS 214-114] Since the only kind of statements allowed in a canonical dataflow region are variable declarations and function calls, the compiler may not be able to correctly handle the region: firmware/myproject.cpp:36:5
WARNING: [HLS 200-471] Dataflow form checks found 15 issue(s) in file firmware/myproject.cpp
INFO: [HLS 200-111] Finished Linking Time (s): cpu = 00:00:23 ; elapsed = 00:00:26 . Memory (MB): peak = 927.992 ; gain = 523.035 ; free physical = 5162 ; free virtual = 9207
INFO: [HLS 200-111] Finished Checking Pragmas Time (s): cpu = 00:00:23 ; elapsed = 00:00:26 . Memory (MB): peak = 927.992 ; gain = 523.035 ; free physical = 5162 ; free virtual = 9207
INFO: [HLS 200-10] Starting code transformations ...
INFO: [HLS 200-489] Unrolling loop 'ComputeIndex' (firmware/nnet_utils/nnet_conv1d_stream.h:17) in function 'void nnet::compute_scaled_indices_1d<nnet::array<ap_fixed<7, 1, (ap_q_mode)0, (ap_o_mode)0, 0>, 12u>, config5>(unsigned int, ap_uint<FORWARD_REFERENCE::filt_width>*)' completely with a factor of 1.
INFO: [HLS 200-489] Unrolling loop 'ComputeIndex' (firmware/nnet_utils/nnet_conv1d_stream.h:17) in function 'void nnet::compute_scaled_indices_1d<nnet::array<ap_fixed<16, 6, (ap_q_mode)5, (ap_o_mode)3, 0>, 1u>, config2>(unsigned int, ap_uint<FORWARD_REFERENCE::filt_width>*)' completely with a factor of 1.
INFO: [HLS 200-489] Unrolling loop 'CopyDataChan' (firmware/nnet_utils/nnet_conv_stream.h:97) in function 'void nnet::compute_output<nnet::array<ap_fixed<16, 6, (ap_q_mode)5, (ap_o_mode)3, 0>, 1u>, nnet::array<ap_fixed<16, 6, (ap_q_mode)5, (ap_o_mode)3, 0>, 12u>, config2>(FORWARD_REFERENCE const&, hls::stream<FORWARD_REFERENCE::value_type>*, hls::stream<FORWARD_REFERENCE>&, FORWARD_REFERENCE&, unsigned int&, FORWARD_REFERENCE::weight_t*, FORWARD_REFERENCE::bias_t*, ap_uint<FORWARD_REFERENCE::kernel_size>*)' completely with a factor of 1.
INFO: [XFORM 203-603] Inlining function 'nnet::scale_index<4u, 1u, 16u>' into 'nnet::compute_scaled_indices_1d<nnet::array<ap_fixed<16, 6, (ap_q_mode)5, (ap_o_mode)3, 0>, 1u>, config2>' (firmware/nnet_utils/nnet_conv1d_stream.h:20).
INFO: [XFORM 203-603] Inlining function 'nnet::array<ap_fixed<16, 6, (ap_q_mode)5, (ap_o_mode)3, 0>, 1u>::operator[]' into 'nnet::compute_output<nnet::array<ap_fixed<16, 6, (ap_q_mode)5, (ap_o_mode)3, 0>, 1u>, nnet::array<ap_fixed<16, 6, (ap_q_mode)5, (ap_o_mode)3, 0>, 12u>, config2>' (firmware/nnet_utils/nnet_conv_stream.h:99).
INFO: [XFORM 203-603] Inlining function 'nnet::product::mult<ap_fixed<16, 6, (ap_q_mode)5, (ap_o_mode)3, 0>, ap_fixed<7, 1, (ap_q_mode)5, (ap_o_mode)3, 0>, ap_fixed<16, 6, (ap_q_mode)5, (ap_o_mode)3, 0> >::limit' into 'nnet::dense_latency<ap_fixed<16, 6, (ap_q_mode)5, (ap_o_mode)3, 0>, ap_fixed<16, 6, (ap_q_mode)5, (ap_o_mode)3, 0>, config2_mult>' (firmware/nnet_utils/nnet_dense_latency.h:57).
INFO: [XFORM 203-603] Inlining function 'nnet::product::mult<ap_fixed<16, 6, (ap_q_mode)5, (ap_o_mode)3, 0>, ap_fixed<7, 1, (ap_q_mode)5, (ap_o_mode)3, 0>, ap_fixed<16, 6, (ap_q_mode)5, (ap_o_mode)3, 0> >::product' into 'nnet::dense_latency<ap_fixed<16, 6, (ap_q_mode)5, (ap_o_mode)3, 0>, ap_fixed<16, 6, (ap_q_mode)5, (ap_o_mode)3, 0>, config2_mult>' (firmware/nnet_utils/nnet_dense_latency.h:96).
INFO: [XFORM 203-603] Inlining function 'nnet::array<ap_fixed<16, 6, (ap_q_mode)5, (ap_o_mode)3, 0>, 12u>::operator[]' into 'nnet::mult_buffer<nnet::array<ap_fixed<16, 6, (ap_q_mode)5, (ap_o_mode)3, 0>, 1u>, nnet::array<ap_fixed<16, 6, (ap_q_mode)5, (ap_o_mode)3, 0>, 12u>, config2>' (firmware/nnet_utils/nnet_conv_stream.h:62).
INFO: [XFORM 203-603] Inlining function 'nnet::array<ap_fixed<16, 6, (ap_q_mode)5, (ap_o_mode)3, 0>, 12u>::operator[]' into 'nnet::mult_buffer<nnet::array<ap_fixed<7, 1, (ap_q_mode)0, (ap_o_mode)0, 0>, 12u>, nnet::array<ap_fixed<16, 6, (ap_q_mode)5, (ap_o_mode)3, 0>, 12u>, config5>' (firmware/nnet_utils/nnet_conv_stream.h:62).
INFO: [XFORM 203-603] Inlining function 'nnet::array<ap_fixed<16, 6, (ap_q_mode)5, (ap_o_mode)3, 0>, 12u>::operator[]' into 'nnet::relu<nnet::array<ap_fixed<16, 6, (ap_q_mode)5, (ap_o_mode)3, 0>, 12u>, nnet::array<ap_fixed<7, 1, (ap_q_mode)0, (ap_o_mode)0, 0>, 12u>, relu_config7>' (firmware/nnet_utils/nnet_activation_stream.h:69).
INFO: [XFORM 203-603] Inlining function 'nnet::array<ap_fixed<16, 6, (ap_q_mode)5, (ap_o_mode)3, 0>, 12u>::operator[]' into 'nnet::relu<nnet::array<ap_fixed<16, 6, (ap_q_mode)5, (ap_o_mode)3, 0>, 12u>, nnet::array<ap_fixed<7, 1, (ap_q_mode)0, (ap_o_mode)0, 0>, 12u>, relu_config7>' (firmware/nnet_utils/nnet_activation_stream.h:69).
INFO: [XFORM 203-603] Inlining function 'nnet::array<ap_fixed<16, 6, (ap_q_mode)5, (ap_o_mode)3, 0>, 12u>::operator[]' into 'nnet::relu<nnet::array<ap_fixed<16, 6, (ap_q_mode)5, (ap_o_mode)3, 0>, 12u>, nnet::array<ap_fixed<7, 1, (ap_q_mode)0, (ap_o_mode)0, 0>, 12u>, relu_config4>' (firmware/nnet_utils/nnet_activation_stream.h:69).
INFO: [XFORM 203-603] Inlining function 'nnet::array<ap_fixed<16, 6, (ap_q_mode)5, (ap_o_mode)3, 0>, 12u>::operator[]' into 'nnet::relu<nnet::array<ap_fixed<16, 6, (ap_q_mode)5, (ap_o_mode)3, 0>, 12u>, nnet::array<ap_fixed<7, 1, (ap_q_mode)0, (ap_o_mode)0, 0>, 12u>, relu_config4>' (firmware/nnet_utils/nnet_activation_stream.h:69).
INFO: [XFORM 203-603] Inlining function 'nnet::dense_latency<ap_fixed<16, 6, (ap_q_mode)5, (ap_o_mode)3, 0>, ap_fixed<16, 6, (ap_q_mode)5, (ap_o_mode)3, 0>, config2_mult>' into 'nnet::mult_buffer<nnet::array<ap_fixed<16, 6, (ap_q_mode)5, (ap_o_mode)3, 0>, 1u>, nnet::array<ap_fixed<16, 6, (ap_q_mode)5, (ap_o_mode)3, 0>, 12u>, config2>' (firmware/nnet_utils/nnet_conv_stream.h:54).
INFO: [XFORM 203-603] Inlining function 'nnet::mult_buffer<nnet::array<ap_fixed<16, 6, (ap_q_mode)5, (ap_o_mode)3, 0>, 1u>, nnet::array<ap_fixed<16, 6, (ap_q_mode)5, (ap_o_mode)3, 0>, 12u>, config2>' into 'nnet::compute_output<nnet::array<ap_fixed<16, 6, (ap_q_mode)5, (ap_o_mode)3, 0>, 1u>, nnet::array<ap_fixed<16, 6, (ap_q_mode)5, (ap_o_mode)3, 0>, 12u>, config2>' (firmware/nnet_utils/nnet_conv_stream.h:103).
INFO: [XFORM 203-603] Inlining function 'nnet::compute_output<nnet::array<ap_fixed<16, 6, (ap_q_mode)5, (ap_o_mode)3, 0>, 1u>, nnet::array<ap_fixed<16, 6, (ap_q_mode)5, (ap_o_mode)3, 0>, 12u>, config2>' into 'nnet::conv_1d_cl<nnet::array<ap_fixed<16, 6, (ap_q_mode)5, (ap_o_mode)3, 0>, 1u>, nnet::array<ap_fixed<16, 6, (ap_q_mode)5, (ap_o_mode)3, 0>, 12u>, config2>' (firmware/nnet_utils/nnet_conv1d_stream.h:56).
INFO: [XFORM 203-603] Inlining function 'nnet::array<ap_fixed<7, 1, (ap_q_mode)0, (ap_o_mode)0, 0>, 12u>::operator[]' into 'nnet::dense<nnet::array<ap_fixed<7, 1, (ap_q_mode)0, (ap_o_mode)0, 0>, 12u>, nnet::array<ap_fixed<16, 6, (ap_q_mode)5, (ap_o_mode)3, 0>, 32u>, config8>' (firmware/nnet_utils/nnet_dense_stream.h:48).
INFO: [XFORM 203-603] Inlining function 'nnet::array<ap_fixed<7, 1, (ap_q_mode)0, (ap_o_mode)0, 0>, 12u>::operator[]' into 'nnet::relu<nnet::array<ap_fixed<16, 6, (ap_q_mode)5, (ap_o_mode)3, 0>, 12u>, nnet::array<ap_fixed<7, 1, (ap_q_mode)0, (ap_o_mode)0, 0>, 12u>, relu_config7>' (firmware/nnet_utils/nnet_activation_stream.h:70).
INFO: [XFORM 203-603] Inlining function 'nnet::array<ap_fixed<7, 1, (ap_q_mode)0, (ap_o_mode)0, 0>, 12u>::operator[]' into 'nnet::relu<nnet::array<ap_fixed<16, 6, (ap_q_mode)5, (ap_o_mode)3, 0>, 12u>, nnet::array<ap_fixed<7, 1, (ap_q_mode)0, (ap_o_mode)0, 0>, 12u>, relu_config7>' (firmware/nnet_utils/nnet_activation_stream.h:69).
INFO: [XFORM 203-603] Inlining function 'nnet::array<ap_fixed<7, 1, (ap_q_mode)0, (ap_o_mode)0, 0>, 12u>::operator[]' into 'nnet::relu<nnet::array<ap_fixed<16, 6, (ap_q_mode)5, (ap_o_mode)3, 0>, 12u>, nnet::array<ap_fixed<7, 1, (ap_q_mode)0, (ap_o_mode)0, 0>, 12u>, relu_config4>' (firmware/nnet_utils/nnet_activation_stream.h:70).
INFO: [XFORM 203-603] Inlining function 'nnet::array<ap_fixed<7, 1, (ap_q_mode)0, (ap_o_mode)0, 0>, 12u>::operator[]' into 'nnet::relu<nnet::array<ap_fixed<16, 6, (ap_q_mode)5, (ap_o_mode)3, 0>, 12u>, nnet::array<ap_fixed<7, 1, (ap_q_mode)0, (ap_o_mode)0, 0>, 12u>, relu_config4>' (firmware/nnet_utils/nnet_activation_stream.h:69).
INFO: [XFORM 203-603] Inlining function 'nnet::scale_index<4u, 1u, 13u>' into 'nnet::compute_scaled_indices_1d<nnet::array<ap_fixed<7, 1, (ap_q_mode)0, (ap_o_mode)0, 0>, 12u>, config5>' (firmware/nnet_utils/nnet_conv1d_stream.h:20).
INFO: [XFORM 203-603] Inlining function 'nnet::array<ap_fixed<7, 1, (ap_q_mode)0, (ap_o_mode)0, 0>, 12u>::operator[].1' into 'nnet::compute_output<nnet::array<ap_fixed<7, 1, (ap_q_mode)0, (ap_o_mode)0, 0>, 12u>, nnet::array<ap_fixed<16, 6, (ap_q_mode)5, (ap_o_mode)3, 0>, 12u>, config5>' (firmware/nnet_utils/nnet_conv_stream.h:99).
INFO: [XFORM 203-603] Inlining function 'nnet::product::mult<ap_fixed<7, 1, (ap_q_mode)0, (ap_o_mode)0, 0>, ap_fixed<7, 1, (ap_q_mode)5, (ap_o_mode)3, 0>, ap_fixed<16, 6, (ap_q_mode)5, (ap_o_mode)3, 0> >::limit' into 'nnet::dense_latency<ap_fixed<7, 1, (ap_q_mode)0, (ap_o_mode)0, 0>, ap_fixed<16, 6, (ap_q_mode)5, (ap_o_mode)3, 0>, config5_mult>' (firmware/nnet_utils/nnet_dense_latency.h:57).
INFO: [XFORM 203-603] Inlining function 'nnet::product::mult<ap_fixed<7, 1, (ap_q_mode)0, (ap_o_mode)0, 0>, ap_fixed<7, 1, (ap_q_mode)5, (ap_o_mode)3, 0>, ap_fixed<16, 6, (ap_q_mode)5, (ap_o_mode)3, 0> >::limit' into 'nnet::dense_latency<ap_fixed<7, 1, (ap_q_mode)0, (ap_o_mode)0, 0>, ap_fixed<16, 6, (ap_q_mode)5, (ap_o_mode)3, 0>, config8>' (firmware/nnet_utils/nnet_dense_latency.h:57).
INFO: [XFORM 203-603] Inlining function 'nnet::product::mult<ap_fixed<7, 1, (ap_q_mode)0, (ap_o_mode)0, 0>, ap_fixed<7, 1, (ap_q_mode)5, (ap_o_mode)3, 0>, ap_fixed<16, 6, (ap_q_mode)5, (ap_o_mode)3, 0> >::limit' into 'nnet::dense_latency<ap_fixed<7, 1, (ap_q_mode)0, (ap_o_mode)0, 0>, ap_fixed<16, 6, (ap_q_mode)5, (ap_o_mode)3, 0>, config11>' (firmware/nnet_utils/nnet_dense_latency.h:57).
INFO: [XFORM 203-603] Inlining function 'nnet::product::mult<ap_fixed<7, 1, (ap_q_mode)0, (ap_o_mode)0, 0>, ap_fixed<7, 1, (ap_q_mode)5, (ap_o_mode)3, 0>, ap_fixed<16, 6, (ap_q_mode)5, (ap_o_mode)3, 0> >::limit' into 'nnet::dense_latency<ap_fixed<7, 1, (ap_q_mode)0, (ap_o_mode)0, 0>, ap_fixed<16, 6, (ap_q_mode)5, (ap_o_mode)3, 0>, config14>' (firmware/nnet_utils/nnet_dense_latency.h:57).
INFO: [XFORM 203-603] Inlining function 'nnet::product::mult<ap_fixed<7, 1, (ap_q_mode)0, (ap_o_mode)0, 0>, ap_fixed<7, 1, (ap_q_mode)5, (ap_o_mode)3, 0>, ap_fixed<16, 6, (ap_q_mode)5, (ap_o_mode)3, 0> >::product' into 'nnet::dense_latency<ap_fixed<7, 1, (ap_q_mode)0, (ap_o_mode)0, 0>, ap_fixed<16, 6, (ap_q_mode)5, (ap_o_mode)3, 0>, config5_mult>' (firmware/nnet_utils/nnet_dense_latency.h:96).
INFO: [XFORM 203-603] Inlining function 'nnet::product::mult<ap_fixed<7, 1, (ap_q_mode)0, (ap_o_mode)0, 0>, ap_fixed<7, 1, (ap_q_mode)5, (ap_o_mode)3, 0>, ap_fixed<16, 6, (ap_q_mode)5, (ap_o_mode)3, 0> >::product' into 'nnet::dense_latency<ap_fixed<7, 1, (ap_q_mode)0, (ap_o_mode)0, 0>, ap_fixed<16, 6, (ap_q_mode)5, (ap_o_mode)3, 0>, config8>' (firmware/nnet_utils/nnet_dense_latency.h:96).
INFO: [XFORM 203-603] Inlining function 'nnet::product::mult<ap_fixed<7, 1, (ap_q_mode)0, (ap_o_mode)0, 0>, ap_fixed<7, 1, (ap_q_mode)5, (ap_o_mode)3, 0>, ap_fixed<16, 6, (ap_q_mode)5, (ap_o_mode)3, 0> >::product' into 'nnet::dense_latency<ap_fixed<7, 1, (ap_q_mode)0, (ap_o_mode)0, 0>, ap_fixed<16, 6, (ap_q_mode)5, (ap_o_mode)3, 0>, config11>' (firmware/nnet_utils/nnet_dense_latency.h:96).
INFO: [XFORM 203-603] Inlining function 'nnet::product::mult<ap_fixed<7, 1, (ap_q_mode)0, (ap_o_mode)0, 0>, ap_fixed<7, 1, (ap_q_mode)5, (ap_o_mode)3, 0>, ap_fixed<16, 6, (ap_q_mode)5, (ap_o_mode)3, 0> >::product' into 'nnet::dense_latency<ap_fixed<7, 1, (ap_q_mode)0, (ap_o_mode)0, 0>, ap_fixed<16, 6, (ap_q_mode)5, (ap_o_mode)3, 0>, config14>' (firmware/nnet_utils/nnet_dense_latency.h:96).
INFO: [XFORM 203-603] Inlining function 'nnet::dense_latency<ap_fixed<7, 1, (ap_q_mode)0, (ap_o_mode)0, 0>, ap_fixed<16, 6, (ap_q_mode)5, (ap_o_mode)3, 0>, config5_mult>' into 'nnet::mult_buffer<nnet::array<ap_fixed<7, 1, (ap_q_mode)0, (ap_o_mode)0, 0>, 12u>, nnet::array<ap_fixed<16, 6, (ap_q_mode)5, (ap_o_mode)3, 0>, 12u>, config5>' (firmware/nnet_utils/nnet_conv_stream.h:54).
INFO: [XFORM 203-603] Inlining function 'nnet::mult_buffer<nnet::array<ap_fixed<7, 1, (ap_q_mode)0, (ap_o_mode)0, 0>, 12u>, nnet::array<ap_fixed<16, 6, (ap_q_mode)5, (ap_o_mode)3, 0>, 12u>, config5>' into 'nnet::compute_output<nnet::array<ap_fixed<7, 1, (ap_q_mode)0, (ap_o_mode)0, 0>, 12u>, nnet::array<ap_fixed<16, 6, (ap_q_mode)5, (ap_o_mode)3, 0>, 12u>, config5>' (firmware/nnet_utils/nnet_conv_stream.h:103).
INFO: [XFORM 203-603] Inlining function 'nnet::compute_output<nnet::array<ap_fixed<7, 1, (ap_q_mode)0, (ap_o_mode)0, 0>, 12u>, nnet::array<ap_fixed<16, 6, (ap_q_mode)5, (ap_o_mode)3, 0>, 12u>, config5>' into 'nnet::conv_1d_cl<nnet::array<ap_fixed<7, 1, (ap_q_mode)0, (ap_o_mode)0, 0>, 12u>, nnet::array<ap_fixed<16, 6, (ap_q_mode)5, (ap_o_mode)3, 0>, 12u>, config5>' (firmware/nnet_utils/nnet_conv1d_stream.h:56).
INFO: [XFORM 203-603] Inlining function 'nnet::dense_latency<ap_fixed<7, 1, (ap_q_mode)0, (ap_o_mode)0, 0>, ap_fixed<16, 6, (ap_q_mode)5, (ap_o_mode)3, 0>, config8>' into 'nnet::dense_wrapper<ap_fixed<7, 1, (ap_q_mode)0, (ap_o_mode)0, 0>, ap_fixed<16, 6, (ap_q_mode)5, (ap_o_mode)3, 0>, config8>' (firmware/nnet_utils/nnet_dense_stream.h:22).
INFO: [XFORM 203-603] Inlining function 'nnet::array<ap_fixed<16, 6, (ap_q_mode)5, (ap_o_mode)3, 0>, 32u>::operator[]' into 'nnet::relu<nnet::array<ap_fixed<16, 6, (ap_q_mode)5, (ap_o_mode)3, 0>, 32u>, nnet::array<ap_fixed<7, 1, (ap_q_mode)0, (ap_o_mode)0, 0>, 32u>, relu_config13>' (firmware/nnet_utils/nnet_activation_stream.h:69).
INFO: [XFORM 203-603] Inlining function 'nnet::array<ap_fixed<16, 6, (ap_q_mode)5, (ap_o_mode)3, 0>, 32u>::operator[]' into 'nnet::relu<nnet::array<ap_fixed<16, 6, (ap_q_mode)5, (ap_o_mode)3, 0>, 32u>, nnet::array<ap_fixed<7, 1, (ap_q_mode)0, (ap_o_mode)0, 0>, 32u>, relu_config13>' (firmware/nnet_utils/nnet_activation_stream.h:69).
INFO: [XFORM 203-603] Inlining function 'nnet::array<ap_fixed<16, 6, (ap_q_mode)5, (ap_o_mode)3, 0>, 32u>::operator[]' into 'nnet::dense<nnet::array<ap_fixed<7, 1, (ap_q_mode)0, (ap_o_mode)0, 0>, 32u>, nnet::array<ap_fixed<16, 6, (ap_q_mode)5, (ap_o_mode)3, 0>, 32u>, config11>' (firmware/nnet_utils/nnet_dense_stream.h:62).
INFO: [XFORM 203-603] Inlining function 'nnet::array<ap_fixed<16, 6, (ap_q_mode)5, (ap_o_mode)3, 0>, 32u>::operator[]' into 'nnet::relu<nnet::array<ap_fixed<16, 6, (ap_q_mode)5, (ap_o_mode)3, 0>, 32u>, nnet::array<ap_fixed<7, 1, (ap_q_mode)0, (ap_o_mode)0, 0>, 32u>, relu_config10>' (firmware/nnet_utils/nnet_activation_stream.h:69).
INFO: [XFORM 203-603] Inlining function 'nnet::array<ap_fixed<16, 6, (ap_q_mode)5, (ap_o_mode)3, 0>, 32u>::operator[]' into 'nnet::relu<nnet::array<ap_fixed<16, 6, (ap_q_mode)5, (ap_o_mode)3, 0>, 32u>, nnet::array<ap_fixed<7, 1, (ap_q_mode)0, (ap_o_mode)0, 0>, 32u>, relu_config10>' (firmware/nnet_utils/nnet_activation_stream.h:69).
INFO: [XFORM 203-603] Inlining function 'nnet::array<ap_fixed<16, 6, (ap_q_mode)5, (ap_o_mode)3, 0>, 32u>::operator[]' into 'nnet::dense<nnet::array<ap_fixed<7, 1, (ap_q_mode)0, (ap_o_mode)0, 0>, 12u>, nnet::array<ap_fixed<16, 6, (ap_q_mode)5, (ap_o_mode)3, 0>, 32u>, config8>' (firmware/nnet_utils/nnet_dense_stream.h:62).
INFO: [XFORM 203-603] Inlining function 'nnet::array<ap_fixed<7, 1, (ap_q_mode)0, (ap_o_mode)0, 0>, 32u>::operator[]' into 'nnet::dense<nnet::array<ap_fixed<7, 1, (ap_q_mode)0, (ap_o_mode)0, 0>, 32u>, nnet::array<ap_fixed<16, 6, (ap_q_mode)5, (ap_o_mode)3, 0>, 5u>, config14>' (firmware/nnet_utils/nnet_dense_stream.h:48).
INFO: [XFORM 203-603] Inlining function 'nnet::array<ap_fixed<7, 1, (ap_q_mode)0, (ap_o_mode)0, 0>, 32u>::operator[]' into 'nnet::relu<nnet::array<ap_fixed<16, 6, (ap_q_mode)5, (ap_o_mode)3, 0>, 32u>, nnet::array<ap_fixed<7, 1, (ap_q_mode)0, (ap_o_mode)0, 0>, 32u>, relu_config13>' (firmware/nnet_utils/nnet_activation_stream.h:70).
INFO: [XFORM 203-603] Inlining function 'nnet::array<ap_fixed<7, 1, (ap_q_mode)0, (ap_o_mode)0, 0>, 32u>::operator[]' into 'nnet::relu<nnet::array<ap_fixed<16, 6, (ap_q_mode)5, (ap_o_mode)3, 0>, 32u>, nnet::array<ap_fixed<7, 1, (ap_q_mode)0, (ap_o_mode)0, 0>, 32u>, relu_config13>' (firmware/nnet_utils/nnet_activation_stream.h:69).
INFO: [XFORM 203-603] Inlining function 'nnet::array<ap_fixed<7, 1, (ap_q_mode)0, (ap_o_mode)0, 0>, 32u>::operator[]' into 'nnet::dense<nnet::array<ap_fixed<7, 1, (ap_q_mode)0, (ap_o_mode)0, 0>, 32u>, nnet::array<ap_fixed<16, 6, (ap_q_mode)5, (ap_o_mode)3, 0>, 32u>, config11>' (firmware/nnet_utils/nnet_dense_stream.h:48).
INFO: [XFORM 203-603] Inlining function 'nnet::array<ap_fixed<7, 1, (ap_q_mode)0, (ap_o_mode)0, 0>, 32u>::operator[]' into 'nnet::relu<nnet::array<ap_fixed<16, 6, (ap_q_mode)5, (ap_o_mode)3, 0>, 32u>, nnet::array<ap_fixed<7, 1, (ap_q_mode)0, (ap_o_mode)0, 0>, 32u>, relu_config10>' (firmware/nnet_utils/nnet_activation_stream.h:70).
INFO: [XFORM 203-603] Inlining function 'nnet::array<ap_fixed<7, 1, (ap_q_mode)0, (ap_o_mode)0, 0>, 32u>::operator[]' into 'nnet::relu<nnet::array<ap_fixed<16, 6, (ap_q_mode)5, (ap_o_mode)3, 0>, 32u>, nnet::array<ap_fixed<7, 1, (ap_q_mode)0, (ap_o_mode)0, 0>, 32u>, relu_config10>' (firmware/nnet_utils/nnet_activation_stream.h:69).
INFO: [XFORM 203-603] Inlining function 'nnet::dense_latency<ap_fixed<7, 1, (ap_q_mode)0, (ap_o_mode)0, 0>, ap_fixed<16, 6, (ap_q_mode)5, (ap_o_mode)3, 0>, config11>' into 'nnet::dense_wrapper<ap_fixed<7, 1, (ap_q_mode)0, (ap_o_mode)0, 0>, ap_fixed<16, 6, (ap_q_mode)5, (ap_o_mode)3, 0>, config11>' (firmware/nnet_utils/nnet_dense_stream.h:22).
INFO: [XFORM 203-603] Inlining function 'nnet::dense_latency<ap_fixed<7, 1, (ap_q_mode)0, (ap_o_mode)0, 0>, ap_fixed<16, 6, (ap_q_mode)5, (ap_o_mode)3, 0>, config14>' into 'nnet::dense_wrapper<ap_fixed<7, 1, (ap_q_mode)0, (ap_o_mode)0, 0>, ap_fixed<16, 6, (ap_q_mode)5, (ap_o_mode)3, 0>, config14>' (firmware/nnet_utils/nnet_dense_stream.h:22).
INFO: [XFORM 203-603] Inlining function 'nnet::array<ap_fixed<16, 6, (ap_q_mode)5, (ap_o_mode)3, 0>, 5u>::operator[]' into 'nnet::softmax_latency<nnet::array<ap_fixed<16, 6, (ap_q_mode)5, (ap_o_mode)3, 0>, 5u>, nnet::array<ap_fixed<16, 6, (ap_q_mode)5, (ap_o_mode)3, 0>, 5u>, softmax_config16>' (firmware/nnet_utils/nnet_activation_stream.h:175).
INFO: [XFORM 203-603] Inlining function 'nnet::array<ap_fixed<16, 6, (ap_q_mode)5, (ap_o_mode)3, 0>, 5u>::operator[]' into 'nnet::softmax_latency<nnet::array<ap_fixed<16, 6, (ap_q_mode)5, (ap_o_mode)3, 0>, 5u>, nnet::array<ap_fixed<16, 6, (ap_q_mode)5, (ap_o_mode)3, 0>, 5u>, softmax_config16>' (firmware/nnet_utils/nnet_activation_stream.h:156).
INFO: [XFORM 203-603] Inlining function 'nnet::array<ap_fixed<16, 6, (ap_q_mode)5, (ap_o_mode)3, 0>, 5u>::operator[]' into 'nnet::dense<nnet::array<ap_fixed<7, 1, (ap_q_mode)0, (ap_o_mode)0, 0>, 32u>, nnet::array<ap_fixed<16, 6, (ap_q_mode)5, (ap_o_mode)3, 0>, 5u>, config14>' (firmware/nnet_utils/nnet_dense_stream.h:62).
INFO: [HLS 200-111] Finished Standard Transforms Time (s): cpu = 00:00:28 ; elapsed = 00:00:31 . Memory (MB): peak = 933.652 ; gain = 528.695 ; free physical = 5038 ; free virtual = 9092
INFO: [HLS 200-10] Checking synthesizability ...
INFO: [XFORM 203-602] Inlining function 'fp_struct<double>::mantissa' into 'generic_cast_IEEE754<int, (ap_q_mode)6, double>' (/wrk/2019.2/continuous/2019_11_06_2708876/src/products/hls/hls_lib/hlsmath/include/FloatingPoint/hls_case_IEEE754.h:15) automatically.
INFO: [XFORM 203-602] Inlining function 'fp_struct<double>::expv' into 'generic_cast_IEEE754<int, (ap_q_mode)6, double>' (/wrk/2019.2/continuous/2019_11_06_2708876/src/products/hls/hls_lib/hlsmath/include/FloatingPoint/hls_case_IEEE754.h:18) automatically.
INFO: [XFORM 203-602] Inlining function 'fp_struct<double>::__signbit' into 'generic_cast_IEEE754<int, (ap_q_mode)6, double>' (/wrk/2019.2/continuous/2019_11_06_2708876/src/products/hls/hls_lib/hlsmath/include/FloatingPoint/hls_case_IEEE754.h:59) automatically.
INFO: [XFORM 203-602] Inlining function 'generic_cast_IEEE754<int, (ap_q_mode)6, double>' into 'generic_cast_IEEE754<int, double>' (/wrk/2019.2/continuous/2019_11_06_2708876/src/products/hls/hls_lib/hlsmath/include/FloatingPoint/hls_case_IEEE754.h:117) automatically.
INFO: [XFORM 203-602] Inlining function 'generic_cast_IEEE754<int, double>' into '__hls_fptosi_double_i32' (/wrk/2019.2/continuous/2019_11_06_2708876/src/products/hls/hls_lib/hlsmath/src/lib_floatconversion.cpp:55) automatically.
INFO: [XFORM 203-602] Inlining function 'nnet::compute_scaled_indices_1d<nnet::array<ap_fixed<16, 6, (ap_q_mode)5, (ap_o_mode)3, 0>, 1u>, config2>' into 'nnet::conv_1d_cl<nnet::array<ap_fixed<16, 6, (ap_q_mode)5, (ap_o_mode)3, 0>, 1u>, nnet::array<ap_fixed<16, 6, (ap_q_mode)5, (ap_o_mode)3, 0>, 12u>, config2>' (firmware/nnet_utils/nnet_conv1d_stream.h:55) automatically.
INFO: [XFORM 203-602] Inlining function '__hls_fptosi_double_i32' into 'nnet::conv_1d_cl<nnet::array<ap_fixed<16, 6, (ap_q_mode)5, (ap_o_mode)3, 0>, 1u>, nnet::array<ap_fixed<16, 6, (ap_q_mode)5, (ap_o_mode)3, 0>, 12u>, config2>' (firmware/nnet_utils/nnet_dense_latency.h:56->firmware/nnet_utils/nnet_conv_stream.h:54->firmware/nnet_utils/nnet_conv_stream.h:103->firmware/nnet_utils/nnet_conv1d_stream.h:56) automatically.
INFO: [XFORM 203-602] Inlining function 'nnet::cast<ap_fixed<16, 6, (ap_q_mode)5, (ap_o_mode)3, 0>, ap_fixed<16, 6, (ap_q_mode)5, (ap_o_mode)3, 0>, config2_mult>' into 'nnet::conv_1d_cl<nnet::array<ap_fixed<16, 6, (ap_q_mode)5, (ap_o_mode)3, 0>, 1u>, nnet::array<ap_fixed<16, 6, (ap_q_mode)5, (ap_o_mode)3, 0>, 12u>, config2>' (firmware/nnet_utils/nnet_dense_latency.h:125->firmware/nnet_utils/nnet_conv_stream.h:54->firmware/nnet_utils/nnet_conv_stream.h:103->firmware/nnet_utils/nnet_conv1d_stream.h:56) automatically.
INFO: [XFORM 203-602] Inlining function 'nnet::compute_scaled_indices_1d<nnet::array<ap_fixed<7, 1, (ap_q_mode)0, (ap_o_mode)0, 0>, 12u>, config5>' into 'nnet::conv_1d_cl<nnet::array<ap_fixed<7, 1, (ap_q_mode)0, (ap_o_mode)0, 0>, 12u>, nnet::array<ap_fixed<16, 6, (ap_q_mode)5, (ap_o_mode)3, 0>, 12u>, config5>' (firmware/nnet_utils/nnet_conv1d_stream.h:55) automatically.
INFO: [XFORM 203-602] Inlining function '__hls_fptosi_double_i32' into 'nnet::conv_1d_cl<nnet::array<ap_fixed<7, 1, (ap_q_mode)0, (ap_o_mode)0, 0>, 12u>, nnet::array<ap_fixed<16, 6, (ap_q_mode)5, (ap_o_mode)3, 0>, 12u>, config5>' (firmware/nnet_utils/nnet_dense_latency.h:56->firmware/nnet_utils/nnet_conv_stream.h:54->firmware/nnet_utils/nnet_conv_stream.h:103->firmware/nnet_utils/nnet_conv1d_stream.h:56) automatically.
INFO: [XFORM 203-602] Inlining function 'nnet::cast<ap_fixed<7, 1, (ap_q_mode)0, (ap_o_mode)0, 0>, ap_fixed<16, 6, (ap_q_mode)5, (ap_o_mode)3, 0>, config5_mult>' into 'nnet::conv_1d_cl<nnet::array<ap_fixed<7, 1, (ap_q_mode)0, (ap_o_mode)0, 0>, 12u>, nnet::array<ap_fixed<16, 6, (ap_q_mode)5, (ap_o_mode)3, 0>, 12u>, config5>' (firmware/nnet_utils/nnet_dense_latency.h:125->firmware/nnet_utils/nnet_conv_stream.h:54->firmware/nnet_utils/nnet_conv_stream.h:103->firmware/nnet_utils/nnet_conv1d_stream.h:56) automatically.
INFO: [XFORM 203-602] Inlining function '__hls_fptosi_double_i32' into 'nnet::dense_wrapper<ap_fixed<7, 1, (ap_q_mode)0, (ap_o_mode)0, 0>, ap_fixed<16, 6, (ap_q_mode)5, (ap_o_mode)3, 0>, config8>' (firmware/nnet_utils/nnet_dense_latency.h:56->firmware/nnet_utils/nnet_dense_stream.h:22) automatically.
INFO: [XFORM 203-602] Inlining function 'nnet::cast<ap_fixed<7, 1, (ap_q_mode)0, (ap_o_mode)0, 0>, ap_fixed<16, 6, (ap_q_mode)5, (ap_o_mode)3, 0>, config8>' into 'nnet::dense_wrapper<ap_fixed<7, 1, (ap_q_mode)0, (ap_o_mode)0, 0>, ap_fixed<16, 6, (ap_q_mode)5, (ap_o_mode)3, 0>, config8>' (firmware/nnet_utils/nnet_dense_latency.h:125->firmware/nnet_utils/nnet_dense_stream.h:22) automatically.
INFO: [XFORM 203-602] Inlining function '__hls_fptosi_double_i32' into 'nnet::dense_wrapper<ap_fixed<7, 1, (ap_q_mode)0, (ap_o_mode)0, 0>, ap_fixed<16, 6, (ap_q_mode)5, (ap_o_mode)3, 0>, config11>' (firmware/nnet_utils/nnet_dense_latency.h:56->firmware/nnet_utils/nnet_dense_stream.h:22) automatically.
INFO: [XFORM 203-602] Inlining function 'nnet::cast<ap_fixed<7, 1, (ap_q_mode)0, (ap_o_mode)0, 0>, ap_fixed<16, 6, (ap_q_mode)5, (ap_o_mode)3, 0>, config11>' into 'nnet::dense_wrapper<ap_fixed<7, 1, (ap_q_mode)0, (ap_o_mode)0, 0>, ap_fixed<16, 6, (ap_q_mode)5, (ap_o_mode)3, 0>, config11>' (firmware/nnet_utils/nnet_dense_latency.h:125->firmware/nnet_utils/nnet_dense_stream.h:22) automatically.
INFO: [XFORM 203-602] Inlining function '__hls_fptosi_double_i32' into 'nnet::dense_wrapper<ap_fixed<7, 1, (ap_q_mode)0, (ap_o_mode)0, 0>, ap_fixed<16, 6, (ap_q_mode)5, (ap_o_mode)3, 0>, config14>' (firmware/nnet_utils/nnet_dense_latency.h:56->firmware/nnet_utils/nnet_dense_stream.h:22) automatically.
INFO: [XFORM 203-602] Inlining function 'nnet::cast<ap_fixed<7, 1, (ap_q_mode)0, (ap_o_mode)0, 0>, ap_fixed<16, 6, (ap_q_mode)5, (ap_o_mode)3, 0>, config14>' into 'nnet::dense_wrapper<ap_fixed<7, 1, (ap_q_mode)0, (ap_o_mode)0, 0>, ap_fixed<16, 6, (ap_q_mode)5, (ap_o_mode)3, 0>, config14>' (firmware/nnet_utils/nnet_dense_latency.h:125->firmware/nnet_utils/nnet_dense_stream.h:22) automatically.
INFO: [XFORM 203-602] Inlining function 'nnet::Op_add<ap_fixed<18, 8, (ap_q_mode)5, (ap_o_mode)3, 0> >::operator()' into 'nnet::reduce<ap_fixed<18, 8, (ap_q_mode)5, (ap_o_mode)3, 0>, 2, nnet::Op_add<ap_fixed<18, 8, (ap_q_mode)5, (ap_o_mode)3, 0> > >' (firmware/nnet_utils/nnet_common.h:50) automatically.
INFO: [XFORM 203-602] Inlining function 'nnet::reduce<ap_fixed<18, 8, (ap_q_mode)5, (ap_o_mode)3, 0>, 2, nnet::Op_add<ap_fixed<18, 8, (ap_q_mode)5, (ap_o_mode)3, 0> > >' into 'nnet::reduce<ap_fixed<18, 8, (ap_q_mode)5, (ap_o_mode)3, 0>, 4, nnet::Op_add<ap_fixed<18, 8, (ap_q_mode)5, (ap_o_mode)3, 0> > >' (firmware/nnet_utils/nnet_common.h:62) automatically.
INFO: [XFORM 203-602] Inlining function 'nnet::Op_add<ap_fixed<18, 8, (ap_q_mode)5, (ap_o_mode)3, 0> >::operator()' into 'nnet::reduce<ap_fixed<18, 8, (ap_q_mode)5, (ap_o_mode)3, 0>, 4, nnet::Op_add<ap_fixed<18, 8, (ap_q_mode)5, (ap_o_mode)3, 0> > >' (firmware/nnet_utils/nnet_common.h:62) automatically.
INFO: [XFORM 203-602] Inlining function 'nnet::reduce<ap_fixed<18, 8, (ap_q_mode)5, (ap_o_mode)3, 0>, 1, nnet::Op_add<ap_fixed<18, 8, (ap_q_mode)5, (ap_o_mode)3, 0> > >' into 'nnet::reduce<ap_fixed<18, 8, (ap_q_mode)5, (ap_o_mode)3, 0>, 5, nnet::Op_add<ap_fixed<18, 8, (ap_q_mode)5, (ap_o_mode)3, 0> > >' (firmware/nnet_utils/nnet_common.h:62) automatically.
INFO: [XFORM 203-602] Inlining function 'nnet::Op_add<ap_fixed<18, 8, (ap_q_mode)5, (ap_o_mode)3, 0> >::operator()' into 'nnet::reduce<ap_fixed<18, 8, (ap_q_mode)5, (ap_o_mode)3, 0>, 5, nnet::Op_add<ap_fixed<18, 8, (ap_q_mode)5, (ap_o_mode)3, 0> > >' (firmware/nnet_utils/nnet_common.h:62) automatically.
INFO: [XFORM 203-602] Inlining function 'nnet::softmax_idx_from_real_val<ap_fixed<16, 6, (ap_q_mode)5, (ap_o_mode)3, 0>, softmax_config16>' into 'nnet::softmax_latency<nnet::array<ap_fixed<16, 6, (ap_q_mode)5, (ap_o_mode)3, 0>, 5u>, nnet::array<ap_fixed<16, 6, (ap_q_mode)5, (ap_o_mode)3, 0>, 5u>, softmax_config16>' (firmware/nnet_utils/nnet_activation_stream.h:156) automatically.
INFO: [XFORM 203-602] Inlining function 'nnet::reduce<ap_fixed<18, 8, (ap_q_mode)5, (ap_o_mode)3, 0>, 5, nnet::Op_add<ap_fixed<18, 8, (ap_q_mode)5, (ap_o_mode)3, 0> > >' into 'nnet::softmax_latency<nnet::array<ap_fixed<16, 6, (ap_q_mode)5, (ap_o_mode)3, 0>, 5u>, nnet::array<ap_fixed<16, 6, (ap_q_mode)5, (ap_o_mode)3, 0>, 5u>, softmax_config16>' (firmware/nnet_utils/nnet_activation_stream.h:164) automatically.
INFO: [XFORM 203-602] Inlining function 'nnet::softmax_idx_from_real_val<ap_fixed<18, 8, (ap_q_mode)5, (ap_o_mode)3, 0>, softmax_config16>' into 'nnet::softmax_latency<nnet::array<ap_fixed<16, 6, (ap_q_mode)5, (ap_o_mode)3, 0>, 5u>, nnet::array<ap_fixed<16, 6, (ap_q_mode)5, (ap_o_mode)3, 0>, 5u>, softmax_config16>' (firmware/nnet_utils/nnet_activation_stream.h:166) automatically.
INFO: [HLS 200-111] Finished Checking Synthesizability Time (s): cpu = 00:00:30 ; elapsed = 00:00:34 . Memory (MB): peak = 1058.211 ; gain = 653.254 ; free physical = 5006 ; free virtual = 9060
INFO: [XFORM 203-1101] Packing variable 'out_pack.data.V' (firmware/nnet_utils/nnet_activation_stream.h:170) into a 80-bit variable.
INFO: [XFORM 203-1101] Packing variable 'out_data.data.V' (firmware/nnet_utils/nnet_activation_stream.h:64) into a 224-bit variable.
INFO: [XFORM 203-1101] Packing variable 'out_data.data.V' (firmware/nnet_utils/nnet_activation_stream.h:64) into a 224-bit variable.
INFO: [XFORM 203-1101] Packing variable 'out_data.data.V' (firmware/nnet_utils/nnet_activation_stream.h:64) into a 84-bit variable.
INFO: [XFORM 203-1101] Packing variable 'out_data.data.V' (firmware/nnet_utils/nnet_activation_stream.h:64) into a 84-bit variable.
INFO: [XFORM 203-1101] Packing variable 'res_pack.data.V' (firmware/nnet_utils/nnet_dense_stream.h:58) into a 80-bit variable.
INFO: [XFORM 203-1101] Packing variable 'res_pack.data.V' (firmware/nnet_utils/nnet_dense_stream.h:58) into a 512-bit variable.
INFO: [XFORM 203-1101] Packing variable 'res_pack.data.V' (firmware/nnet_utils/nnet_dense_stream.h:58) into a 512-bit variable.
INFO: [XFORM 203-1101] Packing variable 'res_pack.data.V' (firmware/nnet_utils/nnet_conv1d_stream.h:43) into a 192-bit variable.
INFO: [XFORM 203-1101] Packing variable 'res_pack.data.V' (firmware/nnet_utils/nnet_conv1d_stream.h:43) into a 192-bit variable.
INFO: [XFORM 203-502] Unrolling all loops for pipelining in function 'nnet::softmax_latency<nnet::array<ap_fixed<16, 6, (ap_q_mode)5, (ap_o_mode)3, 0>, 5u>, nnet::array<ap_fixed<16, 6, (ap_q_mode)5, (ap_o_mode)3, 0>, 5u>, softmax_config16>' (firmware/nnet_utils/nnet_activation_stream.h:146:59).
INFO: [XFORM 203-502] Unrolling all loops for pipelining in function 'nnet::relu<nnet::array<ap_fixed<16, 6, (ap_q_mode)5, (ap_o_mode)3, 0>, 32u>, nnet::array<ap_fixed<7, 1, (ap_q_mode)0, (ap_o_mode)0, 0>, 32u>, relu_config13>' (firmware/nnet_utils/nnet_activation_stream.h:60:36).
INFO: [XFORM 203-502] Unrolling all loops for pipelining in function 'nnet::relu<nnet::array<ap_fixed<16, 6, (ap_q_mode)5, (ap_o_mode)3, 0>, 32u>, nnet::array<ap_fixed<7, 1, (ap_q_mode)0, (ap_o_mode)0, 0>, 32u>, relu_config10>' (firmware/nnet_utils/nnet_activation_stream.h:60:36).
INFO: [XFORM 203-502] Unrolling all sub-loops inside loop 'ReLUActLoop' (firmware/nnet_utils/nnet_activation_stream.h:60) in function 'nnet::relu<nnet::array<ap_fixed<16, 6, (ap_q_mode)5, (ap_o_mode)3, 0>, 12u>, nnet::array<ap_fixed<7, 1, (ap_q_mode)0, (ap_o_mode)0, 0>, 12u>, relu_config7>' for pipelining.
INFO: [XFORM 203-502] Unrolling all sub-loops inside loop 'ReLUActLoop' (firmware/nnet_utils/nnet_activation_stream.h:60) in function 'nnet::relu<nnet::array<ap_fixed<16, 6, (ap_q_mode)5, (ap_o_mode)3, 0>, 12u>, nnet::array<ap_fixed<7, 1, (ap_q_mode)0, (ap_o_mode)0, 0>, 12u>, relu_config4>' for pipelining.
INFO: [XFORM 203-502] Unrolling all sub-loops inside loop 'DataPrepare' (firmware/nnet_utils/nnet_dense_stream.h:41) in function 'nnet::dense<nnet::array<ap_fixed<7, 1, (ap_q_mode)0, (ap_o_mode)0, 0>, 12u>, nnet::array<ap_fixed<16, 6, (ap_q_mode)5, (ap_o_mode)3, 0>, 32u>, config8>' for pipelining.
INFO: [XFORM 203-502] Unrolling all sub-loops inside loop 'ReadInputWidth' (firmware/nnet_utils/nnet_conv1d_stream.h:50) in function 'nnet::conv_1d_cl<nnet::array<ap_fixed<7, 1, (ap_q_mode)0, (ap_o_mode)0, 0>, 12u>, nnet::array<ap_fixed<16, 6, (ap_q_mode)5, (ap_o_mode)3, 0>, 12u>, config5>' for pipelining.
INFO: [XFORM 203-502] Unrolling all sub-loops inside loop 'ReadInputWidth' (firmware/nnet_utils/nnet_conv1d_stream.h:50) in function 'nnet::conv_1d_cl<nnet::array<ap_fixed<16, 6, (ap_q_mode)5, (ap_o_mode)3, 0>, 1u>, nnet::array<ap_fixed<16, 6, (ap_q_mode)5, (ap_o_mode)3, 0>, 12u>, config2>' for pipelining.
INFO: [XFORM 203-502] Unrolling all loops for pipelining in function 'nnet::reduce<ap_fixed<18, 8, (ap_q_mode)5, (ap_o_mode)3, 0>, 5, nnet::Op_add<ap_fixed<18, 8, (ap_q_mode)5, (ap_o_mode)3, 0> > >' (firmware/nnet_utils/nnet_common.h:52:43).
INFO: [XFORM 203-502] Unrolling all loops for pipelining in function 'nnet::reduce<ap_fixed<18, 8, (ap_q_mode)5, (ap_o_mode)3, 0>, 4, nnet::Op_add<ap_fixed<18, 8, (ap_q_mode)5, (ap_o_mode)3, 0> > >' (firmware/nnet_utils/nnet_common.h:52:43).
INFO: [XFORM 203-502] Unrolling all loops for pipelining in function 'nnet::dense_wrapper<ap_fixed<7, 1, (ap_q_mode)0, (ap_o_mode)0, 0>, ap_fixed<16, 6, (ap_q_mode)5, (ap_o_mode)3, 0>, config14>' (firmware/nnet_utils/nnet_dense_latency.h:20:55).
INFO: [XFORM 203-502] Unrolling all loops for pipelining in function 'nnet::dense_wrapper<ap_fixed<7, 1, (ap_q_mode)0, (ap_o_mode)0, 0>, ap_fixed<16, 6, (ap_q_mode)5, (ap_o_mode)3, 0>, config11>' (firmware/nnet_utils/nnet_dense_latency.h:20:55).
INFO: [XFORM 203-502] Unrolling all loops for pipelining in function 'nnet::dense_wrapper<ap_fixed<7, 1, (ap_q_mode)0, (ap_o_mode)0, 0>, ap_fixed<16, 6, (ap_q_mode)5, (ap_o_mode)3, 0>, config8>' (firmware/nnet_utils/nnet_dense_latency.h:20:55).
INFO: [HLS 200-489] Unrolling loop 'SoftmaxExpPackLoop' (firmware/nnet_utils/nnet_activation_stream.h:154) in function 'nnet::softmax_latency<nnet::array<ap_fixed<16, 6, (ap_q_mode)5, (ap_o_mode)3, 0>, 5u>, nnet::array<ap_fixed<16, 6, (ap_q_mode)5, (ap_o_mode)3, 0>, 5u>, softmax_config16>' completely with a factor of 5.
INFO: [HLS 200-489] Unrolling loop 'SoftmaxInvPackLoop' (firmware/nnet_utils/nnet_activation_stream.h:172) in function 'nnet::softmax_latency<nnet::array<ap_fixed<16, 6, (ap_q_mode)5, (ap_o_mode)3, 0>, 5u>, nnet::array<ap_fixed<16, 6, (ap_q_mode)5, (ap_o_mode)3, 0>, 5u>, softmax_config16>' completely with a factor of 5.
INFO: [HLS 200-489] Unrolling loop 'ReLUPackLoop' (firmware/nnet_utils/nnet_activation_stream.h:67) in function 'nnet::relu<nnet::array<ap_fixed<16, 6, (ap_q_mode)5, (ap_o_mode)3, 0>, 32u>, nnet::array<ap_fixed<7, 1, (ap_q_mode)0, (ap_o_mode)0, 0>, 32u>, relu_config13>' completely with a factor of 32.
INFO: [HLS 200-489] Unrolling loop 'ReLUPackLoop' (firmware/nnet_utils/nnet_activation_stream.h:67) in function 'nnet::relu<nnet::array<ap_fixed<16, 6, (ap_q_mode)5, (ap_o_mode)3, 0>, 32u>, nnet::array<ap_fixed<7, 1, (ap_q_mode)0, (ap_o_mode)0, 0>, 32u>, relu_config10>' completely with a factor of 32.
INFO: [HLS 200-489] Unrolling loop 'ReLUPackLoop' (firmware/nnet_utils/nnet_activation_stream.h:67) in function 'nnet::relu<nnet::array<ap_fixed<16, 6, (ap_q_mode)5, (ap_o_mode)3, 0>, 12u>, nnet::array<ap_fixed<7, 1, (ap_q_mode)0, (ap_o_mode)0, 0>, 12u>, relu_config7>' completely with a factor of 12.
INFO: [HLS 200-489] Unrolling loop 'ReLUPackLoop' (firmware/nnet_utils/nnet_activation_stream.h:67) in function 'nnet::relu<nnet::array<ap_fixed<16, 6, (ap_q_mode)5, (ap_o_mode)3, 0>, 12u>, nnet::array<ap_fixed<7, 1, (ap_q_mode)0, (ap_o_mode)0, 0>, 12u>, relu_config4>' completely with a factor of 12.
INFO: [HLS 200-489] Unrolling loop 'DataPack' (firmware/nnet_utils/nnet_dense_stream.h:46) in function 'nnet::dense<nnet::array<ap_fixed<7, 1, (ap_q_mode)0, (ap_o_mode)0, 0>, 32u>, nnet::array<ap_fixed<16, 6, (ap_q_mode)5, (ap_o_mode)3, 0>, 5u>, config14>' completely with a factor of 32.
INFO: [HLS 200-489] Unrolling loop 'ResPack' (firmware/nnet_utils/nnet_dense_stream.h:60) in function 'nnet::dense<nnet::array<ap_fixed<7, 1, (ap_q_mode)0, (ap_o_mode)0, 0>, 32u>, nnet::array<ap_fixed<16, 6, (ap_q_mode)5, (ap_o_mode)3, 0>, 5u>, config14>' completely with a factor of 5.
INFO: [HLS 200-489] Unrolling loop 'DataPack' (firmware/nnet_utils/nnet_dense_stream.h:46) in function 'nnet::dense<nnet::array<ap_fixed<7, 1, (ap_q_mode)0, (ap_o_mode)0, 0>, 32u>, nnet::array<ap_fixed<16, 6, (ap_q_mode)5, (ap_o_mode)3, 0>, 32u>, config11>' completely with a factor of 32.
INFO: [HLS 200-489] Unrolling loop 'ResPack' (firmware/nnet_utils/nnet_dense_stream.h:60) in function 'nnet::dense<nnet::array<ap_fixed<7, 1, (ap_q_mode)0, (ap_o_mode)0, 0>, 32u>, nnet::array<ap_fixed<16, 6, (ap_q_mode)5, (ap_o_mode)3, 0>, 32u>, config11>' completely with a factor of 32.
INFO: [HLS 200-489] Unrolling loop 'DataPack' (firmware/nnet_utils/nnet_dense_stream.h:46) in function 'nnet::dense<nnet::array<ap_fixed<7, 1, (ap_q_mode)0, (ap_o_mode)0, 0>, 12u>, nnet::array<ap_fixed<16, 6, (ap_q_mode)5, (ap_o_mode)3, 0>, 32u>, config8>' completely with a factor of 12.
INFO: [HLS 200-489] Unrolling loop 'ResPack' (firmware/nnet_utils/nnet_dense_stream.h:60) in function 'nnet::dense<nnet::array<ap_fixed<7, 1, (ap_q_mode)0, (ap_o_mode)0, 0>, 12u>, nnet::array<ap_fixed<16, 6, (ap_q_mode)5, (ap_o_mode)3, 0>, 32u>, config8>' completely with a factor of 32.
INFO: [HLS 200-489] Unrolling loop 'CopyDataFilt' (firmware/nnet_utils/nnet_conv_stream.h:95) in function 'nnet::conv_1d_cl<nnet::array<ap_fixed<7, 1, (ap_q_mode)0, (ap_o_mode)0, 0>, 12u>, nnet::array<ap_fixed<16, 6, (ap_q_mode)5, (ap_o_mode)3, 0>, 12u>, config5>' completely with a factor of 4.
INFO: [HLS 200-489] Unrolling loop 'CopyDataChan' (firmware/nnet_utils/nnet_conv_stream.h:97) in function 'nnet::conv_1d_cl<nnet::array<ap_fixed<7, 1, (ap_q_mode)0, (ap_o_mode)0, 0>, 12u>, nnet::array<ap_fixed<16, 6, (ap_q_mode)5, (ap_o_mode)3, 0>, 12u>, config5>' completely with a factor of 12.
INFO: [HLS 200-489] Unrolling loop 'InitData' (firmware/nnet_utils/nnet_conv_stream.h:47) in function 'nnet::conv_1d_cl<nnet::array<ap_fixed<7, 1, (ap_q_mode)0, (ap_o_mode)0, 0>, 12u>, nnet::array<ap_fixed<16, 6, (ap_q_mode)5, (ap_o_mode)3, 0>, 12u>, config5>' completely with a factor of 48.
INFO: [HLS 200-489] Unrolling loop 'Product1' (firmware/nnet_utils/nnet_dense_latency.h:85) in function 'nnet::conv_1d_cl<nnet::array<ap_fixed<7, 1, (ap_q_mode)0, (ap_o_mode)0, 0>, 12u>, nnet::array<ap_fixed<16, 6, (ap_q_mode)5, (ap_o_mode)3, 0>, 12u>, config5>' completely with a factor of 48.
INFO: [HLS 200-489] Unrolling loop 'Product2' (firmware/nnet_utils/nnet_dense_latency.h:90) in function 'nnet::conv_1d_cl<nnet::array<ap_fixed<7, 1, (ap_q_mode)0, (ap_o_mode)0, 0>, 12u>, nnet::array<ap_fixed<16, 6, (ap_q_mode)5, (ap_o_mode)3, 0>, 12u>, config5>' completely with a factor of 12.
INFO: [HLS 200-489] Unrolling loop 'ResetAccum' (firmware/nnet_utils/nnet_dense_latency.h:101) in function 'nnet::conv_1d_cl<nnet::array<ap_fixed<7, 1, (ap_q_mode)0, (ap_o_mode)0, 0>, 12u>, nnet::array<ap_fixed<16, 6, (ap_q_mode)5, (ap_o_mode)3, 0>, 12u>, config5>' completely with a factor of 12.
INFO: [HLS 200-489] Unrolling loop 'Accum1' (firmware/nnet_utils/nnet_dense_latency.h:109) in function 'nnet::conv_1d_cl<nnet::array<ap_fixed<7, 1, (ap_q_mode)0, (ap_o_mode)0, 0>, 12u>, nnet::array<ap_fixed<16, 6, (ap_q_mode)5, (ap_o_mode)3, 0>, 12u>, config5>' completely with a factor of 48.
INFO: [HLS 200-489] Unrolling loop 'Accum2' (firmware/nnet_utils/nnet_dense_latency.h:113) in function 'nnet::conv_1d_cl<nnet::array<ap_fixed<7, 1, (ap_q_mode)0, (ap_o_mode)0, 0>, 12u>, nnet::array<ap_fixed<16, 6, (ap_q_mode)5, (ap_o_mode)3, 0>, 12u>, config5>' completely with a factor of 12.
INFO: [HLS 200-489] Unrolling loop 'Result' (firmware/nnet_utils/nnet_dense_latency.h:120) in function 'nnet::conv_1d_cl<nnet::array<ap_fixed<7, 1, (ap_q_mode)0, (ap_o_mode)0, 0>, 12u>, nnet::array<ap_fixed<16, 6, (ap_q_mode)5, (ap_o_mode)3, 0>, 12u>, config5>' completely with a factor of 12.
INFO: [HLS 200-489] Unrolling loop 'CastLoop' (firmware/nnet_utils/nnet_conv_stream.h:59) in function 'nnet::conv_1d_cl<nnet::array<ap_fixed<7, 1, (ap_q_mode)0, (ap_o_mode)0, 0>, 12u>, nnet::array<ap_fixed<16, 6, (ap_q_mode)5, (ap_o_mode)3, 0>, 12u>, config5>' completely with a factor of 12.
INFO: [HLS 200-489] Unrolling loop 'CopyDataFilt' (firmware/nnet_utils/nnet_conv_stream.h:95) in function 'nnet::conv_1d_cl<nnet::array<ap_fixed<16, 6, (ap_q_mode)5, (ap_o_mode)3, 0>, 1u>, nnet::array<ap_fixed<16, 6, (ap_q_mode)5, (ap_o_mode)3, 0>, 12u>, config2>' completely with a factor of 4.
INFO: [HLS 200-489] Unrolling loop 'InitData' (firmware/nnet_utils/nnet_conv_stream.h:47) in function 'nnet::conv_1d_cl<nnet::array<ap_fixed<16, 6, (ap_q_mode)5, (ap_o_mode)3, 0>, 1u>, nnet::array<ap_fixed<16, 6, (ap_q_mode)5, (ap_o_mode)3, 0>, 12u>, config2>' completely with a factor of 4.
INFO: [HLS 200-489] Unrolling loop 'Product1' (firmware/nnet_utils/nnet_dense_latency.h:85) in function 'nnet::conv_1d_cl<nnet::array<ap_fixed<16, 6, (ap_q_mode)5, (ap_o_mode)3, 0>, 1u>, nnet::array<ap_fixed<16, 6, (ap_q_mode)5, (ap_o_mode)3, 0>, 12u>, config2>' completely with a factor of 4.
INFO: [HLS 200-489] Unrolling loop 'Product2' (firmware/nnet_utils/nnet_dense_latency.h:90) in function 'nnet::conv_1d_cl<nnet::array<ap_fixed<16, 6, (ap_q_mode)5, (ap_o_mode)3, 0>, 1u>, nnet::array<ap_fixed<16, 6, (ap_q_mode)5, (ap_o_mode)3, 0>, 12u>, config2>' completely with a factor of 12.
INFO: [HLS 200-489] Unrolling loop 'ResetAccum' (firmware/nnet_utils/nnet_dense_latency.h:101) in function 'nnet::conv_1d_cl<nnet::array<ap_fixed<16, 6, (ap_q_mode)5, (ap_o_mode)3, 0>, 1u>, nnet::array<ap_fixed<16, 6, (ap_q_mode)5, (ap_o_mode)3, 0>, 12u>, config2>' completely with a factor of 12.
INFO: [HLS 200-489] Unrolling loop 'Accum1' (firmware/nnet_utils/nnet_dense_latency.h:109) in function 'nnet::conv_1d_cl<nnet::array<ap_fixed<16, 6, (ap_q_mode)5, (ap_o_mode)3, 0>, 1u>, nnet::array<ap_fixed<16, 6, (ap_q_mode)5, (ap_o_mode)3, 0>, 12u>, config2>' completely with a factor of 4.
INFO: [HLS 200-489] Unrolling loop 'Accum2' (firmware/nnet_utils/nnet_dense_latency.h:113) in function 'nnet::conv_1d_cl<nnet::array<ap_fixed<16, 6, (ap_q_mode)5, (ap_o_mode)3, 0>, 1u>, nnet::array<ap_fixed<16, 6, (ap_q_mode)5, (ap_o_mode)3, 0>, 12u>, config2>' completely with a factor of 12.
INFO: [HLS 200-489] Unrolling loop 'Result' (firmware/nnet_utils/nnet_dense_latency.h:120) in function 'nnet::conv_1d_cl<nnet::array<ap_fixed<16, 6, (ap_q_mode)5, (ap_o_mode)3, 0>, 1u>, nnet::array<ap_fixed<16, 6, (ap_q_mode)5, (ap_o_mode)3, 0>, 12u>, config2>' completely with a factor of 12.
INFO: [HLS 200-489] Unrolling loop 'CastLoop' (firmware/nnet_utils/nnet_conv_stream.h:59) in function 'nnet::conv_1d_cl<nnet::array<ap_fixed<16, 6, (ap_q_mode)5, (ap_o_mode)3, 0>, 1u>, nnet::array<ap_fixed<16, 6, (ap_q_mode)5, (ap_o_mode)3, 0>, 12u>, config2>' completely with a factor of 12.
INFO: [HLS 200-489] Unrolling loop 'ReduceLeft' (firmware/nnet_utils/nnet_common.h:56) in function 'nnet::reduce<ap_fixed<18, 8, (ap_q_mode)5, (ap_o_mode)3, 0>, 5, nnet::Op_add<ap_fixed<18, 8, (ap_q_mode)5, (ap_o_mode)3, 0> > >' completely with a factor of 4.
INFO: [HLS 200-489] Unrolling loop 'ReduceRight' (firmware/nnet_utils/nnet_common.h:59) in function 'nnet::reduce<ap_fixed<18, 8, (ap_q_mode)5, (ap_o_mode)3, 0>, 5, nnet::Op_add<ap_fixed<18, 8, (ap_q_mode)5, (ap_o_mode)3, 0> > >' completely with a factor of 1.
INFO: [HLS 200-489] Unrolling loop 'ReduceLeft' (firmware/nnet_utils/nnet_common.h:56) in function 'nnet::reduce<ap_fixed<18, 8, (ap_q_mode)5, (ap_o_mode)3, 0>, 4, nnet::Op_add<ap_fixed<18, 8, (ap_q_mode)5, (ap_o_mode)3, 0> > >' completely with a factor of 2.
INFO: [HLS 200-489] Unrolling loop 'ReduceRight' (firmware/nnet_utils/nnet_common.h:59) in function 'nnet::reduce<ap_fixed<18, 8, (ap_q_mode)5, (ap_o_mode)3, 0>, 4, nnet::Op_add<ap_fixed<18, 8, (ap_q_mode)5, (ap_o_mode)3, 0> > >' completely with a factor of 2.
INFO: [HLS 200-489] Unrolling loop 'Product1' (firmware/nnet_utils/nnet_dense_latency.h:85) in function 'nnet::dense_wrapper<ap_fixed<7, 1, (ap_q_mode)0, (ap_o_mode)0, 0>, ap_fixed<16, 6, (ap_q_mode)5, (ap_o_mode)3, 0>, config14>' completely with a factor of 32.
INFO: [HLS 200-489] Unrolling loop 'Product2' (firmware/nnet_utils/nnet_dense_latency.h:90) in function 'nnet::dense_wrapper<ap_fixed<7, 1, (ap_q_mode)0, (ap_o_mode)0, 0>, ap_fixed<16, 6, (ap_q_mode)5, (ap_o_mode)3, 0>, config14>' completely with a factor of 5.
INFO: [HLS 200-489] Unrolling loop 'ResetAccum' (firmware/nnet_utils/nnet_dense_latency.h:101) in function 'nnet::dense_wrapper<ap_fixed<7, 1, (ap_q_mode)0, (ap_o_mode)0, 0>, ap_fixed<16, 6, (ap_q_mode)5, (ap_o_mode)3, 0>, config14>' completely with a factor of 5.
INFO: [HLS 200-489] Unrolling loop 'Accum1' (firmware/nnet_utils/nnet_dense_latency.h:109) in function 'nnet::dense_wrapper<ap_fixed<7, 1, (ap_q_mode)0, (ap_o_mode)0, 0>, ap_fixed<16, 6, (ap_q_mode)5, (ap_o_mode)3, 0>, config14>' completely with a factor of 32.
INFO: [HLS 200-489] Unrolling loop 'Accum2' (firmware/nnet_utils/nnet_dense_latency.h:113) in function 'nnet::dense_wrapper<ap_fixed<7, 1, (ap_q_mode)0, (ap_o_mode)0, 0>, ap_fixed<16, 6, (ap_q_mode)5, (ap_o_mode)3, 0>, config14>' completely with a factor of 5.
INFO: [HLS 200-489] Unrolling loop 'Result' (firmware/nnet_utils/nnet_dense_latency.h:120) in function 'nnet::dense_wrapper<ap_fixed<7, 1, (ap_q_mode)0, (ap_o_mode)0, 0>, ap_fixed<16, 6, (ap_q_mode)5, (ap_o_mode)3, 0>, config14>' completely with a factor of 5.
INFO: [HLS 200-489] Unrolling loop 'Product1' (firmware/nnet_utils/nnet_dense_latency.h:85) in function 'nnet::dense_wrapper<ap_fixed<7, 1, (ap_q_mode)0, (ap_o_mode)0, 0>, ap_fixed<16, 6, (ap_q_mode)5, (ap_o_mode)3, 0>, config11>' completely with a factor of 32.
INFO: [HLS 200-489] Unrolling loop 'Product2' (firmware/nnet_utils/nnet_dense_latency.h:90) in function 'nnet::dense_wrapper<ap_fixed<7, 1, (ap_q_mode)0, (ap_o_mode)0, 0>, ap_fixed<16, 6, (ap_q_mode)5, (ap_o_mode)3, 0>, config11>' completely with a factor of 32.
INFO: [HLS 200-489] Unrolling loop 'ResetAccum' (firmware/nnet_utils/nnet_dense_latency.h:101) in function 'nnet::dense_wrapper<ap_fixed<7, 1, (ap_q_mode)0, (ap_o_mode)0, 0>, ap_fixed<16, 6, (ap_q_mode)5, (ap_o_mode)3, 0>, config11>' completely with a factor of 32.
INFO: [HLS 200-489] Unrolling loop 'Accum1' (firmware/nnet_utils/nnet_dense_latency.h:109) in function 'nnet::dense_wrapper<ap_fixed<7, 1, (ap_q_mode)0, (ap_o_mode)0, 0>, ap_fixed<16, 6, (ap_q_mode)5, (ap_o_mode)3, 0>, config11>' completely with a factor of 32.
INFO: [HLS 200-489] Unrolling loop 'Accum2' (firmware/nnet_utils/nnet_dense_latency.h:113) in function 'nnet::dense_wrapper<ap_fixed<7, 1, (ap_q_mode)0, (ap_o_mode)0, 0>, ap_fixed<16, 6, (ap_q_mode)5, (ap_o_mode)3, 0>, config11>' completely with a factor of 32.
INFO: [HLS 200-489] Unrolling loop 'Result' (firmware/nnet_utils/nnet_dense_latency.h:120) in function 'nnet::dense_wrapper<ap_fixed<7, 1, (ap_q_mode)0, (ap_o_mode)0, 0>, ap_fixed<16, 6, (ap_q_mode)5, (ap_o_mode)3, 0>, config11>' completely with a factor of 32.
INFO: [HLS 200-489] Unrolling loop 'Product1' (firmware/nnet_utils/nnet_dense_latency.h:85) in function 'nnet::dense_wrapper<ap_fixed<7, 1, (ap_q_mode)0, (ap_o_mode)0, 0>, ap_fixed<16, 6, (ap_q_mode)5, (ap_o_mode)3, 0>, config8>' completely with a factor of 120.
INFO: [HLS 200-489] Unrolling loop 'Product2' (firmware/nnet_utils/nnet_dense_latency.h:90) in function 'nnet::dense_wrapper<ap_fixed<7, 1, (ap_q_mode)0, (ap_o_mode)0, 0>, ap_fixed<16, 6, (ap_q_mode)5, (ap_o_mode)3, 0>, config8>' completely with a factor of 32.
INFO: [HLS 200-489] Unrolling loop 'ResetAccum' (firmware/nnet_utils/nnet_dense_latency.h:101) in function 'nnet::dense_wrapper<ap_fixed<7, 1, (ap_q_mode)0, (ap_o_mode)0, 0>, ap_fixed<16, 6, (ap_q_mode)5, (ap_o_mode)3, 0>, config8>' completely with a factor of 32.
INFO: [HLS 200-489] Unrolling loop 'Accum1' (firmware/nnet_utils/nnet_dense_latency.h:109) in function 'nnet::dense_wrapper<ap_fixed<7, 1, (ap_q_mode)0, (ap_o_mode)0, 0>, ap_fixed<16, 6, (ap_q_mode)5, (ap_o_mode)3, 0>, config8>' completely with a factor of 120.
INFO: [HLS 200-489] Unrolling loop 'Accum2' (firmware/nnet_utils/nnet_dense_latency.h:113) in function 'nnet::dense_wrapper<ap_fixed<7, 1, (ap_q_mode)0, (ap_o_mode)0, 0>, ap_fixed<16, 6, (ap_q_mode)5, (ap_o_mode)3, 0>, config8>' completely with a factor of 32.
INFO: [HLS 200-489] Unrolling loop 'Result' (firmware/nnet_utils/nnet_dense_latency.h:120) in function 'nnet::dense_wrapper<ap_fixed<7, 1, (ap_q_mode)0, (ap_o_mode)0, 0>, ap_fixed<16, 6, (ap_q_mode)5, (ap_o_mode)3, 0>, config8>' completely with a factor of 32.
INFO: [XFORM 203-102] Automatically partitioning streamed array 'layer14_out.V.data.V' (firmware/myproject.cpp:94) .
INFO: [XFORM 203-102] Automatically partitioning streamed array 'layer16_out.V.data.V' (firmware/myproject.cpp:26) .
INFO: [XFORM 203-102] Automatically partitioning streamed array 'layer11_out.V.data.V' (firmware/myproject.cpp:86) .
INFO: [XFORM 203-102] Automatically partitioning streamed array 'layer13_out.V.data.V' (firmware/myproject.cpp:90) .
INFO: [XFORM 203-102] Automatically partitioning streamed array 'layer8_out.V.data.V' (firmware/myproject.cpp:78) .
INFO: [XFORM 203-102] Automatically partitioning streamed array 'layer10_out.V.data.V' (firmware/myproject.cpp:82) .
INFO: [XFORM 203-102] Automatically partitioning streamed array 'layer5_out.V.data.V' (firmware/myproject.cpp:70) .
INFO: [XFORM 203-102] Automatically partitioning streamed array 'layer7_out.V.data.V' (firmware/myproject.cpp:74) .
INFO: [XFORM 203-102] Automatically partitioning streamed array 'layer2_out.V.data.V' (firmware/myproject.cpp:62) .
INFO: [XFORM 203-102] Automatically partitioning streamed array 'layer4_out.V.data.V' (firmware/myproject.cpp:66) .
INFO: [XFORM 203-102] Automatically partitioning streamed array 'data_window.V.V' (firmware/nnet_utils/nnet_conv1d_stream.h:35) .
INFO: [XFORM 203-102] Automatically partitioning streamed array 'data_window.V.V' (firmware/nnet_utils/nnet_conv1d_stream.h:35) .
INFO: [XFORM 203-102] Automatically partitioning streamed array 'conv1_input.V.data.V' (firmware/myproject.cpp:25) .
INFO: [XFORM 203-101] Partitioning array 'exp_res.V' (firmware/nnet_utils/nnet_activation_stream.h:146) in dimension 1 completely.
INFO: [XFORM 203-101] Partitioning array 'tmp.data.V' in dimension 1 completely.
INFO: [XFORM 203-101] Partitioning array 'tmp.data.V' in dimension 1 completely.
INFO: [XFORM 203-101] Partitioning array 'tmp.data.V' in dimension 1 completely.
INFO: [XFORM 203-101] Partitioning array 'tmp.data.V' in dimension 1 completely.
INFO: [XFORM 203-101] Partitioning array 'tmp.data.V' in dimension 1 completely.
INFO: [XFORM 203-101] Partitioning array 'data.V' (firmware/nnet_utils/nnet_dense_stream.h:35) in dimension 1 completely.
INFO: [XFORM 203-101] Partitioning array 'res'  in dimension 1 completely.
INFO: [XFORM 203-101] Partitioning array 'tmp.data.V' in dimension 1 completely.
INFO: [XFORM 203-101] Partitioning array 'data.V' (firmware/nnet_utils/nnet_dense_stream.h:35) in dimension 1 completely.
INFO: [XFORM 203-101] Partitioning array 'res'  in dimension 1 completely.
INFO: [XFORM 203-101] Partitioning array 'tmp.data.V' in dimension 1 completely.
WARNING: [XFORM 203-104] Completely partitioning array 'data.V' (firmware/nnet_utils/nnet_dense_stream.h:35) accessed through non-constant indices on dimension 1 (firmware/nnet_utils/nnet_dense_stream.h:48:39), which may result in long runtime and suboptimal QoR due to large multiplexers. Please consider wrapping the array access into a function or using a register file core instead.
INFO: [XFORM 203-101] Partitioning array 'data.V' (firmware/nnet_utils/nnet_dense_stream.h:35) in dimension 1 completely.
INFO: [XFORM 203-101] Partitioning array 'res'  in dimension 1 completely.
INFO: [XFORM 203-101] Partitioning array 'tmp.data.V' in dimension 1 completely.
INFO: [XFORM 203-101] Partitioning array 'config5::pixels.V'  in dimension 1 completely.
INFO: [XFORM 203-101] Partitioning array 'pixel_idx.V' (firmware/nnet_utils/nnet_conv1d_stream.h:47) in dimension 1 completely.
INFO: [XFORM 203-101] Partitioning array 'tmp.data.V.9' in dimension 1 completely.
INFO: [XFORM 203-101] Partitioning array 'data.V' (firmware/nnet_utils/nnet_conv_stream.h:42) in dimension 1 completely.
INFO: [XFORM 203-101] Partitioning array 'res.i.i'  in dimension 1 completely.
INFO: [XFORM 203-101] Partitioning array 'b5.V'  in dimension 1 completely.
INFO: [XFORM 203-101] Partitioning array 'mult.V' (firmware/nnet_utils/nnet_dense_latency.h:39) in dimension 1 completely.
INFO: [XFORM 203-101] Partitioning array 'acc.V' (firmware/nnet_utils/nnet_dense_latency.h:40) in dimension 1 completely.
INFO: [XFORM 203-101] Partitioning array 'config2::pixels.V'  in dimension 1 completely.
INFO: [XFORM 203-101] Partitioning array 'pixel_idx.V' (firmware/nnet_utils/nnet_conv1d_stream.h:47) in dimension 1 completely.
INFO: [XFORM 203-101] Partitioning array 'data.V' (firmware/nnet_utils/nnet_conv_stream.h:42) in dimension 1 completely.
INFO: [XFORM 203-101] Partitioning array 'res.i.i'  in dimension 1 completely.
INFO: [XFORM 203-101] Partitioning array 'b2.V'  in dimension 1 completely.
INFO: [XFORM 203-101] Partitioning array 'mult.V' (firmware/nnet_utils/nnet_dense_latency.h:39) in dimension 1 completely.
INFO: [XFORM 203-101] Partitioning array 'acc.V' (firmware/nnet_utils/nnet_dense_latency.h:40) in dimension 1 completely.
INFO: [XFORM 203-101] Partitioning array 'left.V' (firmware/nnet_utils/nnet_common.h:52) in dimension 1 completely.
INFO: [XFORM 203-101] Partitioning array 'right.V' (firmware/nnet_utils/nnet_common.h:53) in dimension 1 completely.
INFO: [XFORM 203-101] Partitioning array 'left.V' (firmware/nnet_utils/nnet_common.h:52) in dimension 1 completely.
INFO: [XFORM 203-101] Partitioning array 'right.V' (firmware/nnet_utils/nnet_common.h:53) in dimension 1 completely.
INFO: [XFORM 203-101] Partitioning array 'b14.V'  in dimension 1 completely.
INFO: [XFORM 203-101] Partitioning array 'mult.V' (firmware/nnet_utils/nnet_dense_latency.h:39) in dimension 1 completely.
INFO: [XFORM 203-101] Partitioning array 'acc.V' (firmware/nnet_utils/nnet_dense_latency.h:40) in dimension 1 completely.
INFO: [XFORM 203-101] Partitioning array 'b11.V'  in dimension 1 completely.
INFO: [XFORM 203-101] Partitioning array 'mult.V' (firmware/nnet_utils/nnet_dense_latency.h:39) in dimension 1 completely.
INFO: [XFORM 203-101] Partitioning array 'acc.V' (firmware/nnet_utils/nnet_dense_latency.h:40) in dimension 1 completely.
INFO: [XFORM 203-101] Partitioning array 'b8.V'  in dimension 1 completely.
INFO: [XFORM 203-101] Partitioning array 'mult.V' (firmware/nnet_utils/nnet_dense_latency.h:39) in dimension 1 completely.
INFO: [XFORM 203-101] Partitioning array 'acc.V' (firmware/nnet_utils/nnet_dense_latency.h:40) in dimension 1 completely.
INFO: [XFORM 203-101] Partitioning array 'layer14_out.V.data.V' (firmware/myproject.cpp:94) in dimension 1 completely.
INFO: [XFORM 203-101] Partitioning array 'layer16_out.V.data.V' (firmware/myproject.cpp:26) in dimension 1 completely.
INFO: [XFORM 203-101] Partitioning array 'layer11_out.V.data.V' (firmware/myproject.cpp:86) in dimension 1 completely.
INFO: [XFORM 203-101] Partitioning array 'layer13_out.V.data.V' (firmware/myproject.cpp:90) in dimension 1 completely.
INFO: [XFORM 203-101] Partitioning array 'layer8_out.V.data.V' (firmware/myproject.cpp:78) in dimension 1 completely.
INFO: [XFORM 203-101] Partitioning array 'layer10_out.V.data.V' (firmware/myproject.cpp:82) in dimension 1 completely.
INFO: [XFORM 203-101] Partitioning array 'layer5_out.V.data.V' (firmware/myproject.cpp:70) in dimension 1 completely.
INFO: [XFORM 203-101] Partitioning array 'layer7_out.V.data.V' (firmware/myproject.cpp:74) in dimension 1 completely.
INFO: [XFORM 203-101] Partitioning array 'layer2_out.V.data.V' (firmware/myproject.cpp:62) in dimension 1 completely.
INFO: [XFORM 203-101] Partitioning array 'layer4_out.V.data.V' (firmware/myproject.cpp:66) in dimension 1 completely.
WARNING: [XFORM 203-104] Completely partitioning array 'data_window.V.V' (firmware/nnet_utils/nnet_conv1d_stream.h:35) accessed through non-constant indices on dimension 1 (firmware/nnet_utils/nnet_conv1d_stream.h:38:1), which may result in long runtime and suboptimal QoR due to large multiplexers. Please consider wrapping the array access into a function or using a register file core instead.
INFO: [XFORM 203-101] Partitioning array 'data_window.V.V' (firmware/nnet_utils/nnet_conv1d_stream.h:35) in dimension 1 completely.
INFO: [XFORM 203-101] Partitioning array 'data_window.V.V' (firmware/nnet_utils/nnet_conv1d_stream.h:35) in dimension 1 completely.
INFO: [XFORM 203-101] Partitioning array 'conv1_input.V.data.V' (firmware/myproject.cpp:25) in dimension 1 completely.
/home/mze/Desktop/Xilinx/Vivado/2019.2/bin/rdiArgs.sh: line 280:  3326 Killed                  "$RDI_PROG" "$@"
