1.5761973857879639 1.534839153289795
1.4638084173202515 1.3616228103637695
1.2893149852752686 1.1742841005325317
1.1418383121490479 1.0573185682296753
1.0550085306167603 0.983615517616272
0.9921566843986511 0.9259178638458252
0.9452360272407532 0.8869631886482239
0.9123595356941223 0.8608558177947998
0.8887664675712585 0.8427548408508301
0.8707541227340698 0.8285934329032898
0.8569740653038025 0.817886471748352
0.8458099365234375 0.8090173006057739
0.8360702991485596 0.8019076585769653
0.8287044167518616 0.7957351803779602
0.8212444186210632 0.7907260656356812
0.815983235836029 0.7863888740539551
0.8109241724014282 0.7823866605758667
0.806713342666626 0.779119610786438
0.8034310936927795 0.77591472864151
0.79914391040802 0.7736507654190063
0.7967275381088257 0.7715056538581848
0.7934448719024658 0.7689521908760071
0.7904924750328064 0.7676029205322266
0.7891168594360352 0.7654727697372437
0.7863795757293701 0.763749897480011
0.784932017326355 0.7619211077690125
0.7825167179107666 0.7603886127471924
0.7802125215530396 0.7589405179023743
0.7792690396308899 0.757480263710022
0.7769158482551575 0.7561113834381104
