

================================================================
== Vivado HLS Report for 'jedi'
================================================================
* Date:           Sun Aug 15 07:26:05 2021

* Version:        2019.2 (Build 2704478 on Wed Nov 06 22:10:23 MST 2019)
* Project:        myproject_prj
* Solution:       solution1
* Product family: virtexuplus
* Target device:  xcu250-figd2104-2L-e


================================================================
== Performance Estimates
================================================================
+ Timing: 
    * Summary: 
    +--------+---------+----------+------------+
    |  Clock |  Target | Estimated| Uncertainty|
    +--------+---------+----------+------------+
    |ap_clk  | 5.00 ns | 5.845 ns |   0.62 ns  |
    +--------+---------+----------+------------+

+ Latency: 
    * Summary: 
    +---------+---------+----------+----------+--------+--------+---------+
    |  Latency (cycles) |  Latency (absolute) |     Interval    | Pipeline|
    |   min   |   max   |    min   |    max   |   min  |   max  |   Type  |
    +---------+---------+----------+----------+--------+--------+---------+
    |   644227|   644227| 3.766 ms | 3.766 ms |  644227|  644227|   none  |
    +---------+---------+----------+----------+--------+--------+---------+

    + Detail: 
        * Instance: 
        +------------------------------------------------------+-------------------------------------------+---------+---------+-----------+-----------+--------+--------+---------+
        |                                                      |                                           |  Latency (cycles) |   Latency (absolute)  |     Interval    | Pipeline|
        |                       Instance                       |                   Module                  |   min   |   max   |    min    |    max    |   min  |   max  |   Type  |
        +------------------------------------------------------+-------------------------------------------+---------+---------+-----------+-----------+--------+--------+---------+
        |grp_jedi_dnn1_float_float_dense1_config_s_fu_80       |jedi_dnn1_float_float_dense1_config_s      |    14215|    14215| 83.087 us | 83.087 us |   14215|   14215|   none  |
        |grp_jedi_dnn2_float_float_dense2_config_s_fu_92       |jedi_dnn2_float_float_dense2_config_s      |      622|      622|  3.636 us |  3.636 us |     622|     622|   none  |
        |grp_jedi_dnn3_float_float_dense3_config_s_fu_104      |jedi_dnn3_float_float_dense3_config_s      |      912|      912|  5.331 us |  5.331 us |     912|     912|   none  |
        |grp_jedi_multiply_float_float_mult_3_struct_s_fu_117  |jedi_multiply_float_float_mult_3_struct_s  |   195265|   195265|  1.141 ms |  1.141 ms |  195265|  195265|   none  |
        |grp_jedi_concat_float_float_concat_1_struct_s_fu_125  |jedi_concat_float_float_concat_1_struct_s  |    13952|    13952| 81.549 us | 81.549 us |   13952|   13952|   none  |
        |grp_jedi_multiply_float_float_mult_1_struct_s_fu_132  |jedi_multiply_float_float_mult_1_struct_s  |   209441|   209441|  1.224 ms |  1.224 ms |  209441|  209441|   none  |
        |grp_jedi_multiply_float_float_mult_2_struct_s_fu_142  |jedi_multiply_float_float_mult_2_struct_s  |   209441|   209441|  1.224 ms |  1.224 ms |  209441|  209441|   none  |
        |grp_jedi_concat_float_float_concat_2_struct_s_fu_151  |jedi_concat_float_float_concat_2_struct_s  |      364|      364|  2.128 us |  2.128 us |     364|     364|   none  |
        +------------------------------------------------------+-------------------------------------------+---------+---------+-----------+-----------+--------+--------+---------+

        * Loop: 
        N/A



================================================================
== Utilization Estimates
================================================================
* Summary: 
+---------------------+---------+-------+---------+---------+------+
|         Name        | BRAM_18K| DSP48E|    FF   |   LUT   | URAM |
+---------------------+---------+-------+---------+---------+------+
|DSP                  |        -|      -|        -|        -|     -|
|Expression           |        -|      -|        -|        -|     -|
|FIFO                 |        -|      -|        -|        -|     -|
|Instance             |      106|  10840|  1022222|   879099|     -|
|Memory               |      123|      -|        0|        0|     0|
|Multiplexer          |        -|      -|        -|      715|     -|
|Register             |        -|      -|       24|        -|     -|
+---------------------+---------+-------+---------+---------+------+
|Total                |      229|  10840|  1022246|   879814|     0|
+---------------------+---------+-------+---------+---------+------+
|Available SLR        |     1344|   3072|   864000|   432000|   320|
+---------------------+---------+-------+---------+---------+------+
|Utilization SLR (%)  |       17|    352|      118|      203|     0|
+---------------------+---------+-------+---------+---------+------+
|Available            |     5376|  12288|  3456000|  1728000|  1280|
+---------------------+---------+-------+---------+---------+------+
|Utilization (%)      |        4|     88|       29|       50|     0|
+---------------------+---------+-------+---------+---------+------+

+ Detail: 
    * Instance: 
    +------------------------------------------------------+-------------------------------------------+---------+-------+--------+--------+-----+
    |                       Instance                       |                   Module                  | BRAM_18K| DSP48E|   FF   |   LUT  | URAM|
    +------------------------------------------------------+-------------------------------------------+---------+-------+--------+--------+-----+
    |grp_jedi_concat_float_float_concat_1_struct_s_fu_125  |jedi_concat_float_float_concat_1_struct_s  |        0|      1|   13136|   51626|    0|
    |grp_jedi_concat_float_float_concat_2_struct_s_fu_151  |jedi_concat_float_float_concat_2_struct_s  |        0|      0|    1918|    1741|    0|
    |grp_jedi_dnn1_float_float_dense1_config_s_fu_80       |jedi_dnn1_float_float_dense1_config_s      |       38|   4828|  431899|  313072|    0|
    |grp_jedi_dnn2_float_float_dense2_config_s_fu_92       |jedi_dnn2_float_float_dense2_config_s      |       36|   3934|  351253|  255945|    0|
    |grp_jedi_dnn3_float_float_dense3_config_s_fu_104      |jedi_dnn3_float_float_dense3_config_s      |       32|   2044|  189290|  142871|    0|
    |grp_jedi_multiply_float_float_mult_1_struct_s_fu_132  |jedi_multiply_float_float_mult_1_struct_s  |        0|     10|    3183|    6645|    0|
    |grp_jedi_multiply_float_float_mult_2_struct_s_fu_142  |jedi_multiply_float_float_mult_2_struct_s  |        0|     10|    3183|    6645|    0|
    |grp_jedi_multiply_float_float_mult_3_struct_s_fu_117  |jedi_multiply_float_float_mult_3_struct_s  |        0|     13|   28360|  100554|    0|
    +------------------------------------------------------+-------------------------------------------+---------+-------+--------+--------+-----+
    |Total                                                 |                                           |      106|  10840| 1022222|  879099|    0|
    +------------------------------------------------------+-------------------------------------------+---------+-------+--------+--------+-----+

    * DSP48E: 
    N/A

    * Memory: 
    +---------+------------+---------+---+----+-----+-------+-----+------+-------------+
    |  Memory |   Module   | BRAM_18K| FF| LUT| URAM| Words | Bits| Banks| W*Bits*Banks|
    +---------+------------+---------+---+----+-----+-------+-----+------+-------------+
    |B_U      |jedi_B      |       51|  0|   0|    0|  27840|   32|     1|       890880|
    |B_top_U  |jedi_B_top  |       26|  0|   0|    0|  13920|   32|     1|       445440|
    |B_bot_U  |jedi_B_top  |       26|  0|   0|    0|  13920|   32|     1|       445440|
    |C_U      |jedi_C      |        2|  0|   0|    0|    720|   32|     1|        23040|
    |E_U      |jedi_E      |       14|  0|   0|    0|   6960|   32|     1|       222720|
    |E_bar_U  |jedi_E_bar  |        2|  0|   0|    0|    240|   32|     1|         7680|
    |O_U      |jedi_O      |        2|  0|   0|    0|    180|   32|     1|         5760|
    +---------+------------+---------+---+----+-----+-------+-----+------+-------------+
    |Total    |            |      123|  0|   0|    0|  63780|  224|     7|      2040960|
    +---------+------------+---------+---+----+-----+-------+-----+------+-------------+

    * FIFO: 
    N/A

    * Expression: 
    N/A

    * Multiplexer: 
    +----------------+----+-----------+-----+-----------+
    |      Name      | LUT| Input Size| Bits| Total Bits|
    +----------------+----+-----------+-----+-----------+
    |B_address0      |  15|          3|   15|         45|
    |B_address1      |  15|          3|   15|         45|
    |B_bot_address0  |  15|          3|   14|         42|
    |B_bot_address1  |  15|          3|   14|         42|
    |B_bot_ce0       |  15|          3|    1|          3|
    |B_bot_ce1       |  15|          3|    1|          3|
    |B_bot_we0       |   9|          2|    1|          2|
    |B_bot_we1       |   9|          2|    1|          2|
    |B_ce0           |  15|          3|    1|          3|
    |B_ce1           |  15|          3|    1|          3|
    |B_top_address0  |  15|          3|   14|         42|
    |B_top_address1  |  15|          3|   14|         42|
    |B_top_ce0       |  15|          3|    1|          3|
    |B_top_ce1       |  15|          3|    1|          3|
    |B_top_we0       |   9|          2|    1|          2|
    |B_top_we1       |   9|          2|    1|          2|
    |B_we0           |   9|          2|    1|          2|
    |B_we1           |   9|          2|    1|          2|
    |C_address0      |  15|          3|   10|         30|
    |C_address1      |  15|          3|   10|         30|
    |C_ce0           |  15|          3|    1|          3|
    |C_ce1           |  15|          3|    1|          3|
    |C_we0           |   9|          2|    1|          2|
    |C_we1           |   9|          2|    1|          2|
    |E_address0      |  15|          3|   13|         39|
    |E_address1      |  15|          3|   13|         39|
    |E_bar_address0  |  15|          3|    8|         24|
    |E_bar_address1  |  15|          3|    8|         24|
    |E_bar_ce0       |  15|          3|    1|          3|
    |E_bar_ce1       |  15|          3|    1|          3|
    |E_bar_we0       |   9|          2|    1|          2|
    |E_bar_we1       |   9|          2|    1|          2|
    |E_ce0           |  15|          3|    1|          3|
    |E_ce1           |  15|          3|    1|          3|
    |E_we0           |   9|          2|    1|          2|
    |E_we1           |   9|          2|    1|          2|
    |I_address0      |  21|          4|   10|         40|
    |I_address1      |  21|          4|   10|         40|
    |I_ce0           |  21|          4|    1|          4|
    |I_ce1           |  21|          4|    1|          4|
    |O_address0      |  15|          3|    8|         24|
    |O_address1      |  15|          3|    8|         24|
    |O_ce0           |  15|          3|    1|          3|
    |O_ce1           |  15|          3|    1|          3|
    |O_we0           |   9|          2|    1|          2|
    |O_we1           |   9|          2|    1|          2|
    |ap_NS_fsm       |  85|         17|    1|         17|
    +----------------+----+-----------+-----+-----------+
    |Total           | 715|        145|  215|        667|
    +----------------+----+-----------+-----+-----------+

    * Register: 
    +-------------------------------------------------------------------+----+----+-----+-----------+
    |                                Name                               | FF | LUT| Bits| Const Bits|
    +-------------------------------------------------------------------+----+----+-----+-----------+
    |ap_CS_fsm                                                          |  16|   0|   16|          0|
    |grp_jedi_concat_float_float_concat_1_struct_s_fu_125_ap_start_reg  |   1|   0|    1|          0|
    |grp_jedi_concat_float_float_concat_2_struct_s_fu_151_ap_start_reg  |   1|   0|    1|          0|
    |grp_jedi_dnn1_float_float_dense1_config_s_fu_80_ap_start_reg       |   1|   0|    1|          0|
    |grp_jedi_dnn2_float_float_dense2_config_s_fu_92_ap_start_reg       |   1|   0|    1|          0|
    |grp_jedi_dnn3_float_float_dense3_config_s_fu_104_ap_start_reg      |   1|   0|    1|          0|
    |grp_jedi_multiply_float_float_mult_1_struct_s_fu_132_ap_start_reg  |   1|   0|    1|          0|
    |grp_jedi_multiply_float_float_mult_2_struct_s_fu_142_ap_start_reg  |   1|   0|    1|          0|
    |grp_jedi_multiply_float_float_mult_3_struct_s_fu_117_ap_start_reg  |   1|   0|    1|          0|
    +-------------------------------------------------------------------+----+----+-----+-----------+
    |Total                                                              |  24|   0|   24|          0|
    +-------------------------------------------------------------------+----+----+-----+-----------+



================================================================
== Interface
================================================================
* Summary: 
+-----------------+-----+-----+------------+--------------+--------------+
|    RTL Ports    | Dir | Bits|  Protocol  | Source Object|    C Type    |
+-----------------+-----+-----+------------+--------------+--------------+
|ap_clk           |  in |    1| ap_ctrl_hs |     jedi     | return value |
|ap_rst           |  in |    1| ap_ctrl_hs |     jedi     | return value |
|ap_start         |  in |    1| ap_ctrl_hs |     jedi     | return value |
|ap_done          | out |    1| ap_ctrl_hs |     jedi     | return value |
|ap_idle          | out |    1| ap_ctrl_hs |     jedi     | return value |
|ap_ready         | out |    1| ap_ctrl_hs |     jedi     | return value |
|I_address0       | out |   10|  ap_memory |       I      |     array    |
|I_ce0            | out |    1|  ap_memory |       I      |     array    |
|I_q0             |  in |   32|  ap_memory |       I      |     array    |
|I_address1       | out |   10|  ap_memory |       I      |     array    |
|I_ce1            | out |    1|  ap_memory |       I      |     array    |
|I_q1             |  in |   32|  ap_memory |       I      |     array    |
|Rr_address0      | out |   15|  ap_memory |      Rr      |     array    |
|Rr_ce0           | out |    1|  ap_memory |      Rr      |     array    |
|Rr_q0            |  in |   32|  ap_memory |      Rr      |     array    |
|Rr_address1      | out |   15|  ap_memory |      Rr      |     array    |
|Rr_ce1           | out |    1|  ap_memory |      Rr      |     array    |
|Rr_q1            |  in |   32|  ap_memory |      Rr      |     array    |
|Rr_T_address0    | out |   15|  ap_memory |     Rr_T     |     array    |
|Rr_T_ce0         | out |    1|  ap_memory |     Rr_T     |     array    |
|Rr_T_q0          |  in |   32|  ap_memory |     Rr_T     |     array    |
|Rr_T_address1    | out |   15|  ap_memory |     Rr_T     |     array    |
|Rr_T_ce1         | out |    1|  ap_memory |     Rr_T     |     array    |
|Rr_T_q1          |  in |   32|  ap_memory |     Rr_T     |     array    |
|Rs_address0      | out |   15|  ap_memory |      Rs      |     array    |
|Rs_ce0           | out |    1|  ap_memory |      Rs      |     array    |
|Rs_q0            |  in |   32|  ap_memory |      Rs      |     array    |
|Rs_address1      | out |   15|  ap_memory |      Rs      |     array    |
|Rs_ce1           | out |    1|  ap_memory |      Rs      |     array    |
|Rs_q1            |  in |   32|  ap_memory |      Rs      |     array    |
|result_address0  | out |    3|  ap_memory |    result    |     array    |
|result_ce0       | out |    1|  ap_memory |    result    |     array    |
|result_we0       | out |    1|  ap_memory |    result    |     array    |
|result_d0        | out |   32|  ap_memory |    result    |     array    |
|result_address1  | out |    3|  ap_memory |    result    |     array    |
|result_ce1       | out |    1|  ap_memory |    result    |     array    |
|result_we1       | out |    1|  ap_memory |    result    |     array    |
|result_d1        | out |   32|  ap_memory |    result    |     array    |
+-----------------+-----+-----+------------+--------------+--------------+

