0.8782353401184082 0.7708865404129028
0.7571591734886169 0.7263003587722778
0.7197887301445007 0.6981062293052673
0.7035450339317322 0.6875301003456116
0.6953436732292175 0.6808648705482483
0.6908461451530457 0.6794015765190125
0.6874203681945801 0.6756880283355713
0.6842397451400757 0.6749721169471741
0.682370126247406 0.6719146966934204
0.6809138059616089 0.6732462644577026
0.6791195273399353 0.6717615127563477
0.6778176426887512 0.6751024723052979
0.6767261028289795 0.6677748560905457
0.6762683391571045 0.6702152490615845
0.6745924353599548 0.670619010925293
0.674616813659668 0.6679484248161316
0.6727914810180664 0.6650238633155823
0.6716284155845642 0.6647232174873352
0.6715052127838135 0.6634756922721863
0.6706187725067139 0.6668015122413635
0.6698630452156067 0.661409318447113
0.6694781184196472 0.6636633276939392
0.6692665219306946 0.6635980010032654
0.6684114336967468 0.6633463501930237
0.6669097542762756 0.6608014702796936
0.6668625473976135 0.6618062257766724
0.6660341024398804 0.6642085313796997
0.6655402183532715 0.6601123213768005
0.6649439930915833 0.6594926118850708
0.6645094752311707 0.6599505543708801
