
****** Vivado(TM) HLS - High-Level Synthesis from C, C++ and SystemC v2019.2 (64-bit)
  **** SW Build 2708876 on Wed Nov  6 21:39:14 MST 2019
  **** IP Build 2700528 on Thu Nov  7 00:09:20 MST 2019
    ** Copyright 1986-2019 Xilinx, Inc. All Rights Reserved.

source /home/mze/Desktop/Xilinx/Vivado/2019.2/scripts/vivado_hls/hls.tcl -notrace
INFO: [HLS 200-10] Running '/home/mze/Desktop/Xilinx/Vivado/2019.2/bin/unwrapped/lnx64.o/vivado_hls'
INFO: [HLS 200-10] For user 'mze' on host 'mze-VirtualBox' (Linux_x86_64 version 5.8.0-55-generic) on Mon Jun 07 17:33:02 +08 2021
INFO: [HLS 200-10] On os Ubuntu 20.04.1 LTS
INFO: [HLS 200-10] In directory '/home/mze/MSc_Computing/Individual_Project/lhc_jet_tagging_NN/MLP_hls4ml/model_quantized/hls4ml_prj'
Sourcing Tcl script 'build_prj.tcl'
INFO: [HLS 200-10] Opening project '/home/mze/MSc_Computing/Individual_Project/lhc_jet_tagging_NN/MLP_hls4ml/model_quantized/hls4ml_prj/myproject_prj'.
INFO: [HLS 200-10] Adding design file 'firmware/myproject.cpp' to the project
INFO: [HLS 200-10] Adding test bench file 'myproject_test.cpp' to the project
INFO: [HLS 200-10] Adding test bench file 'firmware/weights' to the project
INFO: [HLS 200-10] Adding test bench file 'tb_data' to the project
INFO: [HLS 200-10] Opening solution '/home/mze/MSc_Computing/Individual_Project/lhc_jet_tagging_NN/MLP_hls4ml/model_quantized/hls4ml_prj/myproject_prj/solution1'.
INFO: [SYN 201-201] Setting up clock 'default' with a period of 5ns.
INFO: [HLS 200-10] Setting target device to 'xcu250-figd2104-2L-e'
INFO: [XFORM 203-101] Allowed max sub elements number after partition is 4096.
INFO: [XFORM 203-1161] The maximum of name length is set into 60.
INFO: [XFORM 203-101] Allowed max sub elements number after partition is 4096.
INFO: [XFORM 203-1161] The maximum of name length is set into 60.
***** C/RTL SYNTHESIS *****
INFO: [SCHED 204-61] Option 'relax_ii_for_timing' is enabled, will increase II to preserve clock frequency constraints.
INFO: [HLS 200-10] Analyzing design file 'firmware/myproject.cpp' ... 
WARNING: [HLS 214-114] Since the only kind of statements allowed in a canonical dataflow region are variable declarations and function calls, the compiler may not be able to correctly handle the region: firmware/nnet_utils/nnet_dense_latency.h:64:9
WARNING: [HLS 214-114] Since the only kind of statements allowed in a canonical dataflow region are variable declarations and function calls, the compiler may not be able to correctly handle the region: firmware/nnet_utils/nnet_dense_latency.h:79:2
WARNING: [HLS 214-104] Only for-loops and functions support the dataflow: firmware/nnet_utils/nnet_dense_latency.h:76:9
WARNING: [HLS 200-471] Dataflow form checks found 3 issue(s) in file firmware/myproject.cpp
INFO: [HLS 200-111] Finished Linking Time (s): cpu = 00:00:23 ; elapsed = 00:00:26 . Memory (MB): peak = 927.992 ; gain = 523.035 ; free physical = 3550 ; free virtual = 8865
INFO: [HLS 200-111] Finished Checking Pragmas Time (s): cpu = 00:00:23 ; elapsed = 00:00:26 . Memory (MB): peak = 927.992 ; gain = 523.035 ; free physical = 3550 ; free virtual = 8865
INFO: [HLS 200-10] Starting code transformations ...
INFO: [XFORM 203-603] Inlining function 'nnet::product::mult<ap_fixed<16, 6, (ap_q_mode)5, (ap_o_mode)3, 0>, ap_fixed<7, 1, (ap_q_mode)5, (ap_o_mode)3, 0>, ap_fixed<16, 6, (ap_q_mode)5, (ap_o_mode)3, 0> >::limit' into 'nnet::dense_latency<ap_fixed<16, 6, (ap_q_mode)5, (ap_o_mode)3, 0>, ap_fixed<16, 6, (ap_q_mode)5, (ap_o_mode)3, 0>, config2>' (firmware/nnet_utils/nnet_dense_latency.h:57).
INFO: [XFORM 203-603] Inlining function 'nnet::product::mult<ap_fixed<16, 6, (ap_q_mode)5, (ap_o_mode)3, 0>, ap_fixed<7, 1, (ap_q_mode)5, (ap_o_mode)3, 0>, ap_fixed<16, 6, (ap_q_mode)5, (ap_o_mode)3, 0> >::product' into 'nnet::dense_latency<ap_fixed<16, 6, (ap_q_mode)5, (ap_o_mode)3, 0>, ap_fixed<16, 6, (ap_q_mode)5, (ap_o_mode)3, 0>, config2>' (firmware/nnet_utils/nnet_dense_latency.h:96).
INFO: [XFORM 203-603] Inlining function 'nnet::dense<ap_fixed<16, 6, (ap_q_mode)5, (ap_o_mode)3, 0>, ap_fixed<16, 6, (ap_q_mode)5, (ap_o_mode)3, 0>, config2>' into 'myproject' (firmware/myproject.cpp:64).
INFO: [XFORM 203-603] Inlining function 'nnet::product::mult<ap_fixed<7, 1, (ap_q_mode)0, (ap_o_mode)0, 0>, ap_fixed<7, 1, (ap_q_mode)5, (ap_o_mode)3, 0>, ap_fixed<16, 6, (ap_q_mode)5, (ap_o_mode)3, 0> >::limit' into 'nnet::dense_latency<ap_fixed<7, 1, (ap_q_mode)0, (ap_o_mode)0, 0>, ap_fixed<16, 6, (ap_q_mode)5, (ap_o_mode)3, 0>, config5>' (firmware/nnet_utils/nnet_dense_latency.h:57).
INFO: [XFORM 203-603] Inlining function 'nnet::product::mult<ap_fixed<7, 1, (ap_q_mode)0, (ap_o_mode)0, 0>, ap_fixed<7, 1, (ap_q_mode)5, (ap_o_mode)3, 0>, ap_fixed<16, 6, (ap_q_mode)5, (ap_o_mode)3, 0> >::limit' into 'nnet::dense_latency<ap_fixed<7, 1, (ap_q_mode)0, (ap_o_mode)0, 0>, ap_fixed<16, 6, (ap_q_mode)5, (ap_o_mode)3, 0>, config8>' (firmware/nnet_utils/nnet_dense_latency.h:57).
INFO: [XFORM 203-603] Inlining function 'nnet::product::mult<ap_fixed<7, 1, (ap_q_mode)0, (ap_o_mode)0, 0>, ap_fixed<7, 1, (ap_q_mode)5, (ap_o_mode)3, 0>, ap_fixed<16, 6, (ap_q_mode)5, (ap_o_mode)3, 0> >::limit' into 'nnet::dense_latency<ap_fixed<7, 1, (ap_q_mode)0, (ap_o_mode)0, 0>, ap_fixed<16, 6, (ap_q_mode)5, (ap_o_mode)3, 0>, config11>' (firmware/nnet_utils/nnet_dense_latency.h:57).
INFO: [XFORM 203-603] Inlining function 'nnet::product::mult<ap_fixed<7, 1, (ap_q_mode)0, (ap_o_mode)0, 0>, ap_fixed<7, 1, (ap_q_mode)5, (ap_o_mode)3, 0>, ap_fixed<16, 6, (ap_q_mode)5, (ap_o_mode)3, 0> >::product' into 'nnet::dense_latency<ap_fixed<7, 1, (ap_q_mode)0, (ap_o_mode)0, 0>, ap_fixed<16, 6, (ap_q_mode)5, (ap_o_mode)3, 0>, config5>' (firmware/nnet_utils/nnet_dense_latency.h:96).
INFO: [XFORM 203-603] Inlining function 'nnet::product::mult<ap_fixed<7, 1, (ap_q_mode)0, (ap_o_mode)0, 0>, ap_fixed<7, 1, (ap_q_mode)5, (ap_o_mode)3, 0>, ap_fixed<16, 6, (ap_q_mode)5, (ap_o_mode)3, 0> >::product' into 'nnet::dense_latency<ap_fixed<7, 1, (ap_q_mode)0, (ap_o_mode)0, 0>, ap_fixed<16, 6, (ap_q_mode)5, (ap_o_mode)3, 0>, config8>' (firmware/nnet_utils/nnet_dense_latency.h:96).
INFO: [XFORM 203-603] Inlining function 'nnet::product::mult<ap_fixed<7, 1, (ap_q_mode)0, (ap_o_mode)0, 0>, ap_fixed<7, 1, (ap_q_mode)5, (ap_o_mode)3, 0>, ap_fixed<16, 6, (ap_q_mode)5, (ap_o_mode)3, 0> >::product' into 'nnet::dense_latency<ap_fixed<7, 1, (ap_q_mode)0, (ap_o_mode)0, 0>, ap_fixed<16, 6, (ap_q_mode)5, (ap_o_mode)3, 0>, config11>' (firmware/nnet_utils/nnet_dense_latency.h:96).
INFO: [XFORM 203-603] Inlining function 'nnet::dense<ap_fixed<7, 1, (ap_q_mode)0, (ap_o_mode)0, 0>, ap_fixed<16, 6, (ap_q_mode)5, (ap_o_mode)3, 0>, config5>' into 'myproject' (firmware/myproject.cpp:72).
INFO: [XFORM 203-603] Inlining function 'nnet::dense<ap_fixed<7, 1, (ap_q_mode)0, (ap_o_mode)0, 0>, ap_fixed<16, 6, (ap_q_mode)5, (ap_o_mode)3, 0>, config8>' into 'myproject' (firmware/myproject.cpp:80).
INFO: [XFORM 203-603] Inlining function 'nnet::dense<ap_fixed<7, 1, (ap_q_mode)0, (ap_o_mode)0, 0>, ap_fixed<16, 6, (ap_q_mode)5, (ap_o_mode)3, 0>, config11>' into 'myproject' (firmware/myproject.cpp:88).
INFO: [XFORM 203-603] Inlining function 'nnet::softmax<ap_fixed<16, 6, (ap_q_mode)5, (ap_o_mode)3, 0>, ap_fixed<16, 6, (ap_q_mode)5, (ap_o_mode)3, 0>, softmax_config13>' into 'myproject' (firmware/myproject.cpp:90).
INFO: [HLS 200-111] Finished Standard Transforms Time (s): cpu = 00:00:28 ; elapsed = 00:00:32 . Memory (MB): peak = 933.344 ; gain = 528.387 ; free physical = 3441 ; free virtual = 8767
INFO: [HLS 200-10] Checking synthesizability ...
INFO: [XFORM 203-602] Inlining function 'fp_struct<double>::mantissa' into 'generic_cast_IEEE754<int, (ap_q_mode)6, double>' (/wrk/2019.2/continuous/2019_11_06_2708876/src/products/hls/hls_lib/hlsmath/include/FloatingPoint/hls_case_IEEE754.h:15) automatically.
INFO: [XFORM 203-602] Inlining function 'fp_struct<double>::expv' into 'generic_cast_IEEE754<int, (ap_q_mode)6, double>' (/wrk/2019.2/continuous/2019_11_06_2708876/src/products/hls/hls_lib/hlsmath/include/FloatingPoint/hls_case_IEEE754.h:18) automatically.
INFO: [XFORM 203-602] Inlining function 'fp_struct<double>::__signbit' into 'generic_cast_IEEE754<int, (ap_q_mode)6, double>' (/wrk/2019.2/continuous/2019_11_06_2708876/src/products/hls/hls_lib/hlsmath/include/FloatingPoint/hls_case_IEEE754.h:59) automatically.
INFO: [XFORM 203-602] Inlining function 'generic_cast_IEEE754<int, (ap_q_mode)6, double>' into 'generic_cast_IEEE754<int, double>' (/wrk/2019.2/continuous/2019_11_06_2708876/src/products/hls/hls_lib/hlsmath/include/FloatingPoint/hls_case_IEEE754.h:117) automatically.
INFO: [XFORM 203-602] Inlining function 'generic_cast_IEEE754<int, double>' into '__hls_fptosi_double_i32' (/wrk/2019.2/continuous/2019_11_06_2708876/src/products/hls/hls_lib/hlsmath/src/lib_floatconversion.cpp:55) automatically.
INFO: [XFORM 203-602] Inlining function '__hls_fptosi_double_i32' into 'nnet::dense_latency<ap_fixed<16, 6, (ap_q_mode)5, (ap_o_mode)3, 0>, ap_fixed<16, 6, (ap_q_mode)5, (ap_o_mode)3, 0>, config2>' (firmware/nnet_utils/nnet_dense_latency.h:56) automatically.
INFO: [XFORM 203-602] Inlining function 'nnet::cast<ap_fixed<16, 6, (ap_q_mode)5, (ap_o_mode)3, 0>, ap_fixed<16, 6, (ap_q_mode)5, (ap_o_mode)3, 0>, config2>' into 'nnet::dense_latency<ap_fixed<16, 6, (ap_q_mode)5, (ap_o_mode)3, 0>, ap_fixed<16, 6, (ap_q_mode)5, (ap_o_mode)3, 0>, config2>' (firmware/nnet_utils/nnet_dense_latency.h:125) automatically.
INFO: [XFORM 203-602] Inlining function '__hls_fptosi_double_i32' into 'nnet::dense_latency<ap_fixed<7, 1, (ap_q_mode)0, (ap_o_mode)0, 0>, ap_fixed<16, 6, (ap_q_mode)5, (ap_o_mode)3, 0>, config5>' (firmware/nnet_utils/nnet_dense_latency.h:56) automatically.
INFO: [XFORM 203-602] Inlining function 'nnet::cast<ap_fixed<7, 1, (ap_q_mode)0, (ap_o_mode)0, 0>, ap_fixed<16, 6, (ap_q_mode)5, (ap_o_mode)3, 0>, config5>' into 'nnet::dense_latency<ap_fixed<7, 1, (ap_q_mode)0, (ap_o_mode)0, 0>, ap_fixed<16, 6, (ap_q_mode)5, (ap_o_mode)3, 0>, config5>' (firmware/nnet_utils/nnet_dense_latency.h:125) automatically.
INFO: [XFORM 203-602] Inlining function '__hls_fptosi_double_i32' into 'nnet::dense_latency<ap_fixed<7, 1, (ap_q_mode)0, (ap_o_mode)0, 0>, ap_fixed<16, 6, (ap_q_mode)5, (ap_o_mode)3, 0>, config8>' (firmware/nnet_utils/nnet_dense_latency.h:56) automatically.
INFO: [XFORM 203-602] Inlining function 'nnet::cast<ap_fixed<7, 1, (ap_q_mode)0, (ap_o_mode)0, 0>, ap_fixed<16, 6, (ap_q_mode)5, (ap_o_mode)3, 0>, config8>' into 'nnet::dense_latency<ap_fixed<7, 1, (ap_q_mode)0, (ap_o_mode)0, 0>, ap_fixed<16, 6, (ap_q_mode)5, (ap_o_mode)3, 0>, config8>' (firmware/nnet_utils/nnet_dense_latency.h:125) automatically.
INFO: [XFORM 203-602] Inlining function '__hls_fptosi_double_i32' into 'nnet::dense_latency<ap_fixed<7, 1, (ap_q_mode)0, (ap_o_mode)0, 0>, ap_fixed<16, 6, (ap_q_mode)5, (ap_o_mode)3, 0>, config11>' (firmware/nnet_utils/nnet_dense_latency.h:56) automatically.
INFO: [XFORM 203-602] Inlining function 'nnet::cast<ap_fixed<7, 1, (ap_q_mode)0, (ap_o_mode)0, 0>, ap_fixed<16, 6, (ap_q_mode)5, (ap_o_mode)3, 0>, config11>' into 'nnet::dense_latency<ap_fixed<7, 1, (ap_q_mode)0, (ap_o_mode)0, 0>, ap_fixed<16, 6, (ap_q_mode)5, (ap_o_mode)3, 0>, config11>' (firmware/nnet_utils/nnet_dense_latency.h:125) automatically.
INFO: [XFORM 203-602] Inlining function 'nnet::Op_add<ap_fixed<18, 8, (ap_q_mode)5, (ap_o_mode)3, 0> >::operator()' into 'nnet::reduce<ap_fixed<18, 8, (ap_q_mode)5, (ap_o_mode)3, 0>, 2, nnet::Op_add<ap_fixed<18, 8, (ap_q_mode)5, (ap_o_mode)3, 0> > >' (firmware/nnet_utils/nnet_common.h:50) automatically.
INFO: [XFORM 203-602] Inlining function 'nnet::reduce<ap_fixed<18, 8, (ap_q_mode)5, (ap_o_mode)3, 0>, 2, nnet::Op_add<ap_fixed<18, 8, (ap_q_mode)5, (ap_o_mode)3, 0> > >' into 'nnet::reduce<ap_fixed<18, 8, (ap_q_mode)5, (ap_o_mode)3, 0>, 4, nnet::Op_add<ap_fixed<18, 8, (ap_q_mode)5, (ap_o_mode)3, 0> > >' (firmware/nnet_utils/nnet_common.h:62) automatically.
INFO: [XFORM 203-602] Inlining function 'nnet::Op_add<ap_fixed<18, 8, (ap_q_mode)5, (ap_o_mode)3, 0> >::operator()' into 'nnet::reduce<ap_fixed<18, 8, (ap_q_mode)5, (ap_o_mode)3, 0>, 4, nnet::Op_add<ap_fixed<18, 8, (ap_q_mode)5, (ap_o_mode)3, 0> > >' (firmware/nnet_utils/nnet_common.h:62) automatically.
INFO: [XFORM 203-602] Inlining function 'nnet::reduce<ap_fixed<18, 8, (ap_q_mode)5, (ap_o_mode)3, 0>, 1, nnet::Op_add<ap_fixed<18, 8, (ap_q_mode)5, (ap_o_mode)3, 0> > >' into 'nnet::reduce<ap_fixed<18, 8, (ap_q_mode)5, (ap_o_mode)3, 0>, 5, nnet::Op_add<ap_fixed<18, 8, (ap_q_mode)5, (ap_o_mode)3, 0> > >' (firmware/nnet_utils/nnet_common.h:62) automatically.
INFO: [XFORM 203-602] Inlining function 'nnet::Op_add<ap_fixed<18, 8, (ap_q_mode)5, (ap_o_mode)3, 0> >::operator()' into 'nnet::reduce<ap_fixed<18, 8, (ap_q_mode)5, (ap_o_mode)3, 0>, 5, nnet::Op_add<ap_fixed<18, 8, (ap_q_mode)5, (ap_o_mode)3, 0> > >' (firmware/nnet_utils/nnet_common.h:62) automatically.
INFO: [XFORM 203-602] Inlining function 'nnet::softmax_idx_from_real_val<ap_fixed<16, 6, (ap_q_mode)5, (ap_o_mode)3, 0>, softmax_config13>' into 'nnet::softmax_latency<ap_fixed<16, 6, (ap_q_mode)5, (ap_o_mode)3, 0>, ap_fixed<16, 6, (ap_q_mode)5, (ap_o_mode)3, 0>, softmax_config13>' (firmware/nnet_utils/nnet_activation.h:250) automatically.
INFO: [XFORM 203-602] Inlining function 'nnet::reduce<ap_fixed<18, 8, (ap_q_mode)5, (ap_o_mode)3, 0>, 5, nnet::Op_add<ap_fixed<18, 8, (ap_q_mode)5, (ap_o_mode)3, 0> > >' into 'nnet::softmax_latency<ap_fixed<16, 6, (ap_q_mode)5, (ap_o_mode)3, 0>, ap_fixed<16, 6, (ap_q_mode)5, (ap_o_mode)3, 0>, softmax_config13>' (firmware/nnet_utils/nnet_activation.h:257) automatically.
INFO: [XFORM 203-602] Inlining function 'nnet::softmax_idx_from_real_val<ap_fixed<18, 8, (ap_q_mode)5, (ap_o_mode)3, 0>, softmax_config13>' into 'nnet::softmax_latency<ap_fixed<16, 6, (ap_q_mode)5, (ap_o_mode)3, 0>, ap_fixed<16, 6, (ap_q_mode)5, (ap_o_mode)3, 0>, softmax_config13>' (firmware/nnet_utils/nnet_activation.h:259) automatically.
INFO: [HLS 200-111] Finished Checking Synthesizability Time (s): cpu = 00:00:30 ; elapsed = 00:00:33 . Memory (MB): peak = 1058.086 ; gain = 653.129 ; free physical = 3419 ; free virtual = 8744
INFO: [XFORM 203-502] Unrolling all loops for pipelining in function 'nnet::softmax_latency<ap_fixed<16, 6, (ap_q_mode)5, (ap_o_mode)3, 0>, ap_fixed<16, 6, (ap_q_mode)5, (ap_o_mode)3, 0>, softmax_config13>' (firmware/nnet_utils/nnet_activation.h:224:45).
INFO: [XFORM 203-502] Unrolling all loops for pipelining in function 'nnet::reduce<ap_fixed<18, 8, (ap_q_mode)5, (ap_o_mode)3, 0>, 5, nnet::Op_add<ap_fixed<18, 8, (ap_q_mode)5, (ap_o_mode)3, 0> > >' (firmware/nnet_utils/nnet_common.h:52:43).
INFO: [XFORM 203-502] Unrolling all loops for pipelining in function 'nnet::reduce<ap_fixed<18, 8, (ap_q_mode)5, (ap_o_mode)3, 0>, 4, nnet::Op_add<ap_fixed<18, 8, (ap_q_mode)5, (ap_o_mode)3, 0> > >' (firmware/nnet_utils/nnet_common.h:52:43).
INFO: [XFORM 203-502] Unrolling all loops for pipelining in function 'nnet::dense_latency<ap_fixed<7, 1, (ap_q_mode)0, (ap_o_mode)0, 0>, ap_fixed<16, 6, (ap_q_mode)5, (ap_o_mode)3, 0>, config11>' (firmware/nnet_utils/nnet_dense_latency.h:39:55).
INFO: [XFORM 203-502] Unrolling all loops for pipelining in function 'nnet::relu<ap_fixed<16, 6, (ap_q_mode)5, (ap_o_mode)3, 0>, ap_fixed<7, 1, (ap_q_mode)0, (ap_o_mode)0, 0>, relu_config10>' (firmware/nnet_utils/nnet_activation.h:71:26).
INFO: [XFORM 203-502] Unrolling all loops for pipelining in function 'nnet::dense_latency<ap_fixed<7, 1, (ap_q_mode)0, (ap_o_mode)0, 0>, ap_fixed<16, 6, (ap_q_mode)5, (ap_o_mode)3, 0>, config8>' (firmware/nnet_utils/nnet_dense_latency.h:39:55).
INFO: [XFORM 203-502] Unrolling all loops for pipelining in function 'nnet::relu<ap_fixed<16, 6, (ap_q_mode)5, (ap_o_mode)3, 0>, ap_fixed<7, 1, (ap_q_mode)0, (ap_o_mode)0, 0>, relu_config7>' (firmware/nnet_utils/nnet_activation.h:71:26).
INFO: [XFORM 203-502] Unrolling all loops for pipelining in function 'nnet::dense_latency<ap_fixed<7, 1, (ap_q_mode)0, (ap_o_mode)0, 0>, ap_fixed<16, 6, (ap_q_mode)5, (ap_o_mode)3, 0>, config5>' (firmware/nnet_utils/nnet_dense_latency.h:39:55).
INFO: [XFORM 203-502] Unrolling all loops for pipelining in function 'nnet::relu<ap_fixed<16, 6, (ap_q_mode)5, (ap_o_mode)3, 0>, ap_fixed<7, 1, (ap_q_mode)0, (ap_o_mode)0, 0>, relu_config4>' (firmware/nnet_utils/nnet_activation.h:71:26).
INFO: [XFORM 203-502] Unrolling all loops for pipelining in function 'nnet::dense_latency<ap_fixed<16, 6, (ap_q_mode)5, (ap_o_mode)3, 0>, ap_fixed<16, 6, (ap_q_mode)5, (ap_o_mode)3, 0>, config2>' (firmware/nnet_utils/nnet_dense_latency.h:39:55).
INFO: [HLS 200-489] Unrolling loop 'Loop-1' (firmware/nnet_utils/nnet_activation.h:248) in function 'nnet::softmax_latency<ap_fixed<16, 6, (ap_q_mode)5, (ap_o_mode)3, 0>, ap_fixed<16, 6, (ap_q_mode)5, (ap_o_mode)3, 0>, softmax_config13>' completely with a factor of 5.
INFO: [HLS 200-489] Unrolling loop 'Loop-2' (firmware/nnet_utils/nnet_activation.h:260) in function 'nnet::softmax_latency<ap_fixed<16, 6, (ap_q_mode)5, (ap_o_mode)3, 0>, ap_fixed<16, 6, (ap_q_mode)5, (ap_o_mode)3, 0>, softmax_config13>' completely with a factor of 5.
INFO: [HLS 200-489] Unrolling loop 'ReduceLeft' (firmware/nnet_utils/nnet_common.h:56) in function 'nnet::reduce<ap_fixed<18, 8, (ap_q_mode)5, (ap_o_mode)3, 0>, 5, nnet::Op_add<ap_fixed<18, 8, (ap_q_mode)5, (ap_o_mode)3, 0> > >' completely with a factor of 4.
INFO: [HLS 200-489] Unrolling loop 'ReduceRight' (firmware/nnet_utils/nnet_common.h:59) in function 'nnet::reduce<ap_fixed<18, 8, (ap_q_mode)5, (ap_o_mode)3, 0>, 5, nnet::Op_add<ap_fixed<18, 8, (ap_q_mode)5, (ap_o_mode)3, 0> > >' completely with a factor of 1.
INFO: [HLS 200-489] Unrolling loop 'ReduceLeft' (firmware/nnet_utils/nnet_common.h:56) in function 'nnet::reduce<ap_fixed<18, 8, (ap_q_mode)5, (ap_o_mode)3, 0>, 4, nnet::Op_add<ap_fixed<18, 8, (ap_q_mode)5, (ap_o_mode)3, 0> > >' completely with a factor of 2.
INFO: [HLS 200-489] Unrolling loop 'ReduceRight' (firmware/nnet_utils/nnet_common.h:59) in function 'nnet::reduce<ap_fixed<18, 8, (ap_q_mode)5, (ap_o_mode)3, 0>, 4, nnet::Op_add<ap_fixed<18, 8, (ap_q_mode)5, (ap_o_mode)3, 0> > >' completely with a factor of 2.
INFO: [HLS 200-489] Unrolling loop 'Product1' (firmware/nnet_utils/nnet_dense_latency.h:85) in function 'nnet::dense_latency<ap_fixed<7, 1, (ap_q_mode)0, (ap_o_mode)0, 0>, ap_fixed<16, 6, (ap_q_mode)5, (ap_o_mode)3, 0>, config11>' completely with a factor of 64.
INFO: [HLS 200-489] Unrolling loop 'Product2' (firmware/nnet_utils/nnet_dense_latency.h:90) in function 'nnet::dense_latency<ap_fixed<7, 1, (ap_q_mode)0, (ap_o_mode)0, 0>, ap_fixed<16, 6, (ap_q_mode)5, (ap_o_mode)3, 0>, config11>' completely with a factor of 5.
INFO: [HLS 200-489] Unrolling loop 'ResetAccum' (firmware/nnet_utils/nnet_dense_latency.h:101) in function 'nnet::dense_latency<ap_fixed<7, 1, (ap_q_mode)0, (ap_o_mode)0, 0>, ap_fixed<16, 6, (ap_q_mode)5, (ap_o_mode)3, 0>, config11>' completely with a factor of 5.
INFO: [HLS 200-489] Unrolling loop 'Accum1' (firmware/nnet_utils/nnet_dense_latency.h:109) in function 'nnet::dense_latency<ap_fixed<7, 1, (ap_q_mode)0, (ap_o_mode)0, 0>, ap_fixed<16, 6, (ap_q_mode)5, (ap_o_mode)3, 0>, config11>' completely with a factor of 64.
INFO: [HLS 200-489] Unrolling loop 'Accum2' (firmware/nnet_utils/nnet_dense_latency.h:113) in function 'nnet::dense_latency<ap_fixed<7, 1, (ap_q_mode)0, (ap_o_mode)0, 0>, ap_fixed<16, 6, (ap_q_mode)5, (ap_o_mode)3, 0>, config11>' completely with a factor of 5.
INFO: [HLS 200-489] Unrolling loop 'Result' (firmware/nnet_utils/nnet_dense_latency.h:120) in function 'nnet::dense_latency<ap_fixed<7, 1, (ap_q_mode)0, (ap_o_mode)0, 0>, ap_fixed<16, 6, (ap_q_mode)5, (ap_o_mode)3, 0>, config11>' completely with a factor of 5.
INFO: [HLS 200-489] Unrolling loop 'Loop-1' (firmware/nnet_utils/nnet_activation.h:76) in function 'nnet::relu<ap_fixed<16, 6, (ap_q_mode)5, (ap_o_mode)3, 0>, ap_fixed<7, 1, (ap_q_mode)0, (ap_o_mode)0, 0>, relu_config10>' completely with a factor of 64.
INFO: [HLS 200-489] Unrolling loop 'Product1' (firmware/nnet_utils/nnet_dense_latency.h:85) in function 'nnet::dense_latency<ap_fixed<7, 1, (ap_q_mode)0, (ap_o_mode)0, 0>, ap_fixed<16, 6, (ap_q_mode)5, (ap_o_mode)3, 0>, config8>' completely with a factor of 64.
INFO: [HLS 200-489] Unrolling loop 'Product2' (firmware/nnet_utils/nnet_dense_latency.h:90) in function 'nnet::dense_latency<ap_fixed<7, 1, (ap_q_mode)0, (ap_o_mode)0, 0>, ap_fixed<16, 6, (ap_q_mode)5, (ap_o_mode)3, 0>, config8>' completely with a factor of 64.
INFO: [HLS 200-489] Unrolling loop 'ResetAccum' (firmware/nnet_utils/nnet_dense_latency.h:101) in function 'nnet::dense_latency<ap_fixed<7, 1, (ap_q_mode)0, (ap_o_mode)0, 0>, ap_fixed<16, 6, (ap_q_mode)5, (ap_o_mode)3, 0>, config8>' completely with a factor of 64.
INFO: [HLS 200-489] Unrolling loop 'Accum1' (firmware/nnet_utils/nnet_dense_latency.h:109) in function 'nnet::dense_latency<ap_fixed<7, 1, (ap_q_mode)0, (ap_o_mode)0, 0>, ap_fixed<16, 6, (ap_q_mode)5, (ap_o_mode)3, 0>, config8>' completely with a factor of 64.
INFO: [HLS 200-489] Unrolling loop 'Accum2' (firmware/nnet_utils/nnet_dense_latency.h:113) in function 'nnet::dense_latency<ap_fixed<7, 1, (ap_q_mode)0, (ap_o_mode)0, 0>, ap_fixed<16, 6, (ap_q_mode)5, (ap_o_mode)3, 0>, config8>' completely with a factor of 64.
INFO: [HLS 200-489] Unrolling loop 'Result' (firmware/nnet_utils/nnet_dense_latency.h:120) in function 'nnet::dense_latency<ap_fixed<7, 1, (ap_q_mode)0, (ap_o_mode)0, 0>, ap_fixed<16, 6, (ap_q_mode)5, (ap_o_mode)3, 0>, config8>' completely with a factor of 64.
INFO: [HLS 200-489] Unrolling loop 'Loop-1' (firmware/nnet_utils/nnet_activation.h:76) in function 'nnet::relu<ap_fixed<16, 6, (ap_q_mode)5, (ap_o_mode)3, 0>, ap_fixed<7, 1, (ap_q_mode)0, (ap_o_mode)0, 0>, relu_config7>' completely with a factor of 64.
INFO: [HLS 200-489] Unrolling loop 'Product1' (firmware/nnet_utils/nnet_dense_latency.h:85) in function 'nnet::dense_latency<ap_fixed<7, 1, (ap_q_mode)0, (ap_o_mode)0, 0>, ap_fixed<16, 6, (ap_q_mode)5, (ap_o_mode)3, 0>, config5>' completely with a factor of 64.
INFO: [HLS 200-489] Unrolling loop 'Product2' (firmware/nnet_utils/nnet_dense_latency.h:90) in function 'nnet::dense_latency<ap_fixed<7, 1, (ap_q_mode)0, (ap_o_mode)0, 0>, ap_fixed<16, 6, (ap_q_mode)5, (ap_o_mode)3, 0>, config5>' completely with a factor of 64.
INFO: [HLS 200-489] Unrolling loop 'ResetAccum' (firmware/nnet_utils/nnet_dense_latency.h:101) in function 'nnet::dense_latency<ap_fixed<7, 1, (ap_q_mode)0, (ap_o_mode)0, 0>, ap_fixed<16, 6, (ap_q_mode)5, (ap_o_mode)3, 0>, config5>' completely with a factor of 64.
INFO: [HLS 200-489] Unrolling loop 'Accum1' (firmware/nnet_utils/nnet_dense_latency.h:109) in function 'nnet::dense_latency<ap_fixed<7, 1, (ap_q_mode)0, (ap_o_mode)0, 0>, ap_fixed<16, 6, (ap_q_mode)5, (ap_o_mode)3, 0>, config5>' completely with a factor of 64.
INFO: [HLS 200-489] Unrolling loop 'Accum2' (firmware/nnet_utils/nnet_dense_latency.h:113) in function 'nnet::dense_latency<ap_fixed<7, 1, (ap_q_mode)0, (ap_o_mode)0, 0>, ap_fixed<16, 6, (ap_q_mode)5, (ap_o_mode)3, 0>, config5>' completely with a factor of 64.
INFO: [HLS 200-489] Unrolling loop 'Result' (firmware/nnet_utils/nnet_dense_latency.h:120) in function 'nnet::dense_latency<ap_fixed<7, 1, (ap_q_mode)0, (ap_o_mode)0, 0>, ap_fixed<16, 6, (ap_q_mode)5, (ap_o_mode)3, 0>, config5>' completely with a factor of 64.
INFO: [HLS 200-489] Unrolling loop 'Loop-1' (firmware/nnet_utils/nnet_activation.h:76) in function 'nnet::relu<ap_fixed<16, 6, (ap_q_mode)5, (ap_o_mode)3, 0>, ap_fixed<7, 1, (ap_q_mode)0, (ap_o_mode)0, 0>, relu_config4>' completely with a factor of 64.
INFO: [HLS 200-489] Unrolling loop 'Product1' (firmware/nnet_utils/nnet_dense_latency.h:85) in function 'nnet::dense_latency<ap_fixed<16, 6, (ap_q_mode)5, (ap_o_mode)3, 0>, ap_fixed<16, 6, (ap_q_mode)5, (ap_o_mode)3, 0>, config2>' completely with a factor of 16.
INFO: [HLS 200-489] Unrolling loop 'Product2' (firmware/nnet_utils/nnet_dense_latency.h:90) in function 'nnet::dense_latency<ap_fixed<16, 6, (ap_q_mode)5, (ap_o_mode)3, 0>, ap_fixed<16, 6, (ap_q_mode)5, (ap_o_mode)3, 0>, config2>' completely with a factor of 64.
INFO: [HLS 200-489] Unrolling loop 'ResetAccum' (firmware/nnet_utils/nnet_dense_latency.h:101) in function 'nnet::dense_latency<ap_fixed<16, 6, (ap_q_mode)5, (ap_o_mode)3, 0>, ap_fixed<16, 6, (ap_q_mode)5, (ap_o_mode)3, 0>, config2>' completely with a factor of 64.
INFO: [HLS 200-489] Unrolling loop 'Accum1' (firmware/nnet_utils/nnet_dense_latency.h:109) in function 'nnet::dense_latency<ap_fixed<16, 6, (ap_q_mode)5, (ap_o_mode)3, 0>, ap_fixed<16, 6, (ap_q_mode)5, (ap_o_mode)3, 0>, config2>' completely with a factor of 16.
INFO: [HLS 200-489] Unrolling loop 'Accum2' (firmware/nnet_utils/nnet_dense_latency.h:113) in function 'nnet::dense_latency<ap_fixed<16, 6, (ap_q_mode)5, (ap_o_mode)3, 0>, ap_fixed<16, 6, (ap_q_mode)5, (ap_o_mode)3, 0>, config2>' completely with a factor of 64.
INFO: [HLS 200-489] Unrolling loop 'Result' (firmware/nnet_utils/nnet_dense_latency.h:120) in function 'nnet::dense_latency<ap_fixed<16, 6, (ap_q_mode)5, (ap_o_mode)3, 0>, ap_fixed<16, 6, (ap_q_mode)5, (ap_o_mode)3, 0>, config2>' completely with a factor of 64.
INFO: [XFORM 203-131] Reshaping array 'fc1_input.V' (firmware/myproject.cpp:25) in dimension 1 completely.
INFO: [XFORM 203-101] Partitioning array 'layer13_out.V' (firmware/myproject.cpp:26) in dimension 1 completely.
INFO: [XFORM 203-101] Partitioning array 'layer2_out.V' (firmware/myproject.cpp:62) in dimension 1 completely.
INFO: [XFORM 203-101] Partitioning array 'layer4_out.V' (firmware/myproject.cpp:66) in dimension 1 completely.
INFO: [XFORM 203-101] Partitioning array 'layer5_out.V' (firmware/myproject.cpp:70) in dimension 1 completely.
INFO: [XFORM 203-101] Partitioning array 'layer7_out.V' (firmware/myproject.cpp:74) in dimension 1 completely.
INFO: [XFORM 203-101] Partitioning array 'layer8_out.V' (firmware/myproject.cpp:78) in dimension 1 completely.
INFO: [XFORM 203-101] Partitioning array 'layer10_out.V' (firmware/myproject.cpp:82) in dimension 1 completely.
INFO: [XFORM 203-101] Partitioning array 'layer11_out.V' (firmware/myproject.cpp:86) in dimension 1 completely.
INFO: [XFORM 203-101] Partitioning array 'b2.V'  in dimension 1 completely.
INFO: [XFORM 203-101] Partitioning array 'mult.V' (firmware/nnet_utils/nnet_dense_latency.h:39) in dimension 1 completely.
INFO: [XFORM 203-101] Partitioning array 'acc.V' (firmware/nnet_utils/nnet_dense_latency.h:40) in dimension 1 completely.
INFO: [XFORM 203-101] Partitioning array 'exp_res.V' (firmware/nnet_utils/nnet_activation.h:245) in dimension 1 completely.
INFO: [XFORM 203-101] Partitioning array 'left.V' (firmware/nnet_utils/nnet_common.h:52) in dimension 1 completely.
INFO: [XFORM 203-101] Partitioning array 'right.V' (firmware/nnet_utils/nnet_common.h:53) in dimension 1 completely.
INFO: [XFORM 203-101] Partitioning array 'left.V' (firmware/nnet_utils/nnet_common.h:52) in dimension 1 completely.
INFO: [XFORM 203-101] Partitioning array 'right.V' (firmware/nnet_utils/nnet_common.h:53) in dimension 1 completely.
INFO: [XFORM 203-101] Partitioning array 'b11.V'  in dimension 1 completely.
INFO: [XFORM 203-101] Partitioning array 'mult.V' (firmware/nnet_utils/nnet_dense_latency.h:39) in dimension 1 completely.
INFO: [XFORM 203-101] Partitioning array 'acc.V' (firmware/nnet_utils/nnet_dense_latency.h:40) in dimension 1 completely.
INFO: [XFORM 203-101] Partitioning array 'b8.V'  in dimension 1 completely.
INFO: [XFORM 203-101] Partitioning array 'mult.V' (firmware/nnet_utils/nnet_dense_latency.h:39) in dimension 1 completely.
INFO: [XFORM 203-101] Partitioning array 'acc.V' (firmware/nnet_utils/nnet_dense_latency.h:40) in dimension 1 completely.
INFO: [XFORM 203-101] Partitioning array 'b5.V'  in dimension 1 completely.
INFO: [XFORM 203-101] Partitioning array 'mult.V' (firmware/nnet_utils/nnet_dense_latency.h:39) in dimension 1 completely.
INFO: [XFORM 203-101] Partitioning array 'acc.V' (firmware/nnet_utils/nnet_dense_latency.h:40) in dimension 1 completely.
/home/mze/Desktop/Xilinx/Vivado/2019.2/bin/rdiArgs.sh: line 280:  8058 Killed                  "$RDI_PROG" "$@"
