1.0495831966400146 0.8572763204574585
0.8752559423446655 0.8077603578567505
0.831249475479126 0.7804440855979919
0.8031073212623596 0.7579094171524048
0.7850111126899719 0.7441301345825195
0.772141695022583 0.7350983023643494
0.7634569406509399 0.7294503450393677
0.756249725818634 0.7239328622817993
0.7516783475875854 0.719269335269928
0.7477036118507385 0.7188687920570374
0.744073212146759 0.7155719995498657
0.7420124411582947 0.7151309251785278
0.7394033074378967 0.716625452041626
0.737701416015625 0.7119989395141602
0.7361727952957153 0.7091324925422668
0.7349758744239807 0.7124748826026917
0.7333429455757141 0.7086582779884338
0.7331660389900208 0.7083772420883179
0.7311550974845886 0.7079166769981384
0.730340301990509 0.7072566151618958
0.7298266887664795 0.7131136655807495
0.7286207675933838 0.708986222743988
0.7279784083366394 0.7086876034736633
0.7275199294090271 0.7084315419197083
0.7266811728477478 0.705475389957428
0.7255204916000366 0.7036431431770325
0.7254608869552612 0.7049222588539124
0.72456955909729 0.7066027522087097
0.7231813073158264 0.7153329849243164
0.7230287194252014 0.7110676169395447
