1.2428948879241943 0.8738539814949036
0.9600532650947571 0.797805666923523
0.8920956254005432 0.7607700824737549
0.853892982006073 0.7428523302078247
0.8305131793022156 0.7321279644966125
0.8135387897491455 0.722574770450592
0.8021737933158875 0.7175756096839905
0.7925317883491516 0.7127272486686707
0.784765362739563 0.7060949206352234
0.7804291248321533 0.7031657099723816
0.7748465538024902 0.6982983946800232
0.7699888348579407 0.6932753920555115
0.7664512395858765 0.6906711459159851
0.7641310691833496 0.7000731825828552
0.7599254250526428 0.6883648633956909
0.7572750449180603 0.6886817216873169
0.7557006478309631 0.6900992393493652
0.7524053454399109 0.6827762126922607
0.7501934766769409 0.6833913326263428
0.7483726739883423 0.6813386678695679
0.7480199933052063 0.6821188926696777
0.746749222278595 0.6826190948486328
0.7444056272506714 0.677436351776123
0.7424840331077576 0.6775619983673096
0.7416666150093079 0.6787956357002258
0.739760160446167 0.6793683171272278
0.7398159503936768 0.6801119446754456
0.7380215525627136 0.6784060597419739
0.7372199296951294 0.6756263375282288
0.7358141541481018 0.6760267615318298
