
****** Vivado(TM) HLS - High-Level Synthesis from C, C++ and SystemC v2019.2 (64-bit)
  **** SW Build 2708876 on Wed Nov  6 21:39:14 MST 2019
  **** IP Build 2700528 on Thu Nov  7 00:09:20 MST 2019
    ** Copyright 1986-2019 Xilinx, Inc. All Rights Reserved.

source /vol/cc/opt/Xilinx/2019.2/Vivado/2019.2/scripts/vivado_hls/hls.tcl -notrace
INFO: [HLS 200-10] Running '/vol/cc/opt/Xilinx/2019.2/Vivado/2019.2/bin/unwrapped/lnx64.o/vivado_hls'
INFO: [HLS 200-10] For user 'mzl20' on host 'cccad5.doc.ic.ac.uk' (Linux_x86_64 version 3.10.0-957.1.3.el7.x86_64) on Sun Jul 18 13:59:00 BST 2021
INFO: [HLS 200-10] On os "CentOS Linux release 7.6.1810 (Core) "
INFO: [HLS 200-10] In directory '/mnt/ccnas2/bdp/mzl20/proj_venv_ccgpu3/lhc_jet_tagging_NN/JEDInet_HLS_test/model_1/firmware/prj_cmd'
Sourcing Tcl script 'build_prj.tcl'
INFO: [HLS 200-10] Opening project '/mnt/ccnas2/bdp/mzl20/proj_venv_ccgpu3/lhc_jet_tagging_NN/JEDInet_HLS_test/model_1/firmware/prj_cmd/myproject_prj'.
INFO: [HLS 200-10] Adding design file '../jedi.cpp' to the project
WARNING: [HLS 200-40] Cannot find test bench file 'tb_jedi.cpp'
INFO: [HLS 200-10] Opening solution '/mnt/ccnas2/bdp/mzl20/proj_venv_ccgpu3/lhc_jet_tagging_NN/JEDInet_HLS_test/model_1/firmware/prj_cmd/myproject_prj/solution1'.
INFO: [SYN 201-201] Setting up clock 'default' with a period of 5ns.
INFO: [HLS 200-10] Setting target device to 'xcu250-figd2104-2L-e'
INFO: [XFORM 203-101] Allowed max sub elements number after partition is 4096.
INFO: [XFORM 203-1161] The maximum of name length is set into 60.
INFO: [XFORM 203-101] Allowed max sub elements number after partition is 4096.
INFO: [XFORM 203-1161] The maximum of name length is set into 60.
***** C/RTL SYNTHESIS *****
INFO: [SCHED 204-61] Option 'relax_ii_for_timing' is enabled, will increase II to preserve clock frequency constraints.
INFO: [HLS 200-10] Analyzing design file '../jedi.cpp' ... 
WARNING: [HLS 200-40] In file included from ../jedi.cpp:22:
../../nnet_utils/nnet_jedi.h:422:5: warning: '/*' within block comment [-Wcomment]
    /* parameters, think it will be specified in CONFIG
    ^
1 warning generated.
WARNING: [HLS 214-114] Since the only kind of statements allowed in a canonical dataflow region are variable declarations and function calls, the compiler may not be able to correctly handle the region: ../../nnet_utils/nnet_dense_latency.h:64:9
WARNING: [HLS 214-114] Since the only kind of statements allowed in a canonical dataflow region are variable declarations and function calls, the compiler may not be able to correctly handle the region: ../../nnet_utils/nnet_dense_latency.h:79:2
WARNING: [HLS 214-104] Only for-loops and functions support the dataflow: ../../nnet_utils/nnet_dense_latency.h:76:9
WARNING: [HLS 200-471] Dataflow form checks found 3 issue(s) in file ../jedi.cpp
INFO: [HLS 200-111] Finished Linking Time (s): cpu = 00:00:18 ; elapsed = 00:00:26 . Memory (MB): peak = 1051.270 ; gain = 529.180 ; free physical = 190912 ; free virtual = 588460
INFO: [HLS 200-111] Finished Checking Pragmas Time (s): cpu = 00:00:18 ; elapsed = 00:00:26 . Memory (MB): peak = 1051.270 ; gain = 529.180 ; free physical = 190912 ; free virtual = 588460
INFO: [HLS 200-10] Starting code transformations ...
INFO: [XFORM 203-603] Inlining function 'nnet::product::mult<float, float, float>::limit' into 'nnet::dense_latency<float, float, fc1_config_struct>' (../../nnet_utils/nnet_dense_latency.h:57).
INFO: [XFORM 203-603] Inlining function 'nnet::product::mult<float, float, float>::limit' into 'nnet::dense_latency<float, float, fc2_config_struct>' (../../nnet_utils/nnet_dense_latency.h:57).
INFO: [XFORM 203-603] Inlining function 'nnet::product::mult<float, float, float>::limit' into 'nnet::dense_latency<float, float, output1_config_struct>' (../../nnet_utils/nnet_dense_latency.h:57).
INFO: [XFORM 203-603] Inlining function 'nnet::product::mult<float, float, float>::product' into 'nnet::dense_latency<float, float, fc1_config_struct>' (../../nnet_utils/nnet_dense_latency.h:96).
INFO: [XFORM 203-603] Inlining function 'nnet::product::mult<float, float, float>::product' into 'nnet::dense_latency<float, float, fc2_config_struct>' (../../nnet_utils/nnet_dense_latency.h:96).
INFO: [XFORM 203-603] Inlining function 'nnet::product::mult<float, float, float>::product' into 'nnet::dense_latency<float, float, output1_config_struct>' (../../nnet_utils/nnet_dense_latency.h:96).
INFO: [XFORM 203-603] Inlining function 'nnet::dense<float, float, fc1_config_struct>' into 'nnet::dnn1<float, float, dense1_config>' (../../nnet_utils/nnet_jedi.h:171).
INFO: [XFORM 203-603] Inlining function 'nnet::dense<float, float, fc2_config_struct>' into 'nnet::dnn1<float, float, dense1_config>' (../../nnet_utils/nnet_jedi.h:181).
INFO: [XFORM 203-603] Inlining function 'nnet::dense<float, float, output1_config_struct>' into 'nnet::dnn1<float, float, dense1_config>' (../../nnet_utils/nnet_jedi.h:189).
INFO: [HLS 200-111] Finished Standard Transforms Time (s): cpu = 00:00:21 ; elapsed = 00:00:29 . Memory (MB): peak = 1055.859 ; gain = 533.770 ; free physical = 190816 ; free virtual = 588364
INFO: [HLS 200-10] Checking synthesizability ...
INFO: [XFORM 203-602] Inlining function 'fp_struct<double>::mantissa' into 'generic_cast_IEEE754<int, (ap_q_mode)6, double>' (/wrk/2019.2/continuous/2019_11_06_2708876/src/products/hls/hls_lib/hlsmath/include/FloatingPoint/hls_case_IEEE754.h:15) automatically.
INFO: [XFORM 203-602] Inlining function 'fp_struct<double>::expv' into 'generic_cast_IEEE754<int, (ap_q_mode)6, double>' (/wrk/2019.2/continuous/2019_11_06_2708876/src/products/hls/hls_lib/hlsmath/include/FloatingPoint/hls_case_IEEE754.h:18) automatically.
INFO: [XFORM 203-602] Inlining function 'fp_struct<double>::__signbit' into 'generic_cast_IEEE754<int, (ap_q_mode)6, double>' (/wrk/2019.2/continuous/2019_11_06_2708876/src/products/hls/hls_lib/hlsmath/include/FloatingPoint/hls_case_IEEE754.h:59) automatically.
INFO: [XFORM 203-602] Inlining function 'generic_cast_IEEE754<int, (ap_q_mode)6, double>' into 'generic_cast_IEEE754<int, double>' (/wrk/2019.2/continuous/2019_11_06_2708876/src/products/hls/hls_lib/hlsmath/include/FloatingPoint/hls_case_IEEE754.h:117) automatically.
INFO: [XFORM 203-602] Inlining function 'generic_cast_IEEE754<int, double>' into '__hls_fptosi_double_i32' (/wrk/2019.2/continuous/2019_11_06_2708876/src/products/hls/hls_lib/hlsmath/src/lib_floatconversion.cpp:55) automatically.
INFO: [XFORM 203-602] Inlining function '__hls_fptosi_double_i32' into 'nnet::dense_latency<float, float, fc1_config_struct>' (../../nnet_utils/nnet_dense_latency.h:56) automatically.
INFO: [XFORM 203-602] Inlining function 'nnet::cast<float, float, fc1_config_struct>' into 'nnet::dense_latency<float, float, fc1_config_struct>' (../../nnet_utils/nnet_dense_latency.h:126) automatically.
INFO: [XFORM 203-602] Inlining function 'fp_struct<float>::mantissa' into 'generic_cast_IEEE754<int, (ap_q_mode)6, float>' (/wrk/2019.2/continuous/2019_11_06_2708876/src/products/hls/hls_lib/hlsmath/include/FloatingPoint/hls_case_IEEE754.h:15) automatically.
INFO: [XFORM 203-602] Inlining function 'fp_struct<float>::expv' into 'generic_cast_IEEE754<int, (ap_q_mode)6, float>' (/wrk/2019.2/continuous/2019_11_06_2708876/src/products/hls/hls_lib/hlsmath/include/FloatingPoint/hls_case_IEEE754.h:18) automatically.
INFO: [XFORM 203-602] Inlining function 'fp_struct<float>::__signbit' into 'generic_cast_IEEE754<int, (ap_q_mode)6, float>' (/wrk/2019.2/continuous/2019_11_06_2708876/src/products/hls/hls_lib/hlsmath/include/FloatingPoint/hls_case_IEEE754.h:59) automatically.
INFO: [XFORM 203-602] Inlining function 'generic_cast_IEEE754<int, (ap_q_mode)6, float>' into 'generic_cast_IEEE754<int, float>' (/wrk/2019.2/continuous/2019_11_06_2708876/src/products/hls/hls_lib/hlsmath/include/FloatingPoint/hls_case_IEEE754.h:117) automatically.
INFO: [XFORM 203-602] Inlining function 'generic_cast_IEEE754<int, float>' into '__hls_fptosi_float_i32' (/wrk/2019.2/continuous/2019_11_06_2708876/src/products/hls/hls_lib/hlsmath/src/lib_floatconversion.cpp:51) automatically.
INFO: [XFORM 203-602] Inlining function '__hls_fptosi_float_i32' into 'nnet::selu<float, float, relu1_config_struct>' (../../nnet_utils/nnet_activation.h:779) automatically.
INFO: [XFORM 203-602] Inlining function '__hls_fptosi_double_i32' into 'nnet::dense_latency<float, float, fc2_config_struct>' (../../nnet_utils/nnet_dense_latency.h:56) automatically.
INFO: [XFORM 203-602] Inlining function 'nnet::cast<float, float, fc2_config_struct>' into 'nnet::dense_latency<float, float, fc2_config_struct>' (../../nnet_utils/nnet_dense_latency.h:126) automatically.
INFO: [XFORM 203-602] Inlining function '__hls_fptosi_float_i32' into 'nnet::selu<float, float, relu2_config_struct>' (../../nnet_utils/nnet_activation.h:779) automatically.
INFO: [XFORM 203-602] Inlining function '__hls_fptosi_double_i32' into 'nnet::dense_latency<float, float, output1_config_struct>' (../../nnet_utils/nnet_dense_latency.h:56) automatically.
INFO: [XFORM 203-602] Inlining function 'nnet::cast<float, float, output1_config_struct>' into 'nnet::dense_latency<float, float, output1_config_struct>' (../../nnet_utils/nnet_dense_latency.h:126) automatically.
INFO: [XFORM 203-602] Inlining function '__hls_fptosi_float_i32' into 'nnet::selu<float, float, selu1_config_struct>' (../../nnet_utils/nnet_activation.h:779) automatically.
INFO: [XFORM 203-602] Inlining function 'nnet::dnn1<float, float, dense1_config>' into 'nnet::jedi_dnn1<float, float, dense1_config>' (../../nnet_utils/nnet_jedi.h:311) automatically.
INFO: [XFORM 203-602] Inlining function 'nnet::jedi1<float, float, jedi1_config>' into 'jedi' (../jedi.cpp:58) automatically.
WARNING: [SYNCHK 200-77] The top function 'jedi' (../jedi.cpp:46) has no outputs. Possible cause(s) are: (1) Output parameters are passed by value; (2) intended outputs (parameters or global variables) are never written; (3) there are infinite loops.
INFO: [SYNCHK 200-10] 0 error(s), 1 warning(s).
INFO: [HLS 200-111] Finished Checking Synthesizability Time (s): cpu = 00:01:41 ; elapsed = 00:01:50 . Memory (MB): peak = 1055.859 ; gain = 533.770 ; free physical = 190793 ; free virtual = 588342
INFO: [XFORM 203-502] Unrolling all loops for pipelining in function 'nnet::selu<float, float, selu1_config_struct>' (../../nnet_utils/nnet_activation.h:749).
INFO: [XFORM 203-502] Unrolling all loops for pipelining in function 'nnet::dense_latency<float, float, output1_config_struct>' (../../nnet_utils/nnet_dense_latency.h:33).
INFO: [XFORM 203-502] Unrolling all loops for pipelining in function 'nnet::selu<float, float, relu2_config_struct>' (../../nnet_utils/nnet_activation.h:749).
INFO: [XFORM 203-502] Unrolling all loops for pipelining in function 'nnet::dense_latency<float, float, fc2_config_struct>' (../../nnet_utils/nnet_dense_latency.h:33).
INFO: [XFORM 203-502] Unrolling all loops for pipelining in function 'nnet::selu<float, float, relu1_config_struct>' (../../nnet_utils/nnet_activation.h:749).
INFO: [XFORM 203-502] Unrolling all loops for pipelining in function 'nnet::dense_latency<float, float, fc1_config_struct>' (../../nnet_utils/nnet_dense_latency.h:33).
INFO: [HLS 200-489] Unrolling loop 'Loop-1' (../../nnet_utils/nnet_activation.h:771) in function 'nnet::selu<float, float, selu1_config_struct>' completely with a factor of 8.
INFO: [HLS 200-489] Unrolling loop 'Product1' (../../nnet_utils/nnet_dense_latency.h:85) in function 'nnet::dense_latency<float, float, output1_config_struct>' completely with a factor of 10.
INFO: [HLS 200-489] Unrolling loop 'Product2' (../../nnet_utils/nnet_dense_latency.h:90) in function 'nnet::dense_latency<float, float, output1_config_struct>' completely with a factor of 8.
INFO: [HLS 200-489] Unrolling loop 'ResetAccum' (../../nnet_utils/nnet_dense_latency.h:102) in function 'nnet::dense_latency<float, float, output1_config_struct>' completely with a factor of 8.
INFO: [HLS 200-489] Unrolling loop 'Accum1' (../../nnet_utils/nnet_dense_latency.h:110) in function 'nnet::dense_latency<float, float, output1_config_struct>' completely with a factor of 10.
INFO: [HLS 200-489] Unrolling loop 'Accum2' (../../nnet_utils/nnet_dense_latency.h:114) in function 'nnet::dense_latency<float, float, output1_config_struct>' completely with a factor of 8.
INFO: [HLS 200-489] Unrolling loop 'Result' (../../nnet_utils/nnet_dense_latency.h:121) in function 'nnet::dense_latency<float, float, output1_config_struct>' completely with a factor of 8.
INFO: [HLS 200-489] Unrolling loop 'Loop-1' (../../nnet_utils/nnet_activation.h:771) in function 'nnet::selu<float, float, relu2_config_struct>' completely with a factor of 10.
INFO: [HLS 200-489] Unrolling loop 'Product1' (../../nnet_utils/nnet_dense_latency.h:85) in function 'nnet::dense_latency<float, float, fc2_config_struct>' completely with a factor of 20.
INFO: [HLS 200-489] Unrolling loop 'Product2' (../../nnet_utils/nnet_dense_latency.h:90) in function 'nnet::dense_latency<float, float, fc2_config_struct>' completely with a factor of 10.
INFO: [HLS 200-489] Unrolling loop 'ResetAccum' (../../nnet_utils/nnet_dense_latency.h:102) in function 'nnet::dense_latency<float, float, fc2_config_struct>' completely with a factor of 10.
INFO: [HLS 200-489] Unrolling loop 'Accum1' (../../nnet_utils/nnet_dense_latency.h:110) in function 'nnet::dense_latency<float, float, fc2_config_struct>' completely with a factor of 20.
INFO: [HLS 200-489] Unrolling loop 'Accum2' (../../nnet_utils/nnet_dense_latency.h:114) in function 'nnet::dense_latency<float, float, fc2_config_struct>' completely with a factor of 10.
INFO: [HLS 200-489] Unrolling loop 'Result' (../../nnet_utils/nnet_dense_latency.h:121) in function 'nnet::dense_latency<float, float, fc2_config_struct>' completely with a factor of 10.
INFO: [HLS 200-489] Unrolling loop 'Loop-1' (../../nnet_utils/nnet_activation.h:771) in function 'nnet::selu<float, float, relu1_config_struct>' completely with a factor of 20.
INFO: [HLS 200-489] Unrolling loop 'Product1' (../../nnet_utils/nnet_dense_latency.h:85) in function 'nnet::dense_latency<float, float, fc1_config_struct>' completely with a factor of 32.
INFO: [HLS 200-489] Unrolling loop 'Product2' (../../nnet_utils/nnet_dense_latency.h:90) in function 'nnet::dense_latency<float, float, fc1_config_struct>' completely with a factor of 20.
INFO: [HLS 200-489] Unrolling loop 'ResetAccum' (../../nnet_utils/nnet_dense_latency.h:102) in function 'nnet::dense_latency<float, float, fc1_config_struct>' completely with a factor of 20.
INFO: [HLS 200-489] Unrolling loop 'Accum1' (../../nnet_utils/nnet_dense_latency.h:110) in function 'nnet::dense_latency<float, float, fc1_config_struct>' completely with a factor of 32.
INFO: [HLS 200-489] Unrolling loop 'Accum2' (../../nnet_utils/nnet_dense_latency.h:114) in function 'nnet::dense_latency<float, float, fc1_config_struct>' completely with a factor of 20.
INFO: [HLS 200-489] Unrolling loop 'Result' (../../nnet_utils/nnet_dense_latency.h:121) in function 'nnet::dense_latency<float, float, fc1_config_struct>' completely with a factor of 20.
INFO: [XFORM 203-101] Partitioning array 'layer2_out' (../../nnet_utils/nnet_jedi.h:169) in dimension 1 completely.
INFO: [XFORM 203-101] Partitioning array 'layer3_out' (../../nnet_utils/nnet_jedi.h:175) in dimension 1 completely.
INFO: [XFORM 203-101] Partitioning array 'layer4_out' (../../nnet_utils/nnet_jedi.h:179) in dimension 1 completely.
INFO: [XFORM 203-101] Partitioning array 'layer5_out' (../../nnet_utils/nnet_jedi.h:183) in dimension 1 completely.
INFO: [XFORM 203-101] Partitioning array 'layer6_out' (../../nnet_utils/nnet_jedi.h:187) in dimension 1 completely.
INFO: [XFORM 203-101] Partitioning array 'b3'  in dimension 1 completely.
INFO: [XFORM 203-101] Partitioning array 'mult' (../../nnet_utils/nnet_dense_latency.h:39) in dimension 1 completely.
INFO: [XFORM 203-101] Partitioning array 'acc' (../../nnet_utils/nnet_dense_latency.h:40) in dimension 1 completely.
INFO: [XFORM 203-101] Partitioning array 'b2'  in dimension 1 completely.
INFO: [XFORM 203-101] Partitioning array 'mult' (../../nnet_utils/nnet_dense_latency.h:39) in dimension 1 completely.
INFO: [XFORM 203-101] Partitioning array 'acc' (../../nnet_utils/nnet_dense_latency.h:40) in dimension 1 completely.
INFO: [XFORM 203-101] Partitioning array 'b1'  in dimension 1 completely.
INFO: [XFORM 203-101] Partitioning array 'mult' (../../nnet_utils/nnet_dense_latency.h:39) in dimension 1 completely.
INFO: [XFORM 203-101] Partitioning array 'acc' (../../nnet_utils/nnet_dense_latency.h:40) in dimension 1 completely.
INFO: [XFORM 203-602] Inlining function 'fp_struct<double>::mantissa' into 'generic_cast_IEEE754<int, (ap_q_mode)6, double>' (/wrk/2019.2/continuous/2019_11_06_2708876/src/products/hls/hls_lib/hlsmath/include/FloatingPoint/hls_case_IEEE754.h:15) automatically.
INFO: [XFORM 203-602] Inlining function 'fp_struct<double>::expv' into 'generic_cast_IEEE754<int, (ap_q_mode)6, double>' (/wrk/2019.2/continuous/2019_11_06_2708876/src/products/hls/hls_lib/hlsmath/include/FloatingPoint/hls_case_IEEE754.h:18) automatically.
INFO: [XFORM 203-602] Inlining function 'fp_struct<double>::__signbit' into 'generic_cast_IEEE754<int, (ap_q_mode)6, double>' (/wrk/2019.2/continuous/2019_11_06_2708876/src/products/hls/hls_lib/hlsmath/include/FloatingPoint/hls_case_IEEE754.h:59) automatically.
INFO: [XFORM 203-602] Inlining function 'generic_cast_IEEE754<int, (ap_q_mode)6, double>' into 'generic_cast_IEEE754<int, double>' (/wrk/2019.2/continuous/2019_11_06_2708876/src/products/hls/hls_lib/hlsmath/include/FloatingPoint/hls_case_IEEE754.h:117) automatically.
INFO: [XFORM 203-602] Inlining function 'generic_cast_IEEE754<int, double>' into '__hls_fptosi_double_i32' (/wrk/2019.2/continuous/2019_11_06_2708876/src/products/hls/hls_lib/hlsmath/src/lib_floatconversion.cpp:55) automatically.
INFO: [XFORM 203-602] Inlining function '__hls_fptosi_double_i32' into 'nnet::dense_latency<float, float, fc1_config_struct>' (../../nnet_utils/nnet_dense_latency.h:56) automatically.
INFO: [XFORM 203-602] Inlining function 'nnet::cast<float, float, fc1_config_struct>' into 'nnet::dense_latency<float, float, fc1_config_struct>' (../../nnet_utils/nnet_dense_latency.h:126) automatically.
INFO: [XFORM 203-602] Inlining function 'fp_struct<float>::mantissa' into 'generic_cast_IEEE754<int, (ap_q_mode)6, float>' (/wrk/2019.2/continuous/2019_11_06_2708876/src/products/hls/hls_lib/hlsmath/include/FloatingPoint/hls_case_IEEE754.h:15) automatically.
INFO: [XFORM 203-602] Inlining function 'fp_struct<float>::expv' into 'generic_cast_IEEE754<int, (ap_q_mode)6, float>' (/wrk/2019.2/continuous/2019_11_06_2708876/src/products/hls/hls_lib/hlsmath/include/FloatingPoint/hls_case_IEEE754.h:18) automatically.
INFO: [XFORM 203-602] Inlining function 'fp_struct<float>::__signbit' into 'generic_cast_IEEE754<int, (ap_q_mode)6, float>' (/wrk/2019.2/continuous/2019_11_06_2708876/src/products/hls/hls_lib/hlsmath/include/FloatingPoint/hls_case_IEEE754.h:59) automatically.
INFO: [XFORM 203-602] Inlining function 'generic_cast_IEEE754<int, (ap_q_mode)6, float>' into 'generic_cast_IEEE754<int, float>' (/wrk/2019.2/continuous/2019_11_06_2708876/src/products/hls/hls_lib/hlsmath/include/FloatingPoint/hls_case_IEEE754.h:117) automatically.
INFO: [XFORM 203-602] Inlining function 'generic_cast_IEEE754<int, float>' into '__hls_fptosi_float_i32' (/wrk/2019.2/continuous/2019_11_06_2708876/src/products/hls/hls_lib/hlsmath/src/lib_floatconversion.cpp:51) automatically.
INFO: [XFORM 203-602] Inlining function '__hls_fptosi_double_i32' into 'nnet::dense_latency<float, float, fc2_config_struct>' (../../nnet_utils/nnet_dense_latency.h:56) automatically.
INFO: [XFORM 203-602] Inlining function 'nnet::cast<float, float, fc2_config_struct>' into 'nnet::dense_latency<float, float, fc2_config_struct>' (../../nnet_utils/nnet_dense_latency.h:126) automatically.
INFO: [XFORM 203-602] Inlining function '__hls_fptosi_double_i32' into 'nnet::dense_latency<float, float, output1_config_struct>' (../../nnet_utils/nnet_dense_latency.h:56) automatically.
INFO: [XFORM 203-602] Inlining function 'nnet::cast<float, float, output1_config_struct>' into 'nnet::dense_latency<float, float, output1_config_struct>' (../../nnet_utils/nnet_dense_latency.h:126) automatically.
INFO: [XFORM 203-602] Inlining function 'nnet::dnn1<float, float, dense1_config>' into 'nnet::jedi_dnn1<float, float, dense1_config>' (../../nnet_utils/nnet_jedi.h:311) automatically.
INFO: [XFORM 203-602] Inlining function 'nnet::jedi1<float, float, jedi1_config>' into 'jedi' (../jedi.cpp:58) automatically.
INFO: [XFORM 203-622] Instantiating function 'nnet::dense_latency<float, float, output1_config_struct>'(../../nnet_utils/nnet_dense_latency.h:33) to 'nnet::dense_latency<float, float, output1_config_struct>.0' at call site (../../nnet_utils/nnet_dense.h:46->../../nnet_utils/nnet_jedi.h:189->../../nnet_utils/nnet_jedi.h:311) by setting 'weights' to 'w3'.
INFO: [XFORM 203-622] Instantiating function 'nnet::dense_latency<float, float, output1_config_struct>.0'(../../nnet_utils/nnet_dense_latency.h:45:1) to 'nnet::dense_latency<float, float, output1_config_struct>.0.0' at call site (../../nnet_utils/nnet_dense.h:46->../../nnet_utils/nnet_jedi.h:189->../../nnet_utils/nnet_jedi.h:311) by setting 'biases[0]' to 'b3.0'.
INFO: [XFORM 203-622] Instantiating function 'nnet::dense_latency<float, float, output1_config_struct>.0.0'(../../nnet_utils/nnet_dense_latency.h:45:1) to 'nnet::dense_latency<float, float, output1_config_struct>.0.0.0' at call site (../../nnet_utils/nnet_dense.h:46->../../nnet_utils/nnet_jedi.h:189->../../nnet_utils/nnet_jedi.h:311) by setting 'biases[1]' to 'b3.1'.
INFO: [XFORM 203-622] Instantiating function 'nnet::dense_latency<float, float, output1_config_struct>.0.0.0'(../../nnet_utils/nnet_dense_latency.h:45:1) to 'nnet::dense_latency<float, float, output1_config_struct>.0.0.0.0' at call site (../../nnet_utils/nnet_dense.h:46->../../nnet_utils/nnet_jedi.h:189->../../nnet_utils/nnet_jedi.h:311) by setting 'biases[2]' to 'b3.2'.
INFO: [XFORM 203-622] Instantiating function 'nnet::dense_latency<float, float, output1_config_struct>.0.0.0.0'(../../nnet_utils/nnet_dense_latency.h:45:1) to 'nnet::dense_latency<float, float, output1_config_struct>.0.0.0.0.0' at call site (../../nnet_utils/nnet_dense.h:46->../../nnet_utils/nnet_jedi.h:189->../../nnet_utils/nnet_jedi.h:311) by setting 'biases[3]' to 'b3.3'.
INFO: [XFORM 203-622] Instantiating function 'nnet::dense_latency<float, float, output1_config_struct>.0.0.0.0.0'(../../nnet_utils/nnet_dense_latency.h:45:1) to 'nnet::dense_latency<float, float, output1_config_struct>.0.0.0.0.0.0' at call site (../../nnet_utils/nnet_dense.h:46->../../nnet_utils/nnet_jedi.h:189->../../nnet_utils/nnet_jedi.h:311) by setting 'biases[4]' to 'b3.4'.
INFO: [XFORM 203-622] Instantiating function 'nnet::dense_latency<float, float, output1_config_struct>.0.0.0.0.0.0'(../../nnet_utils/nnet_dense_latency.h:45:1) to 'nnet::dense_latency<float, float, output1_config_struct>.0.0.0.0.0.0.0' at call site (../../nnet_utils/nnet_dense.h:46->../../nnet_utils/nnet_jedi.h:189->../../nnet_utils/nnet_jedi.h:311) by setting 'biases[5]' to 'b3.5'.
INFO: [XFORM 203-622] Instantiating function 'nnet::dense_latency<float, float, output1_config_struct>.0.0.0.0.0.0.0'(../../nnet_utils/nnet_dense_latency.h:45:1) to 'nnet::dense_latency<float, float, output1_config_struct>.0.0.0.0.0.0.0.0' at call site (../../nnet_utils/nnet_dense.h:46->../../nnet_utils/nnet_jedi.h:189->../../nnet_utils/nnet_jedi.h:311) by setting 'biases[6]' to 'b3.6'.
INFO: [XFORM 203-622] Instantiating function 'nnet::dense_latency<float, float, output1_config_struct>.0.0.0.0.0.0.0.0'(../../nnet_utils/nnet_dense_latency.h:45:1) to 'nnet::dense_latency<float, float, output1_config_struct>.0.0.0.0.0.0.0.0.0' at call site (../../nnet_utils/nnet_dense.h:46->../../nnet_utils/nnet_jedi.h:189->../../nnet_utils/nnet_jedi.h:311) by setting 'biases[7]' to 'b3.7'.
INFO: [XFORM 203-622] Instantiating function 'nnet::dense_latency<float, float, fc2_config_struct>'(../../nnet_utils/nnet_dense_latency.h:33) to 'nnet::dense_latency<float, float, fc2_config_struct>.0' at call site (../../nnet_utils/nnet_dense.h:46->../../nnet_utils/nnet_jedi.h:181->../../nnet_utils/nnet_jedi.h:311) by setting 'weights' to 'w2'.
INFO: [XFORM 203-622] Instantiating function 'nnet::dense_latency<float, float, fc2_config_struct>.0'(../../nnet_utils/nnet_dense_latency.h:45:23) to 'nnet::dense_latency<float, float, fc2_config_struct>.0.0' at call site (../../nnet_utils/nnet_dense.h:46->../../nnet_utils/nnet_jedi.h:181->../../nnet_utils/nnet_jedi.h:311) by setting 'biases[0]' to 'b2.0'.
INFO: [XFORM 203-622] Instantiating function 'nnet::dense_latency<float, float, fc2_config_struct>.0.0'(../../nnet_utils/nnet_dense_latency.h:45:23) to 'nnet::dense_latency<float, float, fc2_config_struct>.0.0.0' at call site (../../nnet_utils/nnet_dense.h:46->../../nnet_utils/nnet_jedi.h:181->../../nnet_utils/nnet_jedi.h:311) by setting 'biases[1]' to 'b2.1'.
INFO: [XFORM 203-622] Instantiating function 'nnet::dense_latency<float, float, fc2_config_struct>.0.0.0'(../../nnet_utils/nnet_dense_latency.h:45:23) to 'nnet::dense_latency<float, float, fc2_config_struct>.0.0.0.0' at call site (../../nnet_utils/nnet_dense.h:46->../../nnet_utils/nnet_jedi.h:181->../../nnet_utils/nnet_jedi.h:311) by setting 'biases[2]' to 'b2.2'.
INFO: [XFORM 203-622] Instantiating function 'nnet::dense_latency<float, float, fc2_config_struct>.0.0.0.0'(../../nnet_utils/nnet_dense_latency.h:45:23) to 'nnet::dense_latency<float, float, fc2_config_struct>.0.0.0.0.0' at call site (../../nnet_utils/nnet_dense.h:46->../../nnet_utils/nnet_jedi.h:181->../../nnet_utils/nnet_jedi.h:311) by setting 'biases[3]' to 'b2.3'.
INFO: [XFORM 203-622] Instantiating function 'nnet::dense_latency<float, float, fc2_config_struct>.0.0.0.0.0'(../../nnet_utils/nnet_dense_latency.h:45:23) to 'nnet::dense_latency<float, float, fc2_config_struct>.0.0.0.0.0.0' at call site (../../nnet_utils/nnet_dense.h:46->../../nnet_utils/nnet_jedi.h:181->../../nnet_utils/nnet_jedi.h:311) by setting 'biases[4]' to 'b2.4'.
INFO: [XFORM 203-622] Instantiating function 'nnet::dense_latency<float, float, fc2_config_struct>.0.0.0.0.0.0'(../../nnet_utils/nnet_dense_latency.h:45:23) to 'nnet::dense_latency<float, float, fc2_config_struct>.0.0.0.0.0.0.0' at call site (../../nnet_utils/nnet_dense.h:46->../../nnet_utils/nnet_jedi.h:181->../../nnet_utils/nnet_jedi.h:311) by setting 'biases[5]' to 'b2.5'.
INFO: [XFORM 203-622] Instantiating function 'nnet::dense_latency<float, float, fc2_config_struct>.0.0.0.0.0.0.0'(../../nnet_utils/nnet_dense_latency.h:45:23) to 'nnet::dense_latency<float, float, fc2_config_struct>.0.0.0.0.0.0.0.0' at call site (../../nnet_utils/nnet_dense.h:46->../../nnet_utils/nnet_jedi.h:181->../../nnet_utils/nnet_jedi.h:311) by setting 'biases[6]' to 'b2.6'.
INFO: [XFORM 203-622] Instantiating function 'nnet::dense_latency<float, float, fc2_config_struct>.0.0.0.0.0.0.0.0'(../../nnet_utils/nnet_dense_latency.h:45:23) to 'nnet::dense_latency<float, float, fc2_config_struct>.0.0.0.0.0.0.0.0.0' at call site (../../nnet_utils/nnet_dense.h:46->../../nnet_utils/nnet_jedi.h:181->../../nnet_utils/nnet_jedi.h:311) by setting 'biases[7]' to 'b2.7'.
INFO: [XFORM 203-622] Instantiating function 'nnet::dense_latency<float, float, fc2_config_struct>.0.0.0.0.0.0.0.0.0'(../../nnet_utils/nnet_dense_latency.h:45:23) to 'nnet::dense_latency<float, float, fc2_config_struct>.0.0.0.0.0.0.0.0.0.0' at call site (../../nnet_utils/nnet_dense.h:46->../../nnet_utils/nnet_jedi.h:181->../../nnet_utils/nnet_jedi.h:311) by setting 'biases[8]' to 'b2.8'.
INFO: [XFORM 203-622] Instantiating function 'nnet::dense_latency<float, float, fc2_config_struct>.0.0.0.0.0.0.0.0.0.0'(../../nnet_utils/nnet_dense_latency.h:45:23) to 'nnet::dense_latency<float, float, fc2_config_struct>.0.0.0.0.0.0.0.0.0.0.0' at call site (../../nnet_utils/nnet_dense.h:46->../../nnet_utils/nnet_jedi.h:181->../../nnet_utils/nnet_jedi.h:311) by setting 'biases[9]' to 'b2.9'.
INFO: [XFORM 203-622] Instantiating function 'nnet::dense_latency<float, float, fc1_config_struct>'(../../nnet_utils/nnet_dense_latency.h:33) to 'nnet::dense_latency<float, float, fc1_config_struct>.0' at call site (../../nnet_utils/nnet_dense.h:46->../../nnet_utils/nnet_jedi.h:171->../../nnet_utils/nnet_jedi.h:311) by setting 'weights' to 'w1'.
INFO: [XFORM 203-622] Instantiating function 'nnet::dense_latency<float, float, fc1_config_struct>.0'(../../nnet_utils/nnet_dense_latency.h:45:23) to 'nnet::dense_latency<float, float, fc1_config_struct>.0.0' at call site (../../nnet_utils/nnet_dense.h:46->../../nnet_utils/nnet_jedi.h:171->../../nnet_utils/nnet_jedi.h:311) by setting 'biases[0]' to 'b1.0'.
INFO: [XFORM 203-622] Instantiating function 'nnet::dense_latency<float, float, fc1_config_struct>.0.0'(../../nnet_utils/nnet_dense_latency.h:45:23) to 'nnet::dense_latency<float, float, fc1_config_struct>.0.0.0' at call site (../../nnet_utils/nnet_dense.h:46->../../nnet_utils/nnet_jedi.h:171->../../nnet_utils/nnet_jedi.h:311) by setting 'biases[1]' to 'b1.1'.
INFO: [XFORM 203-622] Instantiating function 'nnet::dense_latency<float, float, fc1_config_struct>.0.0.0'(../../nnet_utils/nnet_dense_latency.h:45:23) to 'nnet::dense_latency<float, float, fc1_config_struct>.0.0.0.0' at call site (../../nnet_utils/nnet_dense.h:46->../../nnet_utils/nnet_jedi.h:171->../../nnet_utils/nnet_jedi.h:311) by setting 'biases[2]' to 'b1.2'.
INFO: [XFORM 203-622] Instantiating function 'nnet::dense_latency<float, float, fc1_config_struct>.0.0.0.0'(../../nnet_utils/nnet_dense_latency.h:45:23) to 'nnet::dense_latency<float, float, fc1_config_struct>.0.0.0.0.0' at call site (../../nnet_utils/nnet_dense.h:46->../../nnet_utils/nnet_jedi.h:171->../../nnet_utils/nnet_jedi.h:311) by setting 'biases[3]' to 'b1.3'.
INFO: [XFORM 203-622] Instantiating function 'nnet::dense_latency<float, float, fc1_config_struct>.0.0.0.0.0'(../../nnet_utils/nnet_dense_latency.h:45:23) to 'nnet::dense_latency<float, float, fc1_config_struct>.0.0.0.0.0.0' at call site (../../nnet_utils/nnet_dense.h:46->../../nnet_utils/nnet_jedi.h:171->../../nnet_utils/nnet_jedi.h:311) by setting 'biases[4]' to 'b1.4'.
INFO: [XFORM 203-622] Instantiating function 'nnet::dense_latency<float, float, fc1_config_struct>.0.0.0.0.0.0'(../../nnet_utils/nnet_dense_latency.h:45:23) to 'nnet::dense_latency<float, float, fc1_config_struct>.0.0.0.0.0.0.0' at call site (../../nnet_utils/nnet_dense.h:46->../../nnet_utils/nnet_jedi.h:171->../../nnet_utils/nnet_jedi.h:311) by setting 'biases[5]' to 'b1.5'.
INFO: [XFORM 203-622] Instantiating function 'nnet::dense_latency<float, float, fc1_config_struct>.0.0.0.0.0.0.0'(../../nnet_utils/nnet_dense_latency.h:45:23) to 'nnet::dense_latency<float, float, fc1_config_struct>.0.0.0.0.0.0.0.0' at call site (../../nnet_utils/nnet_dense.h:46->../../nnet_utils/nnet_jedi.h:171->../../nnet_utils/nnet_jedi.h:311) by setting 'biases[6]' to 'b1.6'.
INFO: [XFORM 203-622] Instantiating function 'nnet::dense_latency<float, float, fc1_config_struct>.0.0.0.0.0.0.0.0'(../../nnet_utils/nnet_dense_latency.h:45:23) to 'nnet::dense_latency<float, float, fc1_config_struct>.0.0.0.0.0.0.0.0.0' at call site (../../nnet_utils/nnet_dense.h:46->../../nnet_utils/nnet_jedi.h:171->../../nnet_utils/nnet_jedi.h:311) by setting 'biases[7]' to 'b1.7'.
INFO: [XFORM 203-622] Instantiating function 'nnet::dense_latency<float, float, fc1_config_struct>.0.0.0.0.0.0.0.0.0'(../../nnet_utils/nnet_dense_latency.h:45:23) to 'nnet::dense_latency<float, float, fc1_config_struct>.0.0.0.0.0.0.0.0.0.0' at call site (../../nnet_utils/nnet_dense.h:46->../../nnet_utils/nnet_jedi.h:171->../../nnet_utils/nnet_jedi.h:311) by setting 'biases[8]' to 'b1.8'.
INFO: [XFORM 203-622] Instantiating function 'nnet::dense_latency<float, float, fc1_config_struct>.0.0.0.0.0.0.0.0.0.0'(../../nnet_utils/nnet_dense_latency.h:45:23) to 'nnet::dense_latency<float, float, fc1_config_struct>.0.0.0.0.0.0.0.0.0.0.0' at call site (../../nnet_utils/nnet_dense.h:46->../../nnet_utils/nnet_jedi.h:171->../../nnet_utils/nnet_jedi.h:311) by setting 'biases[9]' to 'b1.9'.
INFO: [XFORM 203-622] Instantiating function 'nnet::dense_latency<float, float, fc1_config_struct>.0.0.0.0.0.0.0.0.0.0.0'(../../nnet_utils/nnet_dense_latency.h:45:23) to 'nnet::dense_latency<float, float, fc1_config_struct>.0.0.0.0.0.0.0.0.0.0.0.0' at call site (../../nnet_utils/nnet_dense.h:46->../../nnet_utils/nnet_jedi.h:171->../../nnet_utils/nnet_jedi.h:311) by setting 'biases[10]' to 'b1.10'.
INFO: [XFORM 203-622] Instantiating function 'nnet::dense_latency<float, float, fc1_config_struct>.0.0.0.0.0.0.0.0.0.0.0.0'(../../nnet_utils/nnet_dense_latency.h:45:23) to 'nnet::dense_latency<float, float, fc1_config_struct>.0.0.0.0.0.0.0.0.0.0.0.0.0' at call site (../../nnet_utils/nnet_dense.h:46->../../nnet_utils/nnet_jedi.h:171->../../nnet_utils/nnet_jedi.h:311) by setting 'biases[11]' to 'b1.11'.
INFO: [XFORM 203-622] Instantiating function 'nnet::dense_latency<float, float, fc1_config_struct>.0.0.0.0.0.0.0.0.0.0.0.0.0'(../../nnet_utils/nnet_dense_latency.h:45:23) to 'nnet::dense_latency<float, float, fc1_config_struct>.0.0.0.0.0.0.0.0.0.0.0.0.0.0' at call site (../../nnet_utils/nnet_dense.h:46->../../nnet_utils/nnet_jedi.h:171->../../nnet_utils/nnet_jedi.h:311) by setting 'biases[12]' to 'b1.12'.
INFO: [XFORM 203-622] Instantiating function 'nnet::dense_latency<float, float, fc1_config_struct>.0.0.0.0.0.0.0.0.0.0.0.0.0.0'(../../nnet_utils/nnet_dense_latency.h:45:23) to 'nnet::dense_latency<float, float, fc1_config_struct>.0.0.0.0.0.0.0.0.0.0.0.0.0.0.0' at call site (../../nnet_utils/nnet_dense.h:46->../../nnet_utils/nnet_jedi.h:171->../../nnet_utils/nnet_jedi.h:311) by setting 'biases[13]' to 'b1.13'.
INFO: [XFORM 203-622] Instantiating function 'nnet::dense_latency<float, float, fc1_config_struct>.0.0.0.0.0.0.0.0.0.0.0.0.0.0.0'(../../nnet_utils/nnet_dense_latency.h:45:23) to 'nnet::dense_latency<float, float, fc1_config_struct>.0.0.0.0.0.0.0.0.0.0.0.0.0.0.0.0' at call site (../../nnet_utils/nnet_dense.h:46->../../nnet_utils/nnet_jedi.h:171->../../nnet_utils/nnet_jedi.h:311) by setting 'biases[14]' to 'b1.14'.
INFO: [XFORM 203-622] Instantiating function 'nnet::dense_latency<float, float, fc1_config_struct>.0.0.0.0.0.0.0.0.0.0.0.0.0.0.0.0'(../../nnet_utils/nnet_dense_latency.h:45:23) to 'nnet::dense_latency<float, float, fc1_config_struct>.0.0.0.0.0.0.0.0.0.0.0.0.0.0.0.0.0' at call site (../../nnet_utils/nnet_dense.h:46->../../nnet_utils/nnet_jedi.h:171->../../nnet_utils/nnet_jedi.h:311) by setting 'biases[15]' to 'b1.15'.
INFO: [XFORM 203-622] Instantiating function 'nnet::dense_latency<float, float, fc1_config_struct>.0.0.0.0.0.0.0.0.0.0.0.0.0.0.0.0.0'(../../nnet_utils/nnet_dense_latency.h:45:23) to 'nnet::dense_latency<float, float, fc1_config_struct>.0.0.0.0.0.0.0.0.0.0.0.0.0.0.0.0.0.0' at call site (../../nnet_utils/nnet_dense.h:46->../../nnet_utils/nnet_jedi.h:171->../../nnet_utils/nnet_jedi.h:311) by setting 'biases[16]' to 'b1.16'.
INFO: [XFORM 203-622] Instantiating function 'nnet::dense_latency<float, float, fc1_config_struct>.0.0.0.0.0.0.0.0.0.0.0.0.0.0.0.0.0.0'(../../nnet_utils/nnet_dense_latency.h:45:23) to 'nnet::dense_latency<float, float, fc1_config_struct>.0.0.0.0.0.0.0.0.0.0.0.0.0.0.0.0.0.0.0' at call site (../../nnet_utils/nnet_dense.h:46->../../nnet_utils/nnet_jedi.h:171->../../nnet_utils/nnet_jedi.h:311) by setting 'biases[17]' to 'b1.17'.
INFO: [XFORM 203-622] Instantiating function 'nnet::dense_latency<float, float, fc1_config_struct>.0.0.0.0.0.0.0.0.0.0.0.0.0.0.0.0.0.0.0'(../../nnet_utils/nnet_dense_latency.h:45:23) to 'nnet::dense_latency<float, float, fc1_config_struct>.0.0.0.0.0.0.0.0.0.0.0.0.0.0.0.0.0.0.0.0' at call site (../../nnet_utils/nnet_dense.h:46->../../nnet_utils/nnet_jedi.h:171->../../nnet_utils/nnet_jedi.h:311) by setting 'biases[18]' to 'b1.18'.
INFO: [XFORM 203-622] Instantiating function 'nnet::dense_latency<float, float, fc1_config_struct>.0.0.0.0.0.0.0.0.0.0.0.0.0.0.0.0.0.0.0.0'(../../nnet_utils/nnet_dense_latency.h:45:23) to 'nnet::dense_latency<float, float, fc1_config_struct>.0.0.0.0.0.0.0.0.0.0.0.0.0.0.0.0.0.0.0.0.0' at call site (../../nnet_utils/nnet_dense.h:46->../../nnet_utils/nnet_jedi.h:171->../../nnet_utils/nnet_jedi.h:311) by setting 'biases[19]' to 'b1.19'.
INFO: [HLS 200-111] Finished Pre-synthesis Time (s): cpu = 00:03:10 ; elapsed = 00:03:19 . Memory (MB): peak = 1491.285 ; gain = 969.195 ; free physical = 190598 ; free virtual = 588146
WARNING: [XFORM 203-631] Renaming function 'nnet::selu<float, float, selu1_config_struct>' to 'selu<float, float, selu1_config_struct>' (../../nnet_utils/nnet_activation.h:749)
WARNING: [XFORM 203-631] Renaming function 'nnet::selu<float, float, relu2_config_struct>' to 'selu<float, float, relu2_config_struct>' (../../nnet_utils/nnet_activation.h:749)
WARNING: [XFORM 203-631] Renaming function 'nnet::selu<float, float, relu1_config_struct>' to 'selu<float, float, relu1_config_struct>' (../../nnet_utils/nnet_activation.h:749)
WARNING: [XFORM 203-631] Renaming function 'nnet::jedi_multiply<float, float, mult_2_struct>' to 'jedi_multiply<float, float, mult_2_struct>' (../../nnet_utils/nnet_jedi.h:44)
WARNING: [XFORM 203-631] Renaming function 'nnet::jedi_multiply<float, float, mult_1_struct>' to 'jedi_multiply<float, float, mult_1_struct>' (../../nnet_utils/nnet_jedi.h:44)
WARNING: [XFORM 203-631] Renaming function 'nnet::jedi_dnn1<float, float, dense1_config>' to 'jedi_dnn1<float, float, dense1_config>' (../../nnet_utils/nnet_jedi.h:276)
WARNING: [XFORM 203-631] Renaming function 'nnet::jedi_concat<float, float, concat_1_struct>' to 'jedi_concat<float, float, concat_1_struct>' (../../nnet_utils/nnet_jedi.h:69)
WARNING: [XFORM 203-631] Renaming function 'nnet::dense_latency<float, float, output1_config_struct>.0.0.0.0.0.0.0.0.0' to 'dense_latency.0.0.0.0.0.0.0.0.0' (../../nnet_utils/nnet_dense_latency.h:45:1)
WARNING: [XFORM 203-631] Renaming function 'nnet::dense_latency<float, float, fc2_config_struct>.0.0.0.0.0.0.0.0.0.0.0' to 'dense_latency.0.0.0.0.0.0.0.0.0.0.0' (../../nnet_utils/nnet_dense_latency.h:45:1)
WARNING: [XFORM 203-631] Renaming function 'nnet::dense_latency<float, float, fc1_config_struct>.0.0.0.0.0.0.0.0.0.0.0.0.0.0.0.0.0.0.0.0.0' to 'dense_latency.0.0.0.0.0.0.0.0.0.0.0.0.0.0.0.0.0.0.0.0.0' (../../nnet_utils/nnet_mult.h:45:2)
INFO: [HLS 200-472] Inferring partial write operation for 'res' (../../nnet_utils/nnet_activation.h:777:13)
INFO: [HLS 200-472] Inferring partial write operation for 'res' (../../nnet_utils/nnet_activation.h:781:13)
INFO: [HLS 200-472] Inferring partial write operation for 'res' (../../nnet_utils/nnet_jedi.h:61:22)
INFO: [HLS 200-472] Inferring partial write operation for 'res' (../../nnet_utils/nnet_jedi.h:61:22)
INFO: [HLS 200-472] Inferring partial write operation for 'cache1' (../../nnet_utils/nnet_jedi.h:297:17)
INFO: [HLS 200-472] Inferring partial write operation for 'E' (../../nnet_utils/nnet_jedi.h:323:17)
INFO: [HLS 200-472] Inferring partial write operation for 'res' (../../nnet_utils/nnet_jedi.h:80:17)
INFO: [HLS 200-472] Inferring partial write operation for 'res' (../../nnet_utils/nnet_jedi.h:89:17)
INFO: [HLS 200-111] Finished Architecture Synthesis Time (s): cpu = 00:03:12 ; elapsed = 00:03:21 . Memory (MB): peak = 1491.285 ; gain = 969.195 ; free physical = 190574 ; free virtual = 588122
INFO: [HLS 200-10] Starting hardware synthesis ...
INFO: [HLS 200-10] Synthesizing 'jedi' ...
WARNING: [SYN 201-103] Legalizing function name 'jedi_multiply<float, float, mult_1_struct>' to 'jedi_multiply_float_float_mult_1_struct_s'.
WARNING: [SYN 201-103] Legalizing function name 'jedi_multiply<float, float, mult_2_struct>' to 'jedi_multiply_float_float_mult_2_struct_s'.
WARNING: [SYN 201-103] Legalizing function name 'jedi_concat<float, float, concat_1_struct>' to 'jedi_concat_float_float_concat_1_struct_s'.
WARNING: [SYN 201-103] Legalizing function name 'dense_latency.0.0.0.0.0.0.0.0.0.0.0.0.0.0.0.0.0.0.0.0.0' to 'dense_latency_0_0_0_0_0_0_0_0_0_0_0_0_0_0_0_0_0_0_0_0_0'.
WARNING: [SYN 201-103] Legalizing function name '__hls_fptosi_float_i32' to 'p_hls_fptosi_float_i32'.
WARNING: [SYN 201-103] Legalizing function name 'selu<float, float, relu1_config_struct>' to 'selu_float_float_relu1_config_struct_s'.
WARNING: [SYN 201-103] Legalizing function name 'dense_latency.0.0.0.0.0.0.0.0.0.0.0' to 'dense_latency_0_0_0_0_0_0_0_0_0_0_0'.
WARNING: [SYN 201-103] Legalizing function name 'selu<float, float, relu2_config_struct>' to 'selu_float_float_relu2_config_struct_s'.
WARNING: [SYN 201-103] Legalizing function name 'dense_latency.0.0.0.0.0.0.0.0.0' to 'dense_latency_0_0_0_0_0_0_0_0_0'.
WARNING: [SYN 201-103] Legalizing function name 'selu<float, float, selu1_config_struct>' to 'selu_float_float_selu1_config_struct_s'.
WARNING: [SYN 201-103] Legalizing function name 'jedi_dnn1<float, float, dense1_config>' to 'jedi_dnn1_float_float_dense1_config_s'.
WARNING: [SYN 201-223] Checking resource limit in 'dense_latency.0.0.0.0.0.0.0.0.0.0.0.0.0.0.0.0.0.0.0.0.0': cannot find any operation of 'mul'.
WARNING: [SYN 201-223] Checking resource limit in 'dense_latency.0.0.0.0.0.0.0.0.0.0.0': cannot find any operation of 'mul'.
WARNING: [SYN 201-223] Checking resource limit in 'dense_latency.0.0.0.0.0.0.0.0.0': cannot find any operation of 'mul'.
INFO: [HLS 200-10] ----------------------------------------------------------------
INFO: [HLS 200-42] -- Implementing module 'jedi_multiply_float_float_mult_1_struct_s' 
INFO: [HLS 200-10] ----------------------------------------------------------------
INFO: [SCHED 204-11] Starting scheduling ...
INFO: [SCHED 204-11] Finished scheduling.
INFO: [HLS 200-111]  Elapsed time: 201.43 seconds; current allocated memory: 387.594 MB.
INFO: [BIND 205-100] Starting micro-architecture generation ...
INFO: [BIND 205-101] Performing variable lifetime analysis.
INFO: [BIND 205-101] Exploring resource sharing.
INFO: [BIND 205-101] Binding ...
INFO: [BIND 205-100] Finished micro-architecture generation.
INFO: [HLS 200-111]  Elapsed time: 0.07 seconds; current allocated memory: 387.833 MB.
INFO: [HLS 200-10] ----------------------------------------------------------------
INFO: [HLS 200-42] -- Implementing module 'jedi_multiply_float_float_mult_2_struct_s' 
INFO: [HLS 200-10] ----------------------------------------------------------------
INFO: [SCHED 204-11] Starting scheduling ...
INFO: [SCHED 204-11] Finished scheduling.
INFO: [HLS 200-111]  Elapsed time: 0.17 seconds; current allocated memory: 388.037 MB.
INFO: [BIND 205-100] Starting micro-architecture generation ...
INFO: [BIND 205-101] Performing variable lifetime analysis.
INFO: [BIND 205-101] Exploring resource sharing.
INFO: [BIND 205-101] Binding ...
INFO: [BIND 205-100] Finished micro-architecture generation.
INFO: [HLS 200-111]  Elapsed time: 0.06 seconds; current allocated memory: 388.267 MB.
INFO: [HLS 200-10] ----------------------------------------------------------------
INFO: [HLS 200-42] -- Implementing module 'jedi_concat_float_float_concat_1_struct_s' 
INFO: [HLS 200-10] ----------------------------------------------------------------
INFO: [SCHED 204-11] Starting scheduling ...
INFO: [SCHED 204-11] Finished scheduling.
INFO: [HLS 200-111]  Elapsed time: 0.14 seconds; current allocated memory: 388.480 MB.
INFO: [BIND 205-100] Starting micro-architecture generation ...
INFO: [BIND 205-101] Performing variable lifetime analysis.
INFO: [BIND 205-101] Exploring resource sharing.
INFO: [BIND 205-101] Binding ...
INFO: [BIND 205-100] Finished micro-architecture generation.
INFO: [HLS 200-111]  Elapsed time: 0.06 seconds; current allocated memory: 388.688 MB.
INFO: [HLS 200-10] ----------------------------------------------------------------
INFO: [HLS 200-42] -- Implementing module 'dense_latency_0_0_0_0_0_0_0_0_0_0_0_0_0_0_0_0_0_0_0_0_0' 
INFO: [HLS 200-10] ----------------------------------------------------------------
INFO: [SCHED 204-11] Starting scheduling ...
INFO: [SCHED 204-61] Pipelining function 'dense_latency.0.0.0.0.0.0.0.0.0.0.0.0.0.0.0.0.0.0.0.0.0'.
WARNING: [SCHED 204-69] Unable to schedule 'load' operation ('data_load_2', ../../nnet_utils/nnet_dense_latency.h:89) on array 'data' due to limited memory ports. Please consider using a memory core with more ports or partitioning the array 'data'.
INFO: [SCHED 204-61] Pipelining result : Target II = 1, Final II = 16, Depth = 136.
INFO: [SCHED 204-11] Finished scheduling.
INFO: [HLS 200-111]  Elapsed time: 14.41 seconds; current allocated memory: 400.444 MB.
INFO: [BIND 205-100] Starting micro-architecture generation ...
INFO: [BIND 205-101] Performing variable lifetime analysis.
INFO: [BIND 205-101] Exploring resource sharing.
INFO: [BIND 205-101] Binding ...
INFO: [BIND 205-100] Finished micro-architecture generation.
INFO: [HLS 200-111]  Elapsed time: 5.01 seconds; current allocated memory: 412.749 MB.
INFO: [HLS 200-10] ----------------------------------------------------------------
INFO: [HLS 200-42] -- Implementing module 'p_hls_fptosi_float_i32' 
INFO: [HLS 200-10] ----------------------------------------------------------------
INFO: [SCHED 204-11] Starting scheduling ...
INFO: [SCHED 204-61] Pipelining function '__hls_fptosi_float_i32'.
INFO: [SCHED 204-61] Pipelining result : Target II = 1, Final II = 1, Depth = 1.
INFO: [SCHED 204-11] Finished scheduling.
INFO: [HLS 200-111]  Elapsed time: 5.2 seconds; current allocated memory: 414.336 MB.
INFO: [BIND 205-100] Starting micro-architecture generation ...
INFO: [BIND 205-101] Performing variable lifetime analysis.
INFO: [BIND 205-101] Exploring resource sharing.
INFO: [BIND 205-101] Binding ...
INFO: [BIND 205-100] Finished micro-architecture generation.
INFO: [HLS 200-111]  Elapsed time: 0.03 seconds; current allocated memory: 414.454 MB.
INFO: [HLS 200-10] ----------------------------------------------------------------
INFO: [HLS 200-42] -- Implementing module 'selu_float_float_relu1_config_struct_s' 
INFO: [HLS 200-10] ----------------------------------------------------------------
INFO: [SCHED 204-11] Starting scheduling ...
INFO: [SCHED 204-61] Pipelining function 'selu<float, float, relu1_config_struct>'.
INFO: [SCHED 204-61] Pipelining result : Target II = 1, Final II = 1, Depth = 10.
INFO: [SCHED 204-11] Finished scheduling.
INFO: [HLS 200-111]  Elapsed time: 1.01 seconds; current allocated memory: 416.590 MB.
INFO: [BIND 205-100] Starting micro-architecture generation ...
INFO: [BIND 205-101] Performing variable lifetime analysis.
INFO: [BIND 205-101] Exploring resource sharing.
INFO: [BIND 205-101] Binding ...
INFO: [BIND 205-100] Finished micro-architecture generation.
INFO: [HLS 200-111]  Elapsed time: 0.66 seconds; current allocated memory: 418.890 MB.
INFO: [HLS 200-10] ----------------------------------------------------------------
INFO: [HLS 200-42] -- Implementing module 'dense_latency_0_0_0_0_0_0_0_0_0_0_0' 
INFO: [HLS 200-10] ----------------------------------------------------------------
INFO: [SCHED 204-11] Starting scheduling ...
INFO: [SCHED 204-61] Pipelining function 'dense_latency.0.0.0.0.0.0.0.0.0.0.0'.
INFO: [SCHED 204-61] Pipelining result : Target II = 1, Final II = 1, Depth = 83.
INFO: [SCHED 204-11] Finished scheduling.
INFO: [HLS 200-111]  Elapsed time: 4.43 seconds; current allocated memory: 423.055 MB.
INFO: [BIND 205-100] Starting micro-architecture generation ...
INFO: [BIND 205-101] Performing variable lifetime analysis.
INFO: [BIND 205-101] Exploring resource sharing.
INFO: [BIND 205-101] Binding ...
INFO: [BIND 205-100] Finished micro-architecture generation.
INFO: [HLS 200-111]  Elapsed time: 1.94 seconds; current allocated memory: 428.141 MB.
INFO: [HLS 200-10] ----------------------------------------------------------------
INFO: [HLS 200-42] -- Implementing module 'selu_float_float_relu2_config_struct_s' 
INFO: [HLS 200-10] ----------------------------------------------------------------
INFO: [SCHED 204-11] Starting scheduling ...
INFO: [SCHED 204-61] Pipelining function 'selu<float, float, relu2_config_struct>'.
INFO: [SCHED 204-61] Pipelining result : Target II = 1, Final II = 1, Depth = 10.
INFO: [SCHED 204-11] Finished scheduling.
INFO: [HLS 200-111]  Elapsed time: 3.12 seconds; current allocated memory: 430.224 MB.
INFO: [BIND 205-100] Starting micro-architecture generation ...
INFO: [BIND 205-101] Performing variable lifetime analysis.
INFO: [BIND 205-101] Exploring resource sharing.
INFO: [BIND 205-101] Binding ...
INFO: [BIND 205-100] Finished micro-architecture generation.
INFO: [HLS 200-111]  Elapsed time: 0.35 seconds; current allocated memory: 431.378 MB.
INFO: [HLS 200-10] ----------------------------------------------------------------
INFO: [HLS 200-42] -- Implementing module 'dense_latency_0_0_0_0_0_0_0_0_0' 
INFO: [HLS 200-10] ----------------------------------------------------------------
INFO: [SCHED 204-11] Starting scheduling ...
INFO: [SCHED 204-61] Pipelining function 'dense_latency.0.0.0.0.0.0.0.0.0'.
INFO: [SCHED 204-61] Pipelining result : Target II = 1, Final II = 1, Depth = 43.
INFO: [SCHED 204-11] Finished scheduling.
INFO: [HLS 200-111]  Elapsed time: 1.85 seconds; current allocated memory: 433.163 MB.
INFO: [BIND 205-100] Starting micro-architecture generation ...
INFO: [BIND 205-101] Performing variable lifetime analysis.
INFO: [BIND 205-101] Exploring resource sharing.
INFO: [BIND 205-101] Binding ...
INFO: [BIND 205-100] Finished micro-architecture generation.
INFO: [HLS 200-111]  Elapsed time: 0.79 seconds; current allocated memory: 435.240 MB.
INFO: [HLS 200-10] ----------------------------------------------------------------
INFO: [HLS 200-42] -- Implementing module 'selu_float_float_selu1_config_struct_s' 
INFO: [HLS 200-10] ----------------------------------------------------------------
INFO: [SCHED 204-11] Starting scheduling ...
INFO: [SCHED 204-61] Pipelining function 'selu<float, float, selu1_config_struct>'.
WARNING: [SCHED 204-69] Unable to schedule 'store' operation ('res_addr_4_write_ln781', ../../nnet_utils/nnet_activation.h:781) of variable 'selu_table5_load_2', ../../nnet_utils/nnet_activation.h:781 on array 'res' due to limited memory ports. Please consider using a memory core with more ports or partitioning the array 'res'.
INFO: [SCHED 204-61] Pipelining result : Target II = 1, Final II = 4, Depth = 13.
INFO: [SCHED 204-11] Finished scheduling.
INFO: [HLS 200-111]  Elapsed time: 1.52 seconds; current allocated memory: 436.530 MB.
INFO: [BIND 205-100] Starting micro-architecture generation ...
INFO: [BIND 205-101] Performing variable lifetime analysis.
INFO: [BIND 205-101] Exploring resource sharing.
INFO: [BIND 205-101] Binding ...
INFO: [BIND 205-100] Finished micro-architecture generation.
INFO: [HLS 200-111]  Elapsed time: 0.3 seconds; current allocated memory: 437.436 MB.
INFO: [HLS 200-10] ----------------------------------------------------------------
INFO: [HLS 200-42] -- Implementing module 'jedi_dnn1_float_float_dense1_config_s' 
INFO: [HLS 200-10] ----------------------------------------------------------------
INFO: [SCHED 204-11] Starting scheduling ...
WARNING: [SCHED 204-21] Estimated clock period (5.845ns) exceeds the target (target clock period: 5ns, clock uncertainty: 0.625ns, effective delay budget: 4.375ns).
WARNING: [SCHED 204-21] The critical path in module 'jedi_dnn1_float_float_dense1_config_s' consists of the following:
	'call' operation ('call_ret2_i', ../../nnet_utils/nnet_jedi.h:177->../../nnet_utils/nnet_jedi.h:311) to 'selu<float, float, relu1_config_struct>' [59]  (1.76 ns)
	'call' operation ('call_ret3_i', ../../nnet_utils/nnet_dense.h:46->../../nnet_utils/nnet_jedi.h:181->../../nnet_utils/nnet_jedi.h:311) to 'dense_latency.0.0.0.0.0.0.0.0.0.0.0' [80]  (4.08 ns)
INFO: [SCHED 204-11] Finished scheduling.
INFO: [HLS 200-111]  Elapsed time: 0.36 seconds; current allocated memory: 438.411 MB.
INFO: [BIND 205-100] Starting micro-architecture generation ...
INFO: [BIND 205-101] Performing variable lifetime analysis.
INFO: [BIND 205-101] Exploring resource sharing.
INFO: [BIND 205-101] Binding ...
INFO: [BIND 205-100] Finished micro-architecture generation.
INFO: [HLS 200-111]  Elapsed time: 4.55 seconds; current allocated memory: 442.903 MB.
INFO: [HLS 200-10] ----------------------------------------------------------------
INFO: [HLS 200-42] -- Implementing module 'jedi' 
INFO: [HLS 200-10] ----------------------------------------------------------------
INFO: [SCHED 204-11] Starting scheduling ...
INFO: [SCHED 204-11] Finished scheduling.
INFO: [HLS 200-111]  Elapsed time: 3.25 seconds; current allocated memory: 444.439 MB.
INFO: [BIND 205-100] Starting micro-architecture generation ...
INFO: [BIND 205-101] Performing variable lifetime analysis.
INFO: [BIND 205-101] Exploring resource sharing.
INFO: [BIND 205-101] Binding ...
INFO: [BIND 205-100] Finished micro-architecture generation.
INFO: [HLS 200-111]  Elapsed time: 3.33 seconds; current allocated memory: 446.083 MB.
INFO: [HLS 200-10] ----------------------------------------------------------------
INFO: [HLS 200-10] -- Generating RTL for module 'jedi_multiply_float_float_mult_1_struct_s' 
INFO: [HLS 200-10] ----------------------------------------------------------------
INFO: [RTGEN 206-100] Generating core module 'jedi_fadd_32ns_32ns_32_4_full_dsp_1': 1 instance(s).
INFO: [RTGEN 206-100] Generating core module 'jedi_fmul_32ns_32ns_32_3_max_dsp_1': 1 instance(s).
INFO: [RTGEN 206-100] Finished creating RTL model for 'jedi_multiply_float_float_mult_1_struct_s'.
INFO: [HLS 200-111]  Elapsed time: 3.39 seconds; current allocated memory: 448.099 MB.
INFO: [HLS 200-10] ----------------------------------------------------------------
INFO: [HLS 200-10] -- Generating RTL for module 'jedi_multiply_float_float_mult_2_struct_s' 
INFO: [HLS 200-10] ----------------------------------------------------------------
INFO: [RTGEN 206-100] Generating core module 'jedi_fadd_32ns_32ns_32_4_full_dsp_1': 1 instance(s).
INFO: [RTGEN 206-100] Generating core module 'jedi_fmul_32ns_32ns_32_3_max_dsp_1': 1 instance(s).
INFO: [RTGEN 206-100] Finished creating RTL model for 'jedi_multiply_float_float_mult_2_struct_s'.
INFO: [HLS 200-111]  Elapsed time: 0.2 seconds; current allocated memory: 449.496 MB.
INFO: [HLS 200-10] ----------------------------------------------------------------
INFO: [HLS 200-10] -- Generating RTL for module 'jedi_concat_float_float_concat_1_struct_s' 
INFO: [HLS 200-10] ----------------------------------------------------------------
INFO: [RTGEN 206-100] Generating core module 'jedi_mul_mul_5ns_11ns_15_1_1': 1 instance(s).
INFO: [RTGEN 206-100] Finished creating RTL model for 'jedi_concat_float_float_concat_1_struct_s'.
INFO: [HLS 200-111]  Elapsed time: 0.19 seconds; current allocated memory: 450.774 MB.
INFO: [HLS 200-10] ----------------------------------------------------------------
INFO: [HLS 200-10] -- Generating RTL for module 'dense_latency_0_0_0_0_0_0_0_0_0_0_0_0_0_0_0_0_0_0_0_0_0' 
INFO: [HLS 200-10] ----------------------------------------------------------------
INFO: [RTGEN 206-104] Estimated max fanout for 'dense_latency_0_0_0_0_0_0_0_0_0_0_0_0_0_0_0_0_0_0_0_0_0' is 8320 from HDL expression: ((1'b0 == ap_block_pp0_stage3_11001) & (1'b1 == ap_CS_fsm_pp0_stage3))
INFO: [RTGEN 206-100] Generating core module 'jedi_fadd_32ns_32ns_32_4_full_dsp_1': 40 instance(s).
INFO: [RTGEN 206-100] Generating core module 'jedi_fmul_32ns_32ns_32_3_max_dsp_1': 40 instance(s).
INFO: [RTGEN 206-100] Finished creating RTL model for 'dense_latency_0_0_0_0_0_0_0_0_0_0_0_0_0_0_0_0_0_0_0_0_0'.
INFO: [HLS 200-111]  Elapsed time: 1.02 seconds; current allocated memory: 461.736 MB.
INFO: [HLS 200-10] ----------------------------------------------------------------
INFO: [HLS 200-10] -- Generating RTL for module 'p_hls_fptosi_float_i32' 
INFO: [HLS 200-10] ----------------------------------------------------------------
INFO: [RTGEN 206-100] Finished creating RTL model for 'p_hls_fptosi_float_i32'.
INFO: [HLS 200-111]  Elapsed time: 9.3 seconds; current allocated memory: 488.402 MB.
INFO: [HLS 200-10] ----------------------------------------------------------------
INFO: [HLS 200-10] -- Generating RTL for module 'selu_float_float_relu1_config_struct_s' 
INFO: [HLS 200-10] ----------------------------------------------------------------
INFO: [RTGEN 206-100] Generating core module 'jedi_fcmp_32ns_32ns_1_2_1': 20 instance(s).
INFO: [RTGEN 206-100] Generating core module 'jedi_fmul_32ns_32ns_32_3_max_dsp_1': 40 instance(s).
INFO: [RTGEN 206-100] Finished creating RTL model for 'selu_float_float_relu1_config_struct_s'.
INFO: [HLS 200-111]  Elapsed time: 0.56 seconds; current allocated memory: 494.411 MB.
INFO: [HLS 200-10] ----------------------------------------------------------------
INFO: [HLS 200-10] -- Generating RTL for module 'dense_latency_0_0_0_0_0_0_0_0_0_0_0' 
INFO: [HLS 200-10] ----------------------------------------------------------------
INFO: [RTGEN 206-104] Estimated max fanout for 'dense_latency_0_0_0_0_0_0_0_0_0_0_0' is 37120 from HDL expression: (1'b0 == ap_block_pp0_stage0_11001)
INFO: [RTGEN 206-100] Generating core module 'jedi_fadd_32ns_32ns_32_4_full_dsp_1': 200 instance(s).
INFO: [RTGEN 206-100] Generating core module 'jedi_fmul_32ns_32ns_32_3_max_dsp_1': 200 instance(s).
INFO: [RTGEN 206-100] Finished creating RTL model for 'dense_latency_0_0_0_0_0_0_0_0_0_0_0'.
INFO: [HLS 200-111]  Elapsed time: 3.02 seconds; current allocated memory: 514.765 MB.
INFO: [HLS 200-10] ----------------------------------------------------------------
INFO: [HLS 200-10] -- Generating RTL for module 'selu_float_float_relu2_config_struct_s' 
INFO: [HLS 200-10] ----------------------------------------------------------------
INFO: [RTGEN 206-100] Generating core module 'jedi_fcmp_32ns_32ns_1_2_1': 10 instance(s).
INFO: [RTGEN 206-100] Generating core module 'jedi_fmul_32ns_32ns_32_3_max_dsp_1': 20 instance(s).
INFO: [RTGEN 206-100] Finished creating RTL model for 'selu_float_float_relu2_config_struct_s'.
INFO: [HLS 200-111]  Elapsed time: 5.63 seconds; current allocated memory: 529.785 MB.
INFO: [HLS 200-10] ----------------------------------------------------------------
INFO: [HLS 200-10] -- Generating RTL for module 'dense_latency_0_0_0_0_0_0_0_0_0' 
INFO: [HLS 200-10] ----------------------------------------------------------------
INFO: [RTGEN 206-104] Estimated max fanout for 'dense_latency_0_0_0_0_0_0_0_0_0' is 10880 from HDL expression: (1'b0 == ap_block_pp0_stage0_11001)
INFO: [RTGEN 206-100] Generating core module 'jedi_fadd_32ns_32ns_32_4_full_dsp_1': 80 instance(s).
INFO: [RTGEN 206-100] Generating core module 'jedi_fmul_32ns_32ns_32_3_max_dsp_1': 80 instance(s).
INFO: [RTGEN 206-100] Finished creating RTL model for 'dense_latency_0_0_0_0_0_0_0_0_0'.
INFO: [HLS 200-111]  Elapsed time: 1.69 seconds; current allocated memory: 538.848 MB.
INFO: [HLS 200-10] ----------------------------------------------------------------
INFO: [HLS 200-10] -- Generating RTL for module 'selu_float_float_selu1_config_struct_s' 
INFO: [HLS 200-10] ----------------------------------------------------------------
INFO: [RTGEN 206-100] Generating core module 'jedi_fcmp_32ns_32ns_1_2_1': 2 instance(s).
INFO: [RTGEN 206-100] Generating core module 'jedi_fmul_32ns_32ns_32_3_max_dsp_1': 4 instance(s).
INFO: [RTGEN 206-100] Finished creating RTL model for 'selu_float_float_selu1_config_struct_s'.
INFO: [HLS 200-111]  Elapsed time: 2.53 seconds; current allocated memory: 545.321 MB.
INFO: [HLS 200-10] ----------------------------------------------------------------
INFO: [HLS 200-10] -- Generating RTL for module 'jedi_dnn1_float_float_dense1_config_s' 
INFO: [HLS 200-10] ----------------------------------------------------------------
INFO: [RTGEN 206-100] Finished creating RTL model for 'jedi_dnn1_float_float_dense1_config_s'.
INFO: [HLS 200-111]  Elapsed time: 1.21 seconds; current allocated memory: 553.790 MB.
INFO: [HLS 200-10] ----------------------------------------------------------------
INFO: [HLS 200-10] -- Generating RTL for module 'jedi' 
INFO: [HLS 200-10] ----------------------------------------------------------------
INFO: [RTGEN 206-500] Setting interface mode on port 'jedi/I' to 'ap_memory'.
INFO: [RTGEN 206-500] Setting interface mode on port 'jedi/Rr' to 'ap_memory'.
INFO: [RTGEN 206-500] Setting interface mode on port 'jedi/Rr_T' to 'ap_memory'.
INFO: [RTGEN 206-500] Setting interface mode on port 'jedi/Rs' to 'ap_memory'.
INFO: [RTGEN 206-500] Setting interface mode on port 'jedi/result' to 'ap_memory'.
INFO: [RTGEN 206-500] Setting interface mode on function 'jedi' to 'ap_ctrl_hs'.
WARNING: [RTGEN 206-101] Port 'jedi/Rr_T_address0' has no fanin or fanout and is left dangling.
               Please use C simulation to confirm this function argument can be read from or written to.
WARNING: [RTGEN 206-101] Setting dangling out port 'jedi/Rr_T_address0' to 0.
WARNING: [RTGEN 206-101] Port 'jedi/Rr_T_ce0' has no fanin or fanout and is left dangling.
               Please use C simulation to confirm this function argument can be read from or written to.
WARNING: [RTGEN 206-101] Setting dangling out port 'jedi/Rr_T_ce0' to 0.
WARNING: [RTGEN 206-101] Port 'jedi/Rr_T_we0' has no fanin or fanout and is left dangling.
               Please use C simulation to confirm this function argument can be read from or written to.
WARNING: [RTGEN 206-101] Setting dangling out port 'jedi/Rr_T_we0' to 0.
WARNING: [RTGEN 206-101] Port 'jedi/Rr_T_d0' has no fanin or fanout and is left dangling.
               Please use C simulation to confirm this function argument can be read from or written to.
WARNING: [RTGEN 206-101] Setting dangling out port 'jedi/Rr_T_d0' to 0.
WARNING: [RTGEN 206-101] Port 'jedi/Rr_T_q0' has no fanin or fanout and is left dangling.
               Please use C simulation to confirm this function argument can be read from or written to.
WARNING: [RTGEN 206-101] Port 'jedi/Rr_T_address1' has no fanin or fanout and is left dangling.
               Please use C simulation to confirm this function argument can be read from or written to.
WARNING: [RTGEN 206-101] Setting dangling out port 'jedi/Rr_T_address1' to 0.
WARNING: [RTGEN 206-101] Port 'jedi/Rr_T_ce1' has no fanin or fanout and is left dangling.
               Please use C simulation to confirm this function argument can be read from or written to.
WARNING: [RTGEN 206-101] Setting dangling out port 'jedi/Rr_T_ce1' to 0.
WARNING: [RTGEN 206-101] Port 'jedi/Rr_T_we1' has no fanin or fanout and is left dangling.
               Please use C simulation to confirm this function argument can be read from or written to.
WARNING: [RTGEN 206-101] Setting dangling out port 'jedi/Rr_T_we1' to 0.
WARNING: [RTGEN 206-101] Port 'jedi/Rr_T_d1' has no fanin or fanout and is left dangling.
               Please use C simulation to confirm this function argument can be read from or written to.
WARNING: [RTGEN 206-101] Setting dangling out port 'jedi/Rr_T_d1' to 0.
WARNING: [RTGEN 206-101] Port 'jedi/Rr_T_q1' has no fanin or fanout and is left dangling.
               Please use C simulation to confirm this function argument can be read from or written to.
WARNING: [RTGEN 206-101] Port 'jedi/result_address0' has no fanin or fanout and is left dangling.
               Please use C simulation to confirm this function argument can be read from or written to.
WARNING: [RTGEN 206-101] Setting dangling out port 'jedi/result_address0' to 0.
WARNING: [RTGEN 206-101] Port 'jedi/result_ce0' has no fanin or fanout and is left dangling.
               Please use C simulation to confirm this function argument can be read from or written to.
WARNING: [RTGEN 206-101] Setting dangling out port 'jedi/result_ce0' to 0.
WARNING: [RTGEN 206-101] Port 'jedi/result_we0' has no fanin or fanout and is left dangling.
               Please use C simulation to confirm this function argument can be read from or written to.
WARNING: [RTGEN 206-101] Setting dangling out port 'jedi/result_we0' to 0.
WARNING: [RTGEN 206-101] Port 'jedi/result_d0' has no fanin or fanout and is left dangling.
               Please use C simulation to confirm this function argument can be read from or written to.
WARNING: [RTGEN 206-101] Setting dangling out port 'jedi/result_d0' to 0.
WARNING: [RTGEN 206-101] Port 'jedi/result_q0' has no fanin or fanout and is left dangling.
               Please use C simulation to confirm this function argument can be read from or written to.
WARNING: [RTGEN 206-101] Port 'jedi/result_address1' has no fanin or fanout and is left dangling.
               Please use C simulation to confirm this function argument can be read from or written to.
WARNING: [RTGEN 206-101] Setting dangling out port 'jedi/result_address1' to 0.
WARNING: [RTGEN 206-101] Port 'jedi/result_ce1' has no fanin or fanout and is left dangling.
               Please use C simulation to confirm this function argument can be read from or written to.
WARNING: [RTGEN 206-101] Setting dangling out port 'jedi/result_ce1' to 0.
WARNING: [RTGEN 206-101] Port 'jedi/result_we1' has no fanin or fanout and is left dangling.
               Please use C simulation to confirm this function argument can be read from or written to.
WARNING: [RTGEN 206-101] Setting dangling out port 'jedi/result_we1' to 0.
WARNING: [RTGEN 206-101] Port 'jedi/result_d1' has no fanin or fanout and is left dangling.
               Please use C simulation to confirm this function argument can be read from or written to.
WARNING: [RTGEN 206-101] Setting dangling out port 'jedi/result_d1' to 0.
WARNING: [RTGEN 206-101] Port 'jedi/result_q1' has no fanin or fanout and is left dangling.
               Please use C simulation to confirm this function argument can be read from or written to.
INFO: [RTGEN 206-100] Finished creating RTL model for 'jedi'.
INFO: [HLS 200-111]  Elapsed time: 4 seconds; current allocated memory: 558.790 MB.
INFO: [HLS 200-790] **** Loop Constraint Status: All loop constraints were satisfied.
INFO: [HLS 200-789] **** Estimated Fmax: 171.09 MHz
INFO: [RTMG 210-279] Implementing memory 'selu_float_float_relu1_config_struct_s_selu_table1_rom' using block ROMs.
INFO: [RTMG 210-279] Implementing memory 'selu_float_float_relu2_config_struct_s_selu_table3_rom' using block ROMs.
INFO: [RTMG 210-279] Implementing memory 'selu_float_float_selu1_config_struct_s_selu_table5_rom' using auto ROMs.
INFO: [RTMG 210-278] Implementing memory 'jedi_dnn1_float_float_dense1_config_s_cache1_ram (RAM)' using block RAMs.
INFO: [RTMG 210-278] Implementing memory 'jedi_dnn1_float_float_dense1_config_s_res_assign_ram (RAM)' using block RAMs.
INFO: [RTMG 210-278] Implementing memory 'jedi_B_top_ram (RAM)' using block RAMs.
INFO: [RTMG 210-278] Implementing memory 'jedi_B_ram (RAM)' using block RAMs.
INFO: [RTMG 210-278] Implementing memory 'jedi_E_ram (RAM)' using block RAMs.
INFO: [HLS 200-111] Finished generating all RTL models Time (s): cpu = 00:04:12 ; elapsed = 00:04:57 . Memory (MB): peak = 1533.723 ; gain = 1011.633 ; free physical = 190377 ; free virtual = 587937
INFO: [VHDL 208-304] Generating VHDL RTL for jedi.
INFO: [VLOG 209-307] Generating Verilog RTL for jedi.
***** C/RTL SYNTHESIS COMPLETED IN 0h4m48s *****
***** C/RTL VALIDATION *****
can't read "CSIM_RESULTS": no such variable
    while executing
"compare_files $CSIM_RESULTS $RTL_COSIM_RESULTS"
    invoked from within
"if {$opt(validation)} {
  puts "***** C/RTL VALIDATION *****"
  if {[compare_files $CSIM_RESULTS $RTL_COSIM_RESULTS]} {
      puts "INFO: Test PASSED"..."
    (file "build_prj.tcl" line 101)
    invoked from within
"source build_prj.tcl"
    invoked from within
"hls::main build_prj.tcl"
    ("uplevel" body line 1)
    invoked from within
"uplevel 1 hls::main {*}$args"
    (procedure "hls_proc" line 5)
    invoked from within
"hls_proc $argv"
INFO: [HLS 200-112] Total elapsed time: 297.64 seconds; peak allocated memory: 558.790 MB.
INFO: [Common 17-206] Exiting vivado_hls at Sun Jul 18 14:03:56 2021...
