
****** Vivado(TM) HLS - High-Level Synthesis from C, C++ and SystemC v2019.2 (64-bit)
  **** SW Build 2708876 on Wed Nov  6 21:39:14 MST 2019
  **** IP Build 2700528 on Thu Nov  7 00:09:20 MST 2019
    ** Copyright 1986-2019 Xilinx, Inc. All Rights Reserved.

source /vol/cc/opt/Xilinx/2019.2/Vivado/2019.2/scripts/vivado_hls/hls.tcl -notrace
INFO: [HLS 200-10] Running '/vol/cc/opt/Xilinx/2019.2/Vivado/2019.2/bin/unwrapped/lnx64.o/vivado_hls'
INFO: [HLS 200-10] For user 'mzl20' on host 'cccad5.doc.ic.ac.uk' (Linux_x86_64 version 3.10.0-957.1.3.el7.x86_64) on Thu Jul 22 13:47:19 BST 2021
INFO: [HLS 200-10] On os "CentOS Linux release 7.6.1810 (Core) "
INFO: [HLS 200-10] In directory '/mnt/ccnas2/bdp/mzl20/proj_venv_ccgpu3/lhc_jet_tagging_NN/JEDInet/model_1/firmware/prj_cmd'
Sourcing Tcl script 'build_prj.tcl'
INFO: [HLS 200-10] Creating and opening project '/mnt/ccnas2/bdp/mzl20/proj_venv_ccgpu3/lhc_jet_tagging_NN/JEDInet/model_1/firmware/prj_cmd/myproject_prj'.
INFO: [HLS 200-10] Adding design file '../jedi.cpp' to the project
WARNING: [HLS 200-40] Cannot find test bench file 'tb_jedi.cpp'
INFO: [HLS 200-10] Creating and opening solution '/mnt/ccnas2/bdp/mzl20/proj_venv_ccgpu3/lhc_jet_tagging_NN/JEDInet/model_1/firmware/prj_cmd/myproject_prj/solution1'.
INFO: [XFORM 203-101] Allowed max sub elements number after partition is 4096.
INFO: [XFORM 203-1161] The maximum of name length is set into 60.
INFO: [HLS 200-10] Setting target device to 'xcu250-figd2104-2L-e'
INFO: [SYN 201-201] Setting up clock 'default' with a period of 5ns.
***** C SIMULATION *****
INFO: [SIM 211-2] *************** CSIM start ***************
INFO: [SIM 211-4] CSIM will launch GCC as the compiler.
ERROR: [HLS 200-627] Cannot find C test bench. Please specify test bench files using 'add_files -tb'.
ERROR: [SIM 211-100] CSim failed with errors.
INFO: [SIM 211-3] *************** CSIM finish ***************
4
    while executing
"source build_prj.tcl"
    invoked from within
"hls::main build_prj.tcl"
    ("uplevel" body line 1)
    invoked from within
"uplevel 1 hls::main {*}$args"
    (procedure "hls_proc" line 5)
    invoked from within
"hls_proc $argv"
INFO: [Common 17-206] Exiting vivado_hls at Thu Jul 22 13:47:29 2021...
