

================================================================
== Vivado HLS Report for 'jedi_concat_float_float_concat_1_struct_s'
================================================================
* Date:           Sun Jul 18 14:03:16 2021

* Version:        2019.2 (Build 2704478 on Wed Nov 06 22:10:23 MST 2019)
* Project:        myproject_prj
* Solution:       solution1
* Product family: virtexuplus
* Target device:  xcu250-figd2104-2L-e


================================================================
== Performance Estimates
================================================================
+ Timing: 
    * Summary: 
    +--------+---------+----------+------------+
    |  Clock |  Target | Estimated| Uncertainty|
    +--------+---------+----------+------------+
    |ap_clk  | 5.00 ns | 2.633 ns |   0.62 ns  |
    +--------+---------+----------+------------+

+ Latency: 
    * Summary: 
    +---------+---------+----------+----------+-------+-------+---------+
    |  Latency (cycles) |  Latency (absolute) |    Interval   | Pipeline|
    |   min   |   max   |    min   |    max   |  min  |  max  |   Type  |
    +---------+---------+----------+----------+-------+-------+---------+
    |    55746|    55746| 0.279 ms | 0.279 ms |  55746|  55746|   none  |
    +---------+---------+----------+----------+-------+-------+---------+

    + Detail: 
        * Instance: 
        N/A

        * Loop: 
        +-------------+---------+---------+----------+-----------+-----------+------+----------+
        |             |  Latency (cycles) | Iteration|  Initiation Interval  | Trip |          |
        |  Loop Name  |   min   |   max   |  Latency |  achieved |   target  | Count| Pipelined|
        +-------------+---------+---------+----------+-----------+-----------+------+----------+
        |- Loop 1     |    27872|    27872|      1742|          -|          -|    16|    no    |
        | + Loop 1.1  |     1740|     1740|         2|          -|          -|   870|    no    |
        |- Loop 2     |    27872|    27872|      1742|          -|          -|    16|    no    |
        | + Loop 2.1  |     1740|     1740|         2|          -|          -|   870|    no    |
        +-------------+---------+---------+----------+-----------+-----------+------+----------+



================================================================
== Utilization Estimates
================================================================
* Summary: 
+---------------------+---------+-------+---------+---------+------+
|         Name        | BRAM_18K| DSP48E|    FF   |   LUT   | URAM |
+---------------------+---------+-------+---------+---------+------+
|DSP                  |        -|      1|        -|        -|     -|
|Expression           |        -|      -|        0|      157|     -|
|FIFO                 |        -|      -|        -|        -|     -|
|Instance             |        -|      -|        -|        -|     -|
|Memory               |        -|      -|        -|        -|     -|
|Multiplexer          |        -|      -|        -|      125|     -|
|Register             |        -|      -|      167|        -|     -|
+---------------------+---------+-------+---------+---------+------+
|Total                |        0|      1|      167|      282|     0|
+---------------------+---------+-------+---------+---------+------+
|Available SLR        |     1344|   3072|   864000|   432000|   320|
+---------------------+---------+-------+---------+---------+------+
|Utilization SLR (%)  |        0|   ~0  |    ~0   |    ~0   |     0|
+---------------------+---------+-------+---------+---------+------+
|Available            |     5376|  12288|  3456000|  1728000|  1280|
+---------------------+---------+-------+---------+---------+------+
|Utilization (%)      |        0|   ~0  |    ~0   |    ~0   |     0|
+---------------------+---------+-------+---------+---------+------+

+ Detail: 
    * Instance: 
    N/A

    * DSP48E: 
    +----------------------------------+------------------------------+-----------+
    |             Instance             |            Module            | Expression|
    +----------------------------------+------------------------------+-----------+
    |jedi_mul_mul_5ns_11ns_15_1_1_U13  |jedi_mul_mul_5ns_11ns_15_1_1  |  i0 * i1  |
    +----------------------------------+------------------------------+-----------+

    * Memory: 
    N/A

    * FIFO: 
    N/A

    * Expression: 
    +----------------------+----------+-------+---+----+------------+------------+
    |     Variable Name    | Operation| DSP48E| FF| LUT| Bitwidth P0| Bitwidth P1|
    +----------------------+----------+-------+---+----+------------+------------+
    |add_ln78_fu_149_p2    |     +    |      0|  0|  14|          14|          10|
    |add_ln80_fu_183_p2    |     +    |      0|  0|  14|          14|          14|
    |add_ln87_fu_194_p2    |     +    |      0|  0|  14|          14|          10|
    |add_ln89_1_fu_253_p2  |     +    |      0|  0|  15|          15|          15|
    |add_ln89_fu_242_p2    |     +    |      0|  0|  14|          14|          14|
    |i_1_fu_206_p2         |     +    |      0|  0|   6|           5|           1|
    |i_fu_161_p2           |     +    |      0|  0|   6|           5|           1|
    |j_1_fu_228_p2         |     +    |      0|  0|  10|          10|           1|
    |j_fu_173_p2           |     +    |      0|  0|  10|          10|           1|
    |icmp_ln78_fu_155_p2   |   icmp   |      0|  0|  11|           5|           6|
    |icmp_ln79_fu_167_p2   |   icmp   |      0|  0|  13|          10|           9|
    |icmp_ln87_fu_200_p2   |   icmp   |      0|  0|  11|           5|           6|
    |icmp_ln88_fu_222_p2   |   icmp   |      0|  0|  13|          10|           9|
    |xor_ln89_fu_212_p2    |    xor   |      0|  0|   6|           5|           6|
    +----------------------+----------+-------+---+----+------------+------------+
    |Total                 |          |      0|  0| 157|         136|         103|
    +----------------------+----------+-------+---+----+------------+------------+

    * Multiplexer: 
    +------------------+----+-----------+-----+-----------+
    |       Name       | LUT| Input Size| Bits| Total Bits|
    +------------------+----+-----------+-----+-----------+
    |ap_NS_fsm         |  41|          8|    1|          8|
    |i1_0_reg_115      |   9|          2|    5|         10|
    |i_0_reg_81        |   9|          2|    5|         10|
    |j2_0_reg_138      |   9|          2|   10|         20|
    |j_0_reg_104       |   9|          2|   10|         20|
    |phi_mul1_reg_126  |   9|          2|   14|         28|
    |phi_mul_reg_92    |   9|          2|   14|         28|
    |res_address0      |  15|          3|   15|         45|
    |res_d0            |  15|          3|   32|         96|
    +------------------+----+-----------+-----+-----------+
    |Total             | 125|         26|  106|        265|
    +------------------+----+-----------+-----+-----------+

    * Register: 
    +---------------------+----+----+-----+-----------+
    |         Name        | FF | LUT| Bits| Const Bits|
    +---------------------+----+----+-----+-----------+
    |add_ln78_reg_268     |  14|   0|   14|          0|
    |add_ln87_reg_299     |  14|   0|   14|          0|
    |add_ln89_1_reg_330   |  15|   0|   15|          0|
    |ap_CS_fsm            |   7|   0|    7|          0|
    |i1_0_reg_115         |   5|   0|    5|          0|
    |i_0_reg_81           |   5|   0|    5|          0|
    |i_1_reg_307          |   5|   0|    5|          0|
    |i_reg_276            |   5|   0|    5|          0|
    |j2_0_reg_138         |  10|   0|   10|          0|
    |j_0_reg_104          |  10|   0|   10|          0|
    |j_1_reg_320          |  10|   0|   10|          0|
    |j_reg_284            |  10|   0|   10|          0|
    |mul_ln89_reg_312     |  15|   0|   15|          0|
    |phi_mul1_reg_126     |  14|   0|   14|          0|
    |phi_mul_reg_92       |  14|   0|   14|          0|
    |zext_ln80_1_reg_289  |  14|   0|   64|         50|
    +---------------------+----+----+-----+-----------+
    |Total                | 167|   0|  217|         50|
    +---------------------+----+----+-----+-----------+



================================================================
== Interface
================================================================
* Summary: 
+----------------+-----+-----+------------+--------------------------------------------+--------------+
|    RTL Ports   | Dir | Bits|  Protocol  |                Source Object               |    C Type    |
+----------------+-----+-----+------------+--------------------------------------------+--------------+
|ap_clk          |  in |    1| ap_ctrl_hs | jedi_concat<float, float, concat_1_struct> | return value |
|ap_rst          |  in |    1| ap_ctrl_hs | jedi_concat<float, float, concat_1_struct> | return value |
|ap_start        |  in |    1| ap_ctrl_hs | jedi_concat<float, float, concat_1_struct> | return value |
|ap_done         | out |    1| ap_ctrl_hs | jedi_concat<float, float, concat_1_struct> | return value |
|ap_idle         | out |    1| ap_ctrl_hs | jedi_concat<float, float, concat_1_struct> | return value |
|ap_ready        | out |    1| ap_ctrl_hs | jedi_concat<float, float, concat_1_struct> | return value |
|data1_address0  | out |   14|  ap_memory |                    data1                   |     array    |
|data1_ce0       | out |    1|  ap_memory |                    data1                   |     array    |
|data1_q0        |  in |   32|  ap_memory |                    data1                   |     array    |
|data2_address0  | out |   14|  ap_memory |                    data2                   |     array    |
|data2_ce0       | out |    1|  ap_memory |                    data2                   |     array    |
|data2_q0        |  in |   32|  ap_memory |                    data2                   |     array    |
|res_address0    | out |   15|  ap_memory |                     res                    |     array    |
|res_ce0         | out |    1|  ap_memory |                     res                    |     array    |
|res_we0         | out |    1|  ap_memory |                     res                    |     array    |
|res_d0          | out |   32|  ap_memory |                     res                    |     array    |
+----------------+-----+-----+------------+--------------------------------------------+--------------+

