

================================================================
== Vivado HLS Report for 'jedi'
================================================================
* Date:           Sun Jul 18 14:03:45 2021

* Version:        2019.2 (Build 2704478 on Wed Nov 06 22:10:23 MST 2019)
* Project:        myproject_prj
* Solution:       solution1
* Product family: virtexuplus
* Target device:  xcu250-figd2104-2L-e


================================================================
== Performance Estimates
================================================================
+ Timing: 
    * Summary: 
    +--------+---------+----------+------------+
    |  Clock |  Target | Estimated| Uncertainty|
    +--------+---------+----------+------------+
    |ap_clk  | 5.00 ns | 5.845 ns |   0.62 ns  |
    +--------+---------+----------+------------+

+ Latency: 
    * Summary: 
    +---------+---------+-----------+-----------+---------+---------+---------+
    |  Latency (cycles) |   Latency (absolute)  |      Interval     | Pipeline|
    |   min   |   max   |    min    |    max    |   min   |   max   |   Type  |
    +---------+---------+-----------+-----------+---------+---------+---------+
    |  7966730|  7966730| 46.566 ms | 46.566 ms |  7966730|  7966730|   none  |
    +---------+---------+-----------+-----------+---------+---------+---------+

    + Detail: 
        * Instance: 
        +-----------------------------------------------------+-------------------------------------------+---------+---------+-----------+-----------+---------+---------+---------+
        |                                                     |                                           |  Latency (cycles) |   Latency (absolute)  |      Interval     | Pipeline|
        |                       Instance                      |                   Module                  |   min   |   max   |    min    |    max    |   min   |   max   |   Type  |
        +-----------------------------------------------------+-------------------------------------------+---------+---------+-----------+-----------+---------+---------+---------+
        |grp_jedi_dnn1_float_float_dense1_config_s_fu_48      |jedi_dnn1_float_float_dense1_config_s      |   338431|   338431|  1.978 ms |  1.978 ms |   338431|   338431|   none  |
        |grp_jedi_multiply_float_float_mult_1_struct_s_fu_60  |jedi_multiply_float_float_mult_1_struct_s  |  3786273|  3786273| 22.131 ms | 22.131 ms |  3786273|  3786273|   none  |
        |grp_jedi_multiply_float_float_mult_2_struct_s_fu_70  |jedi_multiply_float_float_mult_2_struct_s  |  3786273|  3786273| 22.131 ms | 22.131 ms |  3786273|  3786273|   none  |
        |grp_jedi_concat_float_float_concat_1_struct_s_fu_79  |jedi_concat_float_float_concat_1_struct_s  |    55746|    55746|  0.326 ms |  0.326 ms |    55746|    55746|   none  |
        +-----------------------------------------------------+-------------------------------------------+---------+---------+-----------+-----------+---------+---------+---------+

        * Loop: 
        N/A



================================================================
== Utilization Estimates
================================================================
* Summary: 
+---------------------+---------+-------+---------+---------+------+
|         Name        | BRAM_18K| DSP48E|    FF   |   LUT   | URAM |
+---------------------+---------+-------+---------+---------+------+
|DSP                  |        -|      -|        -|        -|     -|
|Expression           |        -|      -|        -|        -|     -|
|FIFO                 |        -|      -|        -|        -|     -|
|Instance             |       36|   1803|   225131|   152591|     0|
|Memory               |      117|      -|        0|        0|     0|
|Multiplexer          |        -|      -|        -|      191|     -|
|Register             |        -|      -|       12|        -|     -|
+---------------------+---------+-------+---------+---------+------+
|Total                |      153|   1803|   225143|   152782|     0|
+---------------------+---------+-------+---------+---------+------+
|Available SLR        |     1344|   3072|   864000|   432000|   320|
+---------------------+---------+-------+---------+---------+------+
|Utilization SLR (%)  |       11|     58|       26|       35|     0|
+---------------------+---------+-------+---------+---------+------+
|Available            |     5376|  12288|  3456000|  1728000|  1280|
+---------------------+---------+-------+---------+---------+------+
|Utilization (%)      |        2|     14|        6|        8|     0|
+---------------------+---------+-------+---------+---------+------+

+ Detail: 
    * Instance: 
    +-----------------------------------------------------+-------------------------------------------+---------+-------+--------+--------+-----+
    |                       Instance                      |                   Module                  | BRAM_18K| DSP48E|   FF   |   LUT  | URAM|
    +-----------------------------------------------------+-------------------------------------------+---------+-------+--------+--------+-----+
    |grp_jedi_concat_float_float_concat_1_struct_s_fu_79  |jedi_concat_float_float_concat_1_struct_s  |        0|      1|     167|     282|    0|
    |grp_jedi_dnn1_float_float_dense1_config_s_fu_48      |jedi_dnn1_float_float_dense1_config_s      |       36|   1792|  223702|  151211|    0|
    |grp_jedi_multiply_float_float_mult_1_struct_s_fu_60  |jedi_multiply_float_float_mult_1_struct_s  |        0|      5|     631|     549|    0|
    |grp_jedi_multiply_float_float_mult_2_struct_s_fu_70  |jedi_multiply_float_float_mult_2_struct_s  |        0|      5|     631|     549|    0|
    +-----------------------------------------------------+-------------------------------------------+---------+-------+--------+--------+-----+
    |Total                                                |                                           |       36|   1803|  225131|  152591|    0|
    +-----------------------------------------------------+-------------------------------------------+---------+-------+--------+--------+-----+

    * DSP48E: 
    N/A

    * Memory: 
    +---------+------------+---------+---+----+-----+-------+-----+------+-------------+
    |  Memory |   Module   | BRAM_18K| FF| LUT| URAM| Words | Bits| Banks| W*Bits*Banks|
    +---------+------------+---------+---+----+-----+-------+-----+------+-------------+
    |B_U      |jedi_B      |       51|  0|   0|    0|  27840|   32|     1|       890880|
    |B_top_U  |jedi_B_top  |       26|  0|   0|    0|  13920|   32|     1|       445440|
    |B_bot_U  |jedi_B_top  |       26|  0|   0|    0|  13920|   32|     1|       445440|
    |E_U      |jedi_E      |       14|  0|   0|    0|   6960|   32|     1|       222720|
    +---------+------------+---------+---+----+-----+-------+-----+------+-------------+
    |Total    |            |      117|  0|   0|    0|  62640|  128|     4|      2004480|
    +---------+------------+---------+---+----+-----+-------+-----+------+-------------+

    * FIFO: 
    N/A

    * Expression: 
    N/A

    * Multiplexer: 
    +----------------+----+-----------+-----+-----------+
    |      Name      | LUT| Input Size| Bits| Total Bits|
    +----------------+----+-----------+-----+-----------+
    |B_address0      |  15|          3|   15|         45|
    |B_bot_address0  |  15|          3|   14|         42|
    |B_bot_ce0       |  15|          3|    1|          3|
    |B_bot_we0       |   9|          2|    1|          2|
    |B_ce0           |  15|          3|    1|          3|
    |B_top_address0  |  15|          3|   14|         42|
    |B_top_ce0       |  15|          3|    1|          3|
    |B_top_we0       |   9|          2|    1|          2|
    |B_we0           |   9|          2|    1|          2|
    |I_address0      |  15|          3|   10|         30|
    |I_ce0           |  15|          3|    1|          3|
    |ap_NS_fsm       |  44|          9|    1|          9|
    +----------------+----+-----------+-----+-----------+
    |Total           | 191|         39|   61|        186|
    +----------------+----+-----------+-----+-----------+

    * Register: 
    +------------------------------------------------------------------+---+----+-----+-----------+
    |                               Name                               | FF| LUT| Bits| Const Bits|
    +------------------------------------------------------------------+---+----+-----+-----------+
    |ap_CS_fsm                                                         |  8|   0|    8|          0|
    |grp_jedi_concat_float_float_concat_1_struct_s_fu_79_ap_start_reg  |  1|   0|    1|          0|
    |grp_jedi_dnn1_float_float_dense1_config_s_fu_48_ap_start_reg      |  1|   0|    1|          0|
    |grp_jedi_multiply_float_float_mult_1_struct_s_fu_60_ap_start_reg  |  1|   0|    1|          0|
    |grp_jedi_multiply_float_float_mult_2_struct_s_fu_70_ap_start_reg  |  1|   0|    1|          0|
    +------------------------------------------------------------------+---+----+-----+-----------+
    |Total                                                             | 12|   0|   12|          0|
    +------------------------------------------------------------------+---+----+-----+-----------+



================================================================
== Interface
================================================================
* Summary: 
+-----------------+-----+-----+------------+--------------+--------------+
|    RTL Ports    | Dir | Bits|  Protocol  | Source Object|    C Type    |
+-----------------+-----+-----+------------+--------------+--------------+
|ap_clk           |  in |    1| ap_ctrl_hs |     jedi     | return value |
|ap_rst           |  in |    1| ap_ctrl_hs |     jedi     | return value |
|ap_start         |  in |    1| ap_ctrl_hs |     jedi     | return value |
|ap_done          | out |    1| ap_ctrl_hs |     jedi     | return value |
|ap_idle          | out |    1| ap_ctrl_hs |     jedi     | return value |
|ap_ready         | out |    1| ap_ctrl_hs |     jedi     | return value |
|I_address0       | out |   10|  ap_memory |       I      |     array    |
|I_ce0            | out |    1|  ap_memory |       I      |     array    |
|I_q0             |  in |   32|  ap_memory |       I      |     array    |
|Rr_address0      | out |   15|  ap_memory |      Rr      |     array    |
|Rr_ce0           | out |    1|  ap_memory |      Rr      |     array    |
|Rr_q0            |  in |   32|  ap_memory |      Rr      |     array    |
|Rr_T_address0    | out |   15|  ap_memory |     Rr_T     |     array    |
|Rr_T_ce0         | out |    1|  ap_memory |     Rr_T     |     array    |
|Rr_T_we0         | out |    1|  ap_memory |     Rr_T     |     array    |
|Rr_T_d0          | out |   32|  ap_memory |     Rr_T     |     array    |
|Rr_T_q0          |  in |   32|  ap_memory |     Rr_T     |     array    |
|Rr_T_address1    | out |   15|  ap_memory |     Rr_T     |     array    |
|Rr_T_ce1         | out |    1|  ap_memory |     Rr_T     |     array    |
|Rr_T_we1         | out |    1|  ap_memory |     Rr_T     |     array    |
|Rr_T_d1          | out |   32|  ap_memory |     Rr_T     |     array    |
|Rr_T_q1          |  in |   32|  ap_memory |     Rr_T     |     array    |
|Rs_address0      | out |   15|  ap_memory |      Rs      |     array    |
|Rs_ce0           | out |    1|  ap_memory |      Rs      |     array    |
|Rs_q0            |  in |   32|  ap_memory |      Rs      |     array    |
|result_address0  | out |    3|  ap_memory |    result    |     array    |
|result_ce0       | out |    1|  ap_memory |    result    |     array    |
|result_we0       | out |    1|  ap_memory |    result    |     array    |
|result_d0        | out |   32|  ap_memory |    result    |     array    |
|result_q0        |  in |   32|  ap_memory |    result    |     array    |
|result_address1  | out |    3|  ap_memory |    result    |     array    |
|result_ce1       | out |    1|  ap_memory |    result    |     array    |
|result_we1       | out |    1|  ap_memory |    result    |     array    |
|result_d1        | out |   32|  ap_memory |    result    |     array    |
|result_q1        |  in |   32|  ap_memory |    result    |     array    |
+-----------------+-----+-----+------------+--------------+--------------+

