

================================================================
== Vivado HLS Report for 'p_hls_fptosi_float_i32'
================================================================
* Date:           Sun Jul 18 14:03:26 2021

* Version:        2019.2 (Build 2704478 on Wed Nov 06 22:10:23 MST 2019)
* Project:        myproject_prj
* Solution:       solution1
* Product family: virtexuplus
* Target device:  xcu250-figd2104-2L-e


================================================================
== Performance Estimates
================================================================
+ Timing: 
    * Summary: 
    +--------+---------+----------+------------+
    |  Clock |  Target | Estimated| Uncertainty|
    +--------+---------+----------+------------+
    |ap_clk  | 5.00 ns | 2.733 ns |   0.62 ns  |
    +--------+---------+----------+------------+

+ Latency: 
    * Summary: 
    +---------+---------+----------+----------+-----+-----+----------+
    |  Latency (cycles) |  Latency (absolute) |  Interval | Pipeline |
    |   min   |   max   |    min   |    max   | min | max |   Type   |
    +---------+---------+----------+----------+-----+-----+----------+
    |        0|        0|   0 ns   |   0 ns   |    1|    1| function |
    +---------+---------+----------+----------+-----+-----+----------+

    + Detail: 
        * Instance: 
        N/A

        * Loop: 
        N/A



================================================================
== Utilization Estimates
================================================================
* Summary: 
+---------------------+---------+-------+---------+---------+------+
|         Name        | BRAM_18K| DSP48E|    FF   |   LUT   | URAM |
+---------------------+---------+-------+---------+---------+------+
|DSP                  |        -|      -|        -|        -|     -|
|Expression           |        -|      -|        0|      431|     -|
|FIFO                 |        -|      -|        -|        -|     -|
|Instance             |        -|      -|        -|        -|     -|
|Memory               |        -|      -|        -|        -|     -|
|Multiplexer          |        -|      -|        -|        -|     -|
|Register             |        -|      -|        -|        -|     -|
+---------------------+---------+-------+---------+---------+------+
|Total                |        0|      0|        0|      431|     0|
+---------------------+---------+-------+---------+---------+------+
|Available SLR        |     1344|   3072|   864000|   432000|   320|
+---------------------+---------+-------+---------+---------+------+
|Utilization SLR (%)  |        0|      0|        0|    ~0   |     0|
+---------------------+---------+-------+---------+---------+------+
|Available            |     5376|  12288|  3456000|  1728000|  1280|
+---------------------+---------+-------+---------+---------+------+
|Utilization (%)      |        0|      0|        0|    ~0   |     0|
+---------------------+---------+-------+---------+---------+------+

+ Detail: 
    * Instance: 
    N/A

    * DSP48E: 
    N/A

    * Memory: 
    N/A

    * FIFO: 
    N/A

    * Expression: 
    +----------------------+----------+-------+---+-----+------------+------------+
    |     Variable Name    | Operation| DSP48E| FF| LUT | Bitwidth P0| Bitwidth P1|
    +----------------------+----------+-------+---+-----+------------+------------+
    |add_ln339_fu_88_p2    |     +    |      0|  0|    9|           8|           9|
    |result_V_1_fu_174_p2  |     -    |      0|  0|   32|           1|          32|
    |sub_ln1311_fu_102_p2  |     -    |      0|  0|    8|           7|           8|
    |r_V_fu_132_p2         |   lshr   |      0|  0|   66|          25|          25|
    |ap_return             |  select  |      0|  0|   32|           1|          32|
    |p_Val2_5_fu_166_p3    |  select  |      0|  0|   32|           1|          32|
    |ush_fu_112_p3         |  select  |      0|  0|    9|           1|           9|
    |r_V_1_fu_138_p2       |    shl   |      0|  0|  243|          79|          79|
    +----------------------+----------+-------+---+-----+------------+------------+
    |Total                 |          |      0|  0|  431|         123|         226|
    +----------------------+----------+-------+---+-----+------------+------------+

    * Multiplexer: 
    N/A

    * Register: 
    N/A



================================================================
== Interface
================================================================
* Summary: 
+-----------+-----+-----+------------+------------------------+--------------+
| RTL Ports | Dir | Bits|  Protocol  |      Source Object     |    C Type    |
+-----------+-----+-----+------------+------------------------+--------------+
|ap_ready   | out |    1| ap_ctrl_hs | __hls_fptosi_float_i32 | return value |
|ap_return  | out |   32| ap_ctrl_hs | __hls_fptosi_float_i32 | return value |
|x          |  in |   32|   ap_none  |            x           |    scalar    |
+-----------+-----+-----+------------+------------------------+--------------+

