
****** Vivado(TM) HLS - High-Level Synthesis from C, C++ and SystemC v2019.2 (64-bit)
  **** SW Build 2708876 on Wed Nov  6 21:39:14 MST 2019
  **** IP Build 2700528 on Thu Nov  7 00:09:20 MST 2019
    ** Copyright 1986-2019 Xilinx, Inc. All Rights Reserved.

source /vol/cc/opt/Xilinx/2019.2/Vivado/2019.2/scripts/vivado_hls/hls.tcl -notrace
INFO: [HLS 200-10] Running '/vol/cc/opt/Xilinx/2019.2/Vivado/2019.2/bin/unwrapped/lnx64.o/vivado_hls'
INFO: [HLS 200-10] For user 'mzl20' on host 'cccad5.doc.ic.ac.uk' (Linux_x86_64 version 3.10.0-957.1.3.el7.x86_64) on Sat Aug 14 09:21:19 BST 2021
INFO: [HLS 200-10] On os "CentOS Linux release 7.6.1810 (Core) "
INFO: [HLS 200-10] In directory '/mnt/ccnas2/bdp/mzl20/proj_venv_ccgpu3/lhc_jet_tagging_NN/JEDInet_HLS_5p/firmware/prj_cmd'
Sourcing Tcl script 'build_prj.tcl'
INFO: [HLS 200-10] Opening project '/mnt/ccnas2/bdp/mzl20/proj_venv_ccgpu3/lhc_jet_tagging_NN/JEDInet_HLS_5p/firmware/prj_cmd/myproject_prj'.
INFO: [HLS 200-10] Adding design file '../jedi.cpp' to the project
WARNING: [HLS 200-40] Cannot find test bench file 'tb_jedi.cpp'
INFO: [HLS 200-10] Opening solution '/mnt/ccnas2/bdp/mzl20/proj_venv_ccgpu3/lhc_jet_tagging_NN/JEDInet_HLS_5p/firmware/prj_cmd/myproject_prj/solution1'.
INFO: [SYN 201-201] Setting up clock 'default' with a period of 5ns.
INFO: [HLS 200-10] Setting target device to 'xcu250-figd2104-2L-e'
INFO: [XFORM 203-101] Allowed max sub elements number after partition is 4096.
INFO: [XFORM 203-1161] The maximum of name length is set into 60.
INFO: [XFORM 203-101] Allowed max sub elements number after partition is 4096.
INFO: [XFORM 203-1161] The maximum of name length is set into 60.
***** C/RTL SYNTHESIS *****
INFO: [SCHED 204-61] Option 'relax_ii_for_timing' is enabled, will increase II to preserve clock frequency constraints.
INFO: [HLS 200-10] Analyzing design file '../jedi.cpp' ... 
WARNING: [HLS 200-40] In file included from ../jedi.cpp:22:
../../nnet_utils/nnet_jedi.h:453:5: warning: '/*' within block comment [-Wcomment]
    /* parameters, think it will be specified in CONFIG
    ^
1 warning generated.
WARNING: [HLS 214-114] Since the only kind of statements allowed in a canonical dataflow region are variable declarations and function calls, the compiler may not be able to correctly handle the region: ../../nnet_utils/nnet_dense_latency.h:64:9
WARNING: [HLS 214-114] Since the only kind of statements allowed in a canonical dataflow region are variable declarations and function calls, the compiler may not be able to correctly handle the region: ../../nnet_utils/nnet_dense_latency.h:79:2
WARNING: [HLS 214-104] Only for-loops and functions support the dataflow: ../../nnet_utils/nnet_dense_latency.h:76:9
WARNING: [HLS 200-471] Dataflow form checks found 3 issue(s) in file ../jedi.cpp
INFO: [HLS 200-111] Finished Linking Time (s): cpu = 00:00:21 ; elapsed = 00:00:46 . Memory (MB): peak = 1010.992 ; gain = 529.180 ; free physical = 256720 ; free virtual = 575231
INFO: [HLS 200-111] Finished Checking Pragmas Time (s): cpu = 00:00:21 ; elapsed = 00:00:46 . Memory (MB): peak = 1010.992 ; gain = 529.180 ; free physical = 256718 ; free virtual = 575229
INFO: [HLS 200-10] Starting code transformations ...
INFO: [XFORM 203-603] Inlining function 'nnet::product::mult<ap_fixed<24, 12, (ap_q_mode)5, (ap_o_mode)3, 0>, ap_fixed<24, 12, (ap_q_mode)5, (ap_o_mode)3, 0>, float>::limit' into 'nnet::dense_latency<ap_fixed<24, 12, (ap_q_mode)5, (ap_o_mode)3, 0>, ap_fixed<24, 12, (ap_q_mode)5, (ap_o_mode)3, 0>, fc1_config_struct>' (../../nnet_utils/nnet_dense_latency.h:57).
INFO: [XFORM 203-603] Inlining function 'nnet::product::mult<ap_fixed<24, 12, (ap_q_mode)5, (ap_o_mode)3, 0>, ap_fixed<24, 12, (ap_q_mode)5, (ap_o_mode)3, 0>, float>::limit' into 'nnet::dense_latency<ap_fixed<24, 12, (ap_q_mode)5, (ap_o_mode)3, 0>, ap_fixed<24, 12, (ap_q_mode)5, (ap_o_mode)3, 0>, fc2_config_struct>' (../../nnet_utils/nnet_dense_latency.h:57).
INFO: [XFORM 203-603] Inlining function 'nnet::product::mult<ap_fixed<24, 12, (ap_q_mode)5, (ap_o_mode)3, 0>, ap_fixed<24, 12, (ap_q_mode)5, (ap_o_mode)3, 0>, float>::limit' into 'nnet::dense_latency<ap_fixed<24, 12, (ap_q_mode)5, (ap_o_mode)3, 0>, ap_fixed<24, 12, (ap_q_mode)5, (ap_o_mode)3, 0>, output1_config_struct>' (../../nnet_utils/nnet_dense_latency.h:57).
INFO: [XFORM 203-603] Inlining function 'nnet::product::mult<ap_fixed<24, 12, (ap_q_mode)5, (ap_o_mode)3, 0>, ap_fixed<24, 12, (ap_q_mode)5, (ap_o_mode)3, 0>, float>::limit' into 'nnet::dense_latency<ap_fixed<24, 12, (ap_q_mode)5, (ap_o_mode)3, 0>, ap_fixed<24, 12, (ap_q_mode)5, (ap_o_mode)3, 0>, fc4_config_struct>' (../../nnet_utils/nnet_dense_latency.h:57).
INFO: [XFORM 203-603] Inlining function 'nnet::product::mult<ap_fixed<24, 12, (ap_q_mode)5, (ap_o_mode)3, 0>, ap_fixed<24, 12, (ap_q_mode)5, (ap_o_mode)3, 0>, float>::limit' into 'nnet::dense_latency<ap_fixed<24, 12, (ap_q_mode)5, (ap_o_mode)3, 0>, ap_fixed<24, 12, (ap_q_mode)5, (ap_o_mode)3, 0>, fc5_config_struct>' (../../nnet_utils/nnet_dense_latency.h:57).
INFO: [XFORM 203-603] Inlining function 'nnet::product::mult<ap_fixed<24, 12, (ap_q_mode)5, (ap_o_mode)3, 0>, ap_fixed<24, 12, (ap_q_mode)5, (ap_o_mode)3, 0>, float>::limit' into 'nnet::dense_latency<ap_fixed<24, 12, (ap_q_mode)5, (ap_o_mode)3, 0>, ap_fixed<24, 12, (ap_q_mode)5, (ap_o_mode)3, 0>, output2_config_struct>' (../../nnet_utils/nnet_dense_latency.h:57).
INFO: [XFORM 203-603] Inlining function 'nnet::product::mult<ap_fixed<24, 12, (ap_q_mode)5, (ap_o_mode)3, 0>, ap_fixed<24, 12, (ap_q_mode)5, (ap_o_mode)3, 0>, float>::limit' into 'nnet::dense_latency<ap_fixed<24, 12, (ap_q_mode)5, (ap_o_mode)3, 0>, ap_fixed<24, 12, (ap_q_mode)5, (ap_o_mode)3, 0>, fc7_config_struct>' (../../nnet_utils/nnet_dense_latency.h:57).
INFO: [XFORM 203-603] Inlining function 'nnet::product::mult<ap_fixed<24, 12, (ap_q_mode)5, (ap_o_mode)3, 0>, ap_fixed<24, 12, (ap_q_mode)5, (ap_o_mode)3, 0>, float>::limit' into 'nnet::dense_latency<ap_fixed<24, 12, (ap_q_mode)5, (ap_o_mode)3, 0>, ap_fixed<24, 12, (ap_q_mode)5, (ap_o_mode)3, 0>, fc8_config_struct>' (../../nnet_utils/nnet_dense_latency.h:57).
INFO: [XFORM 203-603] Inlining function 'nnet::product::mult<ap_fixed<24, 12, (ap_q_mode)5, (ap_o_mode)3, 0>, ap_fixed<24, 12, (ap_q_mode)5, (ap_o_mode)3, 0>, float>::limit' into 'nnet::dense_latency<ap_fixed<24, 12, (ap_q_mode)5, (ap_o_mode)3, 0>, ap_fixed<24, 12, (ap_q_mode)5, (ap_o_mode)3, 0>, output3_config_struct>' (../../nnet_utils/nnet_dense_latency.h:57).
INFO: [XFORM 203-603] Inlining function 'nnet::product::mult<ap_fixed<24, 12, (ap_q_mode)5, (ap_o_mode)3, 0>, ap_fixed<24, 12, (ap_q_mode)5, (ap_o_mode)3, 0>, float>::product' into 'nnet::dense_latency<ap_fixed<24, 12, (ap_q_mode)5, (ap_o_mode)3, 0>, ap_fixed<24, 12, (ap_q_mode)5, (ap_o_mode)3, 0>, fc1_config_struct>' (../../nnet_utils/nnet_dense_latency.h:96).
INFO: [XFORM 203-603] Inlining function 'nnet::product::mult<ap_fixed<24, 12, (ap_q_mode)5, (ap_o_mode)3, 0>, ap_fixed<24, 12, (ap_q_mode)5, (ap_o_mode)3, 0>, float>::product' into 'nnet::dense_latency<ap_fixed<24, 12, (ap_q_mode)5, (ap_o_mode)3, 0>, ap_fixed<24, 12, (ap_q_mode)5, (ap_o_mode)3, 0>, fc2_config_struct>' (../../nnet_utils/nnet_dense_latency.h:96).
INFO: [XFORM 203-603] Inlining function 'nnet::product::mult<ap_fixed<24, 12, (ap_q_mode)5, (ap_o_mode)3, 0>, ap_fixed<24, 12, (ap_q_mode)5, (ap_o_mode)3, 0>, float>::product' into 'nnet::dense_latency<ap_fixed<24, 12, (ap_q_mode)5, (ap_o_mode)3, 0>, ap_fixed<24, 12, (ap_q_mode)5, (ap_o_mode)3, 0>, output1_config_struct>' (../../nnet_utils/nnet_dense_latency.h:96).
INFO: [XFORM 203-603] Inlining function 'nnet::product::mult<ap_fixed<24, 12, (ap_q_mode)5, (ap_o_mode)3, 0>, ap_fixed<24, 12, (ap_q_mode)5, (ap_o_mode)3, 0>, float>::product' into 'nnet::dense_latency<ap_fixed<24, 12, (ap_q_mode)5, (ap_o_mode)3, 0>, ap_fixed<24, 12, (ap_q_mode)5, (ap_o_mode)3, 0>, fc4_config_struct>' (../../nnet_utils/nnet_dense_latency.h:96).
INFO: [XFORM 203-603] Inlining function 'nnet::product::mult<ap_fixed<24, 12, (ap_q_mode)5, (ap_o_mode)3, 0>, ap_fixed<24, 12, (ap_q_mode)5, (ap_o_mode)3, 0>, float>::product' into 'nnet::dense_latency<ap_fixed<24, 12, (ap_q_mode)5, (ap_o_mode)3, 0>, ap_fixed<24, 12, (ap_q_mode)5, (ap_o_mode)3, 0>, fc5_config_struct>' (../../nnet_utils/nnet_dense_latency.h:96).
INFO: [XFORM 203-603] Inlining function 'nnet::product::mult<ap_fixed<24, 12, (ap_q_mode)5, (ap_o_mode)3, 0>, ap_fixed<24, 12, (ap_q_mode)5, (ap_o_mode)3, 0>, float>::product' into 'nnet::dense_latency<ap_fixed<24, 12, (ap_q_mode)5, (ap_o_mode)3, 0>, ap_fixed<24, 12, (ap_q_mode)5, (ap_o_mode)3, 0>, output2_config_struct>' (../../nnet_utils/nnet_dense_latency.h:96).
INFO: [XFORM 203-603] Inlining function 'nnet::product::mult<ap_fixed<24, 12, (ap_q_mode)5, (ap_o_mode)3, 0>, ap_fixed<24, 12, (ap_q_mode)5, (ap_o_mode)3, 0>, float>::product' into 'nnet::dense_latency<ap_fixed<24, 12, (ap_q_mode)5, (ap_o_mode)3, 0>, ap_fixed<24, 12, (ap_q_mode)5, (ap_o_mode)3, 0>, fc7_config_struct>' (../../nnet_utils/nnet_dense_latency.h:96).
INFO: [XFORM 203-603] Inlining function 'nnet::product::mult<ap_fixed<24, 12, (ap_q_mode)5, (ap_o_mode)3, 0>, ap_fixed<24, 12, (ap_q_mode)5, (ap_o_mode)3, 0>, float>::product' into 'nnet::dense_latency<ap_fixed<24, 12, (ap_q_mode)5, (ap_o_mode)3, 0>, ap_fixed<24, 12, (ap_q_mode)5, (ap_o_mode)3, 0>, fc8_config_struct>' (../../nnet_utils/nnet_dense_latency.h:96).
INFO: [XFORM 203-603] Inlining function 'nnet::product::mult<ap_fixed<24, 12, (ap_q_mode)5, (ap_o_mode)3, 0>, ap_fixed<24, 12, (ap_q_mode)5, (ap_o_mode)3, 0>, float>::product' into 'nnet::dense_latency<ap_fixed<24, 12, (ap_q_mode)5, (ap_o_mode)3, 0>, ap_fixed<24, 12, (ap_q_mode)5, (ap_o_mode)3, 0>, output3_config_struct>' (../../nnet_utils/nnet_dense_latency.h:96).
INFO: [XFORM 203-603] Inlining function 'nnet::dense<ap_fixed<24, 12, (ap_q_mode)5, (ap_o_mode)3, 0>, ap_fixed<24, 12, (ap_q_mode)5, (ap_o_mode)3, 0>, fc1_config_struct>' into 'nnet::dnn1<ap_fixed<24, 12, (ap_q_mode)5, (ap_o_mode)3, 0>, ap_fixed<24, 12, (ap_q_mode)5, (ap_o_mode)3, 0>, dense1_config>' (../../nnet_utils/nnet_jedi.h:182).
INFO: [XFORM 203-603] Inlining function 'nnet::dense<ap_fixed<24, 12, (ap_q_mode)5, (ap_o_mode)3, 0>, ap_fixed<24, 12, (ap_q_mode)5, (ap_o_mode)3, 0>, fc2_config_struct>' into 'nnet::dnn1<ap_fixed<24, 12, (ap_q_mode)5, (ap_o_mode)3, 0>, ap_fixed<24, 12, (ap_q_mode)5, (ap_o_mode)3, 0>, dense1_config>' (../../nnet_utils/nnet_jedi.h:192).
INFO: [XFORM 203-603] Inlining function 'nnet::dense<ap_fixed<24, 12, (ap_q_mode)5, (ap_o_mode)3, 0>, ap_fixed<24, 12, (ap_q_mode)5, (ap_o_mode)3, 0>, output1_config_struct>' into 'nnet::dnn1<ap_fixed<24, 12, (ap_q_mode)5, (ap_o_mode)3, 0>, ap_fixed<24, 12, (ap_q_mode)5, (ap_o_mode)3, 0>, dense1_config>' (../../nnet_utils/nnet_jedi.h:200).
INFO: [XFORM 203-603] Inlining function 'nnet::dense<ap_fixed<24, 12, (ap_q_mode)5, (ap_o_mode)3, 0>, ap_fixed<24, 12, (ap_q_mode)5, (ap_o_mode)3, 0>, fc4_config_struct>' into 'nnet::dnn2<ap_fixed<24, 12, (ap_q_mode)5, (ap_o_mode)3, 0>, ap_fixed<24, 12, (ap_q_mode)5, (ap_o_mode)3, 0>, dense2_config>' (../../nnet_utils/nnet_jedi.h:212).
INFO: [XFORM 203-603] Inlining function 'nnet::dense<ap_fixed<24, 12, (ap_q_mode)5, (ap_o_mode)3, 0>, ap_fixed<24, 12, (ap_q_mode)5, (ap_o_mode)3, 0>, fc5_config_struct>' into 'nnet::dnn2<ap_fixed<24, 12, (ap_q_mode)5, (ap_o_mode)3, 0>, ap_fixed<24, 12, (ap_q_mode)5, (ap_o_mode)3, 0>, dense2_config>' (../../nnet_utils/nnet_jedi.h:220).
INFO: [XFORM 203-603] Inlining function 'nnet::dense<ap_fixed<24, 12, (ap_q_mode)5, (ap_o_mode)3, 0>, ap_fixed<24, 12, (ap_q_mode)5, (ap_o_mode)3, 0>, output2_config_struct>' into 'nnet::dnn2<ap_fixed<24, 12, (ap_q_mode)5, (ap_o_mode)3, 0>, ap_fixed<24, 12, (ap_q_mode)5, (ap_o_mode)3, 0>, dense2_config>' (../../nnet_utils/nnet_jedi.h:228).
INFO: [XFORM 203-603] Inlining function 'nnet::dense<ap_fixed<24, 12, (ap_q_mode)5, (ap_o_mode)3, 0>, ap_fixed<24, 12, (ap_q_mode)5, (ap_o_mode)3, 0>, fc7_config_struct>' into 'nnet::dnn3<ap_fixed<24, 12, (ap_q_mode)5, (ap_o_mode)3, 0>, ap_fixed<24, 12, (ap_q_mode)5, (ap_o_mode)3, 0>, dense3_config>' (../../nnet_utils/nnet_jedi.h:242).
INFO: [XFORM 203-603] Inlining function 'nnet::dense<ap_fixed<24, 12, (ap_q_mode)5, (ap_o_mode)3, 0>, ap_fixed<24, 12, (ap_q_mode)5, (ap_o_mode)3, 0>, fc8_config_struct>' into 'nnet::dnn3<ap_fixed<24, 12, (ap_q_mode)5, (ap_o_mode)3, 0>, ap_fixed<24, 12, (ap_q_mode)5, (ap_o_mode)3, 0>, dense3_config>' (../../nnet_utils/nnet_jedi.h:250).
INFO: [XFORM 203-603] Inlining function 'nnet::dense<ap_fixed<24, 12, (ap_q_mode)5, (ap_o_mode)3, 0>, ap_fixed<24, 12, (ap_q_mode)5, (ap_o_mode)3, 0>, output3_config_struct>' into 'nnet::dnn3<ap_fixed<24, 12, (ap_q_mode)5, (ap_o_mode)3, 0>, ap_fixed<24, 12, (ap_q_mode)5, (ap_o_mode)3, 0>, dense3_config>' (../../nnet_utils/nnet_jedi.h:258).
INFO: [HLS 200-111] Finished Standard Transforms Time (s): cpu = 00:00:28 ; elapsed = 00:00:53 . Memory (MB): peak = 1138.992 ; gain = 657.180 ; free physical = 256562 ; free virtual = 575073
INFO: [HLS 200-10] Checking synthesizability ...
INFO: [XFORM 203-602] Inlining function 'fp_struct<double>::mantissa' into 'generic_cast_IEEE754<int, (ap_q_mode)6, double>' (/wrk/2019.2/continuous/2019_11_06_2708876/src/products/hls/hls_lib/hlsmath/include/FloatingPoint/hls_case_IEEE754.h:15) automatically.
INFO: [XFORM 203-602] Inlining function 'fp_struct<double>::expv' into 'generic_cast_IEEE754<int, (ap_q_mode)6, double>' (/wrk/2019.2/continuous/2019_11_06_2708876/src/products/hls/hls_lib/hlsmath/include/FloatingPoint/hls_case_IEEE754.h:18) automatically.
INFO: [XFORM 203-602] Inlining function 'fp_struct<double>::__signbit' into 'generic_cast_IEEE754<int, (ap_q_mode)6, double>' (/wrk/2019.2/continuous/2019_11_06_2708876/src/products/hls/hls_lib/hlsmath/include/FloatingPoint/hls_case_IEEE754.h:59) automatically.
INFO: [XFORM 203-602] Inlining function 'generic_cast_IEEE754<int, (ap_q_mode)6, double>' into 'generic_cast_IEEE754<int, double>' (/wrk/2019.2/continuous/2019_11_06_2708876/src/products/hls/hls_lib/hlsmath/include/FloatingPoint/hls_case_IEEE754.h:117) automatically.
INFO: [XFORM 203-602] Inlining function 'generic_cast_IEEE754<int, double>' into '__hls_fptosi_double_i32' (/wrk/2019.2/continuous/2019_11_06_2708876/src/products/hls/hls_lib/hlsmath/src/lib_floatconversion.cpp:55) automatically.
INFO: [XFORM 203-602] Inlining function '__hls_fptosi_double_i32' into 'nnet::dense_latency<ap_fixed<24, 12, (ap_q_mode)5, (ap_o_mode)3, 0>, ap_fixed<24, 12, (ap_q_mode)5, (ap_o_mode)3, 0>, fc1_config_struct>' (../../nnet_utils/nnet_dense_latency.h:56) automatically.
INFO: [XFORM 203-602] Inlining function '__hls_fptosi_double_i32' into 'nnet::dense_latency<ap_fixed<24, 12, (ap_q_mode)5, (ap_o_mode)3, 0>, ap_fixed<24, 12, (ap_q_mode)5, (ap_o_mode)3, 0>, fc2_config_struct>' (../../nnet_utils/nnet_dense_latency.h:56) automatically.
INFO: [XFORM 203-602] Inlining function '__hls_fptosi_double_i32' into 'nnet::dense_latency<ap_fixed<24, 12, (ap_q_mode)5, (ap_o_mode)3, 0>, ap_fixed<24, 12, (ap_q_mode)5, (ap_o_mode)3, 0>, output1_config_struct>' (../../nnet_utils/nnet_dense_latency.h:56) automatically.
INFO: [XFORM 203-602] Inlining function 'nnet::dnn1<ap_fixed<24, 12, (ap_q_mode)5, (ap_o_mode)3, 0>, ap_fixed<24, 12, (ap_q_mode)5, (ap_o_mode)3, 0>, dense1_config>' into 'nnet::jedi_dnn1<ap_fixed<24, 12, (ap_q_mode)5, (ap_o_mode)3, 0>, ap_fixed<24, 12, (ap_q_mode)5, (ap_o_mode)3, 0>, dense1_config>' (../../nnet_utils/nnet_jedi.h:323) automatically.
INFO: [XFORM 203-602] Inlining function '__hls_fptosi_double_i32' into 'nnet::dense_latency<ap_fixed<24, 12, (ap_q_mode)5, (ap_o_mode)3, 0>, ap_fixed<24, 12, (ap_q_mode)5, (ap_o_mode)3, 0>, fc4_config_struct>' (../../nnet_utils/nnet_dense_latency.h:56) automatically.
INFO: [XFORM 203-602] Inlining function '__hls_fptosi_double_i32' into 'nnet::dense_latency<ap_fixed<24, 12, (ap_q_mode)5, (ap_o_mode)3, 0>, ap_fixed<24, 12, (ap_q_mode)5, (ap_o_mode)3, 0>, fc5_config_struct>' (../../nnet_utils/nnet_dense_latency.h:56) automatically.
INFO: [XFORM 203-602] Inlining function '__hls_fptosi_double_i32' into 'nnet::dense_latency<ap_fixed<24, 12, (ap_q_mode)5, (ap_o_mode)3, 0>, ap_fixed<24, 12, (ap_q_mode)5, (ap_o_mode)3, 0>, output2_config_struct>' (../../nnet_utils/nnet_dense_latency.h:56) automatically.
INFO: [XFORM 203-602] Inlining function 'nnet::dnn2<ap_fixed<24, 12, (ap_q_mode)5, (ap_o_mode)3, 0>, ap_fixed<24, 12, (ap_q_mode)5, (ap_o_mode)3, 0>, dense2_config>' into 'nnet::jedi_dnn2<ap_fixed<24, 12, (ap_q_mode)5, (ap_o_mode)3, 0>, ap_fixed<24, 12, (ap_q_mode)5, (ap_o_mode)3, 0>, dense2_config>' (../../nnet_utils/nnet_jedi.h:390) automatically.
INFO: [XFORM 203-602] Inlining function '__hls_fptosi_double_i32' into 'nnet::dense_latency<ap_fixed<24, 12, (ap_q_mode)5, (ap_o_mode)3, 0>, ap_fixed<24, 12, (ap_q_mode)5, (ap_o_mode)3, 0>, fc7_config_struct>' (../../nnet_utils/nnet_dense_latency.h:56) automatically.
INFO: [XFORM 203-602] Inlining function '__hls_fptosi_double_i32' into 'nnet::dense_latency<ap_fixed<24, 12, (ap_q_mode)5, (ap_o_mode)3, 0>, ap_fixed<24, 12, (ap_q_mode)5, (ap_o_mode)3, 0>, fc8_config_struct>' (../../nnet_utils/nnet_dense_latency.h:56) automatically.
INFO: [XFORM 203-602] Inlining function '__hls_fptosi_double_i32' into 'nnet::dense_latency<ap_fixed<24, 12, (ap_q_mode)5, (ap_o_mode)3, 0>, ap_fixed<24, 12, (ap_q_mode)5, (ap_o_mode)3, 0>, output3_config_struct>' (../../nnet_utils/nnet_dense_latency.h:56) automatically.
INFO: [XFORM 203-602] Inlining function 'nnet::dnn3<ap_fixed<24, 12, (ap_q_mode)5, (ap_o_mode)3, 0>, ap_fixed<24, 12, (ap_q_mode)5, (ap_o_mode)3, 0>, dense3_config>' into 'nnet::jedi_dnn3<ap_fixed<24, 12, (ap_q_mode)5, (ap_o_mode)3, 0>, ap_fixed<24, 12, (ap_q_mode)5, (ap_o_mode)3, 0>, dense3_config>' (../../nnet_utils/nnet_jedi.h:437) automatically.
INFO: [XFORM 203-602] Inlining function 'nnet::jedi1<ap_fixed<24, 12, (ap_q_mode)5, (ap_o_mode)3, 0>, ap_fixed<24, 12, (ap_q_mode)5, (ap_o_mode)3, 0>, jedi1_config>' into 'jedi' (../jedi.cpp:58) automatically.
INFO: [XFORM 203-602] Inlining function 'nnet::jedi2<ap_fixed<24, 12, (ap_q_mode)5, (ap_o_mode)3, 0>, ap_fixed<24, 12, (ap_q_mode)5, (ap_o_mode)3, 0>, jedi2_config>' into 'jedi' (../jedi.cpp:66) automatically.
WARNING: [SYNCHK 200-23] ../../nnet_utils/nnet_mult.h:67: variable-indexed range selection may cause suboptimal QoR.
INFO: [SYNCHK 200-10] 0 error(s), 1 warning(s).
INFO: [HLS 200-111] Finished Checking Synthesizability Time (s): cpu = 00:00:30 ; elapsed = 00:00:55 . Memory (MB): peak = 1138.992 ; gain = 657.180 ; free physical = 256534 ; free virtual = 575046
INFO: [XFORM 203-502] Unrolling all sub-loops inside loop 'Loop-2' (../../nnet_utils/nnet_jedi.h:426) in function 'nnet::jedi_dnn3<ap_fixed<24, 12, (ap_q_mode)5, (ap_o_mode)3, 0>, ap_fixed<24, 12, (ap_q_mode)5, (ap_o_mode)3, 0>, dense3_config>' for pipelining.
INFO: [XFORM 203-502] Unrolling all loops for pipelining in function 'nnet::selu<ap_fixed<24, 12, (ap_q_mode)5, (ap_o_mode)3, 0>, ap_fixed<24, 12, (ap_q_mode)5, (ap_o_mode)3, 0>, selu3_config_struct>' (../../nnet_utils/nnet_activation.h:764:13).
INFO: [XFORM 203-502] Unrolling all loops for pipelining in function 'nnet::dense_latency<ap_fixed<24, 12, (ap_q_mode)5, (ap_o_mode)3, 0>, ap_fixed<24, 12, (ap_q_mode)5, (ap_o_mode)3, 0>, output3_config_struct>' (../../nnet_utils/nnet_dense_latency.h:39:50).
INFO: [XFORM 203-502] Unrolling all loops for pipelining in function 'nnet::selu<ap_fixed<24, 12, (ap_q_mode)5, (ap_o_mode)3, 0>, ap_fixed<24, 12, (ap_q_mode)5, (ap_o_mode)3, 0>, relu6_config_struct>' (../../nnet_utils/nnet_activation.h:764:13).
INFO: [XFORM 203-502] Unrolling all loops for pipelining in function 'nnet::dense_latency<ap_fixed<24, 12, (ap_q_mode)5, (ap_o_mode)3, 0>, ap_fixed<24, 12, (ap_q_mode)5, (ap_o_mode)3, 0>, fc8_config_struct>' (../../nnet_utils/nnet_dense_latency.h:39:50).
INFO: [XFORM 203-502] Unrolling all loops for pipelining in function 'nnet::selu<ap_fixed<24, 12, (ap_q_mode)5, (ap_o_mode)3, 0>, ap_fixed<24, 12, (ap_q_mode)5, (ap_o_mode)3, 0>, relu5_config_struct>' (../../nnet_utils/nnet_activation.h:764:13).
INFO: [XFORM 203-502] Unrolling all loops for pipelining in function 'nnet::dense_latency<ap_fixed<24, 12, (ap_q_mode)5, (ap_o_mode)3, 0>, ap_fixed<24, 12, (ap_q_mode)5, (ap_o_mode)3, 0>, fc7_config_struct>' (../../nnet_utils/nnet_dense_latency.h:39:50).
INFO: [XFORM 203-502] Unrolling all sub-loops inside loop 'Loop-1' (../../nnet_utils/nnet_jedi.h:381) in function 'nnet::jedi_dnn2<ap_fixed<24, 12, (ap_q_mode)5, (ap_o_mode)3, 0>, ap_fixed<24, 12, (ap_q_mode)5, (ap_o_mode)3, 0>, dense2_config>' for pipelining.
INFO: [XFORM 203-502] Unrolling all loops for pipelining in function 'nnet::selu<ap_fixed<24, 12, (ap_q_mode)5, (ap_o_mode)3, 0>, ap_fixed<24, 12, (ap_q_mode)5, (ap_o_mode)3, 0>, selu2_config_struct>' (../../nnet_utils/nnet_activation.h:764:13).
INFO: [XFORM 203-502] Unrolling all loops for pipelining in function 'nnet::dense_latency<ap_fixed<24, 12, (ap_q_mode)5, (ap_o_mode)3, 0>, ap_fixed<24, 12, (ap_q_mode)5, (ap_o_mode)3, 0>, output2_config_struct>' (../../nnet_utils/nnet_dense_latency.h:39:50).
INFO: [XFORM 203-502] Unrolling all loops for pipelining in function 'nnet::selu<ap_fixed<24, 12, (ap_q_mode)5, (ap_o_mode)3, 0>, ap_fixed<24, 12, (ap_q_mode)5, (ap_o_mode)3, 0>, relu4_config_struct>' (../../nnet_utils/nnet_activation.h:764:13).
INFO: [XFORM 203-502] Unrolling all loops for pipelining in function 'nnet::dense_latency<ap_fixed<24, 12, (ap_q_mode)5, (ap_o_mode)3, 0>, ap_fixed<24, 12, (ap_q_mode)5, (ap_o_mode)3, 0>, fc5_config_struct>' (../../nnet_utils/nnet_dense_latency.h:39:50).
INFO: [XFORM 203-502] Unrolling all loops for pipelining in function 'nnet::selu<ap_fixed<24, 12, (ap_q_mode)5, (ap_o_mode)3, 0>, ap_fixed<24, 12, (ap_q_mode)5, (ap_o_mode)3, 0>, relu3_config_struct>' (../../nnet_utils/nnet_activation.h:764:13).
INFO: [XFORM 203-502] Unrolling all loops for pipelining in function 'nnet::dense_latency<ap_fixed<24, 12, (ap_q_mode)5, (ap_o_mode)3, 0>, ap_fixed<24, 12, (ap_q_mode)5, (ap_o_mode)3, 0>, fc4_config_struct>' (../../nnet_utils/nnet_dense_latency.h:39:50).
INFO: [XFORM 203-502] Unrolling all sub-loops inside loop 'Loop-1' (../../nnet_utils/nnet_jedi.h:82) in function 'nnet::jedi_concat<ap_fixed<24, 12, (ap_q_mode)5, (ap_o_mode)3, 0>, ap_fixed<24, 12, (ap_q_mode)5, (ap_o_mode)3, 0>, concat_2_struct>' for pipelining.
INFO: [XFORM 203-502] Unrolling all sub-loops inside loop 'Loop-2' (../../nnet_utils/nnet_jedi.h:94) in function 'nnet::jedi_concat<ap_fixed<24, 12, (ap_q_mode)5, (ap_o_mode)3, 0>, ap_fixed<24, 12, (ap_q_mode)5, (ap_o_mode)3, 0>, concat_2_struct>' for pipelining.
INFO: [XFORM 203-502] Unrolling all sub-loops inside loop 'Loop-1.1' (../../nnet_utils/nnet_jedi.h:52) in function 'nnet::jedi_multiply<ap_fixed<24, 12, (ap_q_mode)5, (ap_o_mode)3, 0>, ap_fixed<24, 12, (ap_q_mode)5, (ap_o_mode)3, 0>, mult_3_struct>' for pipelining.
INFO: [XFORM 203-502] Unrolling all sub-loops inside loop 'Loop-1' (../../nnet_utils/nnet_jedi.h:304) in function 'nnet::jedi_dnn1<ap_fixed<24, 12, (ap_q_mode)5, (ap_o_mode)3, 0>, ap_fixed<24, 12, (ap_q_mode)5, (ap_o_mode)3, 0>, dense1_config>' for pipelining.
INFO: [XFORM 203-502] Unrolling all loops for pipelining in function 'nnet::selu<ap_fixed<24, 12, (ap_q_mode)5, (ap_o_mode)3, 0>, ap_fixed<24, 12, (ap_q_mode)5, (ap_o_mode)3, 0>, selu1_config_struct>' (../../nnet_utils/nnet_activation.h:764:13).
INFO: [XFORM 203-502] Unrolling all loops for pipelining in function 'nnet::dense_latency<ap_fixed<24, 12, (ap_q_mode)5, (ap_o_mode)3, 0>, ap_fixed<24, 12, (ap_q_mode)5, (ap_o_mode)3, 0>, output1_config_struct>' (../../nnet_utils/nnet_dense_latency.h:39:50).
INFO: [XFORM 203-502] Unrolling all loops for pipelining in function 'nnet::selu<ap_fixed<24, 12, (ap_q_mode)5, (ap_o_mode)3, 0>, ap_fixed<24, 12, (ap_q_mode)5, (ap_o_mode)3, 0>, relu2_config_struct>' (../../nnet_utils/nnet_activation.h:764:13).
INFO: [XFORM 203-502] Unrolling all loops for pipelining in function 'nnet::dense_latency<ap_fixed<24, 12, (ap_q_mode)5, (ap_o_mode)3, 0>, ap_fixed<24, 12, (ap_q_mode)5, (ap_o_mode)3, 0>, fc2_config_struct>' (../../nnet_utils/nnet_dense_latency.h:39:50).
INFO: [XFORM 203-502] Unrolling all loops for pipelining in function 'nnet::selu<ap_fixed<24, 12, (ap_q_mode)5, (ap_o_mode)3, 0>, ap_fixed<24, 12, (ap_q_mode)5, (ap_o_mode)3, 0>, relu1_config_struct>' (../../nnet_utils/nnet_activation.h:764:13).
INFO: [XFORM 203-502] Unrolling all loops for pipelining in function 'nnet::dense_latency<ap_fixed<24, 12, (ap_q_mode)5, (ap_o_mode)3, 0>, ap_fixed<24, 12, (ap_q_mode)5, (ap_o_mode)3, 0>, fc1_config_struct>' (../../nnet_utils/nnet_dense_latency.h:39:50).
INFO: [XFORM 203-502] Unrolling all sub-loops inside loop 'Loop-1' (../../nnet_utils/nnet_jedi.h:82) in function 'nnet::jedi_concat<ap_fixed<24, 12, (ap_q_mode)5, (ap_o_mode)3, 0>, ap_fixed<24, 12, (ap_q_mode)5, (ap_o_mode)3, 0>, concat_1_struct>' for pipelining.
INFO: [XFORM 203-502] Unrolling all sub-loops inside loop 'Loop-2' (../../nnet_utils/nnet_jedi.h:94) in function 'nnet::jedi_concat<ap_fixed<24, 12, (ap_q_mode)5, (ap_o_mode)3, 0>, ap_fixed<24, 12, (ap_q_mode)5, (ap_o_mode)3, 0>, concat_1_struct>' for pipelining.
INFO: [XFORM 203-502] Unrolling all sub-loops inside loop 'Loop-1.1' (../../nnet_utils/nnet_jedi.h:52) in function 'nnet::jedi_multiply<ap_fixed<24, 12, (ap_q_mode)5, (ap_o_mode)3, 0>, ap_fixed<24, 12, (ap_q_mode)5, (ap_o_mode)3, 0>, mult_2_struct>' for pipelining.
INFO: [XFORM 203-502] Unrolling all sub-loops inside loop 'Loop-1.1' (../../nnet_utils/nnet_jedi.h:52) in function 'nnet::jedi_multiply<ap_fixed<24, 12, (ap_q_mode)5, (ap_o_mode)3, 0>, ap_fixed<24, 12, (ap_q_mode)5, (ap_o_mode)3, 0>, mult_1_struct>' for pipelining.
INFO: [HLS 200-489] Unrolling loop 'Loop-1' (../../nnet_utils/nnet_jedi.h:419) in function 'nnet::jedi_dnn3<ap_fixed<24, 12, (ap_q_mode)5, (ap_o_mode)3, 0>, ap_fixed<24, 12, (ap_q_mode)5, (ap_o_mode)3, 0>, dense3_config>' completely with a factor of 14.
INFO: [HLS 200-489] Unrolling loop 'Loop-2.1' (../../nnet_utils/nnet_jedi.h:428) in function 'nnet::jedi_dnn3<ap_fixed<24, 12, (ap_q_mode)5, (ap_o_mode)3, 0>, ap_fixed<24, 12, (ap_q_mode)5, (ap_o_mode)3, 0>, dense3_config>' completely with a factor of 5.
INFO: [HLS 200-489] Unrolling loop 'Loop-1' (../../nnet_utils/nnet_activation.h:771) in function 'nnet::selu<ap_fixed<24, 12, (ap_q_mode)5, (ap_o_mode)3, 0>, ap_fixed<24, 12, (ap_q_mode)5, (ap_o_mode)3, 0>, selu3_config_struct>' completely with a factor of 5.
INFO: [HLS 200-489] Unrolling loop 'Product1' (../../nnet_utils/nnet_dense_latency.h:85) in function 'nnet::dense_latency<ap_fixed<24, 12, (ap_q_mode)5, (ap_o_mode)3, 0>, ap_fixed<24, 12, (ap_q_mode)5, (ap_o_mode)3, 0>, output3_config_struct>' completely with a factor of 25.
INFO: [HLS 200-489] Unrolling loop 'Product2' (../../nnet_utils/nnet_dense_latency.h:90) in function 'nnet::dense_latency<ap_fixed<24, 12, (ap_q_mode)5, (ap_o_mode)3, 0>, ap_fixed<24, 12, (ap_q_mode)5, (ap_o_mode)3, 0>, output3_config_struct>' completely with a factor of 5.
INFO: [HLS 200-489] Unrolling loop 'ResetAccum' (../../nnet_utils/nnet_dense_latency.h:102) in function 'nnet::dense_latency<ap_fixed<24, 12, (ap_q_mode)5, (ap_o_mode)3, 0>, ap_fixed<24, 12, (ap_q_mode)5, (ap_o_mode)3, 0>, output3_config_struct>' completely with a factor of 5.
INFO: [HLS 200-489] Unrolling loop 'Accum1' (../../nnet_utils/nnet_dense_latency.h:110) in function 'nnet::dense_latency<ap_fixed<24, 12, (ap_q_mode)5, (ap_o_mode)3, 0>, ap_fixed<24, 12, (ap_q_mode)5, (ap_o_mode)3, 0>, output3_config_struct>' completely with a factor of 25.
INFO: [HLS 200-489] Unrolling loop 'Accum2' (../../nnet_utils/nnet_dense_latency.h:114) in function 'nnet::dense_latency<ap_fixed<24, 12, (ap_q_mode)5, (ap_o_mode)3, 0>, ap_fixed<24, 12, (ap_q_mode)5, (ap_o_mode)3, 0>, output3_config_struct>' completely with a factor of 5.
INFO: [HLS 200-489] Unrolling loop 'Result' (../../nnet_utils/nnet_dense_latency.h:121) in function 'nnet::dense_latency<ap_fixed<24, 12, (ap_q_mode)5, (ap_o_mode)3, 0>, ap_fixed<24, 12, (ap_q_mode)5, (ap_o_mode)3, 0>, output3_config_struct>' completely with a factor of 5.
INFO: [HLS 200-489] Unrolling loop 'Loop-1' (../../nnet_utils/nnet_activation.h:771) in function 'nnet::selu<ap_fixed<24, 12, (ap_q_mode)5, (ap_o_mode)3, 0>, ap_fixed<24, 12, (ap_q_mode)5, (ap_o_mode)3, 0>, relu6_config_struct>' completely with a factor of 25.
INFO: [HLS 200-489] Unrolling loop 'Product1' (../../nnet_utils/nnet_dense_latency.h:85) in function 'nnet::dense_latency<ap_fixed<24, 12, (ap_q_mode)5, (ap_o_mode)3, 0>, ap_fixed<24, 12, (ap_q_mode)5, (ap_o_mode)3, 0>, fc8_config_struct>' completely with a factor of 50.
INFO: [HLS 200-489] Unrolling loop 'Product2' (../../nnet_utils/nnet_dense_latency.h:90) in function 'nnet::dense_latency<ap_fixed<24, 12, (ap_q_mode)5, (ap_o_mode)3, 0>, ap_fixed<24, 12, (ap_q_mode)5, (ap_o_mode)3, 0>, fc8_config_struct>' completely with a factor of 25.
INFO: [HLS 200-489] Unrolling loop 'ResetAccum' (../../nnet_utils/nnet_dense_latency.h:102) in function 'nnet::dense_latency<ap_fixed<24, 12, (ap_q_mode)5, (ap_o_mode)3, 0>, ap_fixed<24, 12, (ap_q_mode)5, (ap_o_mode)3, 0>, fc8_config_struct>' completely with a factor of 25.
INFO: [HLS 200-489] Unrolling loop 'Accum1' (../../nnet_utils/nnet_dense_latency.h:110) in function 'nnet::dense_latency<ap_fixed<24, 12, (ap_q_mode)5, (ap_o_mode)3, 0>, ap_fixed<24, 12, (ap_q_mode)5, (ap_o_mode)3, 0>, fc8_config_struct>' completely with a factor of 50.
INFO: [HLS 200-489] Unrolling loop 'Accum2' (../../nnet_utils/nnet_dense_latency.h:114) in function 'nnet::dense_latency<ap_fixed<24, 12, (ap_q_mode)5, (ap_o_mode)3, 0>, ap_fixed<24, 12, (ap_q_mode)5, (ap_o_mode)3, 0>, fc8_config_struct>' completely with a factor of 25.
INFO: [HLS 200-489] Unrolling loop 'Result' (../../nnet_utils/nnet_dense_latency.h:121) in function 'nnet::dense_latency<ap_fixed<24, 12, (ap_q_mode)5, (ap_o_mode)3, 0>, ap_fixed<24, 12, (ap_q_mode)5, (ap_o_mode)3, 0>, fc8_config_struct>' completely with a factor of 25.
INFO: [HLS 200-489] Unrolling loop 'Loop-1' (../../nnet_utils/nnet_activation.h:771) in function 'nnet::selu<ap_fixed<24, 12, (ap_q_mode)5, (ap_o_mode)3, 0>, ap_fixed<24, 12, (ap_q_mode)5, (ap_o_mode)3, 0>, relu5_config_struct>' completely with a factor of 50.
INFO: [HLS 200-489] Unrolling loop 'Product1' (../../nnet_utils/nnet_dense_latency.h:85) in function 'nnet::dense_latency<ap_fixed<24, 12, (ap_q_mode)5, (ap_o_mode)3, 0>, ap_fixed<24, 12, (ap_q_mode)5, (ap_o_mode)3, 0>, fc7_config_struct>' completely with a factor of 14.
INFO: [HLS 200-489] Unrolling loop 'Product2' (../../nnet_utils/nnet_dense_latency.h:90) in function 'nnet::dense_latency<ap_fixed<24, 12, (ap_q_mode)5, (ap_o_mode)3, 0>, ap_fixed<24, 12, (ap_q_mode)5, (ap_o_mode)3, 0>, fc7_config_struct>' completely with a factor of 50.
INFO: [HLS 200-489] Unrolling loop 'ResetAccum' (../../nnet_utils/nnet_dense_latency.h:102) in function 'nnet::dense_latency<ap_fixed<24, 12, (ap_q_mode)5, (ap_o_mode)3, 0>, ap_fixed<24, 12, (ap_q_mode)5, (ap_o_mode)3, 0>, fc7_config_struct>' completely with a factor of 50.
INFO: [HLS 200-489] Unrolling loop 'Accum1' (../../nnet_utils/nnet_dense_latency.h:110) in function 'nnet::dense_latency<ap_fixed<24, 12, (ap_q_mode)5, (ap_o_mode)3, 0>, ap_fixed<24, 12, (ap_q_mode)5, (ap_o_mode)3, 0>, fc7_config_struct>' completely with a factor of 14.
INFO: [HLS 200-489] Unrolling loop 'Accum2' (../../nnet_utils/nnet_dense_latency.h:114) in function 'nnet::dense_latency<ap_fixed<24, 12, (ap_q_mode)5, (ap_o_mode)3, 0>, ap_fixed<24, 12, (ap_q_mode)5, (ap_o_mode)3, 0>, fc7_config_struct>' completely with a factor of 50.
INFO: [HLS 200-489] Unrolling loop 'Result' (../../nnet_utils/nnet_dense_latency.h:121) in function 'nnet::dense_latency<ap_fixed<24, 12, (ap_q_mode)5, (ap_o_mode)3, 0>, ap_fixed<24, 12, (ap_q_mode)5, (ap_o_mode)3, 0>, fc7_config_struct>' completely with a factor of 50.
INFO: [HLS 200-489] Unrolling loop 'Loop-1.1' (../../nnet_utils/nnet_jedi.h:383) in function 'nnet::jedi_dnn2<ap_fixed<24, 12, (ap_q_mode)5, (ap_o_mode)3, 0>, ap_fixed<24, 12, (ap_q_mode)5, (ap_o_mode)3, 0>, dense2_config>' completely with a factor of 28.
INFO: [HLS 200-489] Unrolling loop 'Loop-1.2' (../../nnet_utils/nnet_jedi.h:393) in function 'nnet::jedi_dnn2<ap_fixed<24, 12, (ap_q_mode)5, (ap_o_mode)3, 0>, ap_fixed<24, 12, (ap_q_mode)5, (ap_o_mode)3, 0>, dense2_config>' completely with a factor of 14.
INFO: [HLS 200-489] Unrolling loop 'Loop-1' (../../nnet_utils/nnet_activation.h:771) in function 'nnet::selu<ap_fixed<24, 12, (ap_q_mode)5, (ap_o_mode)3, 0>, ap_fixed<24, 12, (ap_q_mode)5, (ap_o_mode)3, 0>, selu2_config_struct>' completely with a factor of 14.
INFO: [HLS 200-489] Unrolling loop 'Product1' (../../nnet_utils/nnet_dense_latency.h:85) in function 'nnet::dense_latency<ap_fixed<24, 12, (ap_q_mode)5, (ap_o_mode)3, 0>, ap_fixed<24, 12, (ap_q_mode)5, (ap_o_mode)3, 0>, output2_config_struct>' completely with a factor of 25.
INFO: [HLS 200-489] Unrolling loop 'Product2' (../../nnet_utils/nnet_dense_latency.h:90) in function 'nnet::dense_latency<ap_fixed<24, 12, (ap_q_mode)5, (ap_o_mode)3, 0>, ap_fixed<24, 12, (ap_q_mode)5, (ap_o_mode)3, 0>, output2_config_struct>' completely with a factor of 14.
INFO: [HLS 200-489] Unrolling loop 'ResetAccum' (../../nnet_utils/nnet_dense_latency.h:102) in function 'nnet::dense_latency<ap_fixed<24, 12, (ap_q_mode)5, (ap_o_mode)3, 0>, ap_fixed<24, 12, (ap_q_mode)5, (ap_o_mode)3, 0>, output2_config_struct>' completely with a factor of 14.
INFO: [HLS 200-489] Unrolling loop 'Accum1' (../../nnet_utils/nnet_dense_latency.h:110) in function 'nnet::dense_latency<ap_fixed<24, 12, (ap_q_mode)5, (ap_o_mode)3, 0>, ap_fixed<24, 12, (ap_q_mode)5, (ap_o_mode)3, 0>, output2_config_struct>' completely with a factor of 25.
INFO: [HLS 200-489] Unrolling loop 'Accum2' (../../nnet_utils/nnet_dense_latency.h:114) in function 'nnet::dense_latency<ap_fixed<24, 12, (ap_q_mode)5, (ap_o_mode)3, 0>, ap_fixed<24, 12, (ap_q_mode)5, (ap_o_mode)3, 0>, output2_config_struct>' completely with a factor of 14.
INFO: [HLS 200-489] Unrolling loop 'Result' (../../nnet_utils/nnet_dense_latency.h:121) in function 'nnet::dense_latency<ap_fixed<24, 12, (ap_q_mode)5, (ap_o_mode)3, 0>, ap_fixed<24, 12, (ap_q_mode)5, (ap_o_mode)3, 0>, output2_config_struct>' completely with a factor of 14.
INFO: [HLS 200-489] Unrolling loop 'Loop-1' (../../nnet_utils/nnet_activation.h:771) in function 'nnet::selu<ap_fixed<24, 12, (ap_q_mode)5, (ap_o_mode)3, 0>, ap_fixed<24, 12, (ap_q_mode)5, (ap_o_mode)3, 0>, relu4_config_struct>' completely with a factor of 25.
INFO: [HLS 200-489] Unrolling loop 'Product1' (../../nnet_utils/nnet_dense_latency.h:85) in function 'nnet::dense_latency<ap_fixed<24, 12, (ap_q_mode)5, (ap_o_mode)3, 0>, ap_fixed<24, 12, (ap_q_mode)5, (ap_o_mode)3, 0>, fc5_config_struct>' completely with a factor of 50.
INFO: [HLS 200-489] Unrolling loop 'Product2' (../../nnet_utils/nnet_dense_latency.h:90) in function 'nnet::dense_latency<ap_fixed<24, 12, (ap_q_mode)5, (ap_o_mode)3, 0>, ap_fixed<24, 12, (ap_q_mode)5, (ap_o_mode)3, 0>, fc5_config_struct>' completely with a factor of 25.
INFO: [HLS 200-489] Unrolling loop 'ResetAccum' (../../nnet_utils/nnet_dense_latency.h:102) in function 'nnet::dense_latency<ap_fixed<24, 12, (ap_q_mode)5, (ap_o_mode)3, 0>, ap_fixed<24, 12, (ap_q_mode)5, (ap_o_mode)3, 0>, fc5_config_struct>' completely with a factor of 25.
INFO: [HLS 200-489] Unrolling loop 'Accum1' (../../nnet_utils/nnet_dense_latency.h:110) in function 'nnet::dense_latency<ap_fixed<24, 12, (ap_q_mode)5, (ap_o_mode)3, 0>, ap_fixed<24, 12, (ap_q_mode)5, (ap_o_mode)3, 0>, fc5_config_struct>' completely with a factor of 50.
INFO: [HLS 200-489] Unrolling loop 'Accum2' (../../nnet_utils/nnet_dense_latency.h:114) in function 'nnet::dense_latency<ap_fixed<24, 12, (ap_q_mode)5, (ap_o_mode)3, 0>, ap_fixed<24, 12, (ap_q_mode)5, (ap_o_mode)3, 0>, fc5_config_struct>' completely with a factor of 25.
INFO: [HLS 200-489] Unrolling loop 'Result' (../../nnet_utils/nnet_dense_latency.h:121) in function 'nnet::dense_latency<ap_fixed<24, 12, (ap_q_mode)5, (ap_o_mode)3, 0>, ap_fixed<24, 12, (ap_q_mode)5, (ap_o_mode)3, 0>, fc5_config_struct>' completely with a factor of 25.
INFO: [HLS 200-489] Unrolling loop 'Loop-1' (../../nnet_utils/nnet_activation.h:771) in function 'nnet::selu<ap_fixed<24, 12, (ap_q_mode)5, (ap_o_mode)3, 0>, ap_fixed<24, 12, (ap_q_mode)5, (ap_o_mode)3, 0>, relu3_config_struct>' completely with a factor of 50.
INFO: [HLS 200-489] Unrolling loop 'Product1' (../../nnet_utils/nnet_dense_latency.h:85) in function 'nnet::dense_latency<ap_fixed<24, 12, (ap_q_mode)5, (ap_o_mode)3, 0>, ap_fixed<24, 12, (ap_q_mode)5, (ap_o_mode)3, 0>, fc4_config_struct>' completely with a factor of 28.
INFO: [HLS 200-489] Unrolling loop 'Product2' (../../nnet_utils/nnet_dense_latency.h:90) in function 'nnet::dense_latency<ap_fixed<24, 12, (ap_q_mode)5, (ap_o_mode)3, 0>, ap_fixed<24, 12, (ap_q_mode)5, (ap_o_mode)3, 0>, fc4_config_struct>' completely with a factor of 50.
INFO: [HLS 200-489] Unrolling loop 'ResetAccum' (../../nnet_utils/nnet_dense_latency.h:102) in function 'nnet::dense_latency<ap_fixed<24, 12, (ap_q_mode)5, (ap_o_mode)3, 0>, ap_fixed<24, 12, (ap_q_mode)5, (ap_o_mode)3, 0>, fc4_config_struct>' completely with a factor of 50.
INFO: [HLS 200-489] Unrolling loop 'Accum1' (../../nnet_utils/nnet_dense_latency.h:110) in function 'nnet::dense_latency<ap_fixed<24, 12, (ap_q_mode)5, (ap_o_mode)3, 0>, ap_fixed<24, 12, (ap_q_mode)5, (ap_o_mode)3, 0>, fc4_config_struct>' completely with a factor of 28.
INFO: [HLS 200-489] Unrolling loop 'Accum2' (../../nnet_utils/nnet_dense_latency.h:114) in function 'nnet::dense_latency<ap_fixed<24, 12, (ap_q_mode)5, (ap_o_mode)3, 0>, ap_fixed<24, 12, (ap_q_mode)5, (ap_o_mode)3, 0>, fc4_config_struct>' completely with a factor of 50.
INFO: [HLS 200-489] Unrolling loop 'Result' (../../nnet_utils/nnet_dense_latency.h:121) in function 'nnet::dense_latency<ap_fixed<24, 12, (ap_q_mode)5, (ap_o_mode)3, 0>, ap_fixed<24, 12, (ap_q_mode)5, (ap_o_mode)3, 0>, fc4_config_struct>' completely with a factor of 50.
INFO: [HLS 200-489] Unrolling loop 'Loop-1.1' (../../nnet_utils/nnet_jedi.h:85) in function 'nnet::jedi_concat<ap_fixed<24, 12, (ap_q_mode)5, (ap_o_mode)3, 0>, ap_fixed<24, 12, (ap_q_mode)5, (ap_o_mode)3, 0>, concat_2_struct>' completely with a factor of 5.
INFO: [HLS 200-489] Unrolling loop 'Loop-2.1' (../../nnet_utils/nnet_jedi.h:96) in function 'nnet::jedi_concat<ap_fixed<24, 12, (ap_q_mode)5, (ap_o_mode)3, 0>, ap_fixed<24, 12, (ap_q_mode)5, (ap_o_mode)3, 0>, concat_2_struct>' completely with a factor of 5.
INFO: [HLS 200-489] Unrolling loop 'Loop-1.1.1' (../../nnet_utils/nnet_jedi.h:58) in function 'nnet::jedi_multiply<ap_fixed<24, 12, (ap_q_mode)5, (ap_o_mode)3, 0>, ap_fixed<24, 12, (ap_q_mode)5, (ap_o_mode)3, 0>, mult_3_struct>' completely with a factor of 20.
INFO: [HLS 200-489] Unrolling loop 'Loop-1.1' (../../nnet_utils/nnet_jedi.h:307) in function 'nnet::jedi_dnn1<ap_fixed<24, 12, (ap_q_mode)5, (ap_o_mode)3, 0>, ap_fixed<24, 12, (ap_q_mode)5, (ap_o_mode)3, 0>, dense1_config>' completely with a factor of 32.
INFO: [HLS 200-489] Unrolling loop 'Loop-1.2' (../../nnet_utils/nnet_jedi.h:334) in function 'nnet::jedi_dnn1<ap_fixed<24, 12, (ap_q_mode)5, (ap_o_mode)3, 0>, ap_fixed<24, 12, (ap_q_mode)5, (ap_o_mode)3, 0>, dense1_config>' completely with a factor of 12.
INFO: [HLS 200-489] Unrolling loop 'Loop-1' (../../nnet_utils/nnet_activation.h:771) in function 'nnet::selu<ap_fixed<24, 12, (ap_q_mode)5, (ap_o_mode)3, 0>, ap_fixed<24, 12, (ap_q_mode)5, (ap_o_mode)3, 0>, selu1_config_struct>' completely with a factor of 12.
INFO: [HLS 200-489] Unrolling loop 'Product1' (../../nnet_utils/nnet_dense_latency.h:85) in function 'nnet::dense_latency<ap_fixed<24, 12, (ap_q_mode)5, (ap_o_mode)3, 0>, ap_fixed<24, 12, (ap_q_mode)5, (ap_o_mode)3, 0>, output1_config_struct>' completely with a factor of 25.
INFO: [HLS 200-489] Unrolling loop 'Product2' (../../nnet_utils/nnet_dense_latency.h:90) in function 'nnet::dense_latency<ap_fixed<24, 12, (ap_q_mode)5, (ap_o_mode)3, 0>, ap_fixed<24, 12, (ap_q_mode)5, (ap_o_mode)3, 0>, output1_config_struct>' completely with a factor of 12.
INFO: [HLS 200-489] Unrolling loop 'ResetAccum' (../../nnet_utils/nnet_dense_latency.h:102) in function 'nnet::dense_latency<ap_fixed<24, 12, (ap_q_mode)5, (ap_o_mode)3, 0>, ap_fixed<24, 12, (ap_q_mode)5, (ap_o_mode)3, 0>, output1_config_struct>' completely with a factor of 12.
INFO: [HLS 200-489] Unrolling loop 'Accum1' (../../nnet_utils/nnet_dense_latency.h:110) in function 'nnet::dense_latency<ap_fixed<24, 12, (ap_q_mode)5, (ap_o_mode)3, 0>, ap_fixed<24, 12, (ap_q_mode)5, (ap_o_mode)3, 0>, output1_config_struct>' completely with a factor of 25.
INFO: [HLS 200-489] Unrolling loop 'Accum2' (../../nnet_utils/nnet_dense_latency.h:114) in function 'nnet::dense_latency<ap_fixed<24, 12, (ap_q_mode)5, (ap_o_mode)3, 0>, ap_fixed<24, 12, (ap_q_mode)5, (ap_o_mode)3, 0>, output1_config_struct>' completely with a factor of 12.
INFO: [HLS 200-489] Unrolling loop 'Result' (../../nnet_utils/nnet_dense_latency.h:121) in function 'nnet::dense_latency<ap_fixed<24, 12, (ap_q_mode)5, (ap_o_mode)3, 0>, ap_fixed<24, 12, (ap_q_mode)5, (ap_o_mode)3, 0>, output1_config_struct>' completely with a factor of 12.
INFO: [HLS 200-489] Unrolling loop 'Loop-1' (../../nnet_utils/nnet_activation.h:771) in function 'nnet::selu<ap_fixed<24, 12, (ap_q_mode)5, (ap_o_mode)3, 0>, ap_fixed<24, 12, (ap_q_mode)5, (ap_o_mode)3, 0>, relu2_config_struct>' completely with a factor of 25.
INFO: [HLS 200-489] Unrolling loop 'Product1' (../../nnet_utils/nnet_dense_latency.h:85) in function 'nnet::dense_latency<ap_fixed<24, 12, (ap_q_mode)5, (ap_o_mode)3, 0>, ap_fixed<24, 12, (ap_q_mode)5, (ap_o_mode)3, 0>, fc2_config_struct>' completely with a factor of 50.
INFO: [HLS 200-489] Unrolling loop 'Product2' (../../nnet_utils/nnet_dense_latency.h:90) in function 'nnet::dense_latency<ap_fixed<24, 12, (ap_q_mode)5, (ap_o_mode)3, 0>, ap_fixed<24, 12, (ap_q_mode)5, (ap_o_mode)3, 0>, fc2_config_struct>' completely with a factor of 25.
INFO: [HLS 200-489] Unrolling loop 'ResetAccum' (../../nnet_utils/nnet_dense_latency.h:102) in function 'nnet::dense_latency<ap_fixed<24, 12, (ap_q_mode)5, (ap_o_mode)3, 0>, ap_fixed<24, 12, (ap_q_mode)5, (ap_o_mode)3, 0>, fc2_config_struct>' completely with a factor of 25.
INFO: [HLS 200-489] Unrolling loop 'Accum1' (../../nnet_utils/nnet_dense_latency.h:110) in function 'nnet::dense_latency<ap_fixed<24, 12, (ap_q_mode)5, (ap_o_mode)3, 0>, ap_fixed<24, 12, (ap_q_mode)5, (ap_o_mode)3, 0>, fc2_config_struct>' completely with a factor of 50.
INFO: [HLS 200-489] Unrolling loop 'Accum2' (../../nnet_utils/nnet_dense_latency.h:114) in function 'nnet::dense_latency<ap_fixed<24, 12, (ap_q_mode)5, (ap_o_mode)3, 0>, ap_fixed<24, 12, (ap_q_mode)5, (ap_o_mode)3, 0>, fc2_config_struct>' completely with a factor of 25.
INFO: [HLS 200-489] Unrolling loop 'Result' (../../nnet_utils/nnet_dense_latency.h:121) in function 'nnet::dense_latency<ap_fixed<24, 12, (ap_q_mode)5, (ap_o_mode)3, 0>, ap_fixed<24, 12, (ap_q_mode)5, (ap_o_mode)3, 0>, fc2_config_struct>' completely with a factor of 25.
INFO: [HLS 200-489] Unrolling loop 'Loop-1' (../../nnet_utils/nnet_activation.h:771) in function 'nnet::selu<ap_fixed<24, 12, (ap_q_mode)5, (ap_o_mode)3, 0>, ap_fixed<24, 12, (ap_q_mode)5, (ap_o_mode)3, 0>, relu1_config_struct>' completely with a factor of 50.
INFO: [HLS 200-489] Unrolling loop 'Product1' (../../nnet_utils/nnet_dense_latency.h:85) in function 'nnet::dense_latency<ap_fixed<24, 12, (ap_q_mode)5, (ap_o_mode)3, 0>, ap_fixed<24, 12, (ap_q_mode)5, (ap_o_mode)3, 0>, fc1_config_struct>' completely with a factor of 32.
INFO: [HLS 200-489] Unrolling loop 'Product2' (../../nnet_utils/nnet_dense_latency.h:90) in function 'nnet::dense_latency<ap_fixed<24, 12, (ap_q_mode)5, (ap_o_mode)3, 0>, ap_fixed<24, 12, (ap_q_mode)5, (ap_o_mode)3, 0>, fc1_config_struct>' completely with a factor of 50.
INFO: [HLS 200-489] Unrolling loop 'ResetAccum' (../../nnet_utils/nnet_dense_latency.h:102) in function 'nnet::dense_latency<ap_fixed<24, 12, (ap_q_mode)5, (ap_o_mode)3, 0>, ap_fixed<24, 12, (ap_q_mode)5, (ap_o_mode)3, 0>, fc1_config_struct>' completely with a factor of 50.
INFO: [HLS 200-489] Unrolling loop 'Accum1' (../../nnet_utils/nnet_dense_latency.h:110) in function 'nnet::dense_latency<ap_fixed<24, 12, (ap_q_mode)5, (ap_o_mode)3, 0>, ap_fixed<24, 12, (ap_q_mode)5, (ap_o_mode)3, 0>, fc1_config_struct>' completely with a factor of 32.
INFO: [HLS 200-489] Unrolling loop 'Accum2' (../../nnet_utils/nnet_dense_latency.h:114) in function 'nnet::dense_latency<ap_fixed<24, 12, (ap_q_mode)5, (ap_o_mode)3, 0>, ap_fixed<24, 12, (ap_q_mode)5, (ap_o_mode)3, 0>, fc1_config_struct>' completely with a factor of 50.
INFO: [HLS 200-489] Unrolling loop 'Result' (../../nnet_utils/nnet_dense_latency.h:121) in function 'nnet::dense_latency<ap_fixed<24, 12, (ap_q_mode)5, (ap_o_mode)3, 0>, ap_fixed<24, 12, (ap_q_mode)5, (ap_o_mode)3, 0>, fc1_config_struct>' completely with a factor of 50.
INFO: [HLS 200-489] Unrolling loop 'Loop-1.1' (../../nnet_utils/nnet_jedi.h:85) in function 'nnet::jedi_concat<ap_fixed<24, 12, (ap_q_mode)5, (ap_o_mode)3, 0>, ap_fixed<24, 12, (ap_q_mode)5, (ap_o_mode)3, 0>, concat_1_struct>' completely with a factor of 20.
INFO: [HLS 200-489] Unrolling loop 'Loop-2.1' (../../nnet_utils/nnet_jedi.h:96) in function 'nnet::jedi_concat<ap_fixed<24, 12, (ap_q_mode)5, (ap_o_mode)3, 0>, ap_fixed<24, 12, (ap_q_mode)5, (ap_o_mode)3, 0>, concat_1_struct>' completely with a factor of 20.
INFO: [HLS 200-489] Unrolling loop 'Loop-1.1.1' (../../nnet_utils/nnet_jedi.h:58) in function 'nnet::jedi_multiply<ap_fixed<24, 12, (ap_q_mode)5, (ap_o_mode)3, 0>, ap_fixed<24, 12, (ap_q_mode)5, (ap_o_mode)3, 0>, mult_2_struct>' completely with a factor of 5.
INFO: [HLS 200-489] Unrolling loop 'Loop-1.1.1' (../../nnet_utils/nnet_jedi.h:58) in function 'nnet::jedi_multiply<ap_fixed<24, 12, (ap_q_mode)5, (ap_o_mode)3, 0>, ap_fixed<24, 12, (ap_q_mode)5, (ap_o_mode)3, 0>, mult_1_struct>' completely with a factor of 5.
