1.4236983060836792 1.2232238054275513
1.131914734840393 1.0538244247436523
0.9982962608337402 0.9569098353385925
0.9310821890830994 0.9138637781143188
1.16318678855896 1.1040163040161133
1.0626928806304932 1.0298758745193481
1.0040754079818726 0.9844939708709717
0.9643663763999939 0.9529358148574829
0.936362087726593 0.9281655550003052
0.9163220524787903 0.9103549718856812
0.899972677230835 0.8963040113449097
0.8880921602249146 0.8860030770301819
0.8774864673614502 0.875286340713501
0.8683594465255737 0.8675453662872314
0.861158013343811 0.8604384660720825
0.8540169596672058 0.8546553254127502
0.8476826548576355 0.847680926322937
0.8419724702835083 0.8439414501190186
0.8373616933822632 0.8385460376739502
0.83317631483078 0.8346251845359802
0.8294563293457031 0.8325701355934143
0.8262355923652649 0.8290305733680725
0.8235294818878174 0.8269555568695068
0.8209434151649475 0.8249959349632263
0.81797856092453 0.8205602169036865
0.816005527973175 0.8187524676322937
0.8133528828620911 0.81595379114151
0.8111398816108704 0.815138578414917
0.8090667128562927 0.8128494024276733
0.8072218298912048 0.8104376792907715
