1.0637660026550293 0.9104951024055481
0.9127546548843384 0.8693058490753174
0.8868319988250732 0.8540635704994202
0.8705108165740967 0.8439754247665405
0.8614925146102905 0.844691276550293
0.85467928647995 0.8337885737419128
0.8498327136039734 0.8316188454627991
0.8441938757896423 0.8236056566238403
0.8374817967414856 0.8142011761665344
0.8289176821708679 0.8078451752662659
0.8198490142822266 0.7903741598129272
0.8103218674659729 0.7814358472824097
0.8038782477378845 0.7766451835632324
0.7970382571220398 0.7737230062484741
0.7914444804191589 0.7715239524841309
0.7842074036598206 0.764019250869751
0.7730501890182495 0.7427607774734497
0.7585917711257935 0.7359801530838013
0.7452355027198792 0.7149250507354736
0.7390747666358948 0.7121241092681885
0.7325413823127747 0.7074759006500244
0.7268868088722229 0.7030966877937317
0.7238834500312805 0.7051966190338135
0.7216699719429016 0.695788562297821
0.7186799049377441 0.6984625458717346
0.7166267037391663 0.6989005208015442
0.7139745950698853 0.6936771869659424
0.7119718790054321 0.6927648186683655
0.7090713977813721 0.6888933777809143
0.7082810997962952 0.6910761594772339
