1.3586335182189941 1.106186866760254
1.1687568426132202 1.0203452110290527
1.098726749420166 0.9564638733863831
1.047062635421753 0.9139208793640137
1.0101728439331055 0.8896732926368713
0.985324501991272 0.8776053786277771
0.9654132127761841 0.8677554726600647
0.9520872831344604 0.8604971766471863
0.9407220482826233 0.853229284286499
0.9325155019760132 0.8484461903572083
0.9248287677764893 0.8419812917709351
0.918037474155426 0.838520348072052
0.9114763140678406 0.8336139917373657
0.906506359577179 0.8309646844863892
0.9016270041465759 0.8232792019844055
0.897181510925293 0.8246874809265137
0.8931129574775696 0.8201957941055298
0.8888307213783264 0.8138657808303833
0.8849259614944458 0.8110434412956238
0.8813515305519104 0.8102983236312866
0.877700924873352 0.802728533744812
0.8736875653266907 0.7986586093902588
0.8696754574775696 0.7952280640602112
0.8664972186088562 0.7923765778541565
0.8627763986587524 0.7884723544120789
0.8600404858589172 0.7866088151931763
0.8552341461181641 0.7808752059936523
0.8530968427658081 0.7804346084594727
0.849783718585968 0.7774165868759155
0.8478569984436035 0.7755451798439026
