

================================================================
== Vivado HLS Report for 'dense_latency_0_0_0_0_0_0_0_0_0_0_0_1'
================================================================
* Date:           Sun Jul 18 16:09:03 2021

* Version:        2019.2 (Build 2704478 on Wed Nov 06 22:10:23 MST 2019)
* Project:        myproject_prj
* Solution:       solution1
* Product family: virtexuplus
* Target device:  xcu250-figd2104-2L-e


================================================================
== Performance Estimates
================================================================
+ Timing: 
    * Summary: 
    +--------+---------+----------+------------+
    |  Clock |  Target | Estimated| Uncertainty|
    +--------+---------+----------+------------+
    |ap_clk  | 5.00 ns | 4.084 ns |   0.62 ns  |
    +--------+---------+----------+------------+

+ Latency: 
    * Summary: 
    +---------+---------+----------+----------+-----+-----+----------+
    |  Latency (cycles) |  Latency (absolute) |  Interval | Pipeline |
    |   min   |   max   |    min   |    max   | min | max |   Type   |
    +---------+---------+----------+----------+-----+-----+----------+
    |       62|       62| 0.310 us | 0.310 us |    1|    1| function |
    +---------+---------+----------+----------+-----+-----+----------+

    + Detail: 
        * Instance: 
        N/A

        * Loop: 
        N/A



================================================================
== Utilization Estimates
================================================================
* Summary: 
+---------------------+---------+-------+---------+---------+------+
|         Name        | BRAM_18K| DSP48E|    FF   |   LUT   | URAM |
+---------------------+---------+-------+---------+---------+------+
|DSP                  |        -|      -|        -|        -|     -|
|Expression           |        -|      -|        -|        -|     -|
|FIFO                 |        -|      -|        -|        -|     -|
|Instance             |        -|    750|    53850|    45300|     -|
|Memory               |        -|      -|        -|        -|     -|
|Multiplexer          |        -|      -|        -|        -|     -|
|Register             |        0|      -|    11104|      648|     -|
+---------------------+---------+-------+---------+---------+------+
|Total                |        0|    750|    64954|    45948|     0|
+---------------------+---------+-------+---------+---------+------+
|Available SLR        |     1344|   3072|   864000|   432000|   320|
+---------------------+---------+-------+---------+---------+------+
|Utilization SLR (%)  |        0|     24|        7|       10|     0|
+---------------------+---------+-------+---------+---------+------+
|Available            |     5376|  12288|  3456000|  1728000|  1280|
+---------------------+---------+-------+---------+---------+------+
|Utilization (%)      |        0|      6|        1|        2|     0|
+---------------------+---------+-------+---------+---------+------+

+ Detail: 
    * Instance: 
    +-------------------------------------------+-------------------------------------+---------+-------+-----+-----+-----+
    |                  Instance                 |                Module               | BRAM_18K| DSP48E|  FF | LUT | URAM|
    +-------------------------------------------+-------------------------------------+---------+-------+-----+-----+-----+
    |jedi_fadd_32ns_32ns_32_4_full_dsp_1_U1253  |jedi_fadd_32ns_32ns_32_4_full_dsp_1  |        0|      2|  231|  225|    0|
    |jedi_fadd_32ns_32ns_32_4_full_dsp_1_U1254  |jedi_fadd_32ns_32ns_32_4_full_dsp_1  |        0|      2|  231|  225|    0|
    |jedi_fadd_32ns_32ns_32_4_full_dsp_1_U1255  |jedi_fadd_32ns_32ns_32_4_full_dsp_1  |        0|      2|  231|  225|    0|
    |jedi_fadd_32ns_32ns_32_4_full_dsp_1_U1256  |jedi_fadd_32ns_32ns_32_4_full_dsp_1  |        0|      2|  231|  225|    0|
    |jedi_fadd_32ns_32ns_32_4_full_dsp_1_U1257  |jedi_fadd_32ns_32ns_32_4_full_dsp_1  |        0|      2|  231|  225|    0|
    |jedi_fadd_32ns_32ns_32_4_full_dsp_1_U1258  |jedi_fadd_32ns_32ns_32_4_full_dsp_1  |        0|      2|  231|  225|    0|
    |jedi_fadd_32ns_32ns_32_4_full_dsp_1_U1259  |jedi_fadd_32ns_32ns_32_4_full_dsp_1  |        0|      2|  231|  225|    0|
    |jedi_fadd_32ns_32ns_32_4_full_dsp_1_U1260  |jedi_fadd_32ns_32ns_32_4_full_dsp_1  |        0|      2|  231|  225|    0|
    |jedi_fadd_32ns_32ns_32_4_full_dsp_1_U1261  |jedi_fadd_32ns_32ns_32_4_full_dsp_1  |        0|      2|  231|  225|    0|
    |jedi_fadd_32ns_32ns_32_4_full_dsp_1_U1262  |jedi_fadd_32ns_32ns_32_4_full_dsp_1  |        0|      2|  231|  225|    0|
    |jedi_fadd_32ns_32ns_32_4_full_dsp_1_U1263  |jedi_fadd_32ns_32ns_32_4_full_dsp_1  |        0|      2|  231|  225|    0|
    |jedi_fadd_32ns_32ns_32_4_full_dsp_1_U1264  |jedi_fadd_32ns_32ns_32_4_full_dsp_1  |        0|      2|  231|  225|    0|
    |jedi_fadd_32ns_32ns_32_4_full_dsp_1_U1265  |jedi_fadd_32ns_32ns_32_4_full_dsp_1  |        0|      2|  231|  225|    0|
    |jedi_fadd_32ns_32ns_32_4_full_dsp_1_U1266  |jedi_fadd_32ns_32ns_32_4_full_dsp_1  |        0|      2|  231|  225|    0|
    |jedi_fadd_32ns_32ns_32_4_full_dsp_1_U1267  |jedi_fadd_32ns_32ns_32_4_full_dsp_1  |        0|      2|  231|  225|    0|
    |jedi_fadd_32ns_32ns_32_4_full_dsp_1_U1268  |jedi_fadd_32ns_32ns_32_4_full_dsp_1  |        0|      2|  231|  225|    0|
    |jedi_fadd_32ns_32ns_32_4_full_dsp_1_U1269  |jedi_fadd_32ns_32ns_32_4_full_dsp_1  |        0|      2|  231|  225|    0|
    |jedi_fadd_32ns_32ns_32_4_full_dsp_1_U1270  |jedi_fadd_32ns_32ns_32_4_full_dsp_1  |        0|      2|  231|  225|    0|
    |jedi_fadd_32ns_32ns_32_4_full_dsp_1_U1271  |jedi_fadd_32ns_32ns_32_4_full_dsp_1  |        0|      2|  231|  225|    0|
    |jedi_fadd_32ns_32ns_32_4_full_dsp_1_U1272  |jedi_fadd_32ns_32ns_32_4_full_dsp_1  |        0|      2|  231|  225|    0|
    |jedi_fadd_32ns_32ns_32_4_full_dsp_1_U1273  |jedi_fadd_32ns_32ns_32_4_full_dsp_1  |        0|      2|  231|  225|    0|
    |jedi_fadd_32ns_32ns_32_4_full_dsp_1_U1274  |jedi_fadd_32ns_32ns_32_4_full_dsp_1  |        0|      2|  231|  225|    0|
    |jedi_fadd_32ns_32ns_32_4_full_dsp_1_U1275  |jedi_fadd_32ns_32ns_32_4_full_dsp_1  |        0|      2|  231|  225|    0|
    |jedi_fadd_32ns_32ns_32_4_full_dsp_1_U1276  |jedi_fadd_32ns_32ns_32_4_full_dsp_1  |        0|      2|  231|  225|    0|
    |jedi_fadd_32ns_32ns_32_4_full_dsp_1_U1277  |jedi_fadd_32ns_32ns_32_4_full_dsp_1  |        0|      2|  231|  225|    0|
    |jedi_fadd_32ns_32ns_32_4_full_dsp_1_U1278  |jedi_fadd_32ns_32ns_32_4_full_dsp_1  |        0|      2|  231|  225|    0|
    |jedi_fadd_32ns_32ns_32_4_full_dsp_1_U1279  |jedi_fadd_32ns_32ns_32_4_full_dsp_1  |        0|      2|  231|  225|    0|
    |jedi_fadd_32ns_32ns_32_4_full_dsp_1_U1280  |jedi_fadd_32ns_32ns_32_4_full_dsp_1  |        0|      2|  231|  225|    0|
    |jedi_fadd_32ns_32ns_32_4_full_dsp_1_U1281  |jedi_fadd_32ns_32ns_32_4_full_dsp_1  |        0|      2|  231|  225|    0|
    |jedi_fadd_32ns_32ns_32_4_full_dsp_1_U1282  |jedi_fadd_32ns_32ns_32_4_full_dsp_1  |        0|      2|  231|  225|    0|
    |jedi_fadd_32ns_32ns_32_4_full_dsp_1_U1283  |jedi_fadd_32ns_32ns_32_4_full_dsp_1  |        0|      2|  231|  225|    0|
    |jedi_fadd_32ns_32ns_32_4_full_dsp_1_U1284  |jedi_fadd_32ns_32ns_32_4_full_dsp_1  |        0|      2|  231|  225|    0|
    |jedi_fadd_32ns_32ns_32_4_full_dsp_1_U1285  |jedi_fadd_32ns_32ns_32_4_full_dsp_1  |        0|      2|  231|  225|    0|
    |jedi_fadd_32ns_32ns_32_4_full_dsp_1_U1286  |jedi_fadd_32ns_32ns_32_4_full_dsp_1  |        0|      2|  231|  225|    0|
    |jedi_fadd_32ns_32ns_32_4_full_dsp_1_U1287  |jedi_fadd_32ns_32ns_32_4_full_dsp_1  |        0|      2|  231|  225|    0|
    |jedi_fadd_32ns_32ns_32_4_full_dsp_1_U1288  |jedi_fadd_32ns_32ns_32_4_full_dsp_1  |        0|      2|  231|  225|    0|
    |jedi_fadd_32ns_32ns_32_4_full_dsp_1_U1289  |jedi_fadd_32ns_32ns_32_4_full_dsp_1  |        0|      2|  231|  225|    0|
    |jedi_fadd_32ns_32ns_32_4_full_dsp_1_U1290  |jedi_fadd_32ns_32ns_32_4_full_dsp_1  |        0|      2|  231|  225|    0|
    |jedi_fadd_32ns_32ns_32_4_full_dsp_1_U1291  |jedi_fadd_32ns_32ns_32_4_full_dsp_1  |        0|      2|  231|  225|    0|
    |jedi_fadd_32ns_32ns_32_4_full_dsp_1_U1292  |jedi_fadd_32ns_32ns_32_4_full_dsp_1  |        0|      2|  231|  225|    0|
    |jedi_fadd_32ns_32ns_32_4_full_dsp_1_U1293  |jedi_fadd_32ns_32ns_32_4_full_dsp_1  |        0|      2|  231|  225|    0|
    |jedi_fadd_32ns_32ns_32_4_full_dsp_1_U1294  |jedi_fadd_32ns_32ns_32_4_full_dsp_1  |        0|      2|  231|  225|    0|
    |jedi_fadd_32ns_32ns_32_4_full_dsp_1_U1295  |jedi_fadd_32ns_32ns_32_4_full_dsp_1  |        0|      2|  231|  225|    0|
    |jedi_fadd_32ns_32ns_32_4_full_dsp_1_U1296  |jedi_fadd_32ns_32ns_32_4_full_dsp_1  |        0|      2|  231|  225|    0|
    |jedi_fadd_32ns_32ns_32_4_full_dsp_1_U1297  |jedi_fadd_32ns_32ns_32_4_full_dsp_1  |        0|      2|  231|  225|    0|
    |jedi_fadd_32ns_32ns_32_4_full_dsp_1_U1298  |jedi_fadd_32ns_32ns_32_4_full_dsp_1  |        0|      2|  231|  225|    0|
    |jedi_fadd_32ns_32ns_32_4_full_dsp_1_U1299  |jedi_fadd_32ns_32ns_32_4_full_dsp_1  |        0|      2|  231|  225|    0|
    |jedi_fadd_32ns_32ns_32_4_full_dsp_1_U1300  |jedi_fadd_32ns_32ns_32_4_full_dsp_1  |        0|      2|  231|  225|    0|
    |jedi_fadd_32ns_32ns_32_4_full_dsp_1_U1301  |jedi_fadd_32ns_32ns_32_4_full_dsp_1  |        0|      2|  231|  225|    0|
    |jedi_fadd_32ns_32ns_32_4_full_dsp_1_U1302  |jedi_fadd_32ns_32ns_32_4_full_dsp_1  |        0|      2|  231|  225|    0|
    |jedi_fadd_32ns_32ns_32_4_full_dsp_1_U1303  |jedi_fadd_32ns_32ns_32_4_full_dsp_1  |        0|      2|  231|  225|    0|
    |jedi_fadd_32ns_32ns_32_4_full_dsp_1_U1304  |jedi_fadd_32ns_32ns_32_4_full_dsp_1  |        0|      2|  231|  225|    0|
    |jedi_fadd_32ns_32ns_32_4_full_dsp_1_U1305  |jedi_fadd_32ns_32ns_32_4_full_dsp_1  |        0|      2|  231|  225|    0|
    |jedi_fadd_32ns_32ns_32_4_full_dsp_1_U1306  |jedi_fadd_32ns_32ns_32_4_full_dsp_1  |        0|      2|  231|  225|    0|
    |jedi_fadd_32ns_32ns_32_4_full_dsp_1_U1307  |jedi_fadd_32ns_32ns_32_4_full_dsp_1  |        0|      2|  231|  225|    0|
    |jedi_fadd_32ns_32ns_32_4_full_dsp_1_U1308  |jedi_fadd_32ns_32ns_32_4_full_dsp_1  |        0|      2|  231|  225|    0|
    |jedi_fadd_32ns_32ns_32_4_full_dsp_1_U1309  |jedi_fadd_32ns_32ns_32_4_full_dsp_1  |        0|      2|  231|  225|    0|
    |jedi_fadd_32ns_32ns_32_4_full_dsp_1_U1310  |jedi_fadd_32ns_32ns_32_4_full_dsp_1  |        0|      2|  231|  225|    0|
    |jedi_fadd_32ns_32ns_32_4_full_dsp_1_U1311  |jedi_fadd_32ns_32ns_32_4_full_dsp_1  |        0|      2|  231|  225|    0|
    |jedi_fadd_32ns_32ns_32_4_full_dsp_1_U1312  |jedi_fadd_32ns_32ns_32_4_full_dsp_1  |        0|      2|  231|  225|    0|
    |jedi_fadd_32ns_32ns_32_4_full_dsp_1_U1313  |jedi_fadd_32ns_32ns_32_4_full_dsp_1  |        0|      2|  231|  225|    0|
    |jedi_fadd_32ns_32ns_32_4_full_dsp_1_U1314  |jedi_fadd_32ns_32ns_32_4_full_dsp_1  |        0|      2|  231|  225|    0|
    |jedi_fadd_32ns_32ns_32_4_full_dsp_1_U1315  |jedi_fadd_32ns_32ns_32_4_full_dsp_1  |        0|      2|  231|  225|    0|
    |jedi_fadd_32ns_32ns_32_4_full_dsp_1_U1316  |jedi_fadd_32ns_32ns_32_4_full_dsp_1  |        0|      2|  231|  225|    0|
    |jedi_fadd_32ns_32ns_32_4_full_dsp_1_U1317  |jedi_fadd_32ns_32ns_32_4_full_dsp_1  |        0|      2|  231|  225|    0|
    |jedi_fadd_32ns_32ns_32_4_full_dsp_1_U1318  |jedi_fadd_32ns_32ns_32_4_full_dsp_1  |        0|      2|  231|  225|    0|
    |jedi_fadd_32ns_32ns_32_4_full_dsp_1_U1319  |jedi_fadd_32ns_32ns_32_4_full_dsp_1  |        0|      2|  231|  225|    0|
    |jedi_fadd_32ns_32ns_32_4_full_dsp_1_U1320  |jedi_fadd_32ns_32ns_32_4_full_dsp_1  |        0|      2|  231|  225|    0|
    |jedi_fadd_32ns_32ns_32_4_full_dsp_1_U1321  |jedi_fadd_32ns_32ns_32_4_full_dsp_1  |        0|      2|  231|  225|    0|
    |jedi_fadd_32ns_32ns_32_4_full_dsp_1_U1322  |jedi_fadd_32ns_32ns_32_4_full_dsp_1  |        0|      2|  231|  225|    0|
    |jedi_fadd_32ns_32ns_32_4_full_dsp_1_U1323  |jedi_fadd_32ns_32ns_32_4_full_dsp_1  |        0|      2|  231|  225|    0|
    |jedi_fadd_32ns_32ns_32_4_full_dsp_1_U1324  |jedi_fadd_32ns_32ns_32_4_full_dsp_1  |        0|      2|  231|  225|    0|
    |jedi_fadd_32ns_32ns_32_4_full_dsp_1_U1325  |jedi_fadd_32ns_32ns_32_4_full_dsp_1  |        0|      2|  231|  225|    0|
    |jedi_fadd_32ns_32ns_32_4_full_dsp_1_U1326  |jedi_fadd_32ns_32ns_32_4_full_dsp_1  |        0|      2|  231|  225|    0|
    |jedi_fadd_32ns_32ns_32_4_full_dsp_1_U1327  |jedi_fadd_32ns_32ns_32_4_full_dsp_1  |        0|      2|  231|  225|    0|
    |jedi_fadd_32ns_32ns_32_4_full_dsp_1_U1328  |jedi_fadd_32ns_32ns_32_4_full_dsp_1  |        0|      2|  231|  225|    0|
    |jedi_fadd_32ns_32ns_32_4_full_dsp_1_U1329  |jedi_fadd_32ns_32ns_32_4_full_dsp_1  |        0|      2|  231|  225|    0|
    |jedi_fadd_32ns_32ns_32_4_full_dsp_1_U1330  |jedi_fadd_32ns_32ns_32_4_full_dsp_1  |        0|      2|  231|  225|    0|
    |jedi_fadd_32ns_32ns_32_4_full_dsp_1_U1331  |jedi_fadd_32ns_32ns_32_4_full_dsp_1  |        0|      2|  231|  225|    0|
    |jedi_fadd_32ns_32ns_32_4_full_dsp_1_U1332  |jedi_fadd_32ns_32ns_32_4_full_dsp_1  |        0|      2|  231|  225|    0|
    |jedi_fadd_32ns_32ns_32_4_full_dsp_1_U1333  |jedi_fadd_32ns_32ns_32_4_full_dsp_1  |        0|      2|  231|  225|    0|
    |jedi_fadd_32ns_32ns_32_4_full_dsp_1_U1334  |jedi_fadd_32ns_32ns_32_4_full_dsp_1  |        0|      2|  231|  225|    0|
    |jedi_fadd_32ns_32ns_32_4_full_dsp_1_U1335  |jedi_fadd_32ns_32ns_32_4_full_dsp_1  |        0|      2|  231|  225|    0|
    |jedi_fadd_32ns_32ns_32_4_full_dsp_1_U1336  |jedi_fadd_32ns_32ns_32_4_full_dsp_1  |        0|      2|  231|  225|    0|
    |jedi_fadd_32ns_32ns_32_4_full_dsp_1_U1337  |jedi_fadd_32ns_32ns_32_4_full_dsp_1  |        0|      2|  231|  225|    0|
    |jedi_fadd_32ns_32ns_32_4_full_dsp_1_U1338  |jedi_fadd_32ns_32ns_32_4_full_dsp_1  |        0|      2|  231|  225|    0|
    |jedi_fadd_32ns_32ns_32_4_full_dsp_1_U1339  |jedi_fadd_32ns_32ns_32_4_full_dsp_1  |        0|      2|  231|  225|    0|
    |jedi_fadd_32ns_32ns_32_4_full_dsp_1_U1340  |jedi_fadd_32ns_32ns_32_4_full_dsp_1  |        0|      2|  231|  225|    0|
    |jedi_fadd_32ns_32ns_32_4_full_dsp_1_U1341  |jedi_fadd_32ns_32ns_32_4_full_dsp_1  |        0|      2|  231|  225|    0|
    |jedi_fadd_32ns_32ns_32_4_full_dsp_1_U1342  |jedi_fadd_32ns_32ns_32_4_full_dsp_1  |        0|      2|  231|  225|    0|
    |jedi_fadd_32ns_32ns_32_4_full_dsp_1_U1343  |jedi_fadd_32ns_32ns_32_4_full_dsp_1  |        0|      2|  231|  225|    0|
    |jedi_fadd_32ns_32ns_32_4_full_dsp_1_U1344  |jedi_fadd_32ns_32ns_32_4_full_dsp_1  |        0|      2|  231|  225|    0|
    |jedi_fadd_32ns_32ns_32_4_full_dsp_1_U1345  |jedi_fadd_32ns_32ns_32_4_full_dsp_1  |        0|      2|  231|  225|    0|
    |jedi_fadd_32ns_32ns_32_4_full_dsp_1_U1346  |jedi_fadd_32ns_32ns_32_4_full_dsp_1  |        0|      2|  231|  225|    0|
    |jedi_fadd_32ns_32ns_32_4_full_dsp_1_U1347  |jedi_fadd_32ns_32ns_32_4_full_dsp_1  |        0|      2|  231|  225|    0|
    |jedi_fadd_32ns_32ns_32_4_full_dsp_1_U1348  |jedi_fadd_32ns_32ns_32_4_full_dsp_1  |        0|      2|  231|  225|    0|
    |jedi_fadd_32ns_32ns_32_4_full_dsp_1_U1349  |jedi_fadd_32ns_32ns_32_4_full_dsp_1  |        0|      2|  231|  225|    0|
    |jedi_fadd_32ns_32ns_32_4_full_dsp_1_U1350  |jedi_fadd_32ns_32ns_32_4_full_dsp_1  |        0|      2|  231|  225|    0|
    |jedi_fadd_32ns_32ns_32_4_full_dsp_1_U1351  |jedi_fadd_32ns_32ns_32_4_full_dsp_1  |        0|      2|  231|  225|    0|
    |jedi_fadd_32ns_32ns_32_4_full_dsp_1_U1352  |jedi_fadd_32ns_32ns_32_4_full_dsp_1  |        0|      2|  231|  225|    0|
    |jedi_fadd_32ns_32ns_32_4_full_dsp_1_U1353  |jedi_fadd_32ns_32ns_32_4_full_dsp_1  |        0|      2|  231|  225|    0|
    |jedi_fadd_32ns_32ns_32_4_full_dsp_1_U1354  |jedi_fadd_32ns_32ns_32_4_full_dsp_1  |        0|      2|  231|  225|    0|
    |jedi_fadd_32ns_32ns_32_4_full_dsp_1_U1355  |jedi_fadd_32ns_32ns_32_4_full_dsp_1  |        0|      2|  231|  225|    0|
    |jedi_fadd_32ns_32ns_32_4_full_dsp_1_U1356  |jedi_fadd_32ns_32ns_32_4_full_dsp_1  |        0|      2|  231|  225|    0|
    |jedi_fadd_32ns_32ns_32_4_full_dsp_1_U1357  |jedi_fadd_32ns_32ns_32_4_full_dsp_1  |        0|      2|  231|  225|    0|
    |jedi_fadd_32ns_32ns_32_4_full_dsp_1_U1358  |jedi_fadd_32ns_32ns_32_4_full_dsp_1  |        0|      2|  231|  225|    0|
    |jedi_fadd_32ns_32ns_32_4_full_dsp_1_U1359  |jedi_fadd_32ns_32ns_32_4_full_dsp_1  |        0|      2|  231|  225|    0|
    |jedi_fadd_32ns_32ns_32_4_full_dsp_1_U1360  |jedi_fadd_32ns_32ns_32_4_full_dsp_1  |        0|      2|  231|  225|    0|
    |jedi_fadd_32ns_32ns_32_4_full_dsp_1_U1361  |jedi_fadd_32ns_32ns_32_4_full_dsp_1  |        0|      2|  231|  225|    0|
    |jedi_fadd_32ns_32ns_32_4_full_dsp_1_U1362  |jedi_fadd_32ns_32ns_32_4_full_dsp_1  |        0|      2|  231|  225|    0|
    |jedi_fadd_32ns_32ns_32_4_full_dsp_1_U1363  |jedi_fadd_32ns_32ns_32_4_full_dsp_1  |        0|      2|  231|  225|    0|
    |jedi_fadd_32ns_32ns_32_4_full_dsp_1_U1364  |jedi_fadd_32ns_32ns_32_4_full_dsp_1  |        0|      2|  231|  225|    0|
    |jedi_fadd_32ns_32ns_32_4_full_dsp_1_U1365  |jedi_fadd_32ns_32ns_32_4_full_dsp_1  |        0|      2|  231|  225|    0|
    |jedi_fadd_32ns_32ns_32_4_full_dsp_1_U1366  |jedi_fadd_32ns_32ns_32_4_full_dsp_1  |        0|      2|  231|  225|    0|
    |jedi_fadd_32ns_32ns_32_4_full_dsp_1_U1367  |jedi_fadd_32ns_32ns_32_4_full_dsp_1  |        0|      2|  231|  225|    0|
    |jedi_fadd_32ns_32ns_32_4_full_dsp_1_U1368  |jedi_fadd_32ns_32ns_32_4_full_dsp_1  |        0|      2|  231|  225|    0|
    |jedi_fadd_32ns_32ns_32_4_full_dsp_1_U1369  |jedi_fadd_32ns_32ns_32_4_full_dsp_1  |        0|      2|  231|  225|    0|
    |jedi_fadd_32ns_32ns_32_4_full_dsp_1_U1370  |jedi_fadd_32ns_32ns_32_4_full_dsp_1  |        0|      2|  231|  225|    0|
    |jedi_fadd_32ns_32ns_32_4_full_dsp_1_U1371  |jedi_fadd_32ns_32ns_32_4_full_dsp_1  |        0|      2|  231|  225|    0|
    |jedi_fadd_32ns_32ns_32_4_full_dsp_1_U1372  |jedi_fadd_32ns_32ns_32_4_full_dsp_1  |        0|      2|  231|  225|    0|
    |jedi_fadd_32ns_32ns_32_4_full_dsp_1_U1373  |jedi_fadd_32ns_32ns_32_4_full_dsp_1  |        0|      2|  231|  225|    0|
    |jedi_fadd_32ns_32ns_32_4_full_dsp_1_U1374  |jedi_fadd_32ns_32ns_32_4_full_dsp_1  |        0|      2|  231|  225|    0|
    |jedi_fadd_32ns_32ns_32_4_full_dsp_1_U1375  |jedi_fadd_32ns_32ns_32_4_full_dsp_1  |        0|      2|  231|  225|    0|
    |jedi_fadd_32ns_32ns_32_4_full_dsp_1_U1376  |jedi_fadd_32ns_32ns_32_4_full_dsp_1  |        0|      2|  231|  225|    0|
    |jedi_fadd_32ns_32ns_32_4_full_dsp_1_U1377  |jedi_fadd_32ns_32ns_32_4_full_dsp_1  |        0|      2|  231|  225|    0|
    |jedi_fadd_32ns_32ns_32_4_full_dsp_1_U1378  |jedi_fadd_32ns_32ns_32_4_full_dsp_1  |        0|      2|  231|  225|    0|
    |jedi_fadd_32ns_32ns_32_4_full_dsp_1_U1379  |jedi_fadd_32ns_32ns_32_4_full_dsp_1  |        0|      2|  231|  225|    0|
    |jedi_fadd_32ns_32ns_32_4_full_dsp_1_U1380  |jedi_fadd_32ns_32ns_32_4_full_dsp_1  |        0|      2|  231|  225|    0|
    |jedi_fadd_32ns_32ns_32_4_full_dsp_1_U1381  |jedi_fadd_32ns_32ns_32_4_full_dsp_1  |        0|      2|  231|  225|    0|
    |jedi_fadd_32ns_32ns_32_4_full_dsp_1_U1382  |jedi_fadd_32ns_32ns_32_4_full_dsp_1  |        0|      2|  231|  225|    0|
    |jedi_fadd_32ns_32ns_32_4_full_dsp_1_U1383  |jedi_fadd_32ns_32ns_32_4_full_dsp_1  |        0|      2|  231|  225|    0|
    |jedi_fadd_32ns_32ns_32_4_full_dsp_1_U1384  |jedi_fadd_32ns_32ns_32_4_full_dsp_1  |        0|      2|  231|  225|    0|
    |jedi_fadd_32ns_32ns_32_4_full_dsp_1_U1385  |jedi_fadd_32ns_32ns_32_4_full_dsp_1  |        0|      2|  231|  225|    0|
    |jedi_fadd_32ns_32ns_32_4_full_dsp_1_U1386  |jedi_fadd_32ns_32ns_32_4_full_dsp_1  |        0|      2|  231|  225|    0|
    |jedi_fadd_32ns_32ns_32_4_full_dsp_1_U1387  |jedi_fadd_32ns_32ns_32_4_full_dsp_1  |        0|      2|  231|  225|    0|
    |jedi_fadd_32ns_32ns_32_4_full_dsp_1_U1388  |jedi_fadd_32ns_32ns_32_4_full_dsp_1  |        0|      2|  231|  225|    0|
    |jedi_fadd_32ns_32ns_32_4_full_dsp_1_U1389  |jedi_fadd_32ns_32ns_32_4_full_dsp_1  |        0|      2|  231|  225|    0|
    |jedi_fadd_32ns_32ns_32_4_full_dsp_1_U1390  |jedi_fadd_32ns_32ns_32_4_full_dsp_1  |        0|      2|  231|  225|    0|
    |jedi_fadd_32ns_32ns_32_4_full_dsp_1_U1391  |jedi_fadd_32ns_32ns_32_4_full_dsp_1  |        0|      2|  231|  225|    0|
    |jedi_fadd_32ns_32ns_32_4_full_dsp_1_U1392  |jedi_fadd_32ns_32ns_32_4_full_dsp_1  |        0|      2|  231|  225|    0|
    |jedi_fadd_32ns_32ns_32_4_full_dsp_1_U1393  |jedi_fadd_32ns_32ns_32_4_full_dsp_1  |        0|      2|  231|  225|    0|
    |jedi_fadd_32ns_32ns_32_4_full_dsp_1_U1394  |jedi_fadd_32ns_32ns_32_4_full_dsp_1  |        0|      2|  231|  225|    0|
    |jedi_fadd_32ns_32ns_32_4_full_dsp_1_U1395  |jedi_fadd_32ns_32ns_32_4_full_dsp_1  |        0|      2|  231|  225|    0|
    |jedi_fadd_32ns_32ns_32_4_full_dsp_1_U1396  |jedi_fadd_32ns_32ns_32_4_full_dsp_1  |        0|      2|  231|  225|    0|
    |jedi_fadd_32ns_32ns_32_4_full_dsp_1_U1397  |jedi_fadd_32ns_32ns_32_4_full_dsp_1  |        0|      2|  231|  225|    0|
    |jedi_fadd_32ns_32ns_32_4_full_dsp_1_U1398  |jedi_fadd_32ns_32ns_32_4_full_dsp_1  |        0|      2|  231|  225|    0|
    |jedi_fadd_32ns_32ns_32_4_full_dsp_1_U1399  |jedi_fadd_32ns_32ns_32_4_full_dsp_1  |        0|      2|  231|  225|    0|
    |jedi_fadd_32ns_32ns_32_4_full_dsp_1_U1400  |jedi_fadd_32ns_32ns_32_4_full_dsp_1  |        0|      2|  231|  225|    0|
    |jedi_fadd_32ns_32ns_32_4_full_dsp_1_U1401  |jedi_fadd_32ns_32ns_32_4_full_dsp_1  |        0|      2|  231|  225|    0|
    |jedi_fadd_32ns_32ns_32_4_full_dsp_1_U1402  |jedi_fadd_32ns_32ns_32_4_full_dsp_1  |        0|      2|  231|  225|    0|
    |jedi_fmul_32ns_32ns_32_3_max_dsp_1_U1403   |jedi_fmul_32ns_32ns_32_3_max_dsp_1   |        0|      3|  128|   77|    0|
    |jedi_fmul_32ns_32ns_32_3_max_dsp_1_U1404   |jedi_fmul_32ns_32ns_32_3_max_dsp_1   |        0|      3|  128|   77|    0|
    |jedi_fmul_32ns_32ns_32_3_max_dsp_1_U1405   |jedi_fmul_32ns_32ns_32_3_max_dsp_1   |        0|      3|  128|   77|    0|
    |jedi_fmul_32ns_32ns_32_3_max_dsp_1_U1406   |jedi_fmul_32ns_32ns_32_3_max_dsp_1   |        0|      3|  128|   77|    0|
    |jedi_fmul_32ns_32ns_32_3_max_dsp_1_U1407   |jedi_fmul_32ns_32ns_32_3_max_dsp_1   |        0|      3|  128|   77|    0|
    |jedi_fmul_32ns_32ns_32_3_max_dsp_1_U1408   |jedi_fmul_32ns_32ns_32_3_max_dsp_1   |        0|      3|  128|   77|    0|
    |jedi_fmul_32ns_32ns_32_3_max_dsp_1_U1409   |jedi_fmul_32ns_32ns_32_3_max_dsp_1   |        0|      3|  128|   77|    0|
    |jedi_fmul_32ns_32ns_32_3_max_dsp_1_U1410   |jedi_fmul_32ns_32ns_32_3_max_dsp_1   |        0|      3|  128|   77|    0|
    |jedi_fmul_32ns_32ns_32_3_max_dsp_1_U1411   |jedi_fmul_32ns_32ns_32_3_max_dsp_1   |        0|      3|  128|   77|    0|
    |jedi_fmul_32ns_32ns_32_3_max_dsp_1_U1412   |jedi_fmul_32ns_32ns_32_3_max_dsp_1   |        0|      3|  128|   77|    0|
    |jedi_fmul_32ns_32ns_32_3_max_dsp_1_U1413   |jedi_fmul_32ns_32ns_32_3_max_dsp_1   |        0|      3|  128|   77|    0|
    |jedi_fmul_32ns_32ns_32_3_max_dsp_1_U1414   |jedi_fmul_32ns_32ns_32_3_max_dsp_1   |        0|      3|  128|   77|    0|
    |jedi_fmul_32ns_32ns_32_3_max_dsp_1_U1415   |jedi_fmul_32ns_32ns_32_3_max_dsp_1   |        0|      3|  128|   77|    0|
    |jedi_fmul_32ns_32ns_32_3_max_dsp_1_U1416   |jedi_fmul_32ns_32ns_32_3_max_dsp_1   |        0|      3|  128|   77|    0|
    |jedi_fmul_32ns_32ns_32_3_max_dsp_1_U1417   |jedi_fmul_32ns_32ns_32_3_max_dsp_1   |        0|      3|  128|   77|    0|
    |jedi_fmul_32ns_32ns_32_3_max_dsp_1_U1418   |jedi_fmul_32ns_32ns_32_3_max_dsp_1   |        0|      3|  128|   77|    0|
    |jedi_fmul_32ns_32ns_32_3_max_dsp_1_U1419   |jedi_fmul_32ns_32ns_32_3_max_dsp_1   |        0|      3|  128|   77|    0|
    |jedi_fmul_32ns_32ns_32_3_max_dsp_1_U1420   |jedi_fmul_32ns_32ns_32_3_max_dsp_1   |        0|      3|  128|   77|    0|
    |jedi_fmul_32ns_32ns_32_3_max_dsp_1_U1421   |jedi_fmul_32ns_32ns_32_3_max_dsp_1   |        0|      3|  128|   77|    0|
    |jedi_fmul_32ns_32ns_32_3_max_dsp_1_U1422   |jedi_fmul_32ns_32ns_32_3_max_dsp_1   |        0|      3|  128|   77|    0|
    |jedi_fmul_32ns_32ns_32_3_max_dsp_1_U1423   |jedi_fmul_32ns_32ns_32_3_max_dsp_1   |        0|      3|  128|   77|    0|
    |jedi_fmul_32ns_32ns_32_3_max_dsp_1_U1424   |jedi_fmul_32ns_32ns_32_3_max_dsp_1   |        0|      3|  128|   77|    0|
    |jedi_fmul_32ns_32ns_32_3_max_dsp_1_U1425   |jedi_fmul_32ns_32ns_32_3_max_dsp_1   |        0|      3|  128|   77|    0|
    |jedi_fmul_32ns_32ns_32_3_max_dsp_1_U1426   |jedi_fmul_32ns_32ns_32_3_max_dsp_1   |        0|      3|  128|   77|    0|
    |jedi_fmul_32ns_32ns_32_3_max_dsp_1_U1427   |jedi_fmul_32ns_32ns_32_3_max_dsp_1   |        0|      3|  128|   77|    0|
    |jedi_fmul_32ns_32ns_32_3_max_dsp_1_U1428   |jedi_fmul_32ns_32ns_32_3_max_dsp_1   |        0|      3|  128|   77|    0|
    |jedi_fmul_32ns_32ns_32_3_max_dsp_1_U1429   |jedi_fmul_32ns_32ns_32_3_max_dsp_1   |        0|      3|  128|   77|    0|
    |jedi_fmul_32ns_32ns_32_3_max_dsp_1_U1430   |jedi_fmul_32ns_32ns_32_3_max_dsp_1   |        0|      3|  128|   77|    0|
    |jedi_fmul_32ns_32ns_32_3_max_dsp_1_U1431   |jedi_fmul_32ns_32ns_32_3_max_dsp_1   |        0|      3|  128|   77|    0|
    |jedi_fmul_32ns_32ns_32_3_max_dsp_1_U1432   |jedi_fmul_32ns_32ns_32_3_max_dsp_1   |        0|      3|  128|   77|    0|
    |jedi_fmul_32ns_32ns_32_3_max_dsp_1_U1433   |jedi_fmul_32ns_32ns_32_3_max_dsp_1   |        0|      3|  128|   77|    0|
    |jedi_fmul_32ns_32ns_32_3_max_dsp_1_U1434   |jedi_fmul_32ns_32ns_32_3_max_dsp_1   |        0|      3|  128|   77|    0|
    |jedi_fmul_32ns_32ns_32_3_max_dsp_1_U1435   |jedi_fmul_32ns_32ns_32_3_max_dsp_1   |        0|      3|  128|   77|    0|
    |jedi_fmul_32ns_32ns_32_3_max_dsp_1_U1436   |jedi_fmul_32ns_32ns_32_3_max_dsp_1   |        0|      3|  128|   77|    0|
    |jedi_fmul_32ns_32ns_32_3_max_dsp_1_U1437   |jedi_fmul_32ns_32ns_32_3_max_dsp_1   |        0|      3|  128|   77|    0|
    |jedi_fmul_32ns_32ns_32_3_max_dsp_1_U1438   |jedi_fmul_32ns_32ns_32_3_max_dsp_1   |        0|      3|  128|   77|    0|
    |jedi_fmul_32ns_32ns_32_3_max_dsp_1_U1439   |jedi_fmul_32ns_32ns_32_3_max_dsp_1   |        0|      3|  128|   77|    0|
    |jedi_fmul_32ns_32ns_32_3_max_dsp_1_U1440   |jedi_fmul_32ns_32ns_32_3_max_dsp_1   |        0|      3|  128|   77|    0|
    |jedi_fmul_32ns_32ns_32_3_max_dsp_1_U1441   |jedi_fmul_32ns_32ns_32_3_max_dsp_1   |        0|      3|  128|   77|    0|
    |jedi_fmul_32ns_32ns_32_3_max_dsp_1_U1442   |jedi_fmul_32ns_32ns_32_3_max_dsp_1   |        0|      3|  128|   77|    0|
    |jedi_fmul_32ns_32ns_32_3_max_dsp_1_U1443   |jedi_fmul_32ns_32ns_32_3_max_dsp_1   |        0|      3|  128|   77|    0|
    |jedi_fmul_32ns_32ns_32_3_max_dsp_1_U1444   |jedi_fmul_32ns_32ns_32_3_max_dsp_1   |        0|      3|  128|   77|    0|
    |jedi_fmul_32ns_32ns_32_3_max_dsp_1_U1445   |jedi_fmul_32ns_32ns_32_3_max_dsp_1   |        0|      3|  128|   77|    0|
    |jedi_fmul_32ns_32ns_32_3_max_dsp_1_U1446   |jedi_fmul_32ns_32ns_32_3_max_dsp_1   |        0|      3|  128|   77|    0|
    |jedi_fmul_32ns_32ns_32_3_max_dsp_1_U1447   |jedi_fmul_32ns_32ns_32_3_max_dsp_1   |        0|      3|  128|   77|    0|
    |jedi_fmul_32ns_32ns_32_3_max_dsp_1_U1448   |jedi_fmul_32ns_32ns_32_3_max_dsp_1   |        0|      3|  128|   77|    0|
    |jedi_fmul_32ns_32ns_32_3_max_dsp_1_U1449   |jedi_fmul_32ns_32ns_32_3_max_dsp_1   |        0|      3|  128|   77|    0|
    |jedi_fmul_32ns_32ns_32_3_max_dsp_1_U1450   |jedi_fmul_32ns_32ns_32_3_max_dsp_1   |        0|      3|  128|   77|    0|
    |jedi_fmul_32ns_32ns_32_3_max_dsp_1_U1451   |jedi_fmul_32ns_32ns_32_3_max_dsp_1   |        0|      3|  128|   77|    0|
    |jedi_fmul_32ns_32ns_32_3_max_dsp_1_U1452   |jedi_fmul_32ns_32ns_32_3_max_dsp_1   |        0|      3|  128|   77|    0|
    |jedi_fmul_32ns_32ns_32_3_max_dsp_1_U1453   |jedi_fmul_32ns_32ns_32_3_max_dsp_1   |        0|      3|  128|   77|    0|
    |jedi_fmul_32ns_32ns_32_3_max_dsp_1_U1454   |jedi_fmul_32ns_32ns_32_3_max_dsp_1   |        0|      3|  128|   77|    0|
    |jedi_fmul_32ns_32ns_32_3_max_dsp_1_U1455   |jedi_fmul_32ns_32ns_32_3_max_dsp_1   |        0|      3|  128|   77|    0|
    |jedi_fmul_32ns_32ns_32_3_max_dsp_1_U1456   |jedi_fmul_32ns_32ns_32_3_max_dsp_1   |        0|      3|  128|   77|    0|
    |jedi_fmul_32ns_32ns_32_3_max_dsp_1_U1457   |jedi_fmul_32ns_32ns_32_3_max_dsp_1   |        0|      3|  128|   77|    0|
    |jedi_fmul_32ns_32ns_32_3_max_dsp_1_U1458   |jedi_fmul_32ns_32ns_32_3_max_dsp_1   |        0|      3|  128|   77|    0|
    |jedi_fmul_32ns_32ns_32_3_max_dsp_1_U1459   |jedi_fmul_32ns_32ns_32_3_max_dsp_1   |        0|      3|  128|   77|    0|
    |jedi_fmul_32ns_32ns_32_3_max_dsp_1_U1460   |jedi_fmul_32ns_32ns_32_3_max_dsp_1   |        0|      3|  128|   77|    0|
    |jedi_fmul_32ns_32ns_32_3_max_dsp_1_U1461   |jedi_fmul_32ns_32ns_32_3_max_dsp_1   |        0|      3|  128|   77|    0|
    |jedi_fmul_32ns_32ns_32_3_max_dsp_1_U1462   |jedi_fmul_32ns_32ns_32_3_max_dsp_1   |        0|      3|  128|   77|    0|
    |jedi_fmul_32ns_32ns_32_3_max_dsp_1_U1463   |jedi_fmul_32ns_32ns_32_3_max_dsp_1   |        0|      3|  128|   77|    0|
    |jedi_fmul_32ns_32ns_32_3_max_dsp_1_U1464   |jedi_fmul_32ns_32ns_32_3_max_dsp_1   |        0|      3|  128|   77|    0|
    |jedi_fmul_32ns_32ns_32_3_max_dsp_1_U1465   |jedi_fmul_32ns_32ns_32_3_max_dsp_1   |        0|      3|  128|   77|    0|
    |jedi_fmul_32ns_32ns_32_3_max_dsp_1_U1466   |jedi_fmul_32ns_32ns_32_3_max_dsp_1   |        0|      3|  128|   77|    0|
    |jedi_fmul_32ns_32ns_32_3_max_dsp_1_U1467   |jedi_fmul_32ns_32ns_32_3_max_dsp_1   |        0|      3|  128|   77|    0|
    |jedi_fmul_32ns_32ns_32_3_max_dsp_1_U1468   |jedi_fmul_32ns_32ns_32_3_max_dsp_1   |        0|      3|  128|   77|    0|
    |jedi_fmul_32ns_32ns_32_3_max_dsp_1_U1469   |jedi_fmul_32ns_32ns_32_3_max_dsp_1   |        0|      3|  128|   77|    0|
    |jedi_fmul_32ns_32ns_32_3_max_dsp_1_U1470   |jedi_fmul_32ns_32ns_32_3_max_dsp_1   |        0|      3|  128|   77|    0|
    |jedi_fmul_32ns_32ns_32_3_max_dsp_1_U1471   |jedi_fmul_32ns_32ns_32_3_max_dsp_1   |        0|      3|  128|   77|    0|
    |jedi_fmul_32ns_32ns_32_3_max_dsp_1_U1472   |jedi_fmul_32ns_32ns_32_3_max_dsp_1   |        0|      3|  128|   77|    0|
    |jedi_fmul_32ns_32ns_32_3_max_dsp_1_U1473   |jedi_fmul_32ns_32ns_32_3_max_dsp_1   |        0|      3|  128|   77|    0|
    |jedi_fmul_32ns_32ns_32_3_max_dsp_1_U1474   |jedi_fmul_32ns_32ns_32_3_max_dsp_1   |        0|      3|  128|   77|    0|
    |jedi_fmul_32ns_32ns_32_3_max_dsp_1_U1475   |jedi_fmul_32ns_32ns_32_3_max_dsp_1   |        0|      3|  128|   77|    0|
    |jedi_fmul_32ns_32ns_32_3_max_dsp_1_U1476   |jedi_fmul_32ns_32ns_32_3_max_dsp_1   |        0|      3|  128|   77|    0|
    |jedi_fmul_32ns_32ns_32_3_max_dsp_1_U1477   |jedi_fmul_32ns_32ns_32_3_max_dsp_1   |        0|      3|  128|   77|    0|
    |jedi_fmul_32ns_32ns_32_3_max_dsp_1_U1478   |jedi_fmul_32ns_32ns_32_3_max_dsp_1   |        0|      3|  128|   77|    0|
    |jedi_fmul_32ns_32ns_32_3_max_dsp_1_U1479   |jedi_fmul_32ns_32ns_32_3_max_dsp_1   |        0|      3|  128|   77|    0|
    |jedi_fmul_32ns_32ns_32_3_max_dsp_1_U1480   |jedi_fmul_32ns_32ns_32_3_max_dsp_1   |        0|      3|  128|   77|    0|
    |jedi_fmul_32ns_32ns_32_3_max_dsp_1_U1481   |jedi_fmul_32ns_32ns_32_3_max_dsp_1   |        0|      3|  128|   77|    0|
    |jedi_fmul_32ns_32ns_32_3_max_dsp_1_U1482   |jedi_fmul_32ns_32ns_32_3_max_dsp_1   |        0|      3|  128|   77|    0|
    |jedi_fmul_32ns_32ns_32_3_max_dsp_1_U1483   |jedi_fmul_32ns_32ns_32_3_max_dsp_1   |        0|      3|  128|   77|    0|
    |jedi_fmul_32ns_32ns_32_3_max_dsp_1_U1484   |jedi_fmul_32ns_32ns_32_3_max_dsp_1   |        0|      3|  128|   77|    0|
    |jedi_fmul_32ns_32ns_32_3_max_dsp_1_U1485   |jedi_fmul_32ns_32ns_32_3_max_dsp_1   |        0|      3|  128|   77|    0|
    |jedi_fmul_32ns_32ns_32_3_max_dsp_1_U1486   |jedi_fmul_32ns_32ns_32_3_max_dsp_1   |        0|      3|  128|   77|    0|
    |jedi_fmul_32ns_32ns_32_3_max_dsp_1_U1487   |jedi_fmul_32ns_32ns_32_3_max_dsp_1   |        0|      3|  128|   77|    0|
    |jedi_fmul_32ns_32ns_32_3_max_dsp_1_U1488   |jedi_fmul_32ns_32ns_32_3_max_dsp_1   |        0|      3|  128|   77|    0|
    |jedi_fmul_32ns_32ns_32_3_max_dsp_1_U1489   |jedi_fmul_32ns_32ns_32_3_max_dsp_1   |        0|      3|  128|   77|    0|
    |jedi_fmul_32ns_32ns_32_3_max_dsp_1_U1490   |jedi_fmul_32ns_32ns_32_3_max_dsp_1   |        0|      3|  128|   77|    0|
    |jedi_fmul_32ns_32ns_32_3_max_dsp_1_U1491   |jedi_fmul_32ns_32ns_32_3_max_dsp_1   |        0|      3|  128|   77|    0|
    |jedi_fmul_32ns_32ns_32_3_max_dsp_1_U1492   |jedi_fmul_32ns_32ns_32_3_max_dsp_1   |        0|      3|  128|   77|    0|
    |jedi_fmul_32ns_32ns_32_3_max_dsp_1_U1493   |jedi_fmul_32ns_32ns_32_3_max_dsp_1   |        0|      3|  128|   77|    0|
    |jedi_fmul_32ns_32ns_32_3_max_dsp_1_U1494   |jedi_fmul_32ns_32ns_32_3_max_dsp_1   |        0|      3|  128|   77|    0|
    |jedi_fmul_32ns_32ns_32_3_max_dsp_1_U1495   |jedi_fmul_32ns_32ns_32_3_max_dsp_1   |        0|      3|  128|   77|    0|
    |jedi_fmul_32ns_32ns_32_3_max_dsp_1_U1496   |jedi_fmul_32ns_32ns_32_3_max_dsp_1   |        0|      3|  128|   77|    0|
    |jedi_fmul_32ns_32ns_32_3_max_dsp_1_U1497   |jedi_fmul_32ns_32ns_32_3_max_dsp_1   |        0|      3|  128|   77|    0|
    |jedi_fmul_32ns_32ns_32_3_max_dsp_1_U1498   |jedi_fmul_32ns_32ns_32_3_max_dsp_1   |        0|      3|  128|   77|    0|
    |jedi_fmul_32ns_32ns_32_3_max_dsp_1_U1499   |jedi_fmul_32ns_32ns_32_3_max_dsp_1   |        0|      3|  128|   77|    0|
    |jedi_fmul_32ns_32ns_32_3_max_dsp_1_U1500   |jedi_fmul_32ns_32ns_32_3_max_dsp_1   |        0|      3|  128|   77|    0|
    |jedi_fmul_32ns_32ns_32_3_max_dsp_1_U1501   |jedi_fmul_32ns_32ns_32_3_max_dsp_1   |        0|      3|  128|   77|    0|
    |jedi_fmul_32ns_32ns_32_3_max_dsp_1_U1502   |jedi_fmul_32ns_32ns_32_3_max_dsp_1   |        0|      3|  128|   77|    0|
    |jedi_fmul_32ns_32ns_32_3_max_dsp_1_U1503   |jedi_fmul_32ns_32ns_32_3_max_dsp_1   |        0|      3|  128|   77|    0|
    |jedi_fmul_32ns_32ns_32_3_max_dsp_1_U1504   |jedi_fmul_32ns_32ns_32_3_max_dsp_1   |        0|      3|  128|   77|    0|
    |jedi_fmul_32ns_32ns_32_3_max_dsp_1_U1505   |jedi_fmul_32ns_32ns_32_3_max_dsp_1   |        0|      3|  128|   77|    0|
    |jedi_fmul_32ns_32ns_32_3_max_dsp_1_U1506   |jedi_fmul_32ns_32ns_32_3_max_dsp_1   |        0|      3|  128|   77|    0|
    |jedi_fmul_32ns_32ns_32_3_max_dsp_1_U1507   |jedi_fmul_32ns_32ns_32_3_max_dsp_1   |        0|      3|  128|   77|    0|
    |jedi_fmul_32ns_32ns_32_3_max_dsp_1_U1508   |jedi_fmul_32ns_32ns_32_3_max_dsp_1   |        0|      3|  128|   77|    0|
    |jedi_fmul_32ns_32ns_32_3_max_dsp_1_U1509   |jedi_fmul_32ns_32ns_32_3_max_dsp_1   |        0|      3|  128|   77|    0|
    |jedi_fmul_32ns_32ns_32_3_max_dsp_1_U1510   |jedi_fmul_32ns_32ns_32_3_max_dsp_1   |        0|      3|  128|   77|    0|
    |jedi_fmul_32ns_32ns_32_3_max_dsp_1_U1511   |jedi_fmul_32ns_32ns_32_3_max_dsp_1   |        0|      3|  128|   77|    0|
    |jedi_fmul_32ns_32ns_32_3_max_dsp_1_U1512   |jedi_fmul_32ns_32ns_32_3_max_dsp_1   |        0|      3|  128|   77|    0|
    |jedi_fmul_32ns_32ns_32_3_max_dsp_1_U1513   |jedi_fmul_32ns_32ns_32_3_max_dsp_1   |        0|      3|  128|   77|    0|
    |jedi_fmul_32ns_32ns_32_3_max_dsp_1_U1514   |jedi_fmul_32ns_32ns_32_3_max_dsp_1   |        0|      3|  128|   77|    0|
    |jedi_fmul_32ns_32ns_32_3_max_dsp_1_U1515   |jedi_fmul_32ns_32ns_32_3_max_dsp_1   |        0|      3|  128|   77|    0|
    |jedi_fmul_32ns_32ns_32_3_max_dsp_1_U1516   |jedi_fmul_32ns_32ns_32_3_max_dsp_1   |        0|      3|  128|   77|    0|
    |jedi_fmul_32ns_32ns_32_3_max_dsp_1_U1517   |jedi_fmul_32ns_32ns_32_3_max_dsp_1   |        0|      3|  128|   77|    0|
    |jedi_fmul_32ns_32ns_32_3_max_dsp_1_U1518   |jedi_fmul_32ns_32ns_32_3_max_dsp_1   |        0|      3|  128|   77|    0|
    |jedi_fmul_32ns_32ns_32_3_max_dsp_1_U1519   |jedi_fmul_32ns_32ns_32_3_max_dsp_1   |        0|      3|  128|   77|    0|
    |jedi_fmul_32ns_32ns_32_3_max_dsp_1_U1520   |jedi_fmul_32ns_32ns_32_3_max_dsp_1   |        0|      3|  128|   77|    0|
    |jedi_fmul_32ns_32ns_32_3_max_dsp_1_U1521   |jedi_fmul_32ns_32ns_32_3_max_dsp_1   |        0|      3|  128|   77|    0|
    |jedi_fmul_32ns_32ns_32_3_max_dsp_1_U1522   |jedi_fmul_32ns_32ns_32_3_max_dsp_1   |        0|      3|  128|   77|    0|
    |jedi_fmul_32ns_32ns_32_3_max_dsp_1_U1523   |jedi_fmul_32ns_32ns_32_3_max_dsp_1   |        0|      3|  128|   77|    0|
    |jedi_fmul_32ns_32ns_32_3_max_dsp_1_U1524   |jedi_fmul_32ns_32ns_32_3_max_dsp_1   |        0|      3|  128|   77|    0|
    |jedi_fmul_32ns_32ns_32_3_max_dsp_1_U1525   |jedi_fmul_32ns_32ns_32_3_max_dsp_1   |        0|      3|  128|   77|    0|
    |jedi_fmul_32ns_32ns_32_3_max_dsp_1_U1526   |jedi_fmul_32ns_32ns_32_3_max_dsp_1   |        0|      3|  128|   77|    0|
    |jedi_fmul_32ns_32ns_32_3_max_dsp_1_U1527   |jedi_fmul_32ns_32ns_32_3_max_dsp_1   |        0|      3|  128|   77|    0|
    |jedi_fmul_32ns_32ns_32_3_max_dsp_1_U1528   |jedi_fmul_32ns_32ns_32_3_max_dsp_1   |        0|      3|  128|   77|    0|
    |jedi_fmul_32ns_32ns_32_3_max_dsp_1_U1529   |jedi_fmul_32ns_32ns_32_3_max_dsp_1   |        0|      3|  128|   77|    0|
    |jedi_fmul_32ns_32ns_32_3_max_dsp_1_U1530   |jedi_fmul_32ns_32ns_32_3_max_dsp_1   |        0|      3|  128|   77|    0|
    |jedi_fmul_32ns_32ns_32_3_max_dsp_1_U1531   |jedi_fmul_32ns_32ns_32_3_max_dsp_1   |        0|      3|  128|   77|    0|
    |jedi_fmul_32ns_32ns_32_3_max_dsp_1_U1532   |jedi_fmul_32ns_32ns_32_3_max_dsp_1   |        0|      3|  128|   77|    0|
    |jedi_fmul_32ns_32ns_32_3_max_dsp_1_U1533   |jedi_fmul_32ns_32ns_32_3_max_dsp_1   |        0|      3|  128|   77|    0|
    |jedi_fmul_32ns_32ns_32_3_max_dsp_1_U1534   |jedi_fmul_32ns_32ns_32_3_max_dsp_1   |        0|      3|  128|   77|    0|
    |jedi_fmul_32ns_32ns_32_3_max_dsp_1_U1535   |jedi_fmul_32ns_32ns_32_3_max_dsp_1   |        0|      3|  128|   77|    0|
    |jedi_fmul_32ns_32ns_32_3_max_dsp_1_U1536   |jedi_fmul_32ns_32ns_32_3_max_dsp_1   |        0|      3|  128|   77|    0|
    |jedi_fmul_32ns_32ns_32_3_max_dsp_1_U1537   |jedi_fmul_32ns_32ns_32_3_max_dsp_1   |        0|      3|  128|   77|    0|
    |jedi_fmul_32ns_32ns_32_3_max_dsp_1_U1538   |jedi_fmul_32ns_32ns_32_3_max_dsp_1   |        0|      3|  128|   77|    0|
    |jedi_fmul_32ns_32ns_32_3_max_dsp_1_U1539   |jedi_fmul_32ns_32ns_32_3_max_dsp_1   |        0|      3|  128|   77|    0|
    |jedi_fmul_32ns_32ns_32_3_max_dsp_1_U1540   |jedi_fmul_32ns_32ns_32_3_max_dsp_1   |        0|      3|  128|   77|    0|
    |jedi_fmul_32ns_32ns_32_3_max_dsp_1_U1541   |jedi_fmul_32ns_32ns_32_3_max_dsp_1   |        0|      3|  128|   77|    0|
    |jedi_fmul_32ns_32ns_32_3_max_dsp_1_U1542   |jedi_fmul_32ns_32ns_32_3_max_dsp_1   |        0|      3|  128|   77|    0|
    |jedi_fmul_32ns_32ns_32_3_max_dsp_1_U1543   |jedi_fmul_32ns_32ns_32_3_max_dsp_1   |        0|      3|  128|   77|    0|
    |jedi_fmul_32ns_32ns_32_3_max_dsp_1_U1544   |jedi_fmul_32ns_32ns_32_3_max_dsp_1   |        0|      3|  128|   77|    0|
    |jedi_fmul_32ns_32ns_32_3_max_dsp_1_U1545   |jedi_fmul_32ns_32ns_32_3_max_dsp_1   |        0|      3|  128|   77|    0|
    |jedi_fmul_32ns_32ns_32_3_max_dsp_1_U1546   |jedi_fmul_32ns_32ns_32_3_max_dsp_1   |        0|      3|  128|   77|    0|
    |jedi_fmul_32ns_32ns_32_3_max_dsp_1_U1547   |jedi_fmul_32ns_32ns_32_3_max_dsp_1   |        0|      3|  128|   77|    0|
    |jedi_fmul_32ns_32ns_32_3_max_dsp_1_U1548   |jedi_fmul_32ns_32ns_32_3_max_dsp_1   |        0|      3|  128|   77|    0|
    |jedi_fmul_32ns_32ns_32_3_max_dsp_1_U1549   |jedi_fmul_32ns_32ns_32_3_max_dsp_1   |        0|      3|  128|   77|    0|
    |jedi_fmul_32ns_32ns_32_3_max_dsp_1_U1550   |jedi_fmul_32ns_32ns_32_3_max_dsp_1   |        0|      3|  128|   77|    0|
    |jedi_fmul_32ns_32ns_32_3_max_dsp_1_U1551   |jedi_fmul_32ns_32ns_32_3_max_dsp_1   |        0|      3|  128|   77|    0|
    |jedi_fmul_32ns_32ns_32_3_max_dsp_1_U1552   |jedi_fmul_32ns_32ns_32_3_max_dsp_1   |        0|      3|  128|   77|    0|
    +-------------------------------------------+-------------------------------------+---------+-------+-----+-----+-----+
    |Total                                      |                                     |        0|    750|53850|45300|    0|
    +-------------------------------------------+-------------------------------------+---------+-------+-----+-----+-----+

    * DSP48E: 
    N/A

    * Memory: 
    N/A

    * FIFO: 
    N/A

    * Expression: 
    N/A

    * Multiplexer: 
    N/A

    * Register: 
    +-------------------------+-----+----+-----+-----------+
    |           Name          |  FF | LUT| Bits| Const Bits|
    +-------------------------+-----+----+-----+-----------+
    |data_0_read_int_reg      |   32|   0|   32|          0|
    |data_10_read11_reg_1950  |   32|   0|   32|          0|
    |data_10_read_int_reg     |   32|   0|   32|          0|
    |data_11_read12_reg_1936  |   32|   0|   32|          0|
    |data_11_read_int_reg     |   32|   0|   32|          0|
    |data_12_read13_reg_1922  |   32|   0|   32|          0|
    |data_12_read_int_reg     |   32|   0|   32|          0|
    |data_13_read14_reg_1908  |   32|   0|   32|          0|
    |data_13_read_int_reg     |   32|   0|   32|          0|
    |data_14_read15_reg_1894  |   32|   0|   32|          0|
    |data_14_read_int_reg     |   32|   0|   32|          0|
    |data_1_read_10_reg_2076  |   32|   0|   32|          0|
    |data_1_read_int_reg      |   32|   0|   32|          0|
    |data_2_read_10_reg_2062  |   32|   0|   32|          0|
    |data_2_read_int_reg      |   32|   0|   32|          0|
    |data_3_read_10_reg_2048  |   32|   0|   32|          0|
    |data_3_read_int_reg      |   32|   0|   32|          0|
    |data_4_read_10_reg_2034  |   32|   0|   32|          0|
    |data_4_read_int_reg      |   32|   0|   32|          0|
    |data_5_read_9_reg_2020   |   32|   0|   32|          0|
    |data_5_read_int_reg      |   32|   0|   32|          0|
    |data_6_read_9_reg_2006   |   32|   0|   32|          0|
    |data_6_read_int_reg      |   32|   0|   32|          0|
    |data_7_read_9_reg_1992   |   32|   0|   32|          0|
    |data_7_read_int_reg      |   32|   0|   32|          0|
    |data_8_read_9_reg_1978   |   32|   0|   32|          0|
    |data_8_read_int_reg      |   32|   0|   32|          0|
    |data_9_read_9_reg_1964   |   32|   0|   32|          0|
    |data_9_read_int_reg      |   32|   0|   32|          0|
    |tmp3_reg_2104            |   32|   0|   32|          0|
    |tmp_0_1_reg_2109         |   32|   0|   32|          0|
    |tmp_0_2_reg_2114         |   32|   0|   32|          0|
    |tmp_0_3_reg_2119         |   32|   0|   32|          0|
    |tmp_0_4_reg_2124         |   32|   0|   32|          0|
    |tmp_0_5_reg_2129         |   32|   0|   32|          0|
    |tmp_0_6_reg_2134         |   32|   0|   32|          0|
    |tmp_0_7_reg_2139         |   32|   0|   32|          0|
    |tmp_0_8_reg_2144         |   32|   0|   32|          0|
    |tmp_0_9_reg_2149         |   32|   0|   32|          0|
    |tmp_10_1_reg_3059        |   32|   0|   32|          0|
    |tmp_10_2_reg_3064        |   32|   0|   32|          0|
    |tmp_10_3_reg_3069        |   32|   0|   32|          0|
    |tmp_10_4_reg_3074        |   32|   0|   32|          0|
    |tmp_10_5_reg_3079        |   32|   0|   32|          0|
    |tmp_10_6_reg_3084        |   32|   0|   32|          0|
    |tmp_10_7_reg_3089        |   32|   0|   32|          0|
    |tmp_10_8_reg_3094        |   32|   0|   32|          0|
    |tmp_10_9_reg_3099        |   32|   0|   32|          0|
    |tmp_10_reg_3054          |   32|   0|   32|          0|
    |tmp_11_1_reg_3159        |   32|   0|   32|          0|
    |tmp_11_2_reg_3164        |   32|   0|   32|          0|
    |tmp_11_3_reg_3169        |   32|   0|   32|          0|
    |tmp_11_4_reg_3174        |   32|   0|   32|          0|
    |tmp_11_5_reg_3179        |   32|   0|   32|          0|
    |tmp_11_6_reg_3184        |   32|   0|   32|          0|
    |tmp_11_7_reg_3189        |   32|   0|   32|          0|
    |tmp_11_8_reg_3194        |   32|   0|   32|          0|
    |tmp_11_9_reg_3199        |   32|   0|   32|          0|
    |tmp_11_reg_3154          |   32|   0|   32|          0|
    |tmp_12_1_reg_3259        |   32|   0|   32|          0|
    |tmp_12_2_reg_3264        |   32|   0|   32|          0|
    |tmp_12_3_reg_3269        |   32|   0|   32|          0|
    |tmp_12_4_reg_3274        |   32|   0|   32|          0|
    |tmp_12_5_reg_3279        |   32|   0|   32|          0|
    |tmp_12_6_reg_3284        |   32|   0|   32|          0|
    |tmp_12_7_reg_3289        |   32|   0|   32|          0|
    |tmp_12_8_reg_3294        |   32|   0|   32|          0|
    |tmp_12_9_reg_3299        |   32|   0|   32|          0|
    |tmp_12_reg_3254          |   32|   0|   32|          0|
    |tmp_13_1_reg_3359        |   32|   0|   32|          0|
    |tmp_13_2_reg_3364        |   32|   0|   32|          0|
    |tmp_13_3_reg_3369        |   32|   0|   32|          0|
    |tmp_13_4_reg_3374        |   32|   0|   32|          0|
    |tmp_13_5_reg_3379        |   32|   0|   32|          0|
    |tmp_13_6_reg_3384        |   32|   0|   32|          0|
    |tmp_13_7_reg_3389        |   32|   0|   32|          0|
    |tmp_13_8_reg_3394        |   32|   0|   32|          0|
    |tmp_13_9_reg_3399        |   32|   0|   32|          0|
    |tmp_13_reg_3354          |   32|   0|   32|          0|
    |tmp_14_1_reg_3459        |   32|   0|   32|          0|
    |tmp_14_2_reg_3464        |   32|   0|   32|          0|
    |tmp_14_3_reg_3469        |   32|   0|   32|          0|
    |tmp_14_4_reg_3474        |   32|   0|   32|          0|
    |tmp_14_5_reg_3479        |   32|   0|   32|          0|
    |tmp_14_6_reg_3484        |   32|   0|   32|          0|
    |tmp_14_7_reg_3489        |   32|   0|   32|          0|
    |tmp_14_8_reg_3494        |   32|   0|   32|          0|
    |tmp_14_9_reg_3499        |   32|   0|   32|          0|
    |tmp_14_reg_3454          |   32|   0|   32|          0|
    |tmp_16_0_1_reg_2209      |   32|   0|   32|          0|
    |tmp_16_0_2_reg_2214      |   32|   0|   32|          0|
    |tmp_16_0_3_reg_2219      |   32|   0|   32|          0|
    |tmp_16_0_4_reg_2224      |   32|   0|   32|          0|
    |tmp_16_0_5_reg_2229      |   32|   0|   32|          0|
    |tmp_16_0_6_reg_2234      |   32|   0|   32|          0|
    |tmp_16_0_7_reg_2239      |   32|   0|   32|          0|
    |tmp_16_0_8_reg_2244      |   32|   0|   32|          0|
    |tmp_16_0_9_reg_2249      |   32|   0|   32|          0|
    |tmp_16_10_1_reg_3209     |   32|   0|   32|          0|
    |tmp_16_10_2_reg_3214     |   32|   0|   32|          0|
    |tmp_16_10_3_reg_3219     |   32|   0|   32|          0|
    |tmp_16_10_4_reg_3224     |   32|   0|   32|          0|
    |tmp_16_10_5_reg_3229     |   32|   0|   32|          0|
    |tmp_16_10_6_reg_3234     |   32|   0|   32|          0|
    |tmp_16_10_7_reg_3239     |   32|   0|   32|          0|
    |tmp_16_10_8_reg_3244     |   32|   0|   32|          0|
    |tmp_16_10_9_reg_3249     |   32|   0|   32|          0|
    |tmp_16_10_reg_3304       |   32|   0|   32|          0|
    |tmp_16_11_1_reg_3309     |   32|   0|   32|          0|
    |tmp_16_11_2_reg_3314     |   32|   0|   32|          0|
    |tmp_16_11_3_reg_3319     |   32|   0|   32|          0|
    |tmp_16_11_4_reg_3324     |   32|   0|   32|          0|
    |tmp_16_11_5_reg_3329     |   32|   0|   32|          0|
    |tmp_16_11_6_reg_3334     |   32|   0|   32|          0|
    |tmp_16_11_7_reg_3339     |   32|   0|   32|          0|
    |tmp_16_11_8_reg_3344     |   32|   0|   32|          0|
    |tmp_16_11_9_reg_3349     |   32|   0|   32|          0|
    |tmp_16_11_reg_3404       |   32|   0|   32|          0|
    |tmp_16_12_1_reg_3409     |   32|   0|   32|          0|
    |tmp_16_12_2_reg_3414     |   32|   0|   32|          0|
    |tmp_16_12_3_reg_3419     |   32|   0|   32|          0|
    |tmp_16_12_4_reg_3424     |   32|   0|   32|          0|
    |tmp_16_12_5_reg_3429     |   32|   0|   32|          0|
    |tmp_16_12_6_reg_3434     |   32|   0|   32|          0|
    |tmp_16_12_7_reg_3439     |   32|   0|   32|          0|
    |tmp_16_12_8_reg_3444     |   32|   0|   32|          0|
    |tmp_16_12_9_reg_3449     |   32|   0|   32|          0|
    |tmp_16_12_reg_3504       |   32|   0|   32|          0|
    |tmp_16_13_1_reg_3509     |   32|   0|   32|          0|
    |tmp_16_13_2_reg_3514     |   32|   0|   32|          0|
    |tmp_16_13_3_reg_3519     |   32|   0|   32|          0|
    |tmp_16_13_4_reg_3524     |   32|   0|   32|          0|
    |tmp_16_13_5_reg_3529     |   32|   0|   32|          0|
    |tmp_16_13_6_reg_3534     |   32|   0|   32|          0|
    |tmp_16_13_7_reg_3539     |   32|   0|   32|          0|
    |tmp_16_13_8_reg_3544     |   32|   0|   32|          0|
    |tmp_16_13_9_reg_3549     |   32|   0|   32|          0|
    |tmp_16_1_1_reg_2309      |   32|   0|   32|          0|
    |tmp_16_1_2_reg_2314      |   32|   0|   32|          0|
    |tmp_16_1_3_reg_2319      |   32|   0|   32|          0|
    |tmp_16_1_4_reg_2324      |   32|   0|   32|          0|
    |tmp_16_1_5_reg_2329      |   32|   0|   32|          0|
    |tmp_16_1_6_reg_2334      |   32|   0|   32|          0|
    |tmp_16_1_7_reg_2339      |   32|   0|   32|          0|
    |tmp_16_1_8_reg_2344      |   32|   0|   32|          0|
    |tmp_16_1_9_reg_2349      |   32|   0|   32|          0|
    |tmp_16_1_reg_2304        |   32|   0|   32|          0|
    |tmp_16_2_1_reg_2409      |   32|   0|   32|          0|
    |tmp_16_2_2_reg_2414      |   32|   0|   32|          0|
    |tmp_16_2_3_reg_2419      |   32|   0|   32|          0|
    |tmp_16_2_4_reg_2424      |   32|   0|   32|          0|
    |tmp_16_2_5_reg_2429      |   32|   0|   32|          0|
    |tmp_16_2_6_reg_2434      |   32|   0|   32|          0|
    |tmp_16_2_7_reg_2439      |   32|   0|   32|          0|
    |tmp_16_2_8_reg_2444      |   32|   0|   32|          0|
    |tmp_16_2_9_reg_2449      |   32|   0|   32|          0|
    |tmp_16_2_reg_2404        |   32|   0|   32|          0|
    |tmp_16_3_1_reg_2509      |   32|   0|   32|          0|
    |tmp_16_3_2_reg_2514      |   32|   0|   32|          0|
    |tmp_16_3_3_reg_2519      |   32|   0|   32|          0|
    |tmp_16_3_4_reg_2524      |   32|   0|   32|          0|
    |tmp_16_3_5_reg_2529      |   32|   0|   32|          0|
    |tmp_16_3_6_reg_2534      |   32|   0|   32|          0|
    |tmp_16_3_7_reg_2539      |   32|   0|   32|          0|
    |tmp_16_3_8_reg_2544      |   32|   0|   32|          0|
    |tmp_16_3_9_reg_2549      |   32|   0|   32|          0|
    |tmp_16_3_reg_2504        |   32|   0|   32|          0|
    |tmp_16_4_1_reg_2609      |   32|   0|   32|          0|
    |tmp_16_4_2_reg_2614      |   32|   0|   32|          0|
    |tmp_16_4_3_reg_2619      |   32|   0|   32|          0|
    |tmp_16_4_4_reg_2624      |   32|   0|   32|          0|
    |tmp_16_4_5_reg_2629      |   32|   0|   32|          0|
    |tmp_16_4_6_reg_2634      |   32|   0|   32|          0|
    |tmp_16_4_7_reg_2639      |   32|   0|   32|          0|
    |tmp_16_4_8_reg_2644      |   32|   0|   32|          0|
    |tmp_16_4_9_reg_2649      |   32|   0|   32|          0|
    |tmp_16_4_reg_2604        |   32|   0|   32|          0|
    |tmp_16_5_1_reg_2709      |   32|   0|   32|          0|
    |tmp_16_5_2_reg_2714      |   32|   0|   32|          0|
    |tmp_16_5_3_reg_2719      |   32|   0|   32|          0|
    |tmp_16_5_4_reg_2724      |   32|   0|   32|          0|
    |tmp_16_5_5_reg_2729      |   32|   0|   32|          0|
    |tmp_16_5_6_reg_2734      |   32|   0|   32|          0|
    |tmp_16_5_7_reg_2739      |   32|   0|   32|          0|
    |tmp_16_5_8_reg_2744      |   32|   0|   32|          0|
    |tmp_16_5_9_reg_2749      |   32|   0|   32|          0|
    |tmp_16_5_reg_2704        |   32|   0|   32|          0|
    |tmp_16_6_1_reg_2809      |   32|   0|   32|          0|
    |tmp_16_6_2_reg_2814      |   32|   0|   32|          0|
    |tmp_16_6_3_reg_2819      |   32|   0|   32|          0|
    |tmp_16_6_4_reg_2824      |   32|   0|   32|          0|
    |tmp_16_6_5_reg_2829      |   32|   0|   32|          0|
    |tmp_16_6_6_reg_2834      |   32|   0|   32|          0|
    |tmp_16_6_7_reg_2839      |   32|   0|   32|          0|
    |tmp_16_6_8_reg_2844      |   32|   0|   32|          0|
    |tmp_16_6_9_reg_2849      |   32|   0|   32|          0|
    |tmp_16_6_reg_2804        |   32|   0|   32|          0|
    |tmp_16_7_1_reg_2909      |   32|   0|   32|          0|
    |tmp_16_7_2_reg_2914      |   32|   0|   32|          0|
    |tmp_16_7_3_reg_2919      |   32|   0|   32|          0|
    |tmp_16_7_4_reg_2924      |   32|   0|   32|          0|
    |tmp_16_7_5_reg_2929      |   32|   0|   32|          0|
    |tmp_16_7_6_reg_2934      |   32|   0|   32|          0|
    |tmp_16_7_7_reg_2939      |   32|   0|   32|          0|
    |tmp_16_7_8_reg_2944      |   32|   0|   32|          0|
    |tmp_16_7_9_reg_2949      |   32|   0|   32|          0|
    |tmp_16_7_reg_2904        |   32|   0|   32|          0|
    |tmp_16_8_1_reg_3009      |   32|   0|   32|          0|
    |tmp_16_8_2_reg_3014      |   32|   0|   32|          0|
    |tmp_16_8_3_reg_3019      |   32|   0|   32|          0|
    |tmp_16_8_4_reg_3024      |   32|   0|   32|          0|
    |tmp_16_8_5_reg_3029      |   32|   0|   32|          0|
    |tmp_16_8_6_reg_3034      |   32|   0|   32|          0|
    |tmp_16_8_7_reg_3039      |   32|   0|   32|          0|
    |tmp_16_8_8_reg_3044      |   32|   0|   32|          0|
    |tmp_16_8_9_reg_3049      |   32|   0|   32|          0|
    |tmp_16_8_reg_3004        |   32|   0|   32|          0|
    |tmp_16_9_1_reg_3109      |   32|   0|   32|          0|
    |tmp_16_9_2_reg_3114      |   32|   0|   32|          0|
    |tmp_16_9_3_reg_3119      |   32|   0|   32|          0|
    |tmp_16_9_4_reg_3124      |   32|   0|   32|          0|
    |tmp_16_9_5_reg_3129      |   32|   0|   32|          0|
    |tmp_16_9_6_reg_3134      |   32|   0|   32|          0|
    |tmp_16_9_7_reg_3139      |   32|   0|   32|          0|
    |tmp_16_9_8_reg_3144      |   32|   0|   32|          0|
    |tmp_16_9_9_reg_3149      |   32|   0|   32|          0|
    |tmp_16_9_reg_3104        |   32|   0|   32|          0|
    |tmp_16_s_reg_3204        |   32|   0|   32|          0|
    |tmp_1_1_reg_2159         |   32|   0|   32|          0|
    |tmp_1_2_reg_2164         |   32|   0|   32|          0|
    |tmp_1_3_reg_2169         |   32|   0|   32|          0|
    |tmp_1_4_reg_2174         |   32|   0|   32|          0|
    |tmp_1_5_reg_2179         |   32|   0|   32|          0|
    |tmp_1_6_reg_2184         |   32|   0|   32|          0|
    |tmp_1_7_reg_2189         |   32|   0|   32|          0|
    |tmp_1_8_reg_2194         |   32|   0|   32|          0|
    |tmp_1_9_reg_2199         |   32|   0|   32|          0|
    |tmp_1_reg_2154           |   32|   0|   32|          0|
    |tmp_2_1_reg_2259         |   32|   0|   32|          0|
    |tmp_2_2_reg_2264         |   32|   0|   32|          0|
    |tmp_2_3_reg_2269         |   32|   0|   32|          0|
    |tmp_2_4_reg_2274         |   32|   0|   32|          0|
    |tmp_2_5_reg_2279         |   32|   0|   32|          0|
    |tmp_2_6_reg_2284         |   32|   0|   32|          0|
    |tmp_2_7_reg_2289         |   32|   0|   32|          0|
    |tmp_2_8_reg_2294         |   32|   0|   32|          0|
    |tmp_2_9_reg_2299         |   32|   0|   32|          0|
    |tmp_2_reg_2254           |   32|   0|   32|          0|
    |tmp_3_1_reg_2359         |   32|   0|   32|          0|
    |tmp_3_2_reg_2364         |   32|   0|   32|          0|
    |tmp_3_3_reg_2369         |   32|   0|   32|          0|
    |tmp_3_4_reg_2374         |   32|   0|   32|          0|
    |tmp_3_5_reg_2379         |   32|   0|   32|          0|
    |tmp_3_6_reg_2384         |   32|   0|   32|          0|
    |tmp_3_7_reg_2389         |   32|   0|   32|          0|
    |tmp_3_8_reg_2394         |   32|   0|   32|          0|
    |tmp_3_9_reg_2399         |   32|   0|   32|          0|
    |tmp_3_reg_2354           |   32|   0|   32|          0|
    |tmp_4_1_reg_2459         |   32|   0|   32|          0|
    |tmp_4_2_reg_2464         |   32|   0|   32|          0|
    |tmp_4_3_reg_2469         |   32|   0|   32|          0|
    |tmp_4_4_reg_2474         |   32|   0|   32|          0|
    |tmp_4_5_reg_2479         |   32|   0|   32|          0|
    |tmp_4_6_reg_2484         |   32|   0|   32|          0|
    |tmp_4_7_reg_2489         |   32|   0|   32|          0|
    |tmp_4_8_reg_2494         |   32|   0|   32|          0|
    |tmp_4_9_reg_2499         |   32|   0|   32|          0|
    |tmp_4_reg_2454           |   32|   0|   32|          0|
    |tmp_5_1_reg_2559         |   32|   0|   32|          0|
    |tmp_5_2_reg_2564         |   32|   0|   32|          0|
    |tmp_5_3_reg_2569         |   32|   0|   32|          0|
    |tmp_5_4_reg_2574         |   32|   0|   32|          0|
    |tmp_5_5_reg_2579         |   32|   0|   32|          0|
    |tmp_5_6_reg_2584         |   32|   0|   32|          0|
    |tmp_5_7_reg_2589         |   32|   0|   32|          0|
    |tmp_5_8_reg_2594         |   32|   0|   32|          0|
    |tmp_5_9_reg_2599         |   32|   0|   32|          0|
    |tmp_5_reg_2554           |   32|   0|   32|          0|
    |tmp_6_1_reg_2659         |   32|   0|   32|          0|
    |tmp_6_2_reg_2664         |   32|   0|   32|          0|
    |tmp_6_3_reg_2669         |   32|   0|   32|          0|
    |tmp_6_4_reg_2674         |   32|   0|   32|          0|
    |tmp_6_5_reg_2679         |   32|   0|   32|          0|
    |tmp_6_6_reg_2684         |   32|   0|   32|          0|
    |tmp_6_7_reg_2689         |   32|   0|   32|          0|
    |tmp_6_8_reg_2694         |   32|   0|   32|          0|
    |tmp_6_9_reg_2699         |   32|   0|   32|          0|
    |tmp_6_reg_2654           |   32|   0|   32|          0|
    |tmp_7_1_reg_2759         |   32|   0|   32|          0|
    |tmp_7_2_reg_2764         |   32|   0|   32|          0|
    |tmp_7_3_reg_2769         |   32|   0|   32|          0|
    |tmp_7_4_reg_2774         |   32|   0|   32|          0|
    |tmp_7_5_reg_2779         |   32|   0|   32|          0|
    |tmp_7_6_reg_2784         |   32|   0|   32|          0|
    |tmp_7_7_reg_2789         |   32|   0|   32|          0|
    |tmp_7_8_reg_2794         |   32|   0|   32|          0|
    |tmp_7_9_reg_2799         |   32|   0|   32|          0|
    |tmp_7_reg_2754           |   32|   0|   32|          0|
    |tmp_8_1_reg_2859         |   32|   0|   32|          0|
    |tmp_8_2_reg_2864         |   32|   0|   32|          0|
    |tmp_8_3_reg_2869         |   32|   0|   32|          0|
    |tmp_8_4_reg_2874         |   32|   0|   32|          0|
    |tmp_8_5_reg_2879         |   32|   0|   32|          0|
    |tmp_8_6_reg_2884         |   32|   0|   32|          0|
    |tmp_8_7_reg_2889         |   32|   0|   32|          0|
    |tmp_8_8_reg_2894         |   32|   0|   32|          0|
    |tmp_8_9_reg_2899         |   32|   0|   32|          0|
    |tmp_8_reg_2854           |   32|   0|   32|          0|
    |tmp_9_1_reg_2959         |   32|   0|   32|          0|
    |tmp_9_2_reg_2964         |   32|   0|   32|          0|
    |tmp_9_3_reg_2969         |   32|   0|   32|          0|
    |tmp_9_4_reg_2974         |   32|   0|   32|          0|
    |tmp_9_5_reg_2979         |   32|   0|   32|          0|
    |tmp_9_6_reg_2984         |   32|   0|   32|          0|
    |tmp_9_7_reg_2989         |   32|   0|   32|          0|
    |tmp_9_8_reg_2994         |   32|   0|   32|          0|
    |tmp_9_9_reg_2999         |   32|   0|   32|          0|
    |tmp_9_reg_2954           |   32|   0|   32|          0|
    |tmp_s_reg_2204           |   32|   0|   32|          0|
    |data_10_read11_reg_1950  |   64|  64|   32|          0|
    |data_11_read12_reg_1936  |   64|  64|   32|          0|
    |data_12_read13_reg_1922  |   64|  64|   32|          0|
    |data_13_read14_reg_1908  |   64|  64|   32|          0|
    |data_14_read15_reg_1894  |   64|  64|   32|          0|
    |data_1_read_10_reg_2076  |   64|  32|   32|          0|
    |data_2_read_10_reg_2062  |   64|  32|   32|          0|
    |data_3_read_10_reg_2048  |   64|  32|   32|          0|
    |data_4_read_10_reg_2034  |   64|  32|   32|          0|
    |data_5_read_9_reg_2020   |   64|  32|   32|          0|
    |data_6_read_9_reg_2006   |   64|  32|   32|          0|
    |data_7_read_9_reg_1992   |   64|  32|   32|          0|
    |data_8_read_9_reg_1978   |   64|  40|   32|          0|
    |data_9_read_9_reg_1964   |   64|  64|   32|          0|
    +-------------------------+-----+----+-----+-----------+
    |Total                    |11104| 648|10656|          0|
    +-------------------------+-----+----+-----+-----------+



================================================================
== Interface
================================================================
* Summary: 
+--------------+-----+-----+------------+---------------------------------------+--------------+
|   RTL Ports  | Dir | Bits|  Protocol  |             Source Object             |    C Type    |
+--------------+-----+-----+------------+---------------------------------------+--------------+
|ap_clk        |  in |    1| ap_ctrl_hs | dense_latency.0.0.0.0.0.0.0.0.0.0.0.1 | return value |
|ap_rst        |  in |    1| ap_ctrl_hs | dense_latency.0.0.0.0.0.0.0.0.0.0.0.1 | return value |
|ap_return_0   | out |   32| ap_ctrl_hs | dense_latency.0.0.0.0.0.0.0.0.0.0.0.1 | return value |
|ap_return_1   | out |   32| ap_ctrl_hs | dense_latency.0.0.0.0.0.0.0.0.0.0.0.1 | return value |
|ap_return_2   | out |   32| ap_ctrl_hs | dense_latency.0.0.0.0.0.0.0.0.0.0.0.1 | return value |
|ap_return_3   | out |   32| ap_ctrl_hs | dense_latency.0.0.0.0.0.0.0.0.0.0.0.1 | return value |
|ap_return_4   | out |   32| ap_ctrl_hs | dense_latency.0.0.0.0.0.0.0.0.0.0.0.1 | return value |
|ap_return_5   | out |   32| ap_ctrl_hs | dense_latency.0.0.0.0.0.0.0.0.0.0.0.1 | return value |
|ap_return_6   | out |   32| ap_ctrl_hs | dense_latency.0.0.0.0.0.0.0.0.0.0.0.1 | return value |
|ap_return_7   | out |   32| ap_ctrl_hs | dense_latency.0.0.0.0.0.0.0.0.0.0.0.1 | return value |
|ap_return_8   | out |   32| ap_ctrl_hs | dense_latency.0.0.0.0.0.0.0.0.0.0.0.1 | return value |
|ap_return_9   | out |   32| ap_ctrl_hs | dense_latency.0.0.0.0.0.0.0.0.0.0.0.1 | return value |
|data_0_read   |  in |   32|   ap_none  |              data_0_read              |    scalar    |
|data_1_read   |  in |   32|   ap_none  |              data_1_read              |    scalar    |
|data_2_read   |  in |   32|   ap_none  |              data_2_read              |    scalar    |
|data_3_read   |  in |   32|   ap_none  |              data_3_read              |    scalar    |
|data_4_read   |  in |   32|   ap_none  |              data_4_read              |    scalar    |
|data_5_read   |  in |   32|   ap_none  |              data_5_read              |    scalar    |
|data_6_read   |  in |   32|   ap_none  |              data_6_read              |    scalar    |
|data_7_read   |  in |   32|   ap_none  |              data_7_read              |    scalar    |
|data_8_read   |  in |   32|   ap_none  |              data_8_read              |    scalar    |
|data_9_read   |  in |   32|   ap_none  |              data_9_read              |    scalar    |
|data_10_read  |  in |   32|   ap_none  |              data_10_read             |    scalar    |
|data_11_read  |  in |   32|   ap_none  |              data_11_read             |    scalar    |
|data_12_read  |  in |   32|   ap_none  |              data_12_read             |    scalar    |
|data_13_read  |  in |   32|   ap_none  |              data_13_read             |    scalar    |
|data_14_read  |  in |   32|   ap_none  |              data_14_read             |    scalar    |
+--------------+-----+-----+------------+---------------------------------------+--------------+

