

================================================================
== Vivado HLS Report for 'dense_latency_0_0_0_0_0_0_0_0_0_0_0'
================================================================
* Date:           Sun Jul 18 16:10:08 2021

* Version:        2019.2 (Build 2704478 on Wed Nov 06 22:10:23 MST 2019)
* Project:        myproject_prj
* Solution:       solution1
* Product family: virtexuplus
* Target device:  xcu250-figd2104-2L-e


================================================================
== Performance Estimates
================================================================
+ Timing: 
    * Summary: 
    +--------+---------+----------+------------+
    |  Clock |  Target | Estimated| Uncertainty|
    +--------+---------+----------+------------+
    |ap_clk  | 5.00 ns | 4.084 ns |   0.62 ns  |
    +--------+---------+----------+------------+

+ Latency: 
    * Summary: 
    +---------+---------+----------+----------+-----+-----+----------+
    |  Latency (cycles) |  Latency (absolute) |  Interval | Pipeline |
    |   min   |   max   |    min   |    max   | min | max |   Type   |
    +---------+---------+----------+----------+-----+-----+----------+
    |       62|       62| 0.310 us | 0.310 us |    1|    1| function |
    +---------+---------+----------+----------+-----+-----+----------+

    + Detail: 
        * Instance: 
        N/A

        * Loop: 
        N/A



================================================================
== Utilization Estimates
================================================================
* Summary: 
+---------------------+---------+-------+---------+---------+------+
|         Name        | BRAM_18K| DSP48E|    FF   |   LUT   | URAM |
+---------------------+---------+-------+---------+---------+------+
|DSP                  |        -|      -|        -|        -|     -|
|Expression           |        -|      -|        -|        -|     -|
|FIFO                 |        -|      -|        -|        -|     -|
|Instance             |        -|    750|    53850|    45300|     -|
|Memory               |        -|      -|        -|        -|     -|
|Multiplexer          |        -|      -|        -|        -|     -|
|Register             |        0|      -|    11104|      648|     -|
+---------------------+---------+-------+---------+---------+------+
|Total                |        0|    750|    64954|    45948|     0|
+---------------------+---------+-------+---------+---------+------+
|Available SLR        |     1344|   3072|   864000|   432000|   320|
+---------------------+---------+-------+---------+---------+------+
|Utilization SLR (%)  |        0|     24|        7|       10|     0|
+---------------------+---------+-------+---------+---------+------+
|Available            |     5376|  12288|  3456000|  1728000|  1280|
+---------------------+---------+-------+---------+---------+------+
|Utilization (%)      |        0|      6|        1|        2|     0|
+---------------------+---------+-------+---------+---------+------+

+ Detail: 
    * Instance: 
    +-------------------------------------------+-------------------------------------+---------+-------+-----+-----+-----+
    |                  Instance                 |                Module               | BRAM_18K| DSP48E|  FF | LUT | URAM|
    +-------------------------------------------+-------------------------------------+---------+-------+-----+-----+-----+
    |jedi_fadd_32ns_32ns_32_4_full_dsp_1_U2831  |jedi_fadd_32ns_32ns_32_4_full_dsp_1  |        0|      2|  231|  225|    0|
    |jedi_fadd_32ns_32ns_32_4_full_dsp_1_U2832  |jedi_fadd_32ns_32ns_32_4_full_dsp_1  |        0|      2|  231|  225|    0|
    |jedi_fadd_32ns_32ns_32_4_full_dsp_1_U2833  |jedi_fadd_32ns_32ns_32_4_full_dsp_1  |        0|      2|  231|  225|    0|
    |jedi_fadd_32ns_32ns_32_4_full_dsp_1_U2834  |jedi_fadd_32ns_32ns_32_4_full_dsp_1  |        0|      2|  231|  225|    0|
    |jedi_fadd_32ns_32ns_32_4_full_dsp_1_U2835  |jedi_fadd_32ns_32ns_32_4_full_dsp_1  |        0|      2|  231|  225|    0|
    |jedi_fadd_32ns_32ns_32_4_full_dsp_1_U2836  |jedi_fadd_32ns_32ns_32_4_full_dsp_1  |        0|      2|  231|  225|    0|
    |jedi_fadd_32ns_32ns_32_4_full_dsp_1_U2837  |jedi_fadd_32ns_32ns_32_4_full_dsp_1  |        0|      2|  231|  225|    0|
    |jedi_fadd_32ns_32ns_32_4_full_dsp_1_U2838  |jedi_fadd_32ns_32ns_32_4_full_dsp_1  |        0|      2|  231|  225|    0|
    |jedi_fadd_32ns_32ns_32_4_full_dsp_1_U2839  |jedi_fadd_32ns_32ns_32_4_full_dsp_1  |        0|      2|  231|  225|    0|
    |jedi_fadd_32ns_32ns_32_4_full_dsp_1_U2840  |jedi_fadd_32ns_32ns_32_4_full_dsp_1  |        0|      2|  231|  225|    0|
    |jedi_fadd_32ns_32ns_32_4_full_dsp_1_U2841  |jedi_fadd_32ns_32ns_32_4_full_dsp_1  |        0|      2|  231|  225|    0|
    |jedi_fadd_32ns_32ns_32_4_full_dsp_1_U2842  |jedi_fadd_32ns_32ns_32_4_full_dsp_1  |        0|      2|  231|  225|    0|
    |jedi_fadd_32ns_32ns_32_4_full_dsp_1_U2843  |jedi_fadd_32ns_32ns_32_4_full_dsp_1  |        0|      2|  231|  225|    0|
    |jedi_fadd_32ns_32ns_32_4_full_dsp_1_U2844  |jedi_fadd_32ns_32ns_32_4_full_dsp_1  |        0|      2|  231|  225|    0|
    |jedi_fadd_32ns_32ns_32_4_full_dsp_1_U2845  |jedi_fadd_32ns_32ns_32_4_full_dsp_1  |        0|      2|  231|  225|    0|
    |jedi_fadd_32ns_32ns_32_4_full_dsp_1_U2846  |jedi_fadd_32ns_32ns_32_4_full_dsp_1  |        0|      2|  231|  225|    0|
    |jedi_fadd_32ns_32ns_32_4_full_dsp_1_U2847  |jedi_fadd_32ns_32ns_32_4_full_dsp_1  |        0|      2|  231|  225|    0|
    |jedi_fadd_32ns_32ns_32_4_full_dsp_1_U2848  |jedi_fadd_32ns_32ns_32_4_full_dsp_1  |        0|      2|  231|  225|    0|
    |jedi_fadd_32ns_32ns_32_4_full_dsp_1_U2849  |jedi_fadd_32ns_32ns_32_4_full_dsp_1  |        0|      2|  231|  225|    0|
    |jedi_fadd_32ns_32ns_32_4_full_dsp_1_U2850  |jedi_fadd_32ns_32ns_32_4_full_dsp_1  |        0|      2|  231|  225|    0|
    |jedi_fadd_32ns_32ns_32_4_full_dsp_1_U2851  |jedi_fadd_32ns_32ns_32_4_full_dsp_1  |        0|      2|  231|  225|    0|
    |jedi_fadd_32ns_32ns_32_4_full_dsp_1_U2852  |jedi_fadd_32ns_32ns_32_4_full_dsp_1  |        0|      2|  231|  225|    0|
    |jedi_fadd_32ns_32ns_32_4_full_dsp_1_U2853  |jedi_fadd_32ns_32ns_32_4_full_dsp_1  |        0|      2|  231|  225|    0|
    |jedi_fadd_32ns_32ns_32_4_full_dsp_1_U2854  |jedi_fadd_32ns_32ns_32_4_full_dsp_1  |        0|      2|  231|  225|    0|
    |jedi_fadd_32ns_32ns_32_4_full_dsp_1_U2855  |jedi_fadd_32ns_32ns_32_4_full_dsp_1  |        0|      2|  231|  225|    0|
    |jedi_fadd_32ns_32ns_32_4_full_dsp_1_U2856  |jedi_fadd_32ns_32ns_32_4_full_dsp_1  |        0|      2|  231|  225|    0|
    |jedi_fadd_32ns_32ns_32_4_full_dsp_1_U2857  |jedi_fadd_32ns_32ns_32_4_full_dsp_1  |        0|      2|  231|  225|    0|
    |jedi_fadd_32ns_32ns_32_4_full_dsp_1_U2858  |jedi_fadd_32ns_32ns_32_4_full_dsp_1  |        0|      2|  231|  225|    0|
    |jedi_fadd_32ns_32ns_32_4_full_dsp_1_U2859  |jedi_fadd_32ns_32ns_32_4_full_dsp_1  |        0|      2|  231|  225|    0|
    |jedi_fadd_32ns_32ns_32_4_full_dsp_1_U2860  |jedi_fadd_32ns_32ns_32_4_full_dsp_1  |        0|      2|  231|  225|    0|
    |jedi_fadd_32ns_32ns_32_4_full_dsp_1_U2861  |jedi_fadd_32ns_32ns_32_4_full_dsp_1  |        0|      2|  231|  225|    0|
    |jedi_fadd_32ns_32ns_32_4_full_dsp_1_U2862  |jedi_fadd_32ns_32ns_32_4_full_dsp_1  |        0|      2|  231|  225|    0|
    |jedi_fadd_32ns_32ns_32_4_full_dsp_1_U2863  |jedi_fadd_32ns_32ns_32_4_full_dsp_1  |        0|      2|  231|  225|    0|
    |jedi_fadd_32ns_32ns_32_4_full_dsp_1_U2864  |jedi_fadd_32ns_32ns_32_4_full_dsp_1  |        0|      2|  231|  225|    0|
    |jedi_fadd_32ns_32ns_32_4_full_dsp_1_U2865  |jedi_fadd_32ns_32ns_32_4_full_dsp_1  |        0|      2|  231|  225|    0|
    |jedi_fadd_32ns_32ns_32_4_full_dsp_1_U2866  |jedi_fadd_32ns_32ns_32_4_full_dsp_1  |        0|      2|  231|  225|    0|
    |jedi_fadd_32ns_32ns_32_4_full_dsp_1_U2867  |jedi_fadd_32ns_32ns_32_4_full_dsp_1  |        0|      2|  231|  225|    0|
    |jedi_fadd_32ns_32ns_32_4_full_dsp_1_U2868  |jedi_fadd_32ns_32ns_32_4_full_dsp_1  |        0|      2|  231|  225|    0|
    |jedi_fadd_32ns_32ns_32_4_full_dsp_1_U2869  |jedi_fadd_32ns_32ns_32_4_full_dsp_1  |        0|      2|  231|  225|    0|
    |jedi_fadd_32ns_32ns_32_4_full_dsp_1_U2870  |jedi_fadd_32ns_32ns_32_4_full_dsp_1  |        0|      2|  231|  225|    0|
    |jedi_fadd_32ns_32ns_32_4_full_dsp_1_U2871  |jedi_fadd_32ns_32ns_32_4_full_dsp_1  |        0|      2|  231|  225|    0|
    |jedi_fadd_32ns_32ns_32_4_full_dsp_1_U2872  |jedi_fadd_32ns_32ns_32_4_full_dsp_1  |        0|      2|  231|  225|    0|
    |jedi_fadd_32ns_32ns_32_4_full_dsp_1_U2873  |jedi_fadd_32ns_32ns_32_4_full_dsp_1  |        0|      2|  231|  225|    0|
    |jedi_fadd_32ns_32ns_32_4_full_dsp_1_U2874  |jedi_fadd_32ns_32ns_32_4_full_dsp_1  |        0|      2|  231|  225|    0|
    |jedi_fadd_32ns_32ns_32_4_full_dsp_1_U2875  |jedi_fadd_32ns_32ns_32_4_full_dsp_1  |        0|      2|  231|  225|    0|
    |jedi_fadd_32ns_32ns_32_4_full_dsp_1_U2876  |jedi_fadd_32ns_32ns_32_4_full_dsp_1  |        0|      2|  231|  225|    0|
    |jedi_fadd_32ns_32ns_32_4_full_dsp_1_U2877  |jedi_fadd_32ns_32ns_32_4_full_dsp_1  |        0|      2|  231|  225|    0|
    |jedi_fadd_32ns_32ns_32_4_full_dsp_1_U2878  |jedi_fadd_32ns_32ns_32_4_full_dsp_1  |        0|      2|  231|  225|    0|
    |jedi_fadd_32ns_32ns_32_4_full_dsp_1_U2879  |jedi_fadd_32ns_32ns_32_4_full_dsp_1  |        0|      2|  231|  225|    0|
    |jedi_fadd_32ns_32ns_32_4_full_dsp_1_U2880  |jedi_fadd_32ns_32ns_32_4_full_dsp_1  |        0|      2|  231|  225|    0|
    |jedi_fadd_32ns_32ns_32_4_full_dsp_1_U2881  |jedi_fadd_32ns_32ns_32_4_full_dsp_1  |        0|      2|  231|  225|    0|
    |jedi_fadd_32ns_32ns_32_4_full_dsp_1_U2882  |jedi_fadd_32ns_32ns_32_4_full_dsp_1  |        0|      2|  231|  225|    0|
    |jedi_fadd_32ns_32ns_32_4_full_dsp_1_U2883  |jedi_fadd_32ns_32ns_32_4_full_dsp_1  |        0|      2|  231|  225|    0|
    |jedi_fadd_32ns_32ns_32_4_full_dsp_1_U2884  |jedi_fadd_32ns_32ns_32_4_full_dsp_1  |        0|      2|  231|  225|    0|
    |jedi_fadd_32ns_32ns_32_4_full_dsp_1_U2885  |jedi_fadd_32ns_32ns_32_4_full_dsp_1  |        0|      2|  231|  225|    0|
    |jedi_fadd_32ns_32ns_32_4_full_dsp_1_U2886  |jedi_fadd_32ns_32ns_32_4_full_dsp_1  |        0|      2|  231|  225|    0|
    |jedi_fadd_32ns_32ns_32_4_full_dsp_1_U2887  |jedi_fadd_32ns_32ns_32_4_full_dsp_1  |        0|      2|  231|  225|    0|
    |jedi_fadd_32ns_32ns_32_4_full_dsp_1_U2888  |jedi_fadd_32ns_32ns_32_4_full_dsp_1  |        0|      2|  231|  225|    0|
    |jedi_fadd_32ns_32ns_32_4_full_dsp_1_U2889  |jedi_fadd_32ns_32ns_32_4_full_dsp_1  |        0|      2|  231|  225|    0|
    |jedi_fadd_32ns_32ns_32_4_full_dsp_1_U2890  |jedi_fadd_32ns_32ns_32_4_full_dsp_1  |        0|      2|  231|  225|    0|
    |jedi_fadd_32ns_32ns_32_4_full_dsp_1_U2891  |jedi_fadd_32ns_32ns_32_4_full_dsp_1  |        0|      2|  231|  225|    0|
    |jedi_fadd_32ns_32ns_32_4_full_dsp_1_U2892  |jedi_fadd_32ns_32ns_32_4_full_dsp_1  |        0|      2|  231|  225|    0|
    |jedi_fadd_32ns_32ns_32_4_full_dsp_1_U2893  |jedi_fadd_32ns_32ns_32_4_full_dsp_1  |        0|      2|  231|  225|    0|
    |jedi_fadd_32ns_32ns_32_4_full_dsp_1_U2894  |jedi_fadd_32ns_32ns_32_4_full_dsp_1  |        0|      2|  231|  225|    0|
    |jedi_fadd_32ns_32ns_32_4_full_dsp_1_U2895  |jedi_fadd_32ns_32ns_32_4_full_dsp_1  |        0|      2|  231|  225|    0|
    |jedi_fadd_32ns_32ns_32_4_full_dsp_1_U2896  |jedi_fadd_32ns_32ns_32_4_full_dsp_1  |        0|      2|  231|  225|    0|
    |jedi_fadd_32ns_32ns_32_4_full_dsp_1_U2897  |jedi_fadd_32ns_32ns_32_4_full_dsp_1  |        0|      2|  231|  225|    0|
    |jedi_fadd_32ns_32ns_32_4_full_dsp_1_U2898  |jedi_fadd_32ns_32ns_32_4_full_dsp_1  |        0|      2|  231|  225|    0|
    |jedi_fadd_32ns_32ns_32_4_full_dsp_1_U2899  |jedi_fadd_32ns_32ns_32_4_full_dsp_1  |        0|      2|  231|  225|    0|
    |jedi_fadd_32ns_32ns_32_4_full_dsp_1_U2900  |jedi_fadd_32ns_32ns_32_4_full_dsp_1  |        0|      2|  231|  225|    0|
    |jedi_fadd_32ns_32ns_32_4_full_dsp_1_U2901  |jedi_fadd_32ns_32ns_32_4_full_dsp_1  |        0|      2|  231|  225|    0|
    |jedi_fadd_32ns_32ns_32_4_full_dsp_1_U2902  |jedi_fadd_32ns_32ns_32_4_full_dsp_1  |        0|      2|  231|  225|    0|
    |jedi_fadd_32ns_32ns_32_4_full_dsp_1_U2903  |jedi_fadd_32ns_32ns_32_4_full_dsp_1  |        0|      2|  231|  225|    0|
    |jedi_fadd_32ns_32ns_32_4_full_dsp_1_U2904  |jedi_fadd_32ns_32ns_32_4_full_dsp_1  |        0|      2|  231|  225|    0|
    |jedi_fadd_32ns_32ns_32_4_full_dsp_1_U2905  |jedi_fadd_32ns_32ns_32_4_full_dsp_1  |        0|      2|  231|  225|    0|
    |jedi_fadd_32ns_32ns_32_4_full_dsp_1_U2906  |jedi_fadd_32ns_32ns_32_4_full_dsp_1  |        0|      2|  231|  225|    0|
    |jedi_fadd_32ns_32ns_32_4_full_dsp_1_U2907  |jedi_fadd_32ns_32ns_32_4_full_dsp_1  |        0|      2|  231|  225|    0|
    |jedi_fadd_32ns_32ns_32_4_full_dsp_1_U2908  |jedi_fadd_32ns_32ns_32_4_full_dsp_1  |        0|      2|  231|  225|    0|
    |jedi_fadd_32ns_32ns_32_4_full_dsp_1_U2909  |jedi_fadd_32ns_32ns_32_4_full_dsp_1  |        0|      2|  231|  225|    0|
    |jedi_fadd_32ns_32ns_32_4_full_dsp_1_U2910  |jedi_fadd_32ns_32ns_32_4_full_dsp_1  |        0|      2|  231|  225|    0|
    |jedi_fadd_32ns_32ns_32_4_full_dsp_1_U2911  |jedi_fadd_32ns_32ns_32_4_full_dsp_1  |        0|      2|  231|  225|    0|
    |jedi_fadd_32ns_32ns_32_4_full_dsp_1_U2912  |jedi_fadd_32ns_32ns_32_4_full_dsp_1  |        0|      2|  231|  225|    0|
    |jedi_fadd_32ns_32ns_32_4_full_dsp_1_U2913  |jedi_fadd_32ns_32ns_32_4_full_dsp_1  |        0|      2|  231|  225|    0|
    |jedi_fadd_32ns_32ns_32_4_full_dsp_1_U2914  |jedi_fadd_32ns_32ns_32_4_full_dsp_1  |        0|      2|  231|  225|    0|
    |jedi_fadd_32ns_32ns_32_4_full_dsp_1_U2915  |jedi_fadd_32ns_32ns_32_4_full_dsp_1  |        0|      2|  231|  225|    0|
    |jedi_fadd_32ns_32ns_32_4_full_dsp_1_U2916  |jedi_fadd_32ns_32ns_32_4_full_dsp_1  |        0|      2|  231|  225|    0|
    |jedi_fadd_32ns_32ns_32_4_full_dsp_1_U2917  |jedi_fadd_32ns_32ns_32_4_full_dsp_1  |        0|      2|  231|  225|    0|
    |jedi_fadd_32ns_32ns_32_4_full_dsp_1_U2918  |jedi_fadd_32ns_32ns_32_4_full_dsp_1  |        0|      2|  231|  225|    0|
    |jedi_fadd_32ns_32ns_32_4_full_dsp_1_U2919  |jedi_fadd_32ns_32ns_32_4_full_dsp_1  |        0|      2|  231|  225|    0|
    |jedi_fadd_32ns_32ns_32_4_full_dsp_1_U2920  |jedi_fadd_32ns_32ns_32_4_full_dsp_1  |        0|      2|  231|  225|    0|
    |jedi_fadd_32ns_32ns_32_4_full_dsp_1_U2921  |jedi_fadd_32ns_32ns_32_4_full_dsp_1  |        0|      2|  231|  225|    0|
    |jedi_fadd_32ns_32ns_32_4_full_dsp_1_U2922  |jedi_fadd_32ns_32ns_32_4_full_dsp_1  |        0|      2|  231|  225|    0|
    |jedi_fadd_32ns_32ns_32_4_full_dsp_1_U2923  |jedi_fadd_32ns_32ns_32_4_full_dsp_1  |        0|      2|  231|  225|    0|
    |jedi_fadd_32ns_32ns_32_4_full_dsp_1_U2924  |jedi_fadd_32ns_32ns_32_4_full_dsp_1  |        0|      2|  231|  225|    0|
    |jedi_fadd_32ns_32ns_32_4_full_dsp_1_U2925  |jedi_fadd_32ns_32ns_32_4_full_dsp_1  |        0|      2|  231|  225|    0|
    |jedi_fadd_32ns_32ns_32_4_full_dsp_1_U2926  |jedi_fadd_32ns_32ns_32_4_full_dsp_1  |        0|      2|  231|  225|    0|
    |jedi_fadd_32ns_32ns_32_4_full_dsp_1_U2927  |jedi_fadd_32ns_32ns_32_4_full_dsp_1  |        0|      2|  231|  225|    0|
    |jedi_fadd_32ns_32ns_32_4_full_dsp_1_U2928  |jedi_fadd_32ns_32ns_32_4_full_dsp_1  |        0|      2|  231|  225|    0|
    |jedi_fadd_32ns_32ns_32_4_full_dsp_1_U2929  |jedi_fadd_32ns_32ns_32_4_full_dsp_1  |        0|      2|  231|  225|    0|
    |jedi_fadd_32ns_32ns_32_4_full_dsp_1_U2930  |jedi_fadd_32ns_32ns_32_4_full_dsp_1  |        0|      2|  231|  225|    0|
    |jedi_fadd_32ns_32ns_32_4_full_dsp_1_U2931  |jedi_fadd_32ns_32ns_32_4_full_dsp_1  |        0|      2|  231|  225|    0|
    |jedi_fadd_32ns_32ns_32_4_full_dsp_1_U2932  |jedi_fadd_32ns_32ns_32_4_full_dsp_1  |        0|      2|  231|  225|    0|
    |jedi_fadd_32ns_32ns_32_4_full_dsp_1_U2933  |jedi_fadd_32ns_32ns_32_4_full_dsp_1  |        0|      2|  231|  225|    0|
    |jedi_fadd_32ns_32ns_32_4_full_dsp_1_U2934  |jedi_fadd_32ns_32ns_32_4_full_dsp_1  |        0|      2|  231|  225|    0|
    |jedi_fadd_32ns_32ns_32_4_full_dsp_1_U2935  |jedi_fadd_32ns_32ns_32_4_full_dsp_1  |        0|      2|  231|  225|    0|
    |jedi_fadd_32ns_32ns_32_4_full_dsp_1_U2936  |jedi_fadd_32ns_32ns_32_4_full_dsp_1  |        0|      2|  231|  225|    0|
    |jedi_fadd_32ns_32ns_32_4_full_dsp_1_U2937  |jedi_fadd_32ns_32ns_32_4_full_dsp_1  |        0|      2|  231|  225|    0|
    |jedi_fadd_32ns_32ns_32_4_full_dsp_1_U2938  |jedi_fadd_32ns_32ns_32_4_full_dsp_1  |        0|      2|  231|  225|    0|
    |jedi_fadd_32ns_32ns_32_4_full_dsp_1_U2939  |jedi_fadd_32ns_32ns_32_4_full_dsp_1  |        0|      2|  231|  225|    0|
    |jedi_fadd_32ns_32ns_32_4_full_dsp_1_U2940  |jedi_fadd_32ns_32ns_32_4_full_dsp_1  |        0|      2|  231|  225|    0|
    |jedi_fadd_32ns_32ns_32_4_full_dsp_1_U2941  |jedi_fadd_32ns_32ns_32_4_full_dsp_1  |        0|      2|  231|  225|    0|
    |jedi_fadd_32ns_32ns_32_4_full_dsp_1_U2942  |jedi_fadd_32ns_32ns_32_4_full_dsp_1  |        0|      2|  231|  225|    0|
    |jedi_fadd_32ns_32ns_32_4_full_dsp_1_U2943  |jedi_fadd_32ns_32ns_32_4_full_dsp_1  |        0|      2|  231|  225|    0|
    |jedi_fadd_32ns_32ns_32_4_full_dsp_1_U2944  |jedi_fadd_32ns_32ns_32_4_full_dsp_1  |        0|      2|  231|  225|    0|
    |jedi_fadd_32ns_32ns_32_4_full_dsp_1_U2945  |jedi_fadd_32ns_32ns_32_4_full_dsp_1  |        0|      2|  231|  225|    0|
    |jedi_fadd_32ns_32ns_32_4_full_dsp_1_U2946  |jedi_fadd_32ns_32ns_32_4_full_dsp_1  |        0|      2|  231|  225|    0|
    |jedi_fadd_32ns_32ns_32_4_full_dsp_1_U2947  |jedi_fadd_32ns_32ns_32_4_full_dsp_1  |        0|      2|  231|  225|    0|
    |jedi_fadd_32ns_32ns_32_4_full_dsp_1_U2948  |jedi_fadd_32ns_32ns_32_4_full_dsp_1  |        0|      2|  231|  225|    0|
    |jedi_fadd_32ns_32ns_32_4_full_dsp_1_U2949  |jedi_fadd_32ns_32ns_32_4_full_dsp_1  |        0|      2|  231|  225|    0|
    |jedi_fadd_32ns_32ns_32_4_full_dsp_1_U2950  |jedi_fadd_32ns_32ns_32_4_full_dsp_1  |        0|      2|  231|  225|    0|
    |jedi_fadd_32ns_32ns_32_4_full_dsp_1_U2951  |jedi_fadd_32ns_32ns_32_4_full_dsp_1  |        0|      2|  231|  225|    0|
    |jedi_fadd_32ns_32ns_32_4_full_dsp_1_U2952  |jedi_fadd_32ns_32ns_32_4_full_dsp_1  |        0|      2|  231|  225|    0|
    |jedi_fadd_32ns_32ns_32_4_full_dsp_1_U2953  |jedi_fadd_32ns_32ns_32_4_full_dsp_1  |        0|      2|  231|  225|    0|
    |jedi_fadd_32ns_32ns_32_4_full_dsp_1_U2954  |jedi_fadd_32ns_32ns_32_4_full_dsp_1  |        0|      2|  231|  225|    0|
    |jedi_fadd_32ns_32ns_32_4_full_dsp_1_U2955  |jedi_fadd_32ns_32ns_32_4_full_dsp_1  |        0|      2|  231|  225|    0|
    |jedi_fadd_32ns_32ns_32_4_full_dsp_1_U2956  |jedi_fadd_32ns_32ns_32_4_full_dsp_1  |        0|      2|  231|  225|    0|
    |jedi_fadd_32ns_32ns_32_4_full_dsp_1_U2957  |jedi_fadd_32ns_32ns_32_4_full_dsp_1  |        0|      2|  231|  225|    0|
    |jedi_fadd_32ns_32ns_32_4_full_dsp_1_U2958  |jedi_fadd_32ns_32ns_32_4_full_dsp_1  |        0|      2|  231|  225|    0|
    |jedi_fadd_32ns_32ns_32_4_full_dsp_1_U2959  |jedi_fadd_32ns_32ns_32_4_full_dsp_1  |        0|      2|  231|  225|    0|
    |jedi_fadd_32ns_32ns_32_4_full_dsp_1_U2960  |jedi_fadd_32ns_32ns_32_4_full_dsp_1  |        0|      2|  231|  225|    0|
    |jedi_fadd_32ns_32ns_32_4_full_dsp_1_U2961  |jedi_fadd_32ns_32ns_32_4_full_dsp_1  |        0|      2|  231|  225|    0|
    |jedi_fadd_32ns_32ns_32_4_full_dsp_1_U2962  |jedi_fadd_32ns_32ns_32_4_full_dsp_1  |        0|      2|  231|  225|    0|
    |jedi_fadd_32ns_32ns_32_4_full_dsp_1_U2963  |jedi_fadd_32ns_32ns_32_4_full_dsp_1  |        0|      2|  231|  225|    0|
    |jedi_fadd_32ns_32ns_32_4_full_dsp_1_U2964  |jedi_fadd_32ns_32ns_32_4_full_dsp_1  |        0|      2|  231|  225|    0|
    |jedi_fadd_32ns_32ns_32_4_full_dsp_1_U2965  |jedi_fadd_32ns_32ns_32_4_full_dsp_1  |        0|      2|  231|  225|    0|
    |jedi_fadd_32ns_32ns_32_4_full_dsp_1_U2966  |jedi_fadd_32ns_32ns_32_4_full_dsp_1  |        0|      2|  231|  225|    0|
    |jedi_fadd_32ns_32ns_32_4_full_dsp_1_U2967  |jedi_fadd_32ns_32ns_32_4_full_dsp_1  |        0|      2|  231|  225|    0|
    |jedi_fadd_32ns_32ns_32_4_full_dsp_1_U2968  |jedi_fadd_32ns_32ns_32_4_full_dsp_1  |        0|      2|  231|  225|    0|
    |jedi_fadd_32ns_32ns_32_4_full_dsp_1_U2969  |jedi_fadd_32ns_32ns_32_4_full_dsp_1  |        0|      2|  231|  225|    0|
    |jedi_fadd_32ns_32ns_32_4_full_dsp_1_U2970  |jedi_fadd_32ns_32ns_32_4_full_dsp_1  |        0|      2|  231|  225|    0|
    |jedi_fadd_32ns_32ns_32_4_full_dsp_1_U2971  |jedi_fadd_32ns_32ns_32_4_full_dsp_1  |        0|      2|  231|  225|    0|
    |jedi_fadd_32ns_32ns_32_4_full_dsp_1_U2972  |jedi_fadd_32ns_32ns_32_4_full_dsp_1  |        0|      2|  231|  225|    0|
    |jedi_fadd_32ns_32ns_32_4_full_dsp_1_U2973  |jedi_fadd_32ns_32ns_32_4_full_dsp_1  |        0|      2|  231|  225|    0|
    |jedi_fadd_32ns_32ns_32_4_full_dsp_1_U2974  |jedi_fadd_32ns_32ns_32_4_full_dsp_1  |        0|      2|  231|  225|    0|
    |jedi_fadd_32ns_32ns_32_4_full_dsp_1_U2975  |jedi_fadd_32ns_32ns_32_4_full_dsp_1  |        0|      2|  231|  225|    0|
    |jedi_fadd_32ns_32ns_32_4_full_dsp_1_U2976  |jedi_fadd_32ns_32ns_32_4_full_dsp_1  |        0|      2|  231|  225|    0|
    |jedi_fadd_32ns_32ns_32_4_full_dsp_1_U2977  |jedi_fadd_32ns_32ns_32_4_full_dsp_1  |        0|      2|  231|  225|    0|
    |jedi_fadd_32ns_32ns_32_4_full_dsp_1_U2978  |jedi_fadd_32ns_32ns_32_4_full_dsp_1  |        0|      2|  231|  225|    0|
    |jedi_fadd_32ns_32ns_32_4_full_dsp_1_U2979  |jedi_fadd_32ns_32ns_32_4_full_dsp_1  |        0|      2|  231|  225|    0|
    |jedi_fadd_32ns_32ns_32_4_full_dsp_1_U2980  |jedi_fadd_32ns_32ns_32_4_full_dsp_1  |        0|      2|  231|  225|    0|
    |jedi_fmul_32ns_32ns_32_3_max_dsp_1_U2981   |jedi_fmul_32ns_32ns_32_3_max_dsp_1   |        0|      3|  128|   77|    0|
    |jedi_fmul_32ns_32ns_32_3_max_dsp_1_U2982   |jedi_fmul_32ns_32ns_32_3_max_dsp_1   |        0|      3|  128|   77|    0|
    |jedi_fmul_32ns_32ns_32_3_max_dsp_1_U2983   |jedi_fmul_32ns_32ns_32_3_max_dsp_1   |        0|      3|  128|   77|    0|
    |jedi_fmul_32ns_32ns_32_3_max_dsp_1_U2984   |jedi_fmul_32ns_32ns_32_3_max_dsp_1   |        0|      3|  128|   77|    0|
    |jedi_fmul_32ns_32ns_32_3_max_dsp_1_U2985   |jedi_fmul_32ns_32ns_32_3_max_dsp_1   |        0|      3|  128|   77|    0|
    |jedi_fmul_32ns_32ns_32_3_max_dsp_1_U2986   |jedi_fmul_32ns_32ns_32_3_max_dsp_1   |        0|      3|  128|   77|    0|
    |jedi_fmul_32ns_32ns_32_3_max_dsp_1_U2987   |jedi_fmul_32ns_32ns_32_3_max_dsp_1   |        0|      3|  128|   77|    0|
    |jedi_fmul_32ns_32ns_32_3_max_dsp_1_U2988   |jedi_fmul_32ns_32ns_32_3_max_dsp_1   |        0|      3|  128|   77|    0|
    |jedi_fmul_32ns_32ns_32_3_max_dsp_1_U2989   |jedi_fmul_32ns_32ns_32_3_max_dsp_1   |        0|      3|  128|   77|    0|
    |jedi_fmul_32ns_32ns_32_3_max_dsp_1_U2990   |jedi_fmul_32ns_32ns_32_3_max_dsp_1   |        0|      3|  128|   77|    0|
    |jedi_fmul_32ns_32ns_32_3_max_dsp_1_U2991   |jedi_fmul_32ns_32ns_32_3_max_dsp_1   |        0|      3|  128|   77|    0|
    |jedi_fmul_32ns_32ns_32_3_max_dsp_1_U2992   |jedi_fmul_32ns_32ns_32_3_max_dsp_1   |        0|      3|  128|   77|    0|
    |jedi_fmul_32ns_32ns_32_3_max_dsp_1_U2993   |jedi_fmul_32ns_32ns_32_3_max_dsp_1   |        0|      3|  128|   77|    0|
    |jedi_fmul_32ns_32ns_32_3_max_dsp_1_U2994   |jedi_fmul_32ns_32ns_32_3_max_dsp_1   |        0|      3|  128|   77|    0|
    |jedi_fmul_32ns_32ns_32_3_max_dsp_1_U2995   |jedi_fmul_32ns_32ns_32_3_max_dsp_1   |        0|      3|  128|   77|    0|
    |jedi_fmul_32ns_32ns_32_3_max_dsp_1_U2996   |jedi_fmul_32ns_32ns_32_3_max_dsp_1   |        0|      3|  128|   77|    0|
    |jedi_fmul_32ns_32ns_32_3_max_dsp_1_U2997   |jedi_fmul_32ns_32ns_32_3_max_dsp_1   |        0|      3|  128|   77|    0|
    |jedi_fmul_32ns_32ns_32_3_max_dsp_1_U2998   |jedi_fmul_32ns_32ns_32_3_max_dsp_1   |        0|      3|  128|   77|    0|
    |jedi_fmul_32ns_32ns_32_3_max_dsp_1_U2999   |jedi_fmul_32ns_32ns_32_3_max_dsp_1   |        0|      3|  128|   77|    0|
    |jedi_fmul_32ns_32ns_32_3_max_dsp_1_U3000   |jedi_fmul_32ns_32ns_32_3_max_dsp_1   |        0|      3|  128|   77|    0|
    |jedi_fmul_32ns_32ns_32_3_max_dsp_1_U3001   |jedi_fmul_32ns_32ns_32_3_max_dsp_1   |        0|      3|  128|   77|    0|
    |jedi_fmul_32ns_32ns_32_3_max_dsp_1_U3002   |jedi_fmul_32ns_32ns_32_3_max_dsp_1   |        0|      3|  128|   77|    0|
    |jedi_fmul_32ns_32ns_32_3_max_dsp_1_U3003   |jedi_fmul_32ns_32ns_32_3_max_dsp_1   |        0|      3|  128|   77|    0|
    |jedi_fmul_32ns_32ns_32_3_max_dsp_1_U3004   |jedi_fmul_32ns_32ns_32_3_max_dsp_1   |        0|      3|  128|   77|    0|
    |jedi_fmul_32ns_32ns_32_3_max_dsp_1_U3005   |jedi_fmul_32ns_32ns_32_3_max_dsp_1   |        0|      3|  128|   77|    0|
    |jedi_fmul_32ns_32ns_32_3_max_dsp_1_U3006   |jedi_fmul_32ns_32ns_32_3_max_dsp_1   |        0|      3|  128|   77|    0|
    |jedi_fmul_32ns_32ns_32_3_max_dsp_1_U3007   |jedi_fmul_32ns_32ns_32_3_max_dsp_1   |        0|      3|  128|   77|    0|
    |jedi_fmul_32ns_32ns_32_3_max_dsp_1_U3008   |jedi_fmul_32ns_32ns_32_3_max_dsp_1   |        0|      3|  128|   77|    0|
    |jedi_fmul_32ns_32ns_32_3_max_dsp_1_U3009   |jedi_fmul_32ns_32ns_32_3_max_dsp_1   |        0|      3|  128|   77|    0|
    |jedi_fmul_32ns_32ns_32_3_max_dsp_1_U3010   |jedi_fmul_32ns_32ns_32_3_max_dsp_1   |        0|      3|  128|   77|    0|
    |jedi_fmul_32ns_32ns_32_3_max_dsp_1_U3011   |jedi_fmul_32ns_32ns_32_3_max_dsp_1   |        0|      3|  128|   77|    0|
    |jedi_fmul_32ns_32ns_32_3_max_dsp_1_U3012   |jedi_fmul_32ns_32ns_32_3_max_dsp_1   |        0|      3|  128|   77|    0|
    |jedi_fmul_32ns_32ns_32_3_max_dsp_1_U3013   |jedi_fmul_32ns_32ns_32_3_max_dsp_1   |        0|      3|  128|   77|    0|
    |jedi_fmul_32ns_32ns_32_3_max_dsp_1_U3014   |jedi_fmul_32ns_32ns_32_3_max_dsp_1   |        0|      3|  128|   77|    0|
    |jedi_fmul_32ns_32ns_32_3_max_dsp_1_U3015   |jedi_fmul_32ns_32ns_32_3_max_dsp_1   |        0|      3|  128|   77|    0|
    |jedi_fmul_32ns_32ns_32_3_max_dsp_1_U3016   |jedi_fmul_32ns_32ns_32_3_max_dsp_1   |        0|      3|  128|   77|    0|
    |jedi_fmul_32ns_32ns_32_3_max_dsp_1_U3017   |jedi_fmul_32ns_32ns_32_3_max_dsp_1   |        0|      3|  128|   77|    0|
    |jedi_fmul_32ns_32ns_32_3_max_dsp_1_U3018   |jedi_fmul_32ns_32ns_32_3_max_dsp_1   |        0|      3|  128|   77|    0|
    |jedi_fmul_32ns_32ns_32_3_max_dsp_1_U3019   |jedi_fmul_32ns_32ns_32_3_max_dsp_1   |        0|      3|  128|   77|    0|
    |jedi_fmul_32ns_32ns_32_3_max_dsp_1_U3020   |jedi_fmul_32ns_32ns_32_3_max_dsp_1   |        0|      3|  128|   77|    0|
    |jedi_fmul_32ns_32ns_32_3_max_dsp_1_U3021   |jedi_fmul_32ns_32ns_32_3_max_dsp_1   |        0|      3|  128|   77|    0|
    |jedi_fmul_32ns_32ns_32_3_max_dsp_1_U3022   |jedi_fmul_32ns_32ns_32_3_max_dsp_1   |        0|      3|  128|   77|    0|
    |jedi_fmul_32ns_32ns_32_3_max_dsp_1_U3023   |jedi_fmul_32ns_32ns_32_3_max_dsp_1   |        0|      3|  128|   77|    0|
    |jedi_fmul_32ns_32ns_32_3_max_dsp_1_U3024   |jedi_fmul_32ns_32ns_32_3_max_dsp_1   |        0|      3|  128|   77|    0|
    |jedi_fmul_32ns_32ns_32_3_max_dsp_1_U3025   |jedi_fmul_32ns_32ns_32_3_max_dsp_1   |        0|      3|  128|   77|    0|
    |jedi_fmul_32ns_32ns_32_3_max_dsp_1_U3026   |jedi_fmul_32ns_32ns_32_3_max_dsp_1   |        0|      3|  128|   77|    0|
    |jedi_fmul_32ns_32ns_32_3_max_dsp_1_U3027   |jedi_fmul_32ns_32ns_32_3_max_dsp_1   |        0|      3|  128|   77|    0|
    |jedi_fmul_32ns_32ns_32_3_max_dsp_1_U3028   |jedi_fmul_32ns_32ns_32_3_max_dsp_1   |        0|      3|  128|   77|    0|
    |jedi_fmul_32ns_32ns_32_3_max_dsp_1_U3029   |jedi_fmul_32ns_32ns_32_3_max_dsp_1   |        0|      3|  128|   77|    0|
    |jedi_fmul_32ns_32ns_32_3_max_dsp_1_U3030   |jedi_fmul_32ns_32ns_32_3_max_dsp_1   |        0|      3|  128|   77|    0|
    |jedi_fmul_32ns_32ns_32_3_max_dsp_1_U3031   |jedi_fmul_32ns_32ns_32_3_max_dsp_1   |        0|      3|  128|   77|    0|
    |jedi_fmul_32ns_32ns_32_3_max_dsp_1_U3032   |jedi_fmul_32ns_32ns_32_3_max_dsp_1   |        0|      3|  128|   77|    0|
    |jedi_fmul_32ns_32ns_32_3_max_dsp_1_U3033   |jedi_fmul_32ns_32ns_32_3_max_dsp_1   |        0|      3|  128|   77|    0|
    |jedi_fmul_32ns_32ns_32_3_max_dsp_1_U3034   |jedi_fmul_32ns_32ns_32_3_max_dsp_1   |        0|      3|  128|   77|    0|
    |jedi_fmul_32ns_32ns_32_3_max_dsp_1_U3035   |jedi_fmul_32ns_32ns_32_3_max_dsp_1   |        0|      3|  128|   77|    0|
    |jedi_fmul_32ns_32ns_32_3_max_dsp_1_U3036   |jedi_fmul_32ns_32ns_32_3_max_dsp_1   |        0|      3|  128|   77|    0|
    |jedi_fmul_32ns_32ns_32_3_max_dsp_1_U3037   |jedi_fmul_32ns_32ns_32_3_max_dsp_1   |        0|      3|  128|   77|    0|
    |jedi_fmul_32ns_32ns_32_3_max_dsp_1_U3038   |jedi_fmul_32ns_32ns_32_3_max_dsp_1   |        0|      3|  128|   77|    0|
    |jedi_fmul_32ns_32ns_32_3_max_dsp_1_U3039   |jedi_fmul_32ns_32ns_32_3_max_dsp_1   |        0|      3|  128|   77|    0|
    |jedi_fmul_32ns_32ns_32_3_max_dsp_1_U3040   |jedi_fmul_32ns_32ns_32_3_max_dsp_1   |        0|      3|  128|   77|    0|
    |jedi_fmul_32ns_32ns_32_3_max_dsp_1_U3041   |jedi_fmul_32ns_32ns_32_3_max_dsp_1   |        0|      3|  128|   77|    0|
    |jedi_fmul_32ns_32ns_32_3_max_dsp_1_U3042   |jedi_fmul_32ns_32ns_32_3_max_dsp_1   |        0|      3|  128|   77|    0|
    |jedi_fmul_32ns_32ns_32_3_max_dsp_1_U3043   |jedi_fmul_32ns_32ns_32_3_max_dsp_1   |        0|      3|  128|   77|    0|
    |jedi_fmul_32ns_32ns_32_3_max_dsp_1_U3044   |jedi_fmul_32ns_32ns_32_3_max_dsp_1   |        0|      3|  128|   77|    0|
    |jedi_fmul_32ns_32ns_32_3_max_dsp_1_U3045   |jedi_fmul_32ns_32ns_32_3_max_dsp_1   |        0|      3|  128|   77|    0|
    |jedi_fmul_32ns_32ns_32_3_max_dsp_1_U3046   |jedi_fmul_32ns_32ns_32_3_max_dsp_1   |        0|      3|  128|   77|    0|
    |jedi_fmul_32ns_32ns_32_3_max_dsp_1_U3047   |jedi_fmul_32ns_32ns_32_3_max_dsp_1   |        0|      3|  128|   77|    0|
    |jedi_fmul_32ns_32ns_32_3_max_dsp_1_U3048   |jedi_fmul_32ns_32ns_32_3_max_dsp_1   |        0|      3|  128|   77|    0|
    |jedi_fmul_32ns_32ns_32_3_max_dsp_1_U3049   |jedi_fmul_32ns_32ns_32_3_max_dsp_1   |        0|      3|  128|   77|    0|
    |jedi_fmul_32ns_32ns_32_3_max_dsp_1_U3050   |jedi_fmul_32ns_32ns_32_3_max_dsp_1   |        0|      3|  128|   77|    0|
    |jedi_fmul_32ns_32ns_32_3_max_dsp_1_U3051   |jedi_fmul_32ns_32ns_32_3_max_dsp_1   |        0|      3|  128|   77|    0|
    |jedi_fmul_32ns_32ns_32_3_max_dsp_1_U3052   |jedi_fmul_32ns_32ns_32_3_max_dsp_1   |        0|      3|  128|   77|    0|
    |jedi_fmul_32ns_32ns_32_3_max_dsp_1_U3053   |jedi_fmul_32ns_32ns_32_3_max_dsp_1   |        0|      3|  128|   77|    0|
    |jedi_fmul_32ns_32ns_32_3_max_dsp_1_U3054   |jedi_fmul_32ns_32ns_32_3_max_dsp_1   |        0|      3|  128|   77|    0|
    |jedi_fmul_32ns_32ns_32_3_max_dsp_1_U3055   |jedi_fmul_32ns_32ns_32_3_max_dsp_1   |        0|      3|  128|   77|    0|
    |jedi_fmul_32ns_32ns_32_3_max_dsp_1_U3056   |jedi_fmul_32ns_32ns_32_3_max_dsp_1   |        0|      3|  128|   77|    0|
    |jedi_fmul_32ns_32ns_32_3_max_dsp_1_U3057   |jedi_fmul_32ns_32ns_32_3_max_dsp_1   |        0|      3|  128|   77|    0|
    |jedi_fmul_32ns_32ns_32_3_max_dsp_1_U3058   |jedi_fmul_32ns_32ns_32_3_max_dsp_1   |        0|      3|  128|   77|    0|
    |jedi_fmul_32ns_32ns_32_3_max_dsp_1_U3059   |jedi_fmul_32ns_32ns_32_3_max_dsp_1   |        0|      3|  128|   77|    0|
    |jedi_fmul_32ns_32ns_32_3_max_dsp_1_U3060   |jedi_fmul_32ns_32ns_32_3_max_dsp_1   |        0|      3|  128|   77|    0|
    |jedi_fmul_32ns_32ns_32_3_max_dsp_1_U3061   |jedi_fmul_32ns_32ns_32_3_max_dsp_1   |        0|      3|  128|   77|    0|
    |jedi_fmul_32ns_32ns_32_3_max_dsp_1_U3062   |jedi_fmul_32ns_32ns_32_3_max_dsp_1   |        0|      3|  128|   77|    0|
    |jedi_fmul_32ns_32ns_32_3_max_dsp_1_U3063   |jedi_fmul_32ns_32ns_32_3_max_dsp_1   |        0|      3|  128|   77|    0|
    |jedi_fmul_32ns_32ns_32_3_max_dsp_1_U3064   |jedi_fmul_32ns_32ns_32_3_max_dsp_1   |        0|      3|  128|   77|    0|
    |jedi_fmul_32ns_32ns_32_3_max_dsp_1_U3065   |jedi_fmul_32ns_32ns_32_3_max_dsp_1   |        0|      3|  128|   77|    0|
    |jedi_fmul_32ns_32ns_32_3_max_dsp_1_U3066   |jedi_fmul_32ns_32ns_32_3_max_dsp_1   |        0|      3|  128|   77|    0|
    |jedi_fmul_32ns_32ns_32_3_max_dsp_1_U3067   |jedi_fmul_32ns_32ns_32_3_max_dsp_1   |        0|      3|  128|   77|    0|
    |jedi_fmul_32ns_32ns_32_3_max_dsp_1_U3068   |jedi_fmul_32ns_32ns_32_3_max_dsp_1   |        0|      3|  128|   77|    0|
    |jedi_fmul_32ns_32ns_32_3_max_dsp_1_U3069   |jedi_fmul_32ns_32ns_32_3_max_dsp_1   |        0|      3|  128|   77|    0|
    |jedi_fmul_32ns_32ns_32_3_max_dsp_1_U3070   |jedi_fmul_32ns_32ns_32_3_max_dsp_1   |        0|      3|  128|   77|    0|
    |jedi_fmul_32ns_32ns_32_3_max_dsp_1_U3071   |jedi_fmul_32ns_32ns_32_3_max_dsp_1   |        0|      3|  128|   77|    0|
    |jedi_fmul_32ns_32ns_32_3_max_dsp_1_U3072   |jedi_fmul_32ns_32ns_32_3_max_dsp_1   |        0|      3|  128|   77|    0|
    |jedi_fmul_32ns_32ns_32_3_max_dsp_1_U3073   |jedi_fmul_32ns_32ns_32_3_max_dsp_1   |        0|      3|  128|   77|    0|
    |jedi_fmul_32ns_32ns_32_3_max_dsp_1_U3074   |jedi_fmul_32ns_32ns_32_3_max_dsp_1   |        0|      3|  128|   77|    0|
    |jedi_fmul_32ns_32ns_32_3_max_dsp_1_U3075   |jedi_fmul_32ns_32ns_32_3_max_dsp_1   |        0|      3|  128|   77|    0|
    |jedi_fmul_32ns_32ns_32_3_max_dsp_1_U3076   |jedi_fmul_32ns_32ns_32_3_max_dsp_1   |        0|      3|  128|   77|    0|
    |jedi_fmul_32ns_32ns_32_3_max_dsp_1_U3077   |jedi_fmul_32ns_32ns_32_3_max_dsp_1   |        0|      3|  128|   77|    0|
    |jedi_fmul_32ns_32ns_32_3_max_dsp_1_U3078   |jedi_fmul_32ns_32ns_32_3_max_dsp_1   |        0|      3|  128|   77|    0|
    |jedi_fmul_32ns_32ns_32_3_max_dsp_1_U3079   |jedi_fmul_32ns_32ns_32_3_max_dsp_1   |        0|      3|  128|   77|    0|
    |jedi_fmul_32ns_32ns_32_3_max_dsp_1_U3080   |jedi_fmul_32ns_32ns_32_3_max_dsp_1   |        0|      3|  128|   77|    0|
    |jedi_fmul_32ns_32ns_32_3_max_dsp_1_U3081   |jedi_fmul_32ns_32ns_32_3_max_dsp_1   |        0|      3|  128|   77|    0|
    |jedi_fmul_32ns_32ns_32_3_max_dsp_1_U3082   |jedi_fmul_32ns_32ns_32_3_max_dsp_1   |        0|      3|  128|   77|    0|
    |jedi_fmul_32ns_32ns_32_3_max_dsp_1_U3083   |jedi_fmul_32ns_32ns_32_3_max_dsp_1   |        0|      3|  128|   77|    0|
    |jedi_fmul_32ns_32ns_32_3_max_dsp_1_U3084   |jedi_fmul_32ns_32ns_32_3_max_dsp_1   |        0|      3|  128|   77|    0|
    |jedi_fmul_32ns_32ns_32_3_max_dsp_1_U3085   |jedi_fmul_32ns_32ns_32_3_max_dsp_1   |        0|      3|  128|   77|    0|
    |jedi_fmul_32ns_32ns_32_3_max_dsp_1_U3086   |jedi_fmul_32ns_32ns_32_3_max_dsp_1   |        0|      3|  128|   77|    0|
    |jedi_fmul_32ns_32ns_32_3_max_dsp_1_U3087   |jedi_fmul_32ns_32ns_32_3_max_dsp_1   |        0|      3|  128|   77|    0|
    |jedi_fmul_32ns_32ns_32_3_max_dsp_1_U3088   |jedi_fmul_32ns_32ns_32_3_max_dsp_1   |        0|      3|  128|   77|    0|
    |jedi_fmul_32ns_32ns_32_3_max_dsp_1_U3089   |jedi_fmul_32ns_32ns_32_3_max_dsp_1   |        0|      3|  128|   77|    0|
    |jedi_fmul_32ns_32ns_32_3_max_dsp_1_U3090   |jedi_fmul_32ns_32ns_32_3_max_dsp_1   |        0|      3|  128|   77|    0|
    |jedi_fmul_32ns_32ns_32_3_max_dsp_1_U3091   |jedi_fmul_32ns_32ns_32_3_max_dsp_1   |        0|      3|  128|   77|    0|
    |jedi_fmul_32ns_32ns_32_3_max_dsp_1_U3092   |jedi_fmul_32ns_32ns_32_3_max_dsp_1   |        0|      3|  128|   77|    0|
    |jedi_fmul_32ns_32ns_32_3_max_dsp_1_U3093   |jedi_fmul_32ns_32ns_32_3_max_dsp_1   |        0|      3|  128|   77|    0|
    |jedi_fmul_32ns_32ns_32_3_max_dsp_1_U3094   |jedi_fmul_32ns_32ns_32_3_max_dsp_1   |        0|      3|  128|   77|    0|
    |jedi_fmul_32ns_32ns_32_3_max_dsp_1_U3095   |jedi_fmul_32ns_32ns_32_3_max_dsp_1   |        0|      3|  128|   77|    0|
    |jedi_fmul_32ns_32ns_32_3_max_dsp_1_U3096   |jedi_fmul_32ns_32ns_32_3_max_dsp_1   |        0|      3|  128|   77|    0|
    |jedi_fmul_32ns_32ns_32_3_max_dsp_1_U3097   |jedi_fmul_32ns_32ns_32_3_max_dsp_1   |        0|      3|  128|   77|    0|
    |jedi_fmul_32ns_32ns_32_3_max_dsp_1_U3098   |jedi_fmul_32ns_32ns_32_3_max_dsp_1   |        0|      3|  128|   77|    0|
    |jedi_fmul_32ns_32ns_32_3_max_dsp_1_U3099   |jedi_fmul_32ns_32ns_32_3_max_dsp_1   |        0|      3|  128|   77|    0|
    |jedi_fmul_32ns_32ns_32_3_max_dsp_1_U3100   |jedi_fmul_32ns_32ns_32_3_max_dsp_1   |        0|      3|  128|   77|    0|
    |jedi_fmul_32ns_32ns_32_3_max_dsp_1_U3101   |jedi_fmul_32ns_32ns_32_3_max_dsp_1   |        0|      3|  128|   77|    0|
    |jedi_fmul_32ns_32ns_32_3_max_dsp_1_U3102   |jedi_fmul_32ns_32ns_32_3_max_dsp_1   |        0|      3|  128|   77|    0|
    |jedi_fmul_32ns_32ns_32_3_max_dsp_1_U3103   |jedi_fmul_32ns_32ns_32_3_max_dsp_1   |        0|      3|  128|   77|    0|
    |jedi_fmul_32ns_32ns_32_3_max_dsp_1_U3104   |jedi_fmul_32ns_32ns_32_3_max_dsp_1   |        0|      3|  128|   77|    0|
    |jedi_fmul_32ns_32ns_32_3_max_dsp_1_U3105   |jedi_fmul_32ns_32ns_32_3_max_dsp_1   |        0|      3|  128|   77|    0|
    |jedi_fmul_32ns_32ns_32_3_max_dsp_1_U3106   |jedi_fmul_32ns_32ns_32_3_max_dsp_1   |        0|      3|  128|   77|    0|
    |jedi_fmul_32ns_32ns_32_3_max_dsp_1_U3107   |jedi_fmul_32ns_32ns_32_3_max_dsp_1   |        0|      3|  128|   77|    0|
    |jedi_fmul_32ns_32ns_32_3_max_dsp_1_U3108   |jedi_fmul_32ns_32ns_32_3_max_dsp_1   |        0|      3|  128|   77|    0|
    |jedi_fmul_32ns_32ns_32_3_max_dsp_1_U3109   |jedi_fmul_32ns_32ns_32_3_max_dsp_1   |        0|      3|  128|   77|    0|
    |jedi_fmul_32ns_32ns_32_3_max_dsp_1_U3110   |jedi_fmul_32ns_32ns_32_3_max_dsp_1   |        0|      3|  128|   77|    0|
    |jedi_fmul_32ns_32ns_32_3_max_dsp_1_U3111   |jedi_fmul_32ns_32ns_32_3_max_dsp_1   |        0|      3|  128|   77|    0|
    |jedi_fmul_32ns_32ns_32_3_max_dsp_1_U3112   |jedi_fmul_32ns_32ns_32_3_max_dsp_1   |        0|      3|  128|   77|    0|
    |jedi_fmul_32ns_32ns_32_3_max_dsp_1_U3113   |jedi_fmul_32ns_32ns_32_3_max_dsp_1   |        0|      3|  128|   77|    0|
    |jedi_fmul_32ns_32ns_32_3_max_dsp_1_U3114   |jedi_fmul_32ns_32ns_32_3_max_dsp_1   |        0|      3|  128|   77|    0|
    |jedi_fmul_32ns_32ns_32_3_max_dsp_1_U3115   |jedi_fmul_32ns_32ns_32_3_max_dsp_1   |        0|      3|  128|   77|    0|
    |jedi_fmul_32ns_32ns_32_3_max_dsp_1_U3116   |jedi_fmul_32ns_32ns_32_3_max_dsp_1   |        0|      3|  128|   77|    0|
    |jedi_fmul_32ns_32ns_32_3_max_dsp_1_U3117   |jedi_fmul_32ns_32ns_32_3_max_dsp_1   |        0|      3|  128|   77|    0|
    |jedi_fmul_32ns_32ns_32_3_max_dsp_1_U3118   |jedi_fmul_32ns_32ns_32_3_max_dsp_1   |        0|      3|  128|   77|    0|
    |jedi_fmul_32ns_32ns_32_3_max_dsp_1_U3119   |jedi_fmul_32ns_32ns_32_3_max_dsp_1   |        0|      3|  128|   77|    0|
    |jedi_fmul_32ns_32ns_32_3_max_dsp_1_U3120   |jedi_fmul_32ns_32ns_32_3_max_dsp_1   |        0|      3|  128|   77|    0|
    |jedi_fmul_32ns_32ns_32_3_max_dsp_1_U3121   |jedi_fmul_32ns_32ns_32_3_max_dsp_1   |        0|      3|  128|   77|    0|
    |jedi_fmul_32ns_32ns_32_3_max_dsp_1_U3122   |jedi_fmul_32ns_32ns_32_3_max_dsp_1   |        0|      3|  128|   77|    0|
    |jedi_fmul_32ns_32ns_32_3_max_dsp_1_U3123   |jedi_fmul_32ns_32ns_32_3_max_dsp_1   |        0|      3|  128|   77|    0|
    |jedi_fmul_32ns_32ns_32_3_max_dsp_1_U3124   |jedi_fmul_32ns_32ns_32_3_max_dsp_1   |        0|      3|  128|   77|    0|
    |jedi_fmul_32ns_32ns_32_3_max_dsp_1_U3125   |jedi_fmul_32ns_32ns_32_3_max_dsp_1   |        0|      3|  128|   77|    0|
    |jedi_fmul_32ns_32ns_32_3_max_dsp_1_U3126   |jedi_fmul_32ns_32ns_32_3_max_dsp_1   |        0|      3|  128|   77|    0|
    |jedi_fmul_32ns_32ns_32_3_max_dsp_1_U3127   |jedi_fmul_32ns_32ns_32_3_max_dsp_1   |        0|      3|  128|   77|    0|
    |jedi_fmul_32ns_32ns_32_3_max_dsp_1_U3128   |jedi_fmul_32ns_32ns_32_3_max_dsp_1   |        0|      3|  128|   77|    0|
    |jedi_fmul_32ns_32ns_32_3_max_dsp_1_U3129   |jedi_fmul_32ns_32ns_32_3_max_dsp_1   |        0|      3|  128|   77|    0|
    |jedi_fmul_32ns_32ns_32_3_max_dsp_1_U3130   |jedi_fmul_32ns_32ns_32_3_max_dsp_1   |        0|      3|  128|   77|    0|
    +-------------------------------------------+-------------------------------------+---------+-------+-----+-----+-----+
    |Total                                      |                                     |        0|    750|53850|45300|    0|
    +-------------------------------------------+-------------------------------------+---------+-------+-----+-----+-----+

    * DSP48E: 
    N/A

    * Memory: 
    N/A

    * FIFO: 
    N/A

    * Expression: 
    N/A

    * Multiplexer: 
    N/A

    * Register: 
    +-------------------------+-----+----+-----+-----------+
    |           Name          |  FF | LUT| Bits| Const Bits|
    +-------------------------+-----+----+-----+-----------+
    |data_0_read_int_reg      |   32|   0|   32|          0|
    |data_10_read11_reg_1950  |   32|   0|   32|          0|
    |data_10_read_int_reg     |   32|   0|   32|          0|
    |data_11_read12_reg_1936  |   32|   0|   32|          0|
    |data_11_read_int_reg     |   32|   0|   32|          0|
    |data_12_read13_reg_1922  |   32|   0|   32|          0|
    |data_12_read_int_reg     |   32|   0|   32|          0|
    |data_13_read14_reg_1908  |   32|   0|   32|          0|
    |data_13_read_int_reg     |   32|   0|   32|          0|
    |data_14_read15_reg_1894  |   32|   0|   32|          0|
    |data_14_read_int_reg     |   32|   0|   32|          0|
    |data_1_read_14_reg_2076  |   32|   0|   32|          0|
    |data_1_read_int_reg      |   32|   0|   32|          0|
    |data_2_read_14_reg_2062  |   32|   0|   32|          0|
    |data_2_read_int_reg      |   32|   0|   32|          0|
    |data_3_read_14_reg_2048  |   32|   0|   32|          0|
    |data_3_read_int_reg      |   32|   0|   32|          0|
    |data_4_read_14_reg_2034  |   32|   0|   32|          0|
    |data_4_read_int_reg      |   32|   0|   32|          0|
    |data_5_read_13_reg_2020  |   32|   0|   32|          0|
    |data_5_read_int_reg      |   32|   0|   32|          0|
    |data_6_read_13_reg_2006  |   32|   0|   32|          0|
    |data_6_read_int_reg      |   32|   0|   32|          0|
    |data_7_read_13_reg_1992  |   32|   0|   32|          0|
    |data_7_read_int_reg      |   32|   0|   32|          0|
    |data_8_read_13_reg_1978  |   32|   0|   32|          0|
    |data_8_read_int_reg      |   32|   0|   32|          0|
    |data_9_read_13_reg_1964  |   32|   0|   32|          0|
    |data_9_read_int_reg      |   32|   0|   32|          0|
    |tmp2_reg_2104            |   32|   0|   32|          0|
    |tmp_0_1_reg_2109         |   32|   0|   32|          0|
    |tmp_0_2_reg_2114         |   32|   0|   32|          0|
    |tmp_0_3_reg_2119         |   32|   0|   32|          0|
    |tmp_0_4_reg_2124         |   32|   0|   32|          0|
    |tmp_0_5_reg_2129         |   32|   0|   32|          0|
    |tmp_0_6_reg_2134         |   32|   0|   32|          0|
    |tmp_0_7_reg_2139         |   32|   0|   32|          0|
    |tmp_0_8_reg_2144         |   32|   0|   32|          0|
    |tmp_0_9_reg_2149         |   32|   0|   32|          0|
    |tmp_10_1_reg_3059        |   32|   0|   32|          0|
    |tmp_10_2_reg_3064        |   32|   0|   32|          0|
    |tmp_10_3_reg_3069        |   32|   0|   32|          0|
    |tmp_10_4_reg_3074        |   32|   0|   32|          0|
    |tmp_10_5_reg_3079        |   32|   0|   32|          0|
    |tmp_10_6_reg_3084        |   32|   0|   32|          0|
    |tmp_10_7_reg_3089        |   32|   0|   32|          0|
    |tmp_10_8_reg_3094        |   32|   0|   32|          0|
    |tmp_10_9_reg_3099        |   32|   0|   32|          0|
    |tmp_10_reg_3054          |   32|   0|   32|          0|
    |tmp_11_1_reg_3159        |   32|   0|   32|          0|
    |tmp_11_2_reg_3164        |   32|   0|   32|          0|
    |tmp_11_3_reg_3169        |   32|   0|   32|          0|
    |tmp_11_4_reg_3174        |   32|   0|   32|          0|
    |tmp_11_5_reg_3179        |   32|   0|   32|          0|
    |tmp_11_6_reg_3184        |   32|   0|   32|          0|
    |tmp_11_7_reg_3189        |   32|   0|   32|          0|
    |tmp_11_8_reg_3194        |   32|   0|   32|          0|
    |tmp_11_9_reg_3199        |   32|   0|   32|          0|
    |tmp_11_reg_3154          |   32|   0|   32|          0|
    |tmp_12_1_reg_3259        |   32|   0|   32|          0|
    |tmp_12_2_reg_3264        |   32|   0|   32|          0|
    |tmp_12_3_reg_3269        |   32|   0|   32|          0|
    |tmp_12_4_reg_3274        |   32|   0|   32|          0|
    |tmp_12_5_reg_3279        |   32|   0|   32|          0|
    |tmp_12_6_reg_3284        |   32|   0|   32|          0|
    |tmp_12_7_reg_3289        |   32|   0|   32|          0|
    |tmp_12_8_reg_3294        |   32|   0|   32|          0|
    |tmp_12_9_reg_3299        |   32|   0|   32|          0|
    |tmp_12_reg_3254          |   32|   0|   32|          0|
    |tmp_13_1_reg_3359        |   32|   0|   32|          0|
    |tmp_13_2_reg_3364        |   32|   0|   32|          0|
    |tmp_13_3_reg_3369        |   32|   0|   32|          0|
    |tmp_13_4_reg_3374        |   32|   0|   32|          0|
    |tmp_13_5_reg_3379        |   32|   0|   32|          0|
    |tmp_13_6_reg_3384        |   32|   0|   32|          0|
    |tmp_13_7_reg_3389        |   32|   0|   32|          0|
    |tmp_13_8_reg_3394        |   32|   0|   32|          0|
    |tmp_13_9_reg_3399        |   32|   0|   32|          0|
    |tmp_13_reg_3354          |   32|   0|   32|          0|
    |tmp_14_1_reg_3459        |   32|   0|   32|          0|
    |tmp_14_2_reg_3464        |   32|   0|   32|          0|
    |tmp_14_3_reg_3469        |   32|   0|   32|          0|
    |tmp_14_4_reg_3474        |   32|   0|   32|          0|
    |tmp_14_5_reg_3479        |   32|   0|   32|          0|
    |tmp_14_6_reg_3484        |   32|   0|   32|          0|
    |tmp_14_7_reg_3489        |   32|   0|   32|          0|
    |tmp_14_8_reg_3494        |   32|   0|   32|          0|
    |tmp_14_9_reg_3499        |   32|   0|   32|          0|
    |tmp_14_reg_3454          |   32|   0|   32|          0|
    |tmp_15_0_1_reg_2209      |   32|   0|   32|          0|
    |tmp_15_0_2_reg_2214      |   32|   0|   32|          0|
    |tmp_15_0_3_reg_2219      |   32|   0|   32|          0|
    |tmp_15_0_4_reg_2224      |   32|   0|   32|          0|
    |tmp_15_0_5_reg_2229      |   32|   0|   32|          0|
    |tmp_15_0_6_reg_2234      |   32|   0|   32|          0|
    |tmp_15_0_7_reg_2239      |   32|   0|   32|          0|
    |tmp_15_0_8_reg_2244      |   32|   0|   32|          0|
    |tmp_15_0_9_reg_2249      |   32|   0|   32|          0|
    |tmp_15_10_1_reg_3209     |   32|   0|   32|          0|
    |tmp_15_10_2_reg_3214     |   32|   0|   32|          0|
    |tmp_15_10_3_reg_3219     |   32|   0|   32|          0|
    |tmp_15_10_4_reg_3224     |   32|   0|   32|          0|
    |tmp_15_10_5_reg_3229     |   32|   0|   32|          0|
    |tmp_15_10_6_reg_3234     |   32|   0|   32|          0|
    |tmp_15_10_7_reg_3239     |   32|   0|   32|          0|
    |tmp_15_10_8_reg_3244     |   32|   0|   32|          0|
    |tmp_15_10_9_reg_3249     |   32|   0|   32|          0|
    |tmp_15_10_reg_3304       |   32|   0|   32|          0|
    |tmp_15_11_1_reg_3309     |   32|   0|   32|          0|
    |tmp_15_11_2_reg_3314     |   32|   0|   32|          0|
    |tmp_15_11_3_reg_3319     |   32|   0|   32|          0|
    |tmp_15_11_4_reg_3324     |   32|   0|   32|          0|
    |tmp_15_11_5_reg_3329     |   32|   0|   32|          0|
    |tmp_15_11_6_reg_3334     |   32|   0|   32|          0|
    |tmp_15_11_7_reg_3339     |   32|   0|   32|          0|
    |tmp_15_11_8_reg_3344     |   32|   0|   32|          0|
    |tmp_15_11_9_reg_3349     |   32|   0|   32|          0|
    |tmp_15_11_reg_3404       |   32|   0|   32|          0|
    |tmp_15_12_1_reg_3409     |   32|   0|   32|          0|
    |tmp_15_12_2_reg_3414     |   32|   0|   32|          0|
    |tmp_15_12_3_reg_3419     |   32|   0|   32|          0|
    |tmp_15_12_4_reg_3424     |   32|   0|   32|          0|
    |tmp_15_12_5_reg_3429     |   32|   0|   32|          0|
    |tmp_15_12_6_reg_3434     |   32|   0|   32|          0|
    |tmp_15_12_7_reg_3439     |   32|   0|   32|          0|
    |tmp_15_12_8_reg_3444     |   32|   0|   32|          0|
    |tmp_15_12_9_reg_3449     |   32|   0|   32|          0|
    |tmp_15_12_reg_3504       |   32|   0|   32|          0|
    |tmp_15_13_1_reg_3509     |   32|   0|   32|          0|
    |tmp_15_13_2_reg_3514     |   32|   0|   32|          0|
    |tmp_15_13_3_reg_3519     |   32|   0|   32|          0|
    |tmp_15_13_4_reg_3524     |   32|   0|   32|          0|
    |tmp_15_13_5_reg_3529     |   32|   0|   32|          0|
    |tmp_15_13_6_reg_3534     |   32|   0|   32|          0|
    |tmp_15_13_7_reg_3539     |   32|   0|   32|          0|
    |tmp_15_13_8_reg_3544     |   32|   0|   32|          0|
    |tmp_15_13_9_reg_3549     |   32|   0|   32|          0|
    |tmp_15_1_1_reg_2309      |   32|   0|   32|          0|
    |tmp_15_1_2_reg_2314      |   32|   0|   32|          0|
    |tmp_15_1_3_reg_2319      |   32|   0|   32|          0|
    |tmp_15_1_4_reg_2324      |   32|   0|   32|          0|
    |tmp_15_1_5_reg_2329      |   32|   0|   32|          0|
    |tmp_15_1_6_reg_2334      |   32|   0|   32|          0|
    |tmp_15_1_7_reg_2339      |   32|   0|   32|          0|
    |tmp_15_1_8_reg_2344      |   32|   0|   32|          0|
    |tmp_15_1_9_reg_2349      |   32|   0|   32|          0|
    |tmp_15_1_reg_2304        |   32|   0|   32|          0|
    |tmp_15_2_1_reg_2409      |   32|   0|   32|          0|
    |tmp_15_2_2_reg_2414      |   32|   0|   32|          0|
    |tmp_15_2_3_reg_2419      |   32|   0|   32|          0|
    |tmp_15_2_4_reg_2424      |   32|   0|   32|          0|
    |tmp_15_2_5_reg_2429      |   32|   0|   32|          0|
    |tmp_15_2_6_reg_2434      |   32|   0|   32|          0|
    |tmp_15_2_7_reg_2439      |   32|   0|   32|          0|
    |tmp_15_2_8_reg_2444      |   32|   0|   32|          0|
    |tmp_15_2_9_reg_2449      |   32|   0|   32|          0|
    |tmp_15_2_reg_2404        |   32|   0|   32|          0|
    |tmp_15_3_1_reg_2509      |   32|   0|   32|          0|
    |tmp_15_3_2_reg_2514      |   32|   0|   32|          0|
    |tmp_15_3_3_reg_2519      |   32|   0|   32|          0|
    |tmp_15_3_4_reg_2524      |   32|   0|   32|          0|
    |tmp_15_3_5_reg_2529      |   32|   0|   32|          0|
    |tmp_15_3_6_reg_2534      |   32|   0|   32|          0|
    |tmp_15_3_7_reg_2539      |   32|   0|   32|          0|
    |tmp_15_3_8_reg_2544      |   32|   0|   32|          0|
    |tmp_15_3_9_reg_2549      |   32|   0|   32|          0|
    |tmp_15_3_reg_2504        |   32|   0|   32|          0|
    |tmp_15_4_1_reg_2609      |   32|   0|   32|          0|
    |tmp_15_4_2_reg_2614      |   32|   0|   32|          0|
    |tmp_15_4_3_reg_2619      |   32|   0|   32|          0|
    |tmp_15_4_4_reg_2624      |   32|   0|   32|          0|
    |tmp_15_4_5_reg_2629      |   32|   0|   32|          0|
    |tmp_15_4_6_reg_2634      |   32|   0|   32|          0|
    |tmp_15_4_7_reg_2639      |   32|   0|   32|          0|
    |tmp_15_4_8_reg_2644      |   32|   0|   32|          0|
    |tmp_15_4_9_reg_2649      |   32|   0|   32|          0|
    |tmp_15_4_reg_2604        |   32|   0|   32|          0|
    |tmp_15_5_1_reg_2709      |   32|   0|   32|          0|
    |tmp_15_5_2_reg_2714      |   32|   0|   32|          0|
    |tmp_15_5_3_reg_2719      |   32|   0|   32|          0|
    |tmp_15_5_4_reg_2724      |   32|   0|   32|          0|
    |tmp_15_5_5_reg_2729      |   32|   0|   32|          0|
    |tmp_15_5_6_reg_2734      |   32|   0|   32|          0|
    |tmp_15_5_7_reg_2739      |   32|   0|   32|          0|
    |tmp_15_5_8_reg_2744      |   32|   0|   32|          0|
    |tmp_15_5_9_reg_2749      |   32|   0|   32|          0|
    |tmp_15_5_reg_2704        |   32|   0|   32|          0|
    |tmp_15_6_1_reg_2809      |   32|   0|   32|          0|
    |tmp_15_6_2_reg_2814      |   32|   0|   32|          0|
    |tmp_15_6_3_reg_2819      |   32|   0|   32|          0|
    |tmp_15_6_4_reg_2824      |   32|   0|   32|          0|
    |tmp_15_6_5_reg_2829      |   32|   0|   32|          0|
    |tmp_15_6_6_reg_2834      |   32|   0|   32|          0|
    |tmp_15_6_7_reg_2839      |   32|   0|   32|          0|
    |tmp_15_6_8_reg_2844      |   32|   0|   32|          0|
    |tmp_15_6_9_reg_2849      |   32|   0|   32|          0|
    |tmp_15_6_reg_2804        |   32|   0|   32|          0|
    |tmp_15_7_1_reg_2909      |   32|   0|   32|          0|
    |tmp_15_7_2_reg_2914      |   32|   0|   32|          0|
    |tmp_15_7_3_reg_2919      |   32|   0|   32|          0|
    |tmp_15_7_4_reg_2924      |   32|   0|   32|          0|
    |tmp_15_7_5_reg_2929      |   32|   0|   32|          0|
    |tmp_15_7_6_reg_2934      |   32|   0|   32|          0|
    |tmp_15_7_7_reg_2939      |   32|   0|   32|          0|
    |tmp_15_7_8_reg_2944      |   32|   0|   32|          0|
    |tmp_15_7_9_reg_2949      |   32|   0|   32|          0|
    |tmp_15_7_reg_2904        |   32|   0|   32|          0|
    |tmp_15_8_1_reg_3009      |   32|   0|   32|          0|
    |tmp_15_8_2_reg_3014      |   32|   0|   32|          0|
    |tmp_15_8_3_reg_3019      |   32|   0|   32|          0|
    |tmp_15_8_4_reg_3024      |   32|   0|   32|          0|
    |tmp_15_8_5_reg_3029      |   32|   0|   32|          0|
    |tmp_15_8_6_reg_3034      |   32|   0|   32|          0|
    |tmp_15_8_7_reg_3039      |   32|   0|   32|          0|
    |tmp_15_8_8_reg_3044      |   32|   0|   32|          0|
    |tmp_15_8_9_reg_3049      |   32|   0|   32|          0|
    |tmp_15_8_reg_3004        |   32|   0|   32|          0|
    |tmp_15_9_1_reg_3109      |   32|   0|   32|          0|
    |tmp_15_9_2_reg_3114      |   32|   0|   32|          0|
    |tmp_15_9_3_reg_3119      |   32|   0|   32|          0|
    |tmp_15_9_4_reg_3124      |   32|   0|   32|          0|
    |tmp_15_9_5_reg_3129      |   32|   0|   32|          0|
    |tmp_15_9_6_reg_3134      |   32|   0|   32|          0|
    |tmp_15_9_7_reg_3139      |   32|   0|   32|          0|
    |tmp_15_9_8_reg_3144      |   32|   0|   32|          0|
    |tmp_15_9_9_reg_3149      |   32|   0|   32|          0|
    |tmp_15_9_reg_3104        |   32|   0|   32|          0|
    |tmp_15_s_reg_3204        |   32|   0|   32|          0|
    |tmp_1_1_reg_2159         |   32|   0|   32|          0|
    |tmp_1_2_reg_2164         |   32|   0|   32|          0|
    |tmp_1_3_reg_2169         |   32|   0|   32|          0|
    |tmp_1_4_reg_2174         |   32|   0|   32|          0|
    |tmp_1_5_reg_2179         |   32|   0|   32|          0|
    |tmp_1_6_reg_2184         |   32|   0|   32|          0|
    |tmp_1_7_reg_2189         |   32|   0|   32|          0|
    |tmp_1_8_reg_2194         |   32|   0|   32|          0|
    |tmp_1_9_reg_2199         |   32|   0|   32|          0|
    |tmp_1_reg_2154           |   32|   0|   32|          0|
    |tmp_2_1_reg_2259         |   32|   0|   32|          0|
    |tmp_2_2_reg_2264         |   32|   0|   32|          0|
    |tmp_2_3_reg_2269         |   32|   0|   32|          0|
    |tmp_2_4_reg_2274         |   32|   0|   32|          0|
    |tmp_2_5_reg_2279         |   32|   0|   32|          0|
    |tmp_2_6_reg_2284         |   32|   0|   32|          0|
    |tmp_2_7_reg_2289         |   32|   0|   32|          0|
    |tmp_2_8_reg_2294         |   32|   0|   32|          0|
    |tmp_2_9_reg_2299         |   32|   0|   32|          0|
    |tmp_2_reg_2254           |   32|   0|   32|          0|
    |tmp_3_1_reg_2359         |   32|   0|   32|          0|
    |tmp_3_2_reg_2364         |   32|   0|   32|          0|
    |tmp_3_3_reg_2369         |   32|   0|   32|          0|
    |tmp_3_4_reg_2374         |   32|   0|   32|          0|
    |tmp_3_5_reg_2379         |   32|   0|   32|          0|
    |tmp_3_6_reg_2384         |   32|   0|   32|          0|
    |tmp_3_7_reg_2389         |   32|   0|   32|          0|
    |tmp_3_8_reg_2394         |   32|   0|   32|          0|
    |tmp_3_9_reg_2399         |   32|   0|   32|          0|
    |tmp_3_reg_2354           |   32|   0|   32|          0|
    |tmp_4_1_reg_2459         |   32|   0|   32|          0|
    |tmp_4_2_reg_2464         |   32|   0|   32|          0|
    |tmp_4_3_reg_2469         |   32|   0|   32|          0|
    |tmp_4_4_reg_2474         |   32|   0|   32|          0|
    |tmp_4_5_reg_2479         |   32|   0|   32|          0|
    |tmp_4_6_reg_2484         |   32|   0|   32|          0|
    |tmp_4_7_reg_2489         |   32|   0|   32|          0|
    |tmp_4_8_reg_2494         |   32|   0|   32|          0|
    |tmp_4_9_reg_2499         |   32|   0|   32|          0|
    |tmp_4_reg_2454           |   32|   0|   32|          0|
    |tmp_5_1_reg_2559         |   32|   0|   32|          0|
    |tmp_5_2_reg_2564         |   32|   0|   32|          0|
    |tmp_5_3_reg_2569         |   32|   0|   32|          0|
    |tmp_5_4_reg_2574         |   32|   0|   32|          0|
    |tmp_5_5_reg_2579         |   32|   0|   32|          0|
    |tmp_5_6_reg_2584         |   32|   0|   32|          0|
    |tmp_5_7_reg_2589         |   32|   0|   32|          0|
    |tmp_5_8_reg_2594         |   32|   0|   32|          0|
    |tmp_5_9_reg_2599         |   32|   0|   32|          0|
    |tmp_5_reg_2554           |   32|   0|   32|          0|
    |tmp_6_1_reg_2659         |   32|   0|   32|          0|
    |tmp_6_2_reg_2664         |   32|   0|   32|          0|
    |tmp_6_3_reg_2669         |   32|   0|   32|          0|
    |tmp_6_4_reg_2674         |   32|   0|   32|          0|
    |tmp_6_5_reg_2679         |   32|   0|   32|          0|
    |tmp_6_6_reg_2684         |   32|   0|   32|          0|
    |tmp_6_7_reg_2689         |   32|   0|   32|          0|
    |tmp_6_8_reg_2694         |   32|   0|   32|          0|
    |tmp_6_9_reg_2699         |   32|   0|   32|          0|
    |tmp_6_reg_2654           |   32|   0|   32|          0|
    |tmp_7_1_reg_2759         |   32|   0|   32|          0|
    |tmp_7_2_reg_2764         |   32|   0|   32|          0|
    |tmp_7_3_reg_2769         |   32|   0|   32|          0|
    |tmp_7_4_reg_2774         |   32|   0|   32|          0|
    |tmp_7_5_reg_2779         |   32|   0|   32|          0|
    |tmp_7_6_reg_2784         |   32|   0|   32|          0|
    |tmp_7_7_reg_2789         |   32|   0|   32|          0|
    |tmp_7_8_reg_2794         |   32|   0|   32|          0|
    |tmp_7_9_reg_2799         |   32|   0|   32|          0|
    |tmp_7_reg_2754           |   32|   0|   32|          0|
    |tmp_8_1_reg_2859         |   32|   0|   32|          0|
    |tmp_8_2_reg_2864         |   32|   0|   32|          0|
    |tmp_8_3_reg_2869         |   32|   0|   32|          0|
    |tmp_8_4_reg_2874         |   32|   0|   32|          0|
    |tmp_8_5_reg_2879         |   32|   0|   32|          0|
    |tmp_8_6_reg_2884         |   32|   0|   32|          0|
    |tmp_8_7_reg_2889         |   32|   0|   32|          0|
    |tmp_8_8_reg_2894         |   32|   0|   32|          0|
    |tmp_8_9_reg_2899         |   32|   0|   32|          0|
    |tmp_8_reg_2854           |   32|   0|   32|          0|
    |tmp_9_1_reg_2959         |   32|   0|   32|          0|
    |tmp_9_2_reg_2964         |   32|   0|   32|          0|
    |tmp_9_3_reg_2969         |   32|   0|   32|          0|
    |tmp_9_4_reg_2974         |   32|   0|   32|          0|
    |tmp_9_5_reg_2979         |   32|   0|   32|          0|
    |tmp_9_6_reg_2984         |   32|   0|   32|          0|
    |tmp_9_7_reg_2989         |   32|   0|   32|          0|
    |tmp_9_8_reg_2994         |   32|   0|   32|          0|
    |tmp_9_9_reg_2999         |   32|   0|   32|          0|
    |tmp_9_reg_2954           |   32|   0|   32|          0|
    |tmp_s_reg_2204           |   32|   0|   32|          0|
    |data_10_read11_reg_1950  |   64|  64|   32|          0|
    |data_11_read12_reg_1936  |   64|  64|   32|          0|
    |data_12_read13_reg_1922  |   64|  64|   32|          0|
    |data_13_read14_reg_1908  |   64|  64|   32|          0|
    |data_14_read15_reg_1894  |   64|  64|   32|          0|
    |data_1_read_14_reg_2076  |   64|  32|   32|          0|
    |data_2_read_14_reg_2062  |   64|  32|   32|          0|
    |data_3_read_14_reg_2048  |   64|  32|   32|          0|
    |data_4_read_14_reg_2034  |   64|  32|   32|          0|
    |data_5_read_13_reg_2020  |   64|  32|   32|          0|
    |data_6_read_13_reg_2006  |   64|  32|   32|          0|
    |data_7_read_13_reg_1992  |   64|  32|   32|          0|
    |data_8_read_13_reg_1978  |   64|  40|   32|          0|
    |data_9_read_13_reg_1964  |   64|  64|   32|          0|
    +-------------------------+-----+----+-----+-----------+
    |Total                    |11104| 648|10656|          0|
    +-------------------------+-----+----+-----+-----------+



================================================================
== Interface
================================================================
* Summary: 
+--------------+-----+-----+------------+-------------------------------------+--------------+
|   RTL Ports  | Dir | Bits|  Protocol  |            Source Object            |    C Type    |
+--------------+-----+-----+------------+-------------------------------------+--------------+
|ap_clk        |  in |    1| ap_ctrl_hs | dense_latency.0.0.0.0.0.0.0.0.0.0.0 | return value |
|ap_rst        |  in |    1| ap_ctrl_hs | dense_latency.0.0.0.0.0.0.0.0.0.0.0 | return value |
|ap_return_0   | out |   32| ap_ctrl_hs | dense_latency.0.0.0.0.0.0.0.0.0.0.0 | return value |
|ap_return_1   | out |   32| ap_ctrl_hs | dense_latency.0.0.0.0.0.0.0.0.0.0.0 | return value |
|ap_return_2   | out |   32| ap_ctrl_hs | dense_latency.0.0.0.0.0.0.0.0.0.0.0 | return value |
|ap_return_3   | out |   32| ap_ctrl_hs | dense_latency.0.0.0.0.0.0.0.0.0.0.0 | return value |
|ap_return_4   | out |   32| ap_ctrl_hs | dense_latency.0.0.0.0.0.0.0.0.0.0.0 | return value |
|ap_return_5   | out |   32| ap_ctrl_hs | dense_latency.0.0.0.0.0.0.0.0.0.0.0 | return value |
|ap_return_6   | out |   32| ap_ctrl_hs | dense_latency.0.0.0.0.0.0.0.0.0.0.0 | return value |
|ap_return_7   | out |   32| ap_ctrl_hs | dense_latency.0.0.0.0.0.0.0.0.0.0.0 | return value |
|ap_return_8   | out |   32| ap_ctrl_hs | dense_latency.0.0.0.0.0.0.0.0.0.0.0 | return value |
|ap_return_9   | out |   32| ap_ctrl_hs | dense_latency.0.0.0.0.0.0.0.0.0.0.0 | return value |
|data_0_read   |  in |   32|   ap_none  |             data_0_read             |    scalar    |
|data_1_read   |  in |   32|   ap_none  |             data_1_read             |    scalar    |
|data_2_read   |  in |   32|   ap_none  |             data_2_read             |    scalar    |
|data_3_read   |  in |   32|   ap_none  |             data_3_read             |    scalar    |
|data_4_read   |  in |   32|   ap_none  |             data_4_read             |    scalar    |
|data_5_read   |  in |   32|   ap_none  |             data_5_read             |    scalar    |
|data_6_read   |  in |   32|   ap_none  |             data_6_read             |    scalar    |
|data_7_read   |  in |   32|   ap_none  |             data_7_read             |    scalar    |
|data_8_read   |  in |   32|   ap_none  |             data_8_read             |    scalar    |
|data_9_read   |  in |   32|   ap_none  |             data_9_read             |    scalar    |
|data_10_read  |  in |   32|   ap_none  |             data_10_read            |    scalar    |
|data_11_read  |  in |   32|   ap_none  |             data_11_read            |    scalar    |
|data_12_read  |  in |   32|   ap_none  |             data_12_read            |    scalar    |
|data_13_read  |  in |   32|   ap_none  |             data_13_read            |    scalar    |
|data_14_read  |  in |   32|   ap_none  |             data_14_read            |    scalar    |
+--------------+-----+-----+------------+-------------------------------------+--------------+

