

================================================================
== Vivado HLS Report for 'jedi_concat_float_float_concat_1_struct_s'
================================================================
* Date:           Sun Jul 18 16:08:20 2021

* Version:        2019.2 (Build 2704478 on Wed Nov 06 22:10:23 MST 2019)
* Project:        myproject_prj
* Solution:       solution1
* Product family: virtexuplus
* Target device:  xcu250-figd2104-2L-e


================================================================
== Performance Estimates
================================================================
+ Timing: 
    * Summary: 
    +--------+---------+----------+------------+
    |  Clock |  Target | Estimated| Uncertainty|
    +--------+---------+----------+------------+
    |ap_clk  | 5.00 ns | 2.633 ns |   0.62 ns  |
    +--------+---------+----------+------------+

+ Latency: 
    * Summary: 
    +---------+---------+-----------+-----------+---------+---------+---------+
    |  Latency (cycles) |   Latency (absolute)  |      Interval     | Pipeline|
    |   min   |   max   |    min    |    max    |   min   |   max   |   Type  |
    +---------+---------+-----------+-----------+---------+---------+---------+
    |  2145666|  2145666| 10.728 ms | 10.728 ms |  2145666|  2145666|   none  |
    +---------+---------+-----------+-----------+---------+---------+---------+

    + Detail: 
        * Instance: 
        N/A

        * Loop: 
        +-------------+---------+---------+----------+-----------+-----------+-------+----------+
        |             |  Latency (cycles) | Iteration|  Initiation Interval  |  Trip |          |
        |  Loop Name  |   min   |   max   |  Latency |  achieved |   target  | Count | Pipelined|
        +-------------+---------+---------+----------+-----------+-----------+-------+----------+
        |- Loop 1     |  1072832|  1072832|     67052|          -|          -|     16|    no    |
        | + Loop 1.1  |    67050|    67050|         3|          -|          -|  22350|    no    |
        |- Loop 2     |  1072832|  1072832|     67052|          -|          -|     16|    no    |
        | + Loop 2.1  |    67050|    67050|         3|          -|          -|  22350|    no    |
        +-------------+---------+---------+----------+-----------+-----------+-------+----------+



================================================================
== Utilization Estimates
================================================================
* Summary: 
+---------------------+---------+-------+---------+---------+------+
|         Name        | BRAM_18K| DSP48E|    FF   |   LUT   | URAM |
+---------------------+---------+-------+---------+---------+------+
|DSP                  |        -|      1|        -|        -|     -|
|Expression           |        -|      -|        0|      192|     -|
|FIFO                 |        -|      -|        -|        -|     -|
|Instance             |        -|      -|        -|        -|     -|
|Memory               |        -|      -|        -|        -|     -|
|Multiplexer          |        -|      -|        -|      131|     -|
|Register             |        -|      -|      224|        -|     -|
+---------------------+---------+-------+---------+---------+------+
|Total                |        0|      1|      224|      323|     0|
+---------------------+---------+-------+---------+---------+------+
|Available SLR        |     1344|   3072|   864000|   432000|   320|
+---------------------+---------+-------+---------+---------+------+
|Utilization SLR (%)  |        0|   ~0  |    ~0   |    ~0   |     0|
+---------------------+---------+-------+---------+---------+------+
|Available            |     5376|  12288|  3456000|  1728000|  1280|
+---------------------+---------+-------+---------+---------+------+
|Utilization (%)      |        0|   ~0  |    ~0   |    ~0   |     0|
+---------------------+---------+-------+---------+---------+------+

+ Detail: 
    * Instance: 
    N/A

    * DSP48E: 
    +----------------------------------+------------------------------+-----------+
    |             Instance             |            Module            | Expression|
    +----------------------------------+------------------------------+-----------+
    |jedi_mul_mul_5ns_16ns_20_1_1_U13  |jedi_mul_mul_5ns_16ns_20_1_1  |  i0 * i1  |
    +----------------------------------+------------------------------+-----------+

    * Memory: 
    N/A

    * FIFO: 
    N/A

    * Expression: 
    +----------------------+----------+-------+---+----+------------+------------+
    |     Variable Name    | Operation| DSP48E| FF| LUT| Bitwidth P0| Bitwidth P1|
    +----------------------+----------+-------+---+----+------------+------------+
    |add_ln78_fu_149_p2    |     +    |      0|  0|  19|          19|          15|
    |add_ln80_fu_183_p2    |     +    |      0|  0|  19|          19|          19|
    |add_ln87_fu_194_p2    |     +    |      0|  0|  19|          19|          15|
    |add_ln89_2_fu_253_p2  |     +    |      0|  0|  20|          20|          20|
    |add_ln89_fu_242_p2    |     +    |      0|  0|  19|          19|          19|
    |i_2_fu_206_p2         |     +    |      0|  0|   6|           5|           1|
    |i_fu_161_p2           |     +    |      0|  0|   6|           5|           1|
    |j_2_fu_228_p2         |     +    |      0|  0|  15|          15|           1|
    |j_fu_173_p2           |     +    |      0|  0|  15|          15|           1|
    |icmp_ln78_fu_155_p2   |   icmp   |      0|  0|  11|           5|           6|
    |icmp_ln79_fu_167_p2   |   icmp   |      0|  0|  13|          15|          15|
    |icmp_ln87_fu_200_p2   |   icmp   |      0|  0|  11|           5|           6|
    |icmp_ln88_fu_222_p2   |   icmp   |      0|  0|  13|          15|          15|
    |xor_ln89_fu_212_p2    |    xor   |      0|  0|   6|           5|           6|
    +----------------------+----------+-------+---+----+------------+------------+
    |Total                 |          |      0|  0| 192|         181|         140|
    +----------------------+----------+-------+---+----+------------+------------+

    * Multiplexer: 
    +------------------+----+-----------+-----+-----------+
    |       Name       | LUT| Input Size| Bits| Total Bits|
    +------------------+----+-----------+-----+-----------+
    |ap_NS_fsm         |  47|         10|    1|         10|
    |i1_0_reg_115      |   9|          2|    5|         10|
    |i_0_reg_81        |   9|          2|    5|         10|
    |j2_0_reg_138      |   9|          2|   15|         30|
    |j_0_reg_104       |   9|          2|   15|         30|
    |phi_mul1_reg_126  |   9|          2|   19|         38|
    |phi_mul_reg_92    |   9|          2|   19|         38|
    |res_address0      |  15|          3|   20|         60|
    |res_d0            |  15|          3|   32|         96|
    +------------------+----+-----------+-----+-----------+
    |Total             | 131|         28|  131|        322|
    +------------------+----+-----------+-----+-----------+

    * Register: 
    +---------------------+----+----+-----+-----------+
    |         Name        | FF | LUT| Bits| Const Bits|
    +---------------------+----+----+-----+-----------+
    |add_ln78_reg_268     |  19|   0|   19|          0|
    |add_ln87_reg_309     |  19|   0|   19|          0|
    |add_ln89_2_reg_340   |  20|   0|   20|          0|
    |ap_CS_fsm            |   9|   0|    9|          0|
    |i1_0_reg_115         |   5|   0|    5|          0|
    |i_0_reg_81           |   5|   0|    5|          0|
    |i_2_reg_317          |   5|   0|    5|          0|
    |i_reg_276            |   5|   0|    5|          0|
    |j2_0_reg_138         |  15|   0|   15|          0|
    |j_0_reg_104          |  15|   0|   15|          0|
    |j_2_reg_330          |  15|   0|   15|          0|
    |j_reg_284            |  15|   0|   15|          0|
    |mul_ln89_reg_322     |  20|   0|   20|          0|
    |phi_mul1_reg_126     |  19|   0|   19|          0|
    |phi_mul_reg_92       |  19|   0|   19|          0|
    |zext_ln80_2_reg_289  |  19|   0|   64|         45|
    +---------------------+----+----+-----+-----------+
    |Total                | 224|   0|  269|         45|
    +---------------------+----+----+-----+-----------+



================================================================
== Interface
================================================================
* Summary: 
+----------------+-----+-----+------------+--------------------------------------------+--------------+
|    RTL Ports   | Dir | Bits|  Protocol  |                Source Object               |    C Type    |
+----------------+-----+-----+------------+--------------------------------------------+--------------+
|ap_clk          |  in |    1| ap_ctrl_hs | jedi_concat<float, float, concat_1_struct> | return value |
|ap_rst          |  in |    1| ap_ctrl_hs | jedi_concat<float, float, concat_1_struct> | return value |
|ap_start        |  in |    1| ap_ctrl_hs | jedi_concat<float, float, concat_1_struct> | return value |
|ap_done         | out |    1| ap_ctrl_hs | jedi_concat<float, float, concat_1_struct> | return value |
|ap_idle         | out |    1| ap_ctrl_hs | jedi_concat<float, float, concat_1_struct> | return value |
|ap_ready        | out |    1| ap_ctrl_hs | jedi_concat<float, float, concat_1_struct> | return value |
|data1_address0  | out |   19|  ap_memory |                    data1                   |     array    |
|data1_ce0       | out |    1|  ap_memory |                    data1                   |     array    |
|data1_q0        |  in |   32|  ap_memory |                    data1                   |     array    |
|data2_address0  | out |   19|  ap_memory |                    data2                   |     array    |
|data2_ce0       | out |    1|  ap_memory |                    data2                   |     array    |
|data2_q0        |  in |   32|  ap_memory |                    data2                   |     array    |
|res_address0    | out |   20|  ap_memory |                     res                    |     array    |
|res_ce0         | out |    1|  ap_memory |                     res                    |     array    |
|res_we0         | out |    1|  ap_memory |                     res                    |     array    |
|res_d0          | out |   32|  ap_memory |                     res                    |     array    |
+----------------+-----+-----+------------+--------------------------------------------+--------------+

