

================================================================
== Vivado HLS Report for 'jedi_dnn1_float_float_dense1_config_s'
================================================================
* Date:           Sun Jul 18 16:09:17 2021

* Version:        2019.2 (Build 2704478 on Wed Nov 06 22:10:23 MST 2019)
* Project:        myproject_prj
* Solution:       solution1
* Product family: virtexuplus
* Target device:  xcu250-figd2104-2L-e


================================================================
== Performance Estimates
================================================================
+ Timing: 
    * Summary: 
    +--------+---------+----------+------------+
    |  Clock |  Target | Estimated| Uncertainty|
    +--------+---------+----------+------------+
    |ap_clk  | 5.00 ns | 5.845 ns |   0.62 ns  |
    +--------+---------+----------+------------+

+ Latency: 
    * Summary: 
    +----------+----------+-----------+-----------+----------+----------+---------+
    |   Latency (cycles)  |   Latency (absolute)  |       Interval      | Pipeline|
    |    min   |    max   |    min    |    max    |    min   |    max   |   Type  |
    +----------+----------+-----------+-----------+----------+----------+---------+
    |  11286751|  11286751| 65.971 ms | 65.971 ms |  11286751|  11286751|   none  |
    +----------+----------+-----------+-----------+----------+----------+---------+

    + Detail: 
        * Instance: 
        +---------------------------------------------+----------------------------------+---------+---------+----------+----------+-----+-----+---------+
        |                                             |                                  |  Latency (cycles) |  Latency (absolute) |  Interval | Pipeline|
        |                   Instance                  |              Module              |   min   |   max   |    min   |    max   | min | max |   Type  |
        +---------------------------------------------+----------------------------------+---------+---------+----------+----------+-----+-----+---------+
        |grp_dnn1_float_float_dense1_config_s_fu_166  |dnn1_float_float_dense1_config_s  |      353|      353| 2.063 us | 2.063 us |  353|  353|   none  |
        +---------------------------------------------+----------------------------------+---------+---------+----------+----------+-----+-----+---------+

        * Loop: 
        +-------------+----------+----------+----------+-----------+-----------+-------+----------+
        |             |   Latency (cycles)  | Iteration|  Initiation Interval  |  Trip |          |
        |  Loop Name  |    min   |    max   |  Latency |  achieved |   target  | Count | Pipelined|
        +-------------+----------+----------+----------+-----------+-----------+-------+----------+
        |- Loop 1     |  11286750|  11286750|       505|          -|          -|  22350|    no    |
        | + Loop 1.1  |       128|       128|         4|          -|          -|     32|    no    |
        | + Loop 1.2  |        20|        20|         2|          -|          -|     10|    no    |
        +-------------+----------+----------+----------+-----------+-----------+-------+----------+



================================================================
== Utilization Estimates
================================================================
* Summary: 
+---------------------+---------+-------+---------+---------+------+
|         Name        | BRAM_18K| DSP48E|    FF   |   LUT   | URAM |
+---------------------+---------+-------+---------+---------+------+
|DSP                  |        -|      -|        -|        -|     -|
|Expression           |        -|      -|        0|      136|     -|
|FIFO                 |        -|      -|        -|        -|     -|
|Instance             |       48|   3582|   410439|   279877|     -|
|Memory               |        4|      -|        0|        0|     0|
|Multiplexer          |        -|      -|        -|      188|     -|
|Register             |        -|      -|      184|        -|     -|
+---------------------+---------+-------+---------+---------+------+
|Total                |       52|   3582|   410623|   280201|     0|
+---------------------+---------+-------+---------+---------+------+
|Available SLR        |     1344|   3072|   864000|   432000|   320|
+---------------------+---------+-------+---------+---------+------+
|Utilization SLR (%)  |        3|    116|       47|       64|     0|
+---------------------+---------+-------+---------+---------+------+
|Available            |     5376|  12288|  3456000|  1728000|  1280|
+---------------------+---------+-------+---------+---------+------+
|Utilization (%)      |    ~0   |     29|       11|       16|     0|
+---------------------+---------+-------+---------+---------+------+

+ Detail: 
    * Instance: 
    +---------------------------------------------+----------------------------------+---------+-------+--------+--------+-----+
    |                   Instance                  |              Module              | BRAM_18K| DSP48E|   FF   |   LUT  | URAM|
    +---------------------------------------------+----------------------------------+---------+-------+--------+--------+-----+
    |grp_dnn1_float_float_dense1_config_s_fu_166  |dnn1_float_float_dense1_config_s  |       48|   3582|  410439|  279877|    0|
    +---------------------------------------------+----------------------------------+---------+-------+--------+--------+-----+
    |Total                                        |                                  |       48|   3582|  410439|  279877|    0|
    +---------------------------------------------+----------------------------------+---------+-------+--------+--------+-----+

    * DSP48E: 
    N/A

    * Memory: 
    +----------+----------------------------------------------+---------+---+----+-----+------+-----+------+-------------+
    |  Memory  |                    Module                    | BRAM_18K| FF| LUT| URAM| Words| Bits| Banks| W*Bits*Banks|
    +----------+----------------------------------------------+---------+---+----+-----+------+-----+------+-------------+
    |E_col_U   |jedi_dnn1_float_float_dense1_config_s_E_col   |        2|  0|   0|    0|    10|   32|     1|          320|
    |cache1_U  |jedi_dnn1_float_float_dense1_config_s_cache1  |        2|  0|   0|    0|    32|   32|     1|         1024|
    +----------+----------------------------------------------+---------+---+----+-----+------+-----+------+-------------+
    |Total     |                                              |        4|  0|   0|    0|    42|   64|     2|         1344|
    +----------+----------------------------------------------+---------+---+----+-----+------+-----+------+-------------+

    * FIFO: 
    N/A

    * Expression: 
    +-----------------------+----------+-------+---+----+------------+------------+
    |     Variable Name     | Operation| DSP48E| FF| LUT| Bitwidth P0| Bitwidth P1|
    +-----------------------+----------+-------+---+----+------------+------------+
    |add_ln293_1_fu_210_p2  |     +    |      0|  0|  20|          20|          15|
    |add_ln293_fu_216_p2    |     +    |      0|  0|  20|          20|          20|
    |add_ln319_1_fu_248_p2  |     +    |      0|  0|  18|          18|          15|
    |add_ln319_fu_254_p2    |     +    |      0|  0|  18|          18|          18|
    |cols_fu_184_p2         |     +    |      0|  0|  15|          15|           1|
    |rows_2_fu_237_p2       |     +    |      0|  0|   6|           4|           1|
    |rows_fu_204_p2         |     +    |      0|  0|   6|           6|           1|
    |icmp_ln289_fu_178_p2   |   icmp   |      0|  0|  13|          15|          15|
    |icmp_ln292_fu_198_p2   |   icmp   |      0|  0|  11|           6|           7|
    |icmp_ln318_fu_231_p2   |   icmp   |      0|  0|   9|           4|           4|
    +-----------------------+----------+-------+---+----+------------+------------+
    |Total                  |          |      0|  0| 136|         126|          97|
    +-----------------------+----------+-------+---+----+------------+------------+

    * Multiplexer: 
    +------------------+----+-----------+-----+-----------+
    |       Name       | LUT| Input Size| Bits| Total Bits|
    +------------------+----+-----------+-----+-----------+
    |E_col_address0    |  15|          3|    4|         12|
    |E_col_ce0         |  15|          3|    1|          3|
    |E_col_ce1         |   9|          2|    1|          2|
    |E_col_we0         |   9|          2|    1|          2|
    |E_col_we1         |   9|          2|    1|          2|
    |ap_NS_fsm         |  47|         10|    1|         10|
    |cache1_address0   |  15|          3|    5|         15|
    |cache1_ce0        |  15|          3|    1|          3|
    |cache1_ce1        |   9|          2|    1|          2|
    |cols_0_reg_110    |   9|          2|   15|         30|
    |phi_mul1_reg_155  |   9|          2|   18|         36|
    |phi_mul_reg_133   |   9|          2|   20|         40|
    |rows1_0_reg_144   |   9|          2|    4|          8|
    |rows_0_reg_121    |   9|          2|    6|         12|
    +------------------+----+-----------+-----+-----------+
    |Total             | 188|         40|   79|        177|
    +------------------+----+-----------+-----+-----------+

    * Register: 
    +----------------------------------------------------------+----+----+-----+-----------+
    |                           Name                           | FF | LUT| Bits| Const Bits|
    +----------------------------------------------------------+----+----+-----+-----------+
    |add_ln293_1_reg_289                                       |  20|   0|   20|          0|
    |add_ln319_1_reg_307                                       |  18|   0|   18|          0|
    |add_ln319_reg_312                                         |  18|   0|   18|          0|
    |ap_CS_fsm                                                 |   9|   0|    9|          0|
    |cols_0_reg_110                                            |  15|   0|   15|          0|
    |cols_reg_266                                              |  15|   0|   15|          0|
    |grp_dnn1_float_float_dense1_config_s_fu_166_ap_start_reg  |   1|   0|    1|          0|
    |phi_mul1_reg_155                                          |  18|   0|   18|          0|
    |phi_mul_reg_133                                           |  20|   0|   20|          0|
    |rows1_0_reg_144                                           |   4|   0|    4|          0|
    |rows_0_reg_121                                            |   6|   0|    6|          0|
    |rows_2_reg_302                                            |   4|   0|    4|          0|
    |rows_reg_284                                              |   6|   0|    6|          0|
    |zext_ln292_1_reg_276                                      |  15|   0|   18|          3|
    |zext_ln292_reg_271                                        |  15|   0|   20|          5|
    +----------------------------------------------------------+----+----+-----+-----------+
    |Total                                                     | 184|   0|  192|          8|
    +----------------------------------------------------------+----+----+-----+-----------+



================================================================
== Interface
================================================================
* Summary: 
+------------+-----+-----+------------+----------------------------------------+--------------+
|  RTL Ports | Dir | Bits|  Protocol  |              Source Object             |    C Type    |
+------------+-----+-----+------------+----------------------------------------+--------------+
|ap_clk      |  in |    1| ap_ctrl_hs | jedi_dnn1<float, float, dense1_config> | return value |
|ap_rst      |  in |    1| ap_ctrl_hs | jedi_dnn1<float, float, dense1_config> | return value |
|ap_start    |  in |    1| ap_ctrl_hs | jedi_dnn1<float, float, dense1_config> | return value |
|ap_done     | out |    1| ap_ctrl_hs | jedi_dnn1<float, float, dense1_config> | return value |
|ap_idle     | out |    1| ap_ctrl_hs | jedi_dnn1<float, float, dense1_config> | return value |
|ap_ready    | out |    1| ap_ctrl_hs | jedi_dnn1<float, float, dense1_config> | return value |
|B_address0  | out |   20|  ap_memory |                    B                   |     array    |
|B_ce0       | out |    1|  ap_memory |                    B                   |     array    |
|B_q0        |  in |   32|  ap_memory |                    B                   |     array    |
|E_address0  | out |   18|  ap_memory |                    E                   |     array    |
|E_ce0       | out |    1|  ap_memory |                    E                   |     array    |
|E_we0       | out |    1|  ap_memory |                    E                   |     array    |
|E_d0        | out |   32|  ap_memory |                    E                   |     array    |
+------------+-----+-----+------------+----------------------------------------+--------------+

