

================================================================
== Vivado HLS Report for 'jedi_dnn2_float_float_dense2_config_s'
================================================================
* Date:           Sun Jul 18 16:10:24 2021

* Version:        2019.2 (Build 2704478 on Wed Nov 06 22:10:23 MST 2019)
* Project:        myproject_prj
* Solution:       solution1
* Product family: virtexuplus
* Target device:  xcu250-figd2104-2L-e


================================================================
== Performance Estimates
================================================================
+ Timing: 
    * Summary: 
    +--------+---------+----------+------------+
    |  Clock |  Target | Estimated| Uncertainty|
    +--------+---------+----------+------------+
    |ap_clk  | 5.00 ns | 5.845 ns |   0.62 ns  |
    +--------+---------+----------+------------+

+ Latency: 
    * Summary: 
    +---------+---------+----------+----------+-------+-------+---------+
    |  Latency (cycles) |  Latency (absolute) |    Interval   | Pipeline|
    |   min   |   max   |    min   |    max   |  min  |  max  |   Type  |
    +---------+---------+----------+----------+-------+-------+---------+
    |    60601|    60601| 0.354 ms | 0.354 ms |  60601|  60601|   none  |
    +---------+---------+----------+----------+-------+-------+---------+

    + Detail: 
        * Instance: 
        +---------------------------------------------+----------------------------------+---------+---------+----------+----------+-----+-----+---------+
        |                                             |                                  |  Latency (cycles) |  Latency (absolute) |  Interval | Pipeline|
        |                   Instance                  |              Module              |   min   |   max   |    min   |    max   | min | max |   Type  |
        +---------------------------------------------+----------------------------------+---------+---------+----------+----------+-----+-----+---------+
        |grp_dnn2_float_float_dense2_config_s_fu_166  |dnn2_float_float_dense2_config_s  |      328|      328| 1.917 us | 1.917 us |  328|  328|   none  |
        +---------------------------------------------+----------------------------------+---------+---------+----------+----------+-----+-----+---------+

        * Loop: 
        +-------------+---------+---------+----------+-----------+-----------+------+----------+
        |             |  Latency (cycles) | Iteration|  Initiation Interval  | Trip |          |
        |  Loop Name  |   min   |   max   |  Latency |  achieved |   target  | Count| Pipelined|
        +-------------+---------+---------+----------+-----------+-----------+------+----------+
        |- Loop 1     |    60600|    60600|       404|          -|          -|   150|    no    |
        | + Loop 1.1  |       52|       52|         2|          -|          -|    26|    no    |
        | + Loop 1.2  |       20|       20|         2|          -|          -|    10|    no    |
        +-------------+---------+---------+----------+-----------+-----------+------+----------+



================================================================
== Utilization Estimates
================================================================
* Summary: 
+---------------------+---------+-------+---------+---------+------+
|         Name        | BRAM_18K| DSP48E|    FF   |   LUT   | URAM |
+---------------------+---------+-------+---------+---------+------+
|DSP                  |        -|      -|        -|        -|     -|
|Expression           |        -|      -|        0|       97|     -|
|FIFO                 |        -|      -|        -|        -|     -|
|Instance             |       48|   3582|   396491|   271029|     -|
|Memory               |        2|      -|       64|       13|     0|
|Multiplexer          |        -|      -|        -|      182|     -|
|Register             |        -|      -|      115|        -|     -|
+---------------------+---------+-------+---------+---------+------+
|Total                |       50|   3582|   396670|   271321|     0|
+---------------------+---------+-------+---------+---------+------+
|Available SLR        |     1344|   3072|   864000|   432000|   320|
+---------------------+---------+-------+---------+---------+------+
|Utilization SLR (%)  |        3|    116|       45|       62|     0|
+---------------------+---------+-------+---------+---------+------+
|Available            |     5376|  12288|  3456000|  1728000|  1280|
+---------------------+---------+-------+---------+---------+------+
|Utilization (%)      |    ~0   |     29|       11|       15|     0|
+---------------------+---------+-------+---------+---------+------+

+ Detail: 
    * Instance: 
    +---------------------------------------------+----------------------------------+---------+-------+--------+--------+-----+
    |                   Instance                  |              Module              | BRAM_18K| DSP48E|   FF   |   LUT  | URAM|
    +---------------------------------------------+----------------------------------+---------+-------+--------+--------+-----+
    |grp_dnn2_float_float_dense2_config_s_fu_166  |dnn2_float_float_dense2_config_s  |       48|   3582|  396491|  271029|    0|
    +---------------------------------------------+----------------------------------+---------+-------+--------+--------+-----+
    |Total                                        |                                  |       48|   3582|  396491|  271029|    0|
    +---------------------------------------------+----------------------------------+---------+-------+--------+--------+-----+

    * DSP48E: 
    N/A

    * Memory: 
    +----------+----------------------------------------------+---------+----+----+-----+------+-----+------+-------------+
    |  Memory  |                    Module                    | BRAM_18K| FF | LUT| URAM| Words| Bits| Banks| W*Bits*Banks|
    +----------+----------------------------------------------+---------+----+----+-----+------+-----+------+-------------+
    |O_col_U   |jedi_dnn1_float_float_dense1_config_s_E_col   |        2|   0|   0|    0|    10|   32|     1|          320|
    |cache2_U  |jedi_dnn2_float_float_dense2_config_s_cache2  |        0|  64|  13|    0|    26|   32|     1|          832|
    +----------+----------------------------------------------+---------+----+----+-----+------+-----+------+-------------+
    |Total     |                                              |        2|  64|  13|    0|    36|   64|     2|         1152|
    +----------+----------------------------------------------+---------+----+----+-----+------+-----+------+-------------+

    * FIFO: 
    N/A

    * Expression: 
    +-----------------------+----------+-------+---+----+------------+------------+
    |     Variable Name     | Operation| DSP48E| FF| LUT| Bitwidth P0| Bitwidth P1|
    +-----------------------+----------+-------+---+----+------------+------------+
    |add_ln362_1_fu_210_p2  |     +    |      0|  0|  12|          12|           8|
    |add_ln362_fu_216_p2    |     +    |      0|  0|  12|          12|          12|
    |add_ln370_1_fu_248_p2  |     +    |      0|  0|  11|          11|           8|
    |add_ln370_fu_254_p2    |     +    |      0|  0|  11|          11|          11|
    |cols_fu_184_p2         |     +    |      0|  0|   8|           8|           1|
    |rows_1_fu_237_p2       |     +    |      0|  0|   6|           4|           1|
    |rows_fu_204_p2         |     +    |      0|  0|   6|           5|           1|
    |icmp_ln360_fu_178_p2   |   icmp   |      0|  0|  11|           8|           8|
    |icmp_ln361_fu_198_p2   |   icmp   |      0|  0|  11|           5|           4|
    |icmp_ln369_fu_231_p2   |   icmp   |      0|  0|   9|           4|           4|
    +-----------------------+----------+-------+---+----+------------+------------+
    |Total                  |          |      0|  0|  97|          80|          58|
    +-----------------------+----------+-------+---+----+------------+------------+

    * Multiplexer: 
    +------------------+----+-----------+-----+-----------+
    |       Name       | LUT| Input Size| Bits| Total Bits|
    +------------------+----+-----------+-----+-----------+
    |O_col_address0    |  15|          3|    4|         12|
    |O_col_ce0         |  15|          3|    1|          3|
    |O_col_ce1         |   9|          2|    1|          2|
    |O_col_we0         |   9|          2|    1|          2|
    |O_col_we1         |   9|          2|    1|          2|
    |ap_NS_fsm         |  41|          8|    1|          8|
    |cache2_address0   |  15|          3|    5|         15|
    |cache2_ce0        |  15|          3|    1|          3|
    |cache2_ce1        |   9|          2|    1|          2|
    |cols_0_reg_110    |   9|          2|    8|         16|
    |phi_mul1_reg_155  |   9|          2|   11|         22|
    |phi_mul_reg_133   |   9|          2|   12|         24|
    |rows1_0_reg_144   |   9|          2|    4|          8|
    |rows_0_reg_121    |   9|          2|    5|         10|
    +------------------+----+-----------+-----+-----------+
    |Total             | 182|         38|   56|        129|
    +------------------+----+-----------+-----+-----------+

    * Register: 
    +----------------------------------------------------------+----+----+-----+-----------+
    |                           Name                           | FF | LUT| Bits| Const Bits|
    +----------------------------------------------------------+----+----+-----+-----------+
    |add_ln362_1_reg_289                                       |  12|   0|   12|          0|
    |add_ln370_1_reg_307                                       |  11|   0|   11|          0|
    |add_ln370_reg_312                                         |  11|   0|   11|          0|
    |ap_CS_fsm                                                 |   7|   0|    7|          0|
    |cols_0_reg_110                                            |   8|   0|    8|          0|
    |cols_reg_266                                              |   8|   0|    8|          0|
    |grp_dnn2_float_float_dense2_config_s_fu_166_ap_start_reg  |   1|   0|    1|          0|
    |phi_mul1_reg_155                                          |  11|   0|   11|          0|
    |phi_mul_reg_133                                           |  12|   0|   12|          0|
    |rows1_0_reg_144                                           |   4|   0|    4|          0|
    |rows_0_reg_121                                            |   5|   0|    5|          0|
    |rows_1_reg_302                                            |   4|   0|    4|          0|
    |rows_reg_284                                              |   5|   0|    5|          0|
    |zext_ln361_1_reg_276                                      |   8|   0|   11|          3|
    |zext_ln361_reg_271                                        |   8|   0|   12|          4|
    +----------------------------------------------------------+----+----+-----+-----------+
    |Total                                                     | 115|   0|  122|          7|
    +----------------------------------------------------------+----+----+-----+-----------+



================================================================
== Interface
================================================================
* Summary: 
+------------+-----+-----+------------+----------------------------------------+--------------+
|  RTL Ports | Dir | Bits|  Protocol  |              Source Object             |    C Type    |
+------------+-----+-----+------------+----------------------------------------+--------------+
|ap_clk      |  in |    1| ap_ctrl_hs | jedi_dnn2<float, float, dense2_config> | return value |
|ap_rst      |  in |    1| ap_ctrl_hs | jedi_dnn2<float, float, dense2_config> | return value |
|ap_start    |  in |    1| ap_ctrl_hs | jedi_dnn2<float, float, dense2_config> | return value |
|ap_done     | out |    1| ap_ctrl_hs | jedi_dnn2<float, float, dense2_config> | return value |
|ap_idle     | out |    1| ap_ctrl_hs | jedi_dnn2<float, float, dense2_config> | return value |
|ap_ready    | out |    1| ap_ctrl_hs | jedi_dnn2<float, float, dense2_config> | return value |
|C_address0  | out |   12|  ap_memory |                    C                   |     array    |
|C_ce0       | out |    1|  ap_memory |                    C                   |     array    |
|C_q0        |  in |   32|  ap_memory |                    C                   |     array    |
|O_address0  | out |   11|  ap_memory |                    O                   |     array    |
|O_ce0       | out |    1|  ap_memory |                    O                   |     array    |
|O_we0       | out |    1|  ap_memory |                    O                   |     array    |
|O_d0        | out |   32|  ap_memory |                    O                   |     array    |
+------------+-----+-----+------------+----------------------------------------+--------------+

