

================================================================
== Vivado HLS Report for 'jedi'
================================================================
* Date:           Sun Aug 15 04:43:36 2021

* Version:        2019.2 (Build 2704478 on Wed Nov 06 22:10:23 MST 2019)
* Project:        myproject_prj
* Solution:       solution1
* Product family: virtexuplus
* Target device:  xcu250-figd2104-2L-e


================================================================
== Performance Estimates
================================================================
+ Timing: 
    * Summary: 
    +--------+---------+----------+------------+
    |  Clock |  Target | Estimated| Uncertainty|
    +--------+---------+----------+------------+
    |ap_clk  | 5.00 ns | 5.845 ns |   0.62 ns  |
    +--------+---------+----------+------------+

+ Latency: 
    * Summary: 
    +---------+---------+-----------+-----------+------+------+---------+
    |  Latency (cycles) |   Latency (absolute)  |   Interval  | Pipeline|
    |   min   |   max   |    min    |    max    |  min |  max |   Type  |
    +---------+---------+-----------+-----------+------+------+---------+
    |     4110|     4110| 24.023 us | 24.023 us |  4110|  4110|   none  |
    +---------+---------+-----------+-----------+------+------+---------+

    + Detail: 
        * Instance: 
        +------------------------------------------------------+-------------------------------------------+---------+---------+----------+----------+-----+-----+---------+
        |                                                      |                                           |  Latency (cycles) |  Latency (absolute) |  Interval | Pipeline|
        |                       Instance                       |                   Module                  |   min   |   max   |    min   |    max   | min | max |   Type  |
        +------------------------------------------------------+-------------------------------------------+---------+---------+----------+----------+-----+-----+---------+
        |grp_jedi_dnn1_float_float_dense1_config_s_fu_80       |jedi_dnn1_float_float_dense1_config_s      |      615|      615| 3.595 us | 3.595 us |  615|  615|   none  |
        |grp_jedi_dnn2_float_float_dense2_config_s_fu_92       |jedi_dnn2_float_float_dense2_config_s      |      322|      322| 1.882 us | 1.882 us |  322|  322|   none  |
        |grp_jedi_dnn3_float_float_dense3_config_s_fu_104      |jedi_dnn3_float_float_dense3_config_s      |      312|      312| 1.824 us | 1.824 us |  312|  312|   none  |
        |grp_jedi_multiply_float_float_mult_3_struct_s_fu_117  |jedi_multiply_float_float_mult_3_struct_s  |      478|      478| 2.794 us | 2.794 us |  478|  478|   none  |
        |grp_jedi_concat_float_float_concat_1_struct_s_fu_125  |jedi_concat_float_float_concat_1_struct_s  |      324|      324| 1.894 us | 1.894 us |  324|  324|   none  |
        |grp_jedi_multiply_float_float_mult_1_struct_s_fu_132  |jedi_multiply_float_float_mult_1_struct_s  |      984|      984| 5.751 us | 5.751 us |  984|  984|   none  |
        |grp_jedi_multiply_float_float_mult_2_struct_s_fu_142  |jedi_multiply_float_float_mult_2_struct_s  |      984|      984| 5.751 us | 5.751 us |  984|  984|   none  |
        |grp_jedi_concat_float_float_concat_2_struct_s_fu_151  |jedi_concat_float_float_concat_2_struct_s  |       76|       76| 0.444 us | 0.444 us |   76|   76|   none  |
        +------------------------------------------------------+-------------------------------------------+---------+---------+----------+----------+-----+-----+---------+

        * Loop: 
        N/A



================================================================
== Utilization Estimates
================================================================
* Summary: 
+---------------------+---------+-------+---------+---------+------+
|         Name        | BRAM_18K| DSP48E|    FF   |   LUT   | URAM |
+---------------------+---------+-------+---------+---------+------+
|DSP                  |        -|      -|        -|        -|     -|
|Expression           |        -|      -|        -|        -|     -|
|FIFO                 |        -|      -|        -|        -|     -|
|Instance             |      106|   1446|   187744|   149871|     -|
|Memory               |       14|      -|        0|        0|     0|
|Multiplexer          |        -|      -|        -|      625|     -|
|Register             |        -|      -|       24|        -|     -|
+---------------------+---------+-------+---------+---------+------+
|Total                |      120|   1446|   187768|   150496|     0|
+---------------------+---------+-------+---------+---------+------+
|Available SLR        |     1344|   3072|   864000|   432000|   320|
+---------------------+---------+-------+---------+---------+------+
|Utilization SLR (%)  |        8|     47|       21|       34|     0|
+---------------------+---------+-------+---------+---------+------+
|Available            |     5376|  12288|  3456000|  1728000|  1280|
+---------------------+---------+-------+---------+---------+------+
|Utilization (%)      |        2|     11|        5|        8|     0|
+---------------------+---------+-------+---------+---------+------+

+ Detail: 
    * Instance: 
    +------------------------------------------------------+-------------------------------------------+---------+-------+-------+-------+-----+
    |                       Instance                       |                   Module                  | BRAM_18K| DSP48E|   FF  |  LUT  | URAM|
    +------------------------------------------------------+-------------------------------------------+---------+-------+-------+-------+-----+
    |grp_jedi_concat_float_float_concat_1_struct_s_fu_125  |jedi_concat_float_float_concat_1_struct_s  |        0|      0|    229|   1233|    0|
    |grp_jedi_concat_float_float_concat_2_struct_s_fu_151  |jedi_concat_float_float_concat_2_struct_s  |        0|      0|     92|    434|    0|
    |grp_jedi_dnn1_float_float_dense1_config_s_fu_80       |jedi_dnn1_float_float_dense1_config_s      |       38|    538|  70017|  53756|    0|
    |grp_jedi_dnn2_float_float_dense2_config_s_fu_92       |jedi_dnn2_float_float_dense2_config_s      |       36|    504|  62104|  48713|    0|
    |grp_jedi_dnn3_float_float_dense3_config_s_fu_104      |jedi_dnn3_float_float_dense3_config_s      |       32|    374|  48226|  41084|    0|
    |grp_jedi_multiply_float_float_mult_1_struct_s_fu_132  |jedi_multiply_float_float_mult_1_struct_s  |        0|     10|   1828|   1264|    0|
    |grp_jedi_multiply_float_float_mult_2_struct_s_fu_142  |jedi_multiply_float_float_mult_2_struct_s  |        0|     10|   1828|   1264|    0|
    |grp_jedi_multiply_float_float_mult_3_struct_s_fu_117  |jedi_multiply_float_float_mult_3_struct_s  |        0|     10|   3420|   2123|    0|
    +------------------------------------------------------+-------------------------------------------+---------+-------+-------+-------+-----+
    |Total                                                 |                                           |      106|   1446| 187744| 149871|    0|
    +------------------------------------------------------+-------------------------------------------+---------+-------+-------+-------+-----+

    * DSP48E: 
    N/A

    * Memory: 
    +---------+------------+---------+---+----+-----+------+-----+------+-------------+
    |  Memory |   Module   | BRAM_18K| FF| LUT| URAM| Words| Bits| Banks| W*Bits*Banks|
    +---------+------------+---------+---+----+-----+------+-----+------+-------------+
    |B_U      |jedi_B      |        2|  0|   0|    0|   640|   32|     1|        20480|
    |B_top_U  |jedi_B_top  |        2|  0|   0|    0|   320|   32|     1|        10240|
    |B_bot_U  |jedi_B_top  |        2|  0|   0|    0|   320|   32|     1|        10240|
    |C_U      |jedi_C      |        2|  0|   0|    0|   120|   32|     1|         3840|
    |E_U      |jedi_E      |        2|  0|   0|    0|   160|   32|     1|         5120|
    |E_bar_U  |jedi_E_bar  |        2|  0|   0|    0|    40|   32|     1|         1280|
    |O_U      |jedi_O      |        2|  0|   0|    0|    30|   32|     1|          960|
    +---------+------------+---------+---+----+-----+------+-----+------+-------------+
    |Total    |            |       14|  0|   0|    0|  1630|  224|     7|        52160|
    +---------+------------+---------+---+----+-----+------+-----+------+-------------+

    * FIFO: 
    N/A

    * Expression: 
    N/A

    * Multiplexer: 
    +----------------+----+-----------+-----+-----------+
    |      Name      | LUT| Input Size| Bits| Total Bits|
    +----------------+----+-----------+-----+-----------+
    |B_address0      |  15|          3|   10|         30|
    |B_address1      |  15|          3|   10|         30|
    |B_bot_address0  |  15|          3|    9|         27|
    |B_bot_ce0       |  15|          3|    1|          3|
    |B_bot_ce1       |   9|          2|    1|          2|
    |B_bot_we0       |   9|          2|    1|          2|
    |B_ce0           |  15|          3|    1|          3|
    |B_ce1           |  15|          3|    1|          3|
    |B_top_address0  |  15|          3|    9|         27|
    |B_top_ce0       |  15|          3|    1|          3|
    |B_top_ce1       |   9|          2|    1|          2|
    |B_top_we0       |   9|          2|    1|          2|
    |B_we0           |   9|          2|    1|          2|
    |B_we1           |   9|          2|    1|          2|
    |C_address0      |  15|          3|    7|         21|
    |C_address1      |  15|          3|    7|         21|
    |C_ce0           |  15|          3|    1|          3|
    |C_ce1           |  15|          3|    1|          3|
    |C_we0           |   9|          2|    1|          2|
    |C_we1           |   9|          2|    1|          2|
    |E_address0      |  15|          3|    8|         24|
    |E_address1      |  15|          3|    8|         24|
    |E_bar_address0  |  15|          3|    6|         18|
    |E_bar_ce0       |  15|          3|    1|          3|
    |E_bar_ce1       |   9|          2|    1|          2|
    |E_bar_we0       |   9|          2|    1|          2|
    |E_ce0           |  15|          3|    1|          3|
    |E_ce1           |  15|          3|    1|          3|
    |E_we0           |   9|          2|    1|          2|
    |E_we1           |   9|          2|    1|          2|
    |I_address0      |  21|          4|    8|         32|
    |I_address1      |  21|          4|    8|         32|
    |I_ce0           |  21|          4|    1|          4|
    |I_ce1           |  21|          4|    1|          4|
    |O_address0      |  15|          3|    5|         15|
    |O_address1      |  15|          3|    5|         15|
    |O_ce0           |  15|          3|    1|          3|
    |O_ce1           |  15|          3|    1|          3|
    |O_we0           |   9|          2|    1|          2|
    |O_we1           |   9|          2|    1|          2|
    |ap_NS_fsm       |  85|         17|    1|         17|
    +----------------+----+-----------+-----+-----------+
    |Total           | 625|        127|  128|        402|
    +----------------+----+-----------+-----+-----------+

    * Register: 
    +-------------------------------------------------------------------+----+----+-----+-----------+
    |                                Name                               | FF | LUT| Bits| Const Bits|
    +-------------------------------------------------------------------+----+----+-----+-----------+
    |ap_CS_fsm                                                          |  16|   0|   16|          0|
    |grp_jedi_concat_float_float_concat_1_struct_s_fu_125_ap_start_reg  |   1|   0|    1|          0|
    |grp_jedi_concat_float_float_concat_2_struct_s_fu_151_ap_start_reg  |   1|   0|    1|          0|
    |grp_jedi_dnn1_float_float_dense1_config_s_fu_80_ap_start_reg       |   1|   0|    1|          0|
    |grp_jedi_dnn2_float_float_dense2_config_s_fu_92_ap_start_reg       |   1|   0|    1|          0|
    |grp_jedi_dnn3_float_float_dense3_config_s_fu_104_ap_start_reg      |   1|   0|    1|          0|
    |grp_jedi_multiply_float_float_mult_1_struct_s_fu_132_ap_start_reg  |   1|   0|    1|          0|
    |grp_jedi_multiply_float_float_mult_2_struct_s_fu_142_ap_start_reg  |   1|   0|    1|          0|
    |grp_jedi_multiply_float_float_mult_3_struct_s_fu_117_ap_start_reg  |   1|   0|    1|          0|
    +-------------------------------------------------------------------+----+----+-----+-----------+
    |Total                                                              |  24|   0|   24|          0|
    +-------------------------------------------------------------------+----+----+-----+-----------+



================================================================
== Interface
================================================================
* Summary: 
+-----------------+-----+-----+------------+--------------+--------------+
|    RTL Ports    | Dir | Bits|  Protocol  | Source Object|    C Type    |
+-----------------+-----+-----+------------+--------------+--------------+
|ap_clk           |  in |    1| ap_ctrl_hs |     jedi     | return value |
|ap_rst           |  in |    1| ap_ctrl_hs |     jedi     | return value |
|ap_start         |  in |    1| ap_ctrl_hs |     jedi     | return value |
|ap_done          | out |    1| ap_ctrl_hs |     jedi     | return value |
|ap_idle          | out |    1| ap_ctrl_hs |     jedi     | return value |
|ap_ready         | out |    1| ap_ctrl_hs |     jedi     | return value |
|I_address0       | out |    8|  ap_memory |       I      |     array    |
|I_ce0            | out |    1|  ap_memory |       I      |     array    |
|I_q0             |  in |   32|  ap_memory |       I      |     array    |
|I_address1       | out |    8|  ap_memory |       I      |     array    |
|I_ce1            | out |    1|  ap_memory |       I      |     array    |
|I_q1             |  in |   32|  ap_memory |       I      |     array    |
|Rr_address0      | out |    7|  ap_memory |      Rr      |     array    |
|Rr_ce0           | out |    1|  ap_memory |      Rr      |     array    |
|Rr_q0            |  in |   32|  ap_memory |      Rr      |     array    |
|Rr_address1      | out |    7|  ap_memory |      Rr      |     array    |
|Rr_ce1           | out |    1|  ap_memory |      Rr      |     array    |
|Rr_q1            |  in |   32|  ap_memory |      Rr      |     array    |
|Rr_T_address0    | out |    7|  ap_memory |     Rr_T     |     array    |
|Rr_T_ce0         | out |    1|  ap_memory |     Rr_T     |     array    |
|Rr_T_q0          |  in |   32|  ap_memory |     Rr_T     |     array    |
|Rr_T_address1    | out |    7|  ap_memory |     Rr_T     |     array    |
|Rr_T_ce1         | out |    1|  ap_memory |     Rr_T     |     array    |
|Rr_T_q1          |  in |   32|  ap_memory |     Rr_T     |     array    |
|Rs_address0      | out |    7|  ap_memory |      Rs      |     array    |
|Rs_ce0           | out |    1|  ap_memory |      Rs      |     array    |
|Rs_q0            |  in |   32|  ap_memory |      Rs      |     array    |
|Rs_address1      | out |    7|  ap_memory |      Rs      |     array    |
|Rs_ce1           | out |    1|  ap_memory |      Rs      |     array    |
|Rs_q1            |  in |   32|  ap_memory |      Rs      |     array    |
|result_address0  | out |    3|  ap_memory |    result    |     array    |
|result_ce0       | out |    1|  ap_memory |    result    |     array    |
|result_we0       | out |    1|  ap_memory |    result    |     array    |
|result_d0        | out |   32|  ap_memory |    result    |     array    |
|result_address1  | out |    3|  ap_memory |    result    |     array    |
|result_ce1       | out |    1|  ap_memory |    result    |     array    |
|result_we1       | out |    1|  ap_memory |    result    |     array    |
|result_d1        | out |   32|  ap_memory |    result    |     array    |
+-----------------+-----+-----+------------+--------------+--------------+

