

================================================================
== Vivado HLS Report for 'jedi'
================================================================
* Date:           Fri Jul 30 11:41:50 2021

* Version:        2019.2 (Build 2704478 on Wed Nov 06 22:10:23 MST 2019)
* Project:        myproject_prj
* Solution:       solution1
* Product family: virtexuplus
* Target device:  xcu250-figd2104-2L-e


================================================================
== Performance Estimates
================================================================
+ Timing: 
    * Summary: 
    +--------+---------+----------+------------+
    |  Clock |  Target | Estimated| Uncertainty|
    +--------+---------+----------+------------+
    |ap_clk  | 5.00 ns | 4.360 ns |   0.62 ns  |
    +--------+---------+----------+------------+

+ Latency: 
    * Summary: 
    +---------+---------+----------+----------+--------+--------+---------+
    |  Latency (cycles) |  Latency (absolute) |     Interval    | Pipeline|
    |   min   |   max   |    min   |    max   |   min  |   max  |   Type  |
    +---------+---------+----------+----------+--------+--------+---------+
    |   814870|   814873| 4.074 ms | 4.074 ms |  814870|  814873|   none  |
    +---------+---------+----------+----------+--------+--------+---------+

    + Detail: 
        * Instance: 
        +------------------------------------------------------------+-------------------------------------------------+---------+---------+-----------+-----------+--------+--------+---------------------------------------------+
        |                                                            |                                                 |  Latency (cycles) |   Latency (absolute)  |     Interval    |                   Pipeline                  |
        |                          Instance                          |                      Module                     |   min   |   max   |    min    |    max    |   min  |   max  |                     Type                    |
        +------------------------------------------------------------+-------------------------------------------------+---------+---------+-----------+-----------+--------+--------+---------------------------------------------+
        |grp_jedi_dnn1_ap_fixed_ap_fixed_dense1_config_s_fu_80       |jedi_dnn1_ap_fixed_ap_fixed_dense1_config_s      |   274921|   274921|  1.375 ms |  1.375 ms |  274921|  274921|                     none                    |
        |grp_jedi_dnn2_ap_fixed_ap_fixed_dense2_config_s_fu_92       |jedi_dnn2_ap_fixed_ap_fixed_dense2_config_s      |     2415|     2415| 12.075 us | 12.075 us |    2415|    2415|                     none                    |
        |grp_jedi_dnn3_ap_fixed_ap_fixed_dense3_config_s_fu_104      |jedi_dnn3_ap_fixed_ap_fixed_dense3_config_s      |      722|      722|  3.610 us |  3.610 us |     722|     722|                     none                    |
        |grp_jedi_multiply_ap_fixed_ap_fixed_mult_3_struct_s_fu_117  |jedi_multiply_ap_fixed_ap_fixed_mult_3_struct_s  |   104879|   104880|  0.524 ms |  0.524 ms |  104879|  104880|                     none                    |
        |grp_jedi_concat_ap_fixed_ap_fixed_concat_1_struct_s_fu_125  |jedi_concat_ap_fixed_ap_fixed_concat_1_struct_s  |    13952|    13952| 69.760 us | 69.760 us |   13952|   13952|                     none                    |
        |grp_jedi_multiply_ap_fixed_ap_fixed_mult_1_struct_s_fu_132  |jedi_multiply_ap_fixed_ap_fixed_mult_1_struct_s  |   208801|   208802|  1.044 ms |  1.044 ms |  208800|  208800| loop rewind(delay=0 initiation interval(s)) |
        |grp_jedi_multiply_ap_fixed_ap_fixed_mult_2_struct_s_fu_142  |jedi_multiply_ap_fixed_ap_fixed_mult_2_struct_s  |   208801|   208802|  1.044 ms |  1.044 ms |  208800|  208800| loop rewind(delay=0 initiation interval(s)) |
        |grp_jedi_concat_ap_fixed_ap_fixed_concat_2_struct_s_fu_151  |jedi_concat_ap_fixed_ap_fixed_concat_2_struct_s  |      364|      364|  1.820 us |  1.820 us |     364|     364|                     none                    |
        +------------------------------------------------------------+-------------------------------------------------+---------+---------+-----------+-----------+--------+--------+---------------------------------------------+

        * Loop: 
        N/A



================================================================
== Utilization Estimates
================================================================
* Summary: 
+---------------------+---------+-------+---------+---------+------+
|         Name        | BRAM_18K| DSP48E|    FF   |   LUT   | URAM |
+---------------------+---------+-------+---------+---------+------+
|DSP                  |        -|      -|        -|        -|     -|
|Expression           |        -|      -|        -|        -|     -|
|FIFO                 |        -|      -|        -|        -|     -|
|Instance             |      106|   7905|  1172634|  3058042|     -|
|Memory               |      100|      -|        0|        0|     0|
|Multiplexer          |        -|      -|        -|      583|     -|
|Register             |        -|      -|       24|        -|     -|
+---------------------+---------+-------+---------+---------+------+
|Total                |      206|   7905|  1172658|  3058625|     0|
+---------------------+---------+-------+---------+---------+------+
|Available SLR        |     1344|   3072|   864000|   432000|   320|
+---------------------+---------+-------+---------+---------+------+
|Utilization SLR (%)  |       15|    257|      135|      708|     0|
+---------------------+---------+-------+---------+---------+------+
|Available            |     5376|  12288|  3456000|  1728000|  1280|
+---------------------+---------+-------+---------+---------+------+
|Utilization (%)      |        3|     64|       33|      177|     0|
+---------------------+---------+-------+---------+---------+------+

+ Detail: 
    * Instance: 
    +------------------------------------------------------------+-------------------------------------------------+---------+-------+--------+---------+-----+
    |                          Instance                          |                      Module                     | BRAM_18K| DSP48E|   FF   |   LUT   | URAM|
    +------------------------------------------------------------+-------------------------------------------------+---------+-------+--------+---------+-----+
    |grp_jedi_concat_ap_fixed_ap_fixed_concat_1_struct_s_fu_125  |jedi_concat_ap_fixed_ap_fixed_concat_1_struct_s  |        0|      1|   13136|    51626|    0|
    |grp_jedi_concat_ap_fixed_ap_fixed_concat_2_struct_s_fu_151  |jedi_concat_ap_fixed_ap_fixed_concat_2_struct_s  |        0|      0|    1918|     1741|    0|
    |grp_jedi_dnn1_ap_fixed_ap_fixed_dense1_config_s_fu_80       |jedi_dnn1_ap_fixed_ap_fixed_dense1_config_s      |       38|   2716|  494445|  1291641|    0|
    |grp_jedi_dnn2_ap_fixed_ap_fixed_dense2_config_s_fu_92       |jedi_dnn2_ap_fixed_ap_fixed_dense2_config_s      |       36|   2197|  402077|  1046517|    0|
    |grp_jedi_dnn3_ap_fixed_ap_fixed_dense3_config_s_fu_104      |jedi_dnn3_ap_fixed_ap_fixed_dense3_config_s      |       32|   1129|  213153|   548144|    0|
    |grp_jedi_multiply_ap_fixed_ap_fixed_mult_1_struct_s_fu_132  |jedi_multiply_ap_fixed_ap_fixed_mult_1_struct_s  |        0|     61|    1621|     3911|    0|
    |grp_jedi_multiply_ap_fixed_ap_fixed_mult_2_struct_s_fu_142  |jedi_multiply_ap_fixed_ap_fixed_mult_2_struct_s  |        0|     61|    1621|     3911|    0|
    |grp_jedi_multiply_ap_fixed_ap_fixed_mult_3_struct_s_fu_117  |jedi_multiply_ap_fixed_ap_fixed_mult_3_struct_s  |        0|   1740|   44663|   110551|    0|
    +------------------------------------------------------------+-------------------------------------------------+---------+-------+--------+---------+-----+
    |Total                                                       |                                                 |      106|   7905| 1172634|  3058042|    0|
    +------------------------------------------------------------+-------------------------------------------------+---------+-------+--------+---------+-----+

    * DSP48E: 
    N/A

    * Memory: 
    +-----------+--------------+---------+---+----+-----+-------+-----+------+-------------+
    |   Memory  |    Module    | BRAM_18K| FF| LUT| URAM| Words | Bits| Banks| W*Bits*Banks|
    +-----------+--------------+---------+---+----+-----+-------+-----+------+-------------+
    |B_V_U      |jedi_B_V      |       41|  0|   0|    0|  27840|   25|     1|       696000|
    |B_top_V_U  |jedi_B_top_V  |       21|  0|   0|    0|  13920|   25|     1|       348000|
    |B_bot_V_U  |jedi_B_top_V  |       21|  0|   0|    0|  13920|   25|     1|       348000|
    |C_V_U      |jedi_C_V      |        2|  0|   0|    0|    720|   25|     1|        18000|
    |E_V_U      |jedi_E_V      |       11|  0|   0|    0|   6960|   25|     1|       174000|
    |E_bar_V_U  |jedi_E_bar_V  |        2|  0|   0|    0|    240|   25|     1|         6000|
    |O_V_U      |jedi_O_V      |        2|  0|   0|    0|    180|   25|     1|         4500|
    +-----------+--------------+---------+---+----+-----+-------+-----+------+-------------+
    |Total      |              |      100|  0|   0|    0|  63780|  175|     7|      1594500|
    +-----------+--------------+---------+---+----+-----+-------+-----+------+-------------+

    * FIFO: 
    N/A

    * Expression: 
    N/A

    * Multiplexer: 
    +------------------+----+-----------+-----+-----------+
    |       Name       | LUT| Input Size| Bits| Total Bits|
    +------------------+----+-----------+-----+-----------+
    |B_V_address0      |  15|          3|   15|         45|
    |B_V_address1      |  15|          3|   15|         45|
    |B_V_ce0           |  15|          3|    1|          3|
    |B_V_ce1           |  15|          3|    1|          3|
    |B_V_we0           |   9|          2|    1|          2|
    |B_V_we1           |   9|          2|    1|          2|
    |B_bot_V_address0  |  15|          3|   14|         42|
    |B_bot_V_ce0       |  15|          3|    1|          3|
    |B_bot_V_ce1       |   9|          2|    1|          2|
    |B_bot_V_we0       |   9|          2|    1|          2|
    |B_top_V_address0  |  15|          3|   14|         42|
    |B_top_V_ce0       |  15|          3|    1|          3|
    |B_top_V_ce1       |   9|          2|    1|          2|
    |B_top_V_we0       |   9|          2|    1|          2|
    |C_V_address0      |  15|          3|   10|         30|
    |C_V_ce0           |  15|          3|    1|          3|
    |C_V_ce1           |   9|          2|    1|          2|
    |C_V_we0           |   9|          2|    1|          2|
    |C_V_we1           |   9|          2|    1|          2|
    |E_V_address0      |  15|          3|   13|         39|
    |E_V_address1      |  15|          3|   13|         39|
    |E_V_ce0           |  15|          3|    1|          3|
    |E_V_ce1           |  15|          3|    1|          3|
    |E_V_we0           |   9|          2|    1|          2|
    |E_V_we1           |   9|          2|    1|          2|
    |E_bar_V_address0  |  15|          3|    8|         24|
    |E_bar_V_ce0       |  15|          3|    1|          3|
    |E_bar_V_ce1       |   9|          2|    1|          2|
    |E_bar_V_we0       |   9|          2|    1|          2|
    |I_V_address0      |  21|          4|   10|         40|
    |I_V_address1      |  21|          4|   10|         40|
    |I_V_ce0           |  21|          4|    1|          4|
    |I_V_ce1           |  21|          4|    1|          4|
    |O_V_address0      |  15|          3|    8|         24|
    |O_V_ce0           |  15|          3|    1|          3|
    |O_V_ce1           |   9|          2|    1|          2|
    |O_V_we0           |   9|          2|    1|          2|
    |O_V_we1           |   9|          2|    1|          2|
    |ap_NS_fsm         |  85|         17|    1|         17|
    +------------------+----+-----------+-----+-----------+
    |Total             | 583|        119|  158|        494|
    +------------------+----+-----------+-----+-----------+

    * Register: 
    +-------------------------------------------------------------------------+----+----+-----+-----------+
    |                                   Name                                  | FF | LUT| Bits| Const Bits|
    +-------------------------------------------------------------------------+----+----+-----+-----------+
    |ap_CS_fsm                                                                |  16|   0|   16|          0|
    |grp_jedi_concat_ap_fixed_ap_fixed_concat_1_struct_s_fu_125_ap_start_reg  |   1|   0|    1|          0|
    |grp_jedi_concat_ap_fixed_ap_fixed_concat_2_struct_s_fu_151_ap_start_reg  |   1|   0|    1|          0|
    |grp_jedi_dnn1_ap_fixed_ap_fixed_dense1_config_s_fu_80_ap_start_reg       |   1|   0|    1|          0|
    |grp_jedi_dnn2_ap_fixed_ap_fixed_dense2_config_s_fu_92_ap_start_reg       |   1|   0|    1|          0|
    |grp_jedi_dnn3_ap_fixed_ap_fixed_dense3_config_s_fu_104_ap_start_reg      |   1|   0|    1|          0|
    |grp_jedi_multiply_ap_fixed_ap_fixed_mult_1_struct_s_fu_132_ap_start_reg  |   1|   0|    1|          0|
    |grp_jedi_multiply_ap_fixed_ap_fixed_mult_2_struct_s_fu_142_ap_start_reg  |   1|   0|    1|          0|
    |grp_jedi_multiply_ap_fixed_ap_fixed_mult_3_struct_s_fu_117_ap_start_reg  |   1|   0|    1|          0|
    +-------------------------------------------------------------------------+----+----+-----+-----------+
    |Total                                                                    |  24|   0|   24|          0|
    +-------------------------------------------------------------------------+----+----+-----+-----------+



================================================================
== Interface
================================================================
* Summary: 
+-------------------+-----+-----+------------+--------------+--------------+
|     RTL Ports     | Dir | Bits|  Protocol  | Source Object|    C Type    |
+-------------------+-----+-----+------------+--------------+--------------+
|ap_clk             |  in |    1| ap_ctrl_hs |     jedi     | return value |
|ap_rst             |  in |    1| ap_ctrl_hs |     jedi     | return value |
|ap_start           |  in |    1| ap_ctrl_hs |     jedi     | return value |
|ap_done            | out |    1| ap_ctrl_hs |     jedi     | return value |
|ap_idle            | out |    1| ap_ctrl_hs |     jedi     | return value |
|ap_ready           | out |    1| ap_ctrl_hs |     jedi     | return value |
|I_V_address0       | out |   10|  ap_memory |      I_V     |     array    |
|I_V_ce0            | out |    1|  ap_memory |      I_V     |     array    |
|I_V_q0             |  in |   25|  ap_memory |      I_V     |     array    |
|I_V_address1       | out |   10|  ap_memory |      I_V     |     array    |
|I_V_ce1            | out |    1|  ap_memory |      I_V     |     array    |
|I_V_q1             |  in |   25|  ap_memory |      I_V     |     array    |
|Rr_V_address0      | out |   15|  ap_memory |     Rr_V     |     array    |
|Rr_V_ce0           | out |    1|  ap_memory |     Rr_V     |     array    |
|Rr_V_q0            |  in |   25|  ap_memory |     Rr_V     |     array    |
|Rr_V_address1      | out |   15|  ap_memory |     Rr_V     |     array    |
|Rr_V_ce1           | out |    1|  ap_memory |     Rr_V     |     array    |
|Rr_V_q1            |  in |   25|  ap_memory |     Rr_V     |     array    |
|Rr_T_V_address0    | out |   15|  ap_memory |    Rr_T_V    |     array    |
|Rr_T_V_ce0         | out |    1|  ap_memory |    Rr_T_V    |     array    |
|Rr_T_V_q0          |  in |   25|  ap_memory |    Rr_T_V    |     array    |
|Rr_T_V_address1    | out |   15|  ap_memory |    Rr_T_V    |     array    |
|Rr_T_V_ce1         | out |    1|  ap_memory |    Rr_T_V    |     array    |
|Rr_T_V_q1          |  in |   25|  ap_memory |    Rr_T_V    |     array    |
|Rs_V_address0      | out |   15|  ap_memory |     Rs_V     |     array    |
|Rs_V_ce0           | out |    1|  ap_memory |     Rs_V     |     array    |
|Rs_V_q0            |  in |   25|  ap_memory |     Rs_V     |     array    |
|Rs_V_address1      | out |   15|  ap_memory |     Rs_V     |     array    |
|Rs_V_ce1           | out |    1|  ap_memory |     Rs_V     |     array    |
|Rs_V_q1            |  in |   25|  ap_memory |     Rs_V     |     array    |
|result_V_address0  | out |    3|  ap_memory |   result_V   |     array    |
|result_V_ce0       | out |    1|  ap_memory |   result_V   |     array    |
|result_V_we0       | out |    1|  ap_memory |   result_V   |     array    |
|result_V_d0        | out |   25|  ap_memory |   result_V   |     array    |
|result_V_address1  | out |    3|  ap_memory |   result_V   |     array    |
|result_V_ce1       | out |    1|  ap_memory |   result_V   |     array    |
|result_V_we1       | out |    1|  ap_memory |   result_V   |     array    |
|result_V_d1        | out |   25|  ap_memory |   result_V   |     array    |
+-------------------+-----+-----+------------+--------------+--------------+

